node106.cluster
 Read checkpoint file gaussian_137_water_hf_adz2.chk type G16
 Write formatted file gaussian_137_water_hf_adz2.fchk
 FChkPn:  Coordinates translated and rotated.
 FChkPn:  Coordinates match /B/ after translation and rotation.
 Will use up to     0 threads.
 Top CubeGen          Mon Feb 20 10:16:48 2023
 Aft UFChkP           Mon Feb 20 10:16:48 2023        0.12 cpu,        0.13 elapsed
 Aft DecCub           Mon Feb 20 10:16:48 2023        0.01 cpu,        0.01 elapsed
 Aft Density          Mon Feb 20 10:16:48 2023        0.00 cpu,        0.00 elapsed
 Bef DoCube           Mon Feb 20 10:16:48 2023        0.00 cpu,        0.00 elapsed
 There are a total of       29791 grid points.
 ElSum from          density=        8.1561092575
 Aft DoCube           Mon Feb 20 10:16:48 2023        0.07 cpu,        0.07 elapsed
 Will use up to     0 threads.
 Top CubeGen          Mon Feb 20 10:16:48 2023
 Aft UFChkP           Mon Feb 20 10:16:48 2023        0.12 cpu,        0.13 elapsed
 Aft DecCub           Mon Feb 20 10:16:48 2023        0.00 cpu,        0.00 elapsed
 Aft Density          Mon Feb 20 10:16:48 2023        0.00 cpu,        0.00 elapsed
 Bef DoCube           Mon Feb 20 10:16:48 2023        0.01 cpu,        0.00 elapsed
 There are a total of       29791 grid points.
 ElSum from          density=       13.6093231846
 Aft DoCube           Mon Feb 20 10:16:48 2023        0.42 cpu,        0.43 elapsed
