node68.cluster
 Read checkpoint file gaussian_58_water_pbe0_dz.chk type G16
 Write formatted file gaussian_58_water_pbe0_dz.fchk
 FChkPn:  Coordinates translated and rotated.
 FChkPn:  Coordinates match /B/ after translation and rotation.
 Will use up to     0 threads.
 Top CubeGen          Mon Mar 20 17:33:58 2023
 Aft UFChkP           Mon Mar 20 17:33:58 2023        0.15 cpu,        0.15 elapsed
 Aft DecCub           Mon Mar 20 17:33:58 2023        0.01 cpu,        0.01 elapsed
 Aft Density          Mon Mar 20 17:33:58 2023        0.00 cpu,        0.00 elapsed
 Bef DoCube           Mon Mar 20 17:33:58 2023        0.00 cpu,        0.00 elapsed
 There are a total of       29791 grid points.
 ElSum from          density=        8.1578961852
 Aft DoCube           Mon Mar 20 17:33:58 2023        0.07 cpu,        0.08 elapsed
 Will use up to     0 threads.
 Top CubeGen          Mon Mar 20 17:33:58 2023
 Aft UFChkP           Mon Mar 20 17:33:58 2023        0.14 cpu,        0.14 elapsed
 Aft DecCub           Mon Mar 20 17:33:58 2023        0.00 cpu,        0.00 elapsed
 Aft Density          Mon Mar 20 17:33:58 2023        0.00 cpu,        0.00 elapsed
 Bef DoCube           Mon Mar 20 17:33:58 2023        0.00 cpu,        0.00 elapsed
 There are a total of       29791 grid points.
 ElSum from          density=       13.6052651026
 Aft DoCube           Mon Mar 20 17:33:59 2023        0.46 cpu,        0.46 elapsed
