node102.cluster
Error: segmentation violation
   rax 0000000000000000, rbx ffffffffffffffff, rcx ffffffffffffffff
   rdx 000000000002e030, rsp 00007ffefbdc2e68, rbp 00007ffefbdc33e0
   rsi 000000000000000b, rdi 000000000002e030, r8  0000000000000020
   r9  0000000000000401, r10 00007ffefbdc28e0, r11 0000000000000202
   r12 00007ffefbdc3428, r13 0000000000000000, r14 0000000000000000
   r15 00000000000003e6
  /lib64/libpthread.so.0(+0xf6d0) [0x2b210bb6e6d0]
  /lib64/libc.so.6(kill+0x7) [0x2b210c0b3547]
  /opt/cluster/programs/g16-c.01/g16/l1.exe() [0x4b8975]
  /opt/cluster/programs/g16-c.01/g16/l1.exe() [0x4f867a]
  /opt/cluster/programs/g16-c.01/g16/l1.exe() [0x4d56ab]
  /opt/cluster/programs/g16-c.01/g16/l1.exe() [0x41d5c6]
  /opt/cluster/programs/g16-c.01/g16/l1.exe() [0x410c4c]
  /opt/cluster/programs/g16-c.01/g16/l1.exe() [0x40d185]
  /opt/cluster/programs/g16-c.01/g16/l1.exe() [0x40cbd7]
  /opt/cluster/programs/g16-c.01/g16/l1.exe() [0x40cb24]
  /lib64/libc.so.6(__libc_start_main+0xf5) [0x2b210c09f445]
  /opt/cluster/programs/g16-c.01/g16/l1.exe() [0x407269]
 Read checkpoint file gaussian_151_water_hf_adz.chk type Unk
 Write formatted file gaussian_151_water_hf_adz.fchk
 Will use up to     0 threads.
 Top CubeGen          Mon Feb 20 10:08:00 2023
 Aft UFChkP           Mon Feb 20 10:08:00 2023        0.06 cpu,        0.07 elapsed
 Could not find " ","Total SCF Density" on formatted checkpoint file.
 Error termination via Lnk1e at Mon Feb 20 10:08:00 2023.
Error: segmentation violation
   rax 0000000000000000, rbx 00000000058b0be0, rcx ffffffffffffffff
   rdx 000000000002e042, rsp 00007fff9120a358, rbp 00007fff9120a3b0
   rsi 000000000000000b, rdi 000000000002e042, r8  00002b7413194ac0
   r9  00002b7413194ac0, r10 00007fff91209de0, r11 0000000000000202
   r12 00000000058aeb0b, r13 000000000697d288, r14 00000000058aeec0
   r15 00007fff9120c5f0
  /lib64/libpthread.so.0(+0xf6d0) [0x2b741368e6d0]
  /lib64/libc.so.6(kill+0x7) [0x2b7413bd3547]
  /opt/cluster/programs/g16-c.01/g16/cubegen() [0x40fe24]
  /lib64/libc.so.6(__libc_start_main+0xf5) [0x2b7413bbf445]
/var/spool/slurm//job7311669/slurm_script: line 57: 188482 Aborted                 $g16root/g16/cubegen 0 Density $FCKFILE $DNSFILE -2 h
 Will use up to     0 threads.
 Top CubeGen          Mon Feb 20 10:08:00 2023
 Aft UFChkP           Mon Feb 20 10:08:00 2023        0.07 cpu,        0.07 elapsed
 Could not find " ","Total SCF Density" on formatted checkpoint file.
 Error termination via Lnk1e at Mon Feb 20 10:08:00 2023.
Error: segmentation violation
   rax 0000000000000000, rbx 00000000058b0be0, rcx ffffffffffffffff
   rdx 000000000002e04e, rsp 00007ffda5b199b8, rbp 00007ffda5b19a10
   rsi 000000000000000b, rdi 000000000002e04e, r8  00002b72aeca6ac0
   r9  00002b72aeca6ac0, r10 00007ffda5b19420, r11 0000000000000206
   r12 00000000058aeb0b, r13 000000000697d288, r14 00000000058aeec0
   r15 00007ffda5b1bc50
  /lib64/libpthread.so.0(+0xf6d0) [0x2b72af1a06d0]
  /lib64/libc.so.6(kill+0x7) [0x2b72af6e5547]
  /opt/cluster/programs/g16-c.01/g16/cubegen() [0x40fe24]
  /lib64/libc.so.6(__libc_start_main+0xf5) [0x2b72af6d1445]
/var/spool/slurm//job7311669/slurm_script: line 60: 188494 Aborted                 $g16root/g16/cubegen 0 Potential $FCKFILE $ESPFILE -2 h
cp: cannot stat ‘gaussian_151_water_hf_adz_dens.cube’: No such file or directory
cp: cannot stat ‘gaussian_151_water_hf_adz_esp.cube’: No such file or directory
