node58.cluster
 Read checkpoint file gaussian_23_water_ccsdt_atz.chk type G16
 Write formatted file gaussian_23_water_ccsdt_atz.fchk
 FChkPn:  Coordinates translated and rotated.
 FChkPn:  Coordinates match /B/ after translation and rotation.
 Will use up to     0 threads.
 Top CubeGen          Wed Feb  8 13:49:08 2023
 Aft UFChkP           Wed Feb  8 13:49:09 2023        0.17 cpu,        0.18 elapsed
 Aft DecCub           Wed Feb  8 13:49:09 2023        0.02 cpu,        0.02 elapsed
 Aft Density          Wed Feb  8 13:49:09 2023        0.00 cpu,        0.00 elapsed
 Bef DoCube           Wed Feb  8 13:49:09 2023        0.01 cpu,        0.00 elapsed
 There are a total of       29791 grid points.
 ElSum from          density=        8.1609599631
 Aft DoCube           Wed Feb  8 13:49:09 2023        0.12 cpu,        0.13 elapsed
 Will use up to     0 threads.
 Top CubeGen          Wed Feb  8 13:49:09 2023
 Aft UFChkP           Wed Feb  8 13:49:09 2023        0.21 cpu,        0.21 elapsed
 Aft DecCub           Wed Feb  8 13:49:09 2023        0.01 cpu,        0.01 elapsed
 Aft Density          Wed Feb  8 13:49:09 2023        0.00 cpu,        0.00 elapsed
 Bef DoCube           Wed Feb  8 13:49:09 2023        0.00 cpu,        0.00 elapsed
 There are a total of       29791 grid points.
 ElSum from          density=       13.6130218872
 Aft DoCube           Wed Feb  8 13:49:10 2023        1.22 cpu,        1.23 elapsed
