node105.cluster
Error: segmentation violation
   rax 0000000000000000, rbx ffffffffffffffff, rcx ffffffffffffffff
   rdx 000000000002b687, rsp 00007ffee8ed7f28, rbp 00007ffee8ed84a0
   rsi 000000000000000b, rdi 000000000002b687, r8  0000000000000020
   r9  0000000000000401, r10 00007ffee8ed79a0, r11 0000000000000206
   r12 00007ffee8ed84e8, r13 0000000000000000, r14 0000000000000000
   r15 00000000000003e6
  /lib64/libpthread.so.0(+0xf6d0) [0x2b8ef2dc56d0]
  /lib64/libc.so.6(kill+0x7) [0x2b8ef330a547]
  /opt/cluster/programs/g16-c.01/g16/l1.exe() [0x4b8975]
  /opt/cluster/programs/g16-c.01/g16/l1.exe() [0x4f867a]
  /opt/cluster/programs/g16-c.01/g16/l1.exe() [0x4d56ab]
  /opt/cluster/programs/g16-c.01/g16/l1.exe() [0x41d5c6]
  /opt/cluster/programs/g16-c.01/g16/l1.exe() [0x410c4c]
  /opt/cluster/programs/g16-c.01/g16/l1.exe() [0x40d185]
  /opt/cluster/programs/g16-c.01/g16/l1.exe() [0x40cbd7]
  /opt/cluster/programs/g16-c.01/g16/l1.exe() [0x40cb24]
  /lib64/libc.so.6(__libc_start_main+0xf5) [0x2b8ef32f6445]
  /opt/cluster/programs/g16-c.01/g16/l1.exe() [0x407269]
 Read checkpoint file gaussian_74_water_hf_adz2.chk type Unk
 Write formatted file gaussian_74_water_hf_adz2.fchk
 Will use up to     0 threads.
 Top CubeGen          Mon Feb 20 10:10:06 2023
 Aft UFChkP           Mon Feb 20 10:10:06 2023        0.07 cpu,        0.08 elapsed
 Could not find " ","Total SCF Density" on formatted checkpoint file.
 Error termination via Lnk1e at Mon Feb 20 10:10:06 2023.
Error: segmentation violation
   rax 0000000000000000, rbx 00000000058b0be0, rcx ffffffffffffffff
   rdx 000000000002b6cd, rsp 00007ffd3bf8eae8, rbp 00007ffd3bf8eb40
   rsi 000000000000000b, rdi 000000000002b6cd, r8  00002b96e48d9ac0
   r9  00002b96e48d9ac0, r10 00007ffd3bf8e560, r11 0000000000000206
   r12 00000000058aeb0b, r13 000000000697d288, r14 00000000058aeec0
   r15 00007ffd3bf90d80
  /lib64/libpthread.so.0(+0xf6d0) [0x2b96e4dd36d0]
  /lib64/libc.so.6(kill+0x7) [0x2b96e5318547]
  /opt/cluster/programs/g16-c.01/g16/cubegen() [0x40fe24]
  /lib64/libc.so.6(__libc_start_main+0xf5) [0x2b96e5304445]
/var/spool/slurm//job7311772/slurm_script: line 57: 177869 Aborted                 $g16root/g16/cubegen 0 Density $FCKFILE $DNSFILE -2 h
 Will use up to     0 threads.
 Top CubeGen          Mon Feb 20 10:10:07 2023
 Aft UFChkP           Mon Feb 20 10:10:07 2023        0.07 cpu,        0.08 elapsed
 Could not find " ","Total SCF Density" on formatted checkpoint file.
 Error termination via Lnk1e at Mon Feb 20 10:10:07 2023.
Error: segmentation violation
   rax 0000000000000000, rbx 00000000058b0be0, rcx ffffffffffffffff
   rdx 000000000002b6fd, rsp 00007ffda2fb2d38, rbp 00007ffda2fb2d90
   rsi 000000000000000b, rdi 000000000002b6fd, r8  00002af27c025ac0
   r9  00002af27c025ac0, r10 00007ffda2fb27a0, r11 0000000000000202
   r12 00000000058aeb0b, r13 000000000697d288, r14 00000000058aeec0
   r15 00007ffda2fb4fd0
  /lib64/libpthread.so.0(+0xf6d0) [0x2af27c51f6d0]
  /lib64/libc.so.6(kill+0x7) [0x2af27ca64547]
  /opt/cluster/programs/g16-c.01/g16/cubegen() [0x40fe24]
  /lib64/libc.so.6(__libc_start_main+0xf5) [0x2af27ca50445]
/var/spool/slurm//job7311772/slurm_script: line 60: 177917 Aborted                 $g16root/g16/cubegen 0 Potential $FCKFILE $ESPFILE -2 h
cp: cannot stat ‘gaussian_74_water_hf_adz2_dens.cube’: No such file or directory
cp: cannot stat ‘gaussian_74_water_hf_adz2_esp.cube’: No such file or directory
