node106.cluster
Error: segmentation violation
   rax 0000000000000000, rbx ffffffffffffffff, rcx ffffffffffffffff
   rdx 0000000000025bb3, rsp 00007ffdb2a3d6c8, rbp 00007ffdb2a3dc40
   rsi 000000000000000b, rdi 0000000000025bb3, r8  0000000000000020
   r9  0000000000000401, r10 00007ffdb2a3d120, r11 0000000000000202
   r12 00007ffdb2a3dc88, r13 0000000000000000, r14 0000000000000000
   r15 00000000000003e6
  /lib64/libpthread.so.0(+0xf6d0) [0x2b971353c6d0]
  /lib64/libc.so.6(kill+0x7) [0x2b9713a81547]
  /opt/cluster/programs/g16-c.01/g16/l1.exe() [0x4b8975]
  /opt/cluster/programs/g16-c.01/g16/l1.exe() [0x4f867a]
  /opt/cluster/programs/g16-c.01/g16/l1.exe() [0x4d56ab]
  /opt/cluster/programs/g16-c.01/g16/l1.exe() [0x41d5c6]
  /opt/cluster/programs/g16-c.01/g16/l1.exe() [0x410c4c]
  /opt/cluster/programs/g16-c.01/g16/l1.exe() [0x40d185]
  /opt/cluster/programs/g16-c.01/g16/l1.exe() [0x40cbd7]
  /opt/cluster/programs/g16-c.01/g16/l1.exe() [0x40cb24]
  /lib64/libc.so.6(__libc_start_main+0xf5) [0x2b9713a6d445]
  /opt/cluster/programs/g16-c.01/g16/l1.exe() [0x407269]
 Read checkpoint file gaussian_8_water_hf_adz2.chk type Unk
 Write formatted file gaussian_8_water_hf_adz2.fchk
 Will use up to     0 threads.
 Top CubeGen          Mon Feb 20 10:08:55 2023
 Aft UFChkP           Mon Feb 20 10:08:55 2023        0.07 cpu,        0.07 elapsed
 Could not find " ","Total SCF Density" on formatted checkpoint file.
 Error termination via Lnk1e at Mon Feb 20 10:08:55 2023.
Error: segmentation violation
   rax 0000000000000000, rbx 00000000058b0be0, rcx ffffffffffffffff
   rdx 0000000000025bfd, rsp 00007ffeab9e4428, rbp 00007ffeab9e4480
   rsi 000000000000000b, rdi 0000000000025bfd, r8  00002ad9332d6ac0
   r9  00002ad9332d6ac0, r10 00007ffeab9e3ea0, r11 0000000000000206
   r12 00000000058aeb0b, r13 000000000697d288, r14 00000000058aeec0
   r15 00007ffeab9e66c0
  /lib64/libpthread.so.0(+0xf6d0) [0x2ad9337d06d0]
  /lib64/libc.so.6(kill+0x7) [0x2ad933d15547]
  /opt/cluster/programs/g16-c.01/g16/cubegen() [0x40fe24]
  /lib64/libc.so.6(__libc_start_main+0xf5) [0x2ad933d01445]
/var/spool/slurm//job7311706/slurm_script: line 57: 154621 Aborted                 $g16root/g16/cubegen 0 Density $FCKFILE $DNSFILE -2 h
 Will use up to     0 threads.
 Top CubeGen          Mon Feb 20 10:08:55 2023
 Aft UFChkP           Mon Feb 20 10:08:55 2023        0.07 cpu,        0.07 elapsed
 Could not find " ","Total SCF Density" on formatted checkpoint file.
 Error termination via Lnk1e at Mon Feb 20 10:08:55 2023.
Error: segmentation violation
   rax 0000000000000000, rbx 00000000058b0be0, rcx ffffffffffffffff
   rdx 0000000000025c2d, rsp 00007ffc33a27c68, rbp 00007ffc33a27cc0
   rsi 000000000000000b, rdi 0000000000025c2d, r8  00002ac5ab319ac0
   r9  00002ac5ab319ac0, r10 00007ffc33a276e0, r11 0000000000000202
   r12 00000000058aeb0b, r13 000000000697d288, r14 00000000058aeec0
   r15 00007ffc33a29f00
  /lib64/libpthread.so.0(+0xf6d0) [0x2ac5ab8136d0]
  /lib64/libc.so.6(kill+0x7) [0x2ac5abd58547]
  /opt/cluster/programs/g16-c.01/g16/cubegen() [0x40fe24]
  /lib64/libc.so.6(__libc_start_main+0xf5) [0x2ac5abd44445]
/var/spool/slurm//job7311706/slurm_script: line 60: 154669 Aborted                 $g16root/g16/cubegen 0 Potential $FCKFILE $ESPFILE -2 h
cp: cannot stat ‘gaussian_8_water_hf_adz2_dens.cube’: No such file or directory
cp: cannot stat ‘gaussian_8_water_hf_adz2_esp.cube’: No such file or directory
