node101.cluster
Error: segmentation violation
   rax 0000000000000000, rbx ffffffffffffffff, rcx ffffffffffffffff
   rdx 000000000002e689, rsp 00007ffe223762f8, rbp 00007ffe22376870
   rsi 000000000000000b, rdi 000000000002e689, r8  0000000000000020
   r9  0000000000000401, r10 00007ffe22375d60, r11 0000000000000202
   r12 00007ffe223768b8, r13 0000000000000000, r14 0000000000000000
   r15 00000000000003e6
  /lib64/libpthread.so.0(+0xf6d0) [0x2ad12bdec6d0]
  /lib64/libc.so.6(kill+0x7) [0x2ad12c331547]
  /opt/cluster/programs/g16-c.01/g16/l1.exe() [0x4b8975]
  /opt/cluster/programs/g16-c.01/g16/l1.exe() [0x4f867a]
  /opt/cluster/programs/g16-c.01/g16/l1.exe() [0x4d56ab]
  /opt/cluster/programs/g16-c.01/g16/l1.exe() [0x41d5c6]
  /opt/cluster/programs/g16-c.01/g16/l1.exe() [0x410c4c]
  /opt/cluster/programs/g16-c.01/g16/l1.exe() [0x40d185]
  /opt/cluster/programs/g16-c.01/g16/l1.exe() [0x40cbd7]
  /opt/cluster/programs/g16-c.01/g16/l1.exe() [0x40cb24]
  /lib64/libc.so.6(__libc_start_main+0xf5) [0x2ad12c31d445]
  /opt/cluster/programs/g16-c.01/g16/l1.exe() [0x407269]
 Read checkpoint file gaussian_61_water_hf_adz2.chk type Unk
 Write formatted file gaussian_61_water_hf_adz2.fchk
 Will use up to     0 threads.
 Top CubeGen          Mon Feb 20 10:09:56 2023
 Aft UFChkP           Mon Feb 20 10:09:56 2023        0.06 cpu,        0.07 elapsed
 Could not find " ","Total SCF Density" on formatted checkpoint file.
 Error termination via Lnk1e at Mon Feb 20 10:09:56 2023.
Error: segmentation violation
   rax 0000000000000000, rbx 00000000058b0be0, rcx ffffffffffffffff
   rdx 000000000002e69b, rsp 00007ffc7e0ef2b8, rbp 00007ffc7e0ef310
   rsi 000000000000000b, rdi 000000000002e69b, r8  00002ae99b779ac0
   r9  00002ae99b779ac0, r10 00007ffc7e0eed20, r11 0000000000000206
   r12 00000000058aeb0b, r13 000000000697d288, r14 00000000058aeec0
   r15 00007ffc7e0f1550
  /lib64/libpthread.so.0(+0xf6d0) [0x2ae99bc736d0]
  /lib64/libc.so.6(kill+0x7) [0x2ae99c1b8547]
  /opt/cluster/programs/g16-c.01/g16/cubegen() [0x40fe24]
  /lib64/libc.so.6(__libc_start_main+0xf5) [0x2ae99c1a4445]
/var/spool/slurm//job7311759/slurm_script: line 57: 190107 Aborted                 $g16root/g16/cubegen 0 Density $FCKFILE $DNSFILE -2 h
 Will use up to     0 threads.
 Top CubeGen          Mon Feb 20 10:09:56 2023
 Aft UFChkP           Mon Feb 20 10:09:56 2023        0.06 cpu,        0.07 elapsed
 Could not find " ","Total SCF Density" on formatted checkpoint file.
 Error termination via Lnk1e at Mon Feb 20 10:09:56 2023.
Error: segmentation violation
   rax 0000000000000000, rbx 00000000058b0be0, rcx ffffffffffffffff
   rdx 000000000002e6a7, rsp 00007ffcbcf4b588, rbp 00007ffcbcf4b5e0
   rsi 000000000000000b, rdi 000000000002e6a7, r8  00002ad23e369ac0
   r9  00002ad23e369ac0, r10 00007ffcbcf4afe0, r11 0000000000000206
   r12 00000000058aeb0b, r13 000000000697d288, r14 00000000058aeec0
   r15 00007ffcbcf4d820
  /lib64/libpthread.so.0(+0xf6d0) [0x2ad23e8636d0]
  /lib64/libc.so.6(kill+0x7) [0x2ad23eda8547]
  /opt/cluster/programs/g16-c.01/g16/cubegen() [0x40fe24]
  /lib64/libc.so.6(__libc_start_main+0xf5) [0x2ad23ed94445]
/var/spool/slurm//job7311759/slurm_script: line 60: 190119 Aborted                 $g16root/g16/cubegen 0 Potential $FCKFILE $ESPFILE -2 h
cp: cannot stat ‘gaussian_61_water_hf_adz2_dens.cube’: No such file or directory
cp: cannot stat ‘gaussian_61_water_hf_adz2_esp.cube’: No such file or directory
