node106.cluster
Error: segmentation violation
   rax 0000000000000000, rbx ffffffffffffffff, rcx ffffffffffffffff
   rdx 0000000000025fb3, rsp 00007ffc7c923c58, rbp 00007ffc7c9241d0
   rsi 000000000000000b, rdi 0000000000025fb3, r8  0000000000000020
   r9  0000000000000401, r10 00007ffc7c9236e0, r11 0000000000000202
   r12 00007ffc7c924218, r13 0000000000000000, r14 0000000000000000
   r15 00000000000003e6
  /lib64/libpthread.so.0(+0xf6d0) [0x2b0ebdc836d0]
  /lib64/libc.so.6(kill+0x7) [0x2b0ebe1c8547]
  /opt/cluster/programs/g16-c.01/g16/l1.exe() [0x4b8975]
  /opt/cluster/programs/g16-c.01/g16/l1.exe() [0x4f867a]
  /opt/cluster/programs/g16-c.01/g16/l1.exe() [0x4d56ab]
  /opt/cluster/programs/g16-c.01/g16/l1.exe() [0x41d5c6]
  /opt/cluster/programs/g16-c.01/g16/l1.exe() [0x410c4c]
  /opt/cluster/programs/g16-c.01/g16/l1.exe() [0x40d185]
  /opt/cluster/programs/g16-c.01/g16/l1.exe() [0x40cbd7]
  /opt/cluster/programs/g16-c.01/g16/l1.exe() [0x40cb24]
  /lib64/libc.so.6(__libc_start_main+0xf5) [0x2b0ebe1b4445]
  /opt/cluster/programs/g16-c.01/g16/l1.exe() [0x407269]
 Read checkpoint file gaussian_49_water_hf_adz2.chk type Unk
 Write formatted file gaussian_49_water_hf_adz2.fchk
 Will use up to     0 threads.
 Top CubeGen          Mon Feb 20 10:09:38 2023
 Aft UFChkP           Mon Feb 20 10:09:38 2023        0.07 cpu,        0.07 elapsed
 Could not find " ","Total SCF Density" on formatted checkpoint file.
 Error termination via Lnk1e at Mon Feb 20 10:09:38 2023.
Error: segmentation violation
   rax 0000000000000000, rbx 00000000058b0be0, rcx ffffffffffffffff
   rdx 0000000000025ff1, rsp 00007ffd1aa7df68, rbp 00007ffd1aa7dfc0
   rsi 000000000000000b, rdi 0000000000025ff1, r8  00002b4c0f533ac0
   r9  00002b4c0f533ac0, r10 00007ffd1aa7d9e0, r11 0000000000000202
   r12 00000000058aeb0b, r13 000000000697d288, r14 00000000058aeec0
   r15 00007ffd1aa80200
  /lib64/libpthread.so.0(+0xf6d0) [0x2b4c0fa2d6d0]
  /lib64/libc.so.6(kill+0x7) [0x2b4c0ff72547]
  /opt/cluster/programs/g16-c.01/g16/cubegen() [0x40fe24]
  /lib64/libc.so.6(__libc_start_main+0xf5) [0x2b4c0ff5e445]
/var/spool/slurm//job7311747/slurm_script: line 57: 155633 Aborted                 $g16root/g16/cubegen 0 Density $FCKFILE $DNSFILE -2 h
 Will use up to     0 threads.
 Top CubeGen          Mon Feb 20 10:09:38 2023
 Aft UFChkP           Mon Feb 20 10:09:38 2023        0.06 cpu,        0.07 elapsed
 Could not find " ","Total SCF Density" on formatted checkpoint file.
 Error termination via Lnk1e at Mon Feb 20 10:09:38 2023.
Error: segmentation violation
   rax 0000000000000000, rbx 00000000058b0be0, rcx ffffffffffffffff
   rdx 0000000000026021, rsp 00007fff77300858, rbp 00007fff773008b0
   rsi 000000000000000b, rdi 0000000000026021, r8  00002aea3f658ac0
   r9  00002aea3f658ac0, r10 00007fff773002e0, r11 0000000000000202
   r12 00000000058aeb0b, r13 000000000697d288, r14 00000000058aeec0
   r15 00007fff77302af0
  /lib64/libpthread.so.0(+0xf6d0) [0x2aea3fb526d0]
  /lib64/libc.so.6(kill+0x7) [0x2aea40097547]
  /opt/cluster/programs/g16-c.01/g16/cubegen() [0x40fe24]
  /lib64/libc.so.6(__libc_start_main+0xf5) [0x2aea40083445]
/var/spool/slurm//job7311747/slurm_script: line 60: 155681 Aborted                 $g16root/g16/cubegen 0 Potential $FCKFILE $ESPFILE -2 h
cp: cannot stat ‘gaussian_49_water_hf_adz2_dens.cube’: No such file or directory
cp: cannot stat ‘gaussian_49_water_hf_adz2_esp.cube’: No such file or directory
