node58.cluster
 Read checkpoint file gaussian_28_water_pbe0_dz.chk type G16
 Write formatted file gaussian_28_water_pbe0_dz.fchk
 FChkPn:  Coordinates translated and rotated.
 FChkPn:  Coordinates match /B/ after translation and rotation.
 Will use up to     0 threads.
 Top CubeGen          Mon Mar 20 17:33:28 2023
 Aft UFChkP           Mon Mar 20 17:33:28 2023        0.11 cpu,        0.12 elapsed
 Aft DecCub           Mon Mar 20 17:33:28 2023        0.02 cpu,        0.01 elapsed
 Aft Density          Mon Mar 20 17:33:28 2023        0.00 cpu,        0.00 elapsed
 Bef DoCube           Mon Mar 20 17:33:28 2023        0.00 cpu,        0.00 elapsed
 There are a total of       29791 grid points.
 ElSum from          density=        8.1610600122
 Aft DoCube           Mon Mar 20 17:33:28 2023        0.07 cpu,        0.07 elapsed
 Will use up to     0 threads.
 Top CubeGen          Mon Mar 20 17:33:28 2023
 Aft UFChkP           Mon Mar 20 17:33:28 2023        0.18 cpu,        0.18 elapsed
 Aft DecCub           Mon Mar 20 17:33:28 2023        0.01 cpu,        0.00 elapsed
 Aft Density          Mon Mar 20 17:33:28 2023        0.00 cpu,        0.00 elapsed
 Bef DoCube           Mon Mar 20 17:33:28 2023        0.00 cpu,        0.00 elapsed
 There are a total of       29791 grid points.
 ElSum from          density=       13.6082820119
 Aft DoCube           Mon Mar 20 17:33:29 2023        0.55 cpu,        0.55 elapsed
