node102.cluster
Error: segmentation violation
   rax 0000000000000000, rbx ffffffffffffffff, rcx ffffffffffffffff
   rdx 000000000002de75, rsp 00007ffc98361278, rbp 00007ffc983617f0
   rsi 000000000000000b, rdi 000000000002de75, r8  0000000000000020
   r9  0000000000000401, r10 00007ffc98360ce0, r11 0000000000000206
   r12 00007ffc98361838, r13 0000000000000000, r14 0000000000000000
   r15 00000000000003e6
  /lib64/libpthread.so.0(+0xf6d0) [0x2b8932b0c6d0]
  /lib64/libc.so.6(kill+0x7) [0x2b8933051547]
  /opt/cluster/programs/g16-c.01/g16/l1.exe() [0x4b8975]
  /opt/cluster/programs/g16-c.01/g16/l1.exe() [0x4f867a]
  /opt/cluster/programs/g16-c.01/g16/l1.exe() [0x4d56ab]
  /opt/cluster/programs/g16-c.01/g16/l1.exe() [0x41d5c6]
  /opt/cluster/programs/g16-c.01/g16/l1.exe() [0x410c4c]
  /opt/cluster/programs/g16-c.01/g16/l1.exe() [0x40d185]
  /opt/cluster/programs/g16-c.01/g16/l1.exe() [0x40cbd7]
  /opt/cluster/programs/g16-c.01/g16/l1.exe() [0x40cb24]
  /lib64/libc.so.6(__libc_start_main+0xf5) [0x2b893303d445]
  /opt/cluster/programs/g16-c.01/g16/l1.exe() [0x407269]
 Read checkpoint file gaussian_91_water_hf_adz.chk type Unk
 Write formatted file gaussian_91_water_hf_adz.fchk
 Will use up to     0 threads.
 Top CubeGen          Mon Feb 20 10:06:59 2023
 Aft UFChkP           Mon Feb 20 10:06:59 2023        0.07 cpu,        0.07 elapsed
 Could not find " ","Total SCF Density" on formatted checkpoint file.
 Error termination via Lnk1e at Mon Feb 20 10:06:59 2023.
Error: segmentation violation
   rax 0000000000000000, rbx 00000000058b0be0, rcx ffffffffffffffff
   rdx 000000000002de87, rsp 00007ffe9e676968, rbp 00007ffe9e6769c0
   rsi 000000000000000b, rdi 000000000002de87, r8  00002afabd2deac0
   r9  00002afabd2deac0, r10 00007ffe9e6763e0, r11 0000000000000202
   r12 00000000058aeb0b, r13 000000000697d288, r14 00000000058aeec0
   r15 00007ffe9e678c00
  /lib64/libpthread.so.0(+0xf6d0) [0x2afabd7d86d0]
  /lib64/libc.so.6(kill+0x7) [0x2afabdd1d547]
  /opt/cluster/programs/g16-c.01/g16/cubegen() [0x40fe24]
  /lib64/libc.so.6(__libc_start_main+0xf5) [0x2afabdd09445]
/var/spool/slurm//job7311609/slurm_script: line 57: 188039 Aborted                 $g16root/g16/cubegen 0 Density $FCKFILE $DNSFILE -2 h
 Will use up to     0 threads.
 Top CubeGen          Mon Feb 20 10:06:59 2023
 Aft UFChkP           Mon Feb 20 10:06:59 2023        0.07 cpu,        0.07 elapsed
 Could not find " ","Total SCF Density" on formatted checkpoint file.
 Error termination via Lnk1e at Mon Feb 20 10:06:59 2023.
Error: segmentation violation
   rax 0000000000000000, rbx 00000000058b0be0, rcx ffffffffffffffff
   rdx 000000000002de93, rsp 00007ffef2869aa8, rbp 00007ffef2869b00
   rsi 000000000000000b, rdi 000000000002de93, r8  00002b96fb44aac0
   r9  00002b96fb44aac0, r10 00007ffef2869520, r11 0000000000000202
   r12 00000000058aeb0b, r13 000000000697d288, r14 00000000058aeec0
   r15 00007ffef286bd40
  /lib64/libpthread.so.0(+0xf6d0) [0x2b96fb9446d0]
  /lib64/libc.so.6(kill+0x7) [0x2b96fbe89547]
  /opt/cluster/programs/g16-c.01/g16/cubegen() [0x40fe24]
  /lib64/libc.so.6(__libc_start_main+0xf5) [0x2b96fbe75445]
/var/spool/slurm//job7311609/slurm_script: line 60: 188051 Aborted                 $g16root/g16/cubegen 0 Potential $FCKFILE $ESPFILE -2 h
cp: cannot stat ‘gaussian_91_water_hf_adz_dens.cube’: No such file or directory
cp: cannot stat ‘gaussian_91_water_hf_adz_esp.cube’: No such file or directory
