node63.cluster
 Read checkpoint file gaussian_6_water_hf_pdz.chk type G16
 Write formatted file gaussian_6_water_hf_pdz.fchk
 FChkPn:  Coordinates translated and rotated.
 FChkPn:  Coordinates match /B/ after translation and rotation.
 Will use up to     0 threads.
 Top CubeGen          Wed Feb  8 15:04:49 2023
 Aft UFChkP           Wed Feb  8 15:04:50 2023        0.12 cpu,        0.13 elapsed
 Aft DecCub           Wed Feb  8 15:04:50 2023        0.01 cpu,        0.01 elapsed
 Aft Density          Wed Feb  8 15:04:50 2023        0.00 cpu,        0.00 elapsed
 Bef DoCube           Wed Feb  8 15:04:50 2023        0.00 cpu,        0.00 elapsed
 There are a total of       29791 grid points.
 ElSum from          density=        8.1569377872
 Aft DoCube           Wed Feb  8 15:04:50 2023        0.05 cpu,        0.04 elapsed
 Will use up to     0 threads.
 Top CubeGen          Wed Feb  8 15:04:50 2023
 Aft UFChkP           Wed Feb  8 15:04:50 2023        0.12 cpu,        0.12 elapsed
 Aft DecCub           Wed Feb  8 15:04:50 2023        0.00 cpu,        0.00 elapsed
 Aft Density          Wed Feb  8 15:04:50 2023        0.00 cpu,        0.00 elapsed
 Bef DoCube           Wed Feb  8 15:04:50 2023        0.00 cpu,        0.00 elapsed
 There are a total of       29791 grid points.
 ElSum from          density=       13.5952081199
 Aft DoCube           Wed Feb  8 15:04:50 2023        0.20 cpu,        0.20 elapsed
