node89.cluster
 Read checkpoint file gaussian_132_water_pbe0_adz.chk type G16
 Write formatted file gaussian_132_water_pbe0_adz.fchk
 FChkPn:  Coordinates translated and rotated.
 FChkPn:  Coordinates match /B/ after translation and rotation.
 Will use up to     0 threads.
 Top CubeGen          Wed Mar 29 21:53:12 2023
 Aft UFChkP           Wed Mar 29 21:53:13 2023        0.14 cpu,        0.15 elapsed
 Aft DecCub           Wed Mar 29 21:53:13 2023        0.01 cpu,        0.01 elapsed
 Aft Density          Wed Mar 29 21:53:13 2023        0.00 cpu,        0.00 elapsed
 Bef DoCube           Wed Mar 29 21:53:13 2023        0.00 cpu,        0.00 elapsed
 There are a total of       29791 grid points.
 ElSum from          density=        8.1597080687
 Aft DoCube           Wed Mar 29 21:53:13 2023        0.09 cpu,        0.08 elapsed
 Will use up to     0 threads.
 Top CubeGen          Wed Mar 29 21:53:13 2023
 Aft UFChkP           Wed Mar 29 21:53:13 2023        0.14 cpu,        0.15 elapsed
 Aft DecCub           Wed Mar 29 21:53:13 2023        0.00 cpu,        0.00 elapsed
 Aft Density          Wed Mar 29 21:53:13 2023        0.00 cpu,        0.00 elapsed
 Bef DoCube           Wed Mar 29 21:53:13 2023        0.00 cpu,        0.00 elapsed
 There are a total of       29791 grid points.
 ElSum from          density=       13.6069486913
 Aft DoCube           Wed Mar 29 21:53:13 2023        0.48 cpu,        0.47 elapsed
