node106.cluster
Error: segmentation violation
   rax 0000000000000000, rbx ffffffffffffffff, rcx ffffffffffffffff
   rdx 0000000000025ad3, rsp 00007ffd4d0d1728, rbp 00007ffd4d0d1ca0
   rsi 000000000000000b, rdi 0000000000025ad3, r8  0000000000000020
   r9  0000000000000401, r10 00007ffd4d0d11a0, r11 0000000000000206
   r12 00007ffd4d0d1ce8, r13 0000000000000000, r14 0000000000000000
   r15 00000000000003e6
  /lib64/libpthread.so.0(+0xf6d0) [0x2ab042bc96d0]
  /lib64/libc.so.6(kill+0x7) [0x2ab04310e547]
  /opt/cluster/programs/g16-c.01/g16/l1.exe() [0x4b8975]
  /opt/cluster/programs/g16-c.01/g16/l1.exe() [0x4f867a]
  /opt/cluster/programs/g16-c.01/g16/l1.exe() [0x4d56ab]
  /opt/cluster/programs/g16-c.01/g16/l1.exe() [0x41d5c6]
  /opt/cluster/programs/g16-c.01/g16/l1.exe() [0x410c4c]
  /opt/cluster/programs/g16-c.01/g16/l1.exe() [0x40d185]
  /opt/cluster/programs/g16-c.01/g16/l1.exe() [0x40cbd7]
  /opt/cluster/programs/g16-c.01/g16/l1.exe() [0x40cb24]
  /lib64/libc.so.6(__libc_start_main+0xf5) [0x2ab0430fa445]
  /opt/cluster/programs/g16-c.01/g16/l1.exe() [0x407269]
 Read checkpoint file gaussian_178_water_hf_adz.chk type Unk
 Write formatted file gaussian_178_water_hf_adz.fchk
 Will use up to     0 threads.
 Top CubeGen          Mon Feb 20 10:08:20 2023
 Aft UFChkP           Mon Feb 20 10:08:20 2023        0.06 cpu,        0.07 elapsed
 Could not find " ","Total SCF Density" on formatted checkpoint file.
 Error termination via Lnk1e at Mon Feb 20 10:08:20 2023.
Error: segmentation violation
   rax 0000000000000000, rbx 00000000058b0be0, rcx ffffffffffffffff
   rdx 0000000000025b0f, rsp 00007ffe4a5d3198, rbp 00007ffe4a5d31f0
   rsi 000000000000000b, rdi 0000000000025b0f, r8  00002b7b9bb54ac0
   r9  00002b7b9bb54ac0, r10 00007ffe4a5d2c20, r11 0000000000000202
   r12 00000000058aeb0b, r13 000000000697d288, r14 00000000058aeec0
   r15 00007ffe4a5d5430
  /lib64/libpthread.so.0(+0xf6d0) [0x2b7b9c04e6d0]
  /lib64/libc.so.6(kill+0x7) [0x2b7b9c593547]
  /opt/cluster/programs/g16-c.01/g16/cubegen() [0x40fe24]
  /lib64/libc.so.6(__libc_start_main+0xf5) [0x2b7b9c57f445]
/var/spool/slurm//job7311696/slurm_script: line 57: 154383 Aborted                 $g16root/g16/cubegen 0 Density $FCKFILE $DNSFILE -2 h
 Will use up to     0 threads.
 Top CubeGen          Mon Feb 20 10:08:20 2023
 Aft UFChkP           Mon Feb 20 10:08:20 2023        0.06 cpu,        0.07 elapsed
 Could not find " ","Total SCF Density" on formatted checkpoint file.
 Error termination via Lnk1e at Mon Feb 20 10:08:20 2023.
Error: segmentation violation
   rax 0000000000000000, rbx 00000000058b0be0, rcx ffffffffffffffff
   rdx 0000000000025b33, rsp 00007ffc4ae6a3e8, rbp 00007ffc4ae6a440
   rsi 000000000000000b, rdi 0000000000025b33, r8  00002b572e557ac0
   r9  00002b572e557ac0, r10 00007ffc4ae69e60, r11 0000000000000206
   r12 00000000058aeb0b, r13 000000000697d288, r14 00000000058aeec0
   r15 00007ffc4ae6c680
  /lib64/libpthread.so.0(+0xf6d0) [0x2b572ea516d0]
  /lib64/libc.so.6(kill+0x7) [0x2b572ef96547]
  /opt/cluster/programs/g16-c.01/g16/cubegen() [0x40fe24]
  /lib64/libc.so.6(__libc_start_main+0xf5) [0x2b572ef82445]
/var/spool/slurm//job7311696/slurm_script: line 60: 154419 Aborted                 $g16root/g16/cubegen 0 Potential $FCKFILE $ESPFILE -2 h
cp: cannot stat ‘gaussian_178_water_hf_adz_dens.cube’: No such file or directory
cp: cannot stat ‘gaussian_178_water_hf_adz_esp.cube’: No such file or directory
