node101.cluster
 Read checkpoint file gaussian_161_water_hf_adz2.chk type G16
 Write formatted file gaussian_161_water_hf_adz2.fchk
 FChkPn:  Coordinates translated and rotated.
 FChkPn:  Coordinates match /B/ after translation and rotation.
 Will use up to     0 threads.
 Top CubeGen          Mon Feb 20 10:17:18 2023
 Aft UFChkP           Mon Feb 20 10:17:19 2023        0.13 cpu,        0.13 elapsed
 Aft DecCub           Mon Feb 20 10:17:19 2023        0.01 cpu,        0.01 elapsed
 Aft Density          Mon Feb 20 10:17:19 2023        0.00 cpu,        0.00 elapsed
 Bef DoCube           Mon Feb 20 10:17:19 2023        0.00 cpu,        0.00 elapsed
 There are a total of       29791 grid points.
 ElSum from          density=        8.1612253742
 Aft DoCube           Mon Feb 20 10:17:19 2023        0.08 cpu,        0.08 elapsed
 Will use up to     0 threads.
 Top CubeGen          Mon Feb 20 10:17:19 2023
 Aft UFChkP           Mon Feb 20 10:17:19 2023        0.13 cpu,        0.13 elapsed
 Aft DecCub           Mon Feb 20 10:17:19 2023        0.00 cpu,        0.00 elapsed
 Aft Density          Mon Feb 20 10:17:19 2023        0.00 cpu,        0.00 elapsed
 Bef DoCube           Mon Feb 20 10:17:19 2023        0.01 cpu,        0.00 elapsed
 There are a total of       29791 grid points.
 ElSum from          density=       13.6149827203
 Aft DoCube           Mon Feb 20 10:17:19 2023        0.43 cpu,        0.44 elapsed
