node105.cluster
Error: segmentation violation
   rax 0000000000000000, rbx ffffffffffffffff, rcx ffffffffffffffff
   rdx 000000000002b478, rsp 00007ffd80b38938, rbp 00007ffd80b38eb0
   rsi 000000000000000b, rdi 000000000002b478, r8  0000000000000020
   r9  0000000000000401, r10 00007ffd80b383a0, r11 0000000000000202
   r12 00007ffd80b38ef8, r13 0000000000000000, r14 0000000000000000
   r15 00000000000003e6
  /lib64/libpthread.so.0(+0xf6d0) [0x2b7a1e0046d0]
  /lib64/libc.so.6(kill+0x7) [0x2b7a1e549547]
  /opt/cluster/programs/g16-c.01/g16/l1.exe() [0x4b8975]
  /opt/cluster/programs/g16-c.01/g16/l1.exe() [0x4f867a]
  /opt/cluster/programs/g16-c.01/g16/l1.exe() [0x4d56ab]
  /opt/cluster/programs/g16-c.01/g16/l1.exe() [0x41d5c6]
  /opt/cluster/programs/g16-c.01/g16/l1.exe() [0x410c4c]
  /opt/cluster/programs/g16-c.01/g16/l1.exe() [0x40d185]
  /opt/cluster/programs/g16-c.01/g16/l1.exe() [0x40cbd7]
  /opt/cluster/programs/g16-c.01/g16/l1.exe() [0x40cb24]
  /lib64/libc.so.6(__libc_start_main+0xf5) [0x2b7a1e535445]
  /opt/cluster/programs/g16-c.01/g16/l1.exe() [0x407269]
 Read checkpoint file gaussian_53_water_hf_adz2.chk type Unk
 Write formatted file gaussian_53_water_hf_adz2.fchk
 Will use up to     0 threads.
 Top CubeGen          Mon Feb 20 10:09:46 2023
 Aft UFChkP           Mon Feb 20 10:09:46 2023        0.07 cpu,        0.08 elapsed
 Could not find " ","Total SCF Density" on formatted checkpoint file.
 Error termination via Lnk1e at Mon Feb 20 10:09:46 2023.
Error: segmentation violation
   rax 0000000000000000, rbx 00000000058b0be0, rcx ffffffffffffffff
   rdx 000000000002b4ca, rsp 00007ffda30bfd68, rbp 00007ffda30bfdc0
   rsi 000000000000000b, rdi 000000000002b4ca, r8  00002b775a47dac0
   r9  00002b775a47dac0, r10 00007ffda30bf7e0, r11 0000000000000202
   r12 00000000058aeb0b, r13 000000000697d288, r14 00000000058aeec0
   r15 00007ffda30c2000
  /lib64/libpthread.so.0(+0xf6d0) [0x2b775a9776d0]
  /lib64/libc.so.6(kill+0x7) [0x2b775aebc547]
  /opt/cluster/programs/g16-c.01/g16/cubegen() [0x40fe24]
  /lib64/libc.so.6(__libc_start_main+0xf5) [0x2b775aea8445]
/var/spool/slurm//job7311751/slurm_script: line 57: 177354 Aborted                 $g16root/g16/cubegen 0 Density $FCKFILE $DNSFILE -2 h
 Will use up to     0 threads.
 Top CubeGen          Mon Feb 20 10:09:46 2023
 Aft UFChkP           Mon Feb 20 10:09:46 2023        0.07 cpu,        0.07 elapsed
 Could not find " ","Total SCF Density" on formatted checkpoint file.
 Error termination via Lnk1e at Mon Feb 20 10:09:46 2023.
Error: segmentation violation
   rax 0000000000000000, rbx 00000000058b0be0, rcx ffffffffffffffff
   rdx 000000000002b4fc, rsp 00007ffce6900908, rbp 00007ffce6900960
   rsi 000000000000000b, rdi 000000000002b4fc, r8  00002b270a20aac0
   r9  00002b270a20aac0, r10 00007ffce6900360, r11 0000000000000202
   r12 00000000058aeb0b, r13 000000000697d288, r14 00000000058aeec0
   r15 00007ffce6902ba0
  /lib64/libpthread.so.0(+0xf6d0) [0x2b270a7046d0]
  /lib64/libc.so.6(kill+0x7) [0x2b270ac49547]
  /opt/cluster/programs/g16-c.01/g16/cubegen() [0x40fe24]
  /lib64/libc.so.6(__libc_start_main+0xf5) [0x2b270ac35445]
/var/spool/slurm//job7311751/slurm_script: line 60: 177404 Aborted                 $g16root/g16/cubegen 0 Potential $FCKFILE $ESPFILE -2 h
cp: cannot stat ‘gaussian_53_water_hf_adz2_dens.cube’: No such file or directory
cp: cannot stat ‘gaussian_53_water_hf_adz2_esp.cube’: No such file or directory
