node106.cluster
Error: segmentation violation
   rax 0000000000000000, rbx ffffffffffffffff, rcx ffffffffffffffff
   rdx 0000000000024b52, rsp 00007ffccaa25a68, rbp 00007ffccaa25fe0
   rsi 000000000000000b, rdi 0000000000024b52, r8  0000000000000020
   r9  0000000000000401, r10 00007ffccaa254e0, r11 0000000000000202
   r12 00007ffccaa26028, r13 0000000000000000, r14 0000000000000000
   r15 00000000000003e6
  /lib64/libpthread.so.0(+0xf6d0) [0x2b80853776d0]
  /lib64/libc.so.6(kill+0x7) [0x2b80858bc547]
  /opt/cluster/programs/g16-c.01/g16/l1.exe() [0x4b8975]
  /opt/cluster/programs/g16-c.01/g16/l1.exe() [0x4f867a]
  /opt/cluster/programs/g16-c.01/g16/l1.exe() [0x4d56ab]
  /opt/cluster/programs/g16-c.01/g16/l1.exe() [0x41d5c6]
  /opt/cluster/programs/g16-c.01/g16/l1.exe() [0x410c4c]
  /opt/cluster/programs/g16-c.01/g16/l1.exe() [0x40d185]
  /opt/cluster/programs/g16-c.01/g16/l1.exe() [0x40cbd7]
  /opt/cluster/programs/g16-c.01/g16/l1.exe() [0x40cb24]
  /lib64/libc.so.6(__libc_start_main+0xf5) [0x2b80858a8445]
  /opt/cluster/programs/g16-c.01/g16/l1.exe() [0x407269]
 Read checkpoint file gaussian_18_water_hf_adz.chk type Unk
 Write formatted file gaussian_18_water_hf_adz.fchk
 Will use up to     0 threads.
 Top CubeGen          Mon Feb 20 10:05:38 2023
 Aft UFChkP           Mon Feb 20 10:05:38 2023        0.07 cpu,        0.07 elapsed
 Could not find " ","Total SCF Density" on formatted checkpoint file.
 Error termination via Lnk1e at Mon Feb 20 10:05:38 2023.
Error: segmentation violation
   rax 0000000000000000, rbx 00000000058b0be0, rcx ffffffffffffffff
   rdx 0000000000024bac, rsp 00007ffee0fe65a8, rbp 00007ffee0fe6600
   rsi 000000000000000b, rdi 0000000000024bac, r8  00002b68e485aac0
   r9  00002b68e485aac0, r10 00007ffee0fe6020, r11 0000000000000202
   r12 00000000058aeb0b, r13 000000000697d288, r14 00000000058aeec0
   r15 00007ffee0fe8840
  /lib64/libpthread.so.0(+0xf6d0) [0x2b68e4d526d0]
  /lib64/libc.so.6(kill+0x7) [0x2b68e5297547]
  /opt/cluster/programs/g16-c.01/g16/cubegen() [0x40fe24]
  /lib64/libc.so.6(__libc_start_main+0xf5) [0x2b68e5283445]
/var/spool/slurm//job7311536/slurm_script: line 57: 150444 Aborted                 $g16root/g16/cubegen 0 Density $FCKFILE $DNSFILE -2 h
 Will use up to     0 threads.
 Top CubeGen          Mon Feb 20 10:05:39 2023
 Aft UFChkP           Mon Feb 20 10:05:39 2023        0.07 cpu,        0.07 elapsed
 Could not find " ","Total SCF Density" on formatted checkpoint file.
 Error termination via Lnk1e at Mon Feb 20 10:05:39 2023.
Error: segmentation violation
   rax 0000000000000000, rbx 00000000058b0be0, rcx ffffffffffffffff
   rdx 0000000000024bdc, rsp 00007ffc49dbb198, rbp 00007ffc49dbb1f0
   rsi 000000000000000b, rdi 0000000000024bdc, r8  00002b185b21dac0
   r9  00002b185b21dac0, r10 00007ffc49dbac20, r11 0000000000000202
   r12 00000000058aeb0b, r13 000000000697d288, r14 00000000058aeec0
   r15 00007ffc49dbd430
  /lib64/libpthread.so.0(+0xf6d0) [0x2b185b7156d0]
  /lib64/libc.so.6(kill+0x7) [0x2b185bc5a547]
  /opt/cluster/programs/g16-c.01/g16/cubegen() [0x40fe24]
  /lib64/libc.so.6(__libc_start_main+0xf5) [0x2b185bc46445]
/var/spool/slurm//job7311536/slurm_script: line 60: 150492 Aborted                 $g16root/g16/cubegen 0 Potential $FCKFILE $ESPFILE -2 h
cp: cannot stat ‘gaussian_18_water_hf_adz_dens.cube’: No such file or directory
cp: cannot stat ‘gaussian_18_water_hf_adz_esp.cube’: No such file or directory
