node106.cluster
Error: segmentation violation
   rax 0000000000000000, rbx ffffffffffffffff, rcx ffffffffffffffff
   rdx 00000000000259da, rsp 00007ffdf482bec8, rbp 00007ffdf482c440
   rsi 000000000000000b, rdi 00000000000259da, r8  0000000000000020
   r9  0000000000000401, r10 00007ffdf482b920, r11 0000000000000202
   r12 00007ffdf482c488, r13 0000000000000000, r14 0000000000000000
   r15 00000000000003e6
  /lib64/libpthread.so.0(+0xf6d0) [0x2ba5f8b776d0]
  /lib64/libc.so.6(kill+0x7) [0x2ba5f90bc547]
  /opt/cluster/programs/g16-c.01/g16/l1.exe() [0x4b8975]
  /opt/cluster/programs/g16-c.01/g16/l1.exe() [0x4f867a]
  /opt/cluster/programs/g16-c.01/g16/l1.exe() [0x4d56ab]
  /opt/cluster/programs/g16-c.01/g16/l1.exe() [0x41d5c6]
  /opt/cluster/programs/g16-c.01/g16/l1.exe() [0x410c4c]
  /opt/cluster/programs/g16-c.01/g16/l1.exe() [0x40d185]
  /opt/cluster/programs/g16-c.01/g16/l1.exe() [0x40cbd7]
  /opt/cluster/programs/g16-c.01/g16/l1.exe() [0x40cb24]
  /lib64/libc.so.6(__libc_start_main+0xf5) [0x2ba5f90a8445]
  /opt/cluster/programs/g16-c.01/g16/l1.exe() [0x407269]
 Read checkpoint file gaussian_168_water_hf_adz.chk type Unk
 Write formatted file gaussian_168_water_hf_adz.fchk
 Will use up to     0 threads.
 Top CubeGen          Mon Feb 20 10:08:10 2023
 Aft UFChkP           Mon Feb 20 10:08:10 2023        0.06 cpu,        0.07 elapsed
 Could not find " ","Total SCF Density" on formatted checkpoint file.
 Error termination via Lnk1e at Mon Feb 20 10:08:10 2023.
Error: segmentation violation
   rax 0000000000000000, rbx 00000000058b0be0, rcx ffffffffffffffff
   rdx 0000000000025a34, rsp 00007ffea7b109b8, rbp 00007ffea7b10a10
   rsi 000000000000000b, rdi 0000000000025a34, r8  00002b3ba8a83ac0
   r9  00002b3ba8a83ac0, r10 00007ffea7b10420, r11 0000000000000206
   r12 00000000058aeb0b, r13 000000000697d288, r14 00000000058aeec0
   r15 00007ffea7b12c50
  /lib64/libpthread.so.0(+0xf6d0) [0x2b3ba8f7d6d0]
  /lib64/libc.so.6(kill+0x7) [0x2b3ba94c2547]
  /opt/cluster/programs/g16-c.01/g16/cubegen() [0x40fe24]
  /lib64/libc.so.6(__libc_start_main+0xf5) [0x2b3ba94ae445]
/var/spool/slurm//job7311686/slurm_script: line 57: 154164 Aborted                 $g16root/g16/cubegen 0 Density $FCKFILE $DNSFILE -2 h
 Will use up to     0 threads.
 Top CubeGen          Mon Feb 20 10:08:10 2023
 Aft UFChkP           Mon Feb 20 10:08:10 2023        0.07 cpu,        0.07 elapsed
 Could not find " ","Total SCF Density" on formatted checkpoint file.
 Error termination via Lnk1e at Mon Feb 20 10:08:10 2023.
Error: segmentation violation
   rax 0000000000000000, rbx 00000000058b0be0, rcx ffffffffffffffff
   rdx 0000000000025a64, rsp 00007ffd62eeac78, rbp 00007ffd62eeacd0
   rsi 000000000000000b, rdi 0000000000025a64, r8  00002b94c4d15ac0
   r9  00002b94c4d15ac0, r10 00007ffd62eea6e0, r11 0000000000000206
   r12 00000000058aeb0b, r13 000000000697d288, r14 00000000058aeec0
   r15 00007ffd62eecf10
  /lib64/libpthread.so.0(+0xf6d0) [0x2b94c520f6d0]
  /lib64/libc.so.6(kill+0x7) [0x2b94c5754547]
  /opt/cluster/programs/g16-c.01/g16/cubegen() [0x40fe24]
  /lib64/libc.so.6(__libc_start_main+0xf5) [0x2b94c5740445]
/var/spool/slurm//job7311686/slurm_script: line 60: 154212 Aborted                 $g16root/g16/cubegen 0 Potential $FCKFILE $ESPFILE -2 h
cp: cannot stat ‘gaussian_168_water_hf_adz_dens.cube’: No such file or directory
cp: cannot stat ‘gaussian_168_water_hf_adz_esp.cube’: No such file or directory
