node101.cluster
Error: segmentation violation
   rax 0000000000000000, rbx ffffffffffffffff, rcx ffffffffffffffff
   rdx 000000000002e345, rsp 00007fffdf4e8658, rbp 00007fffdf4e8bd0
   rsi 000000000000000b, rdi 000000000002e345, r8  0000000000000020
   r9  0000000000000401, r10 00007fffdf4e80e0, r11 0000000000000202
   r12 00007fffdf4e8c18, r13 0000000000000000, r14 0000000000000000
   r15 00000000000003e6
  /lib64/libpthread.so.0(+0xf6d0) [0x2b55fc0566d0]
  /lib64/libc.so.6(kill+0x7) [0x2b55fc59b547]
  /opt/cluster/programs/g16-c.01/g16/l1.exe() [0x4b8975]
  /opt/cluster/programs/g16-c.01/g16/l1.exe() [0x4f867a]
  /opt/cluster/programs/g16-c.01/g16/l1.exe() [0x4d56ab]
  /opt/cluster/programs/g16-c.01/g16/l1.exe() [0x41d5c6]
  /opt/cluster/programs/g16-c.01/g16/l1.exe() [0x410c4c]
  /opt/cluster/programs/g16-c.01/g16/l1.exe() [0x40d185]
  /opt/cluster/programs/g16-c.01/g16/l1.exe() [0x40cbd7]
  /opt/cluster/programs/g16-c.01/g16/l1.exe() [0x40cb24]
  /lib64/libc.so.6(__libc_start_main+0xf5) [0x2b55fc587445]
  /opt/cluster/programs/g16-c.01/g16/l1.exe() [0x407269]
 Read checkpoint file gaussian_112_water_hf_adz.chk type Unk
 Write formatted file gaussian_112_water_hf_adz.fchk
 Will use up to     0 threads.
 Top CubeGen          Mon Feb 20 10:07:19 2023
 Aft UFChkP           Mon Feb 20 10:07:19 2023        0.07 cpu,        0.07 elapsed
 Could not find " ","Total SCF Density" on formatted checkpoint file.
 Error termination via Lnk1e at Mon Feb 20 10:07:19 2023.
Error: segmentation violation
   rax 0000000000000000, rbx 00000000058b0be0, rcx ffffffffffffffff
   rdx 000000000002e357, rsp 00007ffcba0cae28, rbp 00007ffcba0cae80
   rsi 000000000000000b, rdi 000000000002e357, r8  00002b99f67feac0
   r9  00002b99f67feac0, r10 00007ffcba0ca8a0, r11 0000000000000206
   r12 00000000058aeb0b, r13 000000000697d288, r14 00000000058aeec0
   r15 00007ffcba0cd0c0
  /lib64/libpthread.so.0(+0xf6d0) [0x2b99f6cf86d0]
  /lib64/libc.so.6(kill+0x7) [0x2b99f723d547]
  /opt/cluster/programs/g16-c.01/g16/cubegen() [0x40fe24]
  /lib64/libc.so.6(__libc_start_main+0xf5) [0x2b99f7229445]
/var/spool/slurm//job7311630/slurm_script: line 57: 189271 Aborted                 $g16root/g16/cubegen 0 Density $FCKFILE $DNSFILE -2 h
 Will use up to     0 threads.
 Top CubeGen          Mon Feb 20 10:07:19 2023
 Aft UFChkP           Mon Feb 20 10:07:19 2023        0.07 cpu,        0.07 elapsed
 Could not find " ","Total SCF Density" on formatted checkpoint file.
 Error termination via Lnk1e at Mon Feb 20 10:07:19 2023.
Error: segmentation violation
   rax 0000000000000000, rbx 00000000058b0be0, rcx ffffffffffffffff
   rdx 000000000002e363, rsp 00007ffe7fe48dd8, rbp 00007ffe7fe48e30
   rsi 000000000000000b, rdi 000000000002e363, r8  00002afef7ee2ac0
   r9  00002afef7ee2ac0, r10 00007ffe7fe48860, r11 0000000000000206
   r12 00000000058aeb0b, r13 000000000697d288, r14 00000000058aeec0
   r15 00007ffe7fe4b070
  /lib64/libpthread.so.0(+0xf6d0) [0x2afef83dc6d0]
  /lib64/libc.so.6(kill+0x7) [0x2afef8921547]
  /opt/cluster/programs/g16-c.01/g16/cubegen() [0x40fe24]
  /lib64/libc.so.6(__libc_start_main+0xf5) [0x2afef890d445]
/var/spool/slurm//job7311630/slurm_script: line 60: 189283 Aborted                 $g16root/g16/cubegen 0 Potential $FCKFILE $ESPFILE -2 h
cp: cannot stat ‘gaussian_112_water_hf_adz_dens.cube’: No such file or directory
cp: cannot stat ‘gaussian_112_water_hf_adz_esp.cube’: No such file or directory
