node106.cluster
 Read checkpoint file gaussian_11_water_hf_adz.chk type G16
 Write formatted file gaussian_11_water_hf_adz.fchk
 FChkPn:  Coordinates translated and rotated.
 FChkPn:  Coordinates match /B/ after translation and rotation.
 Will use up to     0 threads.
 Top CubeGen          Mon Feb 20 10:26:45 2023
 Aft UFChkP           Mon Feb 20 10:26:45 2023        0.12 cpu,        0.12 elapsed
 Aft DecCub           Mon Feb 20 10:26:45 2023        0.01 cpu,        0.01 elapsed
 Aft Density          Mon Feb 20 10:26:45 2023        0.00 cpu,        0.00 elapsed
 Bef DoCube           Mon Feb 20 10:26:45 2023        0.00 cpu,        0.00 elapsed
 There are a total of       29791 grid points.
 ElSum from          density=        8.1582897290
 Aft DoCube           Mon Feb 20 10:26:45 2023        0.06 cpu,        0.06 elapsed
 Will use up to     0 threads.
 Top CubeGen          Mon Feb 20 10:26:45 2023
 Aft UFChkP           Mon Feb 20 10:26:46 2023        0.12 cpu,        0.13 elapsed
 Aft DecCub           Mon Feb 20 10:26:46 2023        0.00 cpu,        0.00 elapsed
 Aft Density          Mon Feb 20 10:26:46 2023        0.00 cpu,        0.00 elapsed
 Bef DoCube           Mon Feb 20 10:26:46 2023        0.00 cpu,        0.00 elapsed
 There are a total of       29791 grid points.
 ElSum from          density=       13.6112759286
 Aft DoCube           Mon Feb 20 10:26:46 2023        0.39 cpu,        0.39 elapsed
