node61.cluster
 Read checkpoint file gaussian_73_water_ccsdt_atz.chk type G16
 Write formatted file gaussian_73_water_ccsdt_atz.fchk
 FChkPn:  Coordinates translated and rotated.
 FChkPn:  Coordinates match /B/ after translation and rotation.
 Will use up to     0 threads.
 Top CubeGen          Wed Feb  8 13:52:04 2023
 Aft UFChkP           Wed Feb  8 13:52:04 2023        0.23 cpu,        0.23 elapsed
 Aft DecCub           Wed Feb  8 13:52:04 2023        0.03 cpu,        0.03 elapsed
 Aft Density          Wed Feb  8 13:52:04 2023        0.00 cpu,        0.00 elapsed
 Bef DoCube           Wed Feb  8 13:52:04 2023        0.00 cpu,        0.00 elapsed
 There are a total of       29791 grid points.
 ElSum from          density=        8.1578150127
 Aft DoCube           Wed Feb  8 13:52:04 2023        0.15 cpu,        0.15 elapsed
 Will use up to     0 threads.
 Top CubeGen          Wed Feb  8 13:52:05 2023
 Aft UFChkP           Wed Feb  8 13:52:05 2023        0.22 cpu,        0.23 elapsed
 Aft DecCub           Wed Feb  8 13:52:05 2023        0.01 cpu,        0.01 elapsed
 Aft Density          Wed Feb  8 13:52:05 2023        0.01 cpu,        0.00 elapsed
 Bef DoCube           Wed Feb  8 13:52:05 2023        0.00 cpu,        0.00 elapsed
 There are a total of       29791 grid points.
 ElSum from          density=       13.6096609666
 Aft DoCube           Wed Feb  8 13:52:06 2023        1.44 cpu,        1.45 elapsed
