node105.cluster
Error: segmentation violation
   rax 0000000000000000, rbx ffffffffffffffff, rcx ffffffffffffffff
   rdx 000000000002a16c, rsp 00007fff709d74e8, rbp 00007fff709d7a60
   rsi 000000000000000b, rdi 000000000002a16c, r8  0000000000000020
   r9  0000000000000401, r10 00007fff709d6f60, r11 0000000000000206
   r12 00007fff709d7aa8, r13 0000000000000000, r14 0000000000000000
   r15 00000000000003e6
  /lib64/libpthread.so.0(+0xf6d0) [0x2ba862ddb6d0]
  /lib64/libc.so.6(kill+0x7) [0x2ba863320547]
  /opt/cluster/programs/g16-c.01/g16/l1.exe() [0x4b8975]
  /opt/cluster/programs/g16-c.01/g16/l1.exe() [0x4f867a]
  /opt/cluster/programs/g16-c.01/g16/l1.exe() [0x4d56ab]
  /opt/cluster/programs/g16-c.01/g16/l1.exe() [0x41d5c6]
  /opt/cluster/programs/g16-c.01/g16/l1.exe() [0x410c4c]
  /opt/cluster/programs/g16-c.01/g16/l1.exe() [0x40d185]
  /opt/cluster/programs/g16-c.01/g16/l1.exe() [0x40cbd7]
  /opt/cluster/programs/g16-c.01/g16/l1.exe() [0x40cb24]
  /lib64/libc.so.6(__libc_start_main+0xf5) [0x2ba86330c445]
  /opt/cluster/programs/g16-c.01/g16/l1.exe() [0x407269]
 Read checkpoint file gaussian_43_water_hf_adz.chk type Unk
 Write formatted file gaussian_43_water_hf_adz.fchk
 Will use up to     0 threads.
 Top CubeGen          Mon Feb 20 10:06:08 2023
 Aft UFChkP           Mon Feb 20 10:06:08 2023        0.07 cpu,        0.07 elapsed
 Could not find " ","Total SCF Density" on formatted checkpoint file.
 Error termination via Lnk1e at Mon Feb 20 10:06:08 2023.
Error: segmentation violation
   rax 0000000000000000, rbx 00000000058b0be0, rcx ffffffffffffffff
   rdx 000000000002a1b9, rsp 00007ffea51cce48, rbp 00007ffea51ccea0
   rsi 000000000000000b, rdi 000000000002a1b9, r8  00002ba3abddcac0
   r9  00002ba3abddcac0, r10 00007ffea51cc8a0, r11 0000000000000206
   r12 00000000058aeb0b, r13 000000000697d288, r14 00000000058aeec0
   r15 00007ffea51cf0e0
  /lib64/libpthread.so.0(+0xf6d0) [0x2ba3ac2d66d0]
  /lib64/libc.so.6(kill+0x7) [0x2ba3ac81b547]
  /opt/cluster/programs/g16-c.01/g16/cubegen() [0x40fe24]
  /lib64/libc.so.6(__libc_start_main+0xf5) [0x2ba3ac807445]
/var/spool/slurm//job7311561/slurm_script: line 57: 172473 Aborted                 $g16root/g16/cubegen 0 Density $FCKFILE $DNSFILE -2 h
 Will use up to     0 threads.
 Top CubeGen          Mon Feb 20 10:06:08 2023
 Aft UFChkP           Mon Feb 20 10:06:08 2023        0.06 cpu,        0.07 elapsed
 Could not find " ","Total SCF Density" on formatted checkpoint file.
 Error termination via Lnk1e at Mon Feb 20 10:06:08 2023.
Error: segmentation violation
   rax 0000000000000000, rbx 00000000058b0be0, rcx ffffffffffffffff
   rdx 000000000002a1dd, rsp 00007ffd69b3f538, rbp 00007ffd69b3f590
   rsi 000000000000000b, rdi 000000000002a1dd, r8  00002b0e9aef0ac0
   r9  00002b0e9aef0ac0, r10 00007ffd69b3efa0, r11 0000000000000202
   r12 00000000058aeb0b, r13 000000000697d288, r14 00000000058aeec0
   r15 00007ffd69b417d0
  /lib64/libpthread.so.0(+0xf6d0) [0x2b0e9b3ea6d0]
  /lib64/libc.so.6(kill+0x7) [0x2b0e9b92f547]
  /opt/cluster/programs/g16-c.01/g16/cubegen() [0x40fe24]
  /lib64/libc.so.6(__libc_start_main+0xf5) [0x2b0e9b91b445]
/var/spool/slurm//job7311561/slurm_script: line 60: 172509 Aborted                 $g16root/g16/cubegen 0 Potential $FCKFILE $ESPFILE -2 h
cp: cannot stat ‘gaussian_43_water_hf_adz_dens.cube’: No such file or directory
cp: cannot stat ‘gaussian_43_water_hf_adz_esp.cube’: No such file or directory
