node106.cluster
Error: segmentation violation
   rax 0000000000000000, rbx ffffffffffffffff, rcx ffffffffffffffff
   rdx 000000000002524c, rsp 00007ffccb8ff9d8, rbp 00007ffccb8fff50
   rsi 000000000000000b, rdi 000000000002524c, r8  0000000000000020
   r9  0000000000000401, r10 00007ffccb8ff460, r11 0000000000000206
   r12 00007ffccb8fff98, r13 0000000000000000, r14 0000000000000000
   r15 00000000000003e6
  /lib64/libpthread.so.0(+0xf6d0) [0x2afb97ce46d0]
  /lib64/libc.so.6(kill+0x7) [0x2afb98229547]
  /opt/cluster/programs/g16-c.01/g16/l1.exe() [0x4b8975]
  /opt/cluster/programs/g16-c.01/g16/l1.exe() [0x4f867a]
  /opt/cluster/programs/g16-c.01/g16/l1.exe() [0x4d56ab]
  /opt/cluster/programs/g16-c.01/g16/l1.exe() [0x41d5c6]
  /opt/cluster/programs/g16-c.01/g16/l1.exe() [0x410c4c]
  /opt/cluster/programs/g16-c.01/g16/l1.exe() [0x40d185]
  /opt/cluster/programs/g16-c.01/g16/l1.exe() [0x40cbd7]
  /opt/cluster/programs/g16-c.01/g16/l1.exe() [0x40cb24]
  /lib64/libc.so.6(__libc_start_main+0xf5) [0x2afb98215445]
  /opt/cluster/programs/g16-c.01/g16/l1.exe() [0x407269]
 Read checkpoint file gaussian_90_water_hf_adz.chk type Unk
 Write formatted file gaussian_90_water_hf_adz.fchk
 Will use up to     0 threads.
 Top CubeGen          Mon Feb 20 10:06:49 2023
 Aft UFChkP           Mon Feb 20 10:06:49 2023        0.06 cpu,        0.07 elapsed
 Could not find " ","Total SCF Density" on formatted checkpoint file.
 Error termination via Lnk1e at Mon Feb 20 10:06:49 2023.
Error: segmentation violation
   rax 0000000000000000, rbx 00000000058b0be0, rcx ffffffffffffffff
   rdx 0000000000025294, rsp 00007ffc2f8572b8, rbp 00007ffc2f857310
   rsi 000000000000000b, rdi 0000000000025294, r8  00002b56f668bac0
   r9  00002b56f668bac0, r10 00007ffc2f856d20, r11 0000000000000206
   r12 00000000058aeb0b, r13 000000000697d288, r14 00000000058aeec0
   r15 00007ffc2f859550
  /lib64/libpthread.so.0(+0xf6d0) [0x2b56f6b856d0]
  /lib64/libc.so.6(kill+0x7) [0x2b56f70ca547]
  /opt/cluster/programs/g16-c.01/g16/cubegen() [0x40fe24]
  /lib64/libc.so.6(__libc_start_main+0xf5) [0x2b56f70b6445]
/var/spool/slurm//job7311608/slurm_script: line 57: 152212 Aborted                 $g16root/g16/cubegen 0 Density $FCKFILE $DNSFILE -2 h
 Will use up to     0 threads.
 Top CubeGen          Mon Feb 20 10:06:49 2023
 Aft UFChkP           Mon Feb 20 10:06:49 2023        0.07 cpu,        0.07 elapsed
 Could not find " ","Total SCF Density" on formatted checkpoint file.
 Error termination via Lnk1e at Mon Feb 20 10:06:49 2023.
Error: segmentation violation
   rax 0000000000000000, rbx 00000000058b0be0, rcx ffffffffffffffff
   rdx 00000000000252c4, rsp 00007ffea2692a48, rbp 00007ffea2692aa0
   rsi 000000000000000b, rdi 00000000000252c4, r8  00002baa31965ac0
   r9  00002baa31965ac0, r10 00007ffea26924a0, r11 0000000000000206
   r12 00000000058aeb0b, r13 000000000697d288, r14 00000000058aeec0
   r15 00007ffea2694ce0
  /lib64/libpthread.so.0(+0xf6d0) [0x2baa31e5f6d0]
  /lib64/libc.so.6(kill+0x7) [0x2baa323a4547]
  /opt/cluster/programs/g16-c.01/g16/cubegen() [0x40fe24]
  /lib64/libc.so.6(__libc_start_main+0xf5) [0x2baa32390445]
/var/spool/slurm//job7311608/slurm_script: line 60: 152260 Aborted                 $g16root/g16/cubegen 0 Potential $FCKFILE $ESPFILE -2 h
cp: cannot stat ‘gaussian_90_water_hf_adz_dens.cube’: No such file or directory
cp: cannot stat ‘gaussian_90_water_hf_adz_esp.cube’: No such file or directory
