node63.cluster
 Read checkpoint file gaussian_79_water_ccsdt_adz.chk type G16
 Write formatted file gaussian_79_water_ccsdt_adz.fchk
 FChkPn:  Coordinates translated and rotated.
 FChkPn:  Coordinates match /B/ after translation and rotation.
 Will use up to     0 threads.
 Top CubeGen          Wed Feb  8 14:49:12 2023
 Aft UFChkP           Wed Feb  8 14:49:12 2023        0.14 cpu,        0.14 elapsed
 Aft DecCub           Wed Feb  8 14:49:12 2023        0.01 cpu,        0.01 elapsed
 Aft Density          Wed Feb  8 14:49:12 2023        0.00 cpu,        0.00 elapsed
 Bef DoCube           Wed Feb  8 14:49:12 2023        0.00 cpu,        0.00 elapsed
 There are a total of       29791 grid points.
 ElSum from          density=        8.1554918821
 Aft DoCube           Wed Feb  8 14:49:12 2023        0.07 cpu,        0.07 elapsed
 Will use up to     0 threads.
 Top CubeGen          Wed Feb  8 14:49:12 2023
 Aft UFChkP           Wed Feb  8 14:49:12 2023        0.14 cpu,        0.14 elapsed
 Aft DecCub           Wed Feb  8 14:49:12 2023        0.00 cpu,        0.00 elapsed
 Aft Density          Wed Feb  8 14:49:12 2023        0.00 cpu,        0.00 elapsed
 Bef DoCube           Wed Feb  8 14:49:12 2023        0.01 cpu,        0.00 elapsed
 There are a total of       29791 grid points.
 ElSum from          density=       13.6085515840
 Aft DoCube           Wed Feb  8 14:49:13 2023        0.49 cpu,        0.50 elapsed
