node105.cluster
Error: segmentation violation
   rax 0000000000000000, rbx ffffffffffffffff, rcx ffffffffffffffff
   rdx 000000000002a09b, rsp 00007ffd1194b068, rbp 00007ffd1194b5e0
   rsi 000000000000000b, rdi 000000000002a09b, r8  0000000000000020
   r9  0000000000000401, r10 00007ffd1194aae0, r11 0000000000000202
   r12 00007ffd1194b628, r13 0000000000000000, r14 0000000000000000
   r15 00000000000003e6
  /lib64/libpthread.so.0(+0xf6d0) [0x2ba17f0946d0]
  /lib64/libc.so.6(kill+0x7) [0x2ba17f5d9547]
  /opt/cluster/programs/g16-c.01/g16/l1.exe() [0x4b8975]
  /opt/cluster/programs/g16-c.01/g16/l1.exe() [0x4f867a]
  /opt/cluster/programs/g16-c.01/g16/l1.exe() [0x4d56ab]
  /opt/cluster/programs/g16-c.01/g16/l1.exe() [0x41d5c6]
  /opt/cluster/programs/g16-c.01/g16/l1.exe() [0x410c4c]
  /opt/cluster/programs/g16-c.01/g16/l1.exe() [0x40d185]
  /opt/cluster/programs/g16-c.01/g16/l1.exe() [0x40cbd7]
  /opt/cluster/programs/g16-c.01/g16/l1.exe() [0x40cb24]
  /lib64/libc.so.6(__libc_start_main+0xf5) [0x2ba17f5c5445]
  /opt/cluster/programs/g16-c.01/g16/l1.exe() [0x407269]
 Read checkpoint file gaussian_36_water_hf_adz.chk type Unk
 Write formatted file gaussian_36_water_hf_adz.fchk
 Will use up to     0 threads.
 Top CubeGen          Mon Feb 20 10:05:57 2023
 Aft UFChkP           Mon Feb 20 10:05:57 2023        0.07 cpu,        0.08 elapsed
 Could not find " ","Total SCF Density" on formatted checkpoint file.
 Error termination via Lnk1e at Mon Feb 20 10:05:57 2023.
Error: segmentation violation
   rax 0000000000000000, rbx 00000000058b0be0, rcx ffffffffffffffff
   rdx 000000000002a0d8, rsp 00007ffdfccba028, rbp 00007ffdfccba080
   rsi 000000000000000b, rdi 000000000002a0d8, r8  00002b4d3d259ac0
   r9  00002b4d3d259ac0, r10 00007ffdfccb9aa0, r11 0000000000000206
   r12 00000000058aeb0b, r13 000000000697d288, r14 00000000058aeec0
   r15 00007ffdfccbc2c0
  /lib64/libpthread.so.0(+0xf6d0) [0x2b4d3d7536d0]
  /lib64/libc.so.6(kill+0x7) [0x2b4d3dc98547]
  /opt/cluster/programs/g16-c.01/g16/cubegen() [0x40fe24]
  /lib64/libc.so.6(__libc_start_main+0xf5) [0x2b4d3dc84445]
/var/spool/slurm//job7311554/slurm_script: line 57: 172248 Aborted                 $g16root/g16/cubegen 0 Density $FCKFILE $DNSFILE -2 h
 Will use up to     0 threads.
 Top CubeGen          Mon Feb 20 10:05:58 2023
 Aft UFChkP           Mon Feb 20 10:05:58 2023        0.07 cpu,        0.08 elapsed
 Could not find " ","Total SCF Density" on formatted checkpoint file.
 Error termination via Lnk1e at Mon Feb 20 10:05:58 2023.
Error: segmentation violation
   rax 0000000000000000, rbx 00000000058b0be0, rcx ffffffffffffffff
   rdx 000000000002a108, rsp 00007fffb9431588, rbp 00007fffb94315e0
   rsi 000000000000000b, rdi 000000000002a108, r8  00002b77a174bac0
   r9  00002b77a174bac0, r10 00007fffb9430fe0, r11 0000000000000206
   r12 00000000058aeb0b, r13 000000000697d288, r14 00000000058aeec0
   r15 00007fffb9433820
  /lib64/libpthread.so.0(+0xf6d0) [0x2b77a1c456d0]
  /lib64/libc.so.6(kill+0x7) [0x2b77a218a547]
  /opt/cluster/programs/g16-c.01/g16/cubegen() [0x40fe24]
  /lib64/libc.so.6(__libc_start_main+0xf5) [0x2b77a2176445]
/var/spool/slurm//job7311554/slurm_script: line 60: 172296 Aborted                 $g16root/g16/cubegen 0 Potential $FCKFILE $ESPFILE -2 h
cp: cannot stat ‘gaussian_36_water_hf_adz_dens.cube’: No such file or directory
cp: cannot stat ‘gaussian_36_water_hf_adz_esp.cube’: No such file or directory
