node102.cluster
Error: segmentation violation
   rax 0000000000000000, rbx ffffffffffffffff, rcx ffffffffffffffff
   rdx 000000000002e1f6, rsp 00007ffe88c2e708, rbp 00007ffe88c2ec80
   rsi 000000000000000b, rdi 000000000002e1f6, r8  0000000000000020
   r9  0000000000000401, r10 00007ffe88c2e160, r11 0000000000000202
   r12 00007ffe88c2ecc8, r13 0000000000000000, r14 0000000000000000
   r15 00000000000003e6
  /lib64/libpthread.so.0(+0xf6d0) [0x2b91868026d0]
  /lib64/libc.so.6(kill+0x7) [0x2b9186d47547]
  /opt/cluster/programs/g16-c.01/g16/l1.exe() [0x4b8975]
  /opt/cluster/programs/g16-c.01/g16/l1.exe() [0x4f867a]
  /opt/cluster/programs/g16-c.01/g16/l1.exe() [0x4d56ab]
  /opt/cluster/programs/g16-c.01/g16/l1.exe() [0x41d5c6]
  /opt/cluster/programs/g16-c.01/g16/l1.exe() [0x410c4c]
  /opt/cluster/programs/g16-c.01/g16/l1.exe() [0x40d185]
  /opt/cluster/programs/g16-c.01/g16/l1.exe() [0x40cbd7]
  /opt/cluster/programs/g16-c.01/g16/l1.exe() [0x40cb24]
  /lib64/libc.so.6(__libc_start_main+0xf5) [0x2b9186d33445]
  /opt/cluster/programs/g16-c.01/g16/l1.exe() [0x407269]
 Read checkpoint file gaussian_40_water_hf_adz2.chk type Unk
 Write formatted file gaussian_40_water_hf_adz2.fchk
 Will use up to     0 threads.
 Top CubeGen          Mon Feb 20 10:09:38 2023
 Aft UFChkP           Mon Feb 20 10:09:38 2023        0.07 cpu,        0.07 elapsed
 Could not find " ","Total SCF Density" on formatted checkpoint file.
 Error termination via Lnk1e at Mon Feb 20 10:09:38 2023.
Error: segmentation violation
   rax 0000000000000000, rbx 00000000058b0be0, rcx ffffffffffffffff
   rdx 000000000002e208, rsp 00007ffed2f7cd18, rbp 00007ffed2f7cd70
   rsi 000000000000000b, rdi 000000000002e208, r8  00002b45fe683ac0
   r9  00002b45fe683ac0, r10 00007ffed2f7c7a0, r11 0000000000000206
   r12 00000000058aeb0b, r13 000000000697d288, r14 00000000058aeec0
   r15 00007ffed2f7efb0
  /lib64/libpthread.so.0(+0xf6d0) [0x2b45feb7d6d0]
  /lib64/libc.so.6(kill+0x7) [0x2b45ff0c2547]
  /opt/cluster/programs/g16-c.01/g16/cubegen() [0x40fe24]
  /lib64/libc.so.6(__libc_start_main+0xf5) [0x2b45ff0ae445]
/var/spool/slurm//job7311738/slurm_script: line 57: 188936 Aborted                 $g16root/g16/cubegen 0 Density $FCKFILE $DNSFILE -2 h
 Will use up to     0 threads.
 Top CubeGen          Mon Feb 20 10:09:38 2023
 Aft UFChkP           Mon Feb 20 10:09:38 2023        0.06 cpu,        0.07 elapsed
 Could not find " ","Total SCF Density" on formatted checkpoint file.
 Error termination via Lnk1e at Mon Feb 20 10:09:38 2023.
Error: segmentation violation
   rax 0000000000000000, rbx 00000000058b0be0, rcx ffffffffffffffff
   rdx 000000000002e214, rsp 00007ffc638d1728, rbp 00007ffc638d1780
   rsi 000000000000000b, rdi 000000000002e214, r8  00002ad0d2c4bac0
   r9  00002ad0d2c4bac0, r10 00007ffc638d11a0, r11 0000000000000206
   r12 00000000058aeb0b, r13 000000000697d288, r14 00000000058aeec0
   r15 00007ffc638d39c0
  /lib64/libpthread.so.0(+0xf6d0) [0x2ad0d31456d0]
  /lib64/libc.so.6(kill+0x7) [0x2ad0d368a547]
  /opt/cluster/programs/g16-c.01/g16/cubegen() [0x40fe24]
  /lib64/libc.so.6(__libc_start_main+0xf5) [0x2ad0d3676445]
/var/spool/slurm//job7311738/slurm_script: line 60: 188948 Aborted                 $g16root/g16/cubegen 0 Potential $FCKFILE $ESPFILE -2 h
cp: cannot stat ‘gaussian_40_water_hf_adz2_dens.cube’: No such file or directory
cp: cannot stat ‘gaussian_40_water_hf_adz2_esp.cube’: No such file or directory
