node106.cluster
Error: segmentation violation
   rax 0000000000000000, rbx ffffffffffffffff, rcx ffffffffffffffff
   rdx 0000000000025f81, rsp 00007ffd153cb298, rbp 00007ffd153cb810
   rsi 000000000000000b, rdi 0000000000025f81, r8  0000000000000020
   r9  0000000000000401, r10 00007ffd153cad20, r11 0000000000000202
   r12 00007ffd153cb858, r13 0000000000000000, r14 0000000000000000
   r15 00000000000003e6
  /lib64/libpthread.so.0(+0xf6d0) [0x2b17d5bde6d0]
  /lib64/libc.so.6(kill+0x7) [0x2b17d6123547]
  /opt/cluster/programs/g16-c.01/g16/l1.exe() [0x4b8975]
  /opt/cluster/programs/g16-c.01/g16/l1.exe() [0x4f867a]
  /opt/cluster/programs/g16-c.01/g16/l1.exe() [0x4d56ab]
  /opt/cluster/programs/g16-c.01/g16/l1.exe() [0x41d5c6]
  /opt/cluster/programs/g16-c.01/g16/l1.exe() [0x410c4c]
  /opt/cluster/programs/g16-c.01/g16/l1.exe() [0x40d185]
  /opt/cluster/programs/g16-c.01/g16/l1.exe() [0x40cbd7]
  /opt/cluster/programs/g16-c.01/g16/l1.exe() [0x40cb24]
  /lib64/libc.so.6(__libc_start_main+0xf5) [0x2b17d610f445]
  /opt/cluster/programs/g16-c.01/g16/l1.exe() [0x407269]
 Read checkpoint file gaussian_46_water_hf_adz2.chk type Unk
 Write formatted file gaussian_46_water_hf_adz2.fchk
 Will use up to     0 threads.
 Top CubeGen          Mon Feb 20 10:09:38 2023
 Aft UFChkP           Mon Feb 20 10:09:38 2023        0.07 cpu,        0.07 elapsed
 Could not find " ","Total SCF Density" on formatted checkpoint file.
 Error termination via Lnk1e at Mon Feb 20 10:09:38 2023.
Error: segmentation violation
   rax 0000000000000000, rbx 00000000058b0be0, rcx ffffffffffffffff
   rdx 0000000000025fee, rsp 00007ffcdbad0838, rbp 00007ffcdbad0890
   rsi 000000000000000b, rdi 0000000000025fee, r8  00002ad70aef4ac0
   r9  00002ad70aef4ac0, r10 00007ffcdbad02a0, r11 0000000000000202
   r12 00000000058aeb0b, r13 000000000697d288, r14 00000000058aeec0
   r15 00007ffcdbad2ad0
  /lib64/libpthread.so.0(+0xf6d0) [0x2ad70b3ee6d0]
  /lib64/libc.so.6(kill+0x7) [0x2ad70b933547]
  /opt/cluster/programs/g16-c.01/g16/cubegen() [0x40fe24]
  /lib64/libc.so.6(__libc_start_main+0xf5) [0x2ad70b91f445]
/var/spool/slurm//job7311744/slurm_script: line 57: 155630 Aborted                 $g16root/g16/cubegen 0 Density $FCKFILE $DNSFILE -2 h
 Will use up to     0 threads.
 Top CubeGen          Mon Feb 20 10:09:38 2023
 Aft UFChkP           Mon Feb 20 10:09:38 2023        0.06 cpu,        0.07 elapsed
 Could not find " ","Total SCF Density" on formatted checkpoint file.
 Error termination via Lnk1e at Mon Feb 20 10:09:38 2023.
Error: segmentation violation
   rax 0000000000000000, rbx 00000000058b0be0, rcx ffffffffffffffff
   rdx 000000000002601e, rsp 00007fff5fd8d728, rbp 00007fff5fd8d780
   rsi 000000000000000b, rdi 000000000002601e, r8  00002b57ca146ac0
   r9  00002b57ca146ac0, r10 00007fff5fd8d1a0, r11 0000000000000206
   r12 00000000058aeb0b, r13 000000000697d288, r14 00000000058aeec0
   r15 00007fff5fd8f9c0
  /lib64/libpthread.so.0(+0xf6d0) [0x2b57ca6406d0]
  /lib64/libc.so.6(kill+0x7) [0x2b57cab85547]
  /opt/cluster/programs/g16-c.01/g16/cubegen() [0x40fe24]
  /lib64/libc.so.6(__libc_start_main+0xf5) [0x2b57cab71445]
/var/spool/slurm//job7311744/slurm_script: line 60: 155678 Aborted                 $g16root/g16/cubegen 0 Potential $FCKFILE $ESPFILE -2 h
cp: cannot stat ‘gaussian_46_water_hf_adz2_dens.cube’: No such file or directory
cp: cannot stat ‘gaussian_46_water_hf_adz2_esp.cube’: No such file or directory
