node106.cluster
Error: segmentation violation
   rax 0000000000000000, rbx ffffffffffffffff, rcx ffffffffffffffff
   rdx 000000000002553d, rsp 00007ffe0320bac8, rbp 00007ffe0320c040
   rsi 000000000000000b, rdi 000000000002553d, r8  0000000000000020
   r9  0000000000000401, r10 00007ffe0320b520, r11 0000000000000202
   r12 00007ffe0320c088, r13 0000000000000000, r14 0000000000000000
   r15 00000000000003e6
  /lib64/libpthread.so.0(+0xf6d0) [0x2b19f28e46d0]
  /lib64/libc.so.6(kill+0x7) [0x2b19f2e29547]
  /opt/cluster/programs/g16-c.01/g16/l1.exe() [0x4b8975]
  /opt/cluster/programs/g16-c.01/g16/l1.exe() [0x4f867a]
  /opt/cluster/programs/g16-c.01/g16/l1.exe() [0x4d56ab]
  /opt/cluster/programs/g16-c.01/g16/l1.exe() [0x41d5c6]
  /opt/cluster/programs/g16-c.01/g16/l1.exe() [0x410c4c]
  /opt/cluster/programs/g16-c.01/g16/l1.exe() [0x40d185]
  /opt/cluster/programs/g16-c.01/g16/l1.exe() [0x40cbd7]
  /opt/cluster/programs/g16-c.01/g16/l1.exe() [0x40cb24]
  /lib64/libc.so.6(__libc_start_main+0xf5) [0x2b19f2e15445]
  /opt/cluster/programs/g16-c.01/g16/l1.exe() [0x407269]
 Read checkpoint file gaussian_119_water_hf_adz.chk type Unk
 Write formatted file gaussian_119_water_hf_adz.fchk
 Will use up to     0 threads.
 Top CubeGen          Mon Feb 20 10:07:19 2023
 Aft UFChkP           Mon Feb 20 10:07:19 2023        0.07 cpu,        0.07 elapsed
 Could not find " ","Total SCF Density" on formatted checkpoint file.
 Error termination via Lnk1e at Mon Feb 20 10:07:19 2023.
Error: segmentation violation
   rax 0000000000000000, rbx 00000000058b0be0, rcx ffffffffffffffff
   rdx 0000000000025588, rsp 00007ffdfd3f6258, rbp 00007ffdfd3f62b0
   rsi 000000000000000b, rdi 0000000000025588, r8  00002ad4de6fcac0
   r9  00002ad4de6fcac0, r10 00007ffdfd3f5ce0, r11 0000000000000202
   r12 00000000058aeb0b, r13 000000000697d288, r14 00000000058aeec0
   r15 00007ffdfd3f84f0
  /lib64/libpthread.so.0(+0xf6d0) [0x2ad4debf46d0]
  /lib64/libc.so.6(kill+0x7) [0x2ad4df139547]
  /opt/cluster/programs/g16-c.01/g16/cubegen() [0x40fe24]
  /lib64/libc.so.6(__libc_start_main+0xf5) [0x2ad4df125445]
/var/spool/slurm//job7311637/slurm_script: line 57: 152968 Aborted                 $g16root/g16/cubegen 0 Density $FCKFILE $DNSFILE -2 h
 Will use up to     0 threads.
 Top CubeGen          Mon Feb 20 10:07:19 2023
 Aft UFChkP           Mon Feb 20 10:07:19 2023        0.07 cpu,        0.07 elapsed
 Could not find " ","Total SCF Density" on formatted checkpoint file.
 Error termination via Lnk1e at Mon Feb 20 10:07:19 2023.
Error: segmentation violation
   rax 0000000000000000, rbx 00000000058b0be0, rcx ffffffffffffffff
   rdx 00000000000255b8, rsp 00007fff21975a48, rbp 00007fff21975aa0
   rsi 000000000000000b, rdi 00000000000255b8, r8  00002ace6863cac0
   r9  00002ace6863cac0, r10 00007fff219754a0, r11 0000000000000206
   r12 00000000058aeb0b, r13 000000000697d288, r14 00000000058aeec0
   r15 00007fff21977ce0
  /lib64/libpthread.so.0(+0xf6d0) [0x2ace68b366d0]
  /lib64/libc.so.6(kill+0x7) [0x2ace6907b547]
  /opt/cluster/programs/g16-c.01/g16/cubegen() [0x40fe24]
  /lib64/libc.so.6(__libc_start_main+0xf5) [0x2ace69067445]
/var/spool/slurm//job7311637/slurm_script: line 60: 153016 Aborted                 $g16root/g16/cubegen 0 Potential $FCKFILE $ESPFILE -2 h
cp: cannot stat ‘gaussian_119_water_hf_adz_dens.cube’: No such file or directory
cp: cannot stat ‘gaussian_119_water_hf_adz_esp.cube’: No such file or directory
