node106.cluster
Error: segmentation violation
   rax 0000000000000000, rbx ffffffffffffffff, rcx ffffffffffffffff
   rdx 0000000000024f43, rsp 00007ffe95237fd8, rbp 00007ffe95238550
   rsi 000000000000000b, rdi 0000000000024f43, r8  0000000000000020
   r9  0000000000000401, r10 00007ffe95237a60, r11 0000000000000206
   r12 00007ffe95238598, r13 0000000000000000, r14 0000000000000000
   r15 00000000000003e6
  /lib64/libpthread.so.0(+0xf6d0) [0x2b1bf3b206d0]
  /lib64/libc.so.6(kill+0x7) [0x2b1bf4065547]
  /opt/cluster/programs/g16-c.01/g16/l1.exe() [0x4b8975]
  /opt/cluster/programs/g16-c.01/g16/l1.exe() [0x4f867a]
  /opt/cluster/programs/g16-c.01/g16/l1.exe() [0x4d56ab]
  /opt/cluster/programs/g16-c.01/g16/l1.exe() [0x41d5c6]
  /opt/cluster/programs/g16-c.01/g16/l1.exe() [0x410c4c]
  /opt/cluster/programs/g16-c.01/g16/l1.exe() [0x40d185]
  /opt/cluster/programs/g16-c.01/g16/l1.exe() [0x40cbd7]
  /opt/cluster/programs/g16-c.01/g16/l1.exe() [0x40cb24]
  /lib64/libc.so.6(__libc_start_main+0xf5) [0x2b1bf4051445]
  /opt/cluster/programs/g16-c.01/g16/l1.exe() [0x407269]
 Read checkpoint file gaussian_58_water_hf_adz.chk type Unk
 Write formatted file gaussian_58_water_hf_adz.fchk
 Will use up to     0 threads.
 Top CubeGen          Mon Feb 20 10:06:18 2023
 Aft UFChkP           Mon Feb 20 10:06:18 2023        0.06 cpu,        0.07 elapsed
 Could not find " ","Total SCF Density" on formatted checkpoint file.
 Error termination via Lnk1e at Mon Feb 20 10:06:18 2023.
Error: segmentation violation
   rax 0000000000000000, rbx 00000000058b0be0, rcx ffffffffffffffff
   rdx 0000000000024f9e, rsp 00007ffef76a46f8, rbp 00007ffef76a4750
   rsi 000000000000000b, rdi 0000000000024f9e, r8  00002afe9770bac0
   r9  00002afe9770bac0, r10 00007ffef76a4160, r11 0000000000000202
   r12 00000000058aeb0b, r13 000000000697d288, r14 00000000058aeec0
   r15 00007ffef76a6990
  /lib64/libpthread.so.0(+0xf6d0) [0x2afe97c056d0]
  /lib64/libc.so.6(kill+0x7) [0x2afe9814a547]
  /opt/cluster/programs/g16-c.01/g16/cubegen() [0x40fe24]
  /lib64/libc.so.6(__libc_start_main+0xf5) [0x2afe98136445]
/var/spool/slurm//job7311576/slurm_script: line 57: 151454 Aborted                 $g16root/g16/cubegen 0 Density $FCKFILE $DNSFILE -2 h
 Will use up to     0 threads.
 Top CubeGen          Mon Feb 20 10:06:19 2023
 Aft UFChkP           Mon Feb 20 10:06:19 2023        0.07 cpu,        0.07 elapsed
 Could not find " ","Total SCF Density" on formatted checkpoint file.
 Error termination via Lnk1e at Mon Feb 20 10:06:19 2023.
Error: segmentation violation
   rax 0000000000000000, rbx 00000000058b0be0, rcx ffffffffffffffff
   rdx 0000000000024fce, rsp 00007fff9c86f738, rbp 00007fff9c86f790
   rsi 000000000000000b, rdi 0000000000024fce, r8  00002ba472dc6ac0
   r9  00002ba472dc6ac0, r10 00007fff9c86f1a0, r11 0000000000000202
   r12 00000000058aeb0b, r13 000000000697d288, r14 00000000058aeec0
   r15 00007fff9c8719d0
  /lib64/libpthread.so.0(+0xf6d0) [0x2ba4732c06d0]
  /lib64/libc.so.6(kill+0x7) [0x2ba473805547]
  /opt/cluster/programs/g16-c.01/g16/cubegen() [0x40fe24]
  /lib64/libc.so.6(__libc_start_main+0xf5) [0x2ba4737f1445]
/var/spool/slurm//job7311576/slurm_script: line 60: 151502 Aborted                 $g16root/g16/cubegen 0 Potential $FCKFILE $ESPFILE -2 h
cp: cannot stat ‘gaussian_58_water_hf_adz_dens.cube’: No such file or directory
cp: cannot stat ‘gaussian_58_water_hf_adz_esp.cube’: No such file or directory
