node64.cluster
 Read checkpoint file gaussian_109_water_wb97_ptz.chk type G16
 Write formatted file gaussian_109_water_wb97_ptz.fchk
 FChkPn:  Coordinates translated and rotated.
 FChkPn:  Coordinates match /B/ after translation and rotation.
 Will use up to     0 threads.
 Top CubeGen          Wed Feb  8 14:41:50 2023
 Aft UFChkP           Wed Feb  8 14:41:50 2023        0.12 cpu,        0.12 elapsed
 Aft DecCub           Wed Feb  8 14:41:50 2023        0.01 cpu,        0.01 elapsed
 Aft Density          Wed Feb  8 14:41:50 2023        0.00 cpu,        0.00 elapsed
 Bef DoCube           Wed Feb  8 14:41:50 2023        0.00 cpu,        0.00 elapsed
 There are a total of       29791 grid points.
 ElSum from          density=        8.1662981621
 Aft DoCube           Wed Feb  8 14:41:50 2023        0.05 cpu,        0.06 elapsed
 Will use up to     0 threads.
 Top CubeGen          Wed Feb  8 14:41:50 2023
 Aft UFChkP           Wed Feb  8 14:41:50 2023        0.13 cpu,        0.13 elapsed
 Aft DecCub           Wed Feb  8 14:41:50 2023        0.00 cpu,        0.00 elapsed
 Aft Density          Wed Feb  8 14:41:50 2023        0.00 cpu,        0.00 elapsed
 Bef DoCube           Wed Feb  8 14:41:50 2023        0.00 cpu,        0.00 elapsed
 There are a total of       29791 grid points.
 ElSum from          density=       13.6113938567
 Aft DoCube           Wed Feb  8 14:41:50 2023        0.29 cpu,        0.28 elapsed
