node106.cluster
Error: segmentation violation
   rax 0000000000000000, rbx ffffffffffffffff, rcx ffffffffffffffff
   rdx 0000000000025d88, rsp 00007fff90d74ad8, rbp 00007fff90d75050
   rsi 000000000000000b, rdi 0000000000025d88, r8  0000000000000020
   r9  0000000000000401, r10 00007fff90d74560, r11 0000000000000206
   r12 00007fff90d75098, r13 0000000000000000, r14 0000000000000000
   r15 00000000000003e6
  /lib64/libpthread.so.0(+0xf6d0) [0x2b1a69dc36d0]
  /lib64/libc.so.6(kill+0x7) [0x2b1a6a308547]
  /opt/cluster/programs/g16-c.01/g16/l1.exe() [0x4b8975]
  /opt/cluster/programs/g16-c.01/g16/l1.exe() [0x4f867a]
  /opt/cluster/programs/g16-c.01/g16/l1.exe() [0x4d56ab]
  /opt/cluster/programs/g16-c.01/g16/l1.exe() [0x41d5c6]
  /opt/cluster/programs/g16-c.01/g16/l1.exe() [0x410c4c]
  /opt/cluster/programs/g16-c.01/g16/l1.exe() [0x40d185]
  /opt/cluster/programs/g16-c.01/g16/l1.exe() [0x40cbd7]
  /opt/cluster/programs/g16-c.01/g16/l1.exe() [0x40cb24]
  /lib64/libc.so.6(__libc_start_main+0xf5) [0x2b1a6a2f4445]
  /opt/cluster/programs/g16-c.01/g16/l1.exe() [0x407269]
 Read checkpoint file gaussian_26_water_hf_adz2.chk type Unk
 Write formatted file gaussian_26_water_hf_adz2.fchk
 Will use up to     0 threads.
 Top CubeGen          Mon Feb 20 10:09:15 2023
 Aft UFChkP           Mon Feb 20 10:09:15 2023        0.06 cpu,        0.07 elapsed
 Could not find " ","Total SCF Density" on formatted checkpoint file.
 Error termination via Lnk1e at Mon Feb 20 10:09:15 2023.
Error: segmentation violation
   rax 0000000000000000, rbx 00000000058b0be0, rcx ffffffffffffffff
   rdx 0000000000025df5, rsp 00007ffd676fa3c8, rbp 00007ffd676fa420
   rsi 000000000000000b, rdi 0000000000025df5, r8  00002b44a9c90ac0
   r9  00002b44a9c90ac0, r10 00007ffd676f9e20, r11 0000000000000202
   r12 00000000058aeb0b, r13 000000000697d288, r14 00000000058aeec0
   r15 00007ffd676fc660
  /lib64/libpthread.so.0(+0xf6d0) [0x2b44aa18a6d0]
  /lib64/libc.so.6(kill+0x7) [0x2b44aa6cf547]
  /opt/cluster/programs/g16-c.01/g16/cubegen() [0x40fe24]
  /lib64/libc.so.6(__libc_start_main+0xf5) [0x2b44aa6bb445]
/var/spool/slurm//job7311724/slurm_script: line 57: 155125 Aborted                 $g16root/g16/cubegen 0 Density $FCKFILE $DNSFILE -2 h
 Will use up to     0 threads.
 Top CubeGen          Mon Feb 20 10:09:15 2023
 Aft UFChkP           Mon Feb 20 10:09:15 2023        0.07 cpu,        0.08 elapsed
 Could not find " ","Total SCF Density" on formatted checkpoint file.
 Error termination via Lnk1e at Mon Feb 20 10:09:15 2023.
Error: segmentation violation
   rax 0000000000000000, rbx 00000000058b0be0, rcx ffffffffffffffff
   rdx 0000000000025e23, rsp 00007fffc840aac8, rbp 00007fffc840ab20
   rsi 000000000000000b, rdi 0000000000025e23, r8  00002b3c327d4ac0
   r9  00002b3c327d4ac0, r10 00007fffc840a520, r11 0000000000000202
   r12 00000000058aeb0b, r13 000000000697d288, r14 00000000058aeec0
   r15 00007fffc840cd60
  /lib64/libpthread.so.0(+0xf6d0) [0x2b3c32cce6d0]
  /lib64/libc.so.6(kill+0x7) [0x2b3c33213547]
  /opt/cluster/programs/g16-c.01/g16/cubegen() [0x40fe24]
  /lib64/libc.so.6(__libc_start_main+0xf5) [0x2b3c331ff445]
/var/spool/slurm//job7311724/slurm_script: line 60: 155171 Aborted                 $g16root/g16/cubegen 0 Potential $FCKFILE $ESPFILE -2 h
cp: cannot stat ‘gaussian_26_water_hf_adz2_dens.cube’: No such file or directory
cp: cannot stat ‘gaussian_26_water_hf_adz2_esp.cube’: No such file or directory
