node105.cluster
Error: segmentation violation
   rax 0000000000000000, rbx ffffffffffffffff, rcx ffffffffffffffff
   rdx 000000000002b194, rsp 00007ffc76bf3278, rbp 00007ffc76bf37f0
   rsi 000000000000000b, rdi 000000000002b194, r8  0000000000000020
   r9  0000000000000401, r10 00007ffc76bf2ce0, r11 0000000000000206
   r12 00007ffc76bf3838, r13 0000000000000000, r14 0000000000000000
   r15 00000000000003e6
  /lib64/libpthread.so.0(+0xf6d0) [0x2b60830f46d0]
  /lib64/libc.so.6(kill+0x7) [0x2b6083639547]
  /opt/cluster/programs/g16-c.01/g16/l1.exe() [0x4b8975]
  /opt/cluster/programs/g16-c.01/g16/l1.exe() [0x4f867a]
  /opt/cluster/programs/g16-c.01/g16/l1.exe() [0x4d56ab]
  /opt/cluster/programs/g16-c.01/g16/l1.exe() [0x41d5c6]
  /opt/cluster/programs/g16-c.01/g16/l1.exe() [0x410c4c]
  /opt/cluster/programs/g16-c.01/g16/l1.exe() [0x40d185]
  /opt/cluster/programs/g16-c.01/g16/l1.exe() [0x40cbd7]
  /opt/cluster/programs/g16-c.01/g16/l1.exe() [0x40cb24]
  /lib64/libc.so.6(__libc_start_main+0xf5) [0x2b6083625445]
  /opt/cluster/programs/g16-c.01/g16/l1.exe() [0x407269]
 Read checkpoint file gaussian_24_water_hf_adz2.chk type Unk
 Write formatted file gaussian_24_water_hf_adz2.fchk
 Will use up to     0 threads.
 Top CubeGen          Mon Feb 20 10:09:15 2023
 Aft UFChkP           Mon Feb 20 10:09:15 2023        0.07 cpu,        0.07 elapsed
 Could not find " ","Total SCF Density" on formatted checkpoint file.
 Error termination via Lnk1e at Mon Feb 20 10:09:15 2023.
Error: segmentation violation
   rax 0000000000000000, rbx 00000000058b0be0, rcx ffffffffffffffff
   rdx 000000000002b1e3, rsp 00007ffdee592238, rbp 00007ffdee592290
   rsi 000000000000000b, rdi 000000000002b1e3, r8  00002b9450807ac0
   r9  00002b9450807ac0, r10 00007ffdee591ca0, r11 0000000000000202
   r12 00000000058aeb0b, r13 000000000697d288, r14 00000000058aeec0
   r15 00007ffdee5944d0
  /lib64/libpthread.so.0(+0xf6d0) [0x2b9450d016d0]
  /lib64/libc.so.6(kill+0x7) [0x2b9451246547]
  /opt/cluster/programs/g16-c.01/g16/cubegen() [0x40fe24]
  /lib64/libc.so.6(__libc_start_main+0xf5) [0x2b9451232445]
/var/spool/slurm//job7311722/slurm_script: line 57: 176611 Aborted                 $g16root/g16/cubegen 0 Density $FCKFILE $DNSFILE -2 h
 Will use up to     0 threads.
 Top CubeGen          Mon Feb 20 10:09:15 2023
 Aft UFChkP           Mon Feb 20 10:09:15 2023        0.07 cpu,        0.07 elapsed
 Could not find " ","Total SCF Density" on formatted checkpoint file.
 Error termination via Lnk1e at Mon Feb 20 10:09:15 2023.
Error: segmentation violation
   rax 0000000000000000, rbx 00000000058b0be0, rcx ffffffffffffffff
   rdx 000000000002b213, rsp 00007ffed788c238, rbp 00007ffed788c290
   rsi 000000000000000b, rdi 000000000002b213, r8  00002aeb6b192ac0
   r9  00002aeb6b192ac0, r10 00007ffed788bca0, r11 0000000000000202
   r12 00000000058aeb0b, r13 000000000697d288, r14 00000000058aeec0
   r15 00007ffed788e4d0
  /lib64/libpthread.so.0(+0xf6d0) [0x2aeb6b68c6d0]
  /lib64/libc.so.6(kill+0x7) [0x2aeb6bbd1547]
  /opt/cluster/programs/g16-c.01/g16/cubegen() [0x40fe24]
  /lib64/libc.so.6(__libc_start_main+0xf5) [0x2aeb6bbbd445]
/var/spool/slurm//job7311722/slurm_script: line 60: 176659 Aborted                 $g16root/g16/cubegen 0 Potential $FCKFILE $ESPFILE -2 h
cp: cannot stat ‘gaussian_24_water_hf_adz2_dens.cube’: No such file or directory
cp: cannot stat ‘gaussian_24_water_hf_adz2_esp.cube’: No such file or directory
