node105.cluster
Error: segmentation violation
   rax 0000000000000000, rbx ffffffffffffffff, rcx ffffffffffffffff
   rdx 000000000002a213, rsp 00007ffd8e3121b8, rbp 00007ffd8e312730
   rsi 000000000000000b, rdi 000000000002a213, r8  0000000000000020
   r9  0000000000000401, r10 00007ffd8e311c20, r11 0000000000000206
   r12 00007ffd8e312778, r13 0000000000000000, r14 0000000000000000
   r15 00000000000003e6
  /lib64/libpthread.so.0(+0xf6d0) [0x2ba8873376d0]
  /lib64/libc.so.6(kill+0x7) [0x2ba88787c547]
  /opt/cluster/programs/g16-c.01/g16/l1.exe() [0x4b8975]
  /opt/cluster/programs/g16-c.01/g16/l1.exe() [0x4f867a]
  /opt/cluster/programs/g16-c.01/g16/l1.exe() [0x4d56ab]
  /opt/cluster/programs/g16-c.01/g16/l1.exe() [0x41d5c6]
  /opt/cluster/programs/g16-c.01/g16/l1.exe() [0x410c4c]
  /opt/cluster/programs/g16-c.01/g16/l1.exe() [0x40d185]
  /opt/cluster/programs/g16-c.01/g16/l1.exe() [0x40cbd7]
  /opt/cluster/programs/g16-c.01/g16/l1.exe() [0x40cb24]
  /lib64/libc.so.6(__libc_start_main+0xf5) [0x2ba887868445]
  /opt/cluster/programs/g16-c.01/g16/l1.exe() [0x407269]
 Read checkpoint file gaussian_47_water_hf_adz.chk type Unk
 Write formatted file gaussian_47_water_hf_adz.fchk
 Will use up to     0 threads.
 Top CubeGen          Mon Feb 20 10:06:09 2023
 Aft UFChkP           Mon Feb 20 10:06:09 2023        0.06 cpu,        0.06 elapsed
 Could not find " ","Total SCF Density" on formatted checkpoint file.
 Error termination via Lnk1e at Mon Feb 20 10:06:09 2023.
Error: segmentation violation
   rax 0000000000000000, rbx 00000000058b0be0, rcx ffffffffffffffff
   rdx 000000000002a230, rsp 00007ffd2e042748, rbp 00007ffd2e0427a0
   rsi 000000000000000b, rdi 000000000002a230, r8  00002af81662bac0
   r9  00002af81662bac0, r10 00007ffd2e0421a0, r11 0000000000000206
   r12 00000000058aeb0b, r13 000000000697d288, r14 00000000058aeec0
   r15 00007ffd2e0449e0
  /lib64/libpthread.so.0(+0xf6d0) [0x2af816b256d0]
  /lib64/libc.so.6(kill+0x7) [0x2af81706a547]
  /opt/cluster/programs/g16-c.01/g16/cubegen() [0x40fe24]
  /lib64/libc.so.6(__libc_start_main+0xf5) [0x2af817056445]
/var/spool/slurm//job7311565/slurm_script: line 57: 172592 Aborted                 $g16root/g16/cubegen 0 Density $FCKFILE $DNSFILE -2 h
 Will use up to     0 threads.
 Top CubeGen          Mon Feb 20 10:06:09 2023
 Aft UFChkP           Mon Feb 20 10:06:09 2023        0.06 cpu,        0.06 elapsed
 Could not find " ","Total SCF Density" on formatted checkpoint file.
 Error termination via Lnk1e at Mon Feb 20 10:06:09 2023.
Error: segmentation violation
   rax 0000000000000000, rbx 00000000058b0be0, rcx ffffffffffffffff
   rdx 000000000002a23c, rsp 00007ffe8cc85368, rbp 00007ffe8cc853c0
   rsi 000000000000000b, rdi 000000000002a23c, r8  00002b8c813f9ac0
   r9  00002b8c813f9ac0, r10 00007ffe8cc84de0, r11 0000000000000202
   r12 00000000058aeb0b, r13 000000000697d288, r14 00000000058aeec0
   r15 00007ffe8cc87600
  /lib64/libpthread.so.0(+0xf6d0) [0x2b8c818f36d0]
  /lib64/libc.so.6(kill+0x7) [0x2b8c81e38547]
  /opt/cluster/programs/g16-c.01/g16/cubegen() [0x40fe24]
  /lib64/libc.so.6(__libc_start_main+0xf5) [0x2b8c81e24445]
/var/spool/slurm//job7311565/slurm_script: line 60: 172604 Aborted                 $g16root/g16/cubegen 0 Potential $FCKFILE $ESPFILE -2 h
cp: cannot stat ‘gaussian_47_water_hf_adz_dens.cube’: No such file or directory
cp: cannot stat ‘gaussian_47_water_hf_adz_esp.cube’: No such file or directory
