node64.cluster
 Read checkpoint file gaussian_118_water_wb97_ptz.chk type G16
 Write formatted file gaussian_118_water_wb97_ptz.fchk
 FChkPn:  Coordinates translated and rotated.
 FChkPn:  Coordinates match /B/ after translation and rotation.
 Will use up to     0 threads.
 Top CubeGen          Wed Feb  8 14:42:00 2023
 Aft UFChkP           Wed Feb  8 14:42:00 2023        0.12 cpu,        0.12 elapsed
 Aft DecCub           Wed Feb  8 14:42:00 2023        0.01 cpu,        0.01 elapsed
 Aft Density          Wed Feb  8 14:42:00 2023        0.00 cpu,        0.00 elapsed
 Bef DoCube           Wed Feb  8 14:42:00 2023        0.00 cpu,        0.00 elapsed
 There are a total of       29791 grid points.
 ElSum from          density=        8.1635976332
 Aft DoCube           Wed Feb  8 14:42:00 2023        0.04 cpu,        0.05 elapsed
 Will use up to     0 threads.
 Top CubeGen          Wed Feb  8 14:42:00 2023
 Aft UFChkP           Wed Feb  8 14:42:00 2023        0.12 cpu,        0.12 elapsed
 Aft DecCub           Wed Feb  8 14:42:00 2023        0.00 cpu,        0.00 elapsed
 Aft Density          Wed Feb  8 14:42:00 2023        0.00 cpu,        0.00 elapsed
 Bef DoCube           Wed Feb  8 14:42:00 2023        0.00 cpu,        0.00 elapsed
 There are a total of       29791 grid points.
 ElSum from          density=       13.6087182335
 Aft DoCube           Wed Feb  8 14:42:01 2023        0.28 cpu,        0.28 elapsed
