node105.cluster
Error: segmentation violation
   rax 0000000000000000, rbx ffffffffffffffff, rcx ffffffffffffffff
   rdx 000000000002b75d, rsp 00007ffd9b8f2a28, rbp 00007ffd9b8f2fa0
   rsi 000000000000000b, rdi 000000000002b75d, r8  0000000000000020
   r9  0000000000000401, r10 00007ffd9b8f24a0, r11 0000000000000206
   r12 00007ffd9b8f2fe8, r13 0000000000000000, r14 0000000000000000
   r15 00000000000003e6
  /lib64/libpthread.so.0(+0xf6d0) [0x2aeb2b4386d0]
  /lib64/libc.so.6(kill+0x7) [0x2aeb2b97d547]
  /opt/cluster/programs/g16-c.01/g16/l1.exe() [0x4b8975]
  /opt/cluster/programs/g16-c.01/g16/l1.exe() [0x4f867a]
  /opt/cluster/programs/g16-c.01/g16/l1.exe() [0x4d56ab]
  /opt/cluster/programs/g16-c.01/g16/l1.exe() [0x41d5c6]
  /opt/cluster/programs/g16-c.01/g16/l1.exe() [0x410c4c]
  /opt/cluster/programs/g16-c.01/g16/l1.exe() [0x40d185]
  /opt/cluster/programs/g16-c.01/g16/l1.exe() [0x40cbd7]
  /opt/cluster/programs/g16-c.01/g16/l1.exe() [0x40cb24]
  /lib64/libc.so.6(__libc_start_main+0xf5) [0x2aeb2b969445]
  /opt/cluster/programs/g16-c.01/g16/l1.exe() [0x407269]
 Read checkpoint file gaussian_82_water_hf_adz2.chk type Unk
 Write formatted file gaussian_82_water_hf_adz2.fchk
 Will use up to     0 threads.
 Top CubeGen          Mon Feb 20 10:10:16 2023
 Aft UFChkP           Mon Feb 20 10:10:16 2023        0.07 cpu,        0.08 elapsed
 Could not find " ","Total SCF Density" on formatted checkpoint file.
 Error termination via Lnk1e at Mon Feb 20 10:10:16 2023.
Error: segmentation violation
   rax 0000000000000000, rbx 00000000058b0be0, rcx ffffffffffffffff
   rdx 000000000002b7b4, rsp 00007ffc1b413bd8, rbp 00007ffc1b413c30
   rsi 000000000000000b, rdi 000000000002b7b4, r8  00002ba65e9a1ac0
   r9  00002ba65e9a1ac0, r10 00007ffc1b413660, r11 0000000000000206
   r12 00000000058aeb0b, r13 000000000697d288, r14 00000000058aeec0
   r15 00007ffc1b415e70
  /lib64/libpthread.so.0(+0xf6d0) [0x2ba65ee9b6d0]
  /lib64/libc.so.6(kill+0x7) [0x2ba65f3e0547]
  /opt/cluster/programs/g16-c.01/g16/cubegen() [0x40fe24]
  /lib64/libc.so.6(__libc_start_main+0xf5) [0x2ba65f3cc445]
/var/spool/slurm//job7311780/slurm_script: line 57: 178100 Aborted                 $g16root/g16/cubegen 0 Density $FCKFILE $DNSFILE -2 h
 Will use up to     0 threads.
 Top CubeGen          Mon Feb 20 10:10:17 2023
 Aft UFChkP           Mon Feb 20 10:10:17 2023        0.07 cpu,        0.07 elapsed
 Could not find " ","Total SCF Density" on formatted checkpoint file.
 Error termination via Lnk1e at Mon Feb 20 10:10:17 2023.
Error: segmentation violation
   rax 0000000000000000, rbx 00000000058b0be0, rcx ffffffffffffffff
   rdx 000000000002b7ed, rsp 00007ffe6a866ba8, rbp 00007ffe6a866c00
   rsi 000000000000000b, rdi 000000000002b7ed, r8  00002ba778643ac0
   r9  00002ba778643ac0, r10 00007ffe6a866620, r11 0000000000000202
   r12 00000000058aeb0b, r13 000000000697d288, r14 00000000058aeec0
   r15 00007ffe6a868e40
  /lib64/libpthread.so.0(+0xf6d0) [0x2ba778b3d6d0]
  /lib64/libc.so.6(kill+0x7) [0x2ba779082547]
  /opt/cluster/programs/g16-c.01/g16/cubegen() [0x40fe24]
  /lib64/libc.so.6(__libc_start_main+0xf5) [0x2ba77906e445]
/var/spool/slurm//job7311780/slurm_script: line 60: 178157 Aborted                 $g16root/g16/cubegen 0 Potential $FCKFILE $ESPFILE -2 h
cp: cannot stat ‘gaussian_82_water_hf_adz2_dens.cube’: No such file or directory
cp: cannot stat ‘gaussian_82_water_hf_adz2_esp.cube’: No such file or directory
