node106.cluster
Error: segmentation violation
   rax 0000000000000000, rbx ffffffffffffffff, rcx ffffffffffffffff
   rdx 0000000000025dac, rsp 00007fff9cfeeaa8, rbp 00007fff9cfef020
   rsi 000000000000000b, rdi 0000000000025dac, r8  0000000000000020
   r9  0000000000000401, r10 00007fff9cfee520, r11 0000000000000202
   r12 00007fff9cfef068, r13 0000000000000000, r14 0000000000000000
   r15 00000000000003e6
  /lib64/libpthread.so.0(+0xf6d0) [0x2b814a0356d0]
  /lib64/libc.so.6(kill+0x7) [0x2b814a57a547]
  /opt/cluster/programs/g16-c.01/g16/l1.exe() [0x4b8975]
  /opt/cluster/programs/g16-c.01/g16/l1.exe() [0x4f867a]
  /opt/cluster/programs/g16-c.01/g16/l1.exe() [0x4d56ab]
  /opt/cluster/programs/g16-c.01/g16/l1.exe() [0x41d5c6]
  /opt/cluster/programs/g16-c.01/g16/l1.exe() [0x410c4c]
  /opt/cluster/programs/g16-c.01/g16/l1.exe() [0x40d185]
  /opt/cluster/programs/g16-c.01/g16/l1.exe() [0x40cbd7]
  /opt/cluster/programs/g16-c.01/g16/l1.exe() [0x40cb24]
  /lib64/libc.so.6(__libc_start_main+0xf5) [0x2b814a566445]
  /opt/cluster/programs/g16-c.01/g16/l1.exe() [0x407269]
 Read checkpoint file gaussian_28_water_hf_adz2.chk type Unk
 Write formatted file gaussian_28_water_hf_adz2.fchk
 Will use up to     0 threads.
 Top CubeGen          Mon Feb 20 10:09:15 2023
 Aft UFChkP           Mon Feb 20 10:09:15 2023        0.06 cpu,        0.07 elapsed
 Could not find " ","Total SCF Density" on formatted checkpoint file.
 Error termination via Lnk1e at Mon Feb 20 10:09:15 2023.
Error: segmentation violation
   rax 0000000000000000, rbx 00000000058b0be0, rcx ffffffffffffffff
   rdx 0000000000025df7, rsp 00007ffd3d6bcf58, rbp 00007ffd3d6bcfb0
   rsi 000000000000000b, rdi 0000000000025df7, r8  00002b4f8b6edac0
   r9  00002b4f8b6edac0, r10 00007ffd3d6bc9e0, r11 0000000000000202
   r12 00000000058aeb0b, r13 000000000697d288, r14 00000000058aeec0
   r15 00007ffd3d6bf1f0
  /lib64/libpthread.so.0(+0xf6d0) [0x2b4f8bbe76d0]
  /lib64/libc.so.6(kill+0x7) [0x2b4f8c12c547]
  /opt/cluster/programs/g16-c.01/g16/cubegen() [0x40fe24]
  /lib64/libc.so.6(__libc_start_main+0xf5) [0x2b4f8c118445]
/var/spool/slurm//job7311726/slurm_script: line 57: 155127 Aborted                 $g16root/g16/cubegen 0 Density $FCKFILE $DNSFILE -2 h
 Will use up to     0 threads.
 Top CubeGen          Mon Feb 20 10:09:15 2023
 Aft UFChkP           Mon Feb 20 10:09:15 2023        0.07 cpu,        0.07 elapsed
 Could not find " ","Total SCF Density" on formatted checkpoint file.
 Error termination via Lnk1e at Mon Feb 20 10:09:15 2023.
Error: segmentation violation
   rax 0000000000000000, rbx 00000000058b0be0, rcx ffffffffffffffff
   rdx 0000000000025e27, rsp 00007ffc98e25c98, rbp 00007ffc98e25cf0
   rsi 000000000000000b, rdi 0000000000025e27, r8  00002b8f68b16ac0
   r9  00002b8f68b16ac0, r10 00007ffc98e25720, r11 0000000000000202
   r12 00000000058aeb0b, r13 000000000697d288, r14 00000000058aeec0
   r15 00007ffc98e27f30
  /lib64/libpthread.so.0(+0xf6d0) [0x2b8f690106d0]
  /lib64/libc.so.6(kill+0x7) [0x2b8f69555547]
  /opt/cluster/programs/g16-c.01/g16/cubegen() [0x40fe24]
  /lib64/libc.so.6(__libc_start_main+0xf5) [0x2b8f69541445]
/var/spool/slurm//job7311726/slurm_script: line 60: 155175 Aborted                 $g16root/g16/cubegen 0 Potential $FCKFILE $ESPFILE -2 h
cp: cannot stat ‘gaussian_28_water_hf_adz2_dens.cube’: No such file or directory
cp: cannot stat ‘gaussian_28_water_hf_adz2_esp.cube’: No such file or directory
