node106.cluster
Error: segmentation violation
   rax 0000000000000000, rbx ffffffffffffffff, rcx ffffffffffffffff
   rdx 0000000000025441, rsp 00007fff4b17f0c8, rbp 00007fff4b17f640
   rsi 000000000000000b, rdi 0000000000025441, r8  0000000000000020
   r9  0000000000000401, r10 00007fff4b17eb20, r11 0000000000000202
   r12 00007fff4b17f688, r13 0000000000000000, r14 0000000000000000
   r15 00000000000003e6
  /lib64/libpthread.so.0(+0xf6d0) [0x2b0a8c1ed6d0]
  /lib64/libc.so.6(kill+0x7) [0x2b0a8c732547]
  /opt/cluster/programs/g16-c.01/g16/l1.exe() [0x4b8975]
  /opt/cluster/programs/g16-c.01/g16/l1.exe() [0x4f867a]
  /opt/cluster/programs/g16-c.01/g16/l1.exe() [0x4d56ab]
  /opt/cluster/programs/g16-c.01/g16/l1.exe() [0x41d5c6]
  /opt/cluster/programs/g16-c.01/g16/l1.exe() [0x410c4c]
  /opt/cluster/programs/g16-c.01/g16/l1.exe() [0x40d185]
  /opt/cluster/programs/g16-c.01/g16/l1.exe() [0x40cbd7]
  /opt/cluster/programs/g16-c.01/g16/l1.exe() [0x40cb24]
  /lib64/libc.so.6(__libc_start_main+0xf5) [0x2b0a8c71e445]
  /opt/cluster/programs/g16-c.01/g16/l1.exe() [0x407269]
 Read checkpoint file gaussian_109_water_hf_adz.chk type Unk
 Write formatted file gaussian_109_water_hf_adz.fchk
 Will use up to     0 threads.
 Top CubeGen          Mon Feb 20 10:07:09 2023
 Aft UFChkP           Mon Feb 20 10:07:09 2023        0.07 cpu,        0.07 elapsed
 Could not find " ","Total SCF Density" on formatted checkpoint file.
 Error termination via Lnk1e at Mon Feb 20 10:07:09 2023.
Error: segmentation violation
   rax 0000000000000000, rbx 00000000058b0be0, rcx ffffffffffffffff
   rdx 000000000002548c, rsp 00007ffee029ea68, rbp 00007ffee029eac0
   rsi 000000000000000b, rdi 000000000002548c, r8  00002b5a1166eac0
   r9  00002b5a1166eac0, r10 00007ffee029e4e0, r11 0000000000000202
   r12 00000000058aeb0b, r13 000000000697d288, r14 00000000058aeec0
   r15 00007ffee02a0d00
  /lib64/libpthread.so.0(+0xf6d0) [0x2b5a11b686d0]
  /lib64/libc.so.6(kill+0x7) [0x2b5a120ad547]
  /opt/cluster/programs/g16-c.01/g16/cubegen() [0x40fe24]
  /lib64/libc.so.6(__libc_start_main+0xf5) [0x2b5a12099445]
/var/spool/slurm//job7311627/slurm_script: line 57: 152716 Aborted                 $g16root/g16/cubegen 0 Density $FCKFILE $DNSFILE -2 h
 Will use up to     0 threads.
 Top CubeGen          Mon Feb 20 10:07:09 2023
 Aft UFChkP           Mon Feb 20 10:07:09 2023        0.07 cpu,        0.07 elapsed
 Could not find " ","Total SCF Density" on formatted checkpoint file.
 Error termination via Lnk1e at Mon Feb 20 10:07:09 2023.
Error: segmentation violation
   rax 0000000000000000, rbx 00000000058b0be0, rcx ffffffffffffffff
   rdx 00000000000254bd, rsp 00007ffd1aeb4708, rbp 00007ffd1aeb4760
   rsi 000000000000000b, rdi 00000000000254bd, r8  00002ae83c4bcac0
   r9  00002ae83c4bcac0, r10 00007ffd1aeb4160, r11 0000000000000202
   r12 00000000058aeb0b, r13 000000000697d288, r14 00000000058aeec0
   r15 00007ffd1aeb69a0
  /lib64/libpthread.so.0(+0xf6d0) [0x2ae83c9b66d0]
  /lib64/libc.so.6(kill+0x7) [0x2ae83cefb547]
  /opt/cluster/programs/g16-c.01/g16/cubegen() [0x40fe24]
  /lib64/libc.so.6(__libc_start_main+0xf5) [0x2ae83cee7445]
/var/spool/slurm//job7311627/slurm_script: line 60: 152765 Aborted                 $g16root/g16/cubegen 0 Potential $FCKFILE $ESPFILE -2 h
cp: cannot stat ‘gaussian_109_water_hf_adz_dens.cube’: No such file or directory
cp: cannot stat ‘gaussian_109_water_hf_adz_esp.cube’: No such file or directory
