node101.cluster
Error: segmentation violation
   rax 0000000000000000, rbx ffffffffffffffff, rcx ffffffffffffffff
   rdx 000000000002e5ca, rsp 00007fff78999e28, rbp 00007fff7899a3a0
   rsi 000000000000000b, rdi 000000000002e5ca, r8  0000000000000020
   r9  0000000000000401, r10 00007fff789998a0, r11 0000000000000206
   r12 00007fff7899a3e8, r13 0000000000000000, r14 0000000000000000
   r15 00000000000003e6
  /lib64/libpthread.so.0(+0xf6d0) [0x2ad63da046d0]
  /lib64/libc.so.6(kill+0x7) [0x2ad63df49547]
  /opt/cluster/programs/g16-c.01/g16/l1.exe() [0x4b8975]
  /opt/cluster/programs/g16-c.01/g16/l1.exe() [0x4f867a]
  /opt/cluster/programs/g16-c.01/g16/l1.exe() [0x4d56ab]
  /opt/cluster/programs/g16-c.01/g16/l1.exe() [0x41d5c6]
  /opt/cluster/programs/g16-c.01/g16/l1.exe() [0x410c4c]
  /opt/cluster/programs/g16-c.01/g16/l1.exe() [0x40d185]
  /opt/cluster/programs/g16-c.01/g16/l1.exe() [0x40cbd7]
  /opt/cluster/programs/g16-c.01/g16/l1.exe() [0x40cb24]
  /lib64/libc.so.6(__libc_start_main+0xf5) [0x2ad63df35445]
  /opt/cluster/programs/g16-c.01/g16/l1.exe() [0x407269]
 Read checkpoint file gaussian_31_water_hf_adz2.chk type Unk
 Write formatted file gaussian_31_water_hf_adz2.fchk
 Will use up to     0 threads.
 Top CubeGen          Mon Feb 20 10:09:25 2023
 Aft UFChkP           Mon Feb 20 10:09:25 2023        0.07 cpu,        0.07 elapsed
 Could not find " ","Total SCF Density" on formatted checkpoint file.
 Error termination via Lnk1e at Mon Feb 20 10:09:25 2023.
Error: segmentation violation
   rax 0000000000000000, rbx 00000000058b0be0, rcx ffffffffffffffff
   rdx 000000000002e5dc, rsp 00007fffc87ccd68, rbp 00007fffc87ccdc0
   rsi 000000000000000b, rdi 000000000002e5dc, r8  00002b67a9c8eac0
   r9  00002b67a9c8eac0, r10 00007fffc87cc7e0, r11 0000000000000202
   r12 00000000058aeb0b, r13 000000000697d288, r14 00000000058aeec0
   r15 00007fffc87cf000
  /lib64/libpthread.so.0(+0xf6d0) [0x2b67aa1886d0]
  /lib64/libc.so.6(kill+0x7) [0x2b67aa6cd547]
  /opt/cluster/programs/g16-c.01/g16/cubegen() [0x40fe24]
  /lib64/libc.so.6(__libc_start_main+0xf5) [0x2b67aa6b9445]
/var/spool/slurm//job7311729/slurm_script: line 57: 189916 Aborted                 $g16root/g16/cubegen 0 Density $FCKFILE $DNSFILE -2 h
 Will use up to     0 threads.
 Top CubeGen          Mon Feb 20 10:09:25 2023
 Aft UFChkP           Mon Feb 20 10:09:25 2023        0.06 cpu,        0.07 elapsed
 Could not find " ","Total SCF Density" on formatted checkpoint file.
 Error termination via Lnk1e at Mon Feb 20 10:09:25 2023.
Error: segmentation violation
   rax 0000000000000000, rbx 00000000058b0be0, rcx ffffffffffffffff
   rdx 000000000002e5e9, rsp 00007ffc96307c08, rbp 00007ffc96307c60
   rsi 000000000000000b, rdi 000000000002e5e9, r8  00002ab3e0db5ac0
   r9  00002ab3e0db5ac0, r10 00007ffc96307660, r11 0000000000000202
   r12 00000000058aeb0b, r13 000000000697d288, r14 00000000058aeec0
   r15 00007ffc96309ea0
  /lib64/libpthread.so.0(+0xf6d0) [0x2ab3e12af6d0]
  /lib64/libc.so.6(kill+0x7) [0x2ab3e17f4547]
  /opt/cluster/programs/g16-c.01/g16/cubegen() [0x40fe24]
  /lib64/libc.so.6(__libc_start_main+0xf5) [0x2ab3e17e0445]
/var/spool/slurm//job7311729/slurm_script: line 60: 189929 Aborted                 $g16root/g16/cubegen 0 Potential $FCKFILE $ESPFILE -2 h
cp: cannot stat ‘gaussian_31_water_hf_adz2_dens.cube’: No such file or directory
cp: cannot stat ‘gaussian_31_water_hf_adz2_esp.cube’: No such file or directory
