node106.cluster
Error: segmentation violation
   rax 0000000000000000, rbx ffffffffffffffff, rcx ffffffffffffffff
   rdx 0000000000025614, rsp 00007fff4ad2cb28, rbp 00007fff4ad2d0a0
   rsi 000000000000000b, rdi 0000000000025614, r8  0000000000000020
   r9  0000000000000401, r10 00007fff4ad2c5a0, r11 0000000000000206
   r12 00007fff4ad2d0e8, r13 0000000000000000, r14 0000000000000000
   r15 00000000000003e6
  /lib64/libpthread.so.0(+0xf6d0) [0x2b901dc706d0]
  /lib64/libc.so.6(kill+0x7) [0x2b901e1b5547]
  /opt/cluster/programs/g16-c.01/g16/l1.exe() [0x4b8975]
  /opt/cluster/programs/g16-c.01/g16/l1.exe() [0x4f867a]
  /opt/cluster/programs/g16-c.01/g16/l1.exe() [0x4d56ab]
  /opt/cluster/programs/g16-c.01/g16/l1.exe() [0x41d5c6]
  /opt/cluster/programs/g16-c.01/g16/l1.exe() [0x410c4c]
  /opt/cluster/programs/g16-c.01/g16/l1.exe() [0x40d185]
  /opt/cluster/programs/g16-c.01/g16/l1.exe() [0x40cbd7]
  /opt/cluster/programs/g16-c.01/g16/l1.exe() [0x40cb24]
  /lib64/libc.so.6(__libc_start_main+0xf5) [0x2b901e1a1445]
  /opt/cluster/programs/g16-c.01/g16/l1.exe() [0x407269]
 Read checkpoint file gaussian_128_water_hf_adz.chk type Unk
 Write formatted file gaussian_128_water_hf_adz.fchk
 Will use up to     0 threads.
 Top CubeGen          Mon Feb 20 10:07:30 2023
 Aft UFChkP           Mon Feb 20 10:07:30 2023        0.07 cpu,        0.07 elapsed
 Could not find " ","Total SCF Density" on formatted checkpoint file.
 Error termination via Lnk1e at Mon Feb 20 10:07:30 2023.
Error: segmentation violation
   rax 0000000000000000, rbx 00000000058b0be0, rcx ffffffffffffffff
   rdx 0000000000025660, rsp 00007ffe4502e468, rbp 00007ffe4502e4c0
   rsi 000000000000000b, rdi 0000000000025660, r8  00002ace0d43bac0
   r9  00002ace0d43bac0, r10 00007ffe4502dee0, r11 0000000000000202
   r12 00000000058aeb0b, r13 000000000697d288, r14 00000000058aeec0
   r15 00007ffe45030700
  /lib64/libpthread.so.0(+0xf6d0) [0x2ace0d9356d0]
  /lib64/libc.so.6(kill+0x7) [0x2ace0de7a547]
  /opt/cluster/programs/g16-c.01/g16/cubegen() [0x40fe24]
  /lib64/libc.so.6(__libc_start_main+0xf5) [0x2ace0de66445]
/var/spool/slurm//job7311646/slurm_script: line 57: 153184 Aborted                 $g16root/g16/cubegen 0 Density $FCKFILE $DNSFILE -2 h
 Will use up to     0 threads.
 Top CubeGen          Mon Feb 20 10:07:30 2023
 Aft UFChkP           Mon Feb 20 10:07:30 2023        0.06 cpu,        0.07 elapsed
 Could not find " ","Total SCF Density" on formatted checkpoint file.
 Error termination via Lnk1e at Mon Feb 20 10:07:30 2023.
Error: segmentation violation
   rax 0000000000000000, rbx 00000000058b0be0, rcx ffffffffffffffff
   rdx 0000000000025680, rsp 00007fff804b6648, rbp 00007fff804b66a0
   rsi 000000000000000b, rdi 0000000000025680, r8  00002b18b85f5ac0
   r9  00002b18b85f5ac0, r10 00007fff804b60a0, r11 0000000000000206
   r12 00000000058aeb0b, r13 000000000697d288, r14 00000000058aeec0
   r15 00007fff804b88e0
  /lib64/libpthread.so.0(+0xf6d0) [0x2b18b8aef6d0]
  /lib64/libc.so.6(kill+0x7) [0x2b18b9034547]
  /opt/cluster/programs/g16-c.01/g16/cubegen() [0x40fe24]
  /lib64/libc.so.6(__libc_start_main+0xf5) [0x2b18b9020445]
/var/spool/slurm//job7311646/slurm_script: line 60: 153216 Aborted                 $g16root/g16/cubegen 0 Potential $FCKFILE $ESPFILE -2 h
cp: cannot stat ‘gaussian_128_water_hf_adz_dens.cube’: No such file or directory
cp: cannot stat ‘gaussian_128_water_hf_adz_esp.cube’: No such file or directory
