node105.cluster
Error: segmentation violation
   rax 0000000000000000, rbx ffffffffffffffff, rcx ffffffffffffffff
   rdx 000000000002bb70, rsp 00007ffe9d177c78, rbp 00007ffe9d1781f0
   rsi 000000000000000b, rdi 000000000002bb70, r8  0000000000000020
   r9  0000000000000401, r10 00007ffe9d1776e0, r11 0000000000000206
   r12 00007ffe9d178238, r13 0000000000000000, r14 0000000000000000
   r15 00000000000003e6
  /lib64/libpthread.so.0(+0xf6d0) [0x2b82c5be26d0]
  /lib64/libc.so.6(kill+0x7) [0x2b82c6127547]
  /opt/cluster/programs/g16-c.01/g16/l1.exe() [0x4b8975]
  /opt/cluster/programs/g16-c.01/g16/l1.exe() [0x4f867a]
  /opt/cluster/programs/g16-c.01/g16/l1.exe() [0x4d56ab]
  /opt/cluster/programs/g16-c.01/g16/l1.exe() [0x41d5c6]
  /opt/cluster/programs/g16-c.01/g16/l1.exe() [0x410c4c]
  /opt/cluster/programs/g16-c.01/g16/l1.exe() [0x40d185]
  /opt/cluster/programs/g16-c.01/g16/l1.exe() [0x40cbd7]
  /opt/cluster/programs/g16-c.01/g16/l1.exe() [0x40cb24]
  /lib64/libc.so.6(__libc_start_main+0xf5) [0x2b82c6113445]
  /opt/cluster/programs/g16-c.01/g16/l1.exe() [0x407269]
 Read checkpoint file gaussian_124_water_hf_adz2.chk type Unk
 Write formatted file gaussian_124_water_hf_adz2.fchk
 Will use up to     0 threads.
 Top CubeGen          Mon Feb 20 10:10:57 2023
 Aft UFChkP           Mon Feb 20 10:10:57 2023        0.07 cpu,        0.07 elapsed
 Could not find " ","Total SCF Density" on formatted checkpoint file.
 Error termination via Lnk1e at Mon Feb 20 10:10:57 2023.
Error: segmentation violation
   rax 0000000000000000, rbx 00000000058b0be0, rcx ffffffffffffffff
   rdx 000000000002bbba, rsp 00007ffd02f05968, rbp 00007ffd02f059c0
   rsi 000000000000000b, rdi 000000000002bbba, r8  00002b9a25c28ac0
   r9  00002b9a25c28ac0, r10 00007ffd02f053e0, r11 0000000000000202
   r12 00000000058aeb0b, r13 000000000697d288, r14 00000000058aeec0
   r15 00007ffd02f07c00
  /lib64/libpthread.so.0(+0xf6d0) [0x2b9a261226d0]
  /lib64/libc.so.6(kill+0x7) [0x2b9a26667547]
  /opt/cluster/programs/g16-c.01/g16/cubegen() [0x40fe24]
  /lib64/libc.so.6(__libc_start_main+0xf5) [0x2b9a26653445]
/var/spool/slurm//job7311822/slurm_script: line 57: 179130 Aborted                 $g16root/g16/cubegen 0 Density $FCKFILE $DNSFILE -2 h
 Will use up to     0 threads.
 Top CubeGen          Mon Feb 20 10:10:58 2023
 Aft UFChkP           Mon Feb 20 10:10:58 2023        0.07 cpu,        0.07 elapsed
 Could not find " ","Total SCF Density" on formatted checkpoint file.
 Error termination via Lnk1e at Mon Feb 20 10:10:58 2023.
Error: segmentation violation
   rax 0000000000000000, rbx 00000000058b0be0, rcx ffffffffffffffff
   rdx 000000000002bbe7, rsp 00007ffc70cb0438, rbp 00007ffc70cb0490
   rsi 000000000000000b, rdi 000000000002bbe7, r8  00002b5d7c71bac0
   r9  00002b5d7c71bac0, r10 00007ffc70cafea0, r11 0000000000000202
   r12 00000000058aeb0b, r13 000000000697d288, r14 00000000058aeec0
   r15 00007ffc70cb26d0
  /lib64/libpthread.so.0(+0xf6d0) [0x2b5d7cc156d0]
  /lib64/libc.so.6(kill+0x7) [0x2b5d7d15a547]
  /opt/cluster/programs/g16-c.01/g16/cubegen() [0x40fe24]
  /lib64/libc.so.6(__libc_start_main+0xf5) [0x2b5d7d146445]
/var/spool/slurm//job7311822/slurm_script: line 60: 179175 Aborted                 $g16root/g16/cubegen 0 Potential $FCKFILE $ESPFILE -2 h
cp: cannot stat ‘gaussian_124_water_hf_adz2_dens.cube’: No such file or directory
cp: cannot stat ‘gaussian_124_water_hf_adz2_esp.cube’: No such file or directory
