node105.cluster
Error: segmentation violation
   rax 0000000000000000, rbx ffffffffffffffff, rcx ffffffffffffffff
   rdx 000000000002af75, rsp 00007ffdcff227c8, rbp 00007ffdcff22d40
   rsi 000000000000000b, rdi 000000000002af75, r8  0000000000000020
   r9  0000000000000401, r10 00007ffdcff22220, r11 0000000000000202
   r12 00007ffdcff22d88, r13 0000000000000000, r14 0000000000000000
   r15 00000000000003e6
  /lib64/libpthread.so.0(+0xf6d0) [0x2b1dc65e36d0]
  /lib64/libc.so.6(kill+0x7) [0x2b1dc6b28547]
  /opt/cluster/programs/g16-c.01/g16/l1.exe() [0x4b8975]
  /opt/cluster/programs/g16-c.01/g16/l1.exe() [0x4f867a]
  /opt/cluster/programs/g16-c.01/g16/l1.exe() [0x4d56ab]
  /opt/cluster/programs/g16-c.01/g16/l1.exe() [0x41d5c6]
  /opt/cluster/programs/g16-c.01/g16/l1.exe() [0x410c4c]
  /opt/cluster/programs/g16-c.01/g16/l1.exe() [0x40d185]
  /opt/cluster/programs/g16-c.01/g16/l1.exe() [0x40cbd7]
  /opt/cluster/programs/g16-c.01/g16/l1.exe() [0x40cb24]
  /lib64/libc.so.6(__libc_start_main+0xf5) [0x2b1dc6b14445]
  /opt/cluster/programs/g16-c.01/g16/l1.exe() [0x407269]
 Read checkpoint file gaussian_2_water_hf_adz2.chk type Unk
 Write formatted file gaussian_2_water_hf_adz2.fchk
 Will use up to     0 threads.
 Top CubeGen          Mon Feb 20 10:08:55 2023
 Aft UFChkP           Mon Feb 20 10:08:55 2023        0.08 cpu,        0.07 elapsed
 Could not find " ","Total SCF Density" on formatted checkpoint file.
 Error termination via Lnk1e at Mon Feb 20 10:08:55 2023.
Error: segmentation violation
   rax 0000000000000000, rbx 00000000058b0be0, rcx ffffffffffffffff
   rdx 000000000002afdf, rsp 00007ffc91e81e08, rbp 00007ffc91e81e60
   rsi 000000000000000b, rdi 000000000002afdf, r8  00002ac55506aac0
   r9  00002ac55506aac0, r10 00007ffc91e81860, r11 0000000000000202
   r12 00000000058aeb0b, r13 000000000697d288, r14 00000000058aeec0
   r15 00007ffc91e840a0
  /lib64/libpthread.so.0(+0xf6d0) [0x2ac5555646d0]
  /lib64/libc.so.6(kill+0x7) [0x2ac555aa9547]
  /opt/cluster/programs/g16-c.01/g16/cubegen() [0x40fe24]
  /lib64/libc.so.6(__libc_start_main+0xf5) [0x2ac555a95445]
/var/spool/slurm//job7311700/slurm_script: line 57: 176095 Aborted                 $g16root/g16/cubegen 0 Density $FCKFILE $DNSFILE -2 h
 Will use up to     0 threads.
 Top CubeGen          Mon Feb 20 10:08:55 2023
 Aft UFChkP           Mon Feb 20 10:08:55 2023        0.07 cpu,        0.07 elapsed
 Could not find " ","Total SCF Density" on formatted checkpoint file.
 Error termination via Lnk1e at Mon Feb 20 10:08:55 2023.
Error: segmentation violation
   rax 0000000000000000, rbx 00000000058b0be0, rcx ffffffffffffffff
   rdx 000000000002b00f, rsp 00007ffe01961c88, rbp 00007ffe01961ce0
   rsi 000000000000000b, rdi 000000000002b00f, r8  00002ab085a7aac0
   r9  00002ab085a7aac0, r10 00007ffe019616e0, r11 0000000000000206
   r12 00000000058aeb0b, r13 000000000697d288, r14 00000000058aeec0
   r15 00007ffe01963f20
  /lib64/libpthread.so.0(+0xf6d0) [0x2ab085f746d0]
  /lib64/libc.so.6(kill+0x7) [0x2ab0864b9547]
  /opt/cluster/programs/g16-c.01/g16/cubegen() [0x40fe24]
  /lib64/libc.so.6(__libc_start_main+0xf5) [0x2ab0864a5445]
/var/spool/slurm//job7311700/slurm_script: line 60: 176143 Aborted                 $g16root/g16/cubegen 0 Potential $FCKFILE $ESPFILE -2 h
cp: cannot stat ‘gaussian_2_water_hf_adz2_dens.cube’: No such file or directory
cp: cannot stat ‘gaussian_2_water_hf_adz2_esp.cube’: No such file or directory
