node66.cluster
 Read checkpoint file gaussian_175_water_hf_pdz.chk type G16
 Write formatted file gaussian_175_water_hf_pdz.fchk
 FChkPn:  Coordinates translated and rotated.
 FChkPn:  Coordinates match /B/ after translation and rotation.
 Will use up to     0 threads.
 Top CubeGen          Wed Feb  8 15:07:31 2023
 Aft UFChkP           Wed Feb  8 15:07:31 2023        0.09 cpu,        0.10 elapsed
 Aft DecCub           Wed Feb  8 15:07:31 2023        0.01 cpu,        0.00 elapsed
 Aft Density          Wed Feb  8 15:07:31 2023        0.00 cpu,        0.00 elapsed
 Bef DoCube           Wed Feb  8 15:07:31 2023        0.00 cpu,        0.00 elapsed
 There are a total of       29791 grid points.
 ElSum from          density=        8.1560925026
 Aft DoCube           Wed Feb  8 15:07:31 2023        0.03 cpu,        0.03 elapsed
 Will use up to     0 threads.
 Top CubeGen          Wed Feb  8 15:07:31 2023
 Aft UFChkP           Wed Feb  8 15:07:32 2023        0.13 cpu,        0.13 elapsed
 Aft DecCub           Wed Feb  8 15:07:32 2023        0.00 cpu,        0.00 elapsed
 Aft Density          Wed Feb  8 15:07:32 2023        0.00 cpu,        0.00 elapsed
 Bef DoCube           Wed Feb  8 15:07:32 2023        0.00 cpu,        0.00 elapsed
 There are a total of       29791 grid points.
 ElSum from          density=       13.5950427393
 Aft DoCube           Wed Feb  8 15:07:32 2023        0.14 cpu,        0.14 elapsed
