node106.cluster
Error: segmentation violation
   rax 0000000000000000, rbx ffffffffffffffff, rcx ffffffffffffffff
   rdx 000000000002514c, rsp 00007ffc30c21f48, rbp 00007ffc30c224c0
   rsi 000000000000000b, rdi 000000000002514c, r8  0000000000000020
   r9  0000000000000401, r10 00007ffc30c219a0, r11 0000000000000206
   r12 00007ffc30c22508, r13 0000000000000000, r14 0000000000000000
   r15 00000000000003e6
  /lib64/libpthread.so.0(+0xf6d0) [0x2b299ef7f6d0]
  /lib64/libc.so.6(kill+0x7) [0x2b299f4c4547]
  /opt/cluster/programs/g16-c.01/g16/l1.exe() [0x4b8975]
  /opt/cluster/programs/g16-c.01/g16/l1.exe() [0x4f867a]
  /opt/cluster/programs/g16-c.01/g16/l1.exe() [0x4d56ab]
  /opt/cluster/programs/g16-c.01/g16/l1.exe() [0x41d5c6]
  /opt/cluster/programs/g16-c.01/g16/l1.exe() [0x410c4c]
  /opt/cluster/programs/g16-c.01/g16/l1.exe() [0x40d185]
  /opt/cluster/programs/g16-c.01/g16/l1.exe() [0x40cbd7]
  /opt/cluster/programs/g16-c.01/g16/l1.exe() [0x40cb24]
  /lib64/libc.so.6(__libc_start_main+0xf5) [0x2b299f4b0445]
  /opt/cluster/programs/g16-c.01/g16/l1.exe() [0x407269]
 Read checkpoint file gaussian_79_water_hf_adz.chk type Unk
 Write formatted file gaussian_79_water_hf_adz.fchk
 Will use up to     0 threads.
 Top CubeGen          Mon Feb 20 10:06:38 2023
 Aft UFChkP           Mon Feb 20 10:06:38 2023        0.06 cpu,        0.07 elapsed
 Could not find " ","Total SCF Density" on formatted checkpoint file.
 Error termination via Lnk1e at Mon Feb 20 10:06:38 2023.
Error: segmentation violation
   rax 0000000000000000, rbx 00000000058b0be0, rcx ffffffffffffffff
   rdx 0000000000025197, rsp 00007ffda0dbe5f8, rbp 00007ffda0dbe650
   rsi 000000000000000b, rdi 0000000000025197, r8  00002abd2fdd8ac0
   r9  00002abd2fdd8ac0, r10 00007ffda0dbe060, r11 0000000000000202
   r12 00000000058aeb0b, r13 000000000697d288, r14 00000000058aeec0
   r15 00007ffda0dc0890
  /lib64/libpthread.so.0(+0xf6d0) [0x2abd302d26d0]
  /lib64/libc.so.6(kill+0x7) [0x2abd30817547]
  /opt/cluster/programs/g16-c.01/g16/cubegen() [0x40fe24]
  /lib64/libc.so.6(__libc_start_main+0xf5) [0x2abd30803445]
/var/spool/slurm//job7311597/slurm_script: line 57: 151959 Aborted                 $g16root/g16/cubegen 0 Density $FCKFILE $DNSFILE -2 h
 Will use up to     0 threads.
 Top CubeGen          Mon Feb 20 10:06:39 2023
 Aft UFChkP           Mon Feb 20 10:06:39 2023        0.06 cpu,        0.07 elapsed
 Could not find " ","Total SCF Density" on formatted checkpoint file.
 Error termination via Lnk1e at Mon Feb 20 10:06:39 2023.
Error: segmentation violation
   rax 0000000000000000, rbx 00000000058b0be0, rcx ffffffffffffffff
   rdx 00000000000251c7, rsp 00007ffecc684718, rbp 00007ffecc684770
   rsi 000000000000000b, rdi 00000000000251c7, r8  00002b3d6e100ac0
   r9  00002b3d6e100ac0, r10 00007ffecc6841a0, r11 0000000000000206
   r12 00000000058aeb0b, r13 000000000697d288, r14 00000000058aeec0
   r15 00007ffecc6869b0
  /lib64/libpthread.so.0(+0xf6d0) [0x2b3d6e5fa6d0]
  /lib64/libc.so.6(kill+0x7) [0x2b3d6eb3f547]
  /opt/cluster/programs/g16-c.01/g16/cubegen() [0x40fe24]
  /lib64/libc.so.6(__libc_start_main+0xf5) [0x2b3d6eb2b445]
/var/spool/slurm//job7311597/slurm_script: line 60: 152007 Aborted                 $g16root/g16/cubegen 0 Potential $FCKFILE $ESPFILE -2 h
cp: cannot stat ‘gaussian_79_water_hf_adz_dens.cube’: No such file or directory
cp: cannot stat ‘gaussian_79_water_hf_adz_esp.cube’: No such file or directory
