node59.cluster
 Read checkpoint file gaussian_35_water_pbe0_dz.chk type G16
 Write formatted file gaussian_35_water_pbe0_dz.fchk
 FChkPn:  Coordinates translated and rotated.
 FChkPn:  Coordinates match /B/ after translation and rotation.
 Will use up to     0 threads.
 Top CubeGen          Mon Mar 20 17:33:28 2023
 Aft UFChkP           Mon Mar 20 17:33:28 2023        0.12 cpu,        0.12 elapsed
 Aft DecCub           Mon Mar 20 17:33:28 2023        0.01 cpu,        0.01 elapsed
 Aft Density          Mon Mar 20 17:33:28 2023        0.00 cpu,        0.00 elapsed
 Bef DoCube           Mon Mar 20 17:33:28 2023        0.00 cpu,        0.00 elapsed
 There are a total of       29791 grid points.
 ElSum from          density=        8.1585481227
 Aft DoCube           Mon Mar 20 17:33:28 2023        0.06 cpu,        0.07 elapsed
 Will use up to     0 threads.
 Top CubeGen          Mon Mar 20 17:33:28 2023
 Aft UFChkP           Mon Mar 20 17:33:28 2023        0.12 cpu,        0.12 elapsed
 Aft DecCub           Mon Mar 20 17:33:28 2023        0.00 cpu,        0.00 elapsed
 Aft Density          Mon Mar 20 17:33:28 2023        0.00 cpu,        0.00 elapsed
 Bef DoCube           Mon Mar 20 17:33:28 2023        0.00 cpu,        0.00 elapsed
 There are a total of       29791 grid points.
 ElSum from          density=       13.6057467335
 Aft DoCube           Mon Mar 20 17:33:29 2023        0.41 cpu,        0.41 elapsed
