node106.cluster
Error: segmentation violation
   rax 0000000000000000, rbx ffffffffffffffff, rcx ffffffffffffffff
   rdx 0000000000025dbb, rsp 00007ffe437aa888, rbp 00007ffe437aae00
   rsi 000000000000000b, rdi 0000000000025dbb, r8  0000000000000020
   r9  0000000000000401, r10 00007ffe437aa2e0, r11 0000000000000206
   r12 00007ffe437aae48, r13 0000000000000000, r14 0000000000000000
   r15 00000000000003e6
  /lib64/libpthread.so.0(+0xf6d0) [0x2b788b5106d0]
  /lib64/libc.so.6(kill+0x7) [0x2b788ba55547]
  /opt/cluster/programs/g16-c.01/g16/l1.exe() [0x4b8975]
  /opt/cluster/programs/g16-c.01/g16/l1.exe() [0x4f867a]
  /opt/cluster/programs/g16-c.01/g16/l1.exe() [0x4d56ab]
  /opt/cluster/programs/g16-c.01/g16/l1.exe() [0x41d5c6]
  /opt/cluster/programs/g16-c.01/g16/l1.exe() [0x410c4c]
  /opt/cluster/programs/g16-c.01/g16/l1.exe() [0x40d185]
  /opt/cluster/programs/g16-c.01/g16/l1.exe() [0x40cbd7]
  /opt/cluster/programs/g16-c.01/g16/l1.exe() [0x40cb24]
  /lib64/libc.so.6(__libc_start_main+0xf5) [0x2b788ba41445]
  /opt/cluster/programs/g16-c.01/g16/l1.exe() [0x407269]
 Read checkpoint file gaussian_29_water_hf_adz2.chk type Unk
 Write formatted file gaussian_29_water_hf_adz2.fchk
 Will use up to     0 threads.
 Top CubeGen          Mon Feb 20 10:09:15 2023
 Aft UFChkP           Mon Feb 20 10:09:15 2023        0.07 cpu,        0.07 elapsed
 Could not find " ","Total SCF Density" on formatted checkpoint file.
 Error termination via Lnk1e at Mon Feb 20 10:09:15 2023.
Error: segmentation violation
   rax 0000000000000000, rbx 00000000058b0be0, rcx ffffffffffffffff
   rdx 0000000000025df8, rsp 00007ffe193a91b8, rbp 00007ffe193a9210
   rsi 000000000000000b, rdi 0000000000025df8, r8  00002b7d67957ac0
   r9  00002b7d67957ac0, r10 00007ffe193a8c20, r11 0000000000000206
   r12 00000000058aeb0b, r13 000000000697d288, r14 00000000058aeec0
   r15 00007ffe193ab450
  /lib64/libpthread.so.0(+0xf6d0) [0x2b7d67e516d0]
  /lib64/libc.so.6(kill+0x7) [0x2b7d68396547]
  /opt/cluster/programs/g16-c.01/g16/cubegen() [0x40fe24]
  /lib64/libc.so.6(__libc_start_main+0xf5) [0x2b7d68382445]
/var/spool/slurm//job7311727/slurm_script: line 57: 155128 Aborted                 $g16root/g16/cubegen 0 Density $FCKFILE $DNSFILE -2 h
 Will use up to     0 threads.
 Top CubeGen          Mon Feb 20 10:09:15 2023
 Aft UFChkP           Mon Feb 20 10:09:15 2023        0.06 cpu,        0.07 elapsed
 Could not find " ","Total SCF Density" on formatted checkpoint file.
 Error termination via Lnk1e at Mon Feb 20 10:09:15 2023.
Error: segmentation violation
   rax 0000000000000000, rbx 00000000058b0be0, rcx ffffffffffffffff
   rdx 0000000000025e28, rsp 00007ffd973db3b8, rbp 00007ffd973db410
   rsi 000000000000000b, rdi 0000000000025e28, r8  00002ba6f23e5ac0
   r9  00002ba6f23e5ac0, r10 00007ffd973dae20, r11 0000000000000206
   r12 00000000058aeb0b, r13 000000000697d288, r14 00000000058aeec0
   r15 00007ffd973dd650
  /lib64/libpthread.so.0(+0xf6d0) [0x2ba6f28df6d0]
  /lib64/libc.so.6(kill+0x7) [0x2ba6f2e24547]
  /opt/cluster/programs/g16-c.01/g16/cubegen() [0x40fe24]
  /lib64/libc.so.6(__libc_start_main+0xf5) [0x2ba6f2e10445]
/var/spool/slurm//job7311727/slurm_script: line 60: 155176 Aborted                 $g16root/g16/cubegen 0 Potential $FCKFILE $ESPFILE -2 h
cp: cannot stat ‘gaussian_29_water_hf_adz2_dens.cube’: No such file or directory
cp: cannot stat ‘gaussian_29_water_hf_adz2_esp.cube’: No such file or directory
