node105.cluster
Error: segmentation violation
   rax 0000000000000000, rbx ffffffffffffffff, rcx ffffffffffffffff
   rdx 000000000002b975, rsp 00007ffcf5fc7198, rbp 00007ffcf5fc7710
   rsi 000000000000000b, rdi 000000000002b975, r8  0000000000000020
   r9  0000000000000401, r10 00007ffcf5fc6c20, r11 0000000000000202
   r12 00007ffcf5fc7758, r13 0000000000000000, r14 0000000000000000
   r15 00000000000003e6
  /lib64/libpthread.so.0(+0xf6d0) [0x2b71c74e66d0]
  /lib64/libc.so.6(kill+0x7) [0x2b71c7a2b547]
  /opt/cluster/programs/g16-c.01/g16/l1.exe() [0x4b8975]
  /opt/cluster/programs/g16-c.01/g16/l1.exe() [0x4f867a]
  /opt/cluster/programs/g16-c.01/g16/l1.exe() [0x4d56ab]
  /opt/cluster/programs/g16-c.01/g16/l1.exe() [0x41d5c6]
  /opt/cluster/programs/g16-c.01/g16/l1.exe() [0x410c4c]
  /opt/cluster/programs/g16-c.01/g16/l1.exe() [0x40d185]
  /opt/cluster/programs/g16-c.01/g16/l1.exe() [0x40cbd7]
  /opt/cluster/programs/g16-c.01/g16/l1.exe() [0x40cb24]
  /lib64/libc.so.6(__libc_start_main+0xf5) [0x2b71c7a17445]
  /opt/cluster/programs/g16-c.01/g16/l1.exe() [0x407269]
 Read checkpoint file gaussian_104_water_hf_adz2.chk type Unk
 Write formatted file gaussian_104_water_hf_adz2.fchk
 Will use up to     0 threads.
 Top CubeGen          Mon Feb 20 10:10:38 2023
 Aft UFChkP           Mon Feb 20 10:10:38 2023        0.07 cpu,        0.07 elapsed
 Could not find " ","Total SCF Density" on formatted checkpoint file.
 Error termination via Lnk1e at Mon Feb 20 10:10:38 2023.
Error: segmentation violation
   rax 0000000000000000, rbx 00000000058b0be0, rcx ffffffffffffffff
   rdx 000000000002b9c0, rsp 00007fff458d0218, rbp 00007fff458d0270
   rsi 000000000000000b, rdi 000000000002b9c0, r8  00002b2556cc1ac0
   r9  00002b2556cc1ac0, r10 00007fff458cfca0, r11 0000000000000206
   r12 00000000058aeb0b, r13 000000000697d288, r14 00000000058aeec0
   r15 00007fff458d24b0
  /lib64/libpthread.so.0(+0xf6d0) [0x2b25571bb6d0]
  /lib64/libc.so.6(kill+0x7) [0x2b2557700547]
  /opt/cluster/programs/g16-c.01/g16/cubegen() [0x40fe24]
  /lib64/libc.so.6(__libc_start_main+0xf5) [0x2b25576ec445]
/var/spool/slurm//job7311802/slurm_script: line 57: 178624 Aborted                 $g16root/g16/cubegen 0 Density $FCKFILE $DNSFILE -2 h
 Will use up to     0 threads.
 Top CubeGen          Mon Feb 20 10:10:39 2023
 Aft UFChkP           Mon Feb 20 10:10:39 2023        0.07 cpu,        0.07 elapsed
 Could not find " ","Total SCF Density" on formatted checkpoint file.
 Error termination via Lnk1e at Mon Feb 20 10:10:39 2023.
Error: segmentation violation
   rax 0000000000000000, rbx 00000000058b0be0, rcx ffffffffffffffff
   rdx 000000000002b9ef, rsp 00007fff3a0acc38, rbp 00007fff3a0acc90
   rsi 000000000000000b, rdi 000000000002b9ef, r8  00002b9e1913dac0
   r9  00002b9e1913dac0, r10 00007fff3a0ac6a0, r11 0000000000000202
   r12 00000000058aeb0b, r13 000000000697d288, r14 00000000058aeec0
   r15 00007fff3a0aeed0
  /lib64/libpthread.so.0(+0xf6d0) [0x2b9e196376d0]
  /lib64/libc.so.6(kill+0x7) [0x2b9e19b7c547]
  /opt/cluster/programs/g16-c.01/g16/cubegen() [0x40fe24]
  /lib64/libc.so.6(__libc_start_main+0xf5) [0x2b9e19b68445]
/var/spool/slurm//job7311802/slurm_script: line 60: 178671 Aborted                 $g16root/g16/cubegen 0 Potential $FCKFILE $ESPFILE -2 h
cp: cannot stat ‘gaussian_104_water_hf_adz2_dens.cube’: No such file or directory
cp: cannot stat ‘gaussian_104_water_hf_adz2_esp.cube’: No such file or directory
