node105.cluster
Error: segmentation violation
   rax 0000000000000000, rbx ffffffffffffffff, rcx ffffffffffffffff
   rdx 000000000002b76b, rsp 00007ffc8e7fd0e8, rbp 00007ffc8e7fd660
   rsi 000000000000000b, rdi 000000000002b76b, r8  0000000000000020
   r9  0000000000000401, r10 00007ffc8e7fcb60, r11 0000000000000206
   r12 00007ffc8e7fd6a8, r13 0000000000000000, r14 0000000000000000
   r15 00000000000003e6
  /lib64/libpthread.so.0(+0xf6d0) [0x2b11ba78b6d0]
  /lib64/libc.so.6(kill+0x7) [0x2b11bacd0547]
  /opt/cluster/programs/g16-c.01/g16/l1.exe() [0x4b8975]
  /opt/cluster/programs/g16-c.01/g16/l1.exe() [0x4f867a]
  /opt/cluster/programs/g16-c.01/g16/l1.exe() [0x4d56ab]
  /opt/cluster/programs/g16-c.01/g16/l1.exe() [0x41d5c6]
  /opt/cluster/programs/g16-c.01/g16/l1.exe() [0x410c4c]
  /opt/cluster/programs/g16-c.01/g16/l1.exe() [0x40d185]
  /opt/cluster/programs/g16-c.01/g16/l1.exe() [0x40cbd7]
  /opt/cluster/programs/g16-c.01/g16/l1.exe() [0x40cb24]
  /lib64/libc.so.6(__libc_start_main+0xf5) [0x2b11bacbc445]
  /opt/cluster/programs/g16-c.01/g16/l1.exe() [0x407269]
 Read checkpoint file gaussian_83_water_hf_adz2.chk type Unk
 Write formatted file gaussian_83_water_hf_adz2.fchk
 Will use up to     0 threads.
 Top CubeGen          Mon Feb 20 10:10:16 2023
 Aft UFChkP           Mon Feb 20 10:10:16 2023        0.08 cpu,        0.08 elapsed
 Could not find " ","Total SCF Density" on formatted checkpoint file.
 Error termination via Lnk1e at Mon Feb 20 10:10:16 2023.
Error: segmentation violation
   rax 0000000000000000, rbx 00000000058b0be0, rcx ffffffffffffffff
   rdx 000000000002b7b3, rsp 00007ffcc7d7c8b8, rbp 00007ffcc7d7c910
   rsi 000000000000000b, rdi 000000000002b7b3, r8  00002ac4fabc5ac0
   r9  00002ac4fabc5ac0, r10 00007ffcc7d7c320, r11 0000000000000206
   r12 00000000058aeb0b, r13 000000000697d288, r14 00000000058aeec0
   r15 00007ffcc7d7eb50
  /lib64/libpthread.so.0(+0xf6d0) [0x2ac4fb0bf6d0]
  /lib64/libc.so.6(kill+0x7) [0x2ac4fb604547]
  /opt/cluster/programs/g16-c.01/g16/cubegen() [0x40fe24]
  /lib64/libc.so.6(__libc_start_main+0xf5) [0x2ac4fb5f0445]
/var/spool/slurm//job7311781/slurm_script: line 57: 178099 Aborted                 $g16root/g16/cubegen 0 Density $FCKFILE $DNSFILE -2 h
 Will use up to     0 threads.
 Top CubeGen          Mon Feb 20 10:10:17 2023
 Aft UFChkP           Mon Feb 20 10:10:17 2023        0.07 cpu,        0.07 elapsed
 Could not find " ","Total SCF Density" on formatted checkpoint file.
 Error termination via Lnk1e at Mon Feb 20 10:10:17 2023.
Error: segmentation violation
   rax 0000000000000000, rbx 00000000058b0be0, rcx ffffffffffffffff
   rdx 000000000002b7f0, rsp 00007ffdb4f20b58, rbp 00007ffdb4f20bb0
   rsi 000000000000000b, rdi 000000000002b7f0, r8  00002b85bfcfdac0
   r9  00002b85bfcfdac0, r10 00007ffdb4f205e0, r11 0000000000000202
   r12 00000000058aeb0b, r13 000000000697d288, r14 00000000058aeec0
   r15 00007ffdb4f22df0
  /lib64/libpthread.so.0(+0xf6d0) [0x2b85c01f76d0]
  /lib64/libc.so.6(kill+0x7) [0x2b85c073c547]
  /opt/cluster/programs/g16-c.01/g16/cubegen() [0x40fe24]
  /lib64/libc.so.6(__libc_start_main+0xf5) [0x2b85c0728445]
/var/spool/slurm//job7311781/slurm_script: line 60: 178160 Aborted                 $g16root/g16/cubegen 0 Potential $FCKFILE $ESPFILE -2 h
cp: cannot stat ‘gaussian_83_water_hf_adz2_dens.cube’: No such file or directory
cp: cannot stat ‘gaussian_83_water_hf_adz2_esp.cube’: No such file or directory
