node106.cluster
Error: segmentation violation
   rax 0000000000000000, rbx ffffffffffffffff, rcx ffffffffffffffff
   rdx 000000000002505d, rsp 00007ffeb25164f8, rbp 00007ffeb2516a70
   rsi 000000000000000b, rdi 000000000002505d, r8  0000000000000020
   r9  0000000000000401, r10 00007ffeb2515f60, r11 0000000000000202
   r12 00007ffeb2516ab8, r13 0000000000000000, r14 0000000000000000
   r15 00000000000003e6
  /lib64/libpthread.so.0(+0xf6d0) [0x2b42074a96d0]
  /lib64/libc.so.6(kill+0x7) [0x2b42079ee547]
  /opt/cluster/programs/g16-c.01/g16/l1.exe() [0x4b8975]
  /opt/cluster/programs/g16-c.01/g16/l1.exe() [0x4f867a]
  /opt/cluster/programs/g16-c.01/g16/l1.exe() [0x4d56ab]
  /opt/cluster/programs/g16-c.01/g16/l1.exe() [0x41d5c6]
  /opt/cluster/programs/g16-c.01/g16/l1.exe() [0x410c4c]
  /opt/cluster/programs/g16-c.01/g16/l1.exe() [0x40d185]
  /opt/cluster/programs/g16-c.01/g16/l1.exe() [0x40cbd7]
  /opt/cluster/programs/g16-c.01/g16/l1.exe() [0x40cb24]
  /lib64/libc.so.6(__libc_start_main+0xf5) [0x2b42079da445]
  /opt/cluster/programs/g16-c.01/g16/l1.exe() [0x407269]
 Read checkpoint file gaussian_70_water_hf_adz.chk type Unk
 Write formatted file gaussian_70_water_hf_adz.fchk
 Will use up to     0 threads.
 Top CubeGen          Mon Feb 20 10:06:28 2023
 Aft UFChkP           Mon Feb 20 10:06:28 2023        0.07 cpu,        0.07 elapsed
 Could not find " ","Total SCF Density" on formatted checkpoint file.
 Error termination via Lnk1e at Mon Feb 20 10:06:28 2023.
Error: segmentation violation
   rax 0000000000000000, rbx 00000000058b0be0, rcx ffffffffffffffff
   rdx 000000000002509c, rsp 00007ffc4a28a9e8, rbp 00007ffc4a28aa40
   rsi 000000000000000b, rdi 000000000002509c, r8  00002acc56d56ac0
   r9  00002acc56d56ac0, r10 00007ffc4a28a460, r11 0000000000000206
   r12 00000000058aeb0b, r13 000000000697d288, r14 00000000058aeec0
   r15 00007ffc4a28cc80
  /lib64/libpthread.so.0(+0xf6d0) [0x2acc572506d0]
  /lib64/libc.so.6(kill+0x7) [0x2acc57795547]
  /opt/cluster/programs/g16-c.01/g16/cubegen() [0x40fe24]
  /lib64/libc.so.6(__libc_start_main+0xf5) [0x2acc57781445]
/var/spool/slurm//job7311588/slurm_script: line 57: 151708 Aborted                 $g16root/g16/cubegen 0 Density $FCKFILE $DNSFILE -2 h
 Will use up to     0 threads.
 Top CubeGen          Mon Feb 20 10:06:29 2023
 Aft UFChkP           Mon Feb 20 10:06:29 2023        0.06 cpu,        0.07 elapsed
 Could not find " ","Total SCF Density" on formatted checkpoint file.
 Error termination via Lnk1e at Mon Feb 20 10:06:29 2023.
Error: segmentation violation
   rax 0000000000000000, rbx 00000000058b0be0, rcx ffffffffffffffff
   rdx 00000000000250cc, rsp 00007ffe019ecdc8, rbp 00007ffe019ece20
   rsi 000000000000000b, rdi 00000000000250cc, r8  00002b22dc3dbac0
   r9  00002b22dc3dbac0, r10 00007ffe019ec820, r11 0000000000000202
   r12 00000000058aeb0b, r13 000000000697d288, r14 00000000058aeec0
   r15 00007ffe019ef060
  /lib64/libpthread.so.0(+0xf6d0) [0x2b22dc8d56d0]
  /lib64/libc.so.6(kill+0x7) [0x2b22dce1a547]
  /opt/cluster/programs/g16-c.01/g16/cubegen() [0x40fe24]
  /lib64/libc.so.6(__libc_start_main+0xf5) [0x2b22dce06445]
/var/spool/slurm//job7311588/slurm_script: line 60: 151756 Aborted                 $g16root/g16/cubegen 0 Potential $FCKFILE $ESPFILE -2 h
cp: cannot stat ‘gaussian_70_water_hf_adz_dens.cube’: No such file or directory
cp: cannot stat ‘gaussian_70_water_hf_adz_esp.cube’: No such file or directory
