node105.cluster
Error: segmentation violation
   rax 0000000000000000, rbx ffffffffffffffff, rcx ffffffffffffffff
   rdx 000000000002ab7a, rsp 00007fff61c76dd8, rbp 00007fff61c77350
   rsi 000000000000000b, rdi 000000000002ab7a, r8  0000000000000020
   r9  0000000000000401, r10 00007fff61c76860, r11 0000000000000206
   r12 00007fff61c77398, r13 0000000000000000, r14 0000000000000000
   r15 00000000000003e6
  /lib64/libpthread.so.0(+0xf6d0) [0x2b893c0676d0]
  /lib64/libc.so.6(kill+0x7) [0x2b893c5ac547]
  /opt/cluster/programs/g16-c.01/g16/l1.exe() [0x4b8975]
  /opt/cluster/programs/g16-c.01/g16/l1.exe() [0x4f867a]
  /opt/cluster/programs/g16-c.01/g16/l1.exe() [0x4d56ab]
  /opt/cluster/programs/g16-c.01/g16/l1.exe() [0x41d5c6]
  /opt/cluster/programs/g16-c.01/g16/l1.exe() [0x410c4c]
  /opt/cluster/programs/g16-c.01/g16/l1.exe() [0x40d185]
  /opt/cluster/programs/g16-c.01/g16/l1.exe() [0x40cbd7]
  /opt/cluster/programs/g16-c.01/g16/l1.exe() [0x40cb24]
  /lib64/libc.so.6(__libc_start_main+0xf5) [0x2b893c598445]
  /opt/cluster/programs/g16-c.01/g16/l1.exe() [0x407269]
 Read checkpoint file gaussian_143_water_hf_adz.chk type Unk
 Write formatted file gaussian_143_water_hf_adz.fchk
 Will use up to     0 threads.
 Top CubeGen          Mon Feb 20 10:07:50 2023
 Aft UFChkP           Mon Feb 20 10:07:50 2023        0.07 cpu,        0.07 elapsed
 Could not find " ","Total SCF Density" on formatted checkpoint file.
 Error termination via Lnk1e at Mon Feb 20 10:07:50 2023.
Error: segmentation violation
   rax 0000000000000000, rbx 00000000058b0be0, rcx ffffffffffffffff
   rdx 000000000002abdf, rsp 00007ffef0d41eb8, rbp 00007ffef0d41f10
   rsi 000000000000000b, rdi 000000000002abdf, r8  00002b3ae4fbdac0
   r9  00002b3ae4fbdac0, r10 00007ffef0d41920, r11 0000000000000206
   r12 00000000058aeb0b, r13 000000000697d288, r14 00000000058aeec0
   r15 00007ffef0d44150
  /lib64/libpthread.so.0(+0xf6d0) [0x2b3ae54b76d0]
  /lib64/libc.so.6(kill+0x7) [0x2b3ae59fc547]
  /opt/cluster/programs/g16-c.01/g16/cubegen() [0x40fe24]
  /lib64/libc.so.6(__libc_start_main+0xf5) [0x2b3ae59e8445]
/var/spool/slurm//job7311661/slurm_script: line 57: 175071 Aborted                 $g16root/g16/cubegen 0 Density $FCKFILE $DNSFILE -2 h
 Will use up to     0 threads.
 Top CubeGen          Mon Feb 20 10:07:50 2023
 Aft UFChkP           Mon Feb 20 10:07:50 2023        0.07 cpu,        0.07 elapsed
 Could not find " ","Total SCF Density" on formatted checkpoint file.
 Error termination via Lnk1e at Mon Feb 20 10:07:50 2023.
Error: segmentation violation
   rax 0000000000000000, rbx 00000000058b0be0, rcx ffffffffffffffff
   rdx 000000000002ac13, rsp 00007ffd51a87ef8, rbp 00007ffd51a87f50
   rsi 000000000000000b, rdi 000000000002ac13, r8  00002b14dc374ac0
   r9  00002b14dc374ac0, r10 00007ffd51a87960, r11 0000000000000202
   r12 00000000058aeb0b, r13 000000000697d288, r14 00000000058aeec0
   r15 00007ffd51a8a190
  /lib64/libpthread.so.0(+0xf6d0) [0x2b14dc86e6d0]
  /lib64/libc.so.6(kill+0x7) [0x2b14dcdb3547]
  /opt/cluster/programs/g16-c.01/g16/cubegen() [0x40fe24]
  /lib64/libc.so.6(__libc_start_main+0xf5) [0x2b14dcd9f445]
/var/spool/slurm//job7311661/slurm_script: line 60: 175123 Aborted                 $g16root/g16/cubegen 0 Potential $FCKFILE $ESPFILE -2 h
cp: cannot stat ‘gaussian_143_water_hf_adz_dens.cube’: No such file or directory
cp: cannot stat ‘gaussian_143_water_hf_adz_esp.cube’: No such file or directory
