node57.cluster
 Read checkpoint file gaussian_0_water_wb97_ptz.chk type G16
 Write formatted file gaussian_0_water_wb97_ptz.fchk
 FChkPn:  Coordinates translated and rotated.
 FChkPn:  Coordinates match /B/ after translation and rotation.
 Will use up to     0 threads.
 Top CubeGen          Wed Feb  8 14:39:41 2023
 Aft UFChkP           Wed Feb  8 14:39:41 2023        0.11 cpu,        0.11 elapsed
 Aft DecCub           Wed Feb  8 14:39:41 2023        0.01 cpu,        0.01 elapsed
 Aft Density          Wed Feb  8 14:39:41 2023        0.00 cpu,        0.00 elapsed
 Bef DoCube           Wed Feb  8 14:39:41 2023        0.00 cpu,        0.00 elapsed
 There are a total of       29791 grid points.
 ElSum from          density=        8.1676936071
 Aft DoCube           Wed Feb  8 14:39:41 2023        0.04 cpu,        0.04 elapsed
 Will use up to     0 threads.
 Top CubeGen          Wed Feb  8 14:39:42 2023
 Aft UFChkP           Wed Feb  8 14:39:42 2023        0.09 cpu,        0.10 elapsed
 Aft DecCub           Wed Feb  8 14:39:42 2023        0.00 cpu,        0.00 elapsed
 Aft Density          Wed Feb  8 14:39:42 2023        0.00 cpu,        0.00 elapsed
 Bef DoCube           Wed Feb  8 14:39:42 2023        0.00 cpu,        0.00 elapsed
 There are a total of       29791 grid points.
 ElSum from          density=       13.6120124315
 Aft DoCube           Wed Feb  8 14:39:42 2023        0.23 cpu,        0.22 elapsed
