node106.cluster
Error: segmentation violation
   rax 0000000000000000, rbx ffffffffffffffff, rcx ffffffffffffffff
   rdx 0000000000024d6b, rsp 00007ffcb0640be8, rbp 00007ffcb0641160
   rsi 000000000000000b, rdi 0000000000024d6b, r8  0000000000000020
   r9  0000000000000401, r10 00007ffcb0640660, r11 0000000000000206
   r12 00007ffcb06411a8, r13 0000000000000000, r14 0000000000000000
   r15 00000000000003e6
  /lib64/libpthread.so.0(+0xf6d0) [0x2b16ca2e46d0]
  /lib64/libc.so.6(kill+0x7) [0x2b16ca829547]
  /opt/cluster/programs/g16-c.01/g16/l1.exe() [0x4b8975]
  /opt/cluster/programs/g16-c.01/g16/l1.exe() [0x4f867a]
  /opt/cluster/programs/g16-c.01/g16/l1.exe() [0x4d56ab]
  /opt/cluster/programs/g16-c.01/g16/l1.exe() [0x41d5c6]
  /opt/cluster/programs/g16-c.01/g16/l1.exe() [0x410c4c]
  /opt/cluster/programs/g16-c.01/g16/l1.exe() [0x40d185]
  /opt/cluster/programs/g16-c.01/g16/l1.exe() [0x40cbd7]
  /opt/cluster/programs/g16-c.01/g16/l1.exe() [0x40cb24]
  /lib64/libc.so.6(__libc_start_main+0xf5) [0x2b16ca815445]
  /opt/cluster/programs/g16-c.01/g16/l1.exe() [0x407269]
 Read checkpoint file gaussian_40_water_hf_adz.chk type Unk
 Write formatted file gaussian_40_water_hf_adz.fchk
 Will use up to     0 threads.
 Top CubeGen          Mon Feb 20 10:05:57 2023
 Aft UFChkP           Mon Feb 20 10:05:57 2023        0.07 cpu,        0.07 elapsed
 Could not find " ","Total SCF Density" on formatted checkpoint file.
 Error termination via Lnk1e at Mon Feb 20 10:05:57 2023.
Error: segmentation violation
   rax 0000000000000000, rbx 00000000058b0be0, rcx ffffffffffffffff
   rdx 0000000000024da9, rsp 00007ffd8b71a1c8, rbp 00007ffd8b71a220
   rsi 000000000000000b, rdi 0000000000024da9, r8  00002adc2b642ac0
   r9  00002adc2b642ac0, r10 00007ffd8b719c20, r11 0000000000000202
   r12 00000000058aeb0b, r13 000000000697d288, r14 00000000058aeec0
   r15 00007ffd8b71c460
  /lib64/libpthread.so.0(+0xf6d0) [0x2adc2bb3c6d0]
  /lib64/libc.so.6(kill+0x7) [0x2adc2c081547]
  /opt/cluster/programs/g16-c.01/g16/cubegen() [0x40fe24]
  /lib64/libc.so.6(__libc_start_main+0xf5) [0x2adc2c06d445]
/var/spool/slurm//job7311558/slurm_script: line 57: 150953 Aborted                 $g16root/g16/cubegen 0 Density $FCKFILE $DNSFILE -2 h
 Will use up to     0 threads.
 Top CubeGen          Mon Feb 20 10:05:58 2023
 Aft UFChkP           Mon Feb 20 10:05:58 2023        0.06 cpu,        0.07 elapsed
 Could not find " ","Total SCF Density" on formatted checkpoint file.
 Error termination via Lnk1e at Mon Feb 20 10:05:58 2023.
Error: segmentation violation
   rax 0000000000000000, rbx 00000000058b0be0, rcx ffffffffffffffff
   rdx 0000000000024dd9, rsp 00007ffeae9e0dd8, rbp 00007ffeae9e0e30
   rsi 000000000000000b, rdi 0000000000024dd9, r8  00002b637ba9dac0
   r9  00002b637ba9dac0, r10 00007ffeae9e0860, r11 0000000000000206
   r12 00000000058aeb0b, r13 000000000697d288, r14 00000000058aeec0
   r15 00007ffeae9e3070
  /lib64/libpthread.so.0(+0xf6d0) [0x2b637bf976d0]
  /lib64/libc.so.6(kill+0x7) [0x2b637c4dc547]
  /opt/cluster/programs/g16-c.01/g16/cubegen() [0x40fe24]
  /lib64/libc.so.6(__libc_start_main+0xf5) [0x2b637c4c8445]
/var/spool/slurm//job7311558/slurm_script: line 60: 151001 Aborted                 $g16root/g16/cubegen 0 Potential $FCKFILE $ESPFILE -2 h
cp: cannot stat ‘gaussian_40_water_hf_adz_dens.cube’: No such file or directory
cp: cannot stat ‘gaussian_40_water_hf_adz_esp.cube’: No such file or directory
