node61.cluster
 Read checkpoint file gaussian_140_water_ccsdt_atz.chk type G16
 Write formatted file gaussian_140_water_ccsdt_atz.fchk
 FChkPn:  Coordinates translated and rotated.
 FChkPn:  Coordinates match /B/ after translation and rotation.
 Will use up to     0 threads.
 Top CubeGen          Wed Feb  8 13:56:08 2023
 Aft UFChkP           Wed Feb  8 13:56:08 2023        0.25 cpu,        0.25 elapsed
 Aft DecCub           Wed Feb  8 13:56:08 2023        0.04 cpu,        0.03 elapsed
 Aft Density          Wed Feb  8 13:56:08 2023        0.00 cpu,        0.00 elapsed
 Bef DoCube           Wed Feb  8 13:56:08 2023        0.00 cpu,        0.00 elapsed
 There are a total of       29791 grid points.
 ElSum from          density=        8.1622774181
 Aft DoCube           Wed Feb  8 13:56:08 2023        0.19 cpu,        0.20 elapsed
 Will use up to     0 threads.
 Top CubeGen          Wed Feb  8 13:56:08 2023
 Aft UFChkP           Wed Feb  8 13:56:09 2023        0.25 cpu,        0.26 elapsed
 Aft DecCub           Wed Feb  8 13:56:09 2023        0.01 cpu,        0.01 elapsed
 Aft Density          Wed Feb  8 13:56:09 2023        0.00 cpu,        0.00 elapsed
 Bef DoCube           Wed Feb  8 13:56:09 2023        0.00 cpu,        0.00 elapsed
 There are a total of       29791 grid points.
 ElSum from          density=       13.6147194753
 Aft DoCube           Wed Feb  8 13:56:10 2023        1.43 cpu,        1.43 elapsed
