node106.cluster
Error: segmentation violation
   rax 0000000000000000, rbx ffffffffffffffff, rcx ffffffffffffffff
   rdx 000000000002607f, rsp 00007fffa0770b18, rbp 00007fffa0771090
   rsi 000000000000000b, rdi 000000000002607f, r8  0000000000000020
   r9  0000000000000401, r10 00007fffa07705a0, r11 0000000000000206
   r12 00007fffa07710d8, r13 0000000000000000, r14 0000000000000000
   r15 00000000000003e6
  /lib64/libpthread.so.0(+0xf6d0) [0x2b9794e946d0]
  /lib64/libc.so.6(kill+0x7) [0x2b97953d9547]
  /opt/cluster/programs/g16-c.01/g16/l1.exe() [0x4b8975]
  /opt/cluster/programs/g16-c.01/g16/l1.exe() [0x4f867a]
  /opt/cluster/programs/g16-c.01/g16/l1.exe() [0x4d56ab]
  /opt/cluster/programs/g16-c.01/g16/l1.exe() [0x41d5c6]
  /opt/cluster/programs/g16-c.01/g16/l1.exe() [0x410c4c]
  /opt/cluster/programs/g16-c.01/g16/l1.exe() [0x40d185]
  /opt/cluster/programs/g16-c.01/g16/l1.exe() [0x40cbd7]
  /opt/cluster/programs/g16-c.01/g16/l1.exe() [0x40cb24]
  /lib64/libc.so.6(__libc_start_main+0xf5) [0x2b97953c5445]
  /opt/cluster/programs/g16-c.01/g16/l1.exe() [0x407269]
 Read checkpoint file gaussian_56_water_hf_adz2.chk type Unk
 Write formatted file gaussian_56_water_hf_adz2.fchk
 Will use up to     0 threads.
 Top CubeGen          Mon Feb 20 10:09:46 2023
 Aft UFChkP           Mon Feb 20 10:09:46 2023        0.07 cpu,        0.07 elapsed
 Could not find " ","Total SCF Density" on formatted checkpoint file.
 Error termination via Lnk1e at Mon Feb 20 10:09:46 2023.
Error: segmentation violation
   rax 0000000000000000, rbx 00000000058b0be0, rcx ffffffffffffffff
   rdx 00000000000260eb, rsp 00007ffc48ac8568, rbp 00007ffc48ac85c0
   rsi 000000000000000b, rdi 00000000000260eb, r8  00002b40e9aeaac0
   r9  00002b40e9aeaac0, r10 00007ffc48ac7fe0, r11 0000000000000202
   r12 00000000058aeb0b, r13 000000000697d288, r14 00000000058aeec0
   r15 00007ffc48aca800
  /lib64/libpthread.so.0(+0xf6d0) [0x2b40e9fe46d0]
  /lib64/libc.so.6(kill+0x7) [0x2b40ea529547]
  /opt/cluster/programs/g16-c.01/g16/cubegen() [0x40fe24]
  /lib64/libc.so.6(__libc_start_main+0xf5) [0x2b40ea515445]
/var/spool/slurm//job7311754/slurm_script: line 57: 155883 Aborted                 $g16root/g16/cubegen 0 Density $FCKFILE $DNSFILE -2 h
 Will use up to     0 threads.
 Top CubeGen          Mon Feb 20 10:09:46 2023
 Aft UFChkP           Mon Feb 20 10:09:46 2023        0.07 cpu,        0.07 elapsed
 Could not find " ","Total SCF Density" on formatted checkpoint file.
 Error termination via Lnk1e at Mon Feb 20 10:09:46 2023.
Error: segmentation violation
   rax 0000000000000000, rbx 00000000058b0be0, rcx ffffffffffffffff
   rdx 000000000002611b, rsp 00007ffcd06aa928, rbp 00007ffcd06aa980
   rsi 000000000000000b, rdi 000000000002611b, r8  00002ad1b624eac0
   r9  00002ad1b624eac0, r10 00007ffcd06aa3a0, r11 0000000000000206
   r12 00000000058aeb0b, r13 000000000697d288, r14 00000000058aeec0
   r15 00007ffcd06acbc0
  /lib64/libpthread.so.0(+0xf6d0) [0x2ad1b67486d0]
  /lib64/libc.so.6(kill+0x7) [0x2ad1b6c8d547]
  /opt/cluster/programs/g16-c.01/g16/cubegen() [0x40fe24]
  /lib64/libc.so.6(__libc_start_main+0xf5) [0x2ad1b6c79445]
/var/spool/slurm//job7311754/slurm_script: line 60: 155931 Aborted                 $g16root/g16/cubegen 0 Potential $FCKFILE $ESPFILE -2 h
cp: cannot stat ‘gaussian_56_water_hf_adz2_dens.cube’: No such file or directory
cp: cannot stat ‘gaussian_56_water_hf_adz2_esp.cube’: No such file or directory
