node60.cluster
 Read checkpoint file gaussian_80_water_hf_pdz.chk type G16
 Write formatted file gaussian_80_water_hf_pdz.fchk
 FChkPn:  Coordinates translated and rotated.
 FChkPn:  Coordinates match /B/ after translation and rotation.
 Will use up to     0 threads.
 Top CubeGen          Wed Feb  8 15:06:03 2023
 Aft UFChkP           Wed Feb  8 15:06:04 2023        0.13 cpu,        0.13 elapsed
 Aft DecCub           Wed Feb  8 15:06:04 2023        0.00 cpu,        0.00 elapsed
 Aft Density          Wed Feb  8 15:06:04 2023        0.00 cpu,        0.00 elapsed
 Bef DoCube           Wed Feb  8 15:06:04 2023        0.00 cpu,        0.00 elapsed
 There are a total of       29791 grid points.
 ElSum from          density=        8.1595470934
 Aft DoCube           Wed Feb  8 15:06:04 2023        0.05 cpu,        0.04 elapsed
 Will use up to     0 threads.
 Top CubeGen          Wed Feb  8 15:06:04 2023
 Aft UFChkP           Wed Feb  8 15:06:04 2023        0.10 cpu,        0.11 elapsed
 Aft DecCub           Wed Feb  8 15:06:04 2023        0.00 cpu,        0.00 elapsed
 Aft Density          Wed Feb  8 15:06:04 2023        0.00 cpu,        0.00 elapsed
 Bef DoCube           Wed Feb  8 15:06:04 2023        0.00 cpu,        0.00 elapsed
 There are a total of       29791 grid points.
 ElSum from          density=       13.5983921706
 Aft DoCube           Wed Feb  8 15:06:04 2023        0.17 cpu,        0.15 elapsed
