node106.cluster
Error: segmentation violation
   rax 0000000000000000, rbx ffffffffffffffff, rcx ffffffffffffffff
   rdx 0000000000025c9f, rsp 00007fffeff7b7b8, rbp 00007fffeff7bd30
   rsi 000000000000000b, rdi 0000000000025c9f, r8  0000000000000020
   r9  0000000000000401, r10 00007fffeff7b220, r11 0000000000000206
   r12 00007fffeff7bd78, r13 0000000000000000, r14 0000000000000000
   r15 00000000000003e6
  /lib64/libpthread.so.0(+0xf6d0) [0x2b6279c986d0]
  /lib64/libc.so.6(kill+0x7) [0x2b627a1dd547]
  /opt/cluster/programs/g16-c.01/g16/l1.exe() [0x4b8975]
  /opt/cluster/programs/g16-c.01/g16/l1.exe() [0x4f867a]
  /opt/cluster/programs/g16-c.01/g16/l1.exe() [0x4d56ab]
  /opt/cluster/programs/g16-c.01/g16/l1.exe() [0x41d5c6]
  /opt/cluster/programs/g16-c.01/g16/l1.exe() [0x410c4c]
  /opt/cluster/programs/g16-c.01/g16/l1.exe() [0x40d185]
  /opt/cluster/programs/g16-c.01/g16/l1.exe() [0x40cbd7]
  /opt/cluster/programs/g16-c.01/g16/l1.exe() [0x40cb24]
  /lib64/libc.so.6(__libc_start_main+0xf5) [0x2b627a1c9445]
  /opt/cluster/programs/g16-c.01/g16/l1.exe() [0x407269]
 Read checkpoint file gaussian_17_water_hf_adz2.chk type Unk
 Write formatted file gaussian_17_water_hf_adz2.fchk
 Will use up to     0 threads.
 Top CubeGen          Mon Feb 20 10:09:05 2023
 Aft UFChkP           Mon Feb 20 10:09:05 2023        0.07 cpu,        0.07 elapsed
 Could not find " ","Total SCF Density" on formatted checkpoint file.
 Error termination via Lnk1e at Mon Feb 20 10:09:05 2023.
Error: segmentation violation
   rax 0000000000000000, rbx 00000000058b0be0, rcx ffffffffffffffff
   rdx 0000000000025cf9, rsp 00007ffe70af1b38, rbp 00007ffe70af1b90
   rsi 000000000000000b, rdi 0000000000025cf9, r8  00002b7ab2babac0
   r9  00002b7ab2babac0, r10 00007ffe70af15a0, r11 0000000000000202
   r12 00000000058aeb0b, r13 000000000697d288, r14 00000000058aeec0
   r15 00007ffe70af3dd0
  /lib64/libpthread.so.0(+0xf6d0) [0x2b7ab30a56d0]
  /lib64/libc.so.6(kill+0x7) [0x2b7ab35ea547]
  /opt/cluster/programs/g16-c.01/g16/cubegen() [0x40fe24]
  /lib64/libc.so.6(__libc_start_main+0xf5) [0x2b7ab35d6445]
/var/spool/slurm//job7311715/slurm_script: line 57: 154873 Aborted                 $g16root/g16/cubegen 0 Density $FCKFILE $DNSFILE -2 h
 Will use up to     0 threads.
 Top CubeGen          Mon Feb 20 10:09:05 2023
 Aft UFChkP           Mon Feb 20 10:09:05 2023        0.07 cpu,        0.07 elapsed
 Could not find " ","Total SCF Density" on formatted checkpoint file.
 Error termination via Lnk1e at Mon Feb 20 10:09:05 2023.
Error: segmentation violation
   rax 0000000000000000, rbx 00000000058b0be0, rcx ffffffffffffffff
   rdx 0000000000025d29, rsp 00007ffd69798178, rbp 00007ffd697981d0
   rsi 000000000000000b, rdi 0000000000025d29, r8  00002ab5dc5dbac0
   r9  00002ab5dc5dbac0, r10 00007ffd69797be0, r11 0000000000000206
   r12 00000000058aeb0b, r13 000000000697d288, r14 00000000058aeec0
   r15 00007ffd6979a410
  /lib64/libpthread.so.0(+0xf6d0) [0x2ab5dcad56d0]
  /lib64/libc.so.6(kill+0x7) [0x2ab5dd01a547]
  /opt/cluster/programs/g16-c.01/g16/cubegen() [0x40fe24]
  /lib64/libc.so.6(__libc_start_main+0xf5) [0x2ab5dd006445]
/var/spool/slurm//job7311715/slurm_script: line 60: 154921 Aborted                 $g16root/g16/cubegen 0 Potential $FCKFILE $ESPFILE -2 h
cp: cannot stat ‘gaussian_17_water_hf_adz2_dens.cube’: No such file or directory
cp: cannot stat ‘gaussian_17_water_hf_adz2_esp.cube’: No such file or directory
