node105.cluster
Error: segmentation violation
   rax 0000000000000000, rbx ffffffffffffffff, rcx ffffffffffffffff
   rdx 000000000002ad73, rsp 00007ffe347dc788, rbp 00007ffe347dcd00
   rsi 000000000000000b, rdi 000000000002ad73, r8  0000000000000020
   r9  0000000000000401, r10 00007ffe347dc1e0, r11 0000000000000206
   r12 00007ffe347dcd48, r13 0000000000000000, r14 0000000000000000
   r15 00000000000003e6
  /lib64/libpthread.so.0(+0xf6d0) [0x2b8bab7236d0]
  /lib64/libc.so.6(kill+0x7) [0x2b8babc68547]
  /opt/cluster/programs/g16-c.01/g16/l1.exe() [0x4b8975]
  /opt/cluster/programs/g16-c.01/g16/l1.exe() [0x4f867a]
  /opt/cluster/programs/g16-c.01/g16/l1.exe() [0x4d56ab]
  /opt/cluster/programs/g16-c.01/g16/l1.exe() [0x41d5c6]
  /opt/cluster/programs/g16-c.01/g16/l1.exe() [0x410c4c]
  /opt/cluster/programs/g16-c.01/g16/l1.exe() [0x40d185]
  /opt/cluster/programs/g16-c.01/g16/l1.exe() [0x40cbd7]
  /opt/cluster/programs/g16-c.01/g16/l1.exe() [0x40cb24]
  /lib64/libc.so.6(__libc_start_main+0xf5) [0x2b8babc54445]
  /opt/cluster/programs/g16-c.01/g16/l1.exe() [0x407269]
 Read checkpoint file gaussian_163_water_hf_adz.chk type Unk
 Write formatted file gaussian_163_water_hf_adz.fchk
 Will use up to     0 threads.
 Top CubeGen          Mon Feb 20 10:08:10 2023
 Aft UFChkP           Mon Feb 20 10:08:10 2023        0.08 cpu,        0.07 elapsed
 Could not find " ","Total SCF Density" on formatted checkpoint file.
 Error termination via Lnk1e at Mon Feb 20 10:08:10 2023.
Error: segmentation violation
   rax 0000000000000000, rbx 00000000058b0be0, rcx ffffffffffffffff
   rdx 000000000002ade0, rsp 00007ffdaa1432e8, rbp 00007ffdaa143340
   rsi 000000000000000b, rdi 000000000002ade0, r8  00002b98097d4ac0
   r9  00002b98097d4ac0, r10 00007ffdaa142d60, r11 0000000000000206
   r12 00000000058aeb0b, r13 000000000697d288, r14 00000000058aeec0
   r15 00007ffdaa145580
  /lib64/libpthread.so.0(+0xf6d0) [0x2b9809cce6d0]
  /lib64/libc.so.6(kill+0x7) [0x2b980a213547]
  /opt/cluster/programs/g16-c.01/g16/cubegen() [0x40fe24]
  /lib64/libc.so.6(__libc_start_main+0xf5) [0x2b980a1ff445]
/var/spool/slurm//job7311681/slurm_script: line 57: 175584 Aborted                 $g16root/g16/cubegen 0 Density $FCKFILE $DNSFILE -2 h
 Will use up to     0 threads.
 Top CubeGen          Mon Feb 20 10:08:10 2023
 Aft UFChkP           Mon Feb 20 10:08:10 2023        0.07 cpu,        0.07 elapsed
 Could not find " ","Total SCF Density" on formatted checkpoint file.
 Error termination via Lnk1e at Mon Feb 20 10:08:10 2023.
Error: segmentation violation
   rax 0000000000000000, rbx 00000000058b0be0, rcx ffffffffffffffff
   rdx 000000000002ae0d, rsp 00007ffff48936d8, rbp 00007ffff4893730
   rsi 000000000000000b, rdi 000000000002ae0d, r8  00002ac076a81ac0
   r9  00002ac076a81ac0, r10 00007ffff4893160, r11 0000000000000206
   r12 00000000058aeb0b, r13 000000000697d288, r14 00000000058aeec0
   r15 00007ffff4895970
  /lib64/libpthread.so.0(+0xf6d0) [0x2ac076f7b6d0]
  /lib64/libc.so.6(kill+0x7) [0x2ac0774c0547]
  /opt/cluster/programs/g16-c.01/g16/cubegen() [0x40fe24]
  /lib64/libc.so.6(__libc_start_main+0xf5) [0x2ac0774ac445]
/var/spool/slurm//job7311681/slurm_script: line 60: 175629 Aborted                 $g16root/g16/cubegen 0 Potential $FCKFILE $ESPFILE -2 h
cp: cannot stat ‘gaussian_163_water_hf_adz_dens.cube’: No such file or directory
cp: cannot stat ‘gaussian_163_water_hf_adz_esp.cube’: No such file or directory
