node105.cluster
Error: segmentation violation
   rax 0000000000000000, rbx ffffffffffffffff, rcx ffffffffffffffff
   rdx 000000000002b29d, rsp 00007ffef856a8f8, rbp 00007ffef856ae70
   rsi 000000000000000b, rdi 000000000002b29d, r8  0000000000000020
   r9  0000000000000401, r10 00007ffef856a360, r11 0000000000000202
   r12 00007ffef856aeb8, r13 0000000000000000, r14 0000000000000000
   r15 00000000000003e6
  /lib64/libpthread.so.0(+0xf6d0) [0x2b95f190a6d0]
  /lib64/libc.so.6(kill+0x7) [0x2b95f1e4f547]
  /opt/cluster/programs/g16-c.01/g16/l1.exe() [0x4b8975]
  /opt/cluster/programs/g16-c.01/g16/l1.exe() [0x4f867a]
  /opt/cluster/programs/g16-c.01/g16/l1.exe() [0x4d56ab]
  /opt/cluster/programs/g16-c.01/g16/l1.exe() [0x41d5c6]
  /opt/cluster/programs/g16-c.01/g16/l1.exe() [0x410c4c]
  /opt/cluster/programs/g16-c.01/g16/l1.exe() [0x40d185]
  /opt/cluster/programs/g16-c.01/g16/l1.exe() [0x40cbd7]
  /opt/cluster/programs/g16-c.01/g16/l1.exe() [0x40cb24]
  /lib64/libc.so.6(__libc_start_main+0xf5) [0x2b95f1e3b445]
  /opt/cluster/programs/g16-c.01/g16/l1.exe() [0x407269]
 Read checkpoint file gaussian_34_water_hf_adz2.chk type Unk
 Write formatted file gaussian_34_water_hf_adz2.fchk
 Will use up to     0 threads.
 Top CubeGen          Mon Feb 20 10:09:25 2023
 Aft UFChkP           Mon Feb 20 10:09:25 2023        0.07 cpu,        0.08 elapsed
 Could not find " ","Total SCF Density" on formatted checkpoint file.
 Error termination via Lnk1e at Mon Feb 20 10:09:25 2023.
Error: segmentation violation
   rax 0000000000000000, rbx 00000000058b0be0, rcx ffffffffffffffff
   rdx 000000000002b2dc, rsp 00007fff3a36dcc8, rbp 00007fff3a36dd20
   rsi 000000000000000b, rdi 000000000002b2dc, r8  00002b4fe1da7ac0
   r9  00002b4fe1da7ac0, r10 00007fff3a36d720, r11 0000000000000202
   r12 00000000058aeb0b, r13 000000000697d288, r14 00000000058aeec0
   r15 00007fff3a36ff60
  /lib64/libpthread.so.0(+0xf6d0) [0x2b4fe22a16d0]
  /lib64/libc.so.6(kill+0x7) [0x2b4fe27e6547]
  /opt/cluster/programs/g16-c.01/g16/cubegen() [0x40fe24]
  /lib64/libc.so.6(__libc_start_main+0xf5) [0x2b4fe27d2445]
/var/spool/slurm//job7311732/slurm_script: line 57: 176860 Aborted                 $g16root/g16/cubegen 0 Density $FCKFILE $DNSFILE -2 h
 Will use up to     0 threads.
 Top CubeGen          Mon Feb 20 10:09:25 2023
 Aft UFChkP           Mon Feb 20 10:09:25 2023        0.07 cpu,        0.08 elapsed
 Could not find " ","Total SCF Density" on formatted checkpoint file.
 Error termination via Lnk1e at Mon Feb 20 10:09:25 2023.
Error: segmentation violation
   rax 0000000000000000, rbx 00000000058b0be0, rcx ffffffffffffffff
   rdx 000000000002b30c, rsp 00007ffdfd86ff48, rbp 00007ffdfd86ffa0
   rsi 000000000000000b, rdi 000000000002b30c, r8  00002adde73c6ac0
   r9  00002adde73c6ac0, r10 00007ffdfd86f9a0, r11 0000000000000206
   r12 00000000058aeb0b, r13 000000000697d288, r14 00000000058aeec0
   r15 00007ffdfd8721e0
  /lib64/libpthread.so.0(+0xf6d0) [0x2adde78c06d0]
  /lib64/libc.so.6(kill+0x7) [0x2adde7e05547]
  /opt/cluster/programs/g16-c.01/g16/cubegen() [0x40fe24]
  /lib64/libc.so.6(__libc_start_main+0xf5) [0x2adde7df1445]
/var/spool/slurm//job7311732/slurm_script: line 60: 176908 Aborted                 $g16root/g16/cubegen 0 Potential $FCKFILE $ESPFILE -2 h
cp: cannot stat ‘gaussian_34_water_hf_adz2_dens.cube’: No such file or directory
cp: cannot stat ‘gaussian_34_water_hf_adz2_esp.cube’: No such file or directory
