node105.cluster
Error: segmentation violation
   rax 0000000000000000, rbx ffffffffffffffff, rcx ffffffffffffffff
   rdx 000000000002bb4f, rsp 00007ffcf16ba698, rbp 00007ffcf16bac10
   rsi 000000000000000b, rdi 000000000002bb4f, r8  0000000000000020
   r9  0000000000000401, r10 00007ffcf16ba120, r11 0000000000000202
   r12 00007ffcf16bac58, r13 0000000000000000, r14 0000000000000000
   r15 00000000000003e6
  /lib64/libpthread.so.0(+0xf6d0) [0x2b601f8f06d0]
  /lib64/libc.so.6(kill+0x7) [0x2b601fe35547]
  /opt/cluster/programs/g16-c.01/g16/l1.exe() [0x4b8975]
  /opt/cluster/programs/g16-c.01/g16/l1.exe() [0x4f867a]
  /opt/cluster/programs/g16-c.01/g16/l1.exe() [0x4d56ab]
  /opt/cluster/programs/g16-c.01/g16/l1.exe() [0x41d5c6]
  /opt/cluster/programs/g16-c.01/g16/l1.exe() [0x410c4c]
  /opt/cluster/programs/g16-c.01/g16/l1.exe() [0x40d185]
  /opt/cluster/programs/g16-c.01/g16/l1.exe() [0x40cbd7]
  /opt/cluster/programs/g16-c.01/g16/l1.exe() [0x40cb24]
  /lib64/libc.so.6(__libc_start_main+0xf5) [0x2b601fe21445]
  /opt/cluster/programs/g16-c.01/g16/l1.exe() [0x407269]
 Read checkpoint file gaussian_123_water_hf_adz2.chk type Unk
 Write formatted file gaussian_123_water_hf_adz2.fchk
 Will use up to     0 threads.
 Top CubeGen          Mon Feb 20 10:10:57 2023
 Aft UFChkP           Mon Feb 20 10:10:57 2023        0.08 cpu,        0.07 elapsed
 Could not find " ","Total SCF Density" on formatted checkpoint file.
 Error termination via Lnk1e at Mon Feb 20 10:10:57 2023.
Error: segmentation violation
   rax 0000000000000000, rbx 00000000058b0be0, rcx ffffffffffffffff
   rdx 000000000002bbb6, rsp 00007ffdd0f5df68, rbp 00007ffdd0f5dfc0
   rsi 000000000000000b, rdi 000000000002bbb6, r8  00002b9465a01ac0
   r9  00002b9465a01ac0, r10 00007ffdd0f5d9e0, r11 0000000000000202
   r12 00000000058aeb0b, r13 000000000697d288, r14 00000000058aeec0
   r15 00007ffdd0f60200
  /lib64/libpthread.so.0(+0xf6d0) [0x2b9465efb6d0]
  /lib64/libc.so.6(kill+0x7) [0x2b9466440547]
  /opt/cluster/programs/g16-c.01/g16/cubegen() [0x40fe24]
  /lib64/libc.so.6(__libc_start_main+0xf5) [0x2b946642c445]
/var/spool/slurm//job7311821/slurm_script: line 57: 179126 Aborted                 $g16root/g16/cubegen 0 Density $FCKFILE $DNSFILE -2 h
 Will use up to     0 threads.
 Top CubeGen          Mon Feb 20 10:10:58 2023
 Aft UFChkP           Mon Feb 20 10:10:58 2023        0.07 cpu,        0.07 elapsed
 Could not find " ","Total SCF Density" on formatted checkpoint file.
 Error termination via Lnk1e at Mon Feb 20 10:10:58 2023.
Error: segmentation violation
   rax 0000000000000000, rbx 00000000058b0be0, rcx ffffffffffffffff
   rdx 000000000002bbe4, rsp 00007fff87bf06c8, rbp 00007fff87bf0720
   rsi 000000000000000b, rdi 000000000002bbe4, r8  00002b488222fac0
   r9  00002b488222fac0, r10 00007fff87bf0120, r11 0000000000000202
   r12 00000000058aeb0b, r13 000000000697d288, r14 00000000058aeec0
   r15 00007fff87bf2960
  /lib64/libpthread.so.0(+0xf6d0) [0x2b48827296d0]
  /lib64/libc.so.6(kill+0x7) [0x2b4882c6e547]
  /opt/cluster/programs/g16-c.01/g16/cubegen() [0x40fe24]
  /lib64/libc.so.6(__libc_start_main+0xf5) [0x2b4882c5a445]
/var/spool/slurm//job7311821/slurm_script: line 60: 179172 Aborted                 $g16root/g16/cubegen 0 Potential $FCKFILE $ESPFILE -2 h
cp: cannot stat ‘gaussian_123_water_hf_adz2_dens.cube’: No such file or directory
cp: cannot stat ‘gaussian_123_water_hf_adz2_esp.cube’: No such file or directory
