node105.cluster
Error: segmentation violation
   rax 0000000000000000, rbx ffffffffffffffff, rcx ffffffffffffffff
   rdx 0000000000029e6e, rsp 00007ffc0adc09b8, rbp 00007ffc0adc0f30
   rsi 000000000000000b, rdi 0000000000029e6e, r8  0000000000000020
   r9  0000000000000401, r10 00007ffc0adc0420, r11 0000000000000206
   r12 00007ffc0adc0f78, r13 0000000000000000, r14 0000000000000000
   r15 00000000000003e6
  /lib64/libpthread.so.0(+0xf6d0) [0x2b262eb3b6d0]
  /lib64/libc.so.6(kill+0x7) [0x2b262f080547]
  /opt/cluster/programs/g16-c.01/g16/l1.exe() [0x4b8975]
  /opt/cluster/programs/g16-c.01/g16/l1.exe() [0x4f867a]
  /opt/cluster/programs/g16-c.01/g16/l1.exe() [0x4d56ab]
  /opt/cluster/programs/g16-c.01/g16/l1.exe() [0x41d5c6]
  /opt/cluster/programs/g16-c.01/g16/l1.exe() [0x410c4c]
  /opt/cluster/programs/g16-c.01/g16/l1.exe() [0x40d185]
  /opt/cluster/programs/g16-c.01/g16/l1.exe() [0x40cbd7]
  /opt/cluster/programs/g16-c.01/g16/l1.exe() [0x40cb24]
  /lib64/libc.so.6(__libc_start_main+0xf5) [0x2b262f06c445]
  /opt/cluster/programs/g16-c.01/g16/l1.exe() [0x407269]
 Read checkpoint file gaussian_13_water_hf_adz.chk type Unk
 Write formatted file gaussian_13_water_hf_adz.fchk
 Will use up to     0 threads.
 Top CubeGen          Mon Feb 20 10:05:38 2023
 Aft UFChkP           Mon Feb 20 10:05:38 2023        0.07 cpu,        0.07 elapsed
 Could not find " ","Total SCF Density" on formatted checkpoint file.
 Error termination via Lnk1e at Mon Feb 20 10:05:38 2023.
Error: segmentation violation
   rax 0000000000000000, rbx 00000000058b0be0, rcx ffffffffffffffff
   rdx 0000000000029ec8, rsp 00007fff9ad3a0f8, rbp 00007fff9ad3a150
   rsi 000000000000000b, rdi 0000000000029ec8, r8  00002b249bfdbac0
   r9  00002b249bfdbac0, r10 00007fff9ad39b60, r11 0000000000000202
   r12 00000000058aeb0b, r13 000000000697d288, r14 00000000058aeec0
   r15 00007fff9ad3c390
  /lib64/libpthread.so.0(+0xf6d0) [0x2b249c4d56d0]
  /lib64/libc.so.6(kill+0x7) [0x2b249ca1a547]
  /opt/cluster/programs/g16-c.01/g16/cubegen() [0x40fe24]
  /lib64/libc.so.6(__libc_start_main+0xf5) [0x2b249ca06445]
/var/spool/slurm//job7311531/slurm_script: line 57: 171720 Aborted                 $g16root/g16/cubegen 0 Density $FCKFILE $DNSFILE -2 h
 Will use up to     0 threads.
 Top CubeGen          Mon Feb 20 10:05:38 2023
 Aft UFChkP           Mon Feb 20 10:05:39 2023        0.06 cpu,        0.07 elapsed
 Could not find " ","Total SCF Density" on formatted checkpoint file.
 Error termination via Lnk1e at Mon Feb 20 10:05:39 2023.
Error: segmentation violation
   rax 0000000000000000, rbx 00000000058b0be0, rcx ffffffffffffffff
   rdx 0000000000029f02, rsp 00007ffcef7a15f8, rbp 00007ffcef7a1650
   rsi 000000000000000b, rdi 0000000000029f02, r8  00002b972c01eac0
   r9  00002b972c01eac0, r10 00007ffcef7a1060, r11 0000000000000202
   r12 00000000058aeb0b, r13 000000000697d288, r14 00000000058aeec0
   r15 00007ffcef7a3890
  /lib64/libpthread.so.0(+0xf6d0) [0x2b972c5186d0]
  /lib64/libc.so.6(kill+0x7) [0x2b972ca5d547]
  /opt/cluster/programs/g16-c.01/g16/cubegen() [0x40fe24]
  /lib64/libc.so.6(__libc_start_main+0xf5) [0x2b972ca49445]
/var/spool/slurm//job7311531/slurm_script: line 60: 171778 Aborted                 $g16root/g16/cubegen 0 Potential $FCKFILE $ESPFILE -2 h
cp: cannot stat ‘gaussian_13_water_hf_adz_dens.cube’: No such file or directory
cp: cannot stat ‘gaussian_13_water_hf_adz_esp.cube’: No such file or directory
