node106.cluster
Error: segmentation violation
   rax 0000000000000000, rbx ffffffffffffffff, rcx ffffffffffffffff
   rdx 0000000000026739, rsp 00007fff62fc9138, rbp 00007fff62fc96b0
   rsi 000000000000000b, rdi 0000000000026739, r8  0000000000000020
   r9  0000000000000401, r10 00007fff62fc8ba0, r11 0000000000000202
   r12 00007fff62fc96f8, r13 0000000000000000, r14 0000000000000000
   r15 00000000000003e6
  /lib64/libpthread.so.0(+0xf6d0) [0x2b7e64dc56d0]
  /lib64/libc.so.6(kill+0x7) [0x2b7e6530a547]
  /opt/cluster/programs/g16-c.01/g16/l1.exe() [0x4b8975]
  /opt/cluster/programs/g16-c.01/g16/l1.exe() [0x4f867a]
  /opt/cluster/programs/g16-c.01/g16/l1.exe() [0x4d56ab]
  /opt/cluster/programs/g16-c.01/g16/l1.exe() [0x41d5c6]
  /opt/cluster/programs/g16-c.01/g16/l1.exe() [0x410c4c]
  /opt/cluster/programs/g16-c.01/g16/l1.exe() [0x40d185]
  /opt/cluster/programs/g16-c.01/g16/l1.exe() [0x40cbd7]
  /opt/cluster/programs/g16-c.01/g16/l1.exe() [0x40cb24]
  /lib64/libc.so.6(__libc_start_main+0xf5) [0x2b7e652f6445]
  /opt/cluster/programs/g16-c.01/g16/l1.exe() [0x407269]
 Read checkpoint file gaussian_127_water_hf_adz2.chk type Unk
 Write formatted file gaussian_127_water_hf_adz2.fchk
 Will use up to     0 threads.
 Top CubeGen          Mon Feb 20 10:10:57 2023
 Aft UFChkP           Mon Feb 20 10:10:57 2023        0.06 cpu,        0.07 elapsed
 Could not find " ","Total SCF Density" on formatted checkpoint file.
 Error termination via Lnk1e at Mon Feb 20 10:10:57 2023.
Error: segmentation violation
   rax 0000000000000000, rbx 00000000058b0be0, rcx ffffffffffffffff
   rdx 0000000000026794, rsp 00007ffeb55b2428, rbp 00007ffeb55b2480
   rsi 000000000000000b, rdi 0000000000026794, r8  00002b1e53c2aac0
   r9  00002b1e53c2aac0, r10 00007ffeb55b1ea0, r11 0000000000000206
   r12 00000000058aeb0b, r13 000000000697d288, r14 00000000058aeec0
   r15 00007ffeb55b46c0
  /lib64/libpthread.so.0(+0xf6d0) [0x2b1e541246d0]
  /lib64/libc.so.6(kill+0x7) [0x2b1e54669547]
  /opt/cluster/programs/g16-c.01/g16/cubegen() [0x40fe24]
  /lib64/libc.so.6(__libc_start_main+0xf5) [0x2b1e54655445]
/var/spool/slurm//job7311825/slurm_script: line 57: 157588 Aborted                 $g16root/g16/cubegen 0 Density $FCKFILE $DNSFILE -2 h
 Will use up to     0 threads.
 Top CubeGen          Mon Feb 20 10:10:58 2023
 Aft UFChkP           Mon Feb 20 10:10:58 2023        0.07 cpu,        0.07 elapsed
 Could not find " ","Total SCF Density" on formatted checkpoint file.
 Error termination via Lnk1e at Mon Feb 20 10:10:58 2023.
Error: segmentation violation
   rax 0000000000000000, rbx 00000000058b0be0, rcx ffffffffffffffff
   rdx 00000000000267c5, rsp 00007ffc7f605b98, rbp 00007ffc7f605bf0
   rsi 000000000000000b, rdi 00000000000267c5, r8  00002b99d67dcac0
   r9  00002b99d67dcac0, r10 00007ffc7f605620, r11 0000000000000202
   r12 00000000058aeb0b, r13 000000000697d288, r14 00000000058aeec0
   r15 00007ffc7f607e30
  /lib64/libpthread.so.0(+0xf6d0) [0x2b99d6cd66d0]
  /lib64/libc.so.6(kill+0x7) [0x2b99d721b547]
  /opt/cluster/programs/g16-c.01/g16/cubegen() [0x40fe24]
  /lib64/libc.so.6(__libc_start_main+0xf5) [0x2b99d7207445]
/var/spool/slurm//job7311825/slurm_script: line 60: 157637 Aborted                 $g16root/g16/cubegen 0 Potential $FCKFILE $ESPFILE -2 h
cp: cannot stat ‘gaussian_127_water_hf_adz2_dens.cube’: No such file or directory
cp: cannot stat ‘gaussian_127_water_hf_adz2_esp.cube’: No such file or directory
