node63.cluster
 Read checkpoint file gaussian_171_water_ccsdt_atz.chk type G16
 Write formatted file gaussian_171_water_ccsdt_atz.fchk
 FChkPn:  Coordinates translated and rotated.
 FChkPn:  Coordinates match /B/ after translation and rotation.
 Will use up to     0 threads.
 Top CubeGen          Wed Feb  8 13:58:12 2023
 Aft UFChkP           Wed Feb  8 13:58:12 2023        0.23 cpu,        0.23 elapsed
 Aft DecCub           Wed Feb  8 13:58:12 2023        0.03 cpu,        0.03 elapsed
 Aft Density          Wed Feb  8 13:58:12 2023        0.00 cpu,        0.00 elapsed
 Bef DoCube           Wed Feb  8 13:58:12 2023        0.00 cpu,        0.00 elapsed
 There are a total of       29791 grid points.
 ElSum from          density=        8.1583474768
 Aft DoCube           Wed Feb  8 13:58:12 2023        0.18 cpu,        0.18 elapsed
 Will use up to     0 threads.
 Top CubeGen          Wed Feb  8 13:58:12 2023
 Aft UFChkP           Wed Feb  8 13:58:12 2023        0.23 cpu,        0.23 elapsed
 Aft DecCub           Wed Feb  8 13:58:12 2023        0.00 cpu,        0.01 elapsed
 Aft Density          Wed Feb  8 13:58:12 2023        0.00 cpu,        0.00 elapsed
 Bef DoCube           Wed Feb  8 13:58:12 2023        0.01 cpu,        0.00 elapsed
 There are a total of       29791 grid points.
 ElSum from          density=       13.6108857376
 Aft DoCube           Wed Feb  8 13:58:14 2023        1.42 cpu,        1.42 elapsed
