node106.cluster
Error: segmentation violation
   rax 0000000000000000, rbx ffffffffffffffff, rcx ffffffffffffffff
   rdx 0000000000025350, rsp 00007ffffe7d2158, rbp 00007ffffe7d26d0
   rsi 000000000000000b, rdi 0000000000025350, r8  0000000000000020
   r9  0000000000000401, r10 00007ffffe7d1be0, r11 0000000000000202
   r12 00007ffffe7d2718, r13 0000000000000000, r14 0000000000000000
   r15 00000000000003e6
  /lib64/libpthread.so.0(+0xf6d0) [0x2b5901daf6d0]
  /lib64/libc.so.6(kill+0x7) [0x2b59022f4547]
  /opt/cluster/programs/g16-c.01/g16/l1.exe() [0x4b8975]
  /opt/cluster/programs/g16-c.01/g16/l1.exe() [0x4f867a]
  /opt/cluster/programs/g16-c.01/g16/l1.exe() [0x4d56ab]
  /opt/cluster/programs/g16-c.01/g16/l1.exe() [0x41d5c6]
  /opt/cluster/programs/g16-c.01/g16/l1.exe() [0x410c4c]
  /opt/cluster/programs/g16-c.01/g16/l1.exe() [0x40d185]
  /opt/cluster/programs/g16-c.01/g16/l1.exe() [0x40cbd7]
  /opt/cluster/programs/g16-c.01/g16/l1.exe() [0x40cb24]
  /lib64/libc.so.6(__libc_start_main+0xf5) [0x2b59022e0445]
  /opt/cluster/programs/g16-c.01/g16/l1.exe() [0x407269]
 Read checkpoint file gaussian_100_water_hf_adz.chk type Unk
 Write formatted file gaussian_100_water_hf_adz.fchk
 Will use up to     0 threads.
 Top CubeGen          Mon Feb 20 10:06:59 2023
 Aft UFChkP           Mon Feb 20 10:06:59 2023        0.06 cpu,        0.07 elapsed
 Could not find " ","Total SCF Density" on formatted checkpoint file.
 Error termination via Lnk1e at Mon Feb 20 10:06:59 2023.
Error: segmentation violation
   rax 0000000000000000, rbx 00000000058b0be0, rcx ffffffffffffffff
   rdx 0000000000025390, rsp 00007fffcc73c468, rbp 00007fffcc73c4c0
   rsi 000000000000000b, rdi 0000000000025390, r8  00002b386c55aac0
   r9  00002b386c55aac0, r10 00007fffcc73bee0, r11 0000000000000202
   r12 00000000058aeb0b, r13 000000000697d288, r14 00000000058aeec0
   r15 00007fffcc73e700
  /lib64/libpthread.so.0(+0xf6d0) [0x2b386ca546d0]
  /lib64/libc.so.6(kill+0x7) [0x2b386cf99547]
  /opt/cluster/programs/g16-c.01/g16/cubegen() [0x40fe24]
  /lib64/libc.so.6(__libc_start_main+0xf5) [0x2b386cf85445]
/var/spool/slurm//job7311618/slurm_script: line 57: 152464 Aborted                 $g16root/g16/cubegen 0 Density $FCKFILE $DNSFILE -2 h
 Will use up to     0 threads.
 Top CubeGen          Mon Feb 20 10:06:59 2023
 Aft UFChkP           Mon Feb 20 10:06:59 2023        0.07 cpu,        0.07 elapsed
 Could not find " ","Total SCF Density" on formatted checkpoint file.
 Error termination via Lnk1e at Mon Feb 20 10:06:59 2023.
Error: segmentation violation
   rax 0000000000000000, rbx 00000000058b0be0, rcx ffffffffffffffff
   rdx 00000000000253c0, rsp 00007fff99da5788, rbp 00007fff99da57e0
   rsi 000000000000000b, rdi 00000000000253c0, r8  00002b36d9334ac0
   r9  00002b36d9334ac0, r10 00007fff99da51e0, r11 0000000000000206
   r12 00000000058aeb0b, r13 000000000697d288, r14 00000000058aeec0
   r15 00007fff99da7a20
  /lib64/libpthread.so.0(+0xf6d0) [0x2b36d982e6d0]
  /lib64/libc.so.6(kill+0x7) [0x2b36d9d73547]
  /opt/cluster/programs/g16-c.01/g16/cubegen() [0x40fe24]
  /lib64/libc.so.6(__libc_start_main+0xf5) [0x2b36d9d5f445]
/var/spool/slurm//job7311618/slurm_script: line 60: 152512 Aborted                 $g16root/g16/cubegen 0 Potential $FCKFILE $ESPFILE -2 h
cp: cannot stat ‘gaussian_100_water_hf_adz_dens.cube’: No such file or directory
cp: cannot stat ‘gaussian_100_water_hf_adz_esp.cube’: No such file or directory
