node105.cluster
Error: segmentation violation
   rax 0000000000000000, rbx ffffffffffffffff, rcx ffffffffffffffff
   rdx 000000000002ae6f, rsp 00007fff5d3557f8, rbp 00007fff5d355d70
   rsi 000000000000000b, rdi 000000000002ae6f, r8  0000000000000020
   r9  0000000000000401, r10 00007fff5d355260, r11 0000000000000202
   r12 00007fff5d355db8, r13 0000000000000000, r14 0000000000000000
   r15 00000000000003e6
  /lib64/libpthread.so.0(+0xf6d0) [0x2ad0a6f3a6d0]
  /lib64/libc.so.6(kill+0x7) [0x2ad0a747f547]
  /opt/cluster/programs/g16-c.01/g16/l1.exe() [0x4b8975]
  /opt/cluster/programs/g16-c.01/g16/l1.exe() [0x4f867a]
  /opt/cluster/programs/g16-c.01/g16/l1.exe() [0x4d56ab]
  /opt/cluster/programs/g16-c.01/g16/l1.exe() [0x41d5c6]
  /opt/cluster/programs/g16-c.01/g16/l1.exe() [0x410c4c]
  /opt/cluster/programs/g16-c.01/g16/l1.exe() [0x40d185]
  /opt/cluster/programs/g16-c.01/g16/l1.exe() [0x40cbd7]
  /opt/cluster/programs/g16-c.01/g16/l1.exe() [0x40cb24]
  /lib64/libc.so.6(__libc_start_main+0xf5) [0x2ad0a746b445]
  /opt/cluster/programs/g16-c.01/g16/l1.exe() [0x407269]
 Read checkpoint file gaussian_173_water_hf_adz.chk type Unk
 Write formatted file gaussian_173_water_hf_adz.fchk
 Will use up to     0 threads.
 Top CubeGen          Mon Feb 20 10:08:20 2023
 Aft UFChkP           Mon Feb 20 10:08:20 2023        0.07 cpu,        0.07 elapsed
 Could not find " ","Total SCF Density" on formatted checkpoint file.
 Error termination via Lnk1e at Mon Feb 20 10:08:20 2023.
Error: segmentation violation
   rax 0000000000000000, rbx 00000000058b0be0, rcx ffffffffffffffff
   rdx 000000000002aec9, rsp 00007fff256bbbc8, rbp 00007fff256bbc20
   rsi 000000000000000b, rdi 000000000002aec9, r8  00002b019b85cac0
   r9  00002b019b85cac0, r10 00007fff256bb620, r11 0000000000000202
   r12 00000000058aeb0b, r13 000000000697d288, r14 00000000058aeec0
   r15 00007fff256bde60
  /lib64/libpthread.so.0(+0xf6d0) [0x2b019bd566d0]
  /lib64/libc.so.6(kill+0x7) [0x2b019c29b547]
  /opt/cluster/programs/g16-c.01/g16/cubegen() [0x40fe24]
  /lib64/libc.so.6(__libc_start_main+0xf5) [0x2b019c287445]
/var/spool/slurm//job7311691/slurm_script: line 57: 175817 Aborted                 $g16root/g16/cubegen 0 Density $FCKFILE $DNSFILE -2 h
 Will use up to     0 threads.
 Top CubeGen          Mon Feb 20 10:08:20 2023
 Aft UFChkP           Mon Feb 20 10:08:20 2023        0.07 cpu,        0.07 elapsed
 Could not find " ","Total SCF Density" on formatted checkpoint file.
 Error termination via Lnk1e at Mon Feb 20 10:08:20 2023.
Error: segmentation violation
   rax 0000000000000000, rbx 00000000058b0be0, rcx ffffffffffffffff
   rdx 000000000002af02, rsp 00007ffffdbb49c8, rbp 00007ffffdbb4a20
   rsi 000000000000000b, rdi 000000000002af02, r8  00002b8783effac0
   r9  00002b8783effac0, r10 00007ffffdbb4420, r11 0000000000000202
   r12 00000000058aeb0b, r13 000000000697d288, r14 00000000058aeec0
   r15 00007ffffdbb6c60
  /lib64/libpthread.so.0(+0xf6d0) [0x2b87843f96d0]
  /lib64/libc.so.6(kill+0x7) [0x2b878493e547]
  /opt/cluster/programs/g16-c.01/g16/cubegen() [0x40fe24]
  /lib64/libc.so.6(__libc_start_main+0xf5) [0x2b878492a445]
/var/spool/slurm//job7311691/slurm_script: line 60: 175874 Aborted                 $g16root/g16/cubegen 0 Potential $FCKFILE $ESPFILE -2 h
cp: cannot stat ‘gaussian_173_water_hf_adz_dens.cube’: No such file or directory
cp: cannot stat ‘gaussian_173_water_hf_adz_esp.cube’: No such file or directory
