node105.cluster
Error: segmentation violation
   rax 0000000000000000, rbx ffffffffffffffff, rcx ffffffffffffffff
   rdx 000000000002aa90, rsp 00007ffc2e879f28, rbp 00007ffc2e87a4a0
   rsi 000000000000000b, rdi 000000000002aa90, r8  0000000000000020
   r9  0000000000000401, r10 00007ffc2e8799a0, r11 0000000000000206
   r12 00007ffc2e87a4e8, r13 0000000000000000, r14 0000000000000000
   r15 00000000000003e6
  /lib64/libpthread.so.0(+0xf6d0) [0x2b20991266d0]
  /lib64/libc.so.6(kill+0x7) [0x2b209966b547]
  /opt/cluster/programs/g16-c.01/g16/l1.exe() [0x4b8975]
  /opt/cluster/programs/g16-c.01/g16/l1.exe() [0x4f867a]
  /opt/cluster/programs/g16-c.01/g16/l1.exe() [0x4d56ab]
  /opt/cluster/programs/g16-c.01/g16/l1.exe() [0x41d5c6]
  /opt/cluster/programs/g16-c.01/g16/l1.exe() [0x410c4c]
  /opt/cluster/programs/g16-c.01/g16/l1.exe() [0x40d185]
  /opt/cluster/programs/g16-c.01/g16/l1.exe() [0x40cbd7]
  /opt/cluster/programs/g16-c.01/g16/l1.exe() [0x40cb24]
  /lib64/libc.so.6(__libc_start_main+0xf5) [0x2b2099657445]
  /opt/cluster/programs/g16-c.01/g16/l1.exe() [0x407269]
 Read checkpoint file gaussian_134_water_hf_adz.chk type Unk
 Write formatted file gaussian_134_water_hf_adz.fchk
 Will use up to     0 threads.
 Top CubeGen          Mon Feb 20 10:07:39 2023
 Aft UFChkP           Mon Feb 20 10:07:39 2023        0.07 cpu,        0.08 elapsed
 Could not find " ","Total SCF Density" on formatted checkpoint file.
 Error termination via Lnk1e at Mon Feb 20 10:07:39 2023.
Error: segmentation violation
   rax 0000000000000000, rbx 00000000058b0be0, rcx ffffffffffffffff
   rdx 000000000002aaeb, rsp 00007ffdc7a08858, rbp 00007ffdc7a088b0
   rsi 000000000000000b, rdi 000000000002aaeb, r8  00002ac964805ac0
   r9  00002ac964805ac0, r10 00007ffdc7a082e0, r11 0000000000000202
   r12 00000000058aeb0b, r13 000000000697d288, r14 00000000058aeec0
   r15 00007ffdc7a0aaf0
  /lib64/libpthread.so.0(+0xf6d0) [0x2ac964cff6d0]
  /lib64/libc.so.6(kill+0x7) [0x2ac965244547]
  /opt/cluster/programs/g16-c.01/g16/cubegen() [0x40fe24]
  /lib64/libc.so.6(__libc_start_main+0xf5) [0x2ac965230445]
/var/spool/slurm//job7311652/slurm_script: line 57: 174827 Aborted                 $g16root/g16/cubegen 0 Density $FCKFILE $DNSFILE -2 h
 Will use up to     0 threads.
 Top CubeGen          Mon Feb 20 10:07:39 2023
 Aft UFChkP           Mon Feb 20 10:07:39 2023        0.07 cpu,        0.07 elapsed
 Could not find " ","Total SCF Density" on formatted checkpoint file.
 Error termination via Lnk1e at Mon Feb 20 10:07:39 2023.
Error: segmentation violation
   rax 0000000000000000, rbx 00000000058b0be0, rcx ffffffffffffffff
   rdx 000000000002ab17, rsp 00007ffc1e957248, rbp 00007ffc1e9572a0
   rsi 000000000000000b, rdi 000000000002ab17, r8  00002b553dcf4ac0
   r9  00002b553dcf4ac0, r10 00007ffc1e956ca0, r11 0000000000000206
   r12 00000000058aeb0b, r13 000000000697d288, r14 00000000058aeec0
   r15 00007ffc1e9594e0
  /lib64/libpthread.so.0(+0xf6d0) [0x2b553e1ee6d0]
  /lib64/libc.so.6(kill+0x7) [0x2b553e733547]
  /opt/cluster/programs/g16-c.01/g16/cubegen() [0x40fe24]
  /lib64/libc.so.6(__libc_start_main+0xf5) [0x2b553e71f445]
/var/spool/slurm//job7311652/slurm_script: line 60: 174871 Aborted                 $g16root/g16/cubegen 0 Potential $FCKFILE $ESPFILE -2 h
cp: cannot stat ‘gaussian_134_water_hf_adz_dens.cube’: No such file or directory
cp: cannot stat ‘gaussian_134_water_hf_adz_esp.cube’: No such file or directory
