node64.cluster
 Read checkpoint file gaussian_33_water_hf_pdz.chk type G16
 Write formatted file gaussian_33_water_hf_pdz.fchk
 FChkPn:  Coordinates translated and rotated.
 FChkPn:  Coordinates match /B/ after translation and rotation.
 Will use up to     0 threads.
 Top CubeGen          Wed Feb  8 15:05:09 2023
 Aft UFChkP           Wed Feb  8 15:05:09 2023        0.12 cpu,        0.13 elapsed
 Aft DecCub           Wed Feb  8 15:05:09 2023        0.01 cpu,        0.01 elapsed
 Aft Density          Wed Feb  8 15:05:09 2023        0.00 cpu,        0.00 elapsed
 Bef DoCube           Wed Feb  8 15:05:09 2023        0.00 cpu,        0.00 elapsed
 There are a total of       29791 grid points.
 ElSum from          density=        8.1553068331
 Aft DoCube           Wed Feb  8 15:05:09 2023        0.05 cpu,        0.05 elapsed
 Will use up to     0 threads.
 Top CubeGen          Wed Feb  8 15:05:09 2023
 Aft UFChkP           Wed Feb  8 15:05:10 2023        0.12 cpu,        0.13 elapsed
 Aft DecCub           Wed Feb  8 15:05:10 2023        0.01 cpu,        0.00 elapsed
 Aft Density          Wed Feb  8 15:05:10 2023        0.00 cpu,        0.00 elapsed
 Bef DoCube           Wed Feb  8 15:05:10 2023        0.00 cpu,        0.00 elapsed
 There are a total of       29791 grid points.
 ElSum from          density=       13.5936797993
 Aft DoCube           Wed Feb  8 15:05:10 2023        0.21 cpu,        0.21 elapsed
