node63.cluster
 Read checkpoint file gaussian_6_water_ccsdt_atz.chk type G16
 Write formatted file gaussian_6_water_ccsdt_atz.fchk
 FChkPn:  Coordinates translated and rotated.
 FChkPn:  Coordinates match /B/ after translation and rotation.
 Will use up to     0 threads.
 Top CubeGen          Wed Feb  8 13:49:05 2023
 Aft UFChkP           Wed Feb  8 13:49:06 2023        0.24 cpu,        0.24 elapsed
 Aft DecCub           Wed Feb  8 13:49:06 2023        0.04 cpu,        0.03 elapsed
 Aft Density          Wed Feb  8 13:49:06 2023        0.00 cpu,        0.00 elapsed
 Bef DoCube           Wed Feb  8 13:49:06 2023        0.00 cpu,        0.00 elapsed
 There are a total of       29791 grid points.
 ElSum from          density=        8.1594044170
 Aft DoCube           Wed Feb  8 13:49:06 2023        0.18 cpu,        0.18 elapsed
 Will use up to     0 threads.
 Top CubeGen          Wed Feb  8 13:49:06 2023
 Aft UFChkP           Wed Feb  8 13:49:06 2023        0.23 cpu,        0.23 elapsed
 Aft DecCub           Wed Feb  8 13:49:06 2023        0.00 cpu,        0.01 elapsed
 Aft Density          Wed Feb  8 13:49:06 2023        0.00 cpu,        0.00 elapsed
 Bef DoCube           Wed Feb  8 13:49:06 2023        0.00 cpu,        0.00 elapsed
 There are a total of       29791 grid points.
 ElSum from          density=       13.6112070158
 Aft DoCube           Wed Feb  8 13:49:07 2023        1.42 cpu,        1.42 elapsed
