node61.cluster
 Read checkpoint file gaussian_132_water_ccsdt_atz.chk type G16
 Write formatted file gaussian_132_water_ccsdt_atz.fchk
 FChkPn:  Coordinates translated and rotated.
 FChkPn:  Coordinates match /B/ after translation and rotation.
 Will use up to     0 threads.
 Top CubeGen          Wed Feb  8 13:55:37 2023
 Aft UFChkP           Wed Feb  8 13:55:37 2023        0.26 cpu,        0.26 elapsed
 Aft DecCub           Wed Feb  8 13:55:37 2023        0.03 cpu,        0.03 elapsed
 Aft Density          Wed Feb  8 13:55:37 2023        0.00 cpu,        0.00 elapsed
 Bef DoCube           Wed Feb  8 13:55:37 2023        0.01 cpu,        0.00 elapsed
 There are a total of       29791 grid points.
 ElSum from          density=        8.1582536186
 Aft DoCube           Wed Feb  8 13:55:37 2023        0.19 cpu,        0.20 elapsed
 Will use up to     0 threads.
 Top CubeGen          Wed Feb  8 13:55:37 2023
 Aft UFChkP           Wed Feb  8 13:55:37 2023        0.26 cpu,        0.26 elapsed
 Aft DecCub           Wed Feb  8 13:55:37 2023        0.00 cpu,        0.01 elapsed
 Aft Density          Wed Feb  8 13:55:37 2023        0.00 cpu,        0.00 elapsed
 Bef DoCube           Wed Feb  8 13:55:37 2023        0.01 cpu,        0.00 elapsed
 There are a total of       29791 grid points.
 ElSum from          density=       13.6103076486
 Aft DoCube           Wed Feb  8 13:55:39 2023        1.45 cpu,        1.45 elapsed
