node106.cluster
Error: segmentation violation
   rax 0000000000000000, rbx ffffffffffffffff, rcx ffffffffffffffff
   rdx 00000000000258cb, rsp 00007ffd6a9ea8e8, rbp 00007ffd6a9eae60
   rsi 000000000000000b, rdi 00000000000258cb, r8  0000000000000020
   r9  0000000000000401, r10 00007ffd6a9ea360, r11 0000000000000206
   r12 00007ffd6a9eaea8, r13 0000000000000000, r14 0000000000000000
   r15 00000000000003e6
  /lib64/libpthread.so.0(+0xf6d0) [0x2b6f60d3f6d0]
  /lib64/libc.so.6(kill+0x7) [0x2b6f61284547]
  /opt/cluster/programs/g16-c.01/g16/l1.exe() [0x4b8975]
  /opt/cluster/programs/g16-c.01/g16/l1.exe() [0x4f867a]
  /opt/cluster/programs/g16-c.01/g16/l1.exe() [0x4d56ab]
  /opt/cluster/programs/g16-c.01/g16/l1.exe() [0x41d5c6]
  /opt/cluster/programs/g16-c.01/g16/l1.exe() [0x410c4c]
  /opt/cluster/programs/g16-c.01/g16/l1.exe() [0x40d185]
  /opt/cluster/programs/g16-c.01/g16/l1.exe() [0x40cbd7]
  /opt/cluster/programs/g16-c.01/g16/l1.exe() [0x40cb24]
  /lib64/libc.so.6(__libc_start_main+0xf5) [0x2b6f61270445]
  /opt/cluster/programs/g16-c.01/g16/l1.exe() [0x407269]
 Read checkpoint file gaussian_157_water_hf_adz.chk type Unk
 Write formatted file gaussian_157_water_hf_adz.fchk
 Will use up to     0 threads.
 Top CubeGen          Mon Feb 20 10:08:00 2023
 Aft UFChkP           Mon Feb 20 10:08:00 2023        0.07 cpu,        0.07 elapsed
 Could not find " ","Total SCF Density" on formatted checkpoint file.
 Error termination via Lnk1e at Mon Feb 20 10:08:00 2023.
Error: segmentation violation
   rax 0000000000000000, rbx 00000000058b0be0, rcx ffffffffffffffff
   rdx 0000000000025938, rsp 00007ffd76a2d718, rbp 00007ffd76a2d770
   rsi 000000000000000b, rdi 0000000000025938, r8  00002b7524f56ac0
   r9  00002b7524f56ac0, r10 00007ffd76a2d1a0, r11 0000000000000206
   r12 00000000058aeb0b, r13 000000000697d288, r14 00000000058aeec0
   r15 00007ffd76a2f9b0
  /lib64/libpthread.so.0(+0xf6d0) [0x2b75254506d0]
  /lib64/libc.so.6(kill+0x7) [0x2b7525995547]
  /opt/cluster/programs/g16-c.01/g16/cubegen() [0x40fe24]
  /lib64/libc.so.6(__libc_start_main+0xf5) [0x2b7525981445]
/var/spool/slurm//job7311675/slurm_script: line 57: 153912 Aborted                 $g16root/g16/cubegen 0 Density $FCKFILE $DNSFILE -2 h
 Will use up to     0 threads.
 Top CubeGen          Mon Feb 20 10:08:00 2023
 Aft UFChkP           Mon Feb 20 10:08:00 2023        0.07 cpu,        0.07 elapsed
 Could not find " ","Total SCF Density" on formatted checkpoint file.
 Error termination via Lnk1e at Mon Feb 20 10:08:00 2023.
Error: segmentation violation
   rax 0000000000000000, rbx 00000000058b0be0, rcx ffffffffffffffff
   rdx 0000000000025967, rsp 00007ffe1c1a54d8, rbp 00007ffe1c1a5530
   rsi 000000000000000b, rdi 0000000000025967, r8  00002ae2d4baaac0
   r9  00002ae2d4baaac0, r10 00007ffe1c1a4f60, r11 0000000000000206
   r12 00000000058aeb0b, r13 000000000697d288, r14 00000000058aeec0
   r15 00007ffe1c1a7770
  /lib64/libpthread.so.0(+0xf6d0) [0x2ae2d50a46d0]
  /lib64/libc.so.6(kill+0x7) [0x2ae2d55e9547]
  /opt/cluster/programs/g16-c.01/g16/cubegen() [0x40fe24]
  /lib64/libc.so.6(__libc_start_main+0xf5) [0x2ae2d55d5445]
/var/spool/slurm//job7311675/slurm_script: line 60: 153959 Aborted                 $g16root/g16/cubegen 0 Potential $FCKFILE $ESPFILE -2 h
cp: cannot stat ‘gaussian_157_water_hf_adz_dens.cube’: No such file or directory
cp: cannot stat ‘gaussian_157_water_hf_adz_esp.cube’: No such file or directory
