node61.cluster
 Read checkpoint file gaussian_146_water_ccsdt_atz.chk type G16
 Write formatted file gaussian_146_water_ccsdt_atz.fchk
 FChkPn:  Coordinates translated and rotated.
 FChkPn:  Coordinates match /B/ after translation and rotation.
 Will use up to     0 threads.
 Top CubeGen          Wed Feb  8 13:56:30 2023
 Aft UFChkP           Wed Feb  8 13:56:30 2023        0.22 cpu,        0.23 elapsed
 Aft DecCub           Wed Feb  8 13:56:30 2023        0.04 cpu,        0.03 elapsed
 Aft Density          Wed Feb  8 13:56:30 2023        0.00 cpu,        0.00 elapsed
 Bef DoCube           Wed Feb  8 13:56:30 2023        0.00 cpu,        0.00 elapsed
 There are a total of       29791 grid points.
 ElSum from          density=        8.1611230088
 Aft DoCube           Wed Feb  8 13:56:30 2023        0.16 cpu,        0.15 elapsed
 Will use up to     0 threads.
 Top CubeGen          Wed Feb  8 13:56:30 2023
 Aft UFChkP           Wed Feb  8 13:56:30 2023        0.23 cpu,        0.23 elapsed
 Aft DecCub           Wed Feb  8 13:56:30 2023        0.00 cpu,        0.01 elapsed
 Aft Density          Wed Feb  8 13:56:30 2023        0.00 cpu,        0.00 elapsed
 Bef DoCube           Wed Feb  8 13:56:30 2023        0.01 cpu,        0.00 elapsed
 There are a total of       29791 grid points.
 ElSum from          density=       13.6135163819
 Aft DoCube           Wed Feb  8 13:56:32 2023        1.40 cpu,        1.40 elapsed
