node105.cluster
Error: segmentation violation
   rax 0000000000000000, rbx ffffffffffffffff, rcx ffffffffffffffff
   rdx 0000000000029f9c, rsp 00007ffe92843998, rbp 00007ffe92843f10
   rsi 000000000000000b, rdi 0000000000029f9c, r8  0000000000000020
   r9  0000000000000401, r10 00007ffe92843420, r11 0000000000000202
   r12 00007ffe92843f58, r13 0000000000000000, r14 0000000000000000
   r15 00000000000003e6
  /lib64/libpthread.so.0(+0xf6d0) [0x2aaaec5f06d0]
  /lib64/libc.so.6(kill+0x7) [0x2aaaecb35547]
  /opt/cluster/programs/g16-c.01/g16/l1.exe() [0x4b8975]
  /opt/cluster/programs/g16-c.01/g16/l1.exe() [0x4f867a]
  /opt/cluster/programs/g16-c.01/g16/l1.exe() [0x4d56ab]
  /opt/cluster/programs/g16-c.01/g16/l1.exe() [0x41d5c6]
  /opt/cluster/programs/g16-c.01/g16/l1.exe() [0x410c4c]
  /opt/cluster/programs/g16-c.01/g16/l1.exe() [0x40d185]
  /opt/cluster/programs/g16-c.01/g16/l1.exe() [0x40cbd7]
  /opt/cluster/programs/g16-c.01/g16/l1.exe() [0x40cb24]
  /lib64/libc.so.6(__libc_start_main+0xf5) [0x2aaaecb21445]
  /opt/cluster/programs/g16-c.01/g16/l1.exe() [0x407269]
 Read checkpoint file gaussian_26_water_hf_adz.chk type Unk
 Write formatted file gaussian_26_water_hf_adz.fchk
 Will use up to     0 threads.
 Top CubeGen          Mon Feb 20 10:05:47 2023
 Aft UFChkP           Mon Feb 20 10:05:47 2023        0.07 cpu,        0.07 elapsed
 Could not find " ","Total SCF Density" on formatted checkpoint file.
 Error termination via Lnk1e at Mon Feb 20 10:05:47 2023.
Error: segmentation violation
   rax 0000000000000000, rbx 00000000058b0be0, rcx ffffffffffffffff
   rdx 0000000000029fda, rsp 00007ffece4b1ae8, rbp 00007ffece4b1b40
   rsi 000000000000000b, rdi 0000000000029fda, r8  00002af613a3fac0
   r9  00002af613a3fac0, r10 00007ffece4b1560, r11 0000000000000206
   r12 00000000058aeb0b, r13 000000000697d288, r14 00000000058aeec0
   r15 00007ffece4b3d80
  /lib64/libpthread.so.0(+0xf6d0) [0x2af613f396d0]
  /lib64/libc.so.6(kill+0x7) [0x2af61447e547]
  /opt/cluster/programs/g16-c.01/g16/cubegen() [0x40fe24]
  /lib64/libc.so.6(__libc_start_main+0xf5) [0x2af61446a445]
/var/spool/slurm//job7311544/slurm_script: line 57: 171994 Aborted                 $g16root/g16/cubegen 0 Density $FCKFILE $DNSFILE -2 h
 Will use up to     0 threads.
 Top CubeGen          Mon Feb 20 10:05:48 2023
 Aft UFChkP           Mon Feb 20 10:05:48 2023        0.07 cpu,        0.07 elapsed
 Could not find " ","Total SCF Density" on formatted checkpoint file.
 Error termination via Lnk1e at Mon Feb 20 10:05:48 2023.
Error: segmentation violation
   rax 0000000000000000, rbx 00000000058b0be0, rcx ffffffffffffffff
   rdx 000000000002a00b, rsp 00007ffd6f366538, rbp 00007ffd6f366590
   rsi 000000000000000b, rdi 000000000002a00b, r8  00002af69e33cac0
   r9  00002af69e33cac0, r10 00007ffd6f365fa0, r11 0000000000000202
   r12 00000000058aeb0b, r13 000000000697d288, r14 00000000058aeec0
   r15 00007ffd6f3687d0
  /lib64/libpthread.so.0(+0xf6d0) [0x2af69e8366d0]
  /lib64/libc.so.6(kill+0x7) [0x2af69ed7b547]
  /opt/cluster/programs/g16-c.01/g16/cubegen() [0x40fe24]
  /lib64/libc.so.6(__libc_start_main+0xf5) [0x2af69ed67445]
/var/spool/slurm//job7311544/slurm_script: line 60: 172043 Aborted                 $g16root/g16/cubegen 0 Potential $FCKFILE $ESPFILE -2 h
cp: cannot stat ‘gaussian_26_water_hf_adz_dens.cube’: No such file or directory
cp: cannot stat ‘gaussian_26_water_hf_adz_esp.cube’: No such file or directory
