slurmstepd: error: task/cgroup: unable to add task[pid=22288] to memory cg '(null)'
slurmstepd: error: xcgroup_instantiate: unable to create cgroup '/sys/fs/cgroup/memory/slurm/uid_2073/job_7425818' : No space left on device
slurmstepd: error: jobacct_gather/cgroup: unable to instanciate job 7425818 memory cgroup
node81.cluster
 Read checkpoint file gaussian_69_water_pbe0_adz.chk type G16
 Write formatted file gaussian_69_water_pbe0_adz.fchk
 FChkPn:  Coordinates translated and rotated.
 FChkPn:  Coordinates match /B/ after translation and rotation.
 Will use up to     0 threads.
 Top CubeGen          Mon Mar 20 17:58:50 2023
 Aft UFChkP           Mon Mar 20 17:58:50 2023        0.14 cpu,        0.14 elapsed
 Aft DecCub           Mon Mar 20 17:58:50 2023        0.01 cpu,        0.01 elapsed
 Aft Density          Mon Mar 20 17:58:50 2023        0.00 cpu,        0.00 elapsed
 Bef DoCube           Mon Mar 20 17:58:50 2023        0.00 cpu,        0.00 elapsed
 There are a total of       29791 grid points.
 ElSum from          density=        8.1606197026
 Aft DoCube           Mon Mar 20 17:58:50 2023        0.08 cpu,        0.08 elapsed
 Will use up to     0 threads.
 Top CubeGen          Mon Mar 20 17:58:50 2023
 Aft UFChkP           Mon Mar 20 17:58:51 2023        0.13 cpu,        0.14 elapsed
 Aft DecCub           Mon Mar 20 17:58:51 2023        0.00 cpu,        0.00 elapsed
 Aft Density          Mon Mar 20 17:58:51 2023        0.00 cpu,        0.00 elapsed
 Bef DoCube           Mon Mar 20 17:58:51 2023        0.01 cpu,        0.00 elapsed
 There are a total of       29791 grid points.
 ElSum from          density=       13.6077643622
 Aft DoCube           Mon Mar 20 17:58:51 2023        0.46 cpu,        0.46 elapsed
