node104.cluster
 Read checkpoint file gaussian_143_water_hf_adz.chk type G16
 Write formatted file gaussian_143_water_hf_adz.fchk
 FChkPn:  Coordinates translated and rotated.
 FChkPn:  Coordinates match /B/ after translation and rotation.
 Will use up to     0 threads.
 Top CubeGen          Fri Feb 17 10:04:31 2023
 Aft UFChkP           Fri Feb 17 10:04:32 2023        0.12 cpu,        0.12 elapsed
 Aft DecCub           Fri Feb 17 10:04:32 2023        0.01 cpu,        0.01 elapsed
 Aft Density          Fri Feb 17 10:04:32 2023        0.00 cpu,        0.00 elapsed
 Bef DoCube           Fri Feb 17 10:04:32 2023        0.00 cpu,        0.00 elapsed
 There are a total of       29791 grid points.
 ElSum from          density=        8.1604917402
 Aft DoCube           Fri Feb 17 10:04:32 2023        0.07 cpu,        0.07 elapsed
 Will use up to     0 threads.
 Top CubeGen          Fri Feb 17 10:04:32 2023
 Aft UFChkP           Fri Feb 17 10:04:32 2023        0.12 cpu,        0.12 elapsed
 Aft DecCub           Fri Feb 17 10:04:32 2023        0.00 cpu,        0.00 elapsed
 Aft Density          Fri Feb 17 10:04:32 2023        0.00 cpu,        0.00 elapsed
 Bef DoCube           Fri Feb 17 10:04:32 2023        0.00 cpu,        0.00 elapsed
 There are a total of       29791 grid points.
 ElSum from          density=       13.6140490355
 Aft DoCube           Fri Feb 17 10:04:32 2023        0.40 cpu,        0.40 elapsed
