node106.cluster
Error: segmentation violation
   rax 0000000000000000, rbx ffffffffffffffff, rcx ffffffffffffffff
   rdx 0000000000025cbd, rsp 00007ffc93ae4138, rbp 00007ffc93ae46b0
   rsi 000000000000000b, rdi 0000000000025cbd, r8  0000000000000020
   r9  0000000000000401, r10 00007ffc93ae3ba0, r11 0000000000000202
   r12 00007ffc93ae46f8, r13 0000000000000000, r14 0000000000000000
   r15 00000000000003e6
  /lib64/libpthread.so.0(+0xf6d0) [0x2b3b396e86d0]
  /lib64/libc.so.6(kill+0x7) [0x2b3b39c2d547]
  /opt/cluster/programs/g16-c.01/g16/l1.exe() [0x4b8975]
  /opt/cluster/programs/g16-c.01/g16/l1.exe() [0x4f867a]
  /opt/cluster/programs/g16-c.01/g16/l1.exe() [0x4d56ab]
  /opt/cluster/programs/g16-c.01/g16/l1.exe() [0x41d5c6]
  /opt/cluster/programs/g16-c.01/g16/l1.exe() [0x410c4c]
  /opt/cluster/programs/g16-c.01/g16/l1.exe() [0x40d185]
  /opt/cluster/programs/g16-c.01/g16/l1.exe() [0x40cbd7]
  /opt/cluster/programs/g16-c.01/g16/l1.exe() [0x40cb24]
  /lib64/libc.so.6(__libc_start_main+0xf5) [0x2b3b39c19445]
  /opt/cluster/programs/g16-c.01/g16/l1.exe() [0x407269]
 Read checkpoint file gaussian_19_water_hf_adz2.chk type Unk
 Write formatted file gaussian_19_water_hf_adz2.fchk
 Will use up to     0 threads.
 Top CubeGen          Mon Feb 20 10:09:05 2023
 Aft UFChkP           Mon Feb 20 10:09:05 2023        0.07 cpu,        0.07 elapsed
 Could not find " ","Total SCF Density" on formatted checkpoint file.
 Error termination via Lnk1e at Mon Feb 20 10:09:05 2023.
Error: segmentation violation
   rax 0000000000000000, rbx 00000000058b0be0, rcx ffffffffffffffff
   rdx 0000000000025cfc, rsp 00007ffc128cc898, rbp 00007ffc128cc8f0
   rsi 000000000000000b, rdi 0000000000025cfc, r8  00002aeca08f5ac0
   r9  00002aeca08f5ac0, r10 00007ffc128cc320, r11 0000000000000202
   r12 00000000058aeb0b, r13 000000000697d288, r14 00000000058aeec0
   r15 00007ffc128ceb30
  /lib64/libpthread.so.0(+0xf6d0) [0x2aeca0def6d0]
  /lib64/libc.so.6(kill+0x7) [0x2aeca1334547]
  /opt/cluster/programs/g16-c.01/g16/cubegen() [0x40fe24]
  /lib64/libc.so.6(__libc_start_main+0xf5) [0x2aeca1320445]
/var/spool/slurm//job7311717/slurm_script: line 57: 154876 Aborted                 $g16root/g16/cubegen 0 Density $FCKFILE $DNSFILE -2 h
 Will use up to     0 threads.
 Top CubeGen          Mon Feb 20 10:09:05 2023
 Aft UFChkP           Mon Feb 20 10:09:05 2023        0.07 cpu,        0.07 elapsed
 Could not find " ","Total SCF Density" on formatted checkpoint file.
 Error termination via Lnk1e at Mon Feb 20 10:09:05 2023.
Error: segmentation violation
   rax 0000000000000000, rbx 00000000058b0be0, rcx ffffffffffffffff
   rdx 0000000000025d2b, rsp 00007ffe2fc563d8, rbp 00007ffe2fc56430
   rsi 000000000000000b, rdi 0000000000025d2b, r8  00002b76a7dc7ac0
   r9  00002b76a7dc7ac0, r10 00007ffe2fc55e60, r11 0000000000000206
   r12 00000000058aeb0b, r13 000000000697d288, r14 00000000058aeec0
   r15 00007ffe2fc58670
  /lib64/libpthread.so.0(+0xf6d0) [0x2b76a82c16d0]
  /lib64/libc.so.6(kill+0x7) [0x2b76a8806547]
  /opt/cluster/programs/g16-c.01/g16/cubegen() [0x40fe24]
  /lib64/libc.so.6(__libc_start_main+0xf5) [0x2b76a87f2445]
/var/spool/slurm//job7311717/slurm_script: line 60: 154923 Aborted                 $g16root/g16/cubegen 0 Potential $FCKFILE $ESPFILE -2 h
cp: cannot stat ‘gaussian_19_water_hf_adz2_dens.cube’: No such file or directory
cp: cannot stat ‘gaussian_19_water_hf_adz2_esp.cube’: No such file or directory
