node106.cluster
Error: segmentation violation
   rax 0000000000000000, rbx ffffffffffffffff, rcx ffffffffffffffff
   rdx 00000000000263a5, rsp 00007ffc57d9cd18, rbp 00007ffc57d9d290
   rsi 000000000000000b, rdi 00000000000263a5, r8  0000000000000020
   r9  0000000000000401, r10 00007ffc57d9c7a0, r11 0000000000000206
   r12 00007ffc57d9d2d8, r13 0000000000000000, r14 0000000000000000
   r15 00000000000003e6
  /lib64/libpthread.so.0(+0xf6d0) [0x2b5a98e9b6d0]
  /lib64/libc.so.6(kill+0x7) [0x2b5a993e0547]
  /opt/cluster/programs/g16-c.01/g16/l1.exe() [0x4b8975]
  /opt/cluster/programs/g16-c.01/g16/l1.exe() [0x4f867a]
  /opt/cluster/programs/g16-c.01/g16/l1.exe() [0x4d56ab]
  /opt/cluster/programs/g16-c.01/g16/l1.exe() [0x41d5c6]
  /opt/cluster/programs/g16-c.01/g16/l1.exe() [0x410c4c]
  /opt/cluster/programs/g16-c.01/g16/l1.exe() [0x40d185]
  /opt/cluster/programs/g16-c.01/g16/l1.exe() [0x40cbd7]
  /opt/cluster/programs/g16-c.01/g16/l1.exe() [0x40cb24]
  /lib64/libc.so.6(__libc_start_main+0xf5) [0x2b5a993cc445]
  /opt/cluster/programs/g16-c.01/g16/l1.exe() [0x407269]
 Read checkpoint file gaussian_89_water_hf_adz2.chk type Unk
 Write formatted file gaussian_89_water_hf_adz2.fchk
 Will use up to     0 threads.
 Top CubeGen          Mon Feb 20 10:10:16 2023
 Aft UFChkP           Mon Feb 20 10:10:16 2023        0.07 cpu,        0.07 elapsed
 Could not find " ","Total SCF Density" on formatted checkpoint file.
 Error termination via Lnk1e at Mon Feb 20 10:10:16 2023.
Error: segmentation violation
   rax 0000000000000000, rbx 00000000058b0be0, rcx ffffffffffffffff
   rdx 00000000000263dd, rsp 00007ffd70b15588, rbp 00007ffd70b155e0
   rsi 000000000000000b, rdi 00000000000263dd, r8  00002ae872528ac0
   r9  00002ae872528ac0, r10 00007ffd70b14fe0, r11 0000000000000206
   r12 00000000058aeb0b, r13 000000000697d288, r14 00000000058aeec0
   r15 00007ffd70b17820
  /lib64/libpthread.so.0(+0xf6d0) [0x2ae872a226d0]
  /lib64/libc.so.6(kill+0x7) [0x2ae872f67547]
  /opt/cluster/programs/g16-c.01/g16/cubegen() [0x40fe24]
  /lib64/libc.so.6(__libc_start_main+0xf5) [0x2ae872f53445]
/var/spool/slurm//job7311787/slurm_script: line 57: 156637 Aborted                 $g16root/g16/cubegen 0 Density $FCKFILE $DNSFILE -2 h
 Will use up to     0 threads.
 Top CubeGen          Mon Feb 20 10:10:17 2023
 Aft UFChkP           Mon Feb 20 10:10:17 2023        0.07 cpu,        0.07 elapsed
 Could not find " ","Total SCF Density" on formatted checkpoint file.
 Error termination via Lnk1e at Mon Feb 20 10:10:17 2023.
Error: segmentation violation
   rax 0000000000000000, rbx 00000000058b0be0, rcx ffffffffffffffff
   rdx 000000000002640d, rsp 00007ffdd6a02098, rbp 00007ffdd6a020f0
   rsi 000000000000000b, rdi 000000000002640d, r8  00002ba66c26aac0
   r9  00002ba66c26aac0, r10 00007ffdd6a01b20, r11 0000000000000202
   r12 00000000058aeb0b, r13 000000000697d288, r14 00000000058aeec0
   r15 00007ffdd6a04330
  /lib64/libpthread.so.0(+0xf6d0) [0x2ba66c7646d0]
  /lib64/libc.so.6(kill+0x7) [0x2ba66cca9547]
  /opt/cluster/programs/g16-c.01/g16/cubegen() [0x40fe24]
  /lib64/libc.so.6(__libc_start_main+0xf5) [0x2ba66cc95445]
/var/spool/slurm//job7311787/slurm_script: line 60: 156685 Aborted                 $g16root/g16/cubegen 0 Potential $FCKFILE $ESPFILE -2 h
cp: cannot stat ‘gaussian_89_water_hf_adz2_dens.cube’: No such file or directory
cp: cannot stat ‘gaussian_89_water_hf_adz2_esp.cube’: No such file or directory
