node106.cluster
Error: segmentation violation
   rax 0000000000000000, rbx ffffffffffffffff, rcx ffffffffffffffff
   rdx 00000000000260a1, rsp 00007ffdf94c4f68, rbp 00007ffdf94c54e0
   rsi 000000000000000b, rdi 00000000000260a1, r8  0000000000000020
   r9  0000000000000401, r10 00007ffdf94c49e0, r11 0000000000000202
   r12 00007ffdf94c5528, r13 0000000000000000, r14 0000000000000000
   r15 00000000000003e6
  /lib64/libpthread.so.0(+0xf6d0) [0x2ac28aefa6d0]
  /lib64/libc.so.6(kill+0x7) [0x2ac28b43f547]
  /opt/cluster/programs/g16-c.01/g16/l1.exe() [0x4b8975]
  /opt/cluster/programs/g16-c.01/g16/l1.exe() [0x4f867a]
  /opt/cluster/programs/g16-c.01/g16/l1.exe() [0x4d56ab]
  /opt/cluster/programs/g16-c.01/g16/l1.exe() [0x41d5c6]
  /opt/cluster/programs/g16-c.01/g16/l1.exe() [0x410c4c]
  /opt/cluster/programs/g16-c.01/g16/l1.exe() [0x40d185]
  /opt/cluster/programs/g16-c.01/g16/l1.exe() [0x40cbd7]
  /opt/cluster/programs/g16-c.01/g16/l1.exe() [0x40cb24]
  /lib64/libc.so.6(__libc_start_main+0xf5) [0x2ac28b42b445]
  /opt/cluster/programs/g16-c.01/g16/l1.exe() [0x407269]
 Read checkpoint file gaussian_58_water_hf_adz2.chk type Unk
 Write formatted file gaussian_58_water_hf_adz2.fchk
 Will use up to     0 threads.
 Top CubeGen          Mon Feb 20 10:09:46 2023
 Aft UFChkP           Mon Feb 20 10:09:46 2023        0.07 cpu,        0.07 elapsed
 Could not find " ","Total SCF Density" on formatted checkpoint file.
 Error termination via Lnk1e at Mon Feb 20 10:09:46 2023.
Error: segmentation violation
   rax 0000000000000000, rbx 00000000058b0be0, rcx ffffffffffffffff
   rdx 00000000000260ea, rsp 00007ffc208a5668, rbp 00007ffc208a56c0
   rsi 000000000000000b, rdi 00000000000260ea, r8  00002b8546789ac0
   r9  00002b8546789ac0, r10 00007ffc208a50e0, r11 0000000000000202
   r12 00000000058aeb0b, r13 000000000697d288, r14 00000000058aeec0
   r15 00007ffc208a7900
  /lib64/libpthread.so.0(+0xf6d0) [0x2b8546c836d0]
  /lib64/libc.so.6(kill+0x7) [0x2b85471c8547]
  /opt/cluster/programs/g16-c.01/g16/cubegen() [0x40fe24]
  /lib64/libc.so.6(__libc_start_main+0xf5) [0x2b85471b4445]
/var/spool/slurm//job7311756/slurm_script: line 57: 155882 Aborted                 $g16root/g16/cubegen 0 Density $FCKFILE $DNSFILE -2 h
 Will use up to     0 threads.
 Top CubeGen          Mon Feb 20 10:09:46 2023
 Aft UFChkP           Mon Feb 20 10:09:46 2023        0.07 cpu,        0.07 elapsed
 Could not find " ","Total SCF Density" on formatted checkpoint file.
 Error termination via Lnk1e at Mon Feb 20 10:09:46 2023.
Error: segmentation violation
   rax 0000000000000000, rbx 00000000058b0be0, rcx ffffffffffffffff
   rdx 000000000002611a, rsp 00007fffe64be848, rbp 00007fffe64be8a0
   rsi 000000000000000b, rdi 000000000002611a, r8  00002b003f2f8ac0
   r9  00002b003f2f8ac0, r10 00007fffe64be2a0, r11 0000000000000206
   r12 00000000058aeb0b, r13 000000000697d288, r14 00000000058aeec0
   r15 00007fffe64c0ae0
  /lib64/libpthread.so.0(+0xf6d0) [0x2b003f7f26d0]
  /lib64/libc.so.6(kill+0x7) [0x2b003fd37547]
  /opt/cluster/programs/g16-c.01/g16/cubegen() [0x40fe24]
  /lib64/libc.so.6(__libc_start_main+0xf5) [0x2b003fd23445]
/var/spool/slurm//job7311756/slurm_script: line 60: 155930 Aborted                 $g16root/g16/cubegen 0 Potential $FCKFILE $ESPFILE -2 h
cp: cannot stat ‘gaussian_58_water_hf_adz2_dens.cube’: No such file or directory
cp: cannot stat ‘gaussian_58_water_hf_adz2_esp.cube’: No such file or directory
