node106.cluster
Error: segmentation violation
   rax 0000000000000000, rbx ffffffffffffffff, rcx ffffffffffffffff
   rdx 00000000000262a8, rsp 00007ffe25dc10a8, rbp 00007ffe25dc1620
   rsi 000000000000000b, rdi 00000000000262a8, r8  0000000000000020
   r9  0000000000000401, r10 00007ffe25dc0b20, r11 0000000000000202
   r12 00007ffe25dc1668, r13 0000000000000000, r14 0000000000000000
   r15 00000000000003e6
  /lib64/libpthread.so.0(+0xf6d0) [0x2b61d0a936d0]
  /lib64/libc.so.6(kill+0x7) [0x2b61d0fd8547]
  /opt/cluster/programs/g16-c.01/g16/l1.exe() [0x4b8975]
  /opt/cluster/programs/g16-c.01/g16/l1.exe() [0x4f867a]
  /opt/cluster/programs/g16-c.01/g16/l1.exe() [0x4d56ab]
  /opt/cluster/programs/g16-c.01/g16/l1.exe() [0x41d5c6]
  /opt/cluster/programs/g16-c.01/g16/l1.exe() [0x410c4c]
  /opt/cluster/programs/g16-c.01/g16/l1.exe() [0x40d185]
  /opt/cluster/programs/g16-c.01/g16/l1.exe() [0x40cbd7]
  /opt/cluster/programs/g16-c.01/g16/l1.exe() [0x40cb24]
  /lib64/libc.so.6(__libc_start_main+0xf5) [0x2b61d0fc4445]
  /opt/cluster/programs/g16-c.01/g16/l1.exe() [0x407269]
 Read checkpoint file gaussian_79_water_hf_adz2.chk type Unk
 Write formatted file gaussian_79_water_hf_adz2.fchk
 Will use up to     0 threads.
 Top CubeGen          Mon Feb 20 10:10:06 2023
 Aft UFChkP           Mon Feb 20 10:10:06 2023        0.06 cpu,        0.07 elapsed
 Could not find " ","Total SCF Density" on formatted checkpoint file.
 Error termination via Lnk1e at Mon Feb 20 10:10:06 2023.
Error: segmentation violation
   rax 0000000000000000, rbx 00000000058b0be0, rcx ffffffffffffffff
   rdx 00000000000262e5, rsp 00007fff4c7765c8, rbp 00007fff4c776620
   rsi 000000000000000b, rdi 00000000000262e5, r8  00002acfb31afac0
   r9  00002acfb31afac0, r10 00007fff4c776020, r11 0000000000000202
   r12 00000000058aeb0b, r13 000000000697d288, r14 00000000058aeec0
   r15 00007fff4c778860
  /lib64/libpthread.so.0(+0xf6d0) [0x2acfb36a96d0]
  /lib64/libc.so.6(kill+0x7) [0x2acfb3bee547]
  /opt/cluster/programs/g16-c.01/g16/cubegen() [0x40fe24]
  /lib64/libc.so.6(__libc_start_main+0xf5) [0x2acfb3bda445]
/var/spool/slurm//job7311777/slurm_script: line 57: 156389 Aborted                 $g16root/g16/cubegen 0 Density $FCKFILE $DNSFILE -2 h
 Will use up to     0 threads.
 Top CubeGen          Mon Feb 20 10:10:06 2023
 Aft UFChkP           Mon Feb 20 10:10:07 2023        0.06 cpu,        0.07 elapsed
 Could not find " ","Total SCF Density" on formatted checkpoint file.
 Error termination via Lnk1e at Mon Feb 20 10:10:07 2023.
Error: segmentation violation
   rax 0000000000000000, rbx 00000000058b0be0, rcx ffffffffffffffff
   rdx 0000000000026314, rsp 00007ffd4c3320d8, rbp 00007ffd4c332130
   rsi 000000000000000b, rdi 0000000000026314, r8  00002b73d5d60ac0
   r9  00002b73d5d60ac0, r10 00007ffd4c331b60, r11 0000000000000206
   r12 00000000058aeb0b, r13 000000000697d288, r14 00000000058aeec0
   r15 00007ffd4c334370
  /lib64/libpthread.so.0(+0xf6d0) [0x2b73d625a6d0]
  /lib64/libc.so.6(kill+0x7) [0x2b73d679f547]
  /opt/cluster/programs/g16-c.01/g16/cubegen() [0x40fe24]
  /lib64/libc.so.6(__libc_start_main+0xf5) [0x2b73d678b445]
/var/spool/slurm//job7311777/slurm_script: line 60: 156436 Aborted                 $g16root/g16/cubegen 0 Potential $FCKFILE $ESPFILE -2 h
cp: cannot stat ‘gaussian_79_water_hf_adz2_dens.cube’: No such file or directory
cp: cannot stat ‘gaussian_79_water_hf_adz2_esp.cube’: No such file or directory
