node105.cluster
Error: segmentation violation
   rax 0000000000000000, rbx ffffffffffffffff, rcx ffffffffffffffff
   rdx 000000000002a5b6, rsp 00007ffdeb8855a8, rbp 00007ffdeb885b20
   rsi 000000000000000b, rdi 000000000002a5b6, r8  0000000000000020
   r9  0000000000000401, r10 00007ffdeb885020, r11 0000000000000202
   r12 00007ffdeb885b68, r13 0000000000000000, r14 0000000000000000
   r15 00000000000003e6
  /lib64/libpthread.so.0(+0xf6d0) [0x2ae40a1c36d0]
  /lib64/libc.so.6(kill+0x7) [0x2ae40a708547]
  /opt/cluster/programs/g16-c.01/g16/l1.exe() [0x4b8975]
  /opt/cluster/programs/g16-c.01/g16/l1.exe() [0x4f867a]
  /opt/cluster/programs/g16-c.01/g16/l1.exe() [0x4d56ab]
  /opt/cluster/programs/g16-c.01/g16/l1.exe() [0x41d5c6]
  /opt/cluster/programs/g16-c.01/g16/l1.exe() [0x410c4c]
  /opt/cluster/programs/g16-c.01/g16/l1.exe() [0x40d185]
  /opt/cluster/programs/g16-c.01/g16/l1.exe() [0x40cbd7]
  /opt/cluster/programs/g16-c.01/g16/l1.exe() [0x40cb24]
  /lib64/libc.so.6(__libc_start_main+0xf5) [0x2ae40a6f4445]
  /opt/cluster/programs/g16-c.01/g16/l1.exe() [0x407269]
 Read checkpoint file gaussian_83_water_hf_adz.chk type Unk
 Write formatted file gaussian_83_water_hf_adz.fchk
 Will use up to     0 threads.
 Top CubeGen          Mon Feb 20 10:06:49 2023
 Aft UFChkP           Mon Feb 20 10:06:49 2023        0.07 cpu,        0.07 elapsed
 Could not find " ","Total SCF Density" on formatted checkpoint file.
 Error termination via Lnk1e at Mon Feb 20 10:06:49 2023.
Error: segmentation violation
   rax 0000000000000000, rbx 00000000058b0be0, rcx ffffffffffffffff
   rdx 000000000002a5ff, rsp 00007ffe2b0ad7a8, rbp 00007ffe2b0ad800
   rsi 000000000000000b, rdi 000000000002a5ff, r8  00002ab0620e9ac0
   r9  00002ab0620e9ac0, r10 00007ffe2b0ad220, r11 0000000000000202
   r12 00000000058aeb0b, r13 000000000697d288, r14 00000000058aeec0
   r15 00007ffe2b0afa40
  /lib64/libpthread.so.0(+0xf6d0) [0x2ab0625e36d0]
  /lib64/libc.so.6(kill+0x7) [0x2ab062b28547]
  /opt/cluster/programs/g16-c.01/g16/cubegen() [0x40fe24]
  /lib64/libc.so.6(__libc_start_main+0xf5) [0x2ab062b14445]
/var/spool/slurm//job7311601/slurm_script: line 57: 173567 Aborted                 $g16root/g16/cubegen 0 Density $FCKFILE $DNSFILE -2 h
 Will use up to     0 threads.
 Top CubeGen          Mon Feb 20 10:06:49 2023
 Aft UFChkP           Mon Feb 20 10:06:49 2023        0.06 cpu,        0.07 elapsed
 Could not find " ","Total SCF Density" on formatted checkpoint file.
 Error termination via Lnk1e at Mon Feb 20 10:06:49 2023.
Error: segmentation violation
   rax 0000000000000000, rbx 00000000058b0be0, rcx ffffffffffffffff
   rdx 000000000002a62d, rsp 00007ffd800218f8, rbp 00007ffd80021950
   rsi 000000000000000b, rdi 000000000002a62d, r8  00002adb9dfb2ac0
   r9  00002adb9dfb2ac0, r10 00007ffd80021360, r11 0000000000000202
   r12 00000000058aeb0b, r13 000000000697d288, r14 00000000058aeec0
   r15 00007ffd80023b90
  /lib64/libpthread.so.0(+0xf6d0) [0x2adb9e4ac6d0]
  /lib64/libc.so.6(kill+0x7) [0x2adb9e9f1547]
  /opt/cluster/programs/g16-c.01/g16/cubegen() [0x40fe24]
  /lib64/libc.so.6(__libc_start_main+0xf5) [0x2adb9e9dd445]
/var/spool/slurm//job7311601/slurm_script: line 60: 173613 Aborted                 $g16root/g16/cubegen 0 Potential $FCKFILE $ESPFILE -2 h
cp: cannot stat ‘gaussian_83_water_hf_adz_dens.cube’: No such file or directory
cp: cannot stat ‘gaussian_83_water_hf_adz_esp.cube’: No such file or directory
