node106.cluster
Error: segmentation violation
   rax 0000000000000000, rbx ffffffffffffffff, rcx ffffffffffffffff
   rdx 0000000000025e97, rsp 00007ffc069d3818, rbp 00007ffc069d3d90
   rsi 000000000000000b, rdi 0000000000025e97, r8  0000000000000020
   r9  0000000000000401, r10 00007ffc069d32a0, r11 0000000000000206
   r12 00007ffc069d3dd8, r13 0000000000000000, r14 0000000000000000
   r15 00000000000003e6
  /lib64/libpthread.so.0(+0xf6d0) [0x2ab152cd16d0]
  /lib64/libc.so.6(kill+0x7) [0x2ab153216547]
  /opt/cluster/programs/g16-c.01/g16/l1.exe() [0x4b8975]
  /opt/cluster/programs/g16-c.01/g16/l1.exe() [0x4f867a]
  /opt/cluster/programs/g16-c.01/g16/l1.exe() [0x4d56ab]
  /opt/cluster/programs/g16-c.01/g16/l1.exe() [0x41d5c6]
  /opt/cluster/programs/g16-c.01/g16/l1.exe() [0x410c4c]
  /opt/cluster/programs/g16-c.01/g16/l1.exe() [0x40d185]
  /opt/cluster/programs/g16-c.01/g16/l1.exe() [0x40cbd7]
  /opt/cluster/programs/g16-c.01/g16/l1.exe() [0x40cb24]
  /lib64/libc.so.6(__libc_start_main+0xf5) [0x2ab153202445]
  /opt/cluster/programs/g16-c.01/g16/l1.exe() [0x407269]
 Read checkpoint file gaussian_37_water_hf_adz2.chk type Unk
 Write formatted file gaussian_37_water_hf_adz2.fchk
 Will use up to     0 threads.
 Top CubeGen          Mon Feb 20 10:09:25 2023
 Aft UFChkP           Mon Feb 20 10:09:25 2023        0.06 cpu,        0.07 elapsed
 Could not find " ","Total SCF Density" on formatted checkpoint file.
 Error termination via Lnk1e at Mon Feb 20 10:09:25 2023.
Error: segmentation violation
   rax 0000000000000000, rbx 00000000058b0be0, rcx ffffffffffffffff
   rdx 0000000000025ef1, rsp 00007ffeeabefd98, rbp 00007ffeeabefdf0
   rsi 000000000000000b, rdi 0000000000025ef1, r8  00002b8cf31c9ac0
   r9  00002b8cf31c9ac0, r10 00007ffeeabef820, r11 0000000000000202
   r12 00000000058aeb0b, r13 000000000697d288, r14 00000000058aeec0
   r15 00007ffeeabf2030
  /lib64/libpthread.so.0(+0xf6d0) [0x2b8cf36c36d0]
  /lib64/libc.so.6(kill+0x7) [0x2b8cf3c08547]
  /opt/cluster/programs/g16-c.01/g16/cubegen() [0x40fe24]
  /lib64/libc.so.6(__libc_start_main+0xf5) [0x2b8cf3bf4445]
/var/spool/slurm//job7311735/slurm_script: line 57: 155377 Aborted                 $g16root/g16/cubegen 0 Density $FCKFILE $DNSFILE -2 h
 Will use up to     0 threads.
 Top CubeGen          Mon Feb 20 10:09:25 2023
 Aft UFChkP           Mon Feb 20 10:09:25 2023        0.07 cpu,        0.07 elapsed
 Could not find " ","Total SCF Density" on formatted checkpoint file.
 Error termination via Lnk1e at Mon Feb 20 10:09:25 2023.
Error: segmentation violation
   rax 0000000000000000, rbx 00000000058b0be0, rcx ffffffffffffffff
   rdx 0000000000025f1f, rsp 00007ffe61494898, rbp 00007ffe614948f0
   rsi 000000000000000b, rdi 0000000000025f1f, r8  00002b1be8aaaac0
   r9  00002b1be8aaaac0, r10 00007ffe61494320, r11 0000000000000202
   r12 00000000058aeb0b, r13 000000000697d288, r14 00000000058aeec0
   r15 00007ffe61496b30
  /lib64/libpthread.so.0(+0xf6d0) [0x2b1be8fa46d0]
  /lib64/libc.so.6(kill+0x7) [0x2b1be94e9547]
  /opt/cluster/programs/g16-c.01/g16/cubegen() [0x40fe24]
  /lib64/libc.so.6(__libc_start_main+0xf5) [0x2b1be94d5445]
/var/spool/slurm//job7311735/slurm_script: line 60: 155423 Aborted                 $g16root/g16/cubegen 0 Potential $FCKFILE $ESPFILE -2 h
cp: cannot stat ‘gaussian_37_water_hf_adz2_dens.cube’: No such file or directory
cp: cannot stat ‘gaussian_37_water_hf_adz2_esp.cube’: No such file or directory
