node105.cluster
Error: segmentation violation
   rax 0000000000000000, rbx ffffffffffffffff, rcx ffffffffffffffff
   rdx 0000000000029d93, rsp 00007fffadb3e098, rbp 00007fffadb3e610
   rsi 000000000000000b, rdi 0000000000029d93, r8  0000000000000020
   r9  0000000000000401, r10 00007fffadb3db20, r11 0000000000000202
   r12 00007fffadb3e658, r13 0000000000000000, r14 0000000000000000
   r15 00000000000003e6
  /lib64/libpthread.so.0(+0xf6d0) [0x2b9e3c9a56d0]
  /lib64/libc.so.6(kill+0x7) [0x2b9e3ceea547]
  /opt/cluster/programs/g16-c.01/g16/l1.exe() [0x4b8975]
  /opt/cluster/programs/g16-c.01/g16/l1.exe() [0x4f867a]
  /opt/cluster/programs/g16-c.01/g16/l1.exe() [0x4d56ab]
  /opt/cluster/programs/g16-c.01/g16/l1.exe() [0x41d5c6]
  /opt/cluster/programs/g16-c.01/g16/l1.exe() [0x410c4c]
  /opt/cluster/programs/g16-c.01/g16/l1.exe() [0x40d185]
  /opt/cluster/programs/g16-c.01/g16/l1.exe() [0x40cbd7]
  /opt/cluster/programs/g16-c.01/g16/l1.exe() [0x40cb24]
  /lib64/libc.so.6(__libc_start_main+0xf5) [0x2b9e3ced6445]
  /opt/cluster/programs/g16-c.01/g16/l1.exe() [0x407269]
 Read checkpoint file gaussian_2_water_hf_adz.chk type Unk
 Write formatted file gaussian_2_water_hf_adz.fchk
 Will use up to     0 threads.
 Top CubeGen          Mon Feb 20 10:05:26 2023
 Aft UFChkP           Mon Feb 20 10:05:26 2023        0.08 cpu,        0.08 elapsed
 Could not find " ","Total SCF Density" on formatted checkpoint file.
 Error termination via Lnk1e at Mon Feb 20 10:05:26 2023.
Error: segmentation violation
   rax 0000000000000000, rbx 00000000058b0be0, rcx ffffffffffffffff
   rdx 0000000000029dde, rsp 00007fffdc771ca8, rbp 00007fffdc771d00
   rsi 000000000000000b, rdi 0000000000029dde, r8  00002b41a71d4ac0
   r9  00002b41a71d4ac0, r10 00007fffdc771720, r11 0000000000000202
   r12 00000000058aeb0b, r13 000000000697d288, r14 00000000058aeec0
   r15 00007fffdc773f40
  /lib64/libpthread.so.0(+0xf6d0) [0x2b41a76ce6d0]
  /lib64/libc.so.6(kill+0x7) [0x2b41a7c13547]
  /opt/cluster/programs/g16-c.01/g16/cubegen() [0x40fe24]
  /lib64/libc.so.6(__libc_start_main+0xf5) [0x2b41a7bff445]
/var/spool/slurm//job7311520/slurm_script: line 57: 171486 Aborted                 $g16root/g16/cubegen 0 Density $FCKFILE $DNSFILE -2 h
 Will use up to     0 threads.
 Top CubeGen          Mon Feb 20 10:05:26 2023
 Aft UFChkP           Mon Feb 20 10:05:26 2023        0.07 cpu,        0.07 elapsed
 Could not find " ","Total SCF Density" on formatted checkpoint file.
 Error termination via Lnk1e at Mon Feb 20 10:05:26 2023.
Error: segmentation violation
   rax 0000000000000000, rbx 00000000058b0be0, rcx ffffffffffffffff
   rdx 0000000000029e0b, rsp 00007ffd43093ba8, rbp 00007ffd43093c00
   rsi 000000000000000b, rdi 0000000000029e0b, r8  00002ad2ad18cac0
   r9  00002ad2ad18cac0, r10 00007ffd43093620, r11 0000000000000202
   r12 00000000058aeb0b, r13 000000000697d288, r14 00000000058aeec0
   r15 00007ffd43095e40
  /lib64/libpthread.so.0(+0xf6d0) [0x2ad2ad6866d0]
  /lib64/libc.so.6(kill+0x7) [0x2ad2adbcb547]
  /opt/cluster/programs/g16-c.01/g16/cubegen() [0x40fe24]
  /lib64/libc.so.6(__libc_start_main+0xf5) [0x2ad2adbb7445]
/var/spool/slurm//job7311520/slurm_script: line 60: 171531 Aborted                 $g16root/g16/cubegen 0 Potential $FCKFILE $ESPFILE -2 h
cp: cannot stat ‘gaussian_2_water_hf_adz_dens.cube’: No such file or directory
cp: cannot stat ‘gaussian_2_water_hf_adz_esp.cube’: No such file or directory
