node105.cluster
Error: segmentation violation
   rax 0000000000000000, rbx ffffffffffffffff, rcx ffffffffffffffff
   rdx 000000000002aaa1, rsp 00007fffa5a53f68, rbp 00007fffa5a544e0
   rsi 000000000000000b, rdi 000000000002aaa1, r8  0000000000000020
   r9  0000000000000401, r10 00007fffa5a539e0, r11 0000000000000202
   r12 00007fffa5a54528, r13 0000000000000000, r14 0000000000000000
   r15 00000000000003e6
  /lib64/libpthread.so.0(+0xf6d0) [0x2b5de78bd6d0]
  /lib64/libc.so.6(kill+0x7) [0x2b5de7e02547]
  /opt/cluster/programs/g16-c.01/g16/l1.exe() [0x4b8975]
  /opt/cluster/programs/g16-c.01/g16/l1.exe() [0x4f867a]
  /opt/cluster/programs/g16-c.01/g16/l1.exe() [0x4d56ab]
  /opt/cluster/programs/g16-c.01/g16/l1.exe() [0x41d5c6]
  /opt/cluster/programs/g16-c.01/g16/l1.exe() [0x410c4c]
  /opt/cluster/programs/g16-c.01/g16/l1.exe() [0x40d185]
  /opt/cluster/programs/g16-c.01/g16/l1.exe() [0x40cbd7]
  /opt/cluster/programs/g16-c.01/g16/l1.exe() [0x40cb24]
  /lib64/libc.so.6(__libc_start_main+0xf5) [0x2b5de7dee445]
  /opt/cluster/programs/g16-c.01/g16/l1.exe() [0x407269]
 Read checkpoint file gaussian_135_water_hf_adz.chk type Unk
 Write formatted file gaussian_135_water_hf_adz.fchk
 Will use up to     0 threads.
 Top CubeGen          Mon Feb 20 10:07:39 2023
 Aft UFChkP           Mon Feb 20 10:07:39 2023        0.06 cpu,        0.07 elapsed
 Could not find " ","Total SCF Density" on formatted checkpoint file.
 Error termination via Lnk1e at Mon Feb 20 10:07:39 2023.
Error: segmentation violation
   rax 0000000000000000, rbx 00000000058b0be0, rcx ffffffffffffffff
   rdx 000000000002aaec, rsp 00007ffd29b18928, rbp 00007ffd29b18980
   rsi 000000000000000b, rdi 000000000002aaec, r8  00002ad966368ac0
   r9  00002ad966368ac0, r10 00007ffd29b183a0, r11 0000000000000206
   r12 00000000058aeb0b, r13 000000000697d288, r14 00000000058aeec0
   r15 00007ffd29b1abc0
  /lib64/libpthread.so.0(+0xf6d0) [0x2ad9668626d0]
  /lib64/libc.so.6(kill+0x7) [0x2ad966da7547]
  /opt/cluster/programs/g16-c.01/g16/cubegen() [0x40fe24]
  /lib64/libc.so.6(__libc_start_main+0xf5) [0x2ad966d93445]
/var/spool/slurm//job7311653/slurm_script: line 57: 174828 Aborted                 $g16root/g16/cubegen 0 Density $FCKFILE $DNSFILE -2 h
 Will use up to     0 threads.
 Top CubeGen          Mon Feb 20 10:07:39 2023
 Aft UFChkP           Mon Feb 20 10:07:39 2023        0.07 cpu,        0.07 elapsed
 Could not find " ","Total SCF Density" on formatted checkpoint file.
 Error termination via Lnk1e at Mon Feb 20 10:07:39 2023.
Error: segmentation violation
   rax 0000000000000000, rbx 00000000058b0be0, rcx ffffffffffffffff
   rdx 000000000002ab1b, rsp 00007ffe21acaa58, rbp 00007ffe21acaab0
   rsi 000000000000000b, rdi 000000000002ab1b, r8  00002aacad2e1ac0
   r9  00002aacad2e1ac0, r10 00007ffe21aca4e0, r11 0000000000000202
   r12 00000000058aeb0b, r13 000000000697d288, r14 00000000058aeec0
   r15 00007ffe21acccf0
  /lib64/libpthread.so.0(+0xf6d0) [0x2aacad7db6d0]
  /lib64/libc.so.6(kill+0x7) [0x2aacadd20547]
  /opt/cluster/programs/g16-c.01/g16/cubegen() [0x40fe24]
  /lib64/libc.so.6(__libc_start_main+0xf5) [0x2aacadd0c445]
/var/spool/slurm//job7311653/slurm_script: line 60: 174875 Aborted                 $g16root/g16/cubegen 0 Potential $FCKFILE $ESPFILE -2 h
cp: cannot stat ‘gaussian_135_water_hf_adz_dens.cube’: No such file or directory
cp: cannot stat ‘gaussian_135_water_hf_adz_esp.cube’: No such file or directory
