node63.cluster
 Read checkpoint file gaussian_117_water_wb97_ptz.chk type G16
 Write formatted file gaussian_117_water_wb97_ptz.fchk
 FChkPn:  Coordinates translated and rotated.
 FChkPn:  Coordinates match /B/ after translation and rotation.
 Will use up to     0 threads.
 Top CubeGen          Wed Feb  8 14:42:04 2023
 Aft UFChkP           Wed Feb  8 14:42:04 2023        0.12 cpu,        0.12 elapsed
 Aft DecCub           Wed Feb  8 14:42:04 2023        0.01 cpu,        0.01 elapsed
 Aft Density          Wed Feb  8 14:42:04 2023        0.00 cpu,        0.00 elapsed
 Bef DoCube           Wed Feb  8 14:42:04 2023        0.00 cpu,        0.00 elapsed
 There are a total of       29791 grid points.
 ElSum from          density=        8.1637766289
 Aft DoCube           Wed Feb  8 14:42:04 2023        0.06 cpu,        0.06 elapsed
 Will use up to     0 threads.
 Top CubeGen          Wed Feb  8 14:42:04 2023
 Aft UFChkP           Wed Feb  8 14:42:04 2023        0.13 cpu,        0.13 elapsed
 Aft DecCub           Wed Feb  8 14:42:04 2023        0.00 cpu,        0.00 elapsed
 Aft Density          Wed Feb  8 14:42:04 2023        0.00 cpu,        0.00 elapsed
 Bef DoCube           Wed Feb  8 14:42:04 2023        0.00 cpu,        0.00 elapsed
 There are a total of       29791 grid points.
 ElSum from          density=       13.6088932069
 Aft DoCube           Wed Feb  8 14:42:05 2023        0.28 cpu,        0.28 elapsed
