node68.cluster
 Read checkpoint file gaussian_88_water_pbe0_dz.chk type G16
 Write formatted file gaussian_88_water_pbe0_dz.fchk
 FChkPn:  Coordinates translated and rotated.
 FChkPn:  Coordinates match /B/ after translation and rotation.
 Will use up to     0 threads.
 Top CubeGen          Mon Mar 20 17:34:29 2023
 Aft UFChkP           Mon Mar 20 17:34:29 2023        0.17 cpu,        0.17 elapsed
 Aft DecCub           Mon Mar 20 17:34:29 2023        0.01 cpu,        0.01 elapsed
 Aft Density          Mon Mar 20 17:34:29 2023        0.00 cpu,        0.00 elapsed
 Bef DoCube           Mon Mar 20 17:34:29 2023        0.00 cpu,        0.00 elapsed
 There are a total of       29791 grid points.
 ElSum from          density=        8.1610081629
 Aft DoCube           Mon Mar 20 17:34:29 2023        0.09 cpu,        0.09 elapsed
 Will use up to     0 threads.
 Top CubeGen          Mon Mar 20 17:34:29 2023
 Aft UFChkP           Mon Mar 20 17:34:29 2023        0.15 cpu,        0.14 elapsed
 Aft DecCub           Mon Mar 20 17:34:29 2023        0.00 cpu,        0.00 elapsed
 Aft Density          Mon Mar 20 17:34:29 2023        0.00 cpu,        0.00 elapsed
 Bef DoCube           Mon Mar 20 17:34:29 2023        0.00 cpu,        0.00 elapsed
 There are a total of       29791 grid points.
 ElSum from          density=       13.6083496355
 Aft DoCube           Mon Mar 20 17:34:30 2023        0.45 cpu,        0.46 elapsed
