node106.cluster
Error: segmentation violation
   rax 0000000000000000, rbx ffffffffffffffff, rcx ffffffffffffffff
   rdx 000000000002646c, rsp 00007ffc372e9938, rbp 00007ffc372e9eb0
   rsi 000000000000000b, rdi 000000000002646c, r8  0000000000000020
   r9  0000000000000401, r10 00007ffc372e93a0, r11 0000000000000202
   r12 00007ffc372e9ef8, r13 0000000000000000, r14 0000000000000000
   r15 00000000000003e6
  /lib64/libpthread.so.0(+0xf6d0) [0x2adcdc60d6d0]
  /lib64/libc.so.6(kill+0x7) [0x2adcdcb52547]
  /opt/cluster/programs/g16-c.01/g16/l1.exe() [0x4b8975]
  /opt/cluster/programs/g16-c.01/g16/l1.exe() [0x4f867a]
  /opt/cluster/programs/g16-c.01/g16/l1.exe() [0x4d56ab]
  /opt/cluster/programs/g16-c.01/g16/l1.exe() [0x41d5c6]
  /opt/cluster/programs/g16-c.01/g16/l1.exe() [0x410c4c]
  /opt/cluster/programs/g16-c.01/g16/l1.exe() [0x40d185]
  /opt/cluster/programs/g16-c.01/g16/l1.exe() [0x40cbd7]
  /opt/cluster/programs/g16-c.01/g16/l1.exe() [0x40cb24]
  /lib64/libc.so.6(__libc_start_main+0xf5) [0x2adcdcb3e445]
  /opt/cluster/programs/g16-c.01/g16/l1.exe() [0x407269]
 Read checkpoint file gaussian_96_water_hf_adz2.chk type Unk
 Write formatted file gaussian_96_water_hf_adz2.fchk
 Will use up to     0 threads.
 Top CubeGen          Mon Feb 20 10:10:26 2023
 Aft UFChkP           Mon Feb 20 10:10:26 2023        0.06 cpu,        0.07 elapsed
 Could not find " ","Total SCF Density" on formatted checkpoint file.
 Error termination via Lnk1e at Mon Feb 20 10:10:26 2023.
Error: segmentation violation
   rax 0000000000000000, rbx 00000000058b0be0, rcx ffffffffffffffff
   rdx 00000000000264b8, rsp 00007ffd9fd9e918, rbp 00007ffd9fd9e970
   rsi 000000000000000b, rdi 00000000000264b8, r8  00002b659cc61ac0
   r9  00002b659cc61ac0, r10 00007ffd9fd9e3a0, r11 0000000000000206
   r12 00000000058aeb0b, r13 000000000697d288, r14 00000000058aeec0
   r15 00007ffd9fda0bb0
  /lib64/libpthread.so.0(+0xf6d0) [0x2b659d15b6d0]
  /lib64/libc.so.6(kill+0x7) [0x2b659d6a0547]
  /opt/cluster/programs/g16-c.01/g16/cubegen() [0x40fe24]
  /lib64/libc.so.6(__libc_start_main+0xf5) [0x2b659d68c445]
/var/spool/slurm//job7311794/slurm_script: line 57: 156856 Aborted                 $g16root/g16/cubegen 0 Density $FCKFILE $DNSFILE -2 h
 Will use up to     0 threads.
 Top CubeGen          Mon Feb 20 10:10:26 2023
 Aft UFChkP           Mon Feb 20 10:10:26 2023        0.07 cpu,        0.07 elapsed
 Could not find " ","Total SCF Density" on formatted checkpoint file.
 Error termination via Lnk1e at Mon Feb 20 10:10:26 2023.
Error: segmentation violation
   rax 0000000000000000, rbx 00000000058b0be0, rcx ffffffffffffffff
   rdx 00000000000264dc, rsp 00007ffd98cd7168, rbp 00007ffd98cd71c0
   rsi 000000000000000b, rdi 00000000000264dc, r8  00002ba62126eac0
   r9  00002ba62126eac0, r10 00007ffd98cd6be0, r11 0000000000000202
   r12 00000000058aeb0b, r13 000000000697d288, r14 00000000058aeec0
   r15 00007ffd98cd9400
  /lib64/libpthread.so.0(+0xf6d0) [0x2ba6217686d0]
  /lib64/libc.so.6(kill+0x7) [0x2ba621cad547]
  /opt/cluster/programs/g16-c.01/g16/cubegen() [0x40fe24]
  /lib64/libc.so.6(__libc_start_main+0xf5) [0x2ba621c99445]
/var/spool/slurm//job7311794/slurm_script: line 60: 156892 Aborted                 $g16root/g16/cubegen 0 Potential $FCKFILE $ESPFILE -2 h
cp: cannot stat ‘gaussian_96_water_hf_adz2_dens.cube’: No such file or directory
cp: cannot stat ‘gaussian_96_water_hf_adz2_esp.cube’: No such file or directory
