node105.cluster
Error: segmentation violation
   rax 0000000000000000, rbx ffffffffffffffff, rcx ffffffffffffffff
   rdx 000000000002abab, rsp 00007ffd2e443c98, rbp 00007ffd2e444210
   rsi 000000000000000b, rdi 000000000002abab, r8  0000000000000020
   r9  0000000000000401, r10 00007ffd2e443720, r11 0000000000000202
   r12 00007ffd2e444258, r13 0000000000000000, r14 0000000000000000
   r15 00000000000003e6
  /lib64/libpthread.so.0(+0xf6d0) [0x2b5ff8db86d0]
  /lib64/libc.so.6(kill+0x7) [0x2b5ff92fd547]
  /opt/cluster/programs/g16-c.01/g16/l1.exe() [0x4b8975]
  /opt/cluster/programs/g16-c.01/g16/l1.exe() [0x4f867a]
  /opt/cluster/programs/g16-c.01/g16/l1.exe() [0x4d56ab]
  /opt/cluster/programs/g16-c.01/g16/l1.exe() [0x41d5c6]
  /opt/cluster/programs/g16-c.01/g16/l1.exe() [0x410c4c]
  /opt/cluster/programs/g16-c.01/g16/l1.exe() [0x40d185]
  /opt/cluster/programs/g16-c.01/g16/l1.exe() [0x40cbd7]
  /opt/cluster/programs/g16-c.01/g16/l1.exe() [0x40cb24]
  /lib64/libc.so.6(__libc_start_main+0xf5) [0x2b5ff92e9445]
  /opt/cluster/programs/g16-c.01/g16/l1.exe() [0x407269]
 Read checkpoint file gaussian_146_water_hf_adz.chk type Unk
 Write formatted file gaussian_146_water_hf_adz.fchk
 Will use up to     0 threads.
 Top CubeGen          Mon Feb 20 10:07:50 2023
 Aft UFChkP           Mon Feb 20 10:07:50 2023        0.07 cpu,        0.07 elapsed
 Could not find " ","Total SCF Density" on formatted checkpoint file.
 Error termination via Lnk1e at Mon Feb 20 10:07:50 2023.
Error: segmentation violation
   rax 0000000000000000, rbx 00000000058b0be0, rcx ffffffffffffffff
   rdx 000000000002abee, rsp 00007ffc9d797e58, rbp 00007ffc9d797eb0
   rsi 000000000000000b, rdi 000000000002abee, r8  00002ae1b093fac0
   r9  00002ae1b093fac0, r10 00007ffc9d7978e0, r11 0000000000000202
   r12 00000000058aeb0b, r13 000000000697d288, r14 00000000058aeec0
   r15 00007ffc9d79a0f0
  /lib64/libpthread.so.0(+0xf6d0) [0x2ae1b0e396d0]
  /lib64/libc.so.6(kill+0x7) [0x2ae1b137e547]
  /opt/cluster/programs/g16-c.01/g16/cubegen() [0x40fe24]
  /lib64/libc.so.6(__libc_start_main+0xf5) [0x2ae1b136a445]
/var/spool/slurm//job7311664/slurm_script: line 57: 175086 Aborted                 $g16root/g16/cubegen 0 Density $FCKFILE $DNSFILE -2 h
 Will use up to     0 threads.
 Top CubeGen          Mon Feb 20 10:07:50 2023
 Aft UFChkP           Mon Feb 20 10:07:50 2023        0.07 cpu,        0.07 elapsed
 Could not find " ","Total SCF Density" on formatted checkpoint file.
 Error termination via Lnk1e at Mon Feb 20 10:07:50 2023.
Error: segmentation violation
   rax 0000000000000000, rbx 00000000058b0be0, rcx ffffffffffffffff
   rdx 000000000002ac1e, rsp 00007ffe42522298, rbp 00007ffe425222f0
   rsi 000000000000000b, rdi 000000000002ac1e, r8  00002ae1f8fc3ac0
   r9  00002ae1f8fc3ac0, r10 00007ffe42521d20, r11 0000000000000202
   r12 00000000058aeb0b, r13 000000000697d288, r14 00000000058aeec0
   r15 00007ffe42524530
  /lib64/libpthread.so.0(+0xf6d0) [0x2ae1f94bd6d0]
  /lib64/libc.so.6(kill+0x7) [0x2ae1f9a02547]
  /opt/cluster/programs/g16-c.01/g16/cubegen() [0x40fe24]
  /lib64/libc.so.6(__libc_start_main+0xf5) [0x2ae1f99ee445]
/var/spool/slurm//job7311664/slurm_script: line 60: 175134 Aborted                 $g16root/g16/cubegen 0 Potential $FCKFILE $ESPFILE -2 h
cp: cannot stat ‘gaussian_146_water_hf_adz_dens.cube’: No such file or directory
cp: cannot stat ‘gaussian_146_water_hf_adz_esp.cube’: No such file or directory
