node105.cluster
Error: segmentation violation
   rax 0000000000000000, rbx ffffffffffffffff, rcx ffffffffffffffff
   rdx 000000000002b570, rsp 00007ffeeb404378, rbp 00007ffeeb4048f0
   rsi 000000000000000b, rdi 000000000002b570, r8  0000000000000020
   r9  0000000000000401, r10 00007ffeeb403de0, r11 0000000000000206
   r12 00007ffeeb404938, r13 0000000000000000, r14 0000000000000000
   r15 00000000000003e6
  /lib64/libpthread.so.0(+0xf6d0) [0x2b090ccd06d0]
  /lib64/libc.so.6(kill+0x7) [0x2b090d215547]
  /opt/cluster/programs/g16-c.01/g16/l1.exe() [0x4b8975]
  /opt/cluster/programs/g16-c.01/g16/l1.exe() [0x4f867a]
  /opt/cluster/programs/g16-c.01/g16/l1.exe() [0x4d56ab]
  /opt/cluster/programs/g16-c.01/g16/l1.exe() [0x41d5c6]
  /opt/cluster/programs/g16-c.01/g16/l1.exe() [0x410c4c]
  /opt/cluster/programs/g16-c.01/g16/l1.exe() [0x40d185]
  /opt/cluster/programs/g16-c.01/g16/l1.exe() [0x40cbd7]
  /opt/cluster/programs/g16-c.01/g16/l1.exe() [0x40cb24]
  /lib64/libc.so.6(__libc_start_main+0xf5) [0x2b090d201445]
  /opt/cluster/programs/g16-c.01/g16/l1.exe() [0x407269]
 Read checkpoint file gaussian_62_water_hf_adz2.chk type Unk
 Write formatted file gaussian_62_water_hf_adz2.fchk
 Will use up to     0 threads.
 Top CubeGen          Mon Feb 20 10:09:56 2023
 Aft UFChkP           Mon Feb 20 10:09:56 2023        0.07 cpu,        0.07 elapsed
 Could not find " ","Total SCF Density" on formatted checkpoint file.
 Error termination via Lnk1e at Mon Feb 20 10:09:56 2023.
Error: segmentation violation
   rax 0000000000000000, rbx 00000000058b0be0, rcx ffffffffffffffff
   rdx 000000000002b5cf, rsp 00007fff59a45058, rbp 00007fff59a450b0
   rsi 000000000000000b, rdi 000000000002b5cf, r8  00002ab2cfa87ac0
   r9  00002ab2cfa87ac0, r10 00007fff59a44ae0, r11 0000000000000202
   r12 00000000058aeb0b, r13 000000000697d288, r14 00000000058aeec0
   r15 00007fff59a472f0
  /lib64/libpthread.so.0(+0xf6d0) [0x2ab2cff816d0]
  /lib64/libc.so.6(kill+0x7) [0x2ab2d04c6547]
  /opt/cluster/programs/g16-c.01/g16/cubegen() [0x40fe24]
  /lib64/libc.so.6(__libc_start_main+0xf5) [0x2ab2d04b2445]
/var/spool/slurm//job7311760/slurm_script: line 57: 177615 Aborted                 $g16root/g16/cubegen 0 Density $FCKFILE $DNSFILE -2 h
 Will use up to     0 threads.
 Top CubeGen          Mon Feb 20 10:09:57 2023
 Aft UFChkP           Mon Feb 20 10:09:57 2023        0.07 cpu,        0.07 elapsed
 Could not find " ","Total SCF Density" on formatted checkpoint file.
 Error termination via Lnk1e at Mon Feb 20 10:09:57 2023.
Error: segmentation violation
   rax 0000000000000000, rbx 00000000058b0be0, rcx ffffffffffffffff
   rdx 000000000002b5ff, rsp 00007fffe29a7948, rbp 00007fffe29a79a0
   rsi 000000000000000b, rdi 000000000002b5ff, r8  00002b1bafd38ac0
   r9  00002b1bafd38ac0, r10 00007fffe29a73a0, r11 0000000000000206
   r12 00000000058aeb0b, r13 000000000697d288, r14 00000000058aeec0
   r15 00007fffe29a9be0
  /lib64/libpthread.so.0(+0xf6d0) [0x2b1bb02326d0]
  /lib64/libc.so.6(kill+0x7) [0x2b1bb0777547]
  /opt/cluster/programs/g16-c.01/g16/cubegen() [0x40fe24]
  /lib64/libc.so.6(__libc_start_main+0xf5) [0x2b1bb0763445]
/var/spool/slurm//job7311760/slurm_script: line 60: 177663 Aborted                 $g16root/g16/cubegen 0 Potential $FCKFILE $ESPFILE -2 h
cp: cannot stat ‘gaussian_62_water_hf_adz2_dens.cube’: No such file or directory
cp: cannot stat ‘gaussian_62_water_hf_adz2_esp.cube’: No such file or directory
