node105.cluster
Error: segmentation violation
   rax 0000000000000000, rbx ffffffffffffffff, rcx ffffffffffffffff
   rdx 000000000002bb5f, rsp 00007ffd831d9038, rbp 00007ffd831d95b0
   rsi 000000000000000b, rdi 000000000002bb5f, r8  0000000000000020
   r9  0000000000000401, r10 00007ffd831d8aa0, r11 0000000000000202
   r12 00007ffd831d95f8, r13 0000000000000000, r14 0000000000000000
   r15 00000000000003e6
  /lib64/libpthread.so.0(+0xf6d0) [0x2b838c1e16d0]
  /lib64/libc.so.6(kill+0x7) [0x2b838c726547]
  /opt/cluster/programs/g16-c.01/g16/l1.exe() [0x4b8975]
  /opt/cluster/programs/g16-c.01/g16/l1.exe() [0x4f867a]
  /opt/cluster/programs/g16-c.01/g16/l1.exe() [0x4d56ab]
  /opt/cluster/programs/g16-c.01/g16/l1.exe() [0x41d5c6]
  /opt/cluster/programs/g16-c.01/g16/l1.exe() [0x410c4c]
  /opt/cluster/programs/g16-c.01/g16/l1.exe() [0x40d185]
  /opt/cluster/programs/g16-c.01/g16/l1.exe() [0x40cbd7]
  /opt/cluster/programs/g16-c.01/g16/l1.exe() [0x40cb24]
  /lib64/libc.so.6(__libc_start_main+0xf5) [0x2b838c712445]
  /opt/cluster/programs/g16-c.01/g16/l1.exe() [0x407269]
 Read checkpoint file gaussian_122_water_hf_adz2.chk type Unk
 Write formatted file gaussian_122_water_hf_adz2.fchk
 Will use up to     0 threads.
 Top CubeGen          Mon Feb 20 10:10:57 2023
 Aft UFChkP           Mon Feb 20 10:10:57 2023        0.07 cpu,        0.07 elapsed
 Could not find " ","Total SCF Density" on formatted checkpoint file.
 Error termination via Lnk1e at Mon Feb 20 10:10:57 2023.
Error: segmentation violation
   rax 0000000000000000, rbx 00000000058b0be0, rcx ffffffffffffffff
   rdx 000000000002bbbb, rsp 00007ffd5a560488, rbp 00007ffd5a5604e0
   rsi 000000000000000b, rdi 000000000002bbbb, r8  00002af769ed5ac0
   r9  00002af769ed5ac0, r10 00007ffd5a55fee0, r11 0000000000000206
   r12 00000000058aeb0b, r13 000000000697d288, r14 00000000058aeec0
   r15 00007ffd5a562720
  /lib64/libpthread.so.0(+0xf6d0) [0x2af76a3cf6d0]
  /lib64/libc.so.6(kill+0x7) [0x2af76a914547]
  /opt/cluster/programs/g16-c.01/g16/cubegen() [0x40fe24]
  /lib64/libc.so.6(__libc_start_main+0xf5) [0x2af76a900445]
/var/spool/slurm//job7311820/slurm_script: line 57: 179131 Aborted                 $g16root/g16/cubegen 0 Density $FCKFILE $DNSFILE -2 h
 Will use up to     0 threads.
 Top CubeGen          Mon Feb 20 10:10:58 2023
 Aft UFChkP           Mon Feb 20 10:10:58 2023        0.07 cpu,        0.07 elapsed
 Could not find " ","Total SCF Density" on formatted checkpoint file.
 Error termination via Lnk1e at Mon Feb 20 10:10:58 2023.
Error: segmentation violation
   rax 0000000000000000, rbx 00000000058b0be0, rcx ffffffffffffffff
   rdx 000000000002bbeb, rsp 00007ffce50a3df8, rbp 00007ffce50a3e50
   rsi 000000000000000b, rdi 000000000002bbeb, r8  00002b1d36119ac0
   r9  00002b1d36119ac0, r10 00007ffce50a3860, r11 0000000000000202
   r12 00000000058aeb0b, r13 000000000697d288, r14 00000000058aeec0
   r15 00007ffce50a6090
  /lib64/libpthread.so.0(+0xf6d0) [0x2b1d366136d0]
  /lib64/libc.so.6(kill+0x7) [0x2b1d36b58547]
  /opt/cluster/programs/g16-c.01/g16/cubegen() [0x40fe24]
  /lib64/libc.so.6(__libc_start_main+0xf5) [0x2b1d36b44445]
/var/spool/slurm//job7311820/slurm_script: line 60: 179179 Aborted                 $g16root/g16/cubegen 0 Potential $FCKFILE $ESPFILE -2 h
cp: cannot stat ‘gaussian_122_water_hf_adz2_dens.cube’: No such file or directory
cp: cannot stat ‘gaussian_122_water_hf_adz2_esp.cube’: No such file or directory
