node106.cluster
Error: segmentation violation
   rax 0000000000000000, rbx ffffffffffffffff, rcx ffffffffffffffff
   rdx 000000000002512b, rsp 00007ffd4c66f698, rbp 00007ffd4c66fc10
   rsi 000000000000000b, rdi 000000000002512b, r8  0000000000000020
   r9  0000000000000401, r10 00007ffd4c66f120, r11 0000000000000202
   r12 00007ffd4c66fc58, r13 0000000000000000, r14 0000000000000000
   r15 00000000000003e6
  /lib64/libpthread.so.0(+0xf6d0) [0x2ac4f5aef6d0]
  /lib64/libc.so.6(kill+0x7) [0x2ac4f6034547]
  /opt/cluster/programs/g16-c.01/g16/l1.exe() [0x4b8975]
  /opt/cluster/programs/g16-c.01/g16/l1.exe() [0x4f867a]
  /opt/cluster/programs/g16-c.01/g16/l1.exe() [0x4d56ab]
  /opt/cluster/programs/g16-c.01/g16/l1.exe() [0x41d5c6]
  /opt/cluster/programs/g16-c.01/g16/l1.exe() [0x410c4c]
  /opt/cluster/programs/g16-c.01/g16/l1.exe() [0x40d185]
  /opt/cluster/programs/g16-c.01/g16/l1.exe() [0x40cbd7]
  /opt/cluster/programs/g16-c.01/g16/l1.exe() [0x40cb24]
  /lib64/libc.so.6(__libc_start_main+0xf5) [0x2ac4f6020445]
  /opt/cluster/programs/g16-c.01/g16/l1.exe() [0x407269]
 Read checkpoint file gaussian_77_water_hf_adz.chk type Unk
 Write formatted file gaussian_77_water_hf_adz.fchk
 Will use up to     0 threads.
 Top CubeGen          Mon Feb 20 10:06:38 2023
 Aft UFChkP           Mon Feb 20 10:06:38 2023        0.07 cpu,        0.07 elapsed
 Could not find " ","Total SCF Density" on formatted checkpoint file.
 Error termination via Lnk1e at Mon Feb 20 10:06:38 2023.
Error: segmentation violation
   rax 0000000000000000, rbx 00000000058b0be0, rcx ffffffffffffffff
   rdx 0000000000025195, rsp 00007ffc1e7ec8c8, rbp 00007ffc1e7ec920
   rsi 000000000000000b, rdi 0000000000025195, r8  00002ba066d91ac0
   r9  00002ba066d91ac0, r10 00007ffc1e7ec320, r11 0000000000000202
   r12 00000000058aeb0b, r13 000000000697d288, r14 00000000058aeec0
   r15 00007ffc1e7eeb60
  /lib64/libpthread.so.0(+0xf6d0) [0x2ba06728b6d0]
  /lib64/libc.so.6(kill+0x7) [0x2ba0677d0547]
  /opt/cluster/programs/g16-c.01/g16/cubegen() [0x40fe24]
  /lib64/libc.so.6(__libc_start_main+0xf5) [0x2ba0677bc445]
/var/spool/slurm//job7311595/slurm_script: line 57: 151957 Aborted                 $g16root/g16/cubegen 0 Density $FCKFILE $DNSFILE -2 h
 Will use up to     0 threads.
 Top CubeGen          Mon Feb 20 10:06:39 2023
 Aft UFChkP           Mon Feb 20 10:06:39 2023        0.06 cpu,        0.07 elapsed
 Could not find " ","Total SCF Density" on formatted checkpoint file.
 Error termination via Lnk1e at Mon Feb 20 10:06:39 2023.
Error: segmentation violation
   rax 0000000000000000, rbx 00000000058b0be0, rcx ffffffffffffffff
   rdx 00000000000251c5, rsp 00007ffd84254b68, rbp 00007ffd84254bc0
   rsi 000000000000000b, rdi 00000000000251c5, r8  00002b1901324ac0
   r9  00002b1901324ac0, r10 00007ffd842545e0, r11 0000000000000202
   r12 00000000058aeb0b, r13 000000000697d288, r14 00000000058aeec0
   r15 00007ffd84256e00
  /lib64/libpthread.so.0(+0xf6d0) [0x2b190181e6d0]
  /lib64/libc.so.6(kill+0x7) [0x2b1901d63547]
  /opt/cluster/programs/g16-c.01/g16/cubegen() [0x40fe24]
  /lib64/libc.so.6(__libc_start_main+0xf5) [0x2b1901d4f445]
/var/spool/slurm//job7311595/slurm_script: line 60: 152005 Aborted                 $g16root/g16/cubegen 0 Potential $FCKFILE $ESPFILE -2 h
cp: cannot stat ‘gaussian_77_water_hf_adz_dens.cube’: No such file or directory
cp: cannot stat ‘gaussian_77_water_hf_adz_esp.cube’: No such file or directory
