node105.cluster
Error: segmentation violation
   rax 0000000000000000, rbx ffffffffffffffff, rcx ffffffffffffffff
   rdx 000000000002a5b7, rsp 00007fff569c82f8, rbp 00007fff569c8870
   rsi 000000000000000b, rdi 000000000002a5b7, r8  0000000000000020
   r9  0000000000000401, r10 00007fff569c7d60, r11 0000000000000202
   r12 00007fff569c88b8, r13 0000000000000000, r14 0000000000000000
   r15 00000000000003e6
  /lib64/libpthread.so.0(+0xf6d0) [0x2b38371e96d0]
  /lib64/libc.so.6(kill+0x7) [0x2b383772e547]
  /opt/cluster/programs/g16-c.01/g16/l1.exe() [0x4b8975]
  /opt/cluster/programs/g16-c.01/g16/l1.exe() [0x4f867a]
  /opt/cluster/programs/g16-c.01/g16/l1.exe() [0x4d56ab]
  /opt/cluster/programs/g16-c.01/g16/l1.exe() [0x41d5c6]
  /opt/cluster/programs/g16-c.01/g16/l1.exe() [0x410c4c]
  /opt/cluster/programs/g16-c.01/g16/l1.exe() [0x40d185]
  /opt/cluster/programs/g16-c.01/g16/l1.exe() [0x40cbd7]
  /opt/cluster/programs/g16-c.01/g16/l1.exe() [0x40cb24]
  /lib64/libc.so.6(__libc_start_main+0xf5) [0x2b383771a445]
  /opt/cluster/programs/g16-c.01/g16/l1.exe() [0x407269]
 Read checkpoint file gaussian_84_water_hf_adz.chk type Unk
 Write formatted file gaussian_84_water_hf_adz.fchk
 Will use up to     0 threads.
 Top CubeGen          Mon Feb 20 10:06:49 2023
 Aft UFChkP           Mon Feb 20 10:06:49 2023        0.07 cpu,        0.07 elapsed
 Could not find " ","Total SCF Density" on formatted checkpoint file.
 Error termination via Lnk1e at Mon Feb 20 10:06:49 2023.
Error: segmentation violation
   rax 0000000000000000, rbx 00000000058b0be0, rcx ffffffffffffffff
   rdx 000000000002a600, rsp 00007ffe083b6798, rbp 00007ffe083b67f0
   rsi 000000000000000b, rdi 000000000002a600, r8  00002b639d224ac0
   r9  00002b639d224ac0, r10 00007ffe083b6220, r11 0000000000000202
   r12 00000000058aeb0b, r13 000000000697d288, r14 00000000058aeec0
   r15 00007ffe083b8a30
  /lib64/libpthread.so.0(+0xf6d0) [0x2b639d71e6d0]
  /lib64/libc.so.6(kill+0x7) [0x2b639dc63547]
  /opt/cluster/programs/g16-c.01/g16/cubegen() [0x40fe24]
  /lib64/libc.so.6(__libc_start_main+0xf5) [0x2b639dc4f445]
/var/spool/slurm//job7311602/slurm_script: line 57: 173568 Aborted                 $g16root/g16/cubegen 0 Density $FCKFILE $DNSFILE -2 h
 Will use up to     0 threads.
 Top CubeGen          Mon Feb 20 10:06:49 2023
 Aft UFChkP           Mon Feb 20 10:06:49 2023        0.07 cpu,        0.07 elapsed
 Could not find " ","Total SCF Density" on formatted checkpoint file.
 Error termination via Lnk1e at Mon Feb 20 10:06:49 2023.
Error: segmentation violation
   rax 0000000000000000, rbx 00000000058b0be0, rcx ffffffffffffffff
   rdx 000000000002a631, rsp 00007ffe57f50288, rbp 00007ffe57f502e0
   rsi 000000000000000b, rdi 000000000002a631, r8  00002afd015d3ac0
   r9  00002afd015d3ac0, r10 00007ffe57f4fce0, r11 0000000000000206
   r12 00000000058aeb0b, r13 000000000697d288, r14 00000000058aeec0
   r15 00007ffe57f52520
  /lib64/libpthread.so.0(+0xf6d0) [0x2afd01acd6d0]
  /lib64/libc.so.6(kill+0x7) [0x2afd02012547]
  /opt/cluster/programs/g16-c.01/g16/cubegen() [0x40fe24]
  /lib64/libc.so.6(__libc_start_main+0xf5) [0x2afd01ffe445]
/var/spool/slurm//job7311602/slurm_script: line 60: 173617 Aborted                 $g16root/g16/cubegen 0 Potential $FCKFILE $ESPFILE -2 h
cp: cannot stat ‘gaussian_84_water_hf_adz_dens.cube’: No such file or directory
cp: cannot stat ‘gaussian_84_water_hf_adz_esp.cube’: No such file or directory
