node105.cluster
Error: segmentation violation
   rax 0000000000000000, rbx ffffffffffffffff, rcx ffffffffffffffff
   rdx 000000000002b38c, rsp 00007ffdb44d4218, rbp 00007ffdb44d4790
   rsi 000000000000000b, rdi 000000000002b38c, r8  0000000000000020
   r9  0000000000000401, r10 00007ffdb44d3ca0, r11 0000000000000206
   r12 00007ffdb44d47d8, r13 0000000000000000, r14 0000000000000000
   r15 00000000000003e6
  /lib64/libpthread.so.0(+0xf6d0) [0x2af17f2dd6d0]
  /lib64/libc.so.6(kill+0x7) [0x2af17f822547]
  /opt/cluster/programs/g16-c.01/g16/l1.exe() [0x4b8975]
  /opt/cluster/programs/g16-c.01/g16/l1.exe() [0x4f867a]
  /opt/cluster/programs/g16-c.01/g16/l1.exe() [0x4d56ab]
  /opt/cluster/programs/g16-c.01/g16/l1.exe() [0x41d5c6]
  /opt/cluster/programs/g16-c.01/g16/l1.exe() [0x410c4c]
  /opt/cluster/programs/g16-c.01/g16/l1.exe() [0x40d185]
  /opt/cluster/programs/g16-c.01/g16/l1.exe() [0x40cbd7]
  /opt/cluster/programs/g16-c.01/g16/l1.exe() [0x40cb24]
  /lib64/libc.so.6(__libc_start_main+0xf5) [0x2af17f80e445]
  /opt/cluster/programs/g16-c.01/g16/l1.exe() [0x407269]
 Read checkpoint file gaussian_44_water_hf_adz2.chk type Unk
 Write formatted file gaussian_44_water_hf_adz2.fchk
 Will use up to     0 threads.
 Top CubeGen          Mon Feb 20 10:09:38 2023
 Aft UFChkP           Mon Feb 20 10:09:38 2023        0.07 cpu,        0.08 elapsed
 Could not find " ","Total SCF Density" on formatted checkpoint file.
 Error termination via Lnk1e at Mon Feb 20 10:09:38 2023.
Error: segmentation violation
   rax 0000000000000000, rbx 00000000058b0be0, rcx ffffffffffffffff
   rdx 000000000002b3d3, rsp 00007ffd785aa898, rbp 00007ffd785aa8f0
   rsi 000000000000000b, rdi 000000000002b3d3, r8  00002b51f1ee8ac0
   r9  00002b51f1ee8ac0, r10 00007ffd785aa320, r11 0000000000000202
   r12 00000000058aeb0b, r13 000000000697d288, r14 00000000058aeec0
   r15 00007ffd785acb30
  /lib64/libpthread.so.0(+0xf6d0) [0x2b51f23e26d0]
  /lib64/libc.so.6(kill+0x7) [0x2b51f2927547]
  /opt/cluster/programs/g16-c.01/g16/cubegen() [0x40fe24]
  /lib64/libc.so.6(__libc_start_main+0xf5) [0x2b51f2913445]
/var/spool/slurm//job7311742/slurm_script: line 57: 177107 Aborted                 $g16root/g16/cubegen 0 Density $FCKFILE $DNSFILE -2 h
 Will use up to     0 threads.
 Top CubeGen          Mon Feb 20 10:09:38 2023
 Aft UFChkP           Mon Feb 20 10:09:38 2023        0.07 cpu,        0.07 elapsed
 Could not find " ","Total SCF Density" on formatted checkpoint file.
 Error termination via Lnk1e at Mon Feb 20 10:09:38 2023.
Error: segmentation violation
   rax 0000000000000000, rbx 00000000058b0be0, rcx ffffffffffffffff
   rdx 000000000002b404, rsp 00007fffdedacce8, rbp 00007fffdedacd40
   rsi 000000000000000b, rdi 000000000002b404, r8  00002ab97acb1ac0
   r9  00002ab97acb1ac0, r10 00007fffdedac760, r11 0000000000000206
   r12 00000000058aeb0b, r13 000000000697d288, r14 00000000058aeec0
   r15 00007fffdedaef80
  /lib64/libpthread.so.0(+0xf6d0) [0x2ab97b1ab6d0]
  /lib64/libc.so.6(kill+0x7) [0x2ab97b6f0547]
  /opt/cluster/programs/g16-c.01/g16/cubegen() [0x40fe24]
  /lib64/libc.so.6(__libc_start_main+0xf5) [0x2ab97b6dc445]
/var/spool/slurm//job7311742/slurm_script: line 60: 177156 Aborted                 $g16root/g16/cubegen 0 Potential $FCKFILE $ESPFILE -2 h
cp: cannot stat ‘gaussian_44_water_hf_adz2_dens.cube’: No such file or directory
cp: cannot stat ‘gaussian_44_water_hf_adz2_esp.cube’: No such file or directory
