node68.cluster
 Read checkpoint file gaussian_39_water_pbe0_dz.chk type G16
 Write formatted file gaussian_39_water_pbe0_dz.fchk
 FChkPn:  Coordinates translated and rotated.
 FChkPn:  Coordinates match /B/ after translation and rotation.
 Will use up to     0 threads.
 Top CubeGen          Mon Mar 20 17:33:38 2023
 Aft UFChkP           Mon Mar 20 17:33:38 2023        0.17 cpu,        0.17 elapsed
 Aft DecCub           Mon Mar 20 17:33:38 2023        0.01 cpu,        0.01 elapsed
 Aft Density          Mon Mar 20 17:33:38 2023        0.00 cpu,        0.00 elapsed
 Bef DoCube           Mon Mar 20 17:33:38 2023        0.00 cpu,        0.00 elapsed
 There are a total of       29791 grid points.
 ElSum from          density=        8.1570931873
 Aft DoCube           Mon Mar 20 17:33:38 2023        0.09 cpu,        0.09 elapsed
 Will use up to     0 threads.
 Top CubeGen          Mon Mar 20 17:33:38 2023
 Aft UFChkP           Mon Mar 20 17:33:38 2023        0.17 cpu,        0.17 elapsed
 Aft DecCub           Mon Mar 20 17:33:38 2023        0.00 cpu,        0.00 elapsed
 Aft Density          Mon Mar 20 17:33:38 2023        0.00 cpu,        0.00 elapsed
 Bef DoCube           Mon Mar 20 17:33:38 2023        0.00 cpu,        0.00 elapsed
 There are a total of       29791 grid points.
 ElSum from          density=       13.6042894991
 Aft DoCube           Mon Mar 20 17:33:39 2023        0.48 cpu,        0.48 elapsed
