node105.cluster
Error: segmentation violation
   rax 0000000000000000, rbx ffffffffffffffff, rcx ffffffffffffffff
   rdx 000000000002b789, rsp 00007ffc91b67458, rbp 00007ffc91b679d0
   rsi 000000000000000b, rdi 000000000002b789, r8  0000000000000020
   r9  0000000000000401, r10 00007ffc91b66ee0, r11 0000000000000202
   r12 00007ffc91b67a18, r13 0000000000000000, r14 0000000000000000
   r15 00000000000003e6
  /lib64/libpthread.so.0(+0xf6d0) [0x2af6249b56d0]
  /lib64/libc.so.6(kill+0x7) [0x2af624efa547]
  /opt/cluster/programs/g16-c.01/g16/l1.exe() [0x4b8975]
  /opt/cluster/programs/g16-c.01/g16/l1.exe() [0x4f867a]
  /opt/cluster/programs/g16-c.01/g16/l1.exe() [0x4d56ab]
  /opt/cluster/programs/g16-c.01/g16/l1.exe() [0x41d5c6]
  /opt/cluster/programs/g16-c.01/g16/l1.exe() [0x410c4c]
  /opt/cluster/programs/g16-c.01/g16/l1.exe() [0x40d185]
  /opt/cluster/programs/g16-c.01/g16/l1.exe() [0x40cbd7]
  /opt/cluster/programs/g16-c.01/g16/l1.exe() [0x40cb24]
  /lib64/libc.so.6(__libc_start_main+0xf5) [0x2af624ee6445]
  /opt/cluster/programs/g16-c.01/g16/l1.exe() [0x407269]
 Read checkpoint file gaussian_85_water_hf_adz2.chk type Unk
 Write formatted file gaussian_85_water_hf_adz2.fchk
 Will use up to     0 threads.
 Top CubeGen          Mon Feb 20 10:10:16 2023
 Aft UFChkP           Mon Feb 20 10:10:16 2023        0.07 cpu,        0.07 elapsed
 Could not find " ","Total SCF Density" on formatted checkpoint file.
 Error termination via Lnk1e at Mon Feb 20 10:10:16 2023.
Error: segmentation violation
   rax 0000000000000000, rbx 00000000058b0be0, rcx ffffffffffffffff
   rdx 000000000002b7cc, rsp 00007ffc0c7b8cd8, rbp 00007ffc0c7b8d30
   rsi 000000000000000b, rdi 000000000002b7cc, r8  00002b358fabbac0
   r9  00002b358fabbac0, r10 00007ffc0c7b8760, r11 0000000000000206
   r12 00000000058aeb0b, r13 000000000697d288, r14 00000000058aeec0
   r15 00007ffc0c7baf70
  /lib64/libpthread.so.0(+0xf6d0) [0x2b358ffb56d0]
  /lib64/libc.so.6(kill+0x7) [0x2b35904fa547]
  /opt/cluster/programs/g16-c.01/g16/cubegen() [0x40fe24]
  /lib64/libc.so.6(__libc_start_main+0xf5) [0x2b35904e6445]
/var/spool/slurm//job7311783/slurm_script: line 57: 178124 Aborted                 $g16root/g16/cubegen 0 Density $FCKFILE $DNSFILE -2 h
 Will use up to     0 threads.
 Top CubeGen          Mon Feb 20 10:10:17 2023
 Aft UFChkP           Mon Feb 20 10:10:17 2023        0.06 cpu,        0.07 elapsed
 Could not find " ","Total SCF Density" on formatted checkpoint file.
 Error termination via Lnk1e at Mon Feb 20 10:10:17 2023.
Error: segmentation violation
   rax 0000000000000000, rbx 00000000058b0be0, rcx ffffffffffffffff
   rdx 000000000002b7fc, rsp 00007ffda4de6168, rbp 00007ffda4de61c0
   rsi 000000000000000b, rdi 000000000002b7fc, r8  00002b466f002ac0
   r9  00002b466f002ac0, r10 00007ffda4de5be0, r11 0000000000000202
   r12 00000000058aeb0b, r13 000000000697d288, r14 00000000058aeec0
   r15 00007ffda4de8400
  /lib64/libpthread.so.0(+0xf6d0) [0x2b466f4fc6d0]
  /lib64/libc.so.6(kill+0x7) [0x2b466fa41547]
  /opt/cluster/programs/g16-c.01/g16/cubegen() [0x40fe24]
  /lib64/libc.so.6(__libc_start_main+0xf5) [0x2b466fa2d445]
/var/spool/slurm//job7311783/slurm_script: line 60: 178172 Aborted                 $g16root/g16/cubegen 0 Potential $FCKFILE $ESPFILE -2 h
cp: cannot stat ‘gaussian_85_water_hf_adz2_dens.cube’: No such file or directory
cp: cannot stat ‘gaussian_85_water_hf_adz2_esp.cube’: No such file or directory
