node58.cluster
 Read checkpoint file gaussian_48_water_ccsdt_atz.chk type G16
 Write formatted file gaussian_48_water_ccsdt_atz.fchk
 FChkPn:  Coordinates translated and rotated.
 FChkPn:  Coordinates match /B/ after translation and rotation.
 Will use up to     0 threads.
 Top CubeGen          Wed Feb  8 13:50:21 2023
 Aft UFChkP           Wed Feb  8 13:50:22 2023        0.19 cpu,        0.20 elapsed
 Aft DecCub           Wed Feb  8 13:50:22 2023        0.03 cpu,        0.03 elapsed
 Aft Density          Wed Feb  8 13:50:22 2023        0.00 cpu,        0.00 elapsed
 Bef DoCube           Wed Feb  8 13:50:22 2023        0.00 cpu,        0.00 elapsed
 There are a total of       29791 grid points.
 ElSum from          density=        8.1612258800
 Aft DoCube           Wed Feb  8 13:50:22 2023        0.19 cpu,        0.19 elapsed
 Will use up to     0 threads.
 Top CubeGen          Wed Feb  8 13:50:22 2023
 Aft UFChkP           Wed Feb  8 13:50:22 2023        0.20 cpu,        0.21 elapsed
 Aft DecCub           Wed Feb  8 13:50:22 2023        0.00 cpu,        0.00 elapsed
 Aft Density          Wed Feb  8 13:50:22 2023        0.00 cpu,        0.00 elapsed
 Bef DoCube           Wed Feb  8 13:50:22 2023        0.01 cpu,        0.00 elapsed
 There are a total of       29791 grid points.
 ElSum from          density=       13.6134594488
 Aft DoCube           Wed Feb  8 13:50:23 2023        1.18 cpu,        1.18 elapsed
