node105.cluster
 Read checkpoint file gaussian_155_water_hf_adz2.chk type G16
 Write formatted file gaussian_155_water_hf_adz2.fchk
 FChkPn:  Coordinates translated and rotated.
 FChkPn:  Coordinates match /B/ after translation and rotation.
 Will use up to     0 threads.
 Top CubeGen          Mon Feb 20 10:17:13 2023
 Aft UFChkP           Mon Feb 20 10:17:13 2023        0.13 cpu,        0.13 elapsed
 Aft DecCub           Mon Feb 20 10:17:13 2023        0.00 cpu,        0.01 elapsed
 Aft Density          Mon Feb 20 10:17:13 2023        0.00 cpu,        0.00 elapsed
 Bef DoCube           Mon Feb 20 10:17:13 2023        0.01 cpu,        0.00 elapsed
 There are a total of       29791 grid points.
 ElSum from          density=        8.1569557164
 Aft DoCube           Mon Feb 20 10:17:13 2023        0.06 cpu,        0.07 elapsed
 Will use up to     0 threads.
 Top CubeGen          Mon Feb 20 10:17:13 2023
 Aft UFChkP           Mon Feb 20 10:17:13 2023        0.13 cpu,        0.13 elapsed
 Aft DecCub           Mon Feb 20 10:17:13 2023        0.00 cpu,        0.00 elapsed
 Aft Density          Mon Feb 20 10:17:13 2023        0.00 cpu,        0.00 elapsed
 Bef DoCube           Mon Feb 20 10:17:13 2023        0.00 cpu,        0.00 elapsed
 There are a total of       29791 grid points.
 ElSum from          density=       13.6103958962
 Aft DoCube           Mon Feb 20 10:17:14 2023        0.39 cpu,        0.40 elapsed
