node106.cluster
Error: segmentation violation
   rax 0000000000000000, rbx ffffffffffffffff, rcx ffffffffffffffff
   rdx 0000000000024e51, rsp 00007ffd3b4af018, rbp 00007ffd3b4af590
   rsi 000000000000000b, rdi 0000000000024e51, r8  0000000000000020
   r9  0000000000000401, r10 00007ffd3b4aeaa0, r11 0000000000000206
   r12 00007ffd3b4af5d8, r13 0000000000000000, r14 0000000000000000
   r15 00000000000003e6
  /lib64/libpthread.so.0(+0xf6d0) [0x2b94b66c06d0]
  /lib64/libc.so.6(kill+0x7) [0x2b94b6c05547]
  /opt/cluster/programs/g16-c.01/g16/l1.exe() [0x4b8975]
  /opt/cluster/programs/g16-c.01/g16/l1.exe() [0x4f867a]
  /opt/cluster/programs/g16-c.01/g16/l1.exe() [0x4d56ab]
  /opt/cluster/programs/g16-c.01/g16/l1.exe() [0x41d5c6]
  /opt/cluster/programs/g16-c.01/g16/l1.exe() [0x410c4c]
  /opt/cluster/programs/g16-c.01/g16/l1.exe() [0x40d185]
  /opt/cluster/programs/g16-c.01/g16/l1.exe() [0x40cbd7]
  /opt/cluster/programs/g16-c.01/g16/l1.exe() [0x40cb24]
  /lib64/libc.so.6(__libc_start_main+0xf5) [0x2b94b6bf1445]
  /opt/cluster/programs/g16-c.01/g16/l1.exe() [0x407269]
 Read checkpoint file gaussian_49_water_hf_adz.chk type Unk
 Write formatted file gaussian_49_water_hf_adz.fchk
 Will use up to     0 threads.
 Top CubeGen          Mon Feb 20 10:06:09 2023
 Aft UFChkP           Mon Feb 20 10:06:09 2023        0.07 cpu,        0.07 elapsed
 Could not find " ","Total SCF Density" on formatted checkpoint file.
 Error termination via Lnk1e at Mon Feb 20 10:06:09 2023.
Error: segmentation violation
   rax 0000000000000000, rbx 00000000058b0be0, rcx ffffffffffffffff
   rdx 0000000000024e8d, rsp 00007fff08a00f48, rbp 00007fff08a00fa0
   rsi 000000000000000b, rdi 0000000000024e8d, r8  00002b2e2404fac0
   r9  00002b2e2404fac0, r10 00007fff08a009a0, r11 0000000000000206
   r12 00000000058aeb0b, r13 000000000697d288, r14 00000000058aeec0
   r15 00007fff08a031e0
  /lib64/libpthread.so.0(+0xf6d0) [0x2b2e245496d0]
  /lib64/libc.so.6(kill+0x7) [0x2b2e24a8e547]
  /opt/cluster/programs/g16-c.01/g16/cubegen() [0x40fe24]
  /lib64/libc.so.6(__libc_start_main+0xf5) [0x2b2e24a7a445]
/var/spool/slurm//job7311567/slurm_script: line 57: 151181 Aborted                 $g16root/g16/cubegen 0 Density $FCKFILE $DNSFILE -2 h
 Will use up to     0 threads.
 Top CubeGen          Mon Feb 20 10:06:09 2023
 Aft UFChkP           Mon Feb 20 10:06:09 2023        0.06 cpu,        0.07 elapsed
 Could not find " ","Total SCF Density" on formatted checkpoint file.
 Error termination via Lnk1e at Mon Feb 20 10:06:09 2023.
Error: segmentation violation
   rax 0000000000000000, rbx 00000000058b0be0, rcx ffffffffffffffff
   rdx 0000000000024eb1, rsp 00007fffa0d58a38, rbp 00007fffa0d58a90
   rsi 000000000000000b, rdi 0000000000024eb1, r8  00002b88c5becac0
   r9  00002b88c5becac0, r10 00007fffa0d584a0, r11 0000000000000202
   r12 00000000058aeb0b, r13 000000000697d288, r14 00000000058aeec0
   r15 00007fffa0d5acd0
  /lib64/libpthread.so.0(+0xf6d0) [0x2b88c60e66d0]
  /lib64/libc.so.6(kill+0x7) [0x2b88c662b547]
  /opt/cluster/programs/g16-c.01/g16/cubegen() [0x40fe24]
  /lib64/libc.so.6(__libc_start_main+0xf5) [0x2b88c6617445]
/var/spool/slurm//job7311567/slurm_script: line 60: 151217 Aborted                 $g16root/g16/cubegen 0 Potential $FCKFILE $ESPFILE -2 h
cp: cannot stat ‘gaussian_49_water_hf_adz_dens.cube’: No such file or directory
cp: cannot stat ‘gaussian_49_water_hf_adz_esp.cube’: No such file or directory
