node106.cluster
Error: segmentation violation
   rax 0000000000000000, rbx ffffffffffffffff, rcx ffffffffffffffff
   rdx 0000000000024c6d, rsp 00007fff15d691a8, rbp 00007fff15d69720
   rsi 000000000000000b, rdi 0000000000024c6d, r8  0000000000000020
   r9  0000000000000401, r10 00007fff15d68c20, r11 0000000000000202
   r12 00007fff15d69768, r13 0000000000000000, r14 0000000000000000
   r15 00000000000003e6
  /lib64/libpthread.so.0(+0xf6d0) [0x2ba5937046d0]
  /lib64/libc.so.6(kill+0x7) [0x2ba593c49547]
  /opt/cluster/programs/g16-c.01/g16/l1.exe() [0x4b8975]
  /opt/cluster/programs/g16-c.01/g16/l1.exe() [0x4f867a]
  /opt/cluster/programs/g16-c.01/g16/l1.exe() [0x4d56ab]
  /opt/cluster/programs/g16-c.01/g16/l1.exe() [0x41d5c6]
  /opt/cluster/programs/g16-c.01/g16/l1.exe() [0x410c4c]
  /opt/cluster/programs/g16-c.01/g16/l1.exe() [0x40d185]
  /opt/cluster/programs/g16-c.01/g16/l1.exe() [0x40cbd7]
  /opt/cluster/programs/g16-c.01/g16/l1.exe() [0x40cb24]
  /lib64/libc.so.6(__libc_start_main+0xf5) [0x2ba593c35445]
  /opt/cluster/programs/g16-c.01/g16/l1.exe() [0x407269]
 Read checkpoint file gaussian_30_water_hf_adz.chk type Unk
 Write formatted file gaussian_30_water_hf_adz.fchk
 Will use up to     0 threads.
 Top CubeGen          Mon Feb 20 10:05:47 2023
 Aft UFChkP           Mon Feb 20 10:05:47 2023        0.06 cpu,        0.07 elapsed
 Could not find " ","Total SCF Density" on formatted checkpoint file.
 Error termination via Lnk1e at Mon Feb 20 10:05:47 2023.
Error: segmentation violation
   rax 0000000000000000, rbx 00000000058b0be0, rcx ffffffffffffffff
   rdx 0000000000024cab, rsp 00007ffe56c93e28, rbp 00007ffe56c93e80
   rsi 000000000000000b, rdi 0000000000024cab, r8  00002b1472680ac0
   r9  00002b1472680ac0, r10 00007ffe56c938a0, r11 0000000000000206
   r12 00000000058aeb0b, r13 000000000697d288, r14 00000000058aeec0
   r15 00007ffe56c960c0
  /lib64/libpthread.so.0(+0xf6d0) [0x2b1472b7a6d0]
  /lib64/libc.so.6(kill+0x7) [0x2b14730bf547]
  /opt/cluster/programs/g16-c.01/g16/cubegen() [0x40fe24]
  /lib64/libc.so.6(__libc_start_main+0xf5) [0x2b14730ab445]
/var/spool/slurm//job7311548/slurm_script: line 57: 150699 Aborted                 $g16root/g16/cubegen 0 Density $FCKFILE $DNSFILE -2 h
 Will use up to     0 threads.
 Top CubeGen          Mon Feb 20 10:05:48 2023
 Aft UFChkP           Mon Feb 20 10:05:48 2023        0.07 cpu,        0.07 elapsed
 Could not find " ","Total SCF Density" on formatted checkpoint file.
 Error termination via Lnk1e at Mon Feb 20 10:05:48 2023.
Error: segmentation violation
   rax 0000000000000000, rbx 00000000058b0be0, rcx ffffffffffffffff
   rdx 0000000000024cd8, rsp 00007ffe24147af8, rbp 00007ffe24147b50
   rsi 000000000000000b, rdi 0000000000024cd8, r8  00002ba49cfa8ac0
   r9  00002ba49cfa8ac0, r10 00007ffe24147560, r11 0000000000000202
   r12 00000000058aeb0b, r13 000000000697d288, r14 00000000058aeec0
   r15 00007ffe24149d90
  /lib64/libpthread.so.0(+0xf6d0) [0x2ba49d4a26d0]
  /lib64/libc.so.6(kill+0x7) [0x2ba49d9e7547]
  /opt/cluster/programs/g16-c.01/g16/cubegen() [0x40fe24]
  /lib64/libc.so.6(__libc_start_main+0xf5) [0x2ba49d9d3445]
/var/spool/slurm//job7311548/slurm_script: line 60: 150744 Aborted                 $g16root/g16/cubegen 0 Potential $FCKFILE $ESPFILE -2 h
cp: cannot stat ‘gaussian_30_water_hf_adz_dens.cube’: No such file or directory
cp: cannot stat ‘gaussian_30_water_hf_adz_esp.cube’: No such file or directory
