node101.cluster
Error: segmentation violation
   rax 0000000000000000, rbx ffffffffffffffff, rcx ffffffffffffffff
   rdx 000000000002e748, rsp 00007ffc1a8e21e8, rbp 00007ffc1a8e2760
   rsi 000000000000000b, rdi 000000000002e748, r8  0000000000000020
   r9  0000000000000401, r10 00007ffc1a8e1c60, r11 0000000000000206
   r12 00007ffc1a8e27a8, r13 0000000000000000, r14 0000000000000000
   r15 00000000000003e6
  /lib64/libpthread.so.0(+0xf6d0) [0x2b9cec2276d0]
  /lib64/libc.so.6(kill+0x7) [0x2b9cec76c547]
  /opt/cluster/programs/g16-c.01/g16/l1.exe() [0x4b8975]
  /opt/cluster/programs/g16-c.01/g16/l1.exe() [0x4f867a]
  /opt/cluster/programs/g16-c.01/g16/l1.exe() [0x4d56ab]
  /opt/cluster/programs/g16-c.01/g16/l1.exe() [0x41d5c6]
  /opt/cluster/programs/g16-c.01/g16/l1.exe() [0x410c4c]
  /opt/cluster/programs/g16-c.01/g16/l1.exe() [0x40d185]
  /opt/cluster/programs/g16-c.01/g16/l1.exe() [0x40cbd7]
  /opt/cluster/programs/g16-c.01/g16/l1.exe() [0x40cb24]
  /lib64/libc.so.6(__libc_start_main+0xf5) [0x2b9cec758445]
  /opt/cluster/programs/g16-c.01/g16/l1.exe() [0x407269]
 Read checkpoint file gaussian_91_water_hf_adz2.chk type Unk
 Write formatted file gaussian_91_water_hf_adz2.fchk
 Will use up to     0 threads.
 Top CubeGen          Mon Feb 20 10:10:26 2023
 Aft UFChkP           Mon Feb 20 10:10:26 2023        0.07 cpu,        0.07 elapsed
 Could not find " ","Total SCF Density" on formatted checkpoint file.
 Error termination via Lnk1e at Mon Feb 20 10:10:26 2023.
Error: segmentation violation
   rax 0000000000000000, rbx 00000000058b0be0, rcx ffffffffffffffff
   rdx 000000000002e75a, rsp 00007ffdfe231ad8, rbp 00007ffdfe231b30
   rsi 000000000000000b, rdi 000000000002e75a, r8  00002b82b085cac0
   r9  00002b82b085cac0, r10 00007ffdfe231560, r11 0000000000000206
   r12 00000000058aeb0b, r13 000000000697d288, r14 00000000058aeec0
   r15 00007ffdfe233d70
  /lib64/libpthread.so.0(+0xf6d0) [0x2b82b0d566d0]
  /lib64/libc.so.6(kill+0x7) [0x2b82b129b547]
  /opt/cluster/programs/g16-c.01/g16/cubegen() [0x40fe24]
  /lib64/libc.so.6(__libc_start_main+0xf5) [0x2b82b1287445]
/var/spool/slurm//job7311789/slurm_script: line 57: 190298 Aborted                 $g16root/g16/cubegen 0 Density $FCKFILE $DNSFILE -2 h
 Will use up to     0 threads.
 Top CubeGen          Mon Feb 20 10:10:26 2023
 Aft UFChkP           Mon Feb 20 10:10:26 2023        0.06 cpu,        0.07 elapsed
 Could not find " ","Total SCF Density" on formatted checkpoint file.
 Error termination via Lnk1e at Mon Feb 20 10:10:26 2023.
Error: segmentation violation
   rax 0000000000000000, rbx 00000000058b0be0, rcx ffffffffffffffff
   rdx 000000000002e766, rsp 00007ffd20078668, rbp 00007ffd200786c0
   rsi 000000000000000b, rdi 000000000002e766, r8  00002b9ff4a70ac0
   r9  00002b9ff4a70ac0, r10 00007ffd200780e0, r11 0000000000000202
   r12 00000000058aeb0b, r13 000000000697d288, r14 00000000058aeec0
   r15 00007ffd2007a900
  /lib64/libpthread.so.0(+0xf6d0) [0x2b9ff4f6a6d0]
  /lib64/libc.so.6(kill+0x7) [0x2b9ff54af547]
  /opt/cluster/programs/g16-c.01/g16/cubegen() [0x40fe24]
  /lib64/libc.so.6(__libc_start_main+0xf5) [0x2b9ff549b445]
/var/spool/slurm//job7311789/slurm_script: line 60: 190310 Aborted                 $g16root/g16/cubegen 0 Potential $FCKFILE $ESPFILE -2 h
cp: cannot stat ‘gaussian_91_water_hf_adz2_dens.cube’: No such file or directory
cp: cannot stat ‘gaussian_91_water_hf_adz2_esp.cube’: No such file or directory
