node101.cluster
Error: segmentation violation
   rax 0000000000000000, rbx ffffffffffffffff, rcx ffffffffffffffff
   rdx 000000000002e050, rsp 00007ffcd8204338, rbp 00007ffcd82048b0
   rsi 000000000000000b, rdi 000000000002e050, r8  0000000000000020
   r9  0000000000000401, r10 00007ffcd8203da0, r11 0000000000000202
   r12 00007ffcd82048f8, r13 0000000000000000, r14 0000000000000000
   r15 00000000000003e6
  /lib64/libpthread.so.0(+0xf6d0) [0x2b98897636d0]
  /lib64/libc.so.6(kill+0x7) [0x2b9889ca8547]
  /opt/cluster/programs/g16-c.01/g16/l1.exe() [0x4b8975]
  /opt/cluster/programs/g16-c.01/g16/l1.exe() [0x4f867a]
  /opt/cluster/programs/g16-c.01/g16/l1.exe() [0x4d56ab]
  /opt/cluster/programs/g16-c.01/g16/l1.exe() [0x41d5c6]
  /opt/cluster/programs/g16-c.01/g16/l1.exe() [0x410c4c]
  /opt/cluster/programs/g16-c.01/g16/l1.exe() [0x40d185]
  /opt/cluster/programs/g16-c.01/g16/l1.exe() [0x40cbd7]
  /opt/cluster/programs/g16-c.01/g16/l1.exe() [0x40cb24]
  /lib64/libc.so.6(__libc_start_main+0xf5) [0x2b9889c94445]
  /opt/cluster/programs/g16-c.01/g16/l1.exe() [0x407269]
 Read checkpoint file gaussian_1_water_hf_adz.chk type Unk
 Write formatted file gaussian_1_water_hf_adz.fchk
 Will use up to     0 threads.
 Top CubeGen          Mon Feb 20 10:05:26 2023
 Aft UFChkP           Mon Feb 20 10:05:26 2023        0.07 cpu,        0.07 elapsed
 Could not find " ","Total SCF Density" on formatted checkpoint file.
 Error termination via Lnk1e at Mon Feb 20 10:05:26 2023.
Error: segmentation violation
   rax 0000000000000000, rbx 00000000058b0be0, rcx ffffffffffffffff
   rdx 000000000002e062, rsp 00007fff4b239c08, rbp 00007fff4b239c60
   rsi 000000000000000b, rdi 000000000002e062, r8  00002ba90f54bac0
   r9  00002ba90f54bac0, r10 00007fff4b239660, r11 0000000000000202
   r12 00000000058aeb0b, r13 000000000697d288, r14 00000000058aeec0
   r15 00007fff4b23bea0
  /lib64/libpthread.so.0(+0xf6d0) [0x2ba90fa456d0]
  /lib64/libc.so.6(kill+0x7) [0x2ba90ff8a547]
  /opt/cluster/programs/g16-c.01/g16/cubegen() [0x40fe24]
  /lib64/libc.so.6(__libc_start_main+0xf5) [0x2ba90ff76445]
/var/spool/slurm//job7311519/slurm_script: line 57: 188514 Aborted                 $g16root/g16/cubegen 0 Density $FCKFILE $DNSFILE -2 h
 Will use up to     0 threads.
 Top CubeGen          Mon Feb 20 10:05:26 2023
 Aft UFChkP           Mon Feb 20 10:05:26 2023        0.07 cpu,        0.07 elapsed
 Could not find " ","Total SCF Density" on formatted checkpoint file.
 Error termination via Lnk1e at Mon Feb 20 10:05:26 2023.
Error: segmentation violation
   rax 0000000000000000, rbx 00000000058b0be0, rcx ffffffffffffffff
   rdx 000000000002e06e, rsp 00007ffe7321d248, rbp 00007ffe7321d2a0
   rsi 000000000000000b, rdi 000000000002e06e, r8  00002af8bcadeac0
   r9  00002af8bcadeac0, r10 00007ffe7321cca0, r11 0000000000000206
   r12 00000000058aeb0b, r13 000000000697d288, r14 00000000058aeec0
   r15 00007ffe7321f4e0
  /lib64/libpthread.so.0(+0xf6d0) [0x2af8bcfd86d0]
  /lib64/libc.so.6(kill+0x7) [0x2af8bd51d547]
  /opt/cluster/programs/g16-c.01/g16/cubegen() [0x40fe24]
  /lib64/libc.so.6(__libc_start_main+0xf5) [0x2af8bd509445]
/var/spool/slurm//job7311519/slurm_script: line 60: 188526 Aborted                 $g16root/g16/cubegen 0 Potential $FCKFILE $ESPFILE -2 h
cp: cannot stat ‘gaussian_1_water_hf_adz_dens.cube’: No such file or directory
cp: cannot stat ‘gaussian_1_water_hf_adz_esp.cube’: No such file or directory
