node106.cluster
Error: segmentation violation
   rax 0000000000000000, rbx ffffffffffffffff, rcx ffffffffffffffff
   rdx 0000000000025706, rsp 00007ffd65653768, rbp 00007ffd65653ce0
   rsi 000000000000000b, rdi 0000000000025706, r8  0000000000000020
   r9  0000000000000401, r10 00007ffd656531e0, r11 0000000000000202
   r12 00007ffd65653d28, r13 0000000000000000, r14 0000000000000000
   r15 00000000000003e6
  /lib64/libpthread.so.0(+0xf6d0) [0x2b4dc8a8f6d0]
  /lib64/libc.so.6(kill+0x7) [0x2b4dc8fd4547]
  /opt/cluster/programs/g16-c.01/g16/l1.exe() [0x4b8975]
  /opt/cluster/programs/g16-c.01/g16/l1.exe() [0x4f867a]
  /opt/cluster/programs/g16-c.01/g16/l1.exe() [0x4d56ab]
  /opt/cluster/programs/g16-c.01/g16/l1.exe() [0x41d5c6]
  /opt/cluster/programs/g16-c.01/g16/l1.exe() [0x410c4c]
  /opt/cluster/programs/g16-c.01/g16/l1.exe() [0x40d185]
  /opt/cluster/programs/g16-c.01/g16/l1.exe() [0x40cbd7]
  /opt/cluster/programs/g16-c.01/g16/l1.exe() [0x40cb24]
  /lib64/libc.so.6(__libc_start_main+0xf5) [0x2b4dc8fc0445]
  /opt/cluster/programs/g16-c.01/g16/l1.exe() [0x407269]
 Read checkpoint file gaussian_138_water_hf_adz.chk type Unk
 Write formatted file gaussian_138_water_hf_adz.fchk
 Will use up to     0 threads.
 Top CubeGen          Mon Feb 20 10:07:40 2023
 Aft UFChkP           Mon Feb 20 10:07:40 2023        0.07 cpu,        0.07 elapsed
 Could not find " ","Total SCF Density" on formatted checkpoint file.
 Error termination via Lnk1e at Mon Feb 20 10:07:40 2023.
Error: segmentation violation
   rax 0000000000000000, rbx 00000000058b0be0, rcx ffffffffffffffff
   rdx 000000000002575b, rsp 00007ffcc4406898, rbp 00007ffcc44068f0
   rsi 000000000000000b, rdi 000000000002575b, r8  00002b8470b97ac0
   r9  00002b8470b97ac0, r10 00007ffcc4406320, r11 0000000000000202
   r12 00000000058aeb0b, r13 000000000697d288, r14 00000000058aeec0
   r15 00007ffcc4408b30
  /lib64/libpthread.so.0(+0xf6d0) [0x2b84710916d0]
  /lib64/libc.so.6(kill+0x7) [0x2b84715d6547]
  /opt/cluster/programs/g16-c.01/g16/cubegen() [0x40fe24]
  /lib64/libc.so.6(__libc_start_main+0xf5) [0x2b84715c2445]
/var/spool/slurm//job7311656/slurm_script: line 57: 153435 Aborted                 $g16root/g16/cubegen 0 Density $FCKFILE $DNSFILE -2 h
 Will use up to     0 threads.
 Top CubeGen          Mon Feb 20 10:07:40 2023
 Aft UFChkP           Mon Feb 20 10:07:40 2023        0.07 cpu,        0.07 elapsed
 Could not find " ","Total SCF Density" on formatted checkpoint file.
 Error termination via Lnk1e at Mon Feb 20 10:07:40 2023.
Error: segmentation violation
   rax 0000000000000000, rbx 00000000058b0be0, rcx ffffffffffffffff
   rdx 0000000000025781, rsp 00007ffc2cc25dc8, rbp 00007ffc2cc25e20
   rsi 000000000000000b, rdi 0000000000025781, r8  00002b9dae50bac0
   r9  00002b9dae50bac0, r10 00007ffc2cc25820, r11 0000000000000202
   r12 00000000058aeb0b, r13 000000000697d288, r14 00000000058aeec0
   r15 00007ffc2cc28060
  /lib64/libpthread.so.0(+0xf6d0) [0x2b9daea056d0]
  /lib64/libc.so.6(kill+0x7) [0x2b9daef4a547]
  /opt/cluster/programs/g16-c.01/g16/cubegen() [0x40fe24]
  /lib64/libc.so.6(__libc_start_main+0xf5) [0x2b9daef36445]
/var/spool/slurm//job7311656/slurm_script: line 60: 153473 Aborted                 $g16root/g16/cubegen 0 Potential $FCKFILE $ESPFILE -2 h
cp: cannot stat ‘gaussian_138_water_hf_adz_dens.cube’: No such file or directory
cp: cannot stat ‘gaussian_138_water_hf_adz_esp.cube’: No such file or directory
