node59.cluster
 Read checkpoint file gaussian_83_water_pbe0_dz.chk type G16
 Write formatted file gaussian_83_water_pbe0_dz.fchk
 FChkPn:  Coordinates translated and rotated.
 FChkPn:  Coordinates match /B/ after translation and rotation.
 Will use up to     0 threads.
 Top CubeGen          Mon Mar 20 17:34:18 2023
 Aft UFChkP           Mon Mar 20 17:34:18 2023        0.12 cpu,        0.12 elapsed
 Aft DecCub           Mon Mar 20 17:34:18 2023        0.00 cpu,        0.01 elapsed
 Aft Density          Mon Mar 20 17:34:18 2023        0.00 cpu,        0.00 elapsed
 Bef DoCube           Mon Mar 20 17:34:18 2023        0.01 cpu,        0.00 elapsed
 There are a total of       29791 grid points.
 ElSum from          density=        8.1627002068
 Aft DoCube           Mon Mar 20 17:34:18 2023        0.05 cpu,        0.06 elapsed
 Will use up to     0 threads.
 Top CubeGen          Mon Mar 20 17:34:18 2023
 Aft UFChkP           Mon Mar 20 17:34:18 2023        0.11 cpu,        0.11 elapsed
 Aft DecCub           Mon Mar 20 17:34:18 2023        0.00 cpu,        0.00 elapsed
 Aft Density          Mon Mar 20 17:34:18 2023        0.00 cpu,        0.00 elapsed
 Bef DoCube           Mon Mar 20 17:34:18 2023        0.00 cpu,        0.00 elapsed
 There are a total of       29791 grid points.
 ElSum from          density=       13.6100715565
 Aft DoCube           Mon Mar 20 17:34:19 2023        0.39 cpu,        0.39 elapsed
