node101.cluster
Error: segmentation violation
   rax 0000000000000000, rbx ffffffffffffffff, rcx ffffffffffffffff
   rdx 000000000002e80a, rsp 00007fff53ad0d78, rbp 00007fff53ad12f0
   rsi 000000000000000b, rdi 000000000002e80a, r8  0000000000000020
   r9  0000000000000401, r10 00007fff53ad07e0, r11 0000000000000206
   r12 00007fff53ad1338, r13 0000000000000000, r14 0000000000000000
   r15 00000000000003e6
  /lib64/libpthread.so.0(+0xf6d0) [0x2b18cfcf36d0]
  /lib64/libc.so.6(kill+0x7) [0x2b18d0238547]
  /opt/cluster/programs/g16-c.01/g16/l1.exe() [0x4b8975]
  /opt/cluster/programs/g16-c.01/g16/l1.exe() [0x4f867a]
  /opt/cluster/programs/g16-c.01/g16/l1.exe() [0x4d56ab]
  /opt/cluster/programs/g16-c.01/g16/l1.exe() [0x41d5c6]
  /opt/cluster/programs/g16-c.01/g16/l1.exe() [0x410c4c]
  /opt/cluster/programs/g16-c.01/g16/l1.exe() [0x40d185]
  /opt/cluster/programs/g16-c.01/g16/l1.exe() [0x40cbd7]
  /opt/cluster/programs/g16-c.01/g16/l1.exe() [0x40cb24]
  /lib64/libc.so.6(__libc_start_main+0xf5) [0x2b18d0224445]
  /opt/cluster/programs/g16-c.01/g16/l1.exe() [0x407269]
 Read checkpoint file gaussian_121_water_hf_adz2.chk type Unk
 Write formatted file gaussian_121_water_hf_adz2.fchk
 Will use up to     0 threads.
 Top CubeGen          Mon Feb 20 10:10:57 2023
 Aft UFChkP           Mon Feb 20 10:10:57 2023        0.07 cpu,        0.07 elapsed
 Could not find " ","Total SCF Density" on formatted checkpoint file.
 Error termination via Lnk1e at Mon Feb 20 10:10:57 2023.
Error: segmentation violation
   rax 0000000000000000, rbx 00000000058b0be0, rcx ffffffffffffffff
   rdx 000000000002e81c, rsp 00007ffcedd94d88, rbp 00007ffcedd94de0
   rsi 000000000000000b, rdi 000000000002e81c, r8  00002ad2ae80eac0
   r9  00002ad2ae80eac0, r10 00007ffcedd947e0, r11 0000000000000206
   r12 00000000058aeb0b, r13 000000000697d288, r14 00000000058aeec0
   r15 00007ffcedd97020
  /lib64/libpthread.so.0(+0xf6d0) [0x2ad2aed086d0]
  /lib64/libc.so.6(kill+0x7) [0x2ad2af24d547]
  /opt/cluster/programs/g16-c.01/g16/cubegen() [0x40fe24]
  /lib64/libc.so.6(__libc_start_main+0xf5) [0x2ad2af239445]
/var/spool/slurm//job7311819/slurm_script: line 57: 190492 Aborted                 $g16root/g16/cubegen 0 Density $FCKFILE $DNSFILE -2 h
 Will use up to     0 threads.
 Top CubeGen          Mon Feb 20 10:10:57 2023
 Aft UFChkP           Mon Feb 20 10:10:58 2023        0.06 cpu,        0.07 elapsed
 Could not find " ","Total SCF Density" on formatted checkpoint file.
 Error termination via Lnk1e at Mon Feb 20 10:10:58 2023.
Error: segmentation violation
   rax 0000000000000000, rbx 00000000058b0be0, rcx ffffffffffffffff
   rdx 000000000002e828, rsp 00007ffc448e8088, rbp 00007ffc448e80e0
   rsi 000000000000000b, rdi 000000000002e828, r8  00002b12ab7c9ac0
   r9  00002b12ab7c9ac0, r10 00007ffc448e7ae0, r11 0000000000000206
   r12 00000000058aeb0b, r13 000000000697d288, r14 00000000058aeec0
   r15 00007ffc448ea320
  /lib64/libpthread.so.0(+0xf6d0) [0x2b12abcc36d0]
  /lib64/libc.so.6(kill+0x7) [0x2b12ac208547]
  /opt/cluster/programs/g16-c.01/g16/cubegen() [0x40fe24]
  /lib64/libc.so.6(__libc_start_main+0xf5) [0x2b12ac1f4445]
/var/spool/slurm//job7311819/slurm_script: line 60: 190504 Aborted                 $g16root/g16/cubegen 0 Potential $FCKFILE $ESPFILE -2 h
cp: cannot stat ‘gaussian_121_water_hf_adz2_dens.cube’: No such file or directory
cp: cannot stat ‘gaussian_121_water_hf_adz2_esp.cube’: No such file or directory
