node58.cluster
 Read checkpoint file gaussian_80_water_pbe0_adz.chk type G16
 Write formatted file gaussian_80_water_pbe0_adz.fchk
 FChkPn:  Coordinates translated and rotated.
 FChkPn:  Coordinates match /B/ after translation and rotation.
 Will use up to     0 threads.
 Top CubeGen          Mon Mar 20 17:59:00 2023
 Aft UFChkP           Mon Mar 20 17:59:00 2023        0.11 cpu,        0.12 elapsed
 Aft DecCub           Mon Mar 20 17:59:00 2023        0.01 cpu,        0.01 elapsed
 Aft Density          Mon Mar 20 17:59:00 2023        0.00 cpu,        0.00 elapsed
 Bef DoCube           Mon Mar 20 17:59:00 2023        0.00 cpu,        0.00 elapsed
 There are a total of       29791 grid points.
 ElSum from          density=        8.1633319316
 Aft DoCube           Mon Mar 20 17:59:00 2023        0.06 cpu,        0.06 elapsed
 Will use up to     0 threads.
 Top CubeGen          Mon Mar 20 17:59:00 2023
 Aft UFChkP           Mon Mar 20 17:59:00 2023        0.12 cpu,        0.12 elapsed
 Aft DecCub           Mon Mar 20 17:59:00 2023        0.00 cpu,        0.00 elapsed
 Aft Density          Mon Mar 20 17:59:00 2023        0.00 cpu,        0.00 elapsed
 Bef DoCube           Mon Mar 20 17:59:00 2023        0.00 cpu,        0.00 elapsed
 There are a total of       29791 grid points.
 ElSum from          density=       13.6107186950
 Aft DoCube           Mon Mar 20 17:59:01 2023        0.43 cpu,        0.43 elapsed
