node106.cluster
Error: segmentation violation
   rax 0000000000000000, rbx ffffffffffffffff, rcx ffffffffffffffff
   rdx 0000000000026658, rsp 00007fff7d3ac288, rbp 00007fff7d3ac800
   rsi 000000000000000b, rdi 0000000000026658, r8  0000000000000020
   r9  0000000000000401, r10 00007fff7d3abce0, r11 0000000000000206
   r12 00007fff7d3ac848, r13 0000000000000000, r14 0000000000000000
   r15 00000000000003e6
  /lib64/libpthread.so.0(+0xf6d0) [0x2b62688ca6d0]
  /lib64/libc.so.6(kill+0x7) [0x2b6268e0f547]
  /opt/cluster/programs/g16-c.01/g16/l1.exe() [0x4b8975]
  /opt/cluster/programs/g16-c.01/g16/l1.exe() [0x4f867a]
  /opt/cluster/programs/g16-c.01/g16/l1.exe() [0x4d56ab]
  /opt/cluster/programs/g16-c.01/g16/l1.exe() [0x41d5c6]
  /opt/cluster/programs/g16-c.01/g16/l1.exe() [0x410c4c]
  /opt/cluster/programs/g16-c.01/g16/l1.exe() [0x40d185]
  /opt/cluster/programs/g16-c.01/g16/l1.exe() [0x40cbd7]
  /opt/cluster/programs/g16-c.01/g16/l1.exe() [0x40cb24]
  /lib64/libc.so.6(__libc_start_main+0xf5) [0x2b6268dfb445]
  /opt/cluster/programs/g16-c.01/g16/l1.exe() [0x407269]
 Read checkpoint file gaussian_119_water_hf_adz2.chk type Unk
 Write formatted file gaussian_119_water_hf_adz2.fchk
 Will use up to     0 threads.
 Top CubeGen          Mon Feb 20 10:10:47 2023
 Aft UFChkP           Mon Feb 20 10:10:47 2023        0.07 cpu,        0.07 elapsed
 Could not find " ","Total SCF Density" on formatted checkpoint file.
 Error termination via Lnk1e at Mon Feb 20 10:10:47 2023.
Error: segmentation violation
   rax 0000000000000000, rbx 00000000058b0be0, rcx ffffffffffffffff
   rdx 0000000000026697, rsp 00007ffca36c5368, rbp 00007ffca36c53c0
   rsi 000000000000000b, rdi 0000000000026697, r8  00002b81a5d89ac0
   r9  00002b81a5d89ac0, r10 00007ffca36c4de0, r11 0000000000000202
   r12 00000000058aeb0b, r13 000000000697d288, r14 00000000058aeec0
   r15 00007ffca36c7600
  /lib64/libpthread.so.0(+0xf6d0) [0x2b81a62836d0]
  /lib64/libc.so.6(kill+0x7) [0x2b81a67c8547]
  /opt/cluster/programs/g16-c.01/g16/cubegen() [0x40fe24]
  /lib64/libc.so.6(__libc_start_main+0xf5) [0x2b81a67b4445]
/var/spool/slurm//job7311817/slurm_script: line 57: 157335 Aborted                 $g16root/g16/cubegen 0 Density $FCKFILE $DNSFILE -2 h
 Will use up to     0 threads.
 Top CubeGen          Mon Feb 20 10:10:48 2023
 Aft UFChkP           Mon Feb 20 10:10:48 2023        0.06 cpu,        0.07 elapsed
 Could not find " ","Total SCF Density" on formatted checkpoint file.
 Error termination via Lnk1e at Mon Feb 20 10:10:48 2023.
Error: segmentation violation
   rax 0000000000000000, rbx 00000000058b0be0, rcx ffffffffffffffff
   rdx 00000000000266c6, rsp 00007ffc6edbc6b8, rbp 00007ffc6edbc710
   rsi 000000000000000b, rdi 00000000000266c6, r8  00002b62571ceac0
   r9  00002b62571ceac0, r10 00007ffc6edbc120, r11 0000000000000206
   r12 00000000058aeb0b, r13 000000000697d288, r14 00000000058aeec0
   r15 00007ffc6edbe950
  /lib64/libpthread.so.0(+0xf6d0) [0x2b62576c86d0]
  /lib64/libc.so.6(kill+0x7) [0x2b6257c0d547]
  /opt/cluster/programs/g16-c.01/g16/cubegen() [0x40fe24]
  /lib64/libc.so.6(__libc_start_main+0xf5) [0x2b6257bf9445]
/var/spool/slurm//job7311817/slurm_script: line 60: 157382 Aborted                 $g16root/g16/cubegen 0 Potential $FCKFILE $ESPFILE -2 h
cp: cannot stat ‘gaussian_119_water_hf_adz2_dens.cube’: No such file or directory
cp: cannot stat ‘gaussian_119_water_hf_adz2_esp.cube’: No such file or directory
