node106.cluster
Error: segmentation violation
   rax 0000000000000000, rbx ffffffffffffffff, rcx ffffffffffffffff
   rdx 00000000000258e1, rsp 00007ffd44589d18, rbp 00007ffd4458a290
   rsi 000000000000000b, rdi 00000000000258e1, r8  0000000000000020
   r9  0000000000000401, r10 00007ffd445897a0, r11 0000000000000206
   r12 00007ffd4458a2d8, r13 0000000000000000, r14 0000000000000000
   r15 00000000000003e6
  /lib64/libpthread.so.0(+0xf6d0) [0x2b8e333a26d0]
  /lib64/libc.so.6(kill+0x7) [0x2b8e338e7547]
  /opt/cluster/programs/g16-c.01/g16/l1.exe() [0x4b8975]
  /opt/cluster/programs/g16-c.01/g16/l1.exe() [0x4f867a]
  /opt/cluster/programs/g16-c.01/g16/l1.exe() [0x4d56ab]
  /opt/cluster/programs/g16-c.01/g16/l1.exe() [0x41d5c6]
  /opt/cluster/programs/g16-c.01/g16/l1.exe() [0x410c4c]
  /opt/cluster/programs/g16-c.01/g16/l1.exe() [0x40d185]
  /opt/cluster/programs/g16-c.01/g16/l1.exe() [0x40cbd7]
  /opt/cluster/programs/g16-c.01/g16/l1.exe() [0x40cb24]
  /lib64/libc.so.6(__libc_start_main+0xf5) [0x2b8e338d3445]
  /opt/cluster/programs/g16-c.01/g16/l1.exe() [0x407269]
 Read checkpoint file gaussian_158_water_hf_adz.chk type Unk
 Write formatted file gaussian_158_water_hf_adz.fchk
 Will use up to     0 threads.
 Top CubeGen          Mon Feb 20 10:08:00 2023
 Aft UFChkP           Mon Feb 20 10:08:00 2023        0.07 cpu,        0.07 elapsed
 Could not find " ","Total SCF Density" on formatted checkpoint file.
 Error termination via Lnk1e at Mon Feb 20 10:08:00 2023.
Error: segmentation violation
   rax 0000000000000000, rbx 00000000058b0be0, rcx ffffffffffffffff
   rdx 0000000000025939, rsp 00007ffeff843138, rbp 00007ffeff843190
   rsi 000000000000000b, rdi 0000000000025939, r8  00002af7d3ba7ac0
   r9  00002af7d3ba7ac0, r10 00007ffeff842ba0, r11 0000000000000202
   r12 00000000058aeb0b, r13 000000000697d288, r14 00000000058aeec0
   r15 00007ffeff8453d0
  /lib64/libpthread.so.0(+0xf6d0) [0x2af7d40a16d0]
  /lib64/libc.so.6(kill+0x7) [0x2af7d45e6547]
  /opt/cluster/programs/g16-c.01/g16/cubegen() [0x40fe24]
  /lib64/libc.so.6(__libc_start_main+0xf5) [0x2af7d45d2445]
/var/spool/slurm//job7311676/slurm_script: line 57: 153913 Aborted                 $g16root/g16/cubegen 0 Density $FCKFILE $DNSFILE -2 h
 Will use up to     0 threads.
 Top CubeGen          Mon Feb 20 10:08:00 2023
 Aft UFChkP           Mon Feb 20 10:08:00 2023        0.07 cpu,        0.07 elapsed
 Could not find " ","Total SCF Density" on formatted checkpoint file.
 Error termination via Lnk1e at Mon Feb 20 10:08:00 2023.
Error: segmentation violation
   rax 0000000000000000, rbx 00000000058b0be0, rcx ffffffffffffffff
   rdx 0000000000025969, rsp 00007ffdd2b1c788, rbp 00007ffdd2b1c7e0
   rsi 000000000000000b, rdi 0000000000025969, r8  00002aedf43feac0
   r9  00002aedf43feac0, r10 00007ffdd2b1c1e0, r11 0000000000000206
   r12 00000000058aeb0b, r13 000000000697d288, r14 00000000058aeec0
   r15 00007ffdd2b1ea20
  /lib64/libpthread.so.0(+0xf6d0) [0x2aedf48f86d0]
  /lib64/libc.so.6(kill+0x7) [0x2aedf4e3d547]
  /opt/cluster/programs/g16-c.01/g16/cubegen() [0x40fe24]
  /lib64/libc.so.6(__libc_start_main+0xf5) [0x2aedf4e29445]
/var/spool/slurm//job7311676/slurm_script: line 60: 153961 Aborted                 $g16root/g16/cubegen 0 Potential $FCKFILE $ESPFILE -2 h
cp: cannot stat ‘gaussian_158_water_hf_adz_dens.cube’: No such file or directory
cp: cannot stat ‘gaussian_158_water_hf_adz_esp.cube’: No such file or directory
