node102.cluster
Error: segmentation violation
   rax 0000000000000000, rbx ffffffffffffffff, rcx ffffffffffffffff
   rdx 000000000002e3b2, rsp 00007ffd5c82fb28, rbp 00007ffd5c8300a0
   rsi 000000000000000b, rdi 000000000002e3b2, r8  0000000000000020
   r9  0000000000000401, r10 00007ffd5c82f5a0, r11 0000000000000206
   r12 00007ffd5c8300e8, r13 0000000000000000, r14 0000000000000000
   r15 00000000000003e6
  /lib64/libpthread.so.0(+0xf6d0) [0x2ac8bf5696d0]
  /lib64/libc.so.6(kill+0x7) [0x2ac8bfaae547]
  /opt/cluster/programs/g16-c.01/g16/l1.exe() [0x4b8975]
  /opt/cluster/programs/g16-c.01/g16/l1.exe() [0x4f867a]
  /opt/cluster/programs/g16-c.01/g16/l1.exe() [0x4d56ab]
  /opt/cluster/programs/g16-c.01/g16/l1.exe() [0x41d5c6]
  /opt/cluster/programs/g16-c.01/g16/l1.exe() [0x410c4c]
  /opt/cluster/programs/g16-c.01/g16/l1.exe() [0x40d185]
  /opt/cluster/programs/g16-c.01/g16/l1.exe() [0x40cbd7]
  /opt/cluster/programs/g16-c.01/g16/l1.exe() [0x40cb24]
  /lib64/libc.so.6(__libc_start_main+0xf5) [0x2ac8bfa9a445]
  /opt/cluster/programs/g16-c.01/g16/l1.exe() [0x407269]
 Read checkpoint file gaussian_100_water_hf_adz2.chk type Unk
 Write formatted file gaussian_100_water_hf_adz2.fchk
 Will use up to     0 threads.
 Top CubeGen          Mon Feb 20 10:10:38 2023
 Aft UFChkP           Mon Feb 20 10:10:38 2023        0.06 cpu,        0.07 elapsed
 Could not find " ","Total SCF Density" on formatted checkpoint file.
 Error termination via Lnk1e at Mon Feb 20 10:10:38 2023.
Error: segmentation violation
   rax 0000000000000000, rbx 00000000058b0be0, rcx ffffffffffffffff
   rdx 000000000002e3c4, rsp 00007ffe5374acc8, rbp 00007ffe5374ad20
   rsi 000000000000000b, rdi 000000000002e3c4, r8  00002ae56d7c3ac0
   r9  00002ae56d7c3ac0, r10 00007ffe5374a720, r11 0000000000000202
   r12 00000000058aeb0b, r13 000000000697d288, r14 00000000058aeec0
   r15 00007ffe5374cf60
  /lib64/libpthread.so.0(+0xf6d0) [0x2ae56dcbd6d0]
  /lib64/libc.so.6(kill+0x7) [0x2ae56e202547]
  /opt/cluster/programs/g16-c.01/g16/cubegen() [0x40fe24]
  /lib64/libc.so.6(__libc_start_main+0xf5) [0x2ae56e1ee445]
/var/spool/slurm//job7311798/slurm_script: line 57: 189380 Aborted                 $g16root/g16/cubegen 0 Density $FCKFILE $DNSFILE -2 h
 Will use up to     0 threads.
 Top CubeGen          Mon Feb 20 10:10:38 2023
 Aft UFChkP           Mon Feb 20 10:10:38 2023        0.06 cpu,        0.07 elapsed
 Could not find " ","Total SCF Density" on formatted checkpoint file.
 Error termination via Lnk1e at Mon Feb 20 10:10:38 2023.
Error: segmentation violation
   rax 0000000000000000, rbx 00000000058b0be0, rcx ffffffffffffffff
   rdx 000000000002e3d0, rsp 00007ffecc436018, rbp 00007ffecc436070
   rsi 000000000000000b, rdi 000000000002e3d0, r8  00002b5656fc8ac0
   r9  00002b5656fc8ac0, r10 00007ffecc435aa0, r11 0000000000000206
   r12 00000000058aeb0b, r13 000000000697d288, r14 00000000058aeec0
   r15 00007ffecc4382b0
  /lib64/libpthread.so.0(+0xf6d0) [0x2b56574c26d0]
  /lib64/libc.so.6(kill+0x7) [0x2b5657a07547]
  /opt/cluster/programs/g16-c.01/g16/cubegen() [0x40fe24]
  /lib64/libc.so.6(__libc_start_main+0xf5) [0x2b56579f3445]
/var/spool/slurm//job7311798/slurm_script: line 60: 189392 Aborted                 $g16root/g16/cubegen 0 Potential $FCKFILE $ESPFILE -2 h
cp: cannot stat ‘gaussian_100_water_hf_adz2_dens.cube’: No such file or directory
cp: cannot stat ‘gaussian_100_water_hf_adz2_esp.cube’: No such file or directory
