node102.cluster
Error: segmentation violation
   rax 0000000000000000, rbx ffffffffffffffff, rcx ffffffffffffffff
   rdx 000000000002dbfc, rsp 00007ffe425104e8, rbp 00007ffe42510a60
   rsi 000000000000000b, rdi 000000000002dbfc, r8  0000000000000020
   r9  0000000000000401, r10 00007ffe4250ff60, r11 0000000000000206
   r12 00007ffe42510aa8, r13 0000000000000000, r14 0000000000000000
   r15 00000000000003e6
  /lib64/libpthread.so.0(+0xf6d0) [0x2b71d34ae6d0]
  /lib64/libc.so.6(kill+0x7) [0x2b71d39f3547]
  /opt/cluster/programs/g16-c.01/g16/l1.exe() [0x4b8975]
  /opt/cluster/programs/g16-c.01/g16/l1.exe() [0x4f867a]
  /opt/cluster/programs/g16-c.01/g16/l1.exe() [0x4d56ab]
  /opt/cluster/programs/g16-c.01/g16/l1.exe() [0x41d5c6]
  /opt/cluster/programs/g16-c.01/g16/l1.exe() [0x410c4c]
  /opt/cluster/programs/g16-c.01/g16/l1.exe() [0x40d185]
  /opt/cluster/programs/g16-c.01/g16/l1.exe() [0x40cbd7]
  /opt/cluster/programs/g16-c.01/g16/l1.exe() [0x40cb24]
  /lib64/libc.so.6(__libc_start_main+0xf5) [0x2b71d39df445]
  /opt/cluster/programs/g16-c.01/g16/l1.exe() [0x407269]
 Read checkpoint file gaussian_11_water_hf_adz.chk type Unk
 Write formatted file gaussian_11_water_hf_adz.fchk
 Will use up to     0 threads.
 Top CubeGen          Mon Feb 20 10:05:38 2023
 Aft UFChkP           Mon Feb 20 10:05:38 2023        0.06 cpu,        0.07 elapsed
 Could not find " ","Total SCF Density" on formatted checkpoint file.
 Error termination via Lnk1e at Mon Feb 20 10:05:38 2023.
Error: segmentation violation
   rax 0000000000000000, rbx 00000000058b0be0, rcx ffffffffffffffff
   rdx 000000000002dc0e, rsp 00007ffea3ee0458, rbp 00007ffea3ee04b0
   rsi 000000000000000b, rdi 000000000002dc0e, r8  00002b1733036ac0
   r9  00002b1733036ac0, r10 00007ffea3edfee0, r11 0000000000000202
   r12 00000000058aeb0b, r13 000000000697d288, r14 00000000058aeec0
   r15 00007ffea3ee26f0
  /lib64/libpthread.so.0(+0xf6d0) [0x2b17335306d0]
  /lib64/libc.so.6(kill+0x7) [0x2b1733a75547]
  /opt/cluster/programs/g16-c.01/g16/cubegen() [0x40fe24]
  /lib64/libc.so.6(__libc_start_main+0xf5) [0x2b1733a61445]
/var/spool/slurm//job7311529/slurm_script: line 57: 187406 Aborted                 $g16root/g16/cubegen 0 Density $FCKFILE $DNSFILE -2 h
 Will use up to     0 threads.
 Top CubeGen          Mon Feb 20 10:05:38 2023
 Aft UFChkP           Mon Feb 20 10:05:38 2023        0.07 cpu,        0.07 elapsed
 Could not find " ","Total SCF Density" on formatted checkpoint file.
 Error termination via Lnk1e at Mon Feb 20 10:05:38 2023.
Error: segmentation violation
   rax 0000000000000000, rbx 00000000058b0be0, rcx ffffffffffffffff
   rdx 000000000002dc1a, rsp 00007ffd2b3aa3a8, rbp 00007ffd2b3aa400
   rsi 000000000000000b, rdi 000000000002dc1a, r8  00002b83a94c7ac0
   r9  00002b83a94c7ac0, r10 00007ffd2b3a9e20, r11 0000000000000202
   r12 00000000058aeb0b, r13 000000000697d288, r14 00000000058aeec0
   r15 00007ffd2b3ac640
  /lib64/libpthread.so.0(+0xf6d0) [0x2b83a99c16d0]
  /lib64/libc.so.6(kill+0x7) [0x2b83a9f06547]
  /opt/cluster/programs/g16-c.01/g16/cubegen() [0x40fe24]
  /lib64/libc.so.6(__libc_start_main+0xf5) [0x2b83a9ef2445]
/var/spool/slurm//job7311529/slurm_script: line 60: 187418 Aborted                 $g16root/g16/cubegen 0 Potential $FCKFILE $ESPFILE -2 h
cp: cannot stat ‘gaussian_11_water_hf_adz_dens.cube’: No such file or directory
cp: cannot stat ‘gaussian_11_water_hf_adz_esp.cube’: No such file or directory
