node105.cluster
Error: segmentation violation
   rax 0000000000000000, rbx ffffffffffffffff, rcx ffffffffffffffff
   rdx 000000000002ab8d, rsp 00007ffecbfc4be8, rbp 00007ffecbfc5160
   rsi 000000000000000b, rdi 000000000002ab8d, r8  0000000000000020
   r9  0000000000000401, r10 00007ffecbfc4660, r11 0000000000000206
   r12 00007ffecbfc51a8, r13 0000000000000000, r14 0000000000000000
   r15 00000000000003e6
  /lib64/libpthread.so.0(+0xf6d0) [0x2b7e964586d0]
  /lib64/libc.so.6(kill+0x7) [0x2b7e9699d547]
  /opt/cluster/programs/g16-c.01/g16/l1.exe() [0x4b8975]
  /opt/cluster/programs/g16-c.01/g16/l1.exe() [0x4f867a]
  /opt/cluster/programs/g16-c.01/g16/l1.exe() [0x4d56ab]
  /opt/cluster/programs/g16-c.01/g16/l1.exe() [0x41d5c6]
  /opt/cluster/programs/g16-c.01/g16/l1.exe() [0x410c4c]
  /opt/cluster/programs/g16-c.01/g16/l1.exe() [0x40d185]
  /opt/cluster/programs/g16-c.01/g16/l1.exe() [0x40cbd7]
  /opt/cluster/programs/g16-c.01/g16/l1.exe() [0x40cb24]
  /lib64/libc.so.6(__libc_start_main+0xf5) [0x2b7e96989445]
  /opt/cluster/programs/g16-c.01/g16/l1.exe() [0x407269]
 Read checkpoint file gaussian_144_water_hf_adz.chk type Unk
 Write formatted file gaussian_144_water_hf_adz.fchk
 Will use up to     0 threads.
 Top CubeGen          Mon Feb 20 10:07:50 2023
 Aft UFChkP           Mon Feb 20 10:07:50 2023        0.07 cpu,        0.07 elapsed
 Could not find " ","Total SCF Density" on formatted checkpoint file.
 Error termination via Lnk1e at Mon Feb 20 10:07:50 2023.
Error: segmentation violation
   rax 0000000000000000, rbx 00000000058b0be0, rcx ffffffffffffffff
   rdx 000000000002abe6, rsp 00007ffe6e906da8, rbp 00007ffe6e906e00
   rsi 000000000000000b, rdi 000000000002abe6, r8  00002ab6ae7f3ac0
   r9  00002ab6ae7f3ac0, r10 00007ffe6e906820, r11 0000000000000202
   r12 00000000058aeb0b, r13 000000000697d288, r14 00000000058aeec0
   r15 00007ffe6e909040
  /lib64/libpthread.so.0(+0xf6d0) [0x2ab6aeced6d0]
  /lib64/libc.so.6(kill+0x7) [0x2ab6af232547]
  /opt/cluster/programs/g16-c.01/g16/cubegen() [0x40fe24]
  /lib64/libc.so.6(__libc_start_main+0xf5) [0x2ab6af21e445]
/var/spool/slurm//job7311662/slurm_script: line 57: 175078 Aborted                 $g16root/g16/cubegen 0 Density $FCKFILE $DNSFILE -2 h
 Will use up to     0 threads.
 Top CubeGen          Mon Feb 20 10:07:50 2023
 Aft UFChkP           Mon Feb 20 10:07:50 2023        0.07 cpu,        0.07 elapsed
 Could not find " ","Total SCF Density" on formatted checkpoint file.
 Error termination via Lnk1e at Mon Feb 20 10:07:50 2023.
Error: segmentation violation
   rax 0000000000000000, rbx 00000000058b0be0, rcx ffffffffffffffff
   rdx 000000000002ac16, rsp 00007ffef737f6a8, rbp 00007ffef737f700
   rsi 000000000000000b, rdi 000000000002ac16, r8  00002b3750f37ac0
   r9  00002b3750f37ac0, r10 00007ffef737f120, r11 0000000000000202
   r12 00000000058aeb0b, r13 000000000697d288, r14 00000000058aeec0
   r15 00007ffef7381940
  /lib64/libpthread.so.0(+0xf6d0) [0x2b37514316d0]
  /lib64/libc.so.6(kill+0x7) [0x2b3751976547]
  /opt/cluster/programs/g16-c.01/g16/cubegen() [0x40fe24]
  /lib64/libc.so.6(__libc_start_main+0xf5) [0x2b3751962445]
/var/spool/slurm//job7311662/slurm_script: line 60: 175126 Aborted                 $g16root/g16/cubegen 0 Potential $FCKFILE $ESPFILE -2 h
cp: cannot stat ‘gaussian_144_water_hf_adz_dens.cube’: No such file or directory
cp: cannot stat ‘gaussian_144_water_hf_adz_esp.cube’: No such file or directory
