node105.cluster
Error: segmentation violation
   rax 0000000000000000, rbx ffffffffffffffff, rcx ffffffffffffffff
   rdx 000000000002b868, rsp 00007ffe23d874b8, rbp 00007ffe23d87a30
   rsi 000000000000000b, rdi 000000000002b868, r8  0000000000000020
   r9  0000000000000401, r10 00007ffe23d86f20, r11 0000000000000206
   r12 00007ffe23d87a78, r13 0000000000000000, r14 0000000000000000
   r15 00000000000003e6
  /lib64/libpthread.so.0(+0xf6d0) [0x2ae30ebb26d0]
  /lib64/libc.so.6(kill+0x7) [0x2ae30f0f7547]
  /opt/cluster/programs/g16-c.01/g16/l1.exe() [0x4b8975]
  /opt/cluster/programs/g16-c.01/g16/l1.exe() [0x4f867a]
  /opt/cluster/programs/g16-c.01/g16/l1.exe() [0x4d56ab]
  /opt/cluster/programs/g16-c.01/g16/l1.exe() [0x41d5c6]
  /opt/cluster/programs/g16-c.01/g16/l1.exe() [0x410c4c]
  /opt/cluster/programs/g16-c.01/g16/l1.exe() [0x40d185]
  /opt/cluster/programs/g16-c.01/g16/l1.exe() [0x40cbd7]
  /opt/cluster/programs/g16-c.01/g16/l1.exe() [0x40cb24]
  /lib64/libc.so.6(__libc_start_main+0xf5) [0x2ae30f0e3445]
  /opt/cluster/programs/g16-c.01/g16/l1.exe() [0x407269]
 Read checkpoint file gaussian_93_water_hf_adz2.chk type Unk
 Write formatted file gaussian_93_water_hf_adz2.fchk
 Will use up to     0 threads.
 Top CubeGen          Mon Feb 20 10:10:26 2023
 Aft UFChkP           Mon Feb 20 10:10:26 2023        0.07 cpu,        0.08 elapsed
 Could not find " ","Total SCF Density" on formatted checkpoint file.
 Error termination via Lnk1e at Mon Feb 20 10:10:26 2023.
Error: segmentation violation
   rax 0000000000000000, rbx 00000000058b0be0, rcx ffffffffffffffff
   rdx 000000000002b8c3, rsp 00007ffe3bb730a8, rbp 00007ffe3bb73100
   rsi 000000000000000b, rdi 000000000002b8c3, r8  00002b16270a3ac0
   r9  00002b16270a3ac0, r10 00007ffe3bb72b20, r11 0000000000000202
   r12 00000000058aeb0b, r13 000000000697d288, r14 00000000058aeec0
   r15 00007ffe3bb75340
  /lib64/libpthread.so.0(+0xf6d0) [0x2b162759d6d0]
  /lib64/libc.so.6(kill+0x7) [0x2b1627ae2547]
  /opt/cluster/programs/g16-c.01/g16/cubegen() [0x40fe24]
  /lib64/libc.so.6(__libc_start_main+0xf5) [0x2b1627ace445]
/var/spool/slurm//job7311791/slurm_script: line 57: 178371 Aborted                 $g16root/g16/cubegen 0 Density $FCKFILE $DNSFILE -2 h
 Will use up to     0 threads.
 Top CubeGen          Mon Feb 20 10:10:26 2023
 Aft UFChkP           Mon Feb 20 10:10:27 2023        0.07 cpu,        0.07 elapsed
 Could not find " ","Total SCF Density" on formatted checkpoint file.
 Error termination via Lnk1e at Mon Feb 20 10:10:27 2023.
Error: segmentation violation
   rax 0000000000000000, rbx 00000000058b0be0, rcx ffffffffffffffff
   rdx 000000000002b8f1, rsp 00007ffe79c305a8, rbp 00007ffe79c30600
   rsi 000000000000000b, rdi 000000000002b8f1, r8  00002ab3527c5ac0
   r9  00002ab3527c5ac0, r10 00007ffe79c30020, r11 0000000000000202
   r12 00000000058aeb0b, r13 000000000697d288, r14 00000000058aeec0
   r15 00007ffe79c32840
  /lib64/libpthread.so.0(+0xf6d0) [0x2ab352cbf6d0]
  /lib64/libc.so.6(kill+0x7) [0x2ab353204547]
  /opt/cluster/programs/g16-c.01/g16/cubegen() [0x40fe24]
  /lib64/libc.so.6(__libc_start_main+0xf5) [0x2ab3531f0445]
/var/spool/slurm//job7311791/slurm_script: line 60: 178417 Aborted                 $g16root/g16/cubegen 0 Potential $FCKFILE $ESPFILE -2 h
cp: cannot stat ‘gaussian_93_water_hf_adz2_dens.cube’: No such file or directory
cp: cannot stat ‘gaussian_93_water_hf_adz2_esp.cube’: No such file or directory
