node105.cluster
Error: segmentation violation
   rax 0000000000000000, rbx ffffffffffffffff, rcx ffffffffffffffff
   rdx 000000000002a6a8, rsp 00007ffd1fcef3c8, rbp 00007ffd1fcef940
   rsi 000000000000000b, rdi 000000000002a6a8, r8  0000000000000020
   r9  0000000000000401, r10 00007ffd1fceee20, r11 0000000000000202
   r12 00007ffd1fcef988, r13 0000000000000000, r14 0000000000000000
   r15 00000000000003e6
  /lib64/libpthread.so.0(+0xf6d0) [0x2afc977416d0]
  /lib64/libc.so.6(kill+0x7) [0x2afc97c86547]
  /opt/cluster/programs/g16-c.01/g16/l1.exe() [0x4b8975]
  /opt/cluster/programs/g16-c.01/g16/l1.exe() [0x4f867a]
  /opt/cluster/programs/g16-c.01/g16/l1.exe() [0x4d56ab]
  /opt/cluster/programs/g16-c.01/g16/l1.exe() [0x41d5c6]
  /opt/cluster/programs/g16-c.01/g16/l1.exe() [0x410c4c]
  /opt/cluster/programs/g16-c.01/g16/l1.exe() [0x40d185]
  /opt/cluster/programs/g16-c.01/g16/l1.exe() [0x40cbd7]
  /opt/cluster/programs/g16-c.01/g16/l1.exe() [0x40cb24]
  /lib64/libc.so.6(__libc_start_main+0xf5) [0x2afc97c72445]
  /opt/cluster/programs/g16-c.01/g16/l1.exe() [0x407269]
 Read checkpoint file gaussian_93_water_hf_adz.chk type Unk
 Write formatted file gaussian_93_water_hf_adz.fchk
 Will use up to     0 threads.
 Top CubeGen          Mon Feb 20 10:06:59 2023
 Aft UFChkP           Mon Feb 20 10:06:59 2023        0.07 cpu,        0.07 elapsed
 Could not find " ","Total SCF Density" on formatted checkpoint file.
 Error termination via Lnk1e at Mon Feb 20 10:06:59 2023.
Error: segmentation violation
   rax 0000000000000000, rbx 00000000058b0be0, rcx ffffffffffffffff
   rdx 000000000002a6fb, rsp 00007ffc4df8a468, rbp 00007ffc4df8a4c0
   rsi 000000000000000b, rdi 000000000002a6fb, r8  00002afda3ac5ac0
   r9  00002afda3ac5ac0, r10 00007ffc4df89ee0, r11 0000000000000202
   r12 00000000058aeb0b, r13 000000000697d288, r14 00000000058aeec0
   r15 00007ffc4df8c700
  /lib64/libpthread.so.0(+0xf6d0) [0x2afda3fbf6d0]
  /lib64/libc.so.6(kill+0x7) [0x2afda4504547]
  /opt/cluster/programs/g16-c.01/g16/cubegen() [0x40fe24]
  /lib64/libc.so.6(__libc_start_main+0xf5) [0x2afda44f0445]
/var/spool/slurm//job7311611/slurm_script: line 57: 173819 Aborted                 $g16root/g16/cubegen 0 Density $FCKFILE $DNSFILE -2 h
 Will use up to     0 threads.
 Top CubeGen          Mon Feb 20 10:06:59 2023
 Aft UFChkP           Mon Feb 20 10:06:59 2023        0.07 cpu,        0.07 elapsed
 Could not find " ","Total SCF Density" on formatted checkpoint file.
 Error termination via Lnk1e at Mon Feb 20 10:06:59 2023.
Error: segmentation violation
   rax 0000000000000000, rbx 00000000058b0be0, rcx ffffffffffffffff
   rdx 000000000002a729, rsp 00007fff4a558938, rbp 00007fff4a558990
   rsi 000000000000000b, rdi 000000000002a729, r8  00002ad559dc7ac0
   r9  00002ad559dc7ac0, r10 00007fff4a5583a0, r11 0000000000000202
   r12 00000000058aeb0b, r13 000000000697d288, r14 00000000058aeec0
   r15 00007fff4a55abd0
  /lib64/libpthread.so.0(+0xf6d0) [0x2ad55a2c16d0]
  /lib64/libc.so.6(kill+0x7) [0x2ad55a806547]
  /opt/cluster/programs/g16-c.01/g16/cubegen() [0x40fe24]
  /lib64/libc.so.6(__libc_start_main+0xf5) [0x2ad55a7f2445]
/var/spool/slurm//job7311611/slurm_script: line 60: 173865 Aborted                 $g16root/g16/cubegen 0 Potential $FCKFILE $ESPFILE -2 h
cp: cannot stat ‘gaussian_93_water_hf_adz_dens.cube’: No such file or directory
cp: cannot stat ‘gaussian_93_water_hf_adz_esp.cube’: No such file or directory
