node89.cluster
 Read checkpoint file gaussian_109_water_pbe0_adz.chk type G16
 Write formatted file gaussian_109_water_pbe0_adz.fchk
 FChkPn:  Coordinates translated and rotated.
 FChkPn:  Coordinates match /B/ after translation and rotation.
 Will use up to     0 threads.
 Top CubeGen          Wed Mar 29 21:52:22 2023
 Aft UFChkP           Wed Mar 29 21:52:22 2023        0.14 cpu,        0.14 elapsed
 Aft DecCub           Wed Mar 29 21:52:22 2023        0.01 cpu,        0.01 elapsed
 Aft Density          Wed Mar 29 21:52:22 2023        0.00 cpu,        0.00 elapsed
 Bef DoCube           Wed Mar 29 21:52:22 2023        0.00 cpu,        0.00 elapsed
 There are a total of       29791 grid points.
 ElSum from          density=        8.1611662304
 Aft DoCube           Wed Mar 29 21:52:22 2023        0.08 cpu,        0.08 elapsed
 Will use up to     0 threads.
 Top CubeGen          Wed Mar 29 21:52:22 2023
 Aft UFChkP           Wed Mar 29 21:52:23 2023        0.14 cpu,        0.15 elapsed
 Aft DecCub           Wed Mar 29 21:52:23 2023        0.01 cpu,        0.00 elapsed
 Aft Density          Wed Mar 29 21:52:23 2023        0.00 cpu,        0.00 elapsed
 Bef DoCube           Wed Mar 29 21:52:23 2023        0.00 cpu,        0.00 elapsed
 There are a total of       29791 grid points.
 ElSum from          density=       13.6086692629
 Aft DoCube           Wed Mar 29 21:52:23 2023        0.46 cpu,        0.47 elapsed
