node106.cluster
Error: segmentation violation
   rax 0000000000000000, rbx ffffffffffffffff, rcx ffffffffffffffff
   rdx 00000000000261aa, rsp 00007ffc8b36ee68, rbp 00007ffc8b36f3e0
   rsi 000000000000000b, rdi 00000000000261aa, r8  0000000000000020
   r9  0000000000000401, r10 00007ffc8b36e8e0, r11 0000000000000202
   r12 00007ffc8b36f428, r13 0000000000000000, r14 0000000000000000
   r15 00000000000003e6
  /lib64/libpthread.so.0(+0xf6d0) [0x2b57d5bf26d0]
  /lib64/libc.so.6(kill+0x7) [0x2b57d6137547]
  /opt/cluster/programs/g16-c.01/g16/l1.exe() [0x4b8975]
  /opt/cluster/programs/g16-c.01/g16/l1.exe() [0x4f867a]
  /opt/cluster/programs/g16-c.01/g16/l1.exe() [0x4d56ab]
  /opt/cluster/programs/g16-c.01/g16/l1.exe() [0x41d5c6]
  /opt/cluster/programs/g16-c.01/g16/l1.exe() [0x410c4c]
  /opt/cluster/programs/g16-c.01/g16/l1.exe() [0x40d185]
  /opt/cluster/programs/g16-c.01/g16/l1.exe() [0x40cbd7]
  /opt/cluster/programs/g16-c.01/g16/l1.exe() [0x40cb24]
  /lib64/libc.so.6(__libc_start_main+0xf5) [0x2b57d6123445]
  /opt/cluster/programs/g16-c.01/g16/l1.exe() [0x407269]
 Read checkpoint file gaussian_69_water_hf_adz2.chk type Unk
 Write formatted file gaussian_69_water_hf_adz2.fchk
 Will use up to     0 threads.
 Top CubeGen          Mon Feb 20 10:09:56 2023
 Aft UFChkP           Mon Feb 20 10:09:56 2023        0.06 cpu,        0.07 elapsed
 Could not find " ","Total SCF Density" on formatted checkpoint file.
 Error termination via Lnk1e at Mon Feb 20 10:09:56 2023.
Error: segmentation violation
   rax 0000000000000000, rbx 00000000058b0be0, rcx ffffffffffffffff
   rdx 00000000000261e9, rsp 00007ffc077ac5f8, rbp 00007ffc077ac650
   rsi 000000000000000b, rdi 00000000000261e9, r8  00002ad0b708aac0
   r9  00002ad0b708aac0, r10 00007ffc077ac060, r11 0000000000000202
   r12 00000000058aeb0b, r13 000000000697d288, r14 00000000058aeec0
   r15 00007ffc077ae890
  /lib64/libpthread.so.0(+0xf6d0) [0x2ad0b75846d0]
  /lib64/libc.so.6(kill+0x7) [0x2ad0b7ac9547]
  /opt/cluster/programs/g16-c.01/g16/cubegen() [0x40fe24]
  /lib64/libc.so.6(__libc_start_main+0xf5) [0x2ad0b7ab5445]
/var/spool/slurm//job7311767/slurm_script: line 57: 156137 Aborted                 $g16root/g16/cubegen 0 Density $FCKFILE $DNSFILE -2 h
 Will use up to     0 threads.
 Top CubeGen          Mon Feb 20 10:09:56 2023
 Aft UFChkP           Mon Feb 20 10:09:57 2023        0.07 cpu,        0.07 elapsed
 Could not find " ","Total SCF Density" on formatted checkpoint file.
 Error termination via Lnk1e at Mon Feb 20 10:09:57 2023.
Error: segmentation violation
   rax 0000000000000000, rbx 00000000058b0be0, rcx ffffffffffffffff
   rdx 0000000000026218, rsp 00007fffd8d05518, rbp 00007fffd8d05570
   rsi 000000000000000b, rdi 0000000000026218, r8  00002af6cb810ac0
   r9  00002af6cb810ac0, r10 00007fffd8d04fa0, r11 0000000000000206
   r12 00000000058aeb0b, r13 000000000697d288, r14 00000000058aeec0
   r15 00007fffd8d077b0
  /lib64/libpthread.so.0(+0xf6d0) [0x2af6cbd086d0]
  /lib64/libc.so.6(kill+0x7) [0x2af6cc24d547]
  /opt/cluster/programs/g16-c.01/g16/cubegen() [0x40fe24]
  /lib64/libc.so.6(__libc_start_main+0xf5) [0x2af6cc239445]
/var/spool/slurm//job7311767/slurm_script: line 60: 156184 Aborted                 $g16root/g16/cubegen 0 Potential $FCKFILE $ESPFILE -2 h
cp: cannot stat ‘gaussian_69_water_hf_adz2_dens.cube’: No such file or directory
cp: cannot stat ‘gaussian_69_water_hf_adz2_esp.cube’: No such file or directory
