node106.cluster
Error: segmentation violation
   rax 0000000000000000, rbx ffffffffffffffff, rcx ffffffffffffffff
   rdx 0000000000025246, rsp 00007fff474e0548, rbp 00007fff474e0ac0
   rsi 000000000000000b, rdi 0000000000025246, r8  0000000000000020
   r9  0000000000000401, r10 00007fff474dffa0, r11 0000000000000206
   r12 00007fff474e0b08, r13 0000000000000000, r14 0000000000000000
   r15 00000000000003e6
  /lib64/libpthread.so.0(+0xf6d0) [0x2af3896c56d0]
  /lib64/libc.so.6(kill+0x7) [0x2af389c0a547]
  /opt/cluster/programs/g16-c.01/g16/l1.exe() [0x4b8975]
  /opt/cluster/programs/g16-c.01/g16/l1.exe() [0x4f867a]
  /opt/cluster/programs/g16-c.01/g16/l1.exe() [0x4d56ab]
  /opt/cluster/programs/g16-c.01/g16/l1.exe() [0x41d5c6]
  /opt/cluster/programs/g16-c.01/g16/l1.exe() [0x410c4c]
  /opt/cluster/programs/g16-c.01/g16/l1.exe() [0x40d185]
  /opt/cluster/programs/g16-c.01/g16/l1.exe() [0x40cbd7]
  /opt/cluster/programs/g16-c.01/g16/l1.exe() [0x40cb24]
  /lib64/libc.so.6(__libc_start_main+0xf5) [0x2af389bf6445]
  /opt/cluster/programs/g16-c.01/g16/l1.exe() [0x407269]
 Read checkpoint file gaussian_87_water_hf_adz.chk type Unk
 Write formatted file gaussian_87_water_hf_adz.fchk
 Will use up to     0 threads.
 Top CubeGen          Mon Feb 20 10:06:49 2023
 Aft UFChkP           Mon Feb 20 10:06:49 2023        0.06 cpu,        0.07 elapsed
 Could not find " ","Total SCF Density" on formatted checkpoint file.
 Error termination via Lnk1e at Mon Feb 20 10:06:49 2023.
Error: segmentation violation
   rax 0000000000000000, rbx 00000000058b0be0, rcx ffffffffffffffff
   rdx 0000000000025292, rsp 00007ffffd460588, rbp 00007ffffd4605e0
   rsi 000000000000000b, rdi 0000000000025292, r8  00002b9be4383ac0
   r9  00002b9be4383ac0, r10 00007ffffd45ffe0, r11 0000000000000206
   r12 00000000058aeb0b, r13 000000000697d288, r14 00000000058aeec0
   r15 00007ffffd462820
  /lib64/libpthread.so.0(+0xf6d0) [0x2b9be487d6d0]
  /lib64/libc.so.6(kill+0x7) [0x2b9be4dc2547]
  /opt/cluster/programs/g16-c.01/g16/cubegen() [0x40fe24]
  /lib64/libc.so.6(__libc_start_main+0xf5) [0x2b9be4dae445]
/var/spool/slurm//job7311605/slurm_script: line 57: 152210 Aborted                 $g16root/g16/cubegen 0 Density $FCKFILE $DNSFILE -2 h
 Will use up to     0 threads.
 Top CubeGen          Mon Feb 20 10:06:49 2023
 Aft UFChkP           Mon Feb 20 10:06:49 2023        0.07 cpu,        0.07 elapsed
 Could not find " ","Total SCF Density" on formatted checkpoint file.
 Error termination via Lnk1e at Mon Feb 20 10:06:49 2023.
Error: segmentation violation
   rax 0000000000000000, rbx 00000000058b0be0, rcx ffffffffffffffff
   rdx 00000000000252c2, rsp 00007ffef58a2458, rbp 00007ffef58a24b0
   rsi 000000000000000b, rdi 00000000000252c2, r8  00002add006b7ac0
   r9  00002add006b7ac0, r10 00007ffef58a1ee0, r11 0000000000000202
   r12 00000000058aeb0b, r13 000000000697d288, r14 00000000058aeec0
   r15 00007ffef58a46f0
  /lib64/libpthread.so.0(+0xf6d0) [0x2add00bb16d0]
  /lib64/libc.so.6(kill+0x7) [0x2add010f6547]
  /opt/cluster/programs/g16-c.01/g16/cubegen() [0x40fe24]
  /lib64/libc.so.6(__libc_start_main+0xf5) [0x2add010e2445]
/var/spool/slurm//job7311605/slurm_script: line 60: 152258 Aborted                 $g16root/g16/cubegen 0 Potential $FCKFILE $ESPFILE -2 h
cp: cannot stat ‘gaussian_87_water_hf_adz_dens.cube’: No such file or directory
cp: cannot stat ‘gaussian_87_water_hf_adz_esp.cube’: No such file or directory
