node105.cluster
Error: segmentation violation
   rax 0000000000000000, rbx ffffffffffffffff, rcx ffffffffffffffff
   rdx 000000000002aa7d, rsp 00007ffcdb3e0468, rbp 00007ffcdb3e09e0
   rsi 000000000000000b, rdi 000000000002aa7d, r8  0000000000000020
   r9  0000000000000401, r10 00007ffcdb3dfee0, r11 0000000000000202
   r12 00007ffcdb3e0a28, r13 0000000000000000, r14 0000000000000000
   r15 00000000000003e6
  /lib64/libpthread.so.0(+0xf6d0) [0x2b26aa1e96d0]
  /lib64/libc.so.6(kill+0x7) [0x2b26aa72e547]
  /opt/cluster/programs/g16-c.01/g16/l1.exe() [0x4b8975]
  /opt/cluster/programs/g16-c.01/g16/l1.exe() [0x4f867a]
  /opt/cluster/programs/g16-c.01/g16/l1.exe() [0x4d56ab]
  /opt/cluster/programs/g16-c.01/g16/l1.exe() [0x41d5c6]
  /opt/cluster/programs/g16-c.01/g16/l1.exe() [0x410c4c]
  /opt/cluster/programs/g16-c.01/g16/l1.exe() [0x40d185]
  /opt/cluster/programs/g16-c.01/g16/l1.exe() [0x40cbd7]
  /opt/cluster/programs/g16-c.01/g16/l1.exe() [0x40cb24]
  /lib64/libc.so.6(__libc_start_main+0xf5) [0x2b26aa71a445]
  /opt/cluster/programs/g16-c.01/g16/l1.exe() [0x407269]
 Read checkpoint file gaussian_133_water_hf_adz.chk type Unk
 Write formatted file gaussian_133_water_hf_adz.fchk
 Will use up to     0 threads.
 Top CubeGen          Mon Feb 20 10:07:39 2023
 Aft UFChkP           Mon Feb 20 10:07:39 2023        0.08 cpu,        0.08 elapsed
 Could not find " ","Total SCF Density" on formatted checkpoint file.
 Error termination via Lnk1e at Mon Feb 20 10:07:39 2023.
Error: segmentation violation
   rax 0000000000000000, rbx 00000000058b0be0, rcx ffffffffffffffff
   rdx 000000000002aae8, rsp 00007ffe894221b8, rbp 00007ffe89422210
   rsi 000000000000000b, rdi 000000000002aae8, r8  00002aea8096dac0
   r9  00002aea8096dac0, r10 00007ffe89421c20, r11 0000000000000206
   r12 00000000058aeb0b, r13 000000000697d288, r14 00000000058aeec0
   r15 00007ffe89424450
  /lib64/libpthread.so.0(+0xf6d0) [0x2aea80e676d0]
  /lib64/libc.so.6(kill+0x7) [0x2aea813ac547]
  /opt/cluster/programs/g16-c.01/g16/cubegen() [0x40fe24]
  /lib64/libc.so.6(__libc_start_main+0xf5) [0x2aea81398445]
/var/spool/slurm//job7311651/slurm_script: line 57: 174824 Aborted                 $g16root/g16/cubegen 0 Density $FCKFILE $DNSFILE -2 h
 Will use up to     0 threads.
 Top CubeGen          Mon Feb 20 10:07:39 2023
 Aft UFChkP           Mon Feb 20 10:07:39 2023        0.07 cpu,        0.07 elapsed
 Could not find " ","Total SCF Density" on formatted checkpoint file.
 Error termination via Lnk1e at Mon Feb 20 10:07:39 2023.
Error: segmentation violation
   rax 0000000000000000, rbx 00000000058b0be0, rcx ffffffffffffffff
   rdx 000000000002ab16, rsp 00007ffcfcee0fb8, rbp 00007ffcfcee1010
   rsi 000000000000000b, rdi 000000000002ab16, r8  00002b5e504bfac0
   r9  00002b5e504bfac0, r10 00007ffcfcee0a20, r11 0000000000000206
   r12 00000000058aeb0b, r13 000000000697d288, r14 00000000058aeec0
   r15 00007ffcfcee3250
  /lib64/libpthread.so.0(+0xf6d0) [0x2b5e509b96d0]
  /lib64/libc.so.6(kill+0x7) [0x2b5e50efe547]
  /opt/cluster/programs/g16-c.01/g16/cubegen() [0x40fe24]
  /lib64/libc.so.6(__libc_start_main+0xf5) [0x2b5e50eea445]
/var/spool/slurm//job7311651/slurm_script: line 60: 174870 Aborted                 $g16root/g16/cubegen 0 Potential $FCKFILE $ESPFILE -2 h
cp: cannot stat ‘gaussian_133_water_hf_adz_dens.cube’: No such file or directory
cp: cannot stat ‘gaussian_133_water_hf_adz_esp.cube’: No such file or directory
