node101.cluster
Error: segmentation violation
   rax 0000000000000000, rbx ffffffffffffffff, rcx ffffffffffffffff
   rdx 000000000002e482, rsp 00007ffd6d242ab8, rbp 00007ffd6d243030
   rsi 000000000000000b, rdi 000000000002e482, r8  0000000000000020
   r9  0000000000000401, r10 00007ffd6d242520, r11 0000000000000206
   r12 00007ffd6d243078, r13 0000000000000000, r14 0000000000000000
   r15 00000000000003e6
  /lib64/libpthread.so.0(+0xf6d0) [0x2ac21bf946d0]
  /lib64/libc.so.6(kill+0x7) [0x2ac21c4d9547]
  /opt/cluster/programs/g16-c.01/g16/l1.exe() [0x4b8975]
  /opt/cluster/programs/g16-c.01/g16/l1.exe() [0x4f867a]
  /opt/cluster/programs/g16-c.01/g16/l1.exe() [0x4d56ab]
  /opt/cluster/programs/g16-c.01/g16/l1.exe() [0x41d5c6]
  /opt/cluster/programs/g16-c.01/g16/l1.exe() [0x410c4c]
  /opt/cluster/programs/g16-c.01/g16/l1.exe() [0x40d185]
  /opt/cluster/programs/g16-c.01/g16/l1.exe() [0x40cbd7]
  /opt/cluster/programs/g16-c.01/g16/l1.exe() [0x40cb24]
  /lib64/libc.so.6(__libc_start_main+0xf5) [0x2ac21c4c5445]
  /opt/cluster/programs/g16-c.01/g16/l1.exe() [0x407269]
 Read checkpoint file gaussian_162_water_hf_adz.chk type Unk
 Write formatted file gaussian_162_water_hf_adz.fchk
 Will use up to     0 threads.
 Top CubeGen          Mon Feb 20 10:08:10 2023
 Aft UFChkP           Mon Feb 20 10:08:10 2023        0.07 cpu,        0.07 elapsed
 Could not find " ","Total SCF Density" on formatted checkpoint file.
 Error termination via Lnk1e at Mon Feb 20 10:08:10 2023.
Error: segmentation violation
   rax 0000000000000000, rbx 00000000058b0be0, rcx ffffffffffffffff
   rdx 000000000002e494, rsp 00007fff6d691768, rbp 00007fff6d6917c0
   rsi 000000000000000b, rdi 000000000002e494, r8  00002aba9e1a8ac0
   r9  00002aba9e1a8ac0, r10 00007fff6d6911e0, r11 0000000000000202
   r12 00000000058aeb0b, r13 000000000697d288, r14 00000000058aeec0
   r15 00007fff6d693a00
  /lib64/libpthread.so.0(+0xf6d0) [0x2aba9e6a26d0]
  /lib64/libc.so.6(kill+0x7) [0x2aba9ebe7547]
  /opt/cluster/programs/g16-c.01/g16/cubegen() [0x40fe24]
  /lib64/libc.so.6(__libc_start_main+0xf5) [0x2aba9ebd3445]
/var/spool/slurm//job7311680/slurm_script: line 57: 189588 Aborted                 $g16root/g16/cubegen 0 Density $FCKFILE $DNSFILE -2 h
 Will use up to     0 threads.
 Top CubeGen          Mon Feb 20 10:08:10 2023
 Aft UFChkP           Mon Feb 20 10:08:10 2023        0.06 cpu,        0.07 elapsed
 Could not find " ","Total SCF Density" on formatted checkpoint file.
 Error termination via Lnk1e at Mon Feb 20 10:08:10 2023.
Error: segmentation violation
   rax 0000000000000000, rbx 00000000058b0be0, rcx ffffffffffffffff
   rdx 000000000002e4a0, rsp 00007ffe7a17ce18, rbp 00007ffe7a17ce70
   rsi 000000000000000b, rdi 000000000002e4a0, r8  00002ae4f1dadac0
   r9  00002ae4f1dadac0, r10 00007ffe7a17c8a0, r11 0000000000000206
   r12 00000000058aeb0b, r13 000000000697d288, r14 00000000058aeec0
   r15 00007ffe7a17f0b0
  /lib64/libpthread.so.0(+0xf6d0) [0x2ae4f22a76d0]
  /lib64/libc.so.6(kill+0x7) [0x2ae4f27ec547]
  /opt/cluster/programs/g16-c.01/g16/cubegen() [0x40fe24]
  /lib64/libc.so.6(__libc_start_main+0xf5) [0x2ae4f27d8445]
/var/spool/slurm//job7311680/slurm_script: line 60: 189600 Aborted                 $g16root/g16/cubegen 0 Potential $FCKFILE $ESPFILE -2 h
cp: cannot stat ‘gaussian_162_water_hf_adz_dens.cube’: No such file or directory
cp: cannot stat ‘gaussian_162_water_hf_adz_esp.cube’: No such file or directory
