node105.cluster
Error: segmentation violation
   rax 0000000000000000, rbx ffffffffffffffff, rcx ffffffffffffffff
   rdx 000000000002a08b, rsp 00007fffd1a08608, rbp 00007fffd1a08b80
   rsi 000000000000000b, rdi 000000000002a08b, r8  0000000000000020
   r9  0000000000000401, r10 00007fffd1a08060, r11 0000000000000202
   r12 00007fffd1a08bc8, r13 0000000000000000, r14 0000000000000000
   r15 00000000000003e6
  /lib64/libpthread.so.0(+0xf6d0) [0x2b46e6e1d6d0]
  /lib64/libc.so.6(kill+0x7) [0x2b46e7362547]
  /opt/cluster/programs/g16-c.01/g16/l1.exe() [0x4b8975]
  /opt/cluster/programs/g16-c.01/g16/l1.exe() [0x4f867a]
  /opt/cluster/programs/g16-c.01/g16/l1.exe() [0x4d56ab]
  /opt/cluster/programs/g16-c.01/g16/l1.exe() [0x41d5c6]
  /opt/cluster/programs/g16-c.01/g16/l1.exe() [0x410c4c]
  /opt/cluster/programs/g16-c.01/g16/l1.exe() [0x40d185]
  /opt/cluster/programs/g16-c.01/g16/l1.exe() [0x40cbd7]
  /opt/cluster/programs/g16-c.01/g16/l1.exe() [0x40cb24]
  /lib64/libc.so.6(__libc_start_main+0xf5) [0x2b46e734e445]
  /opt/cluster/programs/g16-c.01/g16/l1.exe() [0x407269]
 Read checkpoint file gaussian_35_water_hf_adz.chk type Unk
 Write formatted file gaussian_35_water_hf_adz.fchk
 Will use up to     0 threads.
 Top CubeGen          Mon Feb 20 10:05:57 2023
 Aft UFChkP           Mon Feb 20 10:05:57 2023        0.07 cpu,        0.07 elapsed
 Could not find " ","Total SCF Density" on formatted checkpoint file.
 Error termination via Lnk1e at Mon Feb 20 10:05:57 2023.
Error: segmentation violation
   rax 0000000000000000, rbx 00000000058b0be0, rcx ffffffffffffffff
   rdx 000000000002a0d6, rsp 00007ffc4c149448, rbp 00007ffc4c1494a0
   rsi 000000000000000b, rdi 000000000002a0d6, r8  00002af0bf80bac0
   r9  00002af0bf80bac0, r10 00007ffc4c148ea0, r11 0000000000000206
   r12 00000000058aeb0b, r13 000000000697d288, r14 00000000058aeec0
   r15 00007ffc4c14b6e0
  /lib64/libpthread.so.0(+0xf6d0) [0x2af0bfd056d0]
  /lib64/libc.so.6(kill+0x7) [0x2af0c024a547]
  /opt/cluster/programs/g16-c.01/g16/cubegen() [0x40fe24]
  /lib64/libc.so.6(__libc_start_main+0xf5) [0x2af0c0236445]
/var/spool/slurm//job7311553/slurm_script: line 57: 172246 Aborted                 $g16root/g16/cubegen 0 Density $FCKFILE $DNSFILE -2 h
 Will use up to     0 threads.
 Top CubeGen          Mon Feb 20 10:05:58 2023
 Aft UFChkP           Mon Feb 20 10:05:58 2023        0.07 cpu,        0.07 elapsed
 Could not find " ","Total SCF Density" on formatted checkpoint file.
 Error termination via Lnk1e at Mon Feb 20 10:05:58 2023.
Error: segmentation violation
   rax 0000000000000000, rbx 00000000058b0be0, rcx ffffffffffffffff
   rdx 000000000002a105, rsp 00007ffce385e1f8, rbp 00007ffce385e250
   rsi 000000000000000b, rdi 000000000002a105, r8  00002b232c09dac0
   r9  00002b232c09dac0, r10 00007ffce385dc60, r11 0000000000000202
   r12 00000000058aeb0b, r13 000000000697d288, r14 00000000058aeec0
   r15 00007ffce3860490
  /lib64/libpthread.so.0(+0xf6d0) [0x2b232c5976d0]
  /lib64/libc.so.6(kill+0x7) [0x2b232cadc547]
  /opt/cluster/programs/g16-c.01/g16/cubegen() [0x40fe24]
  /lib64/libc.so.6(__libc_start_main+0xf5) [0x2b232cac8445]
/var/spool/slurm//job7311553/slurm_script: line 60: 172293 Aborted                 $g16root/g16/cubegen 0 Potential $FCKFILE $ESPFILE -2 h
cp: cannot stat ‘gaussian_35_water_hf_adz_dens.cube’: No such file or directory
cp: cannot stat ‘gaussian_35_water_hf_adz_esp.cube’: No such file or directory
