node106.cluster
Error: segmentation violation
   rax 0000000000000000, rbx ffffffffffffffff, rcx ffffffffffffffff
   rdx 0000000000025b92, rsp 00007ffcd61fa358, rbp 00007ffcd61fa8d0
   rsi 000000000000000b, rdi 0000000000025b92, r8  0000000000000020
   r9  0000000000000401, r10 00007ffcd61f9de0, r11 0000000000000202
   r12 00007ffcd61fa918, r13 0000000000000000, r14 0000000000000000
   r15 00000000000003e6
  /lib64/libpthread.so.0(+0xf6d0) [0x2b52c756b6d0]
  /lib64/libc.so.6(kill+0x7) [0x2b52c7ab0547]
  /opt/cluster/programs/g16-c.01/g16/l1.exe() [0x4b8975]
  /opt/cluster/programs/g16-c.01/g16/l1.exe() [0x4f867a]
  /opt/cluster/programs/g16-c.01/g16/l1.exe() [0x4d56ab]
  /opt/cluster/programs/g16-c.01/g16/l1.exe() [0x41d5c6]
  /opt/cluster/programs/g16-c.01/g16/l1.exe() [0x410c4c]
  /opt/cluster/programs/g16-c.01/g16/l1.exe() [0x40d185]
  /opt/cluster/programs/g16-c.01/g16/l1.exe() [0x40cbd7]
  /opt/cluster/programs/g16-c.01/g16/l1.exe() [0x40cb24]
  /lib64/libc.so.6(__libc_start_main+0xf5) [0x2b52c7a9c445]
  /opt/cluster/programs/g16-c.01/g16/l1.exe() [0x407269]
 Read checkpoint file gaussian_6_water_hf_adz2.chk type Unk
 Write formatted file gaussian_6_water_hf_adz2.fchk
 Will use up to     0 threads.
 Top CubeGen          Mon Feb 20 10:08:55 2023
 Aft UFChkP           Mon Feb 20 10:08:55 2023        0.06 cpu,        0.07 elapsed
 Could not find " ","Total SCF Density" on formatted checkpoint file.
 Error termination via Lnk1e at Mon Feb 20 10:08:55 2023.
Error: segmentation violation
   rax 0000000000000000, rbx 00000000058b0be0, rcx ffffffffffffffff
   rdx 0000000000025bfc, rsp 00007ffe87c6fff8, rbp 00007ffe87c70050
   rsi 000000000000000b, rdi 0000000000025bfc, r8  00002ba93d0a4ac0
   r9  00002ba93d0a4ac0, r10 00007ffe87c6fa60, r11 0000000000000202
   r12 00000000058aeb0b, r13 000000000697d288, r14 00000000058aeec0
   r15 00007ffe87c72290
  /lib64/libpthread.so.0(+0xf6d0) [0x2ba93d59e6d0]
  /lib64/libc.so.6(kill+0x7) [0x2ba93dae3547]
  /opt/cluster/programs/g16-c.01/g16/cubegen() [0x40fe24]
  /lib64/libc.so.6(__libc_start_main+0xf5) [0x2ba93dacf445]
/var/spool/slurm//job7311704/slurm_script: line 57: 154620 Aborted                 $g16root/g16/cubegen 0 Density $FCKFILE $DNSFILE -2 h
 Will use up to     0 threads.
 Top CubeGen          Mon Feb 20 10:08:55 2023
 Aft UFChkP           Mon Feb 20 10:08:55 2023        0.06 cpu,        0.07 elapsed
 Could not find " ","Total SCF Density" on formatted checkpoint file.
 Error termination via Lnk1e at Mon Feb 20 10:08:55 2023.
Error: segmentation violation
   rax 0000000000000000, rbx 00000000058b0be0, rcx ffffffffffffffff
   rdx 0000000000025c2a, rsp 00007ffca8f904e8, rbp 00007ffca8f90540
   rsi 000000000000000b, rdi 0000000000025c2a, r8  00002b33f004eac0
   r9  00002b33f004eac0, r10 00007ffca8f8ff60, r11 0000000000000206
   r12 00000000058aeb0b, r13 000000000697d288, r14 00000000058aeec0
   r15 00007ffca8f92780
  /lib64/libpthread.so.0(+0xf6d0) [0x2b33f05486d0]
  /lib64/libc.so.6(kill+0x7) [0x2b33f0a8d547]
  /opt/cluster/programs/g16-c.01/g16/cubegen() [0x40fe24]
  /lib64/libc.so.6(__libc_start_main+0xf5) [0x2b33f0a79445]
/var/spool/slurm//job7311704/slurm_script: line 60: 154666 Aborted                 $g16root/g16/cubegen 0 Potential $FCKFILE $ESPFILE -2 h
cp: cannot stat ‘gaussian_6_water_hf_adz2_dens.cube’: No such file or directory
cp: cannot stat ‘gaussian_6_water_hf_adz2_esp.cube’: No such file or directory
