node105.cluster
Error: segmentation violation
   rax 0000000000000000, rbx ffffffffffffffff, rcx ffffffffffffffff
   rdx 000000000002b67a, rsp 00007ffc3f90d9d8, rbp 00007ffc3f90df50
   rsi 000000000000000b, rdi 000000000002b67a, r8  0000000000000020
   r9  0000000000000401, r10 00007ffc3f90d460, r11 0000000000000206
   r12 00007ffc3f90df98, r13 0000000000000000, r14 0000000000000000
   r15 00000000000003e6
  /lib64/libpthread.so.0(+0xf6d0) [0x2b1ca75c96d0]
  /lib64/libc.so.6(kill+0x7) [0x2b1ca7b0e547]
  /opt/cluster/programs/g16-c.01/g16/l1.exe() [0x4b8975]
  /opt/cluster/programs/g16-c.01/g16/l1.exe() [0x4f867a]
  /opt/cluster/programs/g16-c.01/g16/l1.exe() [0x4d56ab]
  /opt/cluster/programs/g16-c.01/g16/l1.exe() [0x41d5c6]
  /opt/cluster/programs/g16-c.01/g16/l1.exe() [0x410c4c]
  /opt/cluster/programs/g16-c.01/g16/l1.exe() [0x40d185]
  /opt/cluster/programs/g16-c.01/g16/l1.exe() [0x40cbd7]
  /opt/cluster/programs/g16-c.01/g16/l1.exe() [0x40cb24]
  /lib64/libc.so.6(__libc_start_main+0xf5) [0x2b1ca7afa445]
  /opt/cluster/programs/g16-c.01/g16/l1.exe() [0x407269]
 Read checkpoint file gaussian_73_water_hf_adz2.chk type Unk
 Write formatted file gaussian_73_water_hf_adz2.fchk
 Will use up to     0 threads.
 Top CubeGen          Mon Feb 20 10:10:06 2023
 Aft UFChkP           Mon Feb 20 10:10:06 2023        0.07 cpu,        0.08 elapsed
 Could not find " ","Total SCF Density" on formatted checkpoint file.
 Error termination via Lnk1e at Mon Feb 20 10:10:06 2023.
Error: segmentation violation
   rax 0000000000000000, rbx 00000000058b0be0, rcx ffffffffffffffff
   rdx 000000000002b6cc, rsp 00007ffc4e1b8868, rbp 00007ffc4e1b88c0
   rsi 000000000000000b, rdi 000000000002b6cc, r8  00002b2f9d25eac0
   r9  00002b2f9d25eac0, r10 00007ffc4e1b82e0, r11 0000000000000202
   r12 00000000058aeb0b, r13 000000000697d288, r14 00000000058aeec0
   r15 00007ffc4e1bab00
  /lib64/libpthread.so.0(+0xf6d0) [0x2b2f9d7586d0]
  /lib64/libc.so.6(kill+0x7) [0x2b2f9dc9d547]
  /opt/cluster/programs/g16-c.01/g16/cubegen() [0x40fe24]
  /lib64/libc.so.6(__libc_start_main+0xf5) [0x2b2f9dc89445]
/var/spool/slurm//job7311771/slurm_script: line 57: 177868 Aborted                 $g16root/g16/cubegen 0 Density $FCKFILE $DNSFILE -2 h
 Will use up to     0 threads.
 Top CubeGen          Mon Feb 20 10:10:07 2023
 Aft UFChkP           Mon Feb 20 10:10:07 2023        0.07 cpu,        0.08 elapsed
 Could not find " ","Total SCF Density" on formatted checkpoint file.
 Error termination via Lnk1e at Mon Feb 20 10:10:07 2023.
Error: segmentation violation
   rax 0000000000000000, rbx 00000000058b0be0, rcx ffffffffffffffff
   rdx 000000000002b6fc, rsp 00007fff549bda38, rbp 00007fff549bda90
   rsi 000000000000000b, rdi 000000000002b6fc, r8  00002b501e347ac0
   r9  00002b501e347ac0, r10 00007fff549bd4a0, r11 0000000000000202
   r12 00000000058aeb0b, r13 000000000697d288, r14 00000000058aeec0
   r15 00007fff549bfcd0
  /lib64/libpthread.so.0(+0xf6d0) [0x2b501e8416d0]
  /lib64/libc.so.6(kill+0x7) [0x2b501ed86547]
  /opt/cluster/programs/g16-c.01/g16/cubegen() [0x40fe24]
  /lib64/libc.so.6(__libc_start_main+0xf5) [0x2b501ed72445]
/var/spool/slurm//job7311771/slurm_script: line 60: 177916 Aborted                 $g16root/g16/cubegen 0 Potential $FCKFILE $ESPFILE -2 h
cp: cannot stat ‘gaussian_73_water_hf_adz2_dens.cube’: No such file or directory
cp: cannot stat ‘gaussian_73_water_hf_adz2_esp.cube’: No such file or directory
