node101.cluster
Error: segmentation violation
   rax 0000000000000000, rbx ffffffffffffffff, rcx ffffffffffffffff
   rdx 000000000002e306, rsp 00007fffc7ca81b8, rbp 00007fffc7ca8730
   rsi 000000000000000b, rdi 000000000002e306, r8  0000000000000020
   r9  0000000000000401, r10 00007fffc7ca7c20, r11 0000000000000206
   r12 00007fffc7ca8778, r13 0000000000000000, r14 0000000000000000
   r15 00000000000003e6
  /lib64/libpthread.so.0(+0xf6d0) [0x2ada61a616d0]
  /lib64/libc.so.6(kill+0x7) [0x2ada61fa6547]
  /opt/cluster/programs/g16-c.01/g16/l1.exe() [0x4b8975]
  /opt/cluster/programs/g16-c.01/g16/l1.exe() [0x4f867a]
  /opt/cluster/programs/g16-c.01/g16/l1.exe() [0x4d56ab]
  /opt/cluster/programs/g16-c.01/g16/l1.exe() [0x41d5c6]
  /opt/cluster/programs/g16-c.01/g16/l1.exe() [0x410c4c]
  /opt/cluster/programs/g16-c.01/g16/l1.exe() [0x40d185]
  /opt/cluster/programs/g16-c.01/g16/l1.exe() [0x40cbd7]
  /opt/cluster/programs/g16-c.01/g16/l1.exe() [0x40cb24]
  /lib64/libc.so.6(__libc_start_main+0xf5) [0x2ada61f92445]
  /opt/cluster/programs/g16-c.01/g16/l1.exe() [0x407269]
 Read checkpoint file gaussian_102_water_hf_adz.chk type Unk
 Write formatted file gaussian_102_water_hf_adz.fchk
 Will use up to     0 threads.
 Top CubeGen          Mon Feb 20 10:07:09 2023
 Aft UFChkP           Mon Feb 20 10:07:09 2023        0.07 cpu,        0.07 elapsed
 Could not find " ","Total SCF Density" on formatted checkpoint file.
 Error termination via Lnk1e at Mon Feb 20 10:07:09 2023.
Error: segmentation violation
   rax 0000000000000000, rbx 00000000058b0be0, rcx ffffffffffffffff
   rdx 000000000002e318, rsp 00007ffc9aedd568, rbp 00007ffc9aedd5c0
   rsi 000000000000000b, rdi 000000000002e318, r8  00002b023330aac0
   r9  00002b023330aac0, r10 00007ffc9aedcfe0, r11 0000000000000202
   r12 00000000058aeb0b, r13 000000000697d288, r14 00000000058aeec0
   r15 00007ffc9aedf800
  /lib64/libpthread.so.0(+0xf6d0) [0x2b02338046d0]
  /lib64/libc.so.6(kill+0x7) [0x2b0233d49547]
  /opt/cluster/programs/g16-c.01/g16/cubegen() [0x40fe24]
  /lib64/libc.so.6(__libc_start_main+0xf5) [0x2b0233d35445]
/var/spool/slurm//job7311620/slurm_script: line 57: 189208 Aborted                 $g16root/g16/cubegen 0 Density $FCKFILE $DNSFILE -2 h
 Will use up to     0 threads.
 Top CubeGen          Mon Feb 20 10:07:09 2023
 Aft UFChkP           Mon Feb 20 10:07:09 2023        0.07 cpu,        0.07 elapsed
 Could not find " ","Total SCF Density" on formatted checkpoint file.
 Error termination via Lnk1e at Mon Feb 20 10:07:09 2023.
Error: segmentation violation
   rax 0000000000000000, rbx 00000000058b0be0, rcx ffffffffffffffff
   rdx 000000000002e324, rsp 00007ffeece63d28, rbp 00007ffeece63d80
   rsi 000000000000000b, rdi 000000000002e324, r8  00002aba4076cac0
   r9  00002aba4076cac0, r10 00007ffeece637a0, r11 0000000000000206
   r12 00000000058aeb0b, r13 000000000697d288, r14 00000000058aeec0
   r15 00007ffeece65fc0
  /lib64/libpthread.so.0(+0xf6d0) [0x2aba40c666d0]
  /lib64/libc.so.6(kill+0x7) [0x2aba411ab547]
  /opt/cluster/programs/g16-c.01/g16/cubegen() [0x40fe24]
  /lib64/libc.so.6(__libc_start_main+0xf5) [0x2aba41197445]
/var/spool/slurm//job7311620/slurm_script: line 60: 189220 Aborted                 $g16root/g16/cubegen 0 Potential $FCKFILE $ESPFILE -2 h
cp: cannot stat ‘gaussian_102_water_hf_adz_dens.cube’: No such file or directory
cp: cannot stat ‘gaussian_102_water_hf_adz_esp.cube’: No such file or directory
