node101.cluster
Error: segmentation violation
   rax 0000000000000000, rbx ffffffffffffffff, rcx ffffffffffffffff
   rdx 000000000002e3c4, rsp 00007ffe78298bb8, rbp 00007ffe78299130
   rsi 000000000000000b, rdi 000000000002e3c4, r8  0000000000000020
   r9  0000000000000401, r10 00007ffe78298620, r11 0000000000000206
   r12 00007ffe78299178, r13 0000000000000000, r14 0000000000000000
   r15 00000000000003e6
  /lib64/libpthread.so.0(+0xf6d0) [0x2baa11ccb6d0]
  /lib64/libc.so.6(kill+0x7) [0x2baa12210547]
  /opt/cluster/programs/g16-c.01/g16/l1.exe() [0x4b8975]
  /opt/cluster/programs/g16-c.01/g16/l1.exe() [0x4f867a]
  /opt/cluster/programs/g16-c.01/g16/l1.exe() [0x4d56ab]
  /opt/cluster/programs/g16-c.01/g16/l1.exe() [0x41d5c6]
  /opt/cluster/programs/g16-c.01/g16/l1.exe() [0x410c4c]
  /opt/cluster/programs/g16-c.01/g16/l1.exe() [0x40d185]
  /opt/cluster/programs/g16-c.01/g16/l1.exe() [0x40cbd7]
  /opt/cluster/programs/g16-c.01/g16/l1.exe() [0x40cb24]
  /lib64/libc.so.6(__libc_start_main+0xf5) [0x2baa121fc445]
  /opt/cluster/programs/g16-c.01/g16/l1.exe() [0x407269]
 Read checkpoint file gaussian_132_water_hf_adz.chk type Unk
 Write formatted file gaussian_132_water_hf_adz.fchk
 Will use up to     0 threads.
 Top CubeGen          Mon Feb 20 10:07:39 2023
 Aft UFChkP           Mon Feb 20 10:07:39 2023        0.07 cpu,        0.07 elapsed
 Could not find " ","Total SCF Density" on formatted checkpoint file.
 Error termination via Lnk1e at Mon Feb 20 10:07:39 2023.
Error: segmentation violation
   rax 0000000000000000, rbx 00000000058b0be0, rcx ffffffffffffffff
   rdx 000000000002e3d6, rsp 00007ffec3548458, rbp 00007ffec35484b0
   rsi 000000000000000b, rdi 000000000002e3d6, r8  00002b75cd194ac0
   r9  00002b75cd194ac0, r10 00007ffec3547ee0, r11 0000000000000202
   r12 00000000058aeb0b, r13 000000000697d288, r14 00000000058aeec0
   r15 00007ffec354a6f0
  /lib64/libpthread.so.0(+0xf6d0) [0x2b75cd68e6d0]
  /lib64/libc.so.6(kill+0x7) [0x2b75cdbd3547]
  /opt/cluster/programs/g16-c.01/g16/cubegen() [0x40fe24]
  /lib64/libc.so.6(__libc_start_main+0xf5) [0x2b75cdbbf445]
/var/spool/slurm//job7311650/slurm_script: line 57: 189398 Aborted                 $g16root/g16/cubegen 0 Density $FCKFILE $DNSFILE -2 h
 Will use up to     0 threads.
 Top CubeGen          Mon Feb 20 10:07:39 2023
 Aft UFChkP           Mon Feb 20 10:07:39 2023        0.07 cpu,        0.07 elapsed
 Could not find " ","Total SCF Density" on formatted checkpoint file.
 Error termination via Lnk1e at Mon Feb 20 10:07:39 2023.
Error: segmentation violation
   rax 0000000000000000, rbx 00000000058b0be0, rcx ffffffffffffffff
   rdx 000000000002e3e2, rsp 00007fff7b526078, rbp 00007fff7b5260d0
   rsi 000000000000000b, rdi 000000000002e3e2, r8  00002ba671564ac0
   r9  00002ba671564ac0, r10 00007fff7b525ae0, r11 0000000000000206
   r12 00000000058aeb0b, r13 000000000697d288, r14 00000000058aeec0
   r15 00007fff7b528310
  /lib64/libpthread.so.0(+0xf6d0) [0x2ba671a5e6d0]
  /lib64/libc.so.6(kill+0x7) [0x2ba671fa3547]
  /opt/cluster/programs/g16-c.01/g16/cubegen() [0x40fe24]
  /lib64/libc.so.6(__libc_start_main+0xf5) [0x2ba671f8f445]
/var/spool/slurm//job7311650/slurm_script: line 60: 189410 Aborted                 $g16root/g16/cubegen 0 Potential $FCKFILE $ESPFILE -2 h
cp: cannot stat ‘gaussian_132_water_hf_adz_dens.cube’: No such file or directory
cp: cannot stat ‘gaussian_132_water_hf_adz_esp.cube’: No such file or directory
