node105.cluster
Error: segmentation violation
   rax 0000000000000000, rbx ffffffffffffffff, rcx ffffffffffffffff
   rdx 000000000002af9a, rsp 00007ffd3d2f5e28, rbp 00007ffd3d2f63a0
   rsi 000000000000000b, rdi 000000000002af9a, r8  0000000000000020
   r9  0000000000000401, r10 00007ffd3d2f58a0, r11 0000000000000206
   r12 00007ffd3d2f63e8, r13 0000000000000000, r14 0000000000000000
   r15 00000000000003e6
  /lib64/libpthread.so.0(+0xf6d0) [0x2b1cdddfe6d0]
  /lib64/libc.so.6(kill+0x7) [0x2b1cde343547]
  /opt/cluster/programs/g16-c.01/g16/l1.exe() [0x4b8975]
  /opt/cluster/programs/g16-c.01/g16/l1.exe() [0x4f867a]
  /opt/cluster/programs/g16-c.01/g16/l1.exe() [0x4d56ab]
  /opt/cluster/programs/g16-c.01/g16/l1.exe() [0x41d5c6]
  /opt/cluster/programs/g16-c.01/g16/l1.exe() [0x410c4c]
  /opt/cluster/programs/g16-c.01/g16/l1.exe() [0x40d185]
  /opt/cluster/programs/g16-c.01/g16/l1.exe() [0x40cbd7]
  /opt/cluster/programs/g16-c.01/g16/l1.exe() [0x40cb24]
  /lib64/libc.so.6(__libc_start_main+0xf5) [0x2b1cde32f445]
  /opt/cluster/programs/g16-c.01/g16/l1.exe() [0x407269]
 Read checkpoint file gaussian_4_water_hf_adz2.chk type Unk
 Write formatted file gaussian_4_water_hf_adz2.fchk
 Will use up to     0 threads.
 Top CubeGen          Mon Feb 20 10:08:55 2023
 Aft UFChkP           Mon Feb 20 10:08:55 2023        0.07 cpu,        0.07 elapsed
 Could not find " ","Total SCF Density" on formatted checkpoint file.
 Error termination via Lnk1e at Mon Feb 20 10:08:55 2023.
Error: segmentation violation
   rax 0000000000000000, rbx 00000000058b0be0, rcx ffffffffffffffff
   rdx 000000000002afe4, rsp 00007ffd3cc32fa8, rbp 00007ffd3cc33000
   rsi 000000000000000b, rdi 000000000002afe4, r8  00002b42e68baac0
   r9  00002b42e68baac0, r10 00007ffd3cc32a20, r11 0000000000000202
   r12 00000000058aeb0b, r13 000000000697d288, r14 00000000058aeec0
   r15 00007ffd3cc35240
  /lib64/libpthread.so.0(+0xf6d0) [0x2b42e6db46d0]
  /lib64/libc.so.6(kill+0x7) [0x2b42e72f9547]
  /opt/cluster/programs/g16-c.01/g16/cubegen() [0x40fe24]
  /lib64/libc.so.6(__libc_start_main+0xf5) [0x2b42e72e5445]
/var/spool/slurm//job7311702/slurm_script: line 57: 176100 Aborted                 $g16root/g16/cubegen 0 Density $FCKFILE $DNSFILE -2 h
 Will use up to     0 threads.
 Top CubeGen          Mon Feb 20 10:08:55 2023
 Aft UFChkP           Mon Feb 20 10:08:55 2023        0.07 cpu,        0.08 elapsed
 Could not find " ","Total SCF Density" on formatted checkpoint file.
 Error termination via Lnk1e at Mon Feb 20 10:08:55 2023.
Error: segmentation violation
   rax 0000000000000000, rbx 00000000058b0be0, rcx ffffffffffffffff
   rdx 000000000002b012, rsp 00007ffcc18d56c8, rbp 00007ffcc18d5720
   rsi 000000000000000b, rdi 000000000002b012, r8  00002acd1e501ac0
   r9  00002acd1e501ac0, r10 00007ffcc18d5120, r11 0000000000000202
   r12 00000000058aeb0b, r13 000000000697d288, r14 00000000058aeec0
   r15 00007ffcc18d7960
  /lib64/libpthread.so.0(+0xf6d0) [0x2acd1e9fb6d0]
  /lib64/libc.so.6(kill+0x7) [0x2acd1ef40547]
  /opt/cluster/programs/g16-c.01/g16/cubegen() [0x40fe24]
  /lib64/libc.so.6(__libc_start_main+0xf5) [0x2acd1ef2c445]
/var/spool/slurm//job7311702/slurm_script: line 60: 176146 Aborted                 $g16root/g16/cubegen 0 Potential $FCKFILE $ESPFILE -2 h
cp: cannot stat ‘gaussian_4_water_hf_adz2_dens.cube’: No such file or directory
cp: cannot stat ‘gaussian_4_water_hf_adz2_esp.cube’: No such file or directory
