node106.cluster
Error: segmentation violation
   rax 0000000000000000, rbx ffffffffffffffff, rcx ffffffffffffffff
   rdx 0000000000024a64, rsp 00007ffc7ddb2548, rbp 00007ffc7ddb2ac0
   rsi 000000000000000b, rdi 0000000000024a64, r8  0000000000000020
   r9  0000000000000401, r10 00007ffc7ddb1fa0, r11 0000000000000206
   r12 00007ffc7ddb2b08, r13 0000000000000000, r14 0000000000000000
   r15 00000000000003e6
  /lib64/libpthread.so.0(+0xf6d0) [0x2b25f64166d0]
  /lib64/libc.so.6(kill+0x7) [0x2b25f695b547]
  /opt/cluster/programs/g16-c.01/g16/l1.exe() [0x4b8975]
  /opt/cluster/programs/g16-c.01/g16/l1.exe() [0x4f867a]
  /opt/cluster/programs/g16-c.01/g16/l1.exe() [0x4d56ab]
  /opt/cluster/programs/g16-c.01/g16/l1.exe() [0x41d5c6]
  /opt/cluster/programs/g16-c.01/g16/l1.exe() [0x410c4c]
  /opt/cluster/programs/g16-c.01/g16/l1.exe() [0x40d185]
  /opt/cluster/programs/g16-c.01/g16/l1.exe() [0x40cbd7]
  /opt/cluster/programs/g16-c.01/g16/l1.exe() [0x40cb24]
  /lib64/libc.so.6(__libc_start_main+0xf5) [0x2b25f6947445]
  /opt/cluster/programs/g16-c.01/g16/l1.exe() [0x407269]
 Read checkpoint file gaussian_8_water_hf_adz.chk type Unk
 Write formatted file gaussian_8_water_hf_adz.fchk
 Will use up to     0 threads.
 Top CubeGen          Mon Feb 20 10:05:25 2023
 Aft UFChkP           Mon Feb 20 10:05:25 2023        0.07 cpu,        0.08 elapsed
 Could not find " ","Total SCF Density" on formatted checkpoint file.
 Error termination via Lnk1e at Mon Feb 20 10:05:25 2023.
Error: segmentation violation
   rax 0000000000000000, rbx 00000000058b0be0, rcx ffffffffffffffff
   rdx 0000000000024aaf, rsp 00007ffeadd8fe38, rbp 00007ffeadd8fe90
   rsi 000000000000000b, rdi 0000000000024aaf, r8  00002b235320bac0
   r9  00002b235320bac0, r10 00007ffeadd8f8a0, r11 0000000000000202
   r12 00000000058aeb0b, r13 000000000697d288, r14 00000000058aeec0
   r15 00007ffeadd920d0
  /lib64/libpthread.so.0(+0xf6d0) [0x2b23537056d0]
  /lib64/libc.so.6(kill+0x7) [0x2b2353c4a547]
  /opt/cluster/programs/g16-c.01/g16/cubegen() [0x40fe24]
  /lib64/libc.so.6(__libc_start_main+0xf5) [0x2b2353c36445]
/var/spool/slurm//job7311526/slurm_script: line 57: 150191 Aborted                 $g16root/g16/cubegen 0 Density $FCKFILE $DNSFILE -2 h
 Will use up to     0 threads.
 Top CubeGen          Mon Feb 20 10:05:26 2023
 Aft UFChkP           Mon Feb 20 10:05:26 2023        0.06 cpu,        0.07 elapsed
 Could not find " ","Total SCF Density" on formatted checkpoint file.
 Error termination via Lnk1e at Mon Feb 20 10:05:26 2023.
Error: segmentation violation
   rax 0000000000000000, rbx 00000000058b0be0, rcx ffffffffffffffff
   rdx 0000000000024add, rsp 00007fffbded8c88, rbp 00007fffbded8ce0
   rsi 000000000000000b, rdi 0000000000024add, r8  00002afbdd25fac0
   r9  00002afbdd25fac0, r10 00007fffbded86e0, r11 0000000000000206
   r12 00000000058aeb0b, r13 000000000697d288, r14 00000000058aeec0
   r15 00007fffbdedaf20
  /lib64/libpthread.so.0(+0xf6d0) [0x2afbdd7596d0]
  /lib64/libc.so.6(kill+0x7) [0x2afbddc9e547]
  /opt/cluster/programs/g16-c.01/g16/cubegen() [0x40fe24]
  /lib64/libc.so.6(__libc_start_main+0xf5) [0x2afbddc8a445]
/var/spool/slurm//job7311526/slurm_script: line 60: 150237 Aborted                 $g16root/g16/cubegen 0 Potential $FCKFILE $ESPFILE -2 h
cp: cannot stat ‘gaussian_8_water_hf_adz_dens.cube’: No such file or directory
cp: cannot stat ‘gaussian_8_water_hf_adz_esp.cube’: No such file or directory
