node105.cluster
Error: segmentation violation
   rax 0000000000000000, rbx ffffffffffffffff, rcx ffffffffffffffff
   rdx 000000000002b183, rsp 00007ffe8b2e3668, rbp 00007ffe8b2e3be0
   rsi 000000000000000b, rdi 000000000002b183, r8  0000000000000020
   r9  0000000000000401, r10 00007ffe8b2e30e0, r11 0000000000000202
   r12 00007ffe8b2e3c28, r13 0000000000000000, r14 0000000000000000
   r15 00000000000003e6
  /lib64/libpthread.so.0(+0xf6d0) [0x2b44f9e876d0]
  /lib64/libc.so.6(kill+0x7) [0x2b44fa3cc547]
  /opt/cluster/programs/g16-c.01/g16/l1.exe() [0x4b8975]
  /opt/cluster/programs/g16-c.01/g16/l1.exe() [0x4f867a]
  /opt/cluster/programs/g16-c.01/g16/l1.exe() [0x4d56ab]
  /opt/cluster/programs/g16-c.01/g16/l1.exe() [0x41d5c6]
  /opt/cluster/programs/g16-c.01/g16/l1.exe() [0x410c4c]
  /opt/cluster/programs/g16-c.01/g16/l1.exe() [0x40d185]
  /opt/cluster/programs/g16-c.01/g16/l1.exe() [0x40cbd7]
  /opt/cluster/programs/g16-c.01/g16/l1.exe() [0x40cb24]
  /lib64/libc.so.6(__libc_start_main+0xf5) [0x2b44fa3b8445]
  /opt/cluster/programs/g16-c.01/g16/l1.exe() [0x407269]
 Read checkpoint file gaussian_22_water_hf_adz2.chk type Unk
 Write formatted file gaussian_22_water_hf_adz2.fchk
 Will use up to     0 threads.
 Top CubeGen          Mon Feb 20 10:09:15 2023
 Aft UFChkP           Mon Feb 20 10:09:15 2023        0.07 cpu,        0.08 elapsed
 Could not find " ","Total SCF Density" on formatted checkpoint file.
 Error termination via Lnk1e at Mon Feb 20 10:09:15 2023.
Error: segmentation violation
   rax 0000000000000000, rbx 00000000058b0be0, rcx ffffffffffffffff
   rdx 000000000002b1d2, rsp 00007ffdee5562d8, rbp 00007ffdee556330
   rsi 000000000000000b, rdi 000000000002b1d2, r8  00002afbc2751ac0
   r9  00002afbc2751ac0, r10 00007ffdee555d60, r11 0000000000000206
   r12 00000000058aeb0b, r13 000000000697d288, r14 00000000058aeec0
   r15 00007ffdee558570
  /lib64/libpthread.so.0(+0xf6d0) [0x2afbc2c4b6d0]
  /lib64/libc.so.6(kill+0x7) [0x2afbc3190547]
  /opt/cluster/programs/g16-c.01/g16/cubegen() [0x40fe24]
  /lib64/libc.so.6(__libc_start_main+0xf5) [0x2afbc317c445]
/var/spool/slurm//job7311720/slurm_script: line 57: 176594 Aborted                 $g16root/g16/cubegen 0 Density $FCKFILE $DNSFILE -2 h
 Will use up to     0 threads.
 Top CubeGen          Mon Feb 20 10:09:15 2023
 Aft UFChkP           Mon Feb 20 10:09:15 2023        0.07 cpu,        0.07 elapsed
 Could not find " ","Total SCF Density" on formatted checkpoint file.
 Error termination via Lnk1e at Mon Feb 20 10:09:15 2023.
Error: segmentation violation
   rax 0000000000000000, rbx 00000000058b0be0, rcx ffffffffffffffff
   rdx 000000000002b207, rsp 00007ffe63728928, rbp 00007ffe63728980
   rsi 000000000000000b, rdi 000000000002b207, r8  00002ae1e3b14ac0
   r9  00002ae1e3b14ac0, r10 00007ffe637283a0, r11 0000000000000206
   r12 00000000058aeb0b, r13 000000000697d288, r14 00000000058aeec0
   r15 00007ffe6372abc0
  /lib64/libpthread.so.0(+0xf6d0) [0x2ae1e400e6d0]
  /lib64/libc.so.6(kill+0x7) [0x2ae1e4553547]
  /opt/cluster/programs/g16-c.01/g16/cubegen() [0x40fe24]
  /lib64/libc.so.6(__libc_start_main+0xf5) [0x2ae1e453f445]
/var/spool/slurm//job7311720/slurm_script: line 60: 176647 Aborted                 $g16root/g16/cubegen 0 Potential $FCKFILE $ESPFILE -2 h
cp: cannot stat ‘gaussian_22_water_hf_adz2_dens.cube’: No such file or directory
cp: cannot stat ‘gaussian_22_water_hf_adz2_esp.cube’: No such file or directory
