node105.cluster
Error: segmentation violation
   rax 0000000000000000, rbx ffffffffffffffff, rcx ffffffffffffffff
   rdx 0000000000029d95, rsp 00007ffe39dbab08, rbp 00007ffe39dbb080
   rsi 000000000000000b, rdi 0000000000029d95, r8  0000000000000020
   r9  0000000000000401, r10 00007ffe39dba560, r11 0000000000000202
   r12 00007ffe39dbb0c8, r13 0000000000000000, r14 0000000000000000
   r15 00000000000003e6
  /lib64/libpthread.so.0(+0xf6d0) [0x2b4ebde756d0]
  /lib64/libc.so.6(kill+0x7) [0x2b4ebe3ba547]
  /opt/cluster/programs/g16-c.01/g16/l1.exe() [0x4b8975]
  /opt/cluster/programs/g16-c.01/g16/l1.exe() [0x4f867a]
  /opt/cluster/programs/g16-c.01/g16/l1.exe() [0x4d56ab]
  /opt/cluster/programs/g16-c.01/g16/l1.exe() [0x41d5c6]
  /opt/cluster/programs/g16-c.01/g16/l1.exe() [0x410c4c]
  /opt/cluster/programs/g16-c.01/g16/l1.exe() [0x40d185]
  /opt/cluster/programs/g16-c.01/g16/l1.exe() [0x40cbd7]
  /opt/cluster/programs/g16-c.01/g16/l1.exe() [0x40cb24]
  /lib64/libc.so.6(__libc_start_main+0xf5) [0x2b4ebe3a6445]
  /opt/cluster/programs/g16-c.01/g16/l1.exe() [0x407269]
 Read checkpoint file gaussian_3_water_hf_adz.chk type Unk
 Write formatted file gaussian_3_water_hf_adz.fchk
 Will use up to     0 threads.
 Top CubeGen          Mon Feb 20 10:05:26 2023
 Aft UFChkP           Mon Feb 20 10:05:26 2023        0.07 cpu,        0.08 elapsed
 Could not find " ","Total SCF Density" on formatted checkpoint file.
 Error termination via Lnk1e at Mon Feb 20 10:05:26 2023.
Error: segmentation violation
   rax 0000000000000000, rbx 00000000058b0be0, rcx ffffffffffffffff
   rdx 0000000000029ddc, rsp 00007ffec1c9fb68, rbp 00007ffec1c9fbc0
   rsi 000000000000000b, rdi 0000000000029ddc, r8  00002b8bfa4c8ac0
   r9  00002b8bfa4c8ac0, r10 00007ffec1c9f5e0, r11 0000000000000202
   r12 00000000058aeb0b, r13 000000000697d288, r14 00000000058aeec0
   r15 00007ffec1ca1e00
  /lib64/libpthread.so.0(+0xf6d0) [0x2b8bfa9c26d0]
  /lib64/libc.so.6(kill+0x7) [0x2b8bfaf07547]
  /opt/cluster/programs/g16-c.01/g16/cubegen() [0x40fe24]
  /lib64/libc.so.6(__libc_start_main+0xf5) [0x2b8bfaef3445]
/var/spool/slurm//job7311521/slurm_script: line 57: 171484 Aborted                 $g16root/g16/cubegen 0 Density $FCKFILE $DNSFILE -2 h
 Will use up to     0 threads.
 Top CubeGen          Mon Feb 20 10:05:26 2023
 Aft UFChkP           Mon Feb 20 10:05:26 2023        0.07 cpu,        0.07 elapsed
 Could not find " ","Total SCF Density" on formatted checkpoint file.
 Error termination via Lnk1e at Mon Feb 20 10:05:26 2023.
Error: segmentation violation
   rax 0000000000000000, rbx 00000000058b0be0, rcx ffffffffffffffff
   rdx 0000000000029e0e, rsp 00007ffdbb66f098, rbp 00007ffdbb66f0f0
   rsi 000000000000000b, rdi 0000000000029e0e, r8  00002aad8656cac0
   r9  00002aad8656cac0, r10 00007ffdbb66eb20, r11 0000000000000202
   r12 00000000058aeb0b, r13 000000000697d288, r14 00000000058aeec0
   r15 00007ffdbb671330
  /lib64/libpthread.so.0(+0xf6d0) [0x2aad86a666d0]
  /lib64/libc.so.6(kill+0x7) [0x2aad86fab547]
  /opt/cluster/programs/g16-c.01/g16/cubegen() [0x40fe24]
  /lib64/libc.so.6(__libc_start_main+0xf5) [0x2aad86f97445]
/var/spool/slurm//job7311521/slurm_script: line 60: 171534 Aborted                 $g16root/g16/cubegen 0 Potential $FCKFILE $ESPFILE -2 h
cp: cannot stat ‘gaussian_3_water_hf_adz_dens.cube’: No such file or directory
cp: cannot stat ‘gaussian_3_water_hf_adz_esp.cube’: No such file or directory
