node102.cluster
Error: segmentation violation
   rax 0000000000000000, rbx ffffffffffffffff, rcx ffffffffffffffff
   rdx 000000000002dfb2, rsp 00007ffc8c205378, rbp 00007ffc8c2058f0
   rsi 000000000000000b, rdi 000000000002dfb2, r8  0000000000000020
   r9  0000000000000401, r10 00007ffc8c204de0, r11 0000000000000206
   r12 00007ffc8c205938, r13 0000000000000000, r14 0000000000000000
   r15 00000000000003e6
  /lib64/libpthread.so.0(+0xf6d0) [0x2aae2cd0c6d0]
  /lib64/libc.so.6(kill+0x7) [0x2aae2d251547]
  /opt/cluster/programs/g16-c.01/g16/l1.exe() [0x4b8975]
  /opt/cluster/programs/g16-c.01/g16/l1.exe() [0x4f867a]
  /opt/cluster/programs/g16-c.01/g16/l1.exe() [0x4d56ab]
  /opt/cluster/programs/g16-c.01/g16/l1.exe() [0x41d5c6]
  /opt/cluster/programs/g16-c.01/g16/l1.exe() [0x410c4c]
  /opt/cluster/programs/g16-c.01/g16/l1.exe() [0x40d185]
  /opt/cluster/programs/g16-c.01/g16/l1.exe() [0x40cbd7]
  /opt/cluster/programs/g16-c.01/g16/l1.exe() [0x40cb24]
  /lib64/libc.so.6(__libc_start_main+0xf5) [0x2aae2d23d445]
  /opt/cluster/programs/g16-c.01/g16/l1.exe() [0x407269]
 Read checkpoint file gaussian_131_water_hf_adz.chk type Unk
 Write formatted file gaussian_131_water_hf_adz.fchk
 Will use up to     0 threads.
 Top CubeGen          Mon Feb 20 10:07:39 2023
 Aft UFChkP           Mon Feb 20 10:07:39 2023        0.07 cpu,        0.07 elapsed
 Could not find " ","Total SCF Density" on formatted checkpoint file.
 Error termination via Lnk1e at Mon Feb 20 10:07:39 2023.
Error: segmentation violation
   rax 0000000000000000, rbx 00000000058b0be0, rcx ffffffffffffffff
   rdx 000000000002dfc4, rsp 00007fff442d0658, rbp 00007fff442d06b0
   rsi 000000000000000b, rdi 000000000002dfc4, r8  00002b3c4cd6bac0
   r9  00002b3c4cd6bac0, r10 00007fff442d00e0, r11 0000000000000202
   r12 00000000058aeb0b, r13 000000000697d288, r14 00000000058aeec0
   r15 00007fff442d28f0
  /lib64/libpthread.so.0(+0xf6d0) [0x2b3c4d2656d0]
  /lib64/libc.so.6(kill+0x7) [0x2b3c4d7aa547]
  /opt/cluster/programs/g16-c.01/g16/cubegen() [0x40fe24]
  /lib64/libc.so.6(__libc_start_main+0xf5) [0x2b3c4d796445]
/var/spool/slurm//job7311649/slurm_script: line 57: 188356 Aborted                 $g16root/g16/cubegen 0 Density $FCKFILE $DNSFILE -2 h
 Will use up to     0 threads.
 Top CubeGen          Mon Feb 20 10:07:39 2023
 Aft UFChkP           Mon Feb 20 10:07:39 2023        0.06 cpu,        0.07 elapsed
 Could not find " ","Total SCF Density" on formatted checkpoint file.
 Error termination via Lnk1e at Mon Feb 20 10:07:39 2023.
Error: segmentation violation
   rax 0000000000000000, rbx 00000000058b0be0, rcx ffffffffffffffff
   rdx 000000000002dfd0, rsp 00007ffc56665df8, rbp 00007ffc56665e50
   rsi 000000000000000b, rdi 000000000002dfd0, r8  00002aaf9b002ac0
   r9  00002aaf9b002ac0, r10 00007ffc56665860, r11 0000000000000202
   r12 00000000058aeb0b, r13 000000000697d288, r14 00000000058aeec0
   r15 00007ffc56668090
  /lib64/libpthread.so.0(+0xf6d0) [0x2aaf9b4fc6d0]
  /lib64/libc.so.6(kill+0x7) [0x2aaf9ba41547]
  /opt/cluster/programs/g16-c.01/g16/cubegen() [0x40fe24]
  /lib64/libc.so.6(__libc_start_main+0xf5) [0x2aaf9ba2d445]
/var/spool/slurm//job7311649/slurm_script: line 60: 188368 Aborted                 $g16root/g16/cubegen 0 Potential $FCKFILE $ESPFILE -2 h
cp: cannot stat ‘gaussian_131_water_hf_adz_dens.cube’: No such file or directory
cp: cannot stat ‘gaussian_131_water_hf_adz_esp.cube’: No such file or directory
