node68.cluster
 Read checkpoint file gaussian_31_water_b3lyp_pdz.chk type G16
 Write formatted file gaussian_31_water_b3lyp_pdz.fchk
 FChkPn:  Coordinates translated and rotated.
 FChkPn:  Coordinates match /B/ after translation and rotation.
 Will use up to     0 threads.
 Top CubeGen          Wed Feb  8 14:50:08 2023
 Aft UFChkP           Wed Feb  8 14:50:08 2023        0.09 cpu,        0.10 elapsed
 Aft DecCub           Wed Feb  8 14:50:08 2023        0.00 cpu,        0.00 elapsed
 Aft Density          Wed Feb  8 14:50:08 2023        0.00 cpu,        0.00 elapsed
 Bef DoCube           Wed Feb  8 14:50:08 2023        0.00 cpu,        0.00 elapsed
 There are a total of       29791 grid points.
 ElSum from          density=        8.1620238555
 Aft DoCube           Wed Feb  8 14:50:08 2023        0.04 cpu,        0.04 elapsed
 Will use up to     0 threads.
 Top CubeGen          Wed Feb  8 14:50:08 2023
 Aft UFChkP           Wed Feb  8 14:50:08 2023        0.09 cpu,        0.10 elapsed
 Aft DecCub           Wed Feb  8 14:50:08 2023        0.00 cpu,        0.00 elapsed
 Aft Density          Wed Feb  8 14:50:08 2023        0.00 cpu,        0.00 elapsed
 Bef DoCube           Wed Feb  8 14:50:08 2023        0.00 cpu,        0.00 elapsed
 There are a total of       29791 grid points.
 ElSum from          density=       13.5882453240
 Aft DoCube           Wed Feb  8 14:50:08 2023        0.14 cpu,        0.14 elapsed
