node105.cluster
Error: segmentation violation
   rax 0000000000000000, rbx ffffffffffffffff, rcx ffffffffffffffff
   rdx 000000000002bb7d, rsp 00007fff9cb836a8, rbp 00007fff9cb83c20
   rsi 000000000000000b, rdi 000000000002bb7d, r8  0000000000000020
   r9  0000000000000401, r10 00007fff9cb83120, r11 0000000000000202
   r12 00007fff9cb83c68, r13 0000000000000000, r14 0000000000000000
   r15 00000000000003e6
  /lib64/libpthread.so.0(+0xf6d0) [0x2abadccdd6d0]
  /lib64/libc.so.6(kill+0x7) [0x2abadd222547]
  /opt/cluster/programs/g16-c.01/g16/l1.exe() [0x4b8975]
  /opt/cluster/programs/g16-c.01/g16/l1.exe() [0x4f867a]
  /opt/cluster/programs/g16-c.01/g16/l1.exe() [0x4d56ab]
  /opt/cluster/programs/g16-c.01/g16/l1.exe() [0x41d5c6]
  /opt/cluster/programs/g16-c.01/g16/l1.exe() [0x410c4c]
  /opt/cluster/programs/g16-c.01/g16/l1.exe() [0x40d185]
  /opt/cluster/programs/g16-c.01/g16/l1.exe() [0x40cbd7]
  /opt/cluster/programs/g16-c.01/g16/l1.exe() [0x40cb24]
  /lib64/libc.so.6(__libc_start_main+0xf5) [0x2abadd20e445]
  /opt/cluster/programs/g16-c.01/g16/l1.exe() [0x407269]
 Read checkpoint file gaussian_125_water_hf_adz2.chk type Unk
 Write formatted file gaussian_125_water_hf_adz2.fchk
 Will use up to     0 threads.
 Top CubeGen          Mon Feb 20 10:10:57 2023
 Aft UFChkP           Mon Feb 20 10:10:57 2023        0.07 cpu,        0.07 elapsed
 Could not find " ","Total SCF Density" on formatted checkpoint file.
 Error termination via Lnk1e at Mon Feb 20 10:10:57 2023.
Error: segmentation violation
   rax 0000000000000000, rbx 00000000058b0be0, rcx ffffffffffffffff
   rdx 000000000002bbbd, rsp 00007fffeafaf758, rbp 00007fffeafaf7b0
   rsi 000000000000000b, rdi 000000000002bbbd, r8  00002b6a3b206ac0
   r9  00002b6a3b206ac0, r10 00007fffeafaf1e0, r11 0000000000000202
   r12 00000000058aeb0b, r13 000000000697d288, r14 00000000058aeec0
   r15 00007fffeafb19f0
  /lib64/libpthread.so.0(+0xf6d0) [0x2b6a3b7006d0]
  /lib64/libc.so.6(kill+0x7) [0x2b6a3bc45547]
  /opt/cluster/programs/g16-c.01/g16/cubegen() [0x40fe24]
  /lib64/libc.so.6(__libc_start_main+0xf5) [0x2b6a3bc31445]
/var/spool/slurm//job7311823/slurm_script: line 57: 179133 Aborted                 $g16root/g16/cubegen 0 Density $FCKFILE $DNSFILE -2 h
 Will use up to     0 threads.
 Top CubeGen          Mon Feb 20 10:10:58 2023
 Aft UFChkP           Mon Feb 20 10:10:58 2023        0.07 cpu,        0.07 elapsed
 Could not find " ","Total SCF Density" on formatted checkpoint file.
 Error termination via Lnk1e at Mon Feb 20 10:10:58 2023.
Error: segmentation violation
   rax 0000000000000000, rbx 00000000058b0be0, rcx ffffffffffffffff
   rdx 000000000002bbee, rsp 00007ffe258c5c98, rbp 00007ffe258c5cf0
   rsi 000000000000000b, rdi 000000000002bbee, r8  00002adf35e78ac0
   r9  00002adf35e78ac0, r10 00007ffe258c5720, r11 0000000000000202
   r12 00000000058aeb0b, r13 000000000697d288, r14 00000000058aeec0
   r15 00007ffe258c7f30
  /lib64/libpthread.so.0(+0xf6d0) [0x2adf363726d0]
  /lib64/libc.so.6(kill+0x7) [0x2adf368b7547]
  /opt/cluster/programs/g16-c.01/g16/cubegen() [0x40fe24]
  /lib64/libc.so.6(__libc_start_main+0xf5) [0x2adf368a3445]
/var/spool/slurm//job7311823/slurm_script: line 60: 179182 Aborted                 $g16root/g16/cubegen 0 Potential $FCKFILE $ESPFILE -2 h
cp: cannot stat ‘gaussian_125_water_hf_adz2_dens.cube’: No such file or directory
cp: cannot stat ‘gaussian_125_water_hf_adz2_esp.cube’: No such file or directory
