node105.cluster
Error: segmentation violation
   rax 0000000000000000, rbx ffffffffffffffff, rcx ffffffffffffffff
   rdx 0000000000029f7e, rsp 00007ffd652707d8, rbp 00007ffd65270d50
   rsi 000000000000000b, rdi 0000000000029f7e, r8  0000000000000020
   r9  0000000000000401, r10 00007ffd65270260, r11 0000000000000206
   r12 00007ffd65270d98, r13 0000000000000000, r14 0000000000000000
   r15 00000000000003e6
  /lib64/libpthread.so.0(+0xf6d0) [0x2b102a3636d0]
  /lib64/libc.so.6(kill+0x7) [0x2b102a8a8547]
  /opt/cluster/programs/g16-c.01/g16/l1.exe() [0x4b8975]
  /opt/cluster/programs/g16-c.01/g16/l1.exe() [0x4f867a]
  /opt/cluster/programs/g16-c.01/g16/l1.exe() [0x4d56ab]
  /opt/cluster/programs/g16-c.01/g16/l1.exe() [0x41d5c6]
  /opt/cluster/programs/g16-c.01/g16/l1.exe() [0x410c4c]
  /opt/cluster/programs/g16-c.01/g16/l1.exe() [0x40d185]
  /opt/cluster/programs/g16-c.01/g16/l1.exe() [0x40cbd7]
  /opt/cluster/programs/g16-c.01/g16/l1.exe() [0x40cb24]
  /lib64/libc.so.6(__libc_start_main+0xf5) [0x2b102a894445]
  /opt/cluster/programs/g16-c.01/g16/l1.exe() [0x407269]
 Read checkpoint file gaussian_24_water_hf_adz.chk type Unk
 Write formatted file gaussian_24_water_hf_adz.fchk
 Will use up to     0 threads.
 Top CubeGen          Mon Feb 20 10:05:47 2023
 Aft UFChkP           Mon Feb 20 10:05:47 2023        0.07 cpu,        0.07 elapsed
 Could not find " ","Total SCF Density" on formatted checkpoint file.
 Error termination via Lnk1e at Mon Feb 20 10:05:47 2023.
Error: segmentation violation
   rax 0000000000000000, rbx 00000000058b0be0, rcx ffffffffffffffff
   rdx 0000000000029fd6, rsp 00007fffcf096518, rbp 00007fffcf096570
   rsi 000000000000000b, rdi 0000000000029fd6, r8  00002b501c675ac0
   r9  00002b501c675ac0, r10 00007fffcf095fa0, r11 0000000000000206
   r12 00000000058aeb0b, r13 000000000697d288, r14 00000000058aeec0
   r15 00007fffcf0987b0
  /lib64/libpthread.so.0(+0xf6d0) [0x2b501cb6f6d0]
  /lib64/libc.so.6(kill+0x7) [0x2b501d0b4547]
  /opt/cluster/programs/g16-c.01/g16/cubegen() [0x40fe24]
  /lib64/libc.so.6(__libc_start_main+0xf5) [0x2b501d0a0445]
/var/spool/slurm//job7311542/slurm_script: line 57: 171990 Aborted                 $g16root/g16/cubegen 0 Density $FCKFILE $DNSFILE -2 h
 Will use up to     0 threads.
 Top CubeGen          Mon Feb 20 10:05:48 2023
 Aft UFChkP           Mon Feb 20 10:05:48 2023        0.07 cpu,        0.07 elapsed
 Could not find " ","Total SCF Density" on formatted checkpoint file.
 Error termination via Lnk1e at Mon Feb 20 10:05:48 2023.
Error: segmentation violation
   rax 0000000000000000, rbx 00000000058b0be0, rcx ffffffffffffffff
   rdx 0000000000029ffe, rsp 00007ffcb1a03c08, rbp 00007ffcb1a03c60
   rsi 000000000000000b, rdi 0000000000029ffe, r8  00002b2e039eaac0
   r9  00002b2e039eaac0, r10 00007ffcb1a03660, r11 0000000000000202
   r12 00000000058aeb0b, r13 000000000697d288, r14 00000000058aeec0
   r15 00007ffcb1a05ea0
  /lib64/libpthread.so.0(+0xf6d0) [0x2b2e03ee46d0]
  /lib64/libc.so.6(kill+0x7) [0x2b2e04429547]
  /opt/cluster/programs/g16-c.01/g16/cubegen() [0x40fe24]
  /lib64/libc.so.6(__libc_start_main+0xf5) [0x2b2e04415445]
/var/spool/slurm//job7311542/slurm_script: line 60: 172030 Aborted                 $g16root/g16/cubegen 0 Potential $FCKFILE $ESPFILE -2 h
cp: cannot stat ‘gaussian_24_water_hf_adz_dens.cube’: No such file or directory
cp: cannot stat ‘gaussian_24_water_hf_adz_esp.cube’: No such file or directory
