node106.cluster
Error: segmentation violation
   rax 0000000000000000, rbx ffffffffffffffff, rcx ffffffffffffffff
   rdx 0000000000025e8a, rsp 00007ffe4bceae68, rbp 00007ffe4bceb3e0
   rsi 000000000000000b, rdi 0000000000025e8a, r8  0000000000000020
   r9  0000000000000401, r10 00007ffe4bcea8e0, r11 0000000000000202
   r12 00007ffe4bceb428, r13 0000000000000000, r14 0000000000000000
   r15 00000000000003e6
  /lib64/libpthread.so.0(+0xf6d0) [0x2b71b714c6d0]
  /lib64/libc.so.6(kill+0x7) [0x2b71b7691547]
  /opt/cluster/programs/g16-c.01/g16/l1.exe() [0x4b8975]
  /opt/cluster/programs/g16-c.01/g16/l1.exe() [0x4f867a]
  /opt/cluster/programs/g16-c.01/g16/l1.exe() [0x4d56ab]
  /opt/cluster/programs/g16-c.01/g16/l1.exe() [0x41d5c6]
  /opt/cluster/programs/g16-c.01/g16/l1.exe() [0x410c4c]
  /opt/cluster/programs/g16-c.01/g16/l1.exe() [0x40d185]
  /opt/cluster/programs/g16-c.01/g16/l1.exe() [0x40cbd7]
  /opt/cluster/programs/g16-c.01/g16/l1.exe() [0x40cb24]
  /lib64/libc.so.6(__libc_start_main+0xf5) [0x2b71b767d445]
  /opt/cluster/programs/g16-c.01/g16/l1.exe() [0x407269]
 Read checkpoint file gaussian_36_water_hf_adz2.chk type Unk
 Write formatted file gaussian_36_water_hf_adz2.fchk
 Will use up to     0 threads.
 Top CubeGen          Mon Feb 20 10:09:25 2023
 Aft UFChkP           Mon Feb 20 10:09:25 2023        0.07 cpu,        0.07 elapsed
 Could not find " ","Total SCF Density" on formatted checkpoint file.
 Error termination via Lnk1e at Mon Feb 20 10:09:25 2023.
Error: segmentation violation
   rax 0000000000000000, rbx 00000000058b0be0, rcx ffffffffffffffff
   rdx 0000000000025ef4, rsp 00007ffe51621278, rbp 00007ffe516212d0
   rsi 000000000000000b, rdi 0000000000025ef4, r8  00002b6d80e87ac0
   r9  00002b6d80e87ac0, r10 00007ffe51620ce0, r11 0000000000000206
   r12 00000000058aeb0b, r13 000000000697d288, r14 00000000058aeec0
   r15 00007ffe51623510
  /lib64/libpthread.so.0(+0xf6d0) [0x2b6d813816d0]
  /lib64/libc.so.6(kill+0x7) [0x2b6d818c6547]
  /opt/cluster/programs/g16-c.01/g16/cubegen() [0x40fe24]
  /lib64/libc.so.6(__libc_start_main+0xf5) [0x2b6d818b2445]
/var/spool/slurm//job7311734/slurm_script: line 57: 155380 Aborted                 $g16root/g16/cubegen 0 Density $FCKFILE $DNSFILE -2 h
 Will use up to     0 threads.
 Top CubeGen          Mon Feb 20 10:09:25 2023
 Aft UFChkP           Mon Feb 20 10:09:25 2023        0.06 cpu,        0.07 elapsed
 Could not find " ","Total SCF Density" on formatted checkpoint file.
 Error termination via Lnk1e at Mon Feb 20 10:09:25 2023.
Error: segmentation violation
   rax 0000000000000000, rbx 00000000058b0be0, rcx ffffffffffffffff
   rdx 0000000000025f24, rsp 00007ffe6dc0be78, rbp 00007ffe6dc0bed0
   rsi 000000000000000b, rdi 0000000000025f24, r8  00002ae166334ac0
   r9  00002ae166334ac0, r10 00007ffe6dc0b8e0, r11 0000000000000206
   r12 00000000058aeb0b, r13 000000000697d288, r14 00000000058aeec0
   r15 00007ffe6dc0e110
  /lib64/libpthread.so.0(+0xf6d0) [0x2ae16682e6d0]
  /lib64/libc.so.6(kill+0x7) [0x2ae166d73547]
  /opt/cluster/programs/g16-c.01/g16/cubegen() [0x40fe24]
  /lib64/libc.so.6(__libc_start_main+0xf5) [0x2ae166d5f445]
/var/spool/slurm//job7311734/slurm_script: line 60: 155428 Aborted                 $g16root/g16/cubegen 0 Potential $FCKFILE $ESPFILE -2 h
cp: cannot stat ‘gaussian_36_water_hf_adz2_dens.cube’: No such file or directory
cp: cannot stat ‘gaussian_36_water_hf_adz2_esp.cube’: No such file or directory
