node105.cluster
Error: segmentation violation
   rax 0000000000000000, rbx ffffffffffffffff, rcx ffffffffffffffff
   rdx 0000000000029f6b, rsp 00007fffa7f14028, rbp 00007fffa7f145a0
   rsi 000000000000000b, rdi 0000000000029f6b, r8  0000000000000020
   r9  0000000000000401, r10 00007fffa7f13aa0, r11 0000000000000206
   r12 00007fffa7f145e8, r13 0000000000000000, r14 0000000000000000
   r15 00000000000003e6
  /lib64/libpthread.so.0(+0xf6d0) [0x2b82886606d0]
  /lib64/libc.so.6(kill+0x7) [0x2b8288ba5547]
  /opt/cluster/programs/g16-c.01/g16/l1.exe() [0x4b8975]
  /opt/cluster/programs/g16-c.01/g16/l1.exe() [0x4f867a]
  /opt/cluster/programs/g16-c.01/g16/l1.exe() [0x4d56ab]
  /opt/cluster/programs/g16-c.01/g16/l1.exe() [0x41d5c6]
  /opt/cluster/programs/g16-c.01/g16/l1.exe() [0x410c4c]
  /opt/cluster/programs/g16-c.01/g16/l1.exe() [0x40d185]
  /opt/cluster/programs/g16-c.01/g16/l1.exe() [0x40cbd7]
  /opt/cluster/programs/g16-c.01/g16/l1.exe() [0x40cb24]
  /lib64/libc.so.6(__libc_start_main+0xf5) [0x2b8288b91445]
  /opt/cluster/programs/g16-c.01/g16/l1.exe() [0x407269]
 Read checkpoint file gaussian_23_water_hf_adz.chk type Unk
 Write formatted file gaussian_23_water_hf_adz.fchk
 Will use up to     0 threads.
 Top CubeGen          Mon Feb 20 10:05:47 2023
 Aft UFChkP           Mon Feb 20 10:05:47 2023        0.07 cpu,        0.07 elapsed
 Could not find " ","Total SCF Density" on formatted checkpoint file.
 Error termination via Lnk1e at Mon Feb 20 10:05:47 2023.
Error: segmentation violation
   rax 0000000000000000, rbx 00000000058b0be0, rcx ffffffffffffffff
   rdx 0000000000029fd9, rsp 00007ffda4aef1d8, rbp 00007ffda4aef230
   rsi 000000000000000b, rdi 0000000000029fd9, r8  00002b6392f89ac0
   r9  00002b6392f89ac0, r10 00007ffda4aeec60, r11 0000000000000206
   r12 00000000058aeb0b, r13 000000000697d288, r14 00000000058aeec0
   r15 00007ffda4af1470
  /lib64/libpthread.so.0(+0xf6d0) [0x2b63934836d0]
  /lib64/libc.so.6(kill+0x7) [0x2b63939c8547]
  /opt/cluster/programs/g16-c.01/g16/cubegen() [0x40fe24]
  /lib64/libc.so.6(__libc_start_main+0xf5) [0x2b63939b4445]
/var/spool/slurm//job7311541/slurm_script: line 57: 171993 Aborted                 $g16root/g16/cubegen 0 Density $FCKFILE $DNSFILE -2 h
 Will use up to     0 threads.
 Top CubeGen          Mon Feb 20 10:05:48 2023
 Aft UFChkP           Mon Feb 20 10:05:48 2023        0.07 cpu,        0.07 elapsed
 Could not find " ","Total SCF Density" on formatted checkpoint file.
 Error termination via Lnk1e at Mon Feb 20 10:05:48 2023.
Error: segmentation violation
   rax 0000000000000000, rbx 00000000058b0be0, rcx ffffffffffffffff
   rdx 000000000002a00c, rsp 00007ffd57d126a8, rbp 00007ffd57d12700
   rsi 000000000000000b, rdi 000000000002a00c, r8  00002b35b6887ac0
   r9  00002b35b6887ac0, r10 00007ffd57d12120, r11 0000000000000202
   r12 00000000058aeb0b, r13 000000000697d288, r14 00000000058aeec0
   r15 00007ffd57d14940
  /lib64/libpthread.so.0(+0xf6d0) [0x2b35b6d816d0]
  /lib64/libc.so.6(kill+0x7) [0x2b35b72c6547]
  /opt/cluster/programs/g16-c.01/g16/cubegen() [0x40fe24]
  /lib64/libc.so.6(__libc_start_main+0xf5) [0x2b35b72b2445]
/var/spool/slurm//job7311541/slurm_script: line 60: 172044 Aborted                 $g16root/g16/cubegen 0 Potential $FCKFILE $ESPFILE -2 h
cp: cannot stat ‘gaussian_23_water_hf_adz_dens.cube’: No such file or directory
cp: cannot stat ‘gaussian_23_water_hf_adz_esp.cube’: No such file or directory
