node106.cluster
Error: segmentation violation
   rax 0000000000000000, rbx ffffffffffffffff, rcx ffffffffffffffff
   rdx 000000000002544e, rsp 00007ffc73a38c98, rbp 00007ffc73a39210
   rsi 000000000000000b, rdi 000000000002544e, r8  0000000000000020
   r9  0000000000000401, r10 00007ffc73a38720, r11 0000000000000202
   r12 00007ffc73a39258, r13 0000000000000000, r14 0000000000000000
   r15 00000000000003e6
  /lib64/libpthread.so.0(+0xf6d0) [0x2b9ab6dbd6d0]
  /lib64/libc.so.6(kill+0x7) [0x2b9ab7302547]
  /opt/cluster/programs/g16-c.01/g16/l1.exe() [0x4b8975]
  /opt/cluster/programs/g16-c.01/g16/l1.exe() [0x4f867a]
  /opt/cluster/programs/g16-c.01/g16/l1.exe() [0x4d56ab]
  /opt/cluster/programs/g16-c.01/g16/l1.exe() [0x41d5c6]
  /opt/cluster/programs/g16-c.01/g16/l1.exe() [0x410c4c]
  /opt/cluster/programs/g16-c.01/g16/l1.exe() [0x40d185]
  /opt/cluster/programs/g16-c.01/g16/l1.exe() [0x40cbd7]
  /opt/cluster/programs/g16-c.01/g16/l1.exe() [0x40cb24]
  /lib64/libc.so.6(__libc_start_main+0xf5) [0x2b9ab72ee445]
  /opt/cluster/programs/g16-c.01/g16/l1.exe() [0x407269]
 Read checkpoint file gaussian_110_water_hf_adz.chk type Unk
 Write formatted file gaussian_110_water_hf_adz.fchk
 Will use up to     0 threads.
 Top CubeGen          Mon Feb 20 10:07:09 2023
 Aft UFChkP           Mon Feb 20 10:07:09 2023        0.07 cpu,        0.07 elapsed
 Could not find " ","Total SCF Density" on formatted checkpoint file.
 Error termination via Lnk1e at Mon Feb 20 10:07:09 2023.
Error: segmentation violation
   rax 0000000000000000, rbx 00000000058b0be0, rcx ffffffffffffffff
   rdx 000000000002548d, rsp 00007ffcbe7e3a58, rbp 00007ffcbe7e3ab0
   rsi 000000000000000b, rdi 000000000002548d, r8  00002ba252bfdac0
   r9  00002ba252bfdac0, r10 00007ffcbe7e34e0, r11 0000000000000202
   r12 00000000058aeb0b, r13 000000000697d288, r14 00000000058aeec0
   r15 00007ffcbe7e5cf0
  /lib64/libpthread.so.0(+0xf6d0) [0x2ba2530f76d0]
  /lib64/libc.so.6(kill+0x7) [0x2ba25363c547]
  /opt/cluster/programs/g16-c.01/g16/cubegen() [0x40fe24]
  /lib64/libc.so.6(__libc_start_main+0xf5) [0x2ba253628445]
/var/spool/slurm//job7311628/slurm_script: line 57: 152717 Aborted                 $g16root/g16/cubegen 0 Density $FCKFILE $DNSFILE -2 h
 Will use up to     0 threads.
 Top CubeGen          Mon Feb 20 10:07:09 2023
 Aft UFChkP           Mon Feb 20 10:07:09 2023        0.07 cpu,        0.07 elapsed
 Could not find " ","Total SCF Density" on formatted checkpoint file.
 Error termination via Lnk1e at Mon Feb 20 10:07:09 2023.
Error: segmentation violation
   rax 0000000000000000, rbx 00000000058b0be0, rcx ffffffffffffffff
   rdx 00000000000254bc, rsp 00007ffce9b062b8, rbp 00007ffce9b06310
   rsi 000000000000000b, rdi 00000000000254bc, r8  00002ab7e5499ac0
   r9  00002ab7e5499ac0, r10 00007ffce9b05d20, r11 0000000000000206
   r12 00000000058aeb0b, r13 000000000697d288, r14 00000000058aeec0
   r15 00007ffce9b08550
  /lib64/libpthread.so.0(+0xf6d0) [0x2ab7e59936d0]
  /lib64/libc.so.6(kill+0x7) [0x2ab7e5ed8547]
  /opt/cluster/programs/g16-c.01/g16/cubegen() [0x40fe24]
  /lib64/libc.so.6(__libc_start_main+0xf5) [0x2ab7e5ec4445]
/var/spool/slurm//job7311628/slurm_script: line 60: 152764 Aborted                 $g16root/g16/cubegen 0 Potential $FCKFILE $ESPFILE -2 h
cp: cannot stat ‘gaussian_110_water_hf_adz_dens.cube’: No such file or directory
cp: cannot stat ‘gaussian_110_water_hf_adz_esp.cube’: No such file or directory
