node106.cluster
Error: segmentation violation
   rax 0000000000000000, rbx ffffffffffffffff, rcx ffffffffffffffff
   rdx 0000000000026627, rsp 00007ffddf3ca1c8, rbp 00007ffddf3ca740
   rsi 000000000000000b, rdi 0000000000026627, r8  0000000000000020
   r9  0000000000000401, r10 00007ffddf3c9c20, r11 0000000000000202
   r12 00007ffddf3ca788, r13 0000000000000000, r14 0000000000000000
   r15 00000000000003e6
  /lib64/libpthread.so.0(+0xf6d0) [0x2ac732b826d0]
  /lib64/libc.so.6(kill+0x7) [0x2ac7330c7547]
  /opt/cluster/programs/g16-c.01/g16/l1.exe() [0x4b8975]
  /opt/cluster/programs/g16-c.01/g16/l1.exe() [0x4f867a]
  /opt/cluster/programs/g16-c.01/g16/l1.exe() [0x4d56ab]
  /opt/cluster/programs/g16-c.01/g16/l1.exe() [0x41d5c6]
  /opt/cluster/programs/g16-c.01/g16/l1.exe() [0x410c4c]
  /opt/cluster/programs/g16-c.01/g16/l1.exe() [0x40d185]
  /opt/cluster/programs/g16-c.01/g16/l1.exe() [0x40cbd7]
  /opt/cluster/programs/g16-c.01/g16/l1.exe() [0x40cb24]
  /lib64/libc.so.6(__libc_start_main+0xf5) [0x2ac7330b3445]
  /opt/cluster/programs/g16-c.01/g16/l1.exe() [0x407269]
 Read checkpoint file gaussian_116_water_hf_adz2.chk type Unk
 Write formatted file gaussian_116_water_hf_adz2.fchk
 Will use up to     0 threads.
 Top CubeGen          Mon Feb 20 10:10:47 2023
 Aft UFChkP           Mon Feb 20 10:10:47 2023        0.06 cpu,        0.07 elapsed
 Could not find " ","Total SCF Density" on formatted checkpoint file.
 Error termination via Lnk1e at Mon Feb 20 10:10:47 2023.
Error: segmentation violation
   rax 0000000000000000, rbx 00000000058b0be0, rcx ffffffffffffffff
   rdx 0000000000026696, rsp 00007ffd72afe7c8, rbp 00007ffd72afe820
   rsi 000000000000000b, rdi 0000000000026696, r8  00002b9889718ac0
   r9  00002b9889718ac0, r10 00007ffd72afe220, r11 0000000000000202
   r12 00000000058aeb0b, r13 000000000697d288, r14 00000000058aeec0
   r15 00007ffd72b00a60
  /lib64/libpthread.so.0(+0xf6d0) [0x2b9889c126d0]
  /lib64/libc.so.6(kill+0x7) [0x2b988a157547]
  /opt/cluster/programs/g16-c.01/g16/cubegen() [0x40fe24]
  /lib64/libc.so.6(__libc_start_main+0xf5) [0x2b988a143445]
/var/spool/slurm//job7311814/slurm_script: line 57: 157334 Aborted                 $g16root/g16/cubegen 0 Density $FCKFILE $DNSFILE -2 h
 Will use up to     0 threads.
 Top CubeGen          Mon Feb 20 10:10:48 2023
 Aft UFChkP           Mon Feb 20 10:10:48 2023        0.07 cpu,        0.07 elapsed
 Could not find " ","Total SCF Density" on formatted checkpoint file.
 Error termination via Lnk1e at Mon Feb 20 10:10:48 2023.
Error: segmentation violation
   rax 0000000000000000, rbx 00000000058b0be0, rcx ffffffffffffffff
   rdx 00000000000266c7, rsp 00007ffcb3e0d7c8, rbp 00007ffcb3e0d820
   rsi 000000000000000b, rdi 00000000000266c7, r8  00002b7b9f28fac0
   r9  00002b7b9f28fac0, r10 00007ffcb3e0d220, r11 0000000000000202
   r12 00000000058aeb0b, r13 000000000697d288, r14 00000000058aeec0
   r15 00007ffcb3e0fa60
  /lib64/libpthread.so.0(+0xf6d0) [0x2b7b9f7896d0]
  /lib64/libc.so.6(kill+0x7) [0x2b7b9fcce547]
  /opt/cluster/programs/g16-c.01/g16/cubegen() [0x40fe24]
  /lib64/libc.so.6(__libc_start_main+0xf5) [0x2b7b9fcba445]
/var/spool/slurm//job7311814/slurm_script: line 60: 157383 Aborted                 $g16root/g16/cubegen 0 Potential $FCKFILE $ESPFILE -2 h
cp: cannot stat ‘gaussian_116_water_hf_adz2_dens.cube’: No such file or directory
cp: cannot stat ‘gaussian_116_water_hf_adz2_esp.cube’: No such file or directory
