node71.cluster
 Read checkpoint file gaussian_141_water_ccsdt_adz.chk type G16
 Write formatted file gaussian_141_water_ccsdt_adz.fchk
 FChkPn:  Coordinates translated and rotated.
 FChkPn:  Coordinates match /B/ after translation and rotation.
 Will use up to     0 threads.
 Top CubeGen          Wed Feb  8 14:50:35 2023
 Aft UFChkP           Wed Feb  8 14:50:35 2023        0.14 cpu,        0.14 elapsed
 Aft DecCub           Wed Feb  8 14:50:35 2023        0.01 cpu,        0.01 elapsed
 Aft Density          Wed Feb  8 14:50:35 2023        0.00 cpu,        0.00 elapsed
 Bef DoCube           Wed Feb  8 14:50:35 2023        0.00 cpu,        0.00 elapsed
 There are a total of       29791 grid points.
 ElSum from          density=        8.1608966971
 Aft DoCube           Wed Feb  8 14:50:35 2023        0.08 cpu,        0.08 elapsed
 Will use up to     0 threads.
 Top CubeGen          Wed Feb  8 14:50:35 2023
 Aft UFChkP           Wed Feb  8 14:50:35 2023        0.12 cpu,        0.12 elapsed
 Aft DecCub           Wed Feb  8 14:50:35 2023        0.00 cpu,        0.00 elapsed
 Aft Density          Wed Feb  8 14:50:35 2023        0.00 cpu,        0.00 elapsed
 Bef DoCube           Wed Feb  8 14:50:35 2023        0.00 cpu,        0.00 elapsed
 There are a total of       29791 grid points.
 ElSum from          density=       13.6144691419
 Aft DoCube           Wed Feb  8 14:50:35 2023        0.36 cpu,        0.35 elapsed
