node106.cluster
Error: segmentation violation
   rax 0000000000000000, rbx ffffffffffffffff, rcx ffffffffffffffff
   rdx 0000000000025159, rsp 00007ffde445d628, rbp 00007ffde445dba0
   rsi 000000000000000b, rdi 0000000000025159, r8  0000000000000020
   r9  0000000000000401, r10 00007ffde445d0a0, r11 0000000000000206
   r12 00007ffde445dbe8, r13 0000000000000000, r14 0000000000000000
   r15 00000000000003e6
  /lib64/libpthread.so.0(+0xf6d0) [0x2b898c2aa6d0]
  /lib64/libc.so.6(kill+0x7) [0x2b898c7ef547]
  /opt/cluster/programs/g16-c.01/g16/l1.exe() [0x4b8975]
  /opt/cluster/programs/g16-c.01/g16/l1.exe() [0x4f867a]
  /opt/cluster/programs/g16-c.01/g16/l1.exe() [0x4d56ab]
  /opt/cluster/programs/g16-c.01/g16/l1.exe() [0x41d5c6]
  /opt/cluster/programs/g16-c.01/g16/l1.exe() [0x410c4c]
  /opt/cluster/programs/g16-c.01/g16/l1.exe() [0x40d185]
  /opt/cluster/programs/g16-c.01/g16/l1.exe() [0x40cbd7]
  /opt/cluster/programs/g16-c.01/g16/l1.exe() [0x40cb24]
  /lib64/libc.so.6(__libc_start_main+0xf5) [0x2b898c7db445]
  /opt/cluster/programs/g16-c.01/g16/l1.exe() [0x407269]
 Read checkpoint file gaussian_80_water_hf_adz.chk type Unk
 Write formatted file gaussian_80_water_hf_adz.fchk
 Will use up to     0 threads.
 Top CubeGen          Mon Feb 20 10:06:38 2023
 Aft UFChkP           Mon Feb 20 10:06:38 2023        0.07 cpu,        0.07 elapsed
 Could not find " ","Total SCF Density" on formatted checkpoint file.
 Error termination via Lnk1e at Mon Feb 20 10:06:38 2023.
Error: segmentation violation
   rax 0000000000000000, rbx 00000000058b0be0, rcx ffffffffffffffff
   rdx 0000000000025198, rsp 00007fffebd326e8, rbp 00007fffebd32740
   rsi 000000000000000b, rdi 0000000000025198, r8  00002af148175ac0
   r9  00002af148175ac0, r10 00007fffebd32160, r11 0000000000000206
   r12 00000000058aeb0b, r13 000000000697d288, r14 00000000058aeec0
   r15 00007fffebd34980
  /lib64/libpthread.so.0(+0xf6d0) [0x2af14866f6d0]
  /lib64/libc.so.6(kill+0x7) [0x2af148bb4547]
  /opt/cluster/programs/g16-c.01/g16/cubegen() [0x40fe24]
  /lib64/libc.so.6(__libc_start_main+0xf5) [0x2af148ba0445]
/var/spool/slurm//job7311598/slurm_script: line 57: 151960 Aborted                 $g16root/g16/cubegen 0 Density $FCKFILE $DNSFILE -2 h
 Will use up to     0 threads.
 Top CubeGen          Mon Feb 20 10:06:39 2023
 Aft UFChkP           Mon Feb 20 10:06:39 2023        0.07 cpu,        0.07 elapsed
 Could not find " ","Total SCF Density" on formatted checkpoint file.
 Error termination via Lnk1e at Mon Feb 20 10:06:39 2023.
Error: segmentation violation
   rax 0000000000000000, rbx 00000000058b0be0, rcx ffffffffffffffff
   rdx 00000000000251c8, rsp 00007ffe5fb28b28, rbp 00007ffe5fb28b80
   rsi 000000000000000b, rdi 00000000000251c8, r8  00002b479fd8eac0
   r9  00002b479fd8eac0, r10 00007ffe5fb285a0, r11 0000000000000206
   r12 00000000058aeb0b, r13 000000000697d288, r14 00000000058aeec0
   r15 00007ffe5fb2adc0
  /lib64/libpthread.so.0(+0xf6d0) [0x2b47a02886d0]
  /lib64/libc.so.6(kill+0x7) [0x2b47a07cd547]
  /opt/cluster/programs/g16-c.01/g16/cubegen() [0x40fe24]
  /lib64/libc.so.6(__libc_start_main+0xf5) [0x2b47a07b9445]
/var/spool/slurm//job7311598/slurm_script: line 60: 152008 Aborted                 $g16root/g16/cubegen 0 Potential $FCKFILE $ESPFILE -2 h
cp: cannot stat ‘gaussian_80_water_hf_adz_dens.cube’: No such file or directory
cp: cannot stat ‘gaussian_80_water_hf_adz_esp.cube’: No such file or directory
