node60.cluster
 Read checkpoint file gaussian_149_water_hf_pdz.chk type G16
 Write formatted file gaussian_149_water_hf_pdz.fchk
 FChkPn:  Coordinates translated and rotated.
 FChkPn:  Coordinates match /B/ after translation and rotation.
 Will use up to     0 threads.
 Top CubeGen          Wed Feb  8 15:07:12 2023
 Aft UFChkP           Wed Feb  8 15:07:12 2023        0.11 cpu,        0.12 elapsed
 Aft DecCub           Wed Feb  8 15:07:12 2023        0.01 cpu,        0.01 elapsed
 Aft Density          Wed Feb  8 15:07:12 2023        0.00 cpu,        0.00 elapsed
 Bef DoCube           Wed Feb  8 15:07:12 2023        0.00 cpu,        0.00 elapsed
 There are a total of       29791 grid points.
 ElSum from          density=        8.1571625017
 Aft DoCube           Wed Feb  8 15:07:12 2023        0.04 cpu,        0.04 elapsed
 Will use up to     0 threads.
 Top CubeGen          Wed Feb  8 15:07:12 2023
 Aft UFChkP           Wed Feb  8 15:07:12 2023        0.10 cpu,        0.10 elapsed
 Aft DecCub           Wed Feb  8 15:07:12 2023        0.00 cpu,        0.00 elapsed
 Aft Density          Wed Feb  8 15:07:12 2023        0.00 cpu,        0.00 elapsed
 Bef DoCube           Wed Feb  8 15:07:12 2023        0.00 cpu,        0.00 elapsed
 There are a total of       29791 grid points.
 ElSum from          density=       13.5960382938
 Aft DoCube           Wed Feb  8 15:07:13 2023        0.16 cpu,        0.15 elapsed
