node105.cluster
Error: segmentation violation
   rax 0000000000000000, rbx ffffffffffffffff, rcx ffffffffffffffff
   rdx 000000000002a97b, rsp 00007ffff82978d8, rbp 00007ffff8297e50
   rsi 000000000000000b, rdi 000000000002a97b, r8  0000000000000020
   r9  0000000000000401, r10 00007ffff8297360, r11 0000000000000206
   r12 00007ffff8297e98, r13 0000000000000000, r14 0000000000000000
   r15 00000000000003e6
  /lib64/libpthread.so.0(+0xf6d0) [0x2b7d2e4a46d0]
  /lib64/libc.so.6(kill+0x7) [0x2b7d2e9e9547]
  /opt/cluster/programs/g16-c.01/g16/l1.exe() [0x4b8975]
  /opt/cluster/programs/g16-c.01/g16/l1.exe() [0x4f867a]
  /opt/cluster/programs/g16-c.01/g16/l1.exe() [0x4d56ab]
  /opt/cluster/programs/g16-c.01/g16/l1.exe() [0x41d5c6]
  /opt/cluster/programs/g16-c.01/g16/l1.exe() [0x410c4c]
  /opt/cluster/programs/g16-c.01/g16/l1.exe() [0x40d185]
  /opt/cluster/programs/g16-c.01/g16/l1.exe() [0x40cbd7]
  /opt/cluster/programs/g16-c.01/g16/l1.exe() [0x40cb24]
  /lib64/libc.so.6(__libc_start_main+0xf5) [0x2b7d2e9d5445]
  /opt/cluster/programs/g16-c.01/g16/l1.exe() [0x407269]
 Read checkpoint file gaussian_123_water_hf_adz.chk type Unk
 Write formatted file gaussian_123_water_hf_adz.fchk
 Will use up to     0 threads.
 Top CubeGen          Mon Feb 20 10:07:29 2023
 Aft UFChkP           Mon Feb 20 10:07:29 2023        0.06 cpu,        0.07 elapsed
 Could not find " ","Total SCF Density" on formatted checkpoint file.
 Error termination via Lnk1e at Mon Feb 20 10:07:29 2023.
Error: segmentation violation
   rax 0000000000000000, rbx 00000000058b0be0, rcx ffffffffffffffff
   rdx 000000000002a9a9, rsp 00007fffd9bbd1a8, rbp 00007fffd9bbd200
   rsi 000000000000000b, rdi 000000000002a9a9, r8  00002b94ea958ac0
   r9  00002b94ea958ac0, r10 00007fffd9bbcc20, r11 0000000000000202
   r12 00000000058aeb0b, r13 000000000697d288, r14 00000000058aeec0
   r15 00007fffd9bbf440
  /lib64/libpthread.so.0(+0xf6d0) [0x2b94eae526d0]
  /lib64/libc.so.6(kill+0x7) [0x2b94eb397547]
  /opt/cluster/programs/g16-c.01/g16/cubegen() [0x40fe24]
  /lib64/libc.so.6(__libc_start_main+0xf5) [0x2b94eb383445]
/var/spool/slurm//job7311641/slurm_script: line 57: 174505 Aborted                 $g16root/g16/cubegen 0 Density $FCKFILE $DNSFILE -2 h
 Will use up to     0 threads.
 Top CubeGen          Mon Feb 20 10:07:29 2023
 Aft UFChkP           Mon Feb 20 10:07:29 2023        0.06 cpu,        0.06 elapsed
 Could not find " ","Total SCF Density" on formatted checkpoint file.
 Error termination via Lnk1e at Mon Feb 20 10:07:29 2023.
Error: segmentation violation
   rax 0000000000000000, rbx 00000000058b0be0, rcx ffffffffffffffff
   rdx 000000000002a9c1, rsp 00007ffdfaabf5c8, rbp 00007ffdfaabf620
   rsi 000000000000000b, rdi 000000000002a9c1, r8  00002b59761efac0
   r9  00002b59761efac0, r10 00007ffdfaabf020, r11 0000000000000202
   r12 00000000058aeb0b, r13 000000000697d288, r14 00000000058aeec0
   r15 00007ffdfaac1860
  /lib64/libpthread.so.0(+0xf6d0) [0x2b59766e96d0]
  /lib64/libc.so.6(kill+0x7) [0x2b5976c2e547]
  /opt/cluster/programs/g16-c.01/g16/cubegen() [0x40fe24]
  /lib64/libc.so.6(__libc_start_main+0xf5) [0x2b5976c1a445]
/var/spool/slurm//job7311641/slurm_script: line 60: 174529 Aborted                 $g16root/g16/cubegen 0 Potential $FCKFILE $ESPFILE -2 h
cp: cannot stat ‘gaussian_123_water_hf_adz_dens.cube’: No such file or directory
cp: cannot stat ‘gaussian_123_water_hf_adz_esp.cube’: No such file or directory
