node106.cluster
Error: segmentation violation
   rax 0000000000000000, rbx ffffffffffffffff, rcx ffffffffffffffff
   rdx 000000000002541d, rsp 00007ffc9e7a6648, rbp 00007ffc9e7a6bc0
   rsi 000000000000000b, rdi 000000000002541d, r8  0000000000000020
   r9  0000000000000401, r10 00007ffc9e7a60a0, r11 0000000000000206
   r12 00007ffc9e7a6c08, r13 0000000000000000, r14 0000000000000000
   r15 00000000000003e6
  /lib64/libpthread.so.0(+0xf6d0) [0x2b696a4ba6d0]
  /lib64/libc.so.6(kill+0x7) [0x2b696a9ff547]
  /opt/cluster/programs/g16-c.01/g16/l1.exe() [0x4b8975]
  /opt/cluster/programs/g16-c.01/g16/l1.exe() [0x4f867a]
  /opt/cluster/programs/g16-c.01/g16/l1.exe() [0x4d56ab]
  /opt/cluster/programs/g16-c.01/g16/l1.exe() [0x41d5c6]
  /opt/cluster/programs/g16-c.01/g16/l1.exe() [0x410c4c]
  /opt/cluster/programs/g16-c.01/g16/l1.exe() [0x40d185]
  /opt/cluster/programs/g16-c.01/g16/l1.exe() [0x40cbd7]
  /opt/cluster/programs/g16-c.01/g16/l1.exe() [0x40cb24]
  /lib64/libc.so.6(__libc_start_main+0xf5) [0x2b696a9eb445]
  /opt/cluster/programs/g16-c.01/g16/l1.exe() [0x407269]
 Read checkpoint file gaussian_107_water_hf_adz.chk type Unk
 Write formatted file gaussian_107_water_hf_adz.fchk
 Will use up to     0 threads.
 Top CubeGen          Mon Feb 20 10:07:09 2023
 Aft UFChkP           Mon Feb 20 10:07:09 2023        0.07 cpu,        0.07 elapsed
 Could not find " ","Total SCF Density" on formatted checkpoint file.
 Error termination via Lnk1e at Mon Feb 20 10:07:09 2023.
Error: segmentation violation
   rax 0000000000000000, rbx 00000000058b0be0, rcx ffffffffffffffff
   rdx 000000000002548a, rsp 00007fff4f839e28, rbp 00007fff4f839e80
   rsi 000000000000000b, rdi 000000000002548a, r8  00002b677c94bac0
   r9  00002b677c94bac0, r10 00007fff4f8398a0, r11 0000000000000206
   r12 00000000058aeb0b, r13 000000000697d288, r14 00000000058aeec0
   r15 00007fff4f83c0c0
  /lib64/libpthread.so.0(+0xf6d0) [0x2b677ce456d0]
  /lib64/libc.so.6(kill+0x7) [0x2b677d38a547]
  /opt/cluster/programs/g16-c.01/g16/cubegen() [0x40fe24]
  /lib64/libc.so.6(__libc_start_main+0xf5) [0x2b677d376445]
/var/spool/slurm//job7311625/slurm_script: line 57: 152714 Aborted                 $g16root/g16/cubegen 0 Density $FCKFILE $DNSFILE -2 h
 Will use up to     0 threads.
 Top CubeGen          Mon Feb 20 10:07:09 2023
 Aft UFChkP           Mon Feb 20 10:07:09 2023        0.07 cpu,        0.07 elapsed
 Could not find " ","Total SCF Density" on formatted checkpoint file.
 Error termination via Lnk1e at Mon Feb 20 10:07:09 2023.
Error: segmentation violation
   rax 0000000000000000, rbx 00000000058b0be0, rcx ffffffffffffffff
   rdx 00000000000254b5, rsp 00007ffccbbd5788, rbp 00007ffccbbd57e0
   rsi 000000000000000b, rdi 00000000000254b5, r8  00002b8e85c45ac0
   r9  00002b8e85c45ac0, r10 00007ffccbbd51e0, r11 0000000000000206
   r12 00000000058aeb0b, r13 000000000697d288, r14 00000000058aeec0
   r15 00007ffccbbd7a20
  /lib64/libpthread.so.0(+0xf6d0) [0x2b8e8613f6d0]
  /lib64/libc.so.6(kill+0x7) [0x2b8e86684547]
  /opt/cluster/programs/g16-c.01/g16/cubegen() [0x40fe24]
  /lib64/libc.so.6(__libc_start_main+0xf5) [0x2b8e86670445]
/var/spool/slurm//job7311625/slurm_script: line 60: 152757 Aborted                 $g16root/g16/cubegen 0 Potential $FCKFILE $ESPFILE -2 h
cp: cannot stat ‘gaussian_107_water_hf_adz_dens.cube’: No such file or directory
cp: cannot stat ‘gaussian_107_water_hf_adz_esp.cube’: No such file or directory
