node106.cluster
Error: segmentation violation
   rax 0000000000000000, rbx ffffffffffffffff, rcx ffffffffffffffff
   rdx 00000000000257cf, rsp 00007ffe52b0ef88, rbp 00007ffe52b0f500
   rsi 000000000000000b, rdi 00000000000257cf, r8  0000000000000020
   r9  0000000000000401, r10 00007ffe52b0e9e0, r11 0000000000000206
   r12 00007ffe52b0f548, r13 0000000000000000, r14 0000000000000000
   r15 00000000000003e6
  /lib64/libpthread.so.0(+0xf6d0) [0x2aacb740c6d0]
  /lib64/libc.so.6(kill+0x7) [0x2aacb7951547]
  /opt/cluster/programs/g16-c.01/g16/l1.exe() [0x4b8975]
  /opt/cluster/programs/g16-c.01/g16/l1.exe() [0x4f867a]
  /opt/cluster/programs/g16-c.01/g16/l1.exe() [0x4d56ab]
  /opt/cluster/programs/g16-c.01/g16/l1.exe() [0x41d5c6]
  /opt/cluster/programs/g16-c.01/g16/l1.exe() [0x410c4c]
  /opt/cluster/programs/g16-c.01/g16/l1.exe() [0x40d185]
  /opt/cluster/programs/g16-c.01/g16/l1.exe() [0x40cbd7]
  /opt/cluster/programs/g16-c.01/g16/l1.exe() [0x40cb24]
  /lib64/libc.so.6(__libc_start_main+0xf5) [0x2aacb793d445]
  /opt/cluster/programs/g16-c.01/g16/l1.exe() [0x407269]
 Read checkpoint file gaussian_147_water_hf_adz.chk type Unk
 Write formatted file gaussian_147_water_hf_adz.fchk
 Will use up to     0 threads.
 Top CubeGen          Mon Feb 20 10:07:50 2023
 Aft UFChkP           Mon Feb 20 10:07:50 2023        0.06 cpu,        0.07 elapsed
 Could not find " ","Total SCF Density" on formatted checkpoint file.
 Error termination via Lnk1e at Mon Feb 20 10:07:50 2023.
Error: segmentation violation
   rax 0000000000000000, rbx 00000000058b0be0, rcx ffffffffffffffff
   rdx 000000000002583e, rsp 00007ffe5f992838, rbp 00007ffe5f992890
   rsi 000000000000000b, rdi 000000000002583e, r8  00002b247c3f6ac0
   r9  00002b247c3f6ac0, r10 00007ffe5f9922a0, r11 0000000000000202
   r12 00000000058aeb0b, r13 000000000697d288, r14 00000000058aeec0
   r15 00007ffe5f994ad0
  /lib64/libpthread.so.0(+0xf6d0) [0x2b247c8f06d0]
  /lib64/libc.so.6(kill+0x7) [0x2b247ce35547]
  /opt/cluster/programs/g16-c.01/g16/cubegen() [0x40fe24]
  /lib64/libc.so.6(__libc_start_main+0xf5) [0x2b247ce21445]
/var/spool/slurm//job7311665/slurm_script: line 57: 153662 Aborted                 $g16root/g16/cubegen 0 Density $FCKFILE $DNSFILE -2 h
 Will use up to     0 threads.
 Top CubeGen          Mon Feb 20 10:07:50 2023
 Aft UFChkP           Mon Feb 20 10:07:50 2023        0.07 cpu,        0.08 elapsed
 Could not find " ","Total SCF Density" on formatted checkpoint file.
 Error termination via Lnk1e at Mon Feb 20 10:07:50 2023.
Error: segmentation violation
   rax 0000000000000000, rbx 00000000058b0be0, rcx ffffffffffffffff
   rdx 000000000002586e, rsp 00007ffd168558d8, rbp 00007ffd16855930
   rsi 000000000000000b, rdi 000000000002586e, r8  00002b703111dac0
   r9  00002b703111dac0, r10 00007ffd16855360, r11 0000000000000206
   r12 00000000058aeb0b, r13 000000000697d288, r14 00000000058aeec0
   r15 00007ffd16857b70
  /lib64/libpthread.so.0(+0xf6d0) [0x2b70316176d0]
  /lib64/libc.so.6(kill+0x7) [0x2b7031b5c547]
  /opt/cluster/programs/g16-c.01/g16/cubegen() [0x40fe24]
  /lib64/libc.so.6(__libc_start_main+0xf5) [0x2b7031b48445]
/var/spool/slurm//job7311665/slurm_script: line 60: 153710 Aborted                 $g16root/g16/cubegen 0 Potential $FCKFILE $ESPFILE -2 h
cp: cannot stat ‘gaussian_147_water_hf_adz_dens.cube’: No such file or directory
cp: cannot stat ‘gaussian_147_water_hf_adz_esp.cube’: No such file or directory
