node106.cluster
Error: segmentation violation
   rax 0000000000000000, rbx ffffffffffffffff, rcx ffffffffffffffff
   rdx 0000000000025344, rsp 00007fffaf268d88, rbp 00007fffaf269300
   rsi 000000000000000b, rdi 0000000000025344, r8  0000000000000020
   r9  0000000000000401, r10 00007fffaf2687e0, r11 0000000000000206
   r12 00007fffaf269348, r13 0000000000000000, r14 0000000000000000
   r15 00000000000003e6
  /lib64/libpthread.so.0(+0xf6d0) [0x2b799f6986d0]
  /lib64/libc.so.6(kill+0x7) [0x2b799fbdd547]
  /opt/cluster/programs/g16-c.01/g16/l1.exe() [0x4b8975]
  /opt/cluster/programs/g16-c.01/g16/l1.exe() [0x4f867a]
  /opt/cluster/programs/g16-c.01/g16/l1.exe() [0x4d56ab]
  /opt/cluster/programs/g16-c.01/g16/l1.exe() [0x41d5c6]
  /opt/cluster/programs/g16-c.01/g16/l1.exe() [0x410c4c]
  /opt/cluster/programs/g16-c.01/g16/l1.exe() [0x40d185]
  /opt/cluster/programs/g16-c.01/g16/l1.exe() [0x40cbd7]
  /opt/cluster/programs/g16-c.01/g16/l1.exe() [0x40cb24]
  /lib64/libc.so.6(__libc_start_main+0xf5) [0x2b799fbc9445]
  /opt/cluster/programs/g16-c.01/g16/l1.exe() [0x407269]
 Read checkpoint file gaussian_98_water_hf_adz.chk type Unk
 Write formatted file gaussian_98_water_hf_adz.fchk
 Will use up to     0 threads.
 Top CubeGen          Mon Feb 20 10:06:59 2023
 Aft UFChkP           Mon Feb 20 10:06:59 2023        0.07 cpu,        0.07 elapsed
 Could not find " ","Total SCF Density" on formatted checkpoint file.
 Error termination via Lnk1e at Mon Feb 20 10:06:59 2023.
Error: segmentation violation
   rax 0000000000000000, rbx 00000000058b0be0, rcx ffffffffffffffff
   rdx 000000000002538f, rsp 00007fffeb780428, rbp 00007fffeb780480
   rsi 000000000000000b, rdi 000000000002538f, r8  00002b7414c5dac0
   r9  00002b7414c5dac0, r10 00007fffeb77fea0, r11 0000000000000206
   r12 00000000058aeb0b, r13 000000000697d288, r14 00000000058aeec0
   r15 00007fffeb7826c0
  /lib64/libpthread.so.0(+0xf6d0) [0x2b74151576d0]
  /lib64/libc.so.6(kill+0x7) [0x2b741569c547]
  /opt/cluster/programs/g16-c.01/g16/cubegen() [0x40fe24]
  /lib64/libc.so.6(__libc_start_main+0xf5) [0x2b7415688445]
/var/spool/slurm//job7311616/slurm_script: line 57: 152463 Aborted                 $g16root/g16/cubegen 0 Density $FCKFILE $DNSFILE -2 h
 Will use up to     0 threads.
 Top CubeGen          Mon Feb 20 10:06:59 2023
 Aft UFChkP           Mon Feb 20 10:06:59 2023        0.06 cpu,        0.07 elapsed
 Could not find " ","Total SCF Density" on formatted checkpoint file.
 Error termination via Lnk1e at Mon Feb 20 10:06:59 2023.
Error: segmentation violation
   rax 0000000000000000, rbx 00000000058b0be0, rcx ffffffffffffffff
   rdx 00000000000253bf, rsp 00007ffcf5132508, rbp 00007ffcf5132560
   rsi 000000000000000b, rdi 00000000000253bf, r8  00002b266dbc2ac0
   r9  00002b266dbc2ac0, r10 00007ffcf5131f60, r11 0000000000000202
   r12 00000000058aeb0b, r13 000000000697d288, r14 00000000058aeec0
   r15 00007ffcf51347a0
  /lib64/libpthread.so.0(+0xf6d0) [0x2b266e0bc6d0]
  /lib64/libc.so.6(kill+0x7) [0x2b266e601547]
  /opt/cluster/programs/g16-c.01/g16/cubegen() [0x40fe24]
  /lib64/libc.so.6(__libc_start_main+0xf5) [0x2b266e5ed445]
/var/spool/slurm//job7311616/slurm_script: line 60: 152511 Aborted                 $g16root/g16/cubegen 0 Potential $FCKFILE $ESPFILE -2 h
cp: cannot stat ‘gaussian_98_water_hf_adz_dens.cube’: No such file or directory
cp: cannot stat ‘gaussian_98_water_hf_adz_esp.cube’: No such file or directory
