node105.cluster
Error: segmentation violation
   rax 0000000000000000, rbx ffffffffffffffff, rcx ffffffffffffffff
   rdx 000000000002a898, rsp 00007fffe9749438, rbp 00007fffe97499b0
   rsi 000000000000000b, rdi 000000000002a898, r8  0000000000000020
   r9  0000000000000401, r10 00007fffe9748ea0, r11 0000000000000202
   r12 00007fffe97499f8, r13 0000000000000000, r14 0000000000000000
   r15 00000000000003e6
  /lib64/libpthread.so.0(+0xf6d0) [0x2b92b70036d0]
  /lib64/libc.so.6(kill+0x7) [0x2b92b7548547]
  /opt/cluster/programs/g16-c.01/g16/l1.exe() [0x4b8975]
  /opt/cluster/programs/g16-c.01/g16/l1.exe() [0x4f867a]
  /opt/cluster/programs/g16-c.01/g16/l1.exe() [0x4d56ab]
  /opt/cluster/programs/g16-c.01/g16/l1.exe() [0x41d5c6]
  /opt/cluster/programs/g16-c.01/g16/l1.exe() [0x410c4c]
  /opt/cluster/programs/g16-c.01/g16/l1.exe() [0x40d185]
  /opt/cluster/programs/g16-c.01/g16/l1.exe() [0x40cbd7]
  /opt/cluster/programs/g16-c.01/g16/l1.exe() [0x40cb24]
  /lib64/libc.so.6(__libc_start_main+0xf5) [0x2b92b7534445]
  /opt/cluster/programs/g16-c.01/g16/l1.exe() [0x407269]
 Read checkpoint file gaussian_114_water_hf_adz.chk type Unk
 Write formatted file gaussian_114_water_hf_adz.fchk
 Will use up to     0 threads.
 Top CubeGen          Mon Feb 20 10:07:19 2023
 Aft UFChkP           Mon Feb 20 10:07:19 2023        0.07 cpu,        0.07 elapsed
 Could not find " ","Total SCF Density" on formatted checkpoint file.
 Error termination via Lnk1e at Mon Feb 20 10:07:19 2023.
Error: segmentation violation
   rax 0000000000000000, rbx 00000000058b0be0, rcx ffffffffffffffff
   rdx 000000000002a8f3, rsp 00007ffed9776968, rbp 00007ffed97769c0
   rsi 000000000000000b, rdi 000000000002a8f3, r8  00002b8489347ac0
   r9  00002b8489347ac0, r10 00007ffed97763e0, r11 0000000000000202
   r12 00000000058aeb0b, r13 000000000697d288, r14 00000000058aeec0
   r15 00007ffed9778c00
  /lib64/libpthread.so.0(+0xf6d0) [0x2b84898416d0]
  /lib64/libc.so.6(kill+0x7) [0x2b8489d86547]
  /opt/cluster/programs/g16-c.01/g16/cubegen() [0x40fe24]
  /lib64/libc.so.6(__libc_start_main+0xf5) [0x2b8489d72445]
/var/spool/slurm//job7311632/slurm_script: line 57: 174323 Aborted                 $g16root/g16/cubegen 0 Density $FCKFILE $DNSFILE -2 h
 Will use up to     0 threads.
 Top CubeGen          Mon Feb 20 10:07:19 2023
 Aft UFChkP           Mon Feb 20 10:07:19 2023        0.07 cpu,        0.07 elapsed
 Could not find " ","Total SCF Density" on formatted checkpoint file.
 Error termination via Lnk1e at Mon Feb 20 10:07:19 2023.
Error: segmentation violation
   rax 0000000000000000, rbx 00000000058b0be0, rcx ffffffffffffffff
   rdx 000000000002a921, rsp 00007fff34f21b68, rbp 00007fff34f21bc0
   rsi 000000000000000b, rdi 000000000002a921, r8  00002ac5179c2ac0
   r9  00002ac5179c2ac0, r10 00007fff34f215e0, r11 0000000000000202
   r12 00000000058aeb0b, r13 000000000697d288, r14 00000000058aeec0
   r15 00007fff34f23e00
  /lib64/libpthread.so.0(+0xf6d0) [0x2ac517ebc6d0]
  /lib64/libc.so.6(kill+0x7) [0x2ac518401547]
  /opt/cluster/programs/g16-c.01/g16/cubegen() [0x40fe24]
  /lib64/libc.so.6(__libc_start_main+0xf5) [0x2ac5183ed445]
/var/spool/slurm//job7311632/slurm_script: line 60: 174369 Aborted                 $g16root/g16/cubegen 0 Potential $FCKFILE $ESPFILE -2 h
cp: cannot stat ‘gaussian_114_water_hf_adz_dens.cube’: No such file or directory
cp: cannot stat ‘gaussian_114_water_hf_adz_esp.cube’: No such file or directory
