node105.cluster
Error: segmentation violation
   rax 0000000000000000, rbx ffffffffffffffff, rcx ffffffffffffffff
   rdx 000000000002a7ba, rsp 00007ffd7ec296f8, rbp 00007ffd7ec29c70
   rsi 000000000000000b, rdi 000000000002a7ba, r8  0000000000000020
   r9  0000000000000401, r10 00007ffd7ec29160, r11 0000000000000202
   r12 00007ffd7ec29cb8, r13 0000000000000000, r14 0000000000000000
   r15 00000000000003e6
  /lib64/libpthread.so.0(+0xf6d0) [0x2b2a2019a6d0]
  /lib64/libc.so.6(kill+0x7) [0x2b2a206df547]
  /opt/cluster/programs/g16-c.01/g16/l1.exe() [0x4b8975]
  /opt/cluster/programs/g16-c.01/g16/l1.exe() [0x4f867a]
  /opt/cluster/programs/g16-c.01/g16/l1.exe() [0x4d56ab]
  /opt/cluster/programs/g16-c.01/g16/l1.exe() [0x41d5c6]
  /opt/cluster/programs/g16-c.01/g16/l1.exe() [0x410c4c]
  /opt/cluster/programs/g16-c.01/g16/l1.exe() [0x40d185]
  /opt/cluster/programs/g16-c.01/g16/l1.exe() [0x40cbd7]
  /opt/cluster/programs/g16-c.01/g16/l1.exe() [0x40cb24]
  /lib64/libc.so.6(__libc_start_main+0xf5) [0x2b2a206cb445]
  /opt/cluster/programs/g16-c.01/g16/l1.exe() [0x407269]
 Read checkpoint file gaussian_106_water_hf_adz.chk type Unk
 Write formatted file gaussian_106_water_hf_adz.fchk
 Will use up to     0 threads.
 Top CubeGen          Mon Feb 20 10:07:09 2023
 Aft UFChkP           Mon Feb 20 10:07:09 2023        0.07 cpu,        0.07 elapsed
 Could not find " ","Total SCF Density" on formatted checkpoint file.
 Error termination via Lnk1e at Mon Feb 20 10:07:09 2023.
Error: segmentation violation
   rax 0000000000000000, rbx 00000000058b0be0, rcx ffffffffffffffff
   rdx 000000000002a7fa, rsp 00007ffdcb8648a8, rbp 00007ffdcb864900
   rsi 000000000000000b, rdi 000000000002a7fa, r8  00002b0c05204ac0
   r9  00002b0c05204ac0, r10 00007ffdcb864320, r11 0000000000000202
   r12 00000000058aeb0b, r13 000000000697d288, r14 00000000058aeec0
   r15 00007ffdcb866b40
  /lib64/libpthread.so.0(+0xf6d0) [0x2b0c056fe6d0]
  /lib64/libc.so.6(kill+0x7) [0x2b0c05c43547]
  /opt/cluster/programs/g16-c.01/g16/cubegen() [0x40fe24]
  /lib64/libc.so.6(__libc_start_main+0xf5) [0x2b0c05c2f445]
/var/spool/slurm//job7311624/slurm_script: line 57: 174074 Aborted                 $g16root/g16/cubegen 0 Density $FCKFILE $DNSFILE -2 h
 Will use up to     0 threads.
 Top CubeGen          Mon Feb 20 10:07:09 2023
 Aft UFChkP           Mon Feb 20 10:07:09 2023        0.07 cpu,        0.07 elapsed
 Could not find " ","Total SCF Density" on formatted checkpoint file.
 Error termination via Lnk1e at Mon Feb 20 10:07:09 2023.
Error: segmentation violation
   rax 0000000000000000, rbx 00000000058b0be0, rcx ffffffffffffffff
   rdx 000000000002a82b, rsp 00007ffd6ef5fe18, rbp 00007ffd6ef5fe70
   rsi 000000000000000b, rdi 000000000002a82b, r8  00002aafec554ac0
   r9  00002aafec554ac0, r10 00007ffd6ef5f8a0, r11 0000000000000206
   r12 00000000058aeb0b, r13 000000000697d288, r14 00000000058aeec0
   r15 00007ffd6ef620b0
  /lib64/libpthread.so.0(+0xf6d0) [0x2aafeca4e6d0]
  /lib64/libc.so.6(kill+0x7) [0x2aafecf93547]
  /opt/cluster/programs/g16-c.01/g16/cubegen() [0x40fe24]
  /lib64/libc.so.6(__libc_start_main+0xf5) [0x2aafecf7f445]
/var/spool/slurm//job7311624/slurm_script: line 60: 174123 Aborted                 $g16root/g16/cubegen 0 Potential $FCKFILE $ESPFILE -2 h
cp: cannot stat ‘gaussian_106_water_hf_adz_dens.cube’: No such file or directory
cp: cannot stat ‘gaussian_106_water_hf_adz_esp.cube’: No such file or directory
