node105.cluster
Error: segmentation violation
   rax 0000000000000000, rbx ffffffffffffffff, rcx ffffffffffffffff
   rdx 000000000002b290, rsp 00007ffe48c0c2d8, rbp 00007ffe48c0c850
   rsi 000000000000000b, rdi 000000000002b290, r8  0000000000000020
   r9  0000000000000401, r10 00007ffe48c0bd60, r11 0000000000000206
   r12 00007ffe48c0c898, r13 0000000000000000, r14 0000000000000000
   r15 00000000000003e6
  /lib64/libpthread.so.0(+0xf6d0) [0x2b3269e566d0]
  /lib64/libc.so.6(kill+0x7) [0x2b326a39b547]
  /opt/cluster/programs/g16-c.01/g16/l1.exe() [0x4b8975]
  /opt/cluster/programs/g16-c.01/g16/l1.exe() [0x4f867a]
  /opt/cluster/programs/g16-c.01/g16/l1.exe() [0x4d56ab]
  /opt/cluster/programs/g16-c.01/g16/l1.exe() [0x41d5c6]
  /opt/cluster/programs/g16-c.01/g16/l1.exe() [0x410c4c]
  /opt/cluster/programs/g16-c.01/g16/l1.exe() [0x40d185]
  /opt/cluster/programs/g16-c.01/g16/l1.exe() [0x40cbd7]
  /opt/cluster/programs/g16-c.01/g16/l1.exe() [0x40cb24]
  /lib64/libc.so.6(__libc_start_main+0xf5) [0x2b326a387445]
  /opt/cluster/programs/g16-c.01/g16/l1.exe() [0x407269]
 Read checkpoint file gaussian_35_water_hf_adz2.chk type Unk
 Write formatted file gaussian_35_water_hf_adz2.fchk
 Will use up to     0 threads.
 Top CubeGen          Mon Feb 20 10:09:25 2023
 Aft UFChkP           Mon Feb 20 10:09:25 2023        0.07 cpu,        0.08 elapsed
 Could not find " ","Total SCF Density" on formatted checkpoint file.
 Error termination via Lnk1e at Mon Feb 20 10:09:25 2023.
Error: segmentation violation
   rax 0000000000000000, rbx 00000000058b0be0, rcx ffffffffffffffff
   rdx 000000000002b2da, rsp 00007fff5eab0238, rbp 00007fff5eab0290
   rsi 000000000000000b, rdi 000000000002b2da, r8  00002b4d723f6ac0
   r9  00002b4d723f6ac0, r10 00007fff5eaafca0, r11 0000000000000202
   r12 00000000058aeb0b, r13 000000000697d288, r14 00000000058aeec0
   r15 00007fff5eab24d0
  /lib64/libpthread.so.0(+0xf6d0) [0x2b4d728f06d0]
  /lib64/libc.so.6(kill+0x7) [0x2b4d72e35547]
  /opt/cluster/programs/g16-c.01/g16/cubegen() [0x40fe24]
  /lib64/libc.so.6(__libc_start_main+0xf5) [0x2b4d72e21445]
/var/spool/slurm//job7311733/slurm_script: line 57: 176858 Aborted                 $g16root/g16/cubegen 0 Density $FCKFILE $DNSFILE -2 h
 Will use up to     0 threads.
 Top CubeGen          Mon Feb 20 10:09:25 2023
 Aft UFChkP           Mon Feb 20 10:09:25 2023        0.07 cpu,        0.07 elapsed
 Could not find " ","Total SCF Density" on formatted checkpoint file.
 Error termination via Lnk1e at Mon Feb 20 10:09:25 2023.
Error: segmentation violation
   rax 0000000000000000, rbx 00000000058b0be0, rcx ffffffffffffffff
   rdx 000000000002b309, rsp 00007fff663cb498, rbp 00007fff663cb4f0
   rsi 000000000000000b, rdi 000000000002b309, r8  00002b90676deac0
   r9  00002b90676deac0, r10 00007fff663caf20, r11 0000000000000202
   r12 00000000058aeb0b, r13 000000000697d288, r14 00000000058aeec0
   r15 00007fff663cd730
  /lib64/libpthread.so.0(+0xf6d0) [0x2b9067bd86d0]
  /lib64/libc.so.6(kill+0x7) [0x2b906811d547]
  /opt/cluster/programs/g16-c.01/g16/cubegen() [0x40fe24]
  /lib64/libc.so.6(__libc_start_main+0xf5) [0x2b9068109445]
/var/spool/slurm//job7311733/slurm_script: line 60: 176905 Aborted                 $g16root/g16/cubegen 0 Potential $FCKFILE $ESPFILE -2 h
cp: cannot stat ‘gaussian_35_water_hf_adz2_dens.cube’: No such file or directory
cp: cannot stat ‘gaussian_35_water_hf_adz2_esp.cube’: No such file or directory
