node105.cluster
Error: segmentation violation
   rax 0000000000000000, rbx ffffffffffffffff, rcx ffffffffffffffff
   rdx 000000000002b271, rsp 00007fffdb9104a8, rbp 00007fffdb910a20
   rsi 000000000000000b, rdi 000000000002b271, r8  0000000000000020
   r9  0000000000000401, r10 00007fffdb90ff20, r11 0000000000000202
   r12 00007fffdb910a68, r13 0000000000000000, r14 0000000000000000
   r15 00000000000003e6
  /lib64/libpthread.so.0(+0xf6d0) [0x2b8626a446d0]
  /lib64/libc.so.6(kill+0x7) [0x2b8626f89547]
  /opt/cluster/programs/g16-c.01/g16/l1.exe() [0x4b8975]
  /opt/cluster/programs/g16-c.01/g16/l1.exe() [0x4f867a]
  /opt/cluster/programs/g16-c.01/g16/l1.exe() [0x4d56ab]
  /opt/cluster/programs/g16-c.01/g16/l1.exe() [0x41d5c6]
  /opt/cluster/programs/g16-c.01/g16/l1.exe() [0x410c4c]
  /opt/cluster/programs/g16-c.01/g16/l1.exe() [0x40d185]
  /opt/cluster/programs/g16-c.01/g16/l1.exe() [0x40cbd7]
  /opt/cluster/programs/g16-c.01/g16/l1.exe() [0x40cb24]
  /lib64/libc.so.6(__libc_start_main+0xf5) [0x2b8626f75445]
  /opt/cluster/programs/g16-c.01/g16/l1.exe() [0x407269]
 Read checkpoint file gaussian_33_water_hf_adz2.chk type Unk
 Write formatted file gaussian_33_water_hf_adz2.fchk
 Will use up to     0 threads.
 Top CubeGen          Mon Feb 20 10:09:25 2023
 Aft UFChkP           Mon Feb 20 10:09:25 2023        0.07 cpu,        0.08 elapsed
 Could not find " ","Total SCF Density" on formatted checkpoint file.
 Error termination via Lnk1e at Mon Feb 20 10:09:25 2023.
Error: segmentation violation
   rax 0000000000000000, rbx 00000000058b0be0, rcx ffffffffffffffff
   rdx 000000000002b2db, rsp 00007ffc03b03698, rbp 00007ffc03b036f0
   rsi 000000000000000b, rdi 000000000002b2db, r8  00002ad075fa8ac0
   r9  00002ad075fa8ac0, r10 00007ffc03b03120, r11 0000000000000202
   r12 00000000058aeb0b, r13 000000000697d288, r14 00000000058aeec0
   r15 00007ffc03b05930
  /lib64/libpthread.so.0(+0xf6d0) [0x2ad0764a26d0]
  /lib64/libc.so.6(kill+0x7) [0x2ad0769e7547]
  /opt/cluster/programs/g16-c.01/g16/cubegen() [0x40fe24]
  /lib64/libc.so.6(__libc_start_main+0xf5) [0x2ad0769d3445]
/var/spool/slurm//job7311731/slurm_script: line 57: 176859 Aborted                 $g16root/g16/cubegen 0 Density $FCKFILE $DNSFILE -2 h
 Will use up to     0 threads.
 Top CubeGen          Mon Feb 20 10:09:25 2023
 Aft UFChkP           Mon Feb 20 10:09:25 2023        0.07 cpu,        0.07 elapsed
 Could not find " ","Total SCF Density" on formatted checkpoint file.
 Error termination via Lnk1e at Mon Feb 20 10:09:25 2023.
Error: segmentation violation
   rax 0000000000000000, rbx 00000000058b0be0, rcx ffffffffffffffff
   rdx 000000000002b30a, rsp 00007ffc114bc288, rbp 00007ffc114bc2e0
   rsi 000000000000000b, rdi 000000000002b30a, r8  00002b7d6e7e5ac0
   r9  00002b7d6e7e5ac0, r10 00007ffc114bbce0, r11 0000000000000206
   r12 00000000058aeb0b, r13 000000000697d288, r14 00000000058aeec0
   r15 00007ffc114be520
  /lib64/libpthread.so.0(+0xf6d0) [0x2b7d6ecdf6d0]
  /lib64/libc.so.6(kill+0x7) [0x2b7d6f224547]
  /opt/cluster/programs/g16-c.01/g16/cubegen() [0x40fe24]
  /lib64/libc.so.6(__libc_start_main+0xf5) [0x2b7d6f210445]
/var/spool/slurm//job7311731/slurm_script: line 60: 176906 Aborted                 $g16root/g16/cubegen 0 Potential $FCKFILE $ESPFILE -2 h
cp: cannot stat ‘gaussian_33_water_hf_adz2_dens.cube’: No such file or directory
cp: cannot stat ‘gaussian_33_water_hf_adz2_esp.cube’: No such file or directory
