node101.cluster
Error: segmentation violation
   rax 0000000000000000, rbx ffffffffffffffff, rcx ffffffffffffffff
   rdx 000000000002e2c7, rsp 00007ffe0ff14ec8, rbp 00007ffe0ff15440
   rsi 000000000000000b, rdi 000000000002e2c7, r8  0000000000000020
   r9  0000000000000401, r10 00007ffe0ff14920, r11 0000000000000202
   r12 00007ffe0ff15488, r13 0000000000000000, r14 0000000000000000
   r15 00000000000003e6
  /lib64/libpthread.so.0(+0xf6d0) [0x2b802a1046d0]
  /lib64/libc.so.6(kill+0x7) [0x2b802a649547]
  /opt/cluster/programs/g16-c.01/g16/l1.exe() [0x4b8975]
  /opt/cluster/programs/g16-c.01/g16/l1.exe() [0x4f867a]
  /opt/cluster/programs/g16-c.01/g16/l1.exe() [0x4d56ab]
  /opt/cluster/programs/g16-c.01/g16/l1.exe() [0x41d5c6]
  /opt/cluster/programs/g16-c.01/g16/l1.exe() [0x410c4c]
  /opt/cluster/programs/g16-c.01/g16/l1.exe() [0x40d185]
  /opt/cluster/programs/g16-c.01/g16/l1.exe() [0x40cbd7]
  /opt/cluster/programs/g16-c.01/g16/l1.exe() [0x40cb24]
  /lib64/libc.so.6(__libc_start_main+0xf5) [0x2b802a635445]
  /opt/cluster/programs/g16-c.01/g16/l1.exe() [0x407269]
 Read checkpoint file gaussian_92_water_hf_adz.chk type Unk
 Write formatted file gaussian_92_water_hf_adz.fchk
 Will use up to     0 threads.
 Top CubeGen          Mon Feb 20 10:06:59 2023
 Aft UFChkP           Mon Feb 20 10:06:59 2023        0.06 cpu,        0.07 elapsed
 Could not find " ","Total SCF Density" on formatted checkpoint file.
 Error termination via Lnk1e at Mon Feb 20 10:06:59 2023.
Error: segmentation violation
   rax 0000000000000000, rbx 00000000058b0be0, rcx ffffffffffffffff
   rdx 000000000002e2d9, rsp 00007fff8979fba8, rbp 00007fff8979fc00
   rsi 000000000000000b, rdi 000000000002e2d9, r8  00002b4756df9ac0
   r9  00002b4756df9ac0, r10 00007fff8979f620, r11 0000000000000202
   r12 00000000058aeb0b, r13 000000000697d288, r14 00000000058aeec0
   r15 00007fff897a1e40
  /lib64/libpthread.so.0(+0xf6d0) [0x2b47572f36d0]
  /lib64/libc.so.6(kill+0x7) [0x2b4757838547]
  /opt/cluster/programs/g16-c.01/g16/cubegen() [0x40fe24]
  /lib64/libc.so.6(__libc_start_main+0xf5) [0x2b4757824445]
/var/spool/slurm//job7311610/slurm_script: line 57: 189145 Aborted                 $g16root/g16/cubegen 0 Density $FCKFILE $DNSFILE -2 h
 Will use up to     0 threads.
 Top CubeGen          Mon Feb 20 10:06:59 2023
 Aft UFChkP           Mon Feb 20 10:06:59 2023        0.07 cpu,        0.07 elapsed
 Could not find " ","Total SCF Density" on formatted checkpoint file.
 Error termination via Lnk1e at Mon Feb 20 10:06:59 2023.
Error: segmentation violation
   rax 0000000000000000, rbx 00000000058b0be0, rcx ffffffffffffffff
   rdx 000000000002e2e5, rsp 00007ffcfb3873c8, rbp 00007ffcfb387420
   rsi 000000000000000b, rdi 000000000002e2e5, r8  00002b8881067ac0
   r9  00002b8881067ac0, r10 00007ffcfb386e20, r11 0000000000000202
   r12 00000000058aeb0b, r13 000000000697d288, r14 00000000058aeec0
   r15 00007ffcfb389660
  /lib64/libpthread.so.0(+0xf6d0) [0x2b88815616d0]
  /lib64/libc.so.6(kill+0x7) [0x2b8881aa6547]
  /opt/cluster/programs/g16-c.01/g16/cubegen() [0x40fe24]
  /lib64/libc.so.6(__libc_start_main+0xf5) [0x2b8881a92445]
/var/spool/slurm//job7311610/slurm_script: line 60: 189157 Aborted                 $g16root/g16/cubegen 0 Potential $FCKFILE $ESPFILE -2 h
cp: cannot stat ‘gaussian_92_water_hf_adz_dens.cube’: No such file or directory
cp: cannot stat ‘gaussian_92_water_hf_adz_esp.cube’: No such file or directory
