node106.cluster
Error: segmentation violation
   rax 0000000000000000, rbx ffffffffffffffff, rcx ffffffffffffffff
   rdx 000000000002652b, rsp 00007ffe51d5c4f8, rbp 00007ffe51d5ca70
   rsi 000000000000000b, rdi 000000000002652b, r8  0000000000000020
   r9  0000000000000401, r10 00007ffe51d5bf60, r11 0000000000000202
   r12 00007ffe51d5cab8, r13 0000000000000000, r14 0000000000000000
   r15 00000000000003e6
  /lib64/libpthread.so.0(+0xf6d0) [0x2b1d47ee66d0]
  /lib64/libc.so.6(kill+0x7) [0x2b1d4842b547]
  /opt/cluster/programs/g16-c.01/g16/l1.exe() [0x4b8975]
  /opt/cluster/programs/g16-c.01/g16/l1.exe() [0x4f867a]
  /opt/cluster/programs/g16-c.01/g16/l1.exe() [0x4d56ab]
  /opt/cluster/programs/g16-c.01/g16/l1.exe() [0x41d5c6]
  /opt/cluster/programs/g16-c.01/g16/l1.exe() [0x410c4c]
  /opt/cluster/programs/g16-c.01/g16/l1.exe() [0x40d185]
  /opt/cluster/programs/g16-c.01/g16/l1.exe() [0x40cbd7]
  /opt/cluster/programs/g16-c.01/g16/l1.exe() [0x40cb24]
  /lib64/libc.so.6(__libc_start_main+0xf5) [0x2b1d48417445]
  /opt/cluster/programs/g16-c.01/g16/l1.exe() [0x407269]
 Read checkpoint file gaussian_106_water_hf_adz2.chk type Unk
 Write formatted file gaussian_106_water_hf_adz2.fchk
 Will use up to     0 threads.
 Top CubeGen          Mon Feb 20 10:10:38 2023
 Aft UFChkP           Mon Feb 20 10:10:38 2023        0.06 cpu,        0.07 elapsed
 Could not find " ","Total SCF Density" on formatted checkpoint file.
 Error termination via Lnk1e at Mon Feb 20 10:10:38 2023.
Error: segmentation violation
   rax 0000000000000000, rbx 00000000058b0be0, rcx ffffffffffffffff
   rdx 0000000000026598, rsp 00007ffdee436eb8, rbp 00007ffdee436f10
   rsi 000000000000000b, rdi 0000000000026598, r8  00002b11bc2d4ac0
   r9  00002b11bc2d4ac0, r10 00007ffdee436920, r11 0000000000000206
   r12 00000000058aeb0b, r13 000000000697d288, r14 00000000058aeec0
   r15 00007ffdee439150
  /lib64/libpthread.so.0(+0xf6d0) [0x2b11bc7ce6d0]
  /lib64/libc.so.6(kill+0x7) [0x2b11bcd13547]
  /opt/cluster/programs/g16-c.01/g16/cubegen() [0x40fe24]
  /lib64/libc.so.6(__libc_start_main+0xf5) [0x2b11bccff445]
/var/spool/slurm//job7311804/slurm_script: line 57: 157080 Aborted                 $g16root/g16/cubegen 0 Density $FCKFILE $DNSFILE -2 h
 Will use up to     0 threads.
 Top CubeGen          Mon Feb 20 10:10:38 2023
 Aft UFChkP           Mon Feb 20 10:10:39 2023        0.07 cpu,        0.07 elapsed
 Could not find " ","Total SCF Density" on formatted checkpoint file.
 Error termination via Lnk1e at Mon Feb 20 10:10:39 2023.
Error: segmentation violation
   rax 0000000000000000, rbx 00000000058b0be0, rcx ffffffffffffffff
   rdx 00000000000265c5, rsp 00007ffff830e9c8, rbp 00007ffff830ea20
   rsi 000000000000000b, rdi 00000000000265c5, r8  00002b2fd67eaac0
   r9  00002b2fd67eaac0, r10 00007ffff830e420, r11 0000000000000202
   r12 00000000058aeb0b, r13 000000000697d288, r14 00000000058aeec0
   r15 00007ffff8310c60
  /lib64/libpthread.so.0(+0xf6d0) [0x2b2fd6ce46d0]
  /lib64/libc.so.6(kill+0x7) [0x2b2fd7229547]
  /opt/cluster/programs/g16-c.01/g16/cubegen() [0x40fe24]
  /lib64/libc.so.6(__libc_start_main+0xf5) [0x2b2fd7215445]
/var/spool/slurm//job7311804/slurm_script: line 60: 157125 Aborted                 $g16root/g16/cubegen 0 Potential $FCKFILE $ESPFILE -2 h
cp: cannot stat ‘gaussian_106_water_hf_adz2_dens.cube’: No such file or directory
cp: cannot stat ‘gaussian_106_water_hf_adz2_esp.cube’: No such file or directory
