node59.cluster
 Read checkpoint file gaussian_58_water_ccsdt_atz.chk type G16
 Write formatted file gaussian_58_water_ccsdt_atz.fchk
 FChkPn:  Coordinates translated and rotated.
 FChkPn:  Coordinates match /B/ after translation and rotation.
 Will use up to     0 threads.
 Top CubeGen          Wed Feb  8 13:51:49 2023
 Aft UFChkP           Wed Feb  8 13:51:49 2023        0.17 cpu,        0.18 elapsed
 Aft DecCub           Wed Feb  8 13:51:49 2023        0.03 cpu,        0.02 elapsed
 Aft Density          Wed Feb  8 13:51:49 2023        0.00 cpu,        0.00 elapsed
 Bef DoCube           Wed Feb  8 13:51:49 2023        0.00 cpu,        0.00 elapsed
 There are a total of       29791 grid points.
 ElSum from          density=        8.1563701875
 Aft DoCube           Wed Feb  8 13:51:49 2023        0.12 cpu,        0.12 elapsed
 Will use up to     0 threads.
 Top CubeGen          Wed Feb  8 13:51:49 2023
 Aft UFChkP           Wed Feb  8 13:51:49 2023        0.17 cpu,        0.18 elapsed
 Aft DecCub           Wed Feb  8 13:51:49 2023        0.01 cpu,        0.00 elapsed
 Aft Density          Wed Feb  8 13:51:49 2023        0.00 cpu,        0.00 elapsed
 Bef DoCube           Wed Feb  8 13:51:49 2023        0.00 cpu,        0.00 elapsed
 There are a total of       29791 grid points.
 ElSum from          density=       13.6083976292
 Aft DoCube           Wed Feb  8 13:51:50 2023        1.07 cpu,        1.07 elapsed
