node106.cluster
Error: segmentation violation
   rax 0000000000000000, rbx ffffffffffffffff, rcx ffffffffffffffff
   rdx 0000000000026292, rsp 00007ffdb770d328, rbp 00007ffdb770d8a0
   rsi 000000000000000b, rdi 0000000000026292, r8  0000000000000020
   r9  0000000000000401, r10 00007ffdb770cda0, r11 0000000000000206
   r12 00007ffdb770d8e8, r13 0000000000000000, r14 0000000000000000
   r15 00000000000003e6
  /lib64/libpthread.so.0(+0xf6d0) [0x2ad2c57a16d0]
  /lib64/libc.so.6(kill+0x7) [0x2ad2c5ce6547]
  /opt/cluster/programs/g16-c.01/g16/l1.exe() [0x4b8975]
  /opt/cluster/programs/g16-c.01/g16/l1.exe() [0x4f867a]
  /opt/cluster/programs/g16-c.01/g16/l1.exe() [0x4d56ab]
  /opt/cluster/programs/g16-c.01/g16/l1.exe() [0x41d5c6]
  /opt/cluster/programs/g16-c.01/g16/l1.exe() [0x410c4c]
  /opt/cluster/programs/g16-c.01/g16/l1.exe() [0x40d185]
  /opt/cluster/programs/g16-c.01/g16/l1.exe() [0x40cbd7]
  /opt/cluster/programs/g16-c.01/g16/l1.exe() [0x40cb24]
  /lib64/libc.so.6(__libc_start_main+0xf5) [0x2ad2c5cd2445]
  /opt/cluster/programs/g16-c.01/g16/l1.exe() [0x407269]
 Read checkpoint file gaussian_77_water_hf_adz2.chk type Unk
 Write formatted file gaussian_77_water_hf_adz2.fchk
 Will use up to     0 threads.
 Top CubeGen          Mon Feb 20 10:10:06 2023
 Aft UFChkP           Mon Feb 20 10:10:06 2023        0.07 cpu,        0.07 elapsed
 Could not find " ","Total SCF Density" on formatted checkpoint file.
 Error termination via Lnk1e at Mon Feb 20 10:10:06 2023.
Error: segmentation violation
   rax 0000000000000000, rbx 00000000058b0be0, rcx ffffffffffffffff
   rdx 00000000000262e3, rsp 00007ffda66854a8, rbp 00007ffda6685500
   rsi 000000000000000b, rdi 00000000000262e3, r8  00002b55442fdac0
   r9  00002b55442fdac0, r10 00007ffda6684f20, r11 0000000000000202
   r12 00000000058aeb0b, r13 000000000697d288, r14 00000000058aeec0
   r15 00007ffda6687740
  /lib64/libpthread.so.0(+0xf6d0) [0x2b55447f76d0]
  /lib64/libc.so.6(kill+0x7) [0x2b5544d3c547]
  /opt/cluster/programs/g16-c.01/g16/cubegen() [0x40fe24]
  /lib64/libc.so.6(__libc_start_main+0xf5) [0x2b5544d28445]
/var/spool/slurm//job7311775/slurm_script: line 57: 156387 Aborted                 $g16root/g16/cubegen 0 Density $FCKFILE $DNSFILE -2 h
 Will use up to     0 threads.
 Top CubeGen          Mon Feb 20 10:10:06 2023
 Aft UFChkP           Mon Feb 20 10:10:07 2023        0.06 cpu,        0.07 elapsed
 Could not find " ","Total SCF Density" on formatted checkpoint file.
 Error termination via Lnk1e at Mon Feb 20 10:10:07 2023.
Error: segmentation violation
   rax 0000000000000000, rbx 00000000058b0be0, rcx ffffffffffffffff
   rdx 0000000000026313, rsp 00007fffc12b2bc8, rbp 00007fffc12b2c20
   rsi 000000000000000b, rdi 0000000000026313, r8  00002b5ba9251ac0
   r9  00002b5ba9251ac0, r10 00007fffc12b2620, r11 0000000000000202
   r12 00000000058aeb0b, r13 000000000697d288, r14 00000000058aeec0
   r15 00007fffc12b4e60
  /lib64/libpthread.so.0(+0xf6d0) [0x2b5ba974b6d0]
  /lib64/libc.so.6(kill+0x7) [0x2b5ba9c90547]
  /opt/cluster/programs/g16-c.01/g16/cubegen() [0x40fe24]
  /lib64/libc.so.6(__libc_start_main+0xf5) [0x2b5ba9c7c445]
/var/spool/slurm//job7311775/slurm_script: line 60: 156435 Aborted                 $g16root/g16/cubegen 0 Potential $FCKFILE $ESPFILE -2 h
cp: cannot stat ‘gaussian_77_water_hf_adz2_dens.cube’: No such file or directory
cp: cannot stat ‘gaussian_77_water_hf_adz2_esp.cube’: No such file or directory
