node105.cluster
Error: segmentation violation
   rax 0000000000000000, rbx ffffffffffffffff, rcx ffffffffffffffff
   rdx 000000000002ba4f, rsp 00007ffe41002ab8, rbp 00007ffe41003030
   rsi 000000000000000b, rdi 000000000002ba4f, r8  0000000000000020
   r9  0000000000000401, r10 00007ffe41002520, r11 0000000000000206
   r12 00007ffe41003078, r13 0000000000000000, r14 0000000000000000
   r15 00000000000003e6
  /lib64/libpthread.so.0(+0xf6d0) [0x2b37b21ae6d0]
  /lib64/libc.so.6(kill+0x7) [0x2b37b26f3547]
  /opt/cluster/programs/g16-c.01/g16/l1.exe() [0x4b8975]
  /opt/cluster/programs/g16-c.01/g16/l1.exe() [0x4f867a]
  /opt/cluster/programs/g16-c.01/g16/l1.exe() [0x4d56ab]
  /opt/cluster/programs/g16-c.01/g16/l1.exe() [0x41d5c6]
  /opt/cluster/programs/g16-c.01/g16/l1.exe() [0x410c4c]
  /opt/cluster/programs/g16-c.01/g16/l1.exe() [0x40d185]
  /opt/cluster/programs/g16-c.01/g16/l1.exe() [0x40cbd7]
  /opt/cluster/programs/g16-c.01/g16/l1.exe() [0x40cb24]
  /lib64/libc.so.6(__libc_start_main+0xf5) [0x2b37b26df445]
  /opt/cluster/programs/g16-c.01/g16/l1.exe() [0x407269]
 Read checkpoint file gaussian_112_water_hf_adz2.chk type Unk
 Write formatted file gaussian_112_water_hf_adz2.fchk
 Will use up to     0 threads.
 Top CubeGen          Mon Feb 20 10:10:47 2023
 Aft UFChkP           Mon Feb 20 10:10:47 2023        0.07 cpu,        0.07 elapsed
 Could not find " ","Total SCF Density" on formatted checkpoint file.
 Error termination via Lnk1e at Mon Feb 20 10:10:47 2023.
Error: segmentation violation
   rax 0000000000000000, rbx 00000000058b0be0, rcx ffffffffffffffff
   rdx 000000000002bab2, rsp 00007ffd7e915648, rbp 00007ffd7e9156a0
   rsi 000000000000000b, rdi 000000000002bab2, r8  00002af6288edac0
   r9  00002af6288edac0, r10 00007ffd7e9150a0, r11 0000000000000206
   r12 00000000058aeb0b, r13 000000000697d288, r14 00000000058aeec0
   r15 00007ffd7e9178e0
  /lib64/libpthread.so.0(+0xf6d0) [0x2af628de76d0]
  /lib64/libc.so.6(kill+0x7) [0x2af62932c547]
  /opt/cluster/programs/g16-c.01/g16/cubegen() [0x40fe24]
  /lib64/libc.so.6(__libc_start_main+0xf5) [0x2af629318445]
/var/spool/slurm//job7311810/slurm_script: line 57: 178866 Aborted                 $g16root/g16/cubegen 0 Density $FCKFILE $DNSFILE -2 h
 Will use up to     0 threads.
 Top CubeGen          Mon Feb 20 10:10:47 2023
 Aft UFChkP           Mon Feb 20 10:10:48 2023        0.07 cpu,        0.07 elapsed
 Could not find " ","Total SCF Density" on formatted checkpoint file.
 Error termination via Lnk1e at Mon Feb 20 10:10:48 2023.
Error: segmentation violation
   rax 0000000000000000, rbx 00000000058b0be0, rcx ffffffffffffffff
   rdx 000000000002bae6, rsp 00007ffdef063498, rbp 00007ffdef0634f0
   rsi 000000000000000b, rdi 000000000002bae6, r8  00002b7b1bda2ac0
   r9  00002b7b1bda2ac0, r10 00007ffdef062f20, r11 0000000000000202
   r12 00000000058aeb0b, r13 000000000697d288, r14 00000000058aeec0
   r15 00007ffdef065730
  /lib64/libpthread.so.0(+0xf6d0) [0x2b7b1c29c6d0]
  /lib64/libc.so.6(kill+0x7) [0x2b7b1c7e1547]
  /opt/cluster/programs/g16-c.01/g16/cubegen() [0x40fe24]
  /lib64/libc.so.6(__libc_start_main+0xf5) [0x2b7b1c7cd445]
/var/spool/slurm//job7311810/slurm_script: line 60: 178918 Aborted                 $g16root/g16/cubegen 0 Potential $FCKFILE $ESPFILE -2 h
cp: cannot stat ‘gaussian_112_water_hf_adz2_dens.cube’: No such file or directory
cp: cannot stat ‘gaussian_112_water_hf_adz2_esp.cube’: No such file or directory
