node61.cluster
 Read checkpoint file gaussian_51_water_ccsdt_adz.chk type G16
 Write formatted file gaussian_51_water_ccsdt_adz.fchk
 FChkPn:  Coordinates translated and rotated.
 FChkPn:  Coordinates match /B/ after translation and rotation.
 Will use up to     0 threads.
 Top CubeGen          Wed Feb  8 14:48:03 2023
 Aft UFChkP           Wed Feb  8 14:48:03 2023        0.15 cpu,        0.15 elapsed
 Aft DecCub           Wed Feb  8 14:48:03 2023        0.01 cpu,        0.01 elapsed
 Aft Density          Wed Feb  8 14:48:03 2023        0.00 cpu,        0.00 elapsed
 Bef DoCube           Wed Feb  8 14:48:03 2023        0.00 cpu,        0.00 elapsed
 There are a total of       29791 grid points.
 ElSum from          density=        8.1584593195
 Aft DoCube           Wed Feb  8 14:48:03 2023        0.08 cpu,        0.08 elapsed
 Will use up to     0 threads.
 Top CubeGen          Wed Feb  8 14:48:03 2023
 Aft UFChkP           Wed Feb  8 14:48:03 2023        0.15 cpu,        0.15 elapsed
 Aft DecCub           Wed Feb  8 14:48:03 2023        0.00 cpu,        0.00 elapsed
 Aft Density          Wed Feb  8 14:48:03 2023        0.00 cpu,        0.00 elapsed
 Bef DoCube           Wed Feb  8 14:48:03 2023        0.00 cpu,        0.00 elapsed
 There are a total of       29791 grid points.
 ElSum from          density=       13.6118381913
 Aft DoCube           Wed Feb  8 14:48:04 2023        0.53 cpu,        0.52 elapsed
