node105.cluster
Error: segmentation violation
   rax 0000000000000000, rbx ffffffffffffffff, rcx ffffffffffffffff
   rdx 0000000000029ea2, rsp 00007ffcc4bc6398, rbp 00007ffcc4bc6910
   rsi 000000000000000b, rdi 0000000000029ea2, r8  0000000000000020
   r9  0000000000000401, r10 00007ffcc4bc5e20, r11 0000000000000202
   r12 00007ffcc4bc6958, r13 0000000000000000, r14 0000000000000000
   r15 00000000000003e6
  /lib64/libpthread.so.0(+0xf6d0) [0x2b75c0b9e6d0]
  /lib64/libc.so.6(kill+0x7) [0x2b75c10e3547]
  /opt/cluster/programs/g16-c.01/g16/l1.exe() [0x4b8975]
  /opt/cluster/programs/g16-c.01/g16/l1.exe() [0x4f867a]
  /opt/cluster/programs/g16-c.01/g16/l1.exe() [0x4d56ab]
  /opt/cluster/programs/g16-c.01/g16/l1.exe() [0x41d5c6]
  /opt/cluster/programs/g16-c.01/g16/l1.exe() [0x410c4c]
  /opt/cluster/programs/g16-c.01/g16/l1.exe() [0x40d185]
  /opt/cluster/programs/g16-c.01/g16/l1.exe() [0x40cbd7]
  /opt/cluster/programs/g16-c.01/g16/l1.exe() [0x40cb24]
  /lib64/libc.so.6(__libc_start_main+0xf5) [0x2b75c10cf445]
  /opt/cluster/programs/g16-c.01/g16/l1.exe() [0x407269]
 Read checkpoint file gaussian_16_water_hf_adz.chk type Unk
 Write formatted file gaussian_16_water_hf_adz.fchk
 Will use up to     0 threads.
 Top CubeGen          Mon Feb 20 10:05:38 2023
 Aft UFChkP           Mon Feb 20 10:05:38 2023        0.07 cpu,        0.07 elapsed
 Could not find " ","Total SCF Density" on formatted checkpoint file.
 Error termination via Lnk1e at Mon Feb 20 10:05:38 2023.
Error: segmentation violation
   rax 0000000000000000, rbx 00000000058b0be0, rcx ffffffffffffffff
   rdx 0000000000029ee3, rsp 00007ffe489f7bb8, rbp 00007ffe489f7c10
   rsi 000000000000000b, rdi 0000000000029ee3, r8  00002ae7b2a40ac0
   r9  00002ae7b2a40ac0, r10 00007ffe489f7620, r11 0000000000000206
   r12 00000000058aeb0b, r13 000000000697d288, r14 00000000058aeec0
   r15 00007ffe489f9e50
  /lib64/libpthread.so.0(+0xf6d0) [0x2ae7b2f3a6d0]
  /lib64/libc.so.6(kill+0x7) [0x2ae7b347f547]
  /opt/cluster/programs/g16-c.01/g16/cubegen() [0x40fe24]
  /lib64/libc.so.6(__libc_start_main+0xf5) [0x2ae7b346b445]
/var/spool/slurm//job7311534/slurm_script: line 57: 171747 Aborted                 $g16root/g16/cubegen 0 Density $FCKFILE $DNSFILE -2 h
 Will use up to     0 threads.
 Top CubeGen          Mon Feb 20 10:05:39 2023
 Aft UFChkP           Mon Feb 20 10:05:39 2023        0.07 cpu,        0.07 elapsed
 Could not find " ","Total SCF Density" on formatted checkpoint file.
 Error termination via Lnk1e at Mon Feb 20 10:05:39 2023.
Error: segmentation violation
   rax 0000000000000000, rbx 00000000058b0be0, rcx ffffffffffffffff
   rdx 0000000000029f13, rsp 00007ffc1db6ccc8, rbp 00007ffc1db6cd20
   rsi 000000000000000b, rdi 0000000000029f13, r8  00002adb07b57ac0
   r9  00002adb07b57ac0, r10 00007ffc1db6c720, r11 0000000000000202
   r12 00000000058aeb0b, r13 000000000697d288, r14 00000000058aeec0
   r15 00007ffc1db6ef60
  /lib64/libpthread.so.0(+0xf6d0) [0x2adb080516d0]
  /lib64/libc.so.6(kill+0x7) [0x2adb08596547]
  /opt/cluster/programs/g16-c.01/g16/cubegen() [0x40fe24]
  /lib64/libc.so.6(__libc_start_main+0xf5) [0x2adb08582445]
/var/spool/slurm//job7311534/slurm_script: line 60: 171795 Aborted                 $g16root/g16/cubegen 0 Potential $FCKFILE $ESPFILE -2 h
cp: cannot stat ‘gaussian_16_water_hf_adz_dens.cube’: No such file or directory
cp: cannot stat ‘gaussian_16_water_hf_adz_esp.cube’: No such file or directory
