node105.cluster
Error: segmentation violation
   rax 0000000000000000, rbx ffffffffffffffff, rcx ffffffffffffffff
   rdx 000000000002a888, rsp 00007ffca3303c28, rbp 00007ffca33041a0
   rsi 000000000000000b, rdi 000000000002a888, r8  0000000000000020
   r9  0000000000000401, r10 00007ffca33036a0, r11 0000000000000206
   r12 00007ffca33041e8, r13 0000000000000000, r14 0000000000000000
   r15 00000000000003e6
  /lib64/libpthread.so.0(+0xf6d0) [0x2ab5d86876d0]
  /lib64/libc.so.6(kill+0x7) [0x2ab5d8bcc547]
  /opt/cluster/programs/g16-c.01/g16/l1.exe() [0x4b8975]
  /opt/cluster/programs/g16-c.01/g16/l1.exe() [0x4f867a]
  /opt/cluster/programs/g16-c.01/g16/l1.exe() [0x4d56ab]
  /opt/cluster/programs/g16-c.01/g16/l1.exe() [0x41d5c6]
  /opt/cluster/programs/g16-c.01/g16/l1.exe() [0x410c4c]
  /opt/cluster/programs/g16-c.01/g16/l1.exe() [0x40d185]
  /opt/cluster/programs/g16-c.01/g16/l1.exe() [0x40cbd7]
  /opt/cluster/programs/g16-c.01/g16/l1.exe() [0x40cb24]
  /lib64/libc.so.6(__libc_start_main+0xf5) [0x2ab5d8bb8445]
  /opt/cluster/programs/g16-c.01/g16/l1.exe() [0x407269]
 Read checkpoint file gaussian_113_water_hf_adz.chk type Unk
 Write formatted file gaussian_113_water_hf_adz.fchk
 Will use up to     0 threads.
 Top CubeGen          Mon Feb 20 10:07:19 2023
 Aft UFChkP           Mon Feb 20 10:07:19 2023        0.07 cpu,        0.07 elapsed
 Could not find " ","Total SCF Density" on formatted checkpoint file.
 Error termination via Lnk1e at Mon Feb 20 10:07:19 2023.
Error: segmentation violation
   rax 0000000000000000, rbx 00000000058b0be0, rcx ffffffffffffffff
   rdx 000000000002a8f2, rsp 00007ffcbbe63a48, rbp 00007ffcbbe63aa0
   rsi 000000000000000b, rdi 000000000002a8f2, r8  00002ab642febac0
   r9  00002ab642febac0, r10 00007ffcbbe634a0, r11 0000000000000206
   r12 00000000058aeb0b, r13 000000000697d288, r14 00000000058aeec0
   r15 00007ffcbbe65ce0
  /lib64/libpthread.so.0(+0xf6d0) [0x2ab6434e56d0]
  /lib64/libc.so.6(kill+0x7) [0x2ab643a2a547]
  /opt/cluster/programs/g16-c.01/g16/cubegen() [0x40fe24]
  /lib64/libc.so.6(__libc_start_main+0xf5) [0x2ab643a16445]
/var/spool/slurm//job7311631/slurm_script: line 57: 174322 Aborted                 $g16root/g16/cubegen 0 Density $FCKFILE $DNSFILE -2 h
 Will use up to     0 threads.
 Top CubeGen          Mon Feb 20 10:07:19 2023
 Aft UFChkP           Mon Feb 20 10:07:19 2023        0.07 cpu,        0.07 elapsed
 Could not find " ","Total SCF Density" on formatted checkpoint file.
 Error termination via Lnk1e at Mon Feb 20 10:07:19 2023.
Error: segmentation violation
   rax 0000000000000000, rbx 00000000058b0be0, rcx ffffffffffffffff
   rdx 000000000002a91f, rsp 00007ffdb3ce75f8, rbp 00007ffdb3ce7650
   rsi 000000000000000b, rdi 000000000002a91f, r8  00002b5636198ac0
   r9  00002b5636198ac0, r10 00007ffdb3ce7060, r11 0000000000000202
   r12 00000000058aeb0b, r13 000000000697d288, r14 00000000058aeec0
   r15 00007ffdb3ce9890
  /lib64/libpthread.so.0(+0xf6d0) [0x2b56366926d0]
  /lib64/libc.so.6(kill+0x7) [0x2b5636bd7547]
  /opt/cluster/programs/g16-c.01/g16/cubegen() [0x40fe24]
  /lib64/libc.so.6(__libc_start_main+0xf5) [0x2b5636bc3445]
/var/spool/slurm//job7311631/slurm_script: line 60: 174367 Aborted                 $g16root/g16/cubegen 0 Potential $FCKFILE $ESPFILE -2 h
cp: cannot stat ‘gaussian_113_water_hf_adz_dens.cube’: No such file or directory
cp: cannot stat ‘gaussian_113_water_hf_adz_esp.cube’: No such file or directory
