node106.cluster
Error: segmentation violation
   rax 0000000000000000, rbx ffffffffffffffff, rcx ffffffffffffffff
   rdx 0000000000025725, rsp 00007ffe89f52308, rbp 00007ffe89f52880
   rsi 000000000000000b, rdi 0000000000025725, r8  0000000000000020
   r9  0000000000000401, r10 00007ffe89f51d60, r11 0000000000000202
   r12 00007ffe89f528c8, r13 0000000000000000, r14 0000000000000000
   r15 00000000000003e6
  /lib64/libpthread.so.0(+0xf6d0) [0x2ac6e029f6d0]
  /lib64/libc.so.6(kill+0x7) [0x2ac6e07e4547]
  /opt/cluster/programs/g16-c.01/g16/l1.exe() [0x4b8975]
  /opt/cluster/programs/g16-c.01/g16/l1.exe() [0x4f867a]
  /opt/cluster/programs/g16-c.01/g16/l1.exe() [0x4d56ab]
  /opt/cluster/programs/g16-c.01/g16/l1.exe() [0x41d5c6]
  /opt/cluster/programs/g16-c.01/g16/l1.exe() [0x410c4c]
  /opt/cluster/programs/g16-c.01/g16/l1.exe() [0x40d185]
  /opt/cluster/programs/g16-c.01/g16/l1.exe() [0x40cbd7]
  /opt/cluster/programs/g16-c.01/g16/l1.exe() [0x40cb24]
  /lib64/libc.so.6(__libc_start_main+0xf5) [0x2ac6e07d0445]
  /opt/cluster/programs/g16-c.01/g16/l1.exe() [0x407269]
 Read checkpoint file gaussian_140_water_hf_adz.chk type Unk
 Write formatted file gaussian_140_water_hf_adz.fchk
 Will use up to     0 threads.
 Top CubeGen          Mon Feb 20 10:07:40 2023
 Aft UFChkP           Mon Feb 20 10:07:40 2023        0.07 cpu,        0.07 elapsed
 Could not find " ","Total SCF Density" on formatted checkpoint file.
 Error termination via Lnk1e at Mon Feb 20 10:07:40 2023.
Error: segmentation violation
   rax 0000000000000000, rbx 00000000058b0be0, rcx ffffffffffffffff
   rdx 000000000002575a, rsp 00007fff728496b8, rbp 00007fff72849710
   rsi 000000000000000b, rdi 000000000002575a, r8  00002b895d50aac0
   r9  00002b895d50aac0, r10 00007fff72849120, r11 0000000000000206
   r12 00000000058aeb0b, r13 000000000697d288, r14 00000000058aeec0
   r15 00007fff7284b950
  /lib64/libpthread.so.0(+0xf6d0) [0x2b895da046d0]
  /lib64/libc.so.6(kill+0x7) [0x2b895df49547]
  /opt/cluster/programs/g16-c.01/g16/cubegen() [0x40fe24]
  /lib64/libc.so.6(__libc_start_main+0xf5) [0x2b895df35445]
/var/spool/slurm//job7311658/slurm_script: line 57: 153434 Aborted                 $g16root/g16/cubegen 0 Density $FCKFILE $DNSFILE -2 h
 Will use up to     0 threads.
 Top CubeGen          Mon Feb 20 10:07:40 2023
 Aft UFChkP           Mon Feb 20 10:07:40 2023        0.06 cpu,        0.07 elapsed
 Could not find " ","Total SCF Density" on formatted checkpoint file.
 Error termination via Lnk1e at Mon Feb 20 10:07:40 2023.
Error: segmentation violation
   rax 0000000000000000, rbx 00000000058b0be0, rcx ffffffffffffffff
   rdx 0000000000025780, rsp 00007ffdd3d619d8, rbp 00007ffdd3d61a30
   rsi 000000000000000b, rdi 0000000000025780, r8  00002aca4b6d3ac0
   r9  00002aca4b6d3ac0, r10 00007ffdd3d61460, r11 0000000000000206
   r12 00000000058aeb0b, r13 000000000697d288, r14 00000000058aeec0
   r15 00007ffdd3d63c70
  /lib64/libpthread.so.0(+0xf6d0) [0x2aca4bbcd6d0]
  /lib64/libc.so.6(kill+0x7) [0x2aca4c112547]
  /opt/cluster/programs/g16-c.01/g16/cubegen() [0x40fe24]
  /lib64/libc.so.6(__libc_start_main+0xf5) [0x2aca4c0fe445]
/var/spool/slurm//job7311658/slurm_script: line 60: 153472 Aborted                 $g16root/g16/cubegen 0 Potential $FCKFILE $ESPFILE -2 h
cp: cannot stat ‘gaussian_140_water_hf_adz_dens.cube’: No such file or directory
cp: cannot stat ‘gaussian_140_water_hf_adz_esp.cube’: No such file or directory
