node106.cluster
Error: segmentation violation
   rax 0000000000000000, rbx ffffffffffffffff, rcx ffffffffffffffff
   rdx 0000000000025ac2, rsp 00007ffcbbc78d98, rbp 00007ffcbbc79310
   rsi 000000000000000b, rdi 0000000000025ac2, r8  0000000000000020
   r9  0000000000000401, r10 00007ffcbbc78820, r11 0000000000000202
   r12 00007ffcbbc79358, r13 0000000000000000, r14 0000000000000000
   r15 00000000000003e6
  /lib64/libpthread.so.0(+0xf6d0) [0x2ae8725fa6d0]
  /lib64/libc.so.6(kill+0x7) [0x2ae872b3f547]
  /opt/cluster/programs/g16-c.01/g16/l1.exe() [0x4b8975]
  /opt/cluster/programs/g16-c.01/g16/l1.exe() [0x4f867a]
  /opt/cluster/programs/g16-c.01/g16/l1.exe() [0x4d56ab]
  /opt/cluster/programs/g16-c.01/g16/l1.exe() [0x41d5c6]
  /opt/cluster/programs/g16-c.01/g16/l1.exe() [0x410c4c]
  /opt/cluster/programs/g16-c.01/g16/l1.exe() [0x40d185]
  /opt/cluster/programs/g16-c.01/g16/l1.exe() [0x40cbd7]
  /opt/cluster/programs/g16-c.01/g16/l1.exe() [0x40cb24]
  /lib64/libc.so.6(__libc_start_main+0xf5) [0x2ae872b2b445]
  /opt/cluster/programs/g16-c.01/g16/l1.exe() [0x407269]
 Read checkpoint file gaussian_177_water_hf_adz.chk type Unk
 Write formatted file gaussian_177_water_hf_adz.fchk
 Will use up to     0 threads.
 Top CubeGen          Mon Feb 20 10:08:20 2023
 Aft UFChkP           Mon Feb 20 10:08:20 2023        0.07 cpu,        0.07 elapsed
 Could not find " ","Total SCF Density" on formatted checkpoint file.
 Error termination via Lnk1e at Mon Feb 20 10:08:20 2023.
Error: segmentation violation
   rax 0000000000000000, rbx 00000000058b0be0, rcx ffffffffffffffff
   rdx 0000000000025b0e, rsp 00007fff08209678, rbp 00007fff082096d0
   rsi 000000000000000b, rdi 0000000000025b0e, r8  00002b280ac6aac0
   r9  00002b280ac6aac0, r10 00007fff082090e0, r11 0000000000000206
   r12 00000000058aeb0b, r13 000000000697d288, r14 00000000058aeec0
   r15 00007fff0820b910
  /lib64/libpthread.so.0(+0xf6d0) [0x2b280b1626d0]
  /lib64/libc.so.6(kill+0x7) [0x2b280b6a7547]
  /opt/cluster/programs/g16-c.01/g16/cubegen() [0x40fe24]
  /lib64/libc.so.6(__libc_start_main+0xf5) [0x2b280b693445]
/var/spool/slurm//job7311695/slurm_script: line 57: 154382 Aborted                 $g16root/g16/cubegen 0 Density $FCKFILE $DNSFILE -2 h
 Will use up to     0 threads.
 Top CubeGen          Mon Feb 20 10:08:20 2023
 Aft UFChkP           Mon Feb 20 10:08:20 2023        0.07 cpu,        0.07 elapsed
 Could not find " ","Total SCF Density" on formatted checkpoint file.
 Error termination via Lnk1e at Mon Feb 20 10:08:20 2023.
Error: segmentation violation
   rax 0000000000000000, rbx 00000000058b0be0, rcx ffffffffffffffff
   rdx 0000000000025b32, rsp 00007ffce56a44f8, rbp 00007ffce56a4550
   rsi 000000000000000b, rdi 0000000000025b32, r8  00002b3a6c86cac0
   r9  00002b3a6c86cac0, r10 00007ffce56a3f60, r11 0000000000000202
   r12 00000000058aeb0b, r13 000000000697d288, r14 00000000058aeec0
   r15 00007ffce56a6790
  /lib64/libpthread.so.0(+0xf6d0) [0x2b3a6cd666d0]
  /lib64/libc.so.6(kill+0x7) [0x2b3a6d2ab547]
  /opt/cluster/programs/g16-c.01/g16/cubegen() [0x40fe24]
  /lib64/libc.so.6(__libc_start_main+0xf5) [0x2b3a6d297445]
/var/spool/slurm//job7311695/slurm_script: line 60: 154418 Aborted                 $g16root/g16/cubegen 0 Potential $FCKFILE $ESPFILE -2 h
cp: cannot stat ‘gaussian_177_water_hf_adz_dens.cube’: No such file or directory
cp: cannot stat ‘gaussian_177_water_hf_adz_esp.cube’: No such file or directory
