node106.cluster
Error: segmentation violation
   rax 0000000000000000, rbx ffffffffffffffff, rcx ffffffffffffffff
   rdx 000000000002503f, rsp 00007ffc702965f8, rbp 00007ffc70296b70
   rsi 000000000000000b, rdi 000000000002503f, r8  0000000000000020
   r9  0000000000000401, r10 00007ffc70296060, r11 0000000000000202
   r12 00007ffc70296bb8, r13 0000000000000000, r14 0000000000000000
   r15 00000000000003e6
  /lib64/libpthread.so.0(+0xf6d0) [0x2aaf2e1d96d0]
  /lib64/libc.so.6(kill+0x7) [0x2aaf2e71e547]
  /opt/cluster/programs/g16-c.01/g16/l1.exe() [0x4b8975]
  /opt/cluster/programs/g16-c.01/g16/l1.exe() [0x4f867a]
  /opt/cluster/programs/g16-c.01/g16/l1.exe() [0x4d56ab]
  /opt/cluster/programs/g16-c.01/g16/l1.exe() [0x41d5c6]
  /opt/cluster/programs/g16-c.01/g16/l1.exe() [0x410c4c]
  /opt/cluster/programs/g16-c.01/g16/l1.exe() [0x40d185]
  /opt/cluster/programs/g16-c.01/g16/l1.exe() [0x40cbd7]
  /opt/cluster/programs/g16-c.01/g16/l1.exe() [0x40cb24]
  /lib64/libc.so.6(__libc_start_main+0xf5) [0x2aaf2e70a445]
  /opt/cluster/programs/g16-c.01/g16/l1.exe() [0x407269]
 Read checkpoint file gaussian_68_water_hf_adz.chk type Unk
 Write formatted file gaussian_68_water_hf_adz.fchk
 Will use up to     0 threads.
 Top CubeGen          Mon Feb 20 10:06:28 2023
 Aft UFChkP           Mon Feb 20 10:06:28 2023        0.07 cpu,        0.07 elapsed
 Could not find " ","Total SCF Density" on formatted checkpoint file.
 Error termination via Lnk1e at Mon Feb 20 10:06:28 2023.
Error: segmentation violation
   rax 0000000000000000, rbx 00000000058b0be0, rcx ffffffffffffffff
   rdx 0000000000025099, rsp 00007ffcf9114888, rbp 00007ffcf91148e0
   rsi 000000000000000b, rdi 0000000000025099, r8  00002b3d0d83cac0
   r9  00002b3d0d83cac0, r10 00007ffcf91142e0, r11 0000000000000206
   r12 00000000058aeb0b, r13 000000000697d288, r14 00000000058aeec0
   r15 00007ffcf9116b20
  /lib64/libpthread.so.0(+0xf6d0) [0x2b3d0dd366d0]
  /lib64/libc.so.6(kill+0x7) [0x2b3d0e27b547]
  /opt/cluster/programs/g16-c.01/g16/cubegen() [0x40fe24]
  /lib64/libc.so.6(__libc_start_main+0xf5) [0x2b3d0e267445]
/var/spool/slurm//job7311586/slurm_script: line 57: 151705 Aborted                 $g16root/g16/cubegen 0 Density $FCKFILE $DNSFILE -2 h
 Will use up to     0 threads.
 Top CubeGen          Mon Feb 20 10:06:29 2023
 Aft UFChkP           Mon Feb 20 10:06:29 2023        0.07 cpu,        0.07 elapsed
 Could not find " ","Total SCF Density" on formatted checkpoint file.
 Error termination via Lnk1e at Mon Feb 20 10:06:29 2023.
Error: segmentation violation
   rax 0000000000000000, rbx 00000000058b0be0, rcx ffffffffffffffff
   rdx 00000000000250c7, rsp 00007ffcfcb91238, rbp 00007ffcfcb91290
   rsi 000000000000000b, rdi 00000000000250c7, r8  00002b78ae515ac0
   r9  00002b78ae515ac0, r10 00007ffcfcb90ca0, r11 0000000000000202
   r12 00000000058aeb0b, r13 000000000697d288, r14 00000000058aeec0
   r15 00007ffcfcb934d0
  /lib64/libpthread.so.0(+0xf6d0) [0x2b78aea0f6d0]
  /lib64/libc.so.6(kill+0x7) [0x2b78aef54547]
  /opt/cluster/programs/g16-c.01/g16/cubegen() [0x40fe24]
  /lib64/libc.so.6(__libc_start_main+0xf5) [0x2b78aef40445]
/var/spool/slurm//job7311586/slurm_script: line 60: 151751 Aborted                 $g16root/g16/cubegen 0 Potential $FCKFILE $ESPFILE -2 h
cp: cannot stat ‘gaussian_68_water_hf_adz_dens.cube’: No such file or directory
cp: cannot stat ‘gaussian_68_water_hf_adz_esp.cube’: No such file or directory
