node102.cluster
Error: segmentation violation
   rax 0000000000000000, rbx ffffffffffffffff, rcx ffffffffffffffff
   rdx 000000000002dcc6, rsp 00007fff0f430468, rbp 00007fff0f4309e0
   rsi 000000000000000b, rdi 000000000002dcc6, r8  0000000000000020
   r9  0000000000000401, r10 00007fff0f42fee0, r11 0000000000000202
   r12 00007fff0f430a28, r13 0000000000000000, r14 0000000000000000
   r15 00000000000003e6
  /lib64/libpthread.so.0(+0xf6d0) [0x2ad8c9a316d0]
  /lib64/libc.so.6(kill+0x7) [0x2ad8c9f76547]
  /opt/cluster/programs/g16-c.01/g16/l1.exe() [0x4b8975]
  /opt/cluster/programs/g16-c.01/g16/l1.exe() [0x4f867a]
  /opt/cluster/programs/g16-c.01/g16/l1.exe() [0x4d56ab]
  /opt/cluster/programs/g16-c.01/g16/l1.exe() [0x41d5c6]
  /opt/cluster/programs/g16-c.01/g16/l1.exe() [0x410c4c]
  /opt/cluster/programs/g16-c.01/g16/l1.exe() [0x40d185]
  /opt/cluster/programs/g16-c.01/g16/l1.exe() [0x40cbd7]
  /opt/cluster/programs/g16-c.01/g16/l1.exe() [0x40cb24]
  /lib64/libc.so.6(__libc_start_main+0xf5) [0x2ad8c9f62445]
  /opt/cluster/programs/g16-c.01/g16/l1.exe() [0x407269]
 Read checkpoint file gaussian_41_water_hf_adz.chk type Unk
 Write formatted file gaussian_41_water_hf_adz.fchk
 Will use up to     0 threads.
 Top CubeGen          Mon Feb 20 10:06:08 2023
 Aft UFChkP           Mon Feb 20 10:06:08 2023        0.07 cpu,        0.07 elapsed
 Could not find " ","Total SCF Density" on formatted checkpoint file.
 Error termination via Lnk1e at Mon Feb 20 10:06:08 2023.
Error: segmentation violation
   rax 0000000000000000, rbx 00000000058b0be0, rcx ffffffffffffffff
   rdx 000000000002dcd8, rsp 00007ffd7bf09e78, rbp 00007ffd7bf09ed0
   rsi 000000000000000b, rdi 000000000002dcd8, r8  00002ab0dd761ac0
   r9  00002ab0dd761ac0, r10 00007ffd7bf098e0, r11 0000000000000206
   r12 00000000058aeb0b, r13 000000000697d288, r14 00000000058aeec0
   r15 00007ffd7bf0c110
  /lib64/libpthread.so.0(+0xf6d0) [0x2ab0ddc5b6d0]
  /lib64/libc.so.6(kill+0x7) [0x2ab0de1a0547]
  /opt/cluster/programs/g16-c.01/g16/cubegen() [0x40fe24]
  /lib64/libc.so.6(__libc_start_main+0xf5) [0x2ab0de18c445]
/var/spool/slurm//job7311559/slurm_script: line 57: 187608 Aborted                 $g16root/g16/cubegen 0 Density $FCKFILE $DNSFILE -2 h
 Will use up to     0 threads.
 Top CubeGen          Mon Feb 20 10:06:08 2023
 Aft UFChkP           Mon Feb 20 10:06:08 2023        0.07 cpu,        0.07 elapsed
 Could not find " ","Total SCF Density" on formatted checkpoint file.
 Error termination via Lnk1e at Mon Feb 20 10:06:08 2023.
Error: segmentation violation
   rax 0000000000000000, rbx 00000000058b0be0, rcx ffffffffffffffff
   rdx 000000000002dce4, rsp 00007ffe7977e768, rbp 00007ffe7977e7c0
   rsi 000000000000000b, rdi 000000000002dce4, r8  00002b5a4b6a6ac0
   r9  00002b5a4b6a6ac0, r10 00007ffe7977e1e0, r11 0000000000000202
   r12 00000000058aeb0b, r13 000000000697d288, r14 00000000058aeec0
   r15 00007ffe79780a00
  /lib64/libpthread.so.0(+0xf6d0) [0x2b5a4bba06d0]
  /lib64/libc.so.6(kill+0x7) [0x2b5a4c0e5547]
  /opt/cluster/programs/g16-c.01/g16/cubegen() [0x40fe24]
  /lib64/libc.so.6(__libc_start_main+0xf5) [0x2b5a4c0d1445]
/var/spool/slurm//job7311559/slurm_script: line 60: 187620 Aborted                 $g16root/g16/cubegen 0 Potential $FCKFILE $ESPFILE -2 h
cp: cannot stat ‘gaussian_41_water_hf_adz_dens.cube’: No such file or directory
cp: cannot stat ‘gaussian_41_water_hf_adz_esp.cube’: No such file or directory
