node101.cluster
Error: segmentation violation
   rax 0000000000000000, rbx ffffffffffffffff, rcx ffffffffffffffff
   rdx 000000000002e54c, rsp 00007ffc24fdfd18, rbp 00007ffc24fe0290
   rsi 000000000000000b, rdi 000000000002e54c, r8  0000000000000020
   r9  0000000000000401, r10 00007ffc24fdf7a0, r11 0000000000000206
   r12 00007ffc24fe02d8, r13 0000000000000000, r14 0000000000000000
   r15 00000000000003e6
  /lib64/libpthread.so.0(+0xf6d0) [0x2b22d7e8f6d0]
  /lib64/libc.so.6(kill+0x7) [0x2b22d83d4547]
  /opt/cluster/programs/g16-c.01/g16/l1.exe() [0x4b8975]
  /opt/cluster/programs/g16-c.01/g16/l1.exe() [0x4f867a]
  /opt/cluster/programs/g16-c.01/g16/l1.exe() [0x4d56ab]
  /opt/cluster/programs/g16-c.01/g16/l1.exe() [0x41d5c6]
  /opt/cluster/programs/g16-c.01/g16/l1.exe() [0x410c4c]
  /opt/cluster/programs/g16-c.01/g16/l1.exe() [0x40d185]
  /opt/cluster/programs/g16-c.01/g16/l1.exe() [0x40cbd7]
  /opt/cluster/programs/g16-c.01/g16/l1.exe() [0x40cb24]
  /lib64/libc.so.6(__libc_start_main+0xf5) [0x2b22d83c0445]
  /opt/cluster/programs/g16-c.01/g16/l1.exe() [0x407269]
 Read checkpoint file gaussian_11_water_hf_adz2.chk type Unk
 Write formatted file gaussian_11_water_hf_adz2.fchk
 Will use up to     0 threads.
 Top CubeGen          Mon Feb 20 10:09:05 2023
 Aft UFChkP           Mon Feb 20 10:09:05 2023        0.07 cpu,        0.07 elapsed
 Could not find " ","Total SCF Density" on formatted checkpoint file.
 Error termination via Lnk1e at Mon Feb 20 10:09:05 2023.
Error: segmentation violation
   rax 0000000000000000, rbx 00000000058b0be0, rcx ffffffffffffffff
   rdx 000000000002e55e, rsp 00007fff708b9358, rbp 00007fff708b93b0
   rsi 000000000000000b, rdi 000000000002e55e, r8  00002b2188e37ac0
   r9  00002b2188e37ac0, r10 00007fff708b8de0, r11 0000000000000202
   r12 00000000058aeb0b, r13 000000000697d288, r14 00000000058aeec0
   r15 00007fff708bb5f0
  /lib64/libpthread.so.0(+0xf6d0) [0x2b21893316d0]
  /lib64/libc.so.6(kill+0x7) [0x2b2189876547]
  /opt/cluster/programs/g16-c.01/g16/cubegen() [0x40fe24]
  /lib64/libc.so.6(__libc_start_main+0xf5) [0x2b2189862445]
/var/spool/slurm//job7311709/slurm_script: line 57: 189790 Aborted                 $g16root/g16/cubegen 0 Density $FCKFILE $DNSFILE -2 h
 Will use up to     0 threads.
 Top CubeGen          Mon Feb 20 10:09:05 2023
 Aft UFChkP           Mon Feb 20 10:09:05 2023        0.07 cpu,        0.07 elapsed
 Could not find " ","Total SCF Density" on formatted checkpoint file.
 Error termination via Lnk1e at Mon Feb 20 10:09:05 2023.
Error: segmentation violation
   rax 0000000000000000, rbx 00000000058b0be0, rcx ffffffffffffffff
   rdx 000000000002e56a, rsp 00007ffe397a8118, rbp 00007ffe397a8170
   rsi 000000000000000b, rdi 000000000002e56a, r8  00002aafc430aac0
   r9  00002aafc430aac0, r10 00007ffe397a7ba0, r11 0000000000000206
   r12 00000000058aeb0b, r13 000000000697d288, r14 00000000058aeec0
   r15 00007ffe397aa3b0
  /lib64/libpthread.so.0(+0xf6d0) [0x2aafc48046d0]
  /lib64/libc.so.6(kill+0x7) [0x2aafc4d49547]
  /opt/cluster/programs/g16-c.01/g16/cubegen() [0x40fe24]
  /lib64/libc.so.6(__libc_start_main+0xf5) [0x2aafc4d35445]
/var/spool/slurm//job7311709/slurm_script: line 60: 189802 Aborted                 $g16root/g16/cubegen 0 Potential $FCKFILE $ESPFILE -2 h
cp: cannot stat ‘gaussian_11_water_hf_adz2_dens.cube’: No such file or directory
cp: cannot stat ‘gaussian_11_water_hf_adz2_esp.cube’: No such file or directory
