node102.cluster
Error: segmentation violation
   rax 0000000000000000, rbx ffffffffffffffff, rcx ffffffffffffffff
   rdx 000000000002e0f9, rsp 00007ffe32fef298, rbp 00007ffe32fef810
   rsi 000000000000000b, rdi 000000000002e0f9, r8  0000000000000020
   r9  0000000000000401, r10 00007ffe32feed20, r11 0000000000000202
   r12 00007ffe32fef858, r13 0000000000000000, r14 0000000000000000
   r15 00000000000003e6
  /lib64/libpthread.so.0(+0xf6d0) [0x2b1ee779f6d0]
  /lib64/libc.so.6(kill+0x7) [0x2b1ee7ce4547]
  /opt/cluster/programs/g16-c.01/g16/l1.exe() [0x4b8975]
  /opt/cluster/programs/g16-c.01/g16/l1.exe() [0x4f867a]
  /opt/cluster/programs/g16-c.01/g16/l1.exe() [0x4d56ab]
  /opt/cluster/programs/g16-c.01/g16/l1.exe() [0x41d5c6]
  /opt/cluster/programs/g16-c.01/g16/l1.exe() [0x410c4c]
  /opt/cluster/programs/g16-c.01/g16/l1.exe() [0x40d185]
  /opt/cluster/programs/g16-c.01/g16/l1.exe() [0x40cbd7]
  /opt/cluster/programs/g16-c.01/g16/l1.exe() [0x40cb24]
  /lib64/libc.so.6(__libc_start_main+0xf5) [0x2b1ee7cd0445]
  /opt/cluster/programs/g16-c.01/g16/l1.exe() [0x407269]
 Read checkpoint file gaussian_0_water_hf_adz2.chk type Unk
 Write formatted file gaussian_0_water_hf_adz2.fchk
 Will use up to     0 threads.
 Top CubeGen          Mon Feb 20 10:08:55 2023
 Aft UFChkP           Mon Feb 20 10:08:55 2023        0.07 cpu,        0.07 elapsed
 Could not find " ","Total SCF Density" on formatted checkpoint file.
 Error termination via Lnk1e at Mon Feb 20 10:08:55 2023.
Error: segmentation violation
   rax 0000000000000000, rbx 00000000058b0be0, rcx ffffffffffffffff
   rdx 000000000002e10b, rsp 00007ffc06b645c8, rbp 00007ffc06b64620
   rsi 000000000000000b, rdi 000000000002e10b, r8  00002ad5080f1ac0
   r9  00002ad5080f1ac0, r10 00007ffc06b64020, r11 0000000000000202
   r12 00000000058aeb0b, r13 000000000697d288, r14 00000000058aeec0
   r15 00007ffc06b66860
  /lib64/libpthread.so.0(+0xf6d0) [0x2ad5085eb6d0]
  /lib64/libc.so.6(kill+0x7) [0x2ad508b30547]
  /opt/cluster/programs/g16-c.01/g16/cubegen() [0x40fe24]
  /lib64/libc.so.6(__libc_start_main+0xf5) [0x2ad508b1c445]
/var/spool/slurm//job7311698/slurm_script: line 57: 188683 Aborted                 $g16root/g16/cubegen 0 Density $FCKFILE $DNSFILE -2 h
 Will use up to     0 threads.
 Top CubeGen          Mon Feb 20 10:08:55 2023
 Aft UFChkP           Mon Feb 20 10:08:55 2023        0.06 cpu,        0.07 elapsed
 Could not find " ","Total SCF Density" on formatted checkpoint file.
 Error termination via Lnk1e at Mon Feb 20 10:08:55 2023.
Error: segmentation violation
   rax 0000000000000000, rbx 00000000058b0be0, rcx ffffffffffffffff
   rdx 000000000002e117, rsp 00007fff3c561b28, rbp 00007fff3c561b80
   rsi 000000000000000b, rdi 000000000002e117, r8  00002b33afa5bac0
   r9  00002b33afa5bac0, r10 00007fff3c5615a0, r11 0000000000000206
   r12 00000000058aeb0b, r13 000000000697d288, r14 00000000058aeec0
   r15 00007fff3c563dc0
  /lib64/libpthread.so.0(+0xf6d0) [0x2b33aff556d0]
  /lib64/libc.so.6(kill+0x7) [0x2b33b049a547]
  /opt/cluster/programs/g16-c.01/g16/cubegen() [0x40fe24]
  /lib64/libc.so.6(__libc_start_main+0xf5) [0x2b33b0486445]
/var/spool/slurm//job7311698/slurm_script: line 60: 188695 Aborted                 $g16root/g16/cubegen 0 Potential $FCKFILE $ESPFILE -2 h
cp: cannot stat ‘gaussian_0_water_hf_adz2_dens.cube’: No such file or directory
cp: cannot stat ‘gaussian_0_water_hf_adz2_esp.cube’: No such file or directory
