node106.cluster
Error: segmentation violation
   rax 0000000000000000, rbx ffffffffffffffff, rcx ffffffffffffffff
   rdx 00000000000260ae, rsp 00007ffdcc517428, rbp 00007ffdcc5179a0
   rsi 000000000000000b, rdi 00000000000260ae, r8  0000000000000020
   r9  0000000000000401, r10 00007ffdcc516ea0, r11 0000000000000206
   r12 00007ffdcc5179e8, r13 0000000000000000, r14 0000000000000000
   r15 00000000000003e6
  /lib64/libpthread.so.0(+0xf6d0) [0x2b60a32796d0]
  /lib64/libc.so.6(kill+0x7) [0x2b60a37be547]
  /opt/cluster/programs/g16-c.01/g16/l1.exe() [0x4b8975]
  /opt/cluster/programs/g16-c.01/g16/l1.exe() [0x4f867a]
  /opt/cluster/programs/g16-c.01/g16/l1.exe() [0x4d56ab]
  /opt/cluster/programs/g16-c.01/g16/l1.exe() [0x41d5c6]
  /opt/cluster/programs/g16-c.01/g16/l1.exe() [0x410c4c]
  /opt/cluster/programs/g16-c.01/g16/l1.exe() [0x40d185]
  /opt/cluster/programs/g16-c.01/g16/l1.exe() [0x40cbd7]
  /opt/cluster/programs/g16-c.01/g16/l1.exe() [0x40cb24]
  /lib64/libc.so.6(__libc_start_main+0xf5) [0x2b60a37aa445]
  /opt/cluster/programs/g16-c.01/g16/l1.exe() [0x407269]
 Read checkpoint file gaussian_59_water_hf_adz2.chk type Unk
 Write formatted file gaussian_59_water_hf_adz2.fchk
 Will use up to     0 threads.
 Top CubeGen          Mon Feb 20 10:09:46 2023
 Aft UFChkP           Mon Feb 20 10:09:46 2023        0.07 cpu,        0.07 elapsed
 Could not find " ","Total SCF Density" on formatted checkpoint file.
 Error termination via Lnk1e at Mon Feb 20 10:09:46 2023.
Error: segmentation violation
   rax 0000000000000000, rbx 00000000058b0be0, rcx ffffffffffffffff
   rdx 00000000000260ed, rsp 00007ffef3292d58, rbp 00007ffef3292db0
   rsi 000000000000000b, rdi 00000000000260ed, r8  00002b2300877ac0
   r9  00002b2300877ac0, r10 00007ffef32927e0, r11 0000000000000202
   r12 00000000058aeb0b, r13 000000000697d288, r14 00000000058aeec0
   r15 00007ffef3294ff0
  /lib64/libpthread.so.0(+0xf6d0) [0x2b2300d716d0]
  /lib64/libc.so.6(kill+0x7) [0x2b23012b6547]
  /opt/cluster/programs/g16-c.01/g16/cubegen() [0x40fe24]
  /lib64/libc.so.6(__libc_start_main+0xf5) [0x2b23012a2445]
/var/spool/slurm//job7311757/slurm_script: line 57: 155885 Aborted                 $g16root/g16/cubegen 0 Density $FCKFILE $DNSFILE -2 h
 Will use up to     0 threads.
 Top CubeGen          Mon Feb 20 10:09:46 2023
 Aft UFChkP           Mon Feb 20 10:09:46 2023        0.07 cpu,        0.07 elapsed
 Could not find " ","Total SCF Density" on formatted checkpoint file.
 Error termination via Lnk1e at Mon Feb 20 10:09:46 2023.
Error: segmentation violation
   rax 0000000000000000, rbx 00000000058b0be0, rcx ffffffffffffffff
   rdx 000000000002611d, rsp 00007ffdabc7f238, rbp 00007ffdabc7f290
   rsi 000000000000000b, rdi 000000000002611d, r8  00002ad11bb9eac0
   r9  00002ad11bb9eac0, r10 00007ffdabc7eca0, r11 0000000000000202
   r12 00000000058aeb0b, r13 000000000697d288, r14 00000000058aeec0
   r15 00007ffdabc814d0
  /lib64/libpthread.so.0(+0xf6d0) [0x2ad11c0986d0]
  /lib64/libc.so.6(kill+0x7) [0x2ad11c5dd547]
  /opt/cluster/programs/g16-c.01/g16/cubegen() [0x40fe24]
  /lib64/libc.so.6(__libc_start_main+0xf5) [0x2ad11c5c9445]
/var/spool/slurm//job7311757/slurm_script: line 60: 155933 Aborted                 $g16root/g16/cubegen 0 Potential $FCKFILE $ESPFILE -2 h
cp: cannot stat ‘gaussian_59_water_hf_adz2_dens.cube’: No such file or directory
cp: cannot stat ‘gaussian_59_water_hf_adz2_esp.cube’: No such file or directory
