node105.cluster
Error: segmentation violation
   rax 0000000000000000, rbx ffffffffffffffff, rcx ffffffffffffffff
   rdx 000000000002b368, rsp 00007ffc2a5c2448, rbp 00007ffc2a5c29c0
   rsi 000000000000000b, rdi 000000000002b368, r8  0000000000000020
   r9  0000000000000401, r10 00007ffc2a5c1ea0, r11 0000000000000206
   r12 00007ffc2a5c2a08, r13 0000000000000000, r14 0000000000000000
   r15 00000000000003e6
  /lib64/libpthread.so.0(+0xf6d0) [0x2b86855ac6d0]
  /lib64/libc.so.6(kill+0x7) [0x2b8685af1547]
  /opt/cluster/programs/g16-c.01/g16/l1.exe() [0x4b8975]
  /opt/cluster/programs/g16-c.01/g16/l1.exe() [0x4f867a]
  /opt/cluster/programs/g16-c.01/g16/l1.exe() [0x4d56ab]
  /opt/cluster/programs/g16-c.01/g16/l1.exe() [0x41d5c6]
  /opt/cluster/programs/g16-c.01/g16/l1.exe() [0x410c4c]
  /opt/cluster/programs/g16-c.01/g16/l1.exe() [0x40d185]
  /opt/cluster/programs/g16-c.01/g16/l1.exe() [0x40cbd7]
  /opt/cluster/programs/g16-c.01/g16/l1.exe() [0x40cb24]
  /lib64/libc.so.6(__libc_start_main+0xf5) [0x2b8685add445]
  /opt/cluster/programs/g16-c.01/g16/l1.exe() [0x407269]
 Read checkpoint file gaussian_42_water_hf_adz2.chk type Unk
 Write formatted file gaussian_42_water_hf_adz2.fchk
 Will use up to     0 threads.
 Top CubeGen          Mon Feb 20 10:09:38 2023
 Aft UFChkP           Mon Feb 20 10:09:38 2023        0.07 cpu,        0.08 elapsed
 Could not find " ","Total SCF Density" on formatted checkpoint file.
 Error termination via Lnk1e at Mon Feb 20 10:09:38 2023.
Error: segmentation violation
   rax 0000000000000000, rbx 00000000058b0be0, rcx ffffffffffffffff
   rdx 000000000002b3cb, rsp 00007ffcf0b49fe8, rbp 00007ffcf0b4a040
   rsi 000000000000000b, rdi 000000000002b3cb, r8  00002adac2b42ac0
   r9  00002adac2b42ac0, r10 00007ffcf0b49a60, r11 0000000000000206
   r12 00000000058aeb0b, r13 000000000697d288, r14 00000000058aeec0
   r15 00007ffcf0b4c280
  /lib64/libpthread.so.0(+0xf6d0) [0x2adac303c6d0]
  /lib64/libc.so.6(kill+0x7) [0x2adac3581547]
  /opt/cluster/programs/g16-c.01/g16/cubegen() [0x40fe24]
  /lib64/libc.so.6(__libc_start_main+0xf5) [0x2adac356d445]
/var/spool/slurm//job7311740/slurm_script: line 57: 177099 Aborted                 $g16root/g16/cubegen 0 Density $FCKFILE $DNSFILE -2 h
 Will use up to     0 threads.
 Top CubeGen          Mon Feb 20 10:09:38 2023
 Aft UFChkP           Mon Feb 20 10:09:38 2023        0.06 cpu,        0.07 elapsed
 Could not find " ","Total SCF Density" on formatted checkpoint file.
 Error termination via Lnk1e at Mon Feb 20 10:09:38 2023.
Error: segmentation violation
   rax 0000000000000000, rbx 00000000058b0be0, rcx ffffffffffffffff
   rdx 000000000002b400, rsp 00007ffe0262df28, rbp 00007ffe0262df80
   rsi 000000000000000b, rdi 000000000002b400, r8  00002af61dff2ac0
   r9  00002af61dff2ac0, r10 00007ffe0262d9a0, r11 0000000000000206
   r12 00000000058aeb0b, r13 000000000697d288, r14 00000000058aeec0
   r15 00007ffe026301c0
  /lib64/libpthread.so.0(+0xf6d0) [0x2af61e4ec6d0]
  /lib64/libc.so.6(kill+0x7) [0x2af61ea31547]
  /opt/cluster/programs/g16-c.01/g16/cubegen() [0x40fe24]
  /lib64/libc.so.6(__libc_start_main+0xf5) [0x2af61ea1d445]
/var/spool/slurm//job7311740/slurm_script: line 60: 177152 Aborted                 $g16root/g16/cubegen 0 Potential $FCKFILE $ESPFILE -2 h
cp: cannot stat ‘gaussian_42_water_hf_adz2_dens.cube’: No such file or directory
cp: cannot stat ‘gaussian_42_water_hf_adz2_esp.cube’: No such file or directory
