node60.cluster
 Read checkpoint file gaussian_33_water_ccsdt_atz.chk type G16
 Write formatted file gaussian_33_water_ccsdt_atz.fchk
 FChkPn:  Coordinates translated and rotated.
 FChkPn:  Coordinates match /B/ after translation and rotation.
 Will use up to     0 threads.
 Top CubeGen          Wed Feb  8 13:49:33 2023
 Aft UFChkP           Wed Feb  8 13:49:33 2023        0.20 cpu,        0.21 elapsed
 Aft DecCub           Wed Feb  8 13:49:33 2023        0.03 cpu,        0.03 elapsed
 Aft Density          Wed Feb  8 13:49:33 2023        0.00 cpu,        0.00 elapsed
 Bef DoCube           Wed Feb  8 13:49:33 2023        0.00 cpu,        0.00 elapsed
 There are a total of       29791 grid points.
 ElSum from          density=        8.1579605451
 Aft DoCube           Wed Feb  8 13:49:34 2023        0.20 cpu,        0.19 elapsed
 Will use up to     0 threads.
 Top CubeGen          Wed Feb  8 13:49:34 2023
 Aft UFChkP           Wed Feb  8 13:49:34 2023        0.19 cpu,        0.19 elapsed
 Aft DecCub           Wed Feb  8 13:49:34 2023        0.01 cpu,        0.00 elapsed
 Aft Density          Wed Feb  8 13:49:34 2023        0.00 cpu,        0.00 elapsed
 Bef DoCube           Wed Feb  8 13:49:34 2023        0.00 cpu,        0.00 elapsed
 There are a total of       29791 grid points.
 ElSum from          density=       13.6098663018
 Aft DoCube           Wed Feb  8 13:49:35 2023        1.06 cpu,        1.07 elapsed
