node105.cluster
Error: segmentation violation
   rax 0000000000000000, rbx ffffffffffffffff, rcx ffffffffffffffff
   rdx 0000000000029f8f, rsp 00007ffcf40b0398, rbp 00007ffcf40b0910
   rsi 000000000000000b, rdi 0000000000029f8f, r8  0000000000000020
   r9  0000000000000401, r10 00007ffcf40afe20, r11 0000000000000202
   r12 00007ffcf40b0958, r13 0000000000000000, r14 0000000000000000
   r15 00000000000003e6
  /lib64/libpthread.so.0(+0xf6d0) [0x2b0a52e8c6d0]
  /lib64/libc.so.6(kill+0x7) [0x2b0a533d1547]
  /opt/cluster/programs/g16-c.01/g16/l1.exe() [0x4b8975]
  /opt/cluster/programs/g16-c.01/g16/l1.exe() [0x4f867a]
  /opt/cluster/programs/g16-c.01/g16/l1.exe() [0x4d56ab]
  /opt/cluster/programs/g16-c.01/g16/l1.exe() [0x41d5c6]
  /opt/cluster/programs/g16-c.01/g16/l1.exe() [0x410c4c]
  /opt/cluster/programs/g16-c.01/g16/l1.exe() [0x40d185]
  /opt/cluster/programs/g16-c.01/g16/l1.exe() [0x40cbd7]
  /opt/cluster/programs/g16-c.01/g16/l1.exe() [0x40cb24]
  /lib64/libc.so.6(__libc_start_main+0xf5) [0x2b0a533bd445]
  /opt/cluster/programs/g16-c.01/g16/l1.exe() [0x407269]
 Read checkpoint file gaussian_25_water_hf_adz.chk type Unk
 Write formatted file gaussian_25_water_hf_adz.fchk
 Will use up to     0 threads.
 Top CubeGen          Mon Feb 20 10:05:47 2023
 Aft UFChkP           Mon Feb 20 10:05:47 2023        0.07 cpu,        0.07 elapsed
 Could not find " ","Total SCF Density" on formatted checkpoint file.
 Error termination via Lnk1e at Mon Feb 20 10:05:47 2023.
Error: segmentation violation
   rax 0000000000000000, rbx 00000000058b0be0, rcx ffffffffffffffff
   rdx 0000000000029fdc, rsp 00007ffdd32b7478, rbp 00007ffdd32b74d0
   rsi 000000000000000b, rdi 0000000000029fdc, r8  00002b04586e3ac0
   r9  00002b04586e3ac0, r10 00007ffdd32b6ee0, r11 0000000000000206
   r12 00000000058aeb0b, r13 000000000697d288, r14 00000000058aeec0
   r15 00007ffdd32b9710
  /lib64/libpthread.so.0(+0xf6d0) [0x2b0458bdd6d0]
  /lib64/libc.so.6(kill+0x7) [0x2b0459122547]
  /opt/cluster/programs/g16-c.01/g16/cubegen() [0x40fe24]
  /lib64/libc.so.6(__libc_start_main+0xf5) [0x2b045910e445]
/var/spool/slurm//job7311543/slurm_script: line 57: 171996 Aborted                 $g16root/g16/cubegen 0 Density $FCKFILE $DNSFILE -2 h
 Will use up to     0 threads.
 Top CubeGen          Mon Feb 20 10:05:48 2023
 Aft UFChkP           Mon Feb 20 10:05:48 2023        0.07 cpu,        0.07 elapsed
 Could not find " ","Total SCF Density" on formatted checkpoint file.
 Error termination via Lnk1e at Mon Feb 20 10:05:48 2023.
Error: segmentation violation
   rax 0000000000000000, rbx 00000000058b0be0, rcx ffffffffffffffff
   rdx 000000000002a00e, rsp 00007ffca628b798, rbp 00007ffca628b7f0
   rsi 000000000000000b, rdi 000000000002a00e, r8  00002ba58f6deac0
   r9  00002ba58f6deac0, r10 00007ffca628b220, r11 0000000000000202
   r12 00000000058aeb0b, r13 000000000697d288, r14 00000000058aeec0
   r15 00007ffca628da30
  /lib64/libpthread.so.0(+0xf6d0) [0x2ba58fbd86d0]
  /lib64/libc.so.6(kill+0x7) [0x2ba59011d547]
  /opt/cluster/programs/g16-c.01/g16/cubegen() [0x40fe24]
  /lib64/libc.so.6(__libc_start_main+0xf5) [0x2ba590109445]
/var/spool/slurm//job7311543/slurm_script: line 60: 172046 Aborted                 $g16root/g16/cubegen 0 Potential $FCKFILE $ESPFILE -2 h
cp: cannot stat ‘gaussian_25_water_hf_adz_dens.cube’: No such file or directory
cp: cannot stat ‘gaussian_25_water_hf_adz_esp.cube’: No such file or directory
