node102.cluster
Error: segmentation violation
   rax 0000000000000000, rbx ffffffffffffffff, rcx ffffffffffffffff
   rdx 000000000002e2f4, rsp 00007fff3fb148a8, rbp 00007fff3fb14e20
   rsi 000000000000000b, rdi 000000000002e2f4, r8  0000000000000020
   r9  0000000000000401, r10 00007fff3fb14320, r11 0000000000000202
   r12 00007fff3fb14e68, r13 0000000000000000, r14 0000000000000000
   r15 00000000000003e6
  /lib64/libpthread.so.0(+0xf6d0) [0x2b08b0ca66d0]
  /lib64/libc.so.6(kill+0x7) [0x2b08b11eb547]
  /opt/cluster/programs/g16-c.01/g16/l1.exe() [0x4b8975]
  /opt/cluster/programs/g16-c.01/g16/l1.exe() [0x4f867a]
  /opt/cluster/programs/g16-c.01/g16/l1.exe() [0x4d56ab]
  /opt/cluster/programs/g16-c.01/g16/l1.exe() [0x41d5c6]
  /opt/cluster/programs/g16-c.01/g16/l1.exe() [0x410c4c]
  /opt/cluster/programs/g16-c.01/g16/l1.exe() [0x40d185]
  /opt/cluster/programs/g16-c.01/g16/l1.exe() [0x40cbd7]
  /opt/cluster/programs/g16-c.01/g16/l1.exe() [0x40cb24]
  /lib64/libc.so.6(__libc_start_main+0xf5) [0x2b08b11d7445]
  /opt/cluster/programs/g16-c.01/g16/l1.exe() [0x407269]
 Read checkpoint file gaussian_80_water_hf_adz2.chk type Unk
 Write formatted file gaussian_80_water_hf_adz2.fchk
 Will use up to     0 threads.
 Top CubeGen          Mon Feb 20 10:10:16 2023
 Aft UFChkP           Mon Feb 20 10:10:16 2023        0.06 cpu,        0.07 elapsed
 Could not find " ","Total SCF Density" on formatted checkpoint file.
 Error termination via Lnk1e at Mon Feb 20 10:10:16 2023.
Error: segmentation violation
   rax 0000000000000000, rbx 00000000058b0be0, rcx ffffffffffffffff
   rdx 000000000002e306, rsp 00007ffde1e05558, rbp 00007ffde1e055b0
   rsi 000000000000000b, rdi 000000000002e306, r8  00002adc926baac0
   r9  00002adc926baac0, r10 00007ffde1e04fe0, r11 0000000000000202
   r12 00000000058aeb0b, r13 000000000697d288, r14 00000000058aeec0
   r15 00007ffde1e077f0
  /lib64/libpthread.so.0(+0xf6d0) [0x2adc92bb46d0]
  /lib64/libc.so.6(kill+0x7) [0x2adc930f9547]
  /opt/cluster/programs/g16-c.01/g16/cubegen() [0x40fe24]
  /lib64/libc.so.6(__libc_start_main+0xf5) [0x2adc930e5445]
/var/spool/slurm//job7311778/slurm_script: line 57: 189190 Aborted                 $g16root/g16/cubegen 0 Density $FCKFILE $DNSFILE -2 h
 Will use up to     0 threads.
 Top CubeGen          Mon Feb 20 10:10:16 2023
 Aft UFChkP           Mon Feb 20 10:10:16 2023        0.06 cpu,        0.07 elapsed
 Could not find " ","Total SCF Density" on formatted checkpoint file.
 Error termination via Lnk1e at Mon Feb 20 10:10:16 2023.
Error: segmentation violation
   rax 0000000000000000, rbx 00000000058b0be0, rcx ffffffffffffffff
   rdx 000000000002e312, rsp 00007ffebf2d3c58, rbp 00007ffebf2d3cb0
   rsi 000000000000000b, rdi 000000000002e312, r8  00002ba7aae16ac0
   r9  00002ba7aae16ac0, r10 00007ffebf2d36e0, r11 0000000000000202
   r12 00000000058aeb0b, r13 000000000697d288, r14 00000000058aeec0
   r15 00007ffebf2d5ef0
  /lib64/libpthread.so.0(+0xf6d0) [0x2ba7ab3106d0]
  /lib64/libc.so.6(kill+0x7) [0x2ba7ab855547]
  /opt/cluster/programs/g16-c.01/g16/cubegen() [0x40fe24]
  /lib64/libc.so.6(__libc_start_main+0xf5) [0x2ba7ab841445]
/var/spool/slurm//job7311778/slurm_script: line 60: 189202 Aborted                 $g16root/g16/cubegen 0 Potential $FCKFILE $ESPFILE -2 h
cp: cannot stat ‘gaussian_80_water_hf_adz2_dens.cube’: No such file or directory
cp: cannot stat ‘gaussian_80_water_hf_adz2_esp.cube’: No such file or directory
