node105.cluster
Error: segmentation violation
   rax 0000000000000000, rbx ffffffffffffffff, rcx ffffffffffffffff
   rdx 000000000002a79c, rsp 00007ffdbf3d6188, rbp 00007ffdbf3d6700
   rsi 000000000000000b, rdi 000000000002a79c, r8  0000000000000020
   r9  0000000000000401, r10 00007ffdbf3d5be0, r11 0000000000000206
   r12 00007ffdbf3d6748, r13 0000000000000000, r14 0000000000000000
   r15 00000000000003e6
  /lib64/libpthread.so.0(+0xf6d0) [0x2b97e7fe16d0]
  /lib64/libc.so.6(kill+0x7) [0x2b97e8526547]
  /opt/cluster/programs/g16-c.01/g16/l1.exe() [0x4b8975]
  /opt/cluster/programs/g16-c.01/g16/l1.exe() [0x4f867a]
  /opt/cluster/programs/g16-c.01/g16/l1.exe() [0x4d56ab]
  /opt/cluster/programs/g16-c.01/g16/l1.exe() [0x41d5c6]
  /opt/cluster/programs/g16-c.01/g16/l1.exe() [0x410c4c]
  /opt/cluster/programs/g16-c.01/g16/l1.exe() [0x40d185]
  /opt/cluster/programs/g16-c.01/g16/l1.exe() [0x40cbd7]
  /opt/cluster/programs/g16-c.01/g16/l1.exe() [0x40cb24]
  /lib64/libc.so.6(__libc_start_main+0xf5) [0x2b97e8512445]
  /opt/cluster/programs/g16-c.01/g16/l1.exe() [0x407269]
 Read checkpoint file gaussian_103_water_hf_adz.chk type Unk
 Write formatted file gaussian_103_water_hf_adz.fchk
 Will use up to     0 threads.
 Top CubeGen          Mon Feb 20 10:07:09 2023
 Aft UFChkP           Mon Feb 20 10:07:09 2023        0.07 cpu,        0.07 elapsed
 Could not find " ","Total SCF Density" on formatted checkpoint file.
 Error termination via Lnk1e at Mon Feb 20 10:07:09 2023.
Error: segmentation violation
   rax 0000000000000000, rbx 00000000058b0be0, rcx ffffffffffffffff
   rdx 000000000002a7f7, rsp 00007ffcb9f9db18, rbp 00007ffcb9f9db70
   rsi 000000000000000b, rdi 000000000002a7f7, r8  00002ab28c822ac0
   r9  00002ab28c822ac0, r10 00007ffcb9f9d5a0, r11 0000000000000206
   r12 00000000058aeb0b, r13 000000000697d288, r14 00000000058aeec0
   r15 00007ffcb9f9fdb0
  /lib64/libpthread.so.0(+0xf6d0) [0x2ab28cd1c6d0]
  /lib64/libc.so.6(kill+0x7) [0x2ab28d261547]
  /opt/cluster/programs/g16-c.01/g16/cubegen() [0x40fe24]
  /lib64/libc.so.6(__libc_start_main+0xf5) [0x2ab28d24d445]
/var/spool/slurm//job7311621/slurm_script: line 57: 174071 Aborted                 $g16root/g16/cubegen 0 Density $FCKFILE $DNSFILE -2 h
 Will use up to     0 threads.
 Top CubeGen          Mon Feb 20 10:07:09 2023
 Aft UFChkP           Mon Feb 20 10:07:09 2023        0.06 cpu,        0.07 elapsed
 Could not find " ","Total SCF Density" on formatted checkpoint file.
 Error termination via Lnk1e at Mon Feb 20 10:07:09 2023.
Error: segmentation violation
   rax 0000000000000000, rbx 00000000058b0be0, rcx ffffffffffffffff
   rdx 000000000002a823, rsp 00007ffdd3bcddc8, rbp 00007ffdd3bcde20
   rsi 000000000000000b, rdi 000000000002a823, r8  00002b36372c4ac0
   r9  00002b36372c4ac0, r10 00007ffdd3bcd820, r11 0000000000000202
   r12 00000000058aeb0b, r13 000000000697d288, r14 00000000058aeec0
   r15 00007ffdd3bd0060
  /lib64/libpthread.so.0(+0xf6d0) [0x2b36377be6d0]
  /lib64/libc.so.6(kill+0x7) [0x2b3637d03547]
  /opt/cluster/programs/g16-c.01/g16/cubegen() [0x40fe24]
  /lib64/libc.so.6(__libc_start_main+0xf5) [0x2b3637cef445]
/var/spool/slurm//job7311621/slurm_script: line 60: 174115 Aborted                 $g16root/g16/cubegen 0 Potential $FCKFILE $ESPFILE -2 h
cp: cannot stat ‘gaussian_103_water_hf_adz_dens.cube’: No such file or directory
cp: cannot stat ‘gaussian_103_water_hf_adz_esp.cube’: No such file or directory
