node106.cluster
Error: segmentation violation
   rax 0000000000000000, rbx ffffffffffffffff, rcx ffffffffffffffff
   rdx 0000000000024f54, rsp 00007ffe355e02d8, rbp 00007ffe355e0850
   rsi 000000000000000b, rdi 0000000000024f54, r8  0000000000000020
   r9  0000000000000401, r10 00007ffe355dfd60, r11 0000000000000206
   r12 00007ffe355e0898, r13 0000000000000000, r14 0000000000000000
   r15 00000000000003e6
  /lib64/libpthread.so.0(+0xf6d0) [0x2acca3c426d0]
  /lib64/libc.so.6(kill+0x7) [0x2acca4187547]
  /opt/cluster/programs/g16-c.01/g16/l1.exe() [0x4b8975]
  /opt/cluster/programs/g16-c.01/g16/l1.exe() [0x4f867a]
  /opt/cluster/programs/g16-c.01/g16/l1.exe() [0x4d56ab]
  /opt/cluster/programs/g16-c.01/g16/l1.exe() [0x41d5c6]
  /opt/cluster/programs/g16-c.01/g16/l1.exe() [0x410c4c]
  /opt/cluster/programs/g16-c.01/g16/l1.exe() [0x40d185]
  /opt/cluster/programs/g16-c.01/g16/l1.exe() [0x40cbd7]
  /opt/cluster/programs/g16-c.01/g16/l1.exe() [0x40cb24]
  /lib64/libc.so.6(__libc_start_main+0xf5) [0x2acca4173445]
  /opt/cluster/programs/g16-c.01/g16/l1.exe() [0x407269]
 Read checkpoint file gaussian_59_water_hf_adz.chk type Unk
 Write formatted file gaussian_59_water_hf_adz.fchk
 Will use up to     0 threads.
 Top CubeGen          Mon Feb 20 10:06:18 2023
 Aft UFChkP           Mon Feb 20 10:06:18 2023        0.06 cpu,        0.07 elapsed
 Could not find " ","Total SCF Density" on formatted checkpoint file.
 Error termination via Lnk1e at Mon Feb 20 10:06:18 2023.
Error: segmentation violation
   rax 0000000000000000, rbx 00000000058b0be0, rcx ffffffffffffffff
   rdx 0000000000024f9d, rsp 00007fffa07c11a8, rbp 00007fffa07c1200
   rsi 000000000000000b, rdi 0000000000024f9d, r8  00002b08094ffac0
   r9  00002b08094ffac0, r10 00007fffa07c0c20, r11 0000000000000202
   r12 00000000058aeb0b, r13 000000000697d288, r14 00000000058aeec0
   r15 00007fffa07c3440
  /lib64/libpthread.so.0(+0xf6d0) [0x2b08099f96d0]
  /lib64/libc.so.6(kill+0x7) [0x2b0809f3e547]
  /opt/cluster/programs/g16-c.01/g16/cubegen() [0x40fe24]
  /lib64/libc.so.6(__libc_start_main+0xf5) [0x2b0809f2a445]
/var/spool/slurm//job7311577/slurm_script: line 57: 151453 Aborted                 $g16root/g16/cubegen 0 Density $FCKFILE $DNSFILE -2 h
 Will use up to     0 threads.
 Top CubeGen          Mon Feb 20 10:06:19 2023
 Aft UFChkP           Mon Feb 20 10:06:19 2023        0.06 cpu,        0.07 elapsed
 Could not find " ","Total SCF Density" on formatted checkpoint file.
 Error termination via Lnk1e at Mon Feb 20 10:06:19 2023.
Error: segmentation violation
   rax 0000000000000000, rbx 00000000058b0be0, rcx ffffffffffffffff
   rdx 0000000000024fcc, rsp 00007fff52c70b48, rbp 00007fff52c70ba0
   rsi 000000000000000b, rdi 0000000000024fcc, r8  00002ba893a0cac0
   r9  00002ba893a0cac0, r10 00007fff52c705a0, r11 0000000000000206
   r12 00000000058aeb0b, r13 000000000697d288, r14 00000000058aeec0
   r15 00007fff52c72de0
  /lib64/libpthread.so.0(+0xf6d0) [0x2ba893f066d0]
  /lib64/libc.so.6(kill+0x7) [0x2ba89444b547]
  /opt/cluster/programs/g16-c.01/g16/cubegen() [0x40fe24]
  /lib64/libc.so.6(__libc_start_main+0xf5) [0x2ba894437445]
/var/spool/slurm//job7311577/slurm_script: line 60: 151500 Aborted                 $g16root/g16/cubegen 0 Potential $FCKFILE $ESPFILE -2 h
cp: cannot stat ‘gaussian_59_water_hf_adz_dens.cube’: No such file or directory
cp: cannot stat ‘gaussian_59_water_hf_adz_esp.cube’: No such file or directory
