node106.cluster
Error: segmentation violation
   rax 0000000000000000, rbx ffffffffffffffff, rcx ffffffffffffffff
   rdx 0000000000024b40, rsp 00007ffcfa0291e8, rbp 00007ffcfa029760
   rsi 000000000000000b, rdi 0000000000024b40, r8  0000000000000020
   r9  0000000000000401, r10 00007ffcfa028c60, r11 0000000000000206
   r12 00007ffcfa0297a8, r13 0000000000000000, r14 0000000000000000
   r15 00000000000003e6
  /lib64/libpthread.so.0(+0xf6d0) [0x2b1b4d20b6d0]
  /lib64/libc.so.6(kill+0x7) [0x2b1b4d750547]
  /opt/cluster/programs/g16-c.01/g16/l1.exe() [0x4b8975]
  /opt/cluster/programs/g16-c.01/g16/l1.exe() [0x4f867a]
  /opt/cluster/programs/g16-c.01/g16/l1.exe() [0x4d56ab]
  /opt/cluster/programs/g16-c.01/g16/l1.exe() [0x41d5c6]
  /opt/cluster/programs/g16-c.01/g16/l1.exe() [0x410c4c]
  /opt/cluster/programs/g16-c.01/g16/l1.exe() [0x40d185]
  /opt/cluster/programs/g16-c.01/g16/l1.exe() [0x40cbd7]
  /opt/cluster/programs/g16-c.01/g16/l1.exe() [0x40cb24]
  /lib64/libc.so.6(__libc_start_main+0xf5) [0x2b1b4d73c445]
  /opt/cluster/programs/g16-c.01/g16/l1.exe() [0x407269]
 Read checkpoint file gaussian_17_water_hf_adz.chk type Unk
 Write formatted file gaussian_17_water_hf_adz.fchk
 Will use up to     0 threads.
 Top CubeGen          Mon Feb 20 10:05:38 2023
 Aft UFChkP           Mon Feb 20 10:05:38 2023        0.07 cpu,        0.07 elapsed
 Could not find " ","Total SCF Density" on formatted checkpoint file.
 Error termination via Lnk1e at Mon Feb 20 10:05:38 2023.
Error: segmentation violation
   rax 0000000000000000, rbx 00000000058b0be0, rcx ffffffffffffffff
   rdx 0000000000024bad, rsp 00007ffdea196b08, rbp 00007ffdea196b60
   rsi 000000000000000b, rdi 0000000000024bad, r8  00002b7b7ef7dac0
   r9  00002b7b7ef7dac0, r10 00007ffdea196560, r11 0000000000000202
   r12 00000000058aeb0b, r13 000000000697d288, r14 00000000058aeec0
   r15 00007ffdea198da0
  /lib64/libpthread.so.0(+0xf6d0) [0x2b7b7f4776d0]
  /lib64/libc.so.6(kill+0x7) [0x2b7b7f9bc547]
  /opt/cluster/programs/g16-c.01/g16/cubegen() [0x40fe24]
  /lib64/libc.so.6(__libc_start_main+0xf5) [0x2b7b7f9a8445]
/var/spool/slurm//job7311535/slurm_script: line 57: 150445 Aborted                 $g16root/g16/cubegen 0 Density $FCKFILE $DNSFILE -2 h
 Will use up to     0 threads.
 Top CubeGen          Mon Feb 20 10:05:39 2023
 Aft UFChkP           Mon Feb 20 10:05:39 2023        0.06 cpu,        0.07 elapsed
 Could not find " ","Total SCF Density" on formatted checkpoint file.
 Error termination via Lnk1e at Mon Feb 20 10:05:39 2023.
Error: segmentation violation
   rax 0000000000000000, rbx 00000000058b0be0, rcx ffffffffffffffff
   rdx 0000000000024bdd, rsp 00007ffebe126358, rbp 00007ffebe1263b0
   rsi 000000000000000b, rdi 0000000000024bdd, r8  00002b6fc6d9aac0
   r9  00002b6fc6d9aac0, r10 00007ffebe125de0, r11 0000000000000202
   r12 00000000058aeb0b, r13 000000000697d288, r14 00000000058aeec0
   r15 00007ffebe1285f0
  /lib64/libpthread.so.0(+0xf6d0) [0x2b6fc72946d0]
  /lib64/libc.so.6(kill+0x7) [0x2b6fc77d9547]
  /opt/cluster/programs/g16-c.01/g16/cubegen() [0x40fe24]
  /lib64/libc.so.6(__libc_start_main+0xf5) [0x2b6fc77c5445]
/var/spool/slurm//job7311535/slurm_script: line 60: 150493 Aborted                 $g16root/g16/cubegen 0 Potential $FCKFILE $ESPFILE -2 h
cp: cannot stat ‘gaussian_17_water_hf_adz_dens.cube’: No such file or directory
cp: cannot stat ‘gaussian_17_water_hf_adz_esp.cube’: No such file or directory
