node102.cluster
Error: segmentation violation
   rax 0000000000000000, rbx ffffffffffffffff, rcx ffffffffffffffff
   rdx 000000000002e0b0, rsp 00007ffc2a87e3e8, rbp 00007ffc2a87e960
   rsi 000000000000000b, rdi 000000000002e0b0, r8  0000000000000020
   r9  0000000000000401, r10 00007ffc2a87de60, r11 0000000000000206
   r12 00007ffc2a87e9a8, r13 0000000000000000, r14 0000000000000000
   r15 00000000000003e6
  /lib64/libpthread.so.0(+0xf6d0) [0x2acdcfe5a6d0]
  /lib64/libc.so.6(kill+0x7) [0x2acdd039f547]
  /opt/cluster/programs/g16-c.01/g16/l1.exe() [0x4b8975]
  /opt/cluster/programs/g16-c.01/g16/l1.exe() [0x4f867a]
  /opt/cluster/programs/g16-c.01/g16/l1.exe() [0x4d56ab]
  /opt/cluster/programs/g16-c.01/g16/l1.exe() [0x41d5c6]
  /opt/cluster/programs/g16-c.01/g16/l1.exe() [0x410c4c]
  /opt/cluster/programs/g16-c.01/g16/l1.exe() [0x40d185]
  /opt/cluster/programs/g16-c.01/g16/l1.exe() [0x40cbd7]
  /opt/cluster/programs/g16-c.01/g16/l1.exe() [0x40cb24]
  /lib64/libc.so.6(__libc_start_main+0xf5) [0x2acdd038b445]
  /opt/cluster/programs/g16-c.01/g16/l1.exe() [0x407269]
 Read checkpoint file gaussian_171_water_hf_adz.chk type Unk
 Write formatted file gaussian_171_water_hf_adz.fchk
 Will use up to     0 threads.
 Top CubeGen          Mon Feb 20 10:08:20 2023
 Aft UFChkP           Mon Feb 20 10:08:20 2023        0.07 cpu,        0.07 elapsed
 Could not find " ","Total SCF Density" on formatted checkpoint file.
 Error termination via Lnk1e at Mon Feb 20 10:08:20 2023.
Error: segmentation violation
   rax 0000000000000000, rbx 00000000058b0be0, rcx ffffffffffffffff
   rdx 000000000002e0c2, rsp 00007ffdee548c18, rbp 00007ffdee548c70
   rsi 000000000000000b, rdi 000000000002e0c2, r8  00002b8082277ac0
   r9  00002b8082277ac0, r10 00007ffdee5486a0, r11 0000000000000206
   r12 00000000058aeb0b, r13 000000000697d288, r14 00000000058aeec0
   r15 00007ffdee54aeb0
  /lib64/libpthread.so.0(+0xf6d0) [0x2b80827716d0]
  /lib64/libc.so.6(kill+0x7) [0x2b8082cb6547]
  /opt/cluster/programs/g16-c.01/g16/cubegen() [0x40fe24]
  /lib64/libc.so.6(__libc_start_main+0xf5) [0x2b8082ca2445]
/var/spool/slurm//job7311689/slurm_script: line 57: 188610 Aborted                 $g16root/g16/cubegen 0 Density $FCKFILE $DNSFILE -2 h
 Will use up to     0 threads.
 Top CubeGen          Mon Feb 20 10:08:20 2023
 Aft UFChkP           Mon Feb 20 10:08:20 2023        0.07 cpu,        0.07 elapsed
 Could not find " ","Total SCF Density" on formatted checkpoint file.
 Error termination via Lnk1e at Mon Feb 20 10:08:20 2023.
Error: segmentation violation
   rax 0000000000000000, rbx 00000000058b0be0, rcx ffffffffffffffff
   rdx 000000000002e0ce, rsp 00007ffcf5dec348, rbp 00007ffcf5dec3a0
   rsi 000000000000000b, rdi 000000000002e0ce, r8  00002b3471c4aac0
   r9  00002b3471c4aac0, r10 00007ffcf5debda0, r11 0000000000000206
   r12 00000000058aeb0b, r13 000000000697d288, r14 00000000058aeec0
   r15 00007ffcf5dee5e0
  /lib64/libpthread.so.0(+0xf6d0) [0x2b34721446d0]
  /lib64/libc.so.6(kill+0x7) [0x2b3472689547]
  /opt/cluster/programs/g16-c.01/g16/cubegen() [0x40fe24]
  /lib64/libc.so.6(__libc_start_main+0xf5) [0x2b3472675445]
/var/spool/slurm//job7311689/slurm_script: line 60: 188622 Aborted                 $g16root/g16/cubegen 0 Potential $FCKFILE $ESPFILE -2 h
cp: cannot stat ‘gaussian_171_water_hf_adz_dens.cube’: No such file or directory
cp: cannot stat ‘gaussian_171_water_hf_adz_esp.cube’: No such file or directory
