node101.cluster
Error: segmentation violation
   rax 0000000000000000, rbx ffffffffffffffff, rcx ffffffffffffffff
   rdx 000000000002e15b, rsp 00007ffe6bdfef08, rbp 00007ffe6bdff480
   rsi 000000000000000b, rdi 000000000002e15b, r8  0000000000000020
   r9  0000000000000401, r10 00007ffe6bdfe960, r11 0000000000000202
   r12 00007ffe6bdff4c8, r13 0000000000000000, r14 0000000000000000
   r15 00000000000003e6
  /lib64/libpthread.so.0(+0xf6d0) [0x2ada4e5656d0]
  /lib64/libc.so.6(kill+0x7) [0x2ada4eaaa547]
  /opt/cluster/programs/g16-c.01/g16/l1.exe() [0x4b8975]
  /opt/cluster/programs/g16-c.01/g16/l1.exe() [0x4f867a]
  /opt/cluster/programs/g16-c.01/g16/l1.exe() [0x4d56ab]
  /opt/cluster/programs/g16-c.01/g16/l1.exe() [0x41d5c6]
  /opt/cluster/programs/g16-c.01/g16/l1.exe() [0x410c4c]
  /opt/cluster/programs/g16-c.01/g16/l1.exe() [0x40d185]
  /opt/cluster/programs/g16-c.01/g16/l1.exe() [0x40cbd7]
  /opt/cluster/programs/g16-c.01/g16/l1.exe() [0x40cb24]
  /lib64/libc.so.6(__libc_start_main+0xf5) [0x2ada4ea96445]
  /opt/cluster/programs/g16-c.01/g16/l1.exe() [0x407269]
 Read checkpoint file gaussian_42_water_hf_adz.chk type Unk
 Write formatted file gaussian_42_water_hf_adz.fchk
 Will use up to     0 threads.
 Top CubeGen          Mon Feb 20 10:06:08 2023
 Aft UFChkP           Mon Feb 20 10:06:08 2023        0.06 cpu,        0.07 elapsed
 Could not find " ","Total SCF Density" on formatted checkpoint file.
 Error termination via Lnk1e at Mon Feb 20 10:06:08 2023.
Error: segmentation violation
   rax 0000000000000000, rbx 00000000058b0be0, rcx ffffffffffffffff
   rdx 000000000002e16d, rsp 00007ffe5a7fbff8, rbp 00007ffe5a7fc050
   rsi 000000000000000b, rdi 000000000002e16d, r8  00002b09be6cbac0
   r9  00002b09be6cbac0, r10 00007ffe5a7fba60, r11 0000000000000202
   r12 00000000058aeb0b, r13 000000000697d288, r14 00000000058aeec0
   r15 00007ffe5a7fe290
  /lib64/libpthread.so.0(+0xf6d0) [0x2b09bebc56d0]
  /lib64/libc.so.6(kill+0x7) [0x2b09bf10a547]
  /opt/cluster/programs/g16-c.01/g16/cubegen() [0x40fe24]
  /lib64/libc.so.6(__libc_start_main+0xf5) [0x2b09bf0f6445]
/var/spool/slurm//job7311560/slurm_script: line 57: 188781 Aborted                 $g16root/g16/cubegen 0 Density $FCKFILE $DNSFILE -2 h
 Will use up to     0 threads.
 Top CubeGen          Mon Feb 20 10:06:08 2023
 Aft UFChkP           Mon Feb 20 10:06:08 2023        0.07 cpu,        0.07 elapsed
 Could not find " ","Total SCF Density" on formatted checkpoint file.
 Error termination via Lnk1e at Mon Feb 20 10:06:08 2023.
Error: segmentation violation
   rax 0000000000000000, rbx 00000000058b0be0, rcx ffffffffffffffff
   rdx 000000000002e179, rsp 00007ffc263a43c8, rbp 00007ffc263a4420
   rsi 000000000000000b, rdi 000000000002e179, r8  00002b3d3e281ac0
   r9  00002b3d3e281ac0, r10 00007ffc263a3e20, r11 0000000000000202
   r12 00000000058aeb0b, r13 000000000697d288, r14 00000000058aeec0
   r15 00007ffc263a6660
  /lib64/libpthread.so.0(+0xf6d0) [0x2b3d3e77b6d0]
  /lib64/libc.so.6(kill+0x7) [0x2b3d3ecc0547]
  /opt/cluster/programs/g16-c.01/g16/cubegen() [0x40fe24]
  /lib64/libc.so.6(__libc_start_main+0xf5) [0x2b3d3ecac445]
/var/spool/slurm//job7311560/slurm_script: line 60: 188793 Aborted                 $g16root/g16/cubegen 0 Potential $FCKFILE $ESPFILE -2 h
cp: cannot stat ‘gaussian_42_water_hf_adz_dens.cube’: No such file or directory
cp: cannot stat ‘gaussian_42_water_hf_adz_esp.cube’: No such file or directory
