node106.cluster
 Read checkpoint file gaussian_94_water_hf_adz.chk type G16
 Write formatted file gaussian_94_water_hf_adz.fchk
 FChkPn:  Coordinates translated and rotated.
 FChkPn:  Coordinates match /B/ after translation and rotation.
 Will use up to     0 threads.
 Top CubeGen          Mon Feb 20 10:28:06 2023
 Aft UFChkP           Mon Feb 20 10:28:06 2023        0.12 cpu,        0.13 elapsed
 Aft DecCub           Mon Feb 20 10:28:06 2023        0.01 cpu,        0.01 elapsed
 Aft Density          Mon Feb 20 10:28:06 2023        0.00 cpu,        0.00 elapsed
 Bef DoCube           Mon Feb 20 10:28:06 2023        0.00 cpu,        0.00 elapsed
 There are a total of       29791 grid points.
 ElSum from          density=        8.1572229073
 Aft DoCube           Mon Feb 20 10:28:06 2023        0.07 cpu,        0.06 elapsed
 Will use up to     0 threads.
 Top CubeGen          Mon Feb 20 10:28:06 2023
 Aft UFChkP           Mon Feb 20 10:28:07 2023        0.13 cpu,        0.13 elapsed
 Aft DecCub           Mon Feb 20 10:28:07 2023        0.00 cpu,        0.00 elapsed
 Aft Density          Mon Feb 20 10:28:07 2023        0.00 cpu,        0.00 elapsed
 Bef DoCube           Mon Feb 20 10:28:07 2023        0.00 cpu,        0.00 elapsed
 There are a total of       29791 grid points.
 ElSum from          density=       13.6105394261
 Aft DoCube           Mon Feb 20 10:28:07 2023        0.41 cpu,        0.42 elapsed
