node102.cluster
Error: segmentation violation
   rax 0000000000000000, rbx ffffffffffffffff, rcx ffffffffffffffff
   rdx 000000000002dd05, rsp 00007ffcd01ddb68, rbp 00007ffcd01de0e0
   rsi 000000000000000b, rdi 000000000002dd05, r8  0000000000000020
   r9  0000000000000401, r10 00007ffcd01dd5e0, r11 0000000000000202
   r12 00007ffcd01de128, r13 0000000000000000, r14 0000000000000000
   r15 00000000000003e6
  /lib64/libpthread.so.0(+0xf6d0) [0x2b49f69596d0]
  /lib64/libc.so.6(kill+0x7) [0x2b49f6e9e547]
  /opt/cluster/programs/g16-c.01/g16/l1.exe() [0x4b8975]
  /opt/cluster/programs/g16-c.01/g16/l1.exe() [0x4f867a]
  /opt/cluster/programs/g16-c.01/g16/l1.exe() [0x4d56ab]
  /opt/cluster/programs/g16-c.01/g16/l1.exe() [0x41d5c6]
  /opt/cluster/programs/g16-c.01/g16/l1.exe() [0x410c4c]
  /opt/cluster/programs/g16-c.01/g16/l1.exe() [0x40d185]
  /opt/cluster/programs/g16-c.01/g16/l1.exe() [0x40cbd7]
  /opt/cluster/programs/g16-c.01/g16/l1.exe() [0x40cb24]
  /lib64/libc.so.6(__libc_start_main+0xf5) [0x2b49f6e8a445]
  /opt/cluster/programs/g16-c.01/g16/l1.exe() [0x407269]
 Read checkpoint file gaussian_46_water_hf_adz.chk type Unk
 Write formatted file gaussian_46_water_hf_adz.fchk
 Will use up to     0 threads.
 Top CubeGen          Mon Feb 20 10:06:08 2023
 Aft UFChkP           Mon Feb 20 10:06:09 2023        0.06 cpu,        0.07 elapsed
 Could not find " ","Total SCF Density" on formatted checkpoint file.
 Error termination via Lnk1e at Mon Feb 20 10:06:09 2023.
Error: segmentation violation
   rax 0000000000000000, rbx 00000000058b0be0, rcx ffffffffffffffff
   rdx 000000000002dd17, rsp 00007ffd89faeab8, rbp 00007ffd89faeb10
   rsi 000000000000000b, rdi 000000000002dd17, r8  00002b96bd531ac0
   r9  00002b96bd531ac0, r10 00007ffd89fae520, r11 0000000000000206
   r12 00000000058aeb0b, r13 000000000697d288, r14 00000000058aeec0
   r15 00007ffd89fb0d50
  /lib64/libpthread.so.0(+0xf6d0) [0x2b96bda2b6d0]
  /lib64/libc.so.6(kill+0x7) [0x2b96bdf70547]
  /opt/cluster/programs/g16-c.01/g16/cubegen() [0x40fe24]
  /lib64/libc.so.6(__libc_start_main+0xf5) [0x2b96bdf5c445]
/var/spool/slurm//job7311564/slurm_script: line 57: 187671 Aborted                 $g16root/g16/cubegen 0 Density $FCKFILE $DNSFILE -2 h
 Will use up to     0 threads.
 Top CubeGen          Mon Feb 20 10:06:09 2023
 Aft UFChkP           Mon Feb 20 10:06:09 2023        0.07 cpu,        0.07 elapsed
 Could not find " ","Total SCF Density" on formatted checkpoint file.
 Error termination via Lnk1e at Mon Feb 20 10:06:09 2023.
Error: segmentation violation
   rax 0000000000000000, rbx 00000000058b0be0, rcx ffffffffffffffff
   rdx 000000000002dd23, rsp 00007ffc7f6a33e8, rbp 00007ffc7f6a3440
   rsi 000000000000000b, rdi 000000000002dd23, r8  00002ad500f09ac0
   r9  00002ad500f09ac0, r10 00007ffc7f6a2e60, r11 0000000000000206
   r12 00000000058aeb0b, r13 000000000697d288, r14 00000000058aeec0
   r15 00007ffc7f6a5680
  /lib64/libpthread.so.0(+0xf6d0) [0x2ad5014036d0]
  /lib64/libc.so.6(kill+0x7) [0x2ad501948547]
  /opt/cluster/programs/g16-c.01/g16/cubegen() [0x40fe24]
  /lib64/libc.so.6(__libc_start_main+0xf5) [0x2ad501934445]
/var/spool/slurm//job7311564/slurm_script: line 60: 187683 Aborted                 $g16root/g16/cubegen 0 Potential $FCKFILE $ESPFILE -2 h
cp: cannot stat ‘gaussian_46_water_hf_adz_dens.cube’: No such file or directory
cp: cannot stat ‘gaussian_46_water_hf_adz_esp.cube’: No such file or directory
