node105.cluster
Error: segmentation violation
   rax 0000000000000000, rbx ffffffffffffffff, rcx ffffffffffffffff
   rdx 000000000002a7ad, rsp 00007fffc6694a38, rbp 00007fffc6694fb0
   rsi 000000000000000b, rdi 000000000002a7ad, r8  0000000000000020
   r9  0000000000000401, r10 00007fffc66944a0, r11 0000000000000202
   r12 00007fffc6694ff8, r13 0000000000000000, r14 0000000000000000
   r15 00000000000003e6
  /lib64/libpthread.so.0(+0xf6d0) [0x2ba161f616d0]
  /lib64/libc.so.6(kill+0x7) [0x2ba1624a6547]
  /opt/cluster/programs/g16-c.01/g16/l1.exe() [0x4b8975]
  /opt/cluster/programs/g16-c.01/g16/l1.exe() [0x4f867a]
  /opt/cluster/programs/g16-c.01/g16/l1.exe() [0x4d56ab]
  /opt/cluster/programs/g16-c.01/g16/l1.exe() [0x41d5c6]
  /opt/cluster/programs/g16-c.01/g16/l1.exe() [0x410c4c]
  /opt/cluster/programs/g16-c.01/g16/l1.exe() [0x40d185]
  /opt/cluster/programs/g16-c.01/g16/l1.exe() [0x40cbd7]
  /opt/cluster/programs/g16-c.01/g16/l1.exe() [0x40cb24]
  /lib64/libc.so.6(__libc_start_main+0xf5) [0x2ba162492445]
  /opt/cluster/programs/g16-c.01/g16/l1.exe() [0x407269]
 Read checkpoint file gaussian_105_water_hf_adz.chk type Unk
 Write formatted file gaussian_105_water_hf_adz.fchk
 Will use up to     0 threads.
 Top CubeGen          Mon Feb 20 10:07:09 2023
 Aft UFChkP           Mon Feb 20 10:07:09 2023        0.07 cpu,        0.07 elapsed
 Could not find " ","Total SCF Density" on formatted checkpoint file.
 Error termination via Lnk1e at Mon Feb 20 10:07:09 2023.
Error: segmentation violation
   rax 0000000000000000, rbx 00000000058b0be0, rcx ffffffffffffffff
   rdx 000000000002a7f8, rsp 00007fffad160f28, rbp 00007fffad160f80
   rsi 000000000000000b, rdi 000000000002a7f8, r8  00002af593679ac0
   r9  00002af593679ac0, r10 00007fffad1609a0, r11 0000000000000206
   r12 00000000058aeb0b, r13 000000000697d288, r14 00000000058aeec0
   r15 00007fffad1631c0
  /lib64/libpthread.so.0(+0xf6d0) [0x2af593b736d0]
  /lib64/libc.so.6(kill+0x7) [0x2af5940b8547]
  /opt/cluster/programs/g16-c.01/g16/cubegen() [0x40fe24]
  /lib64/libc.so.6(__libc_start_main+0xf5) [0x2af5940a4445]
/var/spool/slurm//job7311623/slurm_script: line 57: 174072 Aborted                 $g16root/g16/cubegen 0 Density $FCKFILE $DNSFILE -2 h
 Will use up to     0 threads.
 Top CubeGen          Mon Feb 20 10:07:09 2023
 Aft UFChkP           Mon Feb 20 10:07:09 2023        0.07 cpu,        0.07 elapsed
 Could not find " ","Total SCF Density" on formatted checkpoint file.
 Error termination via Lnk1e at Mon Feb 20 10:07:09 2023.
Error: segmentation violation
   rax 0000000000000000, rbx 00000000058b0be0, rcx ffffffffffffffff
   rdx 000000000002a829, rsp 00007ffc0160dec8, rbp 00007ffc0160df20
   rsi 000000000000000b, rdi 000000000002a829, r8  00002b3e2acc2ac0
   r9  00002b3e2acc2ac0, r10 00007ffc0160d920, r11 0000000000000202
   r12 00000000058aeb0b, r13 000000000697d288, r14 00000000058aeec0
   r15 00007ffc01610160
  /lib64/libpthread.so.0(+0xf6d0) [0x2b3e2b1bc6d0]
  /lib64/libc.so.6(kill+0x7) [0x2b3e2b701547]
  /opt/cluster/programs/g16-c.01/g16/cubegen() [0x40fe24]
  /lib64/libc.so.6(__libc_start_main+0xf5) [0x2b3e2b6ed445]
/var/spool/slurm//job7311623/slurm_script: line 60: 174121 Aborted                 $g16root/g16/cubegen 0 Potential $FCKFILE $ESPFILE -2 h
cp: cannot stat ‘gaussian_105_water_hf_adz_dens.cube’: No such file or directory
cp: cannot stat ‘gaussian_105_water_hf_adz_esp.cube’: No such file or directory
