node105.cluster
Error: segmentation violation
   rax 0000000000000000, rbx ffffffffffffffff, rcx ffffffffffffffff
   rdx 000000000002b57d, rsp 00007ffd5ff6eea8, rbp 00007ffd5ff6f420
   rsi 000000000000000b, rdi 000000000002b57d, r8  0000000000000020
   r9  0000000000000401, r10 00007ffd5ff6e920, r11 0000000000000202
   r12 00007ffd5ff6f468, r13 0000000000000000, r14 0000000000000000
   r15 00000000000003e6
  /lib64/libpthread.so.0(+0xf6d0) [0x2b41334176d0]
  /lib64/libc.so.6(kill+0x7) [0x2b413395c547]
  /opt/cluster/programs/g16-c.01/g16/l1.exe() [0x4b8975]
  /opt/cluster/programs/g16-c.01/g16/l1.exe() [0x4f867a]
  /opt/cluster/programs/g16-c.01/g16/l1.exe() [0x4d56ab]
  /opt/cluster/programs/g16-c.01/g16/l1.exe() [0x41d5c6]
  /opt/cluster/programs/g16-c.01/g16/l1.exe() [0x410c4c]
  /opt/cluster/programs/g16-c.01/g16/l1.exe() [0x40d185]
  /opt/cluster/programs/g16-c.01/g16/l1.exe() [0x40cbd7]
  /opt/cluster/programs/g16-c.01/g16/l1.exe() [0x40cb24]
  /lib64/libc.so.6(__libc_start_main+0xf5) [0x2b4133948445]
  /opt/cluster/programs/g16-c.01/g16/l1.exe() [0x407269]
 Read checkpoint file gaussian_63_water_hf_adz2.chk type Unk
 Write formatted file gaussian_63_water_hf_adz2.fchk
 Will use up to     0 threads.
 Top CubeGen          Mon Feb 20 10:09:56 2023
 Aft UFChkP           Mon Feb 20 10:09:56 2023        0.07 cpu,        0.08 elapsed
 Could not find " ","Total SCF Density" on formatted checkpoint file.
 Error termination via Lnk1e at Mon Feb 20 10:09:56 2023.
Error: segmentation violation
   rax 0000000000000000, rbx 00000000058b0be0, rcx ffffffffffffffff
   rdx 000000000002b5cc, rsp 00007ffe784fe258, rbp 00007ffe784fe2b0
   rsi 000000000000000b, rdi 000000000002b5cc, r8  00002b6e5b015ac0
   r9  00002b6e5b015ac0, r10 00007ffe784fdce0, r11 0000000000000202
   r12 00000000058aeb0b, r13 000000000697d288, r14 00000000058aeec0
   r15 00007ffe785004f0
  /lib64/libpthread.so.0(+0xf6d0) [0x2b6e5b50f6d0]
  /lib64/libc.so.6(kill+0x7) [0x2b6e5ba54547]
  /opt/cluster/programs/g16-c.01/g16/cubegen() [0x40fe24]
  /lib64/libc.so.6(__libc_start_main+0xf5) [0x2b6e5ba40445]
/var/spool/slurm//job7311761/slurm_script: line 57: 177612 Aborted                 $g16root/g16/cubegen 0 Density $FCKFILE $DNSFILE -2 h
 Will use up to     0 threads.
 Top CubeGen          Mon Feb 20 10:09:56 2023
 Aft UFChkP           Mon Feb 20 10:09:57 2023        0.07 cpu,        0.07 elapsed
 Could not find " ","Total SCF Density" on formatted checkpoint file.
 Error termination via Lnk1e at Mon Feb 20 10:09:57 2023.
Error: segmentation violation
   rax 0000000000000000, rbx 00000000058b0be0, rcx ffffffffffffffff
   rdx 000000000002b5f6, rsp 00007ffd16bd5708, rbp 00007ffd16bd5760
   rsi 000000000000000b, rdi 000000000002b5f6, r8  00002ad088989ac0
   r9  00002ad088989ac0, r10 00007ffd16bd5160, r11 0000000000000202
   r12 00000000058aeb0b, r13 000000000697d288, r14 00000000058aeec0
   r15 00007ffd16bd79a0
  /lib64/libpthread.so.0(+0xf6d0) [0x2ad088e836d0]
  /lib64/libc.so.6(kill+0x7) [0x2ad0893c8547]
  /opt/cluster/programs/g16-c.01/g16/cubegen() [0x40fe24]
  /lib64/libc.so.6(__libc_start_main+0xf5) [0x2ad0893b4445]
/var/spool/slurm//job7311761/slurm_script: line 60: 177654 Aborted                 $g16root/g16/cubegen 0 Potential $FCKFILE $ESPFILE -2 h
cp: cannot stat ‘gaussian_63_water_hf_adz2_dens.cube’: No such file or directory
cp: cannot stat ‘gaussian_63_water_hf_adz2_esp.cube’: No such file or directory
