node102.cluster
Error: segmentation violation
   rax 0000000000000000, rbx ffffffffffffffff, rcx ffffffffffffffff
   rdx 000000000002e178, rsp 00007ffd66f13bd8, rbp 00007ffd66f14150
   rsi 000000000000000b, rdi 000000000002e178, r8  0000000000000020
   r9  0000000000000401, r10 00007ffd66f13660, r11 0000000000000206
   r12 00007ffd66f14198, r13 0000000000000000, r14 0000000000000000
   r15 00000000000003e6
  /lib64/libpthread.so.0(+0xf6d0) [0x2b39134f96d0]
  /lib64/libc.so.6(kill+0x7) [0x2b3913a3e547]
  /opt/cluster/programs/g16-c.01/g16/l1.exe() [0x4b8975]
  /opt/cluster/programs/g16-c.01/g16/l1.exe() [0x4f867a]
  /opt/cluster/programs/g16-c.01/g16/l1.exe() [0x4d56ab]
  /opt/cluster/programs/g16-c.01/g16/l1.exe() [0x41d5c6]
  /opt/cluster/programs/g16-c.01/g16/l1.exe() [0x410c4c]
  /opt/cluster/programs/g16-c.01/g16/l1.exe() [0x40d185]
  /opt/cluster/programs/g16-c.01/g16/l1.exe() [0x40cbd7]
  /opt/cluster/programs/g16-c.01/g16/l1.exe() [0x40cb24]
  /lib64/libc.so.6(__libc_start_main+0xf5) [0x2b3913a2a445]
  /opt/cluster/programs/g16-c.01/g16/l1.exe() [0x407269]
 Read checkpoint file gaussian_20_water_hf_adz2.chk type Unk
 Write formatted file gaussian_20_water_hf_adz2.fchk
 Will use up to     0 threads.
 Top CubeGen          Mon Feb 20 10:09:15 2023
 Aft UFChkP           Mon Feb 20 10:09:15 2023        0.07 cpu,        0.07 elapsed
 Could not find " ","Total SCF Density" on formatted checkpoint file.
 Error termination via Lnk1e at Mon Feb 20 10:09:15 2023.
Error: segmentation violation
   rax 0000000000000000, rbx 00000000058b0be0, rcx ffffffffffffffff
   rdx 000000000002e18a, rsp 00007ffff10a9908, rbp 00007ffff10a9960
   rsi 000000000000000b, rdi 000000000002e18a, r8  00002ad76e90dac0
   r9  00002ad76e90dac0, r10 00007ffff10a9360, r11 0000000000000202
   r12 00000000058aeb0b, r13 000000000697d288, r14 00000000058aeec0
   r15 00007ffff10abba0
  /lib64/libpthread.so.0(+0xf6d0) [0x2ad76ee076d0]
  /lib64/libc.so.6(kill+0x7) [0x2ad76f34c547]
  /opt/cluster/programs/g16-c.01/g16/cubegen() [0x40fe24]
  /lib64/libc.so.6(__libc_start_main+0xf5) [0x2ad76f338445]
/var/spool/slurm//job7311718/slurm_script: line 57: 188810 Aborted                 $g16root/g16/cubegen 0 Density $FCKFILE $DNSFILE -2 h
 Will use up to     0 threads.
 Top CubeGen          Mon Feb 20 10:09:15 2023
 Aft UFChkP           Mon Feb 20 10:09:15 2023        0.07 cpu,        0.07 elapsed
 Could not find " ","Total SCF Density" on formatted checkpoint file.
 Error termination via Lnk1e at Mon Feb 20 10:09:15 2023.
Error: segmentation violation
   rax 0000000000000000, rbx 00000000058b0be0, rcx ffffffffffffffff
   rdx 000000000002e196, rsp 00007ffd4fc36aa8, rbp 00007ffd4fc36b00
   rsi 000000000000000b, rdi 000000000002e196, r8  00002ace2bbf5ac0
   r9  00002ace2bbf5ac0, r10 00007ffd4fc36520, r11 0000000000000202
   r12 00000000058aeb0b, r13 000000000697d288, r14 00000000058aeec0
   r15 00007ffd4fc38d40
  /lib64/libpthread.so.0(+0xf6d0) [0x2ace2c0ef6d0]
  /lib64/libc.so.6(kill+0x7) [0x2ace2c634547]
  /opt/cluster/programs/g16-c.01/g16/cubegen() [0x40fe24]
  /lib64/libc.so.6(__libc_start_main+0xf5) [0x2ace2c620445]
/var/spool/slurm//job7311718/slurm_script: line 60: 188822 Aborted                 $g16root/g16/cubegen 0 Potential $FCKFILE $ESPFILE -2 h
cp: cannot stat ‘gaussian_20_water_hf_adz2_dens.cube’: No such file or directory
cp: cannot stat ‘gaussian_20_water_hf_adz2_esp.cube’: No such file or directory
