node106.cluster
Error: segmentation violation
   rax 0000000000000000, rbx ffffffffffffffff, rcx ffffffffffffffff
   rdx 000000000002664b, rsp 00007ffcb7bc7858, rbp 00007ffcb7bc7dd0
   rsi 000000000000000b, rdi 000000000002664b, r8  0000000000000020
   r9  0000000000000401, r10 00007ffcb7bc72e0, r11 0000000000000202
   r12 00007ffcb7bc7e18, r13 0000000000000000, r14 0000000000000000
   r15 00000000000003e6
  /lib64/libpthread.so.0(+0xf6d0) [0x2aef60fa26d0]
  /lib64/libc.so.6(kill+0x7) [0x2aef614e7547]
  /opt/cluster/programs/g16-c.01/g16/l1.exe() [0x4b8975]
  /opt/cluster/programs/g16-c.01/g16/l1.exe() [0x4f867a]
  /opt/cluster/programs/g16-c.01/g16/l1.exe() [0x4d56ab]
  /opt/cluster/programs/g16-c.01/g16/l1.exe() [0x41d5c6]
  /opt/cluster/programs/g16-c.01/g16/l1.exe() [0x410c4c]
  /opt/cluster/programs/g16-c.01/g16/l1.exe() [0x40d185]
  /opt/cluster/programs/g16-c.01/g16/l1.exe() [0x40cbd7]
  /opt/cluster/programs/g16-c.01/g16/l1.exe() [0x40cb24]
  /lib64/libc.so.6(__libc_start_main+0xf5) [0x2aef614d3445]
  /opt/cluster/programs/g16-c.01/g16/l1.exe() [0x407269]
 Read checkpoint file gaussian_118_water_hf_adz2.chk type Unk
 Write formatted file gaussian_118_water_hf_adz2.fchk
 Will use up to     0 threads.
 Top CubeGen          Mon Feb 20 10:10:47 2023
 Aft UFChkP           Mon Feb 20 10:10:47 2023        0.07 cpu,        0.07 elapsed
 Could not find " ","Total SCF Density" on formatted checkpoint file.
 Error termination via Lnk1e at Mon Feb 20 10:10:47 2023.
Error: segmentation violation
   rax 0000000000000000, rbx 00000000058b0be0, rcx ffffffffffffffff
   rdx 0000000000026695, rsp 00007ffca6427a88, rbp 00007ffca6427ae0
   rsi 000000000000000b, rdi 0000000000026695, r8  00002b447692bac0
   r9  00002b447692bac0, r10 00007ffca64274e0, r11 0000000000000206
   r12 00000000058aeb0b, r13 000000000697d288, r14 00000000058aeec0
   r15 00007ffca6429d20
  /lib64/libpthread.so.0(+0xf6d0) [0x2b4476e256d0]
  /lib64/libc.so.6(kill+0x7) [0x2b447736a547]
  /opt/cluster/programs/g16-c.01/g16/cubegen() [0x40fe24]
  /lib64/libc.so.6(__libc_start_main+0xf5) [0x2b4477356445]
/var/spool/slurm//job7311816/slurm_script: line 57: 157333 Aborted                 $g16root/g16/cubegen 0 Density $FCKFILE $DNSFILE -2 h
 Will use up to     0 threads.
 Top CubeGen          Mon Feb 20 10:10:48 2023
 Aft UFChkP           Mon Feb 20 10:10:48 2023        0.06 cpu,        0.07 elapsed
 Could not find " ","Total SCF Density" on formatted checkpoint file.
 Error termination via Lnk1e at Mon Feb 20 10:10:48 2023.
Error: segmentation violation
   rax 0000000000000000, rbx 00000000058b0be0, rcx ffffffffffffffff
   rdx 00000000000266c4, rsp 00007ffd0a5c2dd8, rbp 00007ffd0a5c2e30
   rsi 000000000000000b, rdi 00000000000266c4, r8  00002b3945263ac0
   r9  00002b3945263ac0, r10 00007ffd0a5c2860, r11 0000000000000206
   r12 00000000058aeb0b, r13 000000000697d288, r14 00000000058aeec0
   r15 00007ffd0a5c5070
  /lib64/libpthread.so.0(+0xf6d0) [0x2b394575d6d0]
  /lib64/libc.so.6(kill+0x7) [0x2b3945ca2547]
  /opt/cluster/programs/g16-c.01/g16/cubegen() [0x40fe24]
  /lib64/libc.so.6(__libc_start_main+0xf5) [0x2b3945c8e445]
/var/spool/slurm//job7311816/slurm_script: line 60: 157380 Aborted                 $g16root/g16/cubegen 0 Potential $FCKFILE $ESPFILE -2 h
cp: cannot stat ‘gaussian_118_water_hf_adz2_dens.cube’: No such file or directory
cp: cannot stat ‘gaussian_118_water_hf_adz2_esp.cube’: No such file or directory
