node106.cluster
Error: segmentation violation
   rax 0000000000000000, rbx ffffffffffffffff, rcx ffffffffffffffff
   rdx 0000000000025c8c, rsp 00007ffda34a5528, rbp 00007ffda34a5aa0
   rsi 000000000000000b, rdi 0000000000025c8c, r8  0000000000000020
   r9  0000000000000401, r10 00007ffda34a4fa0, r11 0000000000000206
   r12 00007ffda34a5ae8, r13 0000000000000000, r14 0000000000000000
   r15 00000000000003e6
  /lib64/libpthread.so.0(+0xf6d0) [0x2b5b87aab6d0]
  /lib64/libc.so.6(kill+0x7) [0x2b5b87ff0547]
  /opt/cluster/programs/g16-c.01/g16/l1.exe() [0x4b8975]
  /opt/cluster/programs/g16-c.01/g16/l1.exe() [0x4f867a]
  /opt/cluster/programs/g16-c.01/g16/l1.exe() [0x4d56ab]
  /opt/cluster/programs/g16-c.01/g16/l1.exe() [0x41d5c6]
  /opt/cluster/programs/g16-c.01/g16/l1.exe() [0x410c4c]
  /opt/cluster/programs/g16-c.01/g16/l1.exe() [0x40d185]
  /opt/cluster/programs/g16-c.01/g16/l1.exe() [0x40cbd7]
  /opt/cluster/programs/g16-c.01/g16/l1.exe() [0x40cb24]
  /lib64/libc.so.6(__libc_start_main+0xf5) [0x2b5b87fdc445]
  /opt/cluster/programs/g16-c.01/g16/l1.exe() [0x407269]
 Read checkpoint file gaussian_16_water_hf_adz2.chk type Unk
 Write formatted file gaussian_16_water_hf_adz2.fchk
 Will use up to     0 threads.
 Top CubeGen          Mon Feb 20 10:09:05 2023
 Aft UFChkP           Mon Feb 20 10:09:05 2023        0.06 cpu,        0.07 elapsed
 Could not find " ","Total SCF Density" on formatted checkpoint file.
 Error termination via Lnk1e at Mon Feb 20 10:09:05 2023.
Error: segmentation violation
   rax 0000000000000000, rbx 00000000058b0be0, rcx ffffffffffffffff
   rdx 0000000000025cfb, rsp 00007ffd661b80d8, rbp 00007ffd661b8130
   rsi 000000000000000b, rdi 0000000000025cfb, r8  00002ad4529f1ac0
   r9  00002ad4529f1ac0, r10 00007ffd661b7b60, r11 0000000000000206
   r12 00000000058aeb0b, r13 000000000697d288, r14 00000000058aeec0
   r15 00007ffd661ba370
  /lib64/libpthread.so.0(+0xf6d0) [0x2ad452eeb6d0]
  /lib64/libc.so.6(kill+0x7) [0x2ad453430547]
  /opt/cluster/programs/g16-c.01/g16/cubegen() [0x40fe24]
  /lib64/libc.so.6(__libc_start_main+0xf5) [0x2ad45341c445]
/var/spool/slurm//job7311714/slurm_script: line 57: 154875 Aborted                 $g16root/g16/cubegen 0 Density $FCKFILE $DNSFILE -2 h
 Will use up to     0 threads.
 Top CubeGen          Mon Feb 20 10:09:05 2023
 Aft UFChkP           Mon Feb 20 10:09:05 2023        0.06 cpu,        0.07 elapsed
 Could not find " ","Total SCF Density" on formatted checkpoint file.
 Error termination via Lnk1e at Mon Feb 20 10:09:05 2023.
Error: segmentation violation
   rax 0000000000000000, rbx 00000000058b0be0, rcx ffffffffffffffff
   rdx 0000000000025d2c, rsp 00007ffd79f5a908, rbp 00007ffd79f5a960
   rsi 000000000000000b, rdi 0000000000025d2c, r8  00002abb0a9aeac0
   r9  00002abb0a9aeac0, r10 00007ffd79f5a360, r11 0000000000000202
   r12 00000000058aeb0b, r13 000000000697d288, r14 00000000058aeec0
   r15 00007ffd79f5cba0
  /lib64/libpthread.so.0(+0xf6d0) [0x2abb0aea86d0]
  /lib64/libc.so.6(kill+0x7) [0x2abb0b3ed547]
  /opt/cluster/programs/g16-c.01/g16/cubegen() [0x40fe24]
  /lib64/libc.so.6(__libc_start_main+0xf5) [0x2abb0b3d9445]
/var/spool/slurm//job7311714/slurm_script: line 60: 154924 Aborted                 $g16root/g16/cubegen 0 Potential $FCKFILE $ESPFILE -2 h
cp: cannot stat ‘gaussian_16_water_hf_adz2_dens.cube’: No such file or directory
cp: cannot stat ‘gaussian_16_water_hf_adz2_esp.cube’: No such file or directory
