node106.cluster
Error: segmentation violation
   rax 0000000000000000, rbx ffffffffffffffff, rcx ffffffffffffffff
   rdx 000000000002647e, rsp 00007ffe7a36f318, rbp 00007ffe7a36f890
   rsi 000000000000000b, rdi 000000000002647e, r8  0000000000000020
   r9  0000000000000401, r10 00007ffe7a36eda0, r11 0000000000000206
   r12 00007ffe7a36f8d8, r13 0000000000000000, r14 0000000000000000
   r15 00000000000003e6
  /lib64/libpthread.so.0(+0xf6d0) [0x2ae7f7e816d0]
  /lib64/libc.so.6(kill+0x7) [0x2ae7f83c6547]
  /opt/cluster/programs/g16-c.01/g16/l1.exe() [0x4b8975]
  /opt/cluster/programs/g16-c.01/g16/l1.exe() [0x4f867a]
  /opt/cluster/programs/g16-c.01/g16/l1.exe() [0x4d56ab]
  /opt/cluster/programs/g16-c.01/g16/l1.exe() [0x41d5c6]
  /opt/cluster/programs/g16-c.01/g16/l1.exe() [0x410c4c]
  /opt/cluster/programs/g16-c.01/g16/l1.exe() [0x40d185]
  /opt/cluster/programs/g16-c.01/g16/l1.exe() [0x40cbd7]
  /opt/cluster/programs/g16-c.01/g16/l1.exe() [0x40cb24]
  /lib64/libc.so.6(__libc_start_main+0xf5) [0x2ae7f83b2445]
  /opt/cluster/programs/g16-c.01/g16/l1.exe() [0x407269]
 Read checkpoint file gaussian_97_water_hf_adz2.chk type Unk
 Write formatted file gaussian_97_water_hf_adz2.fchk
 Will use up to     0 threads.
 Top CubeGen          Mon Feb 20 10:10:26 2023
 Aft UFChkP           Mon Feb 20 10:10:26 2023        0.07 cpu,        0.07 elapsed
 Could not find " ","Total SCF Density" on formatted checkpoint file.
 Error termination via Lnk1e at Mon Feb 20 10:10:26 2023.
Error: segmentation violation
   rax 0000000000000000, rbx 00000000058b0be0, rcx ffffffffffffffff
   rdx 00000000000264b9, rsp 00007ffdf32f9938, rbp 00007ffdf32f9990
   rsi 000000000000000b, rdi 00000000000264b9, r8  00002b181b737ac0
   r9  00002b181b737ac0, r10 00007ffdf32f93a0, r11 0000000000000202
   r12 00000000058aeb0b, r13 000000000697d288, r14 00000000058aeec0
   r15 00007ffdf32fbbd0
  /lib64/libpthread.so.0(+0xf6d0) [0x2b181bc316d0]
  /lib64/libc.so.6(kill+0x7) [0x2b181c176547]
  /opt/cluster/programs/g16-c.01/g16/cubegen() [0x40fe24]
  /lib64/libc.so.6(__libc_start_main+0xf5) [0x2b181c162445]
/var/spool/slurm//job7311795/slurm_script: line 57: 156857 Aborted                 $g16root/g16/cubegen 0 Density $FCKFILE $DNSFILE -2 h
 Will use up to     0 threads.
 Top CubeGen          Mon Feb 20 10:10:26 2023
 Aft UFChkP           Mon Feb 20 10:10:27 2023        0.07 cpu,        0.07 elapsed
 Could not find " ","Total SCF Density" on formatted checkpoint file.
 Error termination via Lnk1e at Mon Feb 20 10:10:27 2023.
Error: segmentation violation
   rax 0000000000000000, rbx 00000000058b0be0, rcx ffffffffffffffff
   rdx 00000000000264dd, rsp 00007ffdb6b153f8, rbp 00007ffdb6b15450
   rsi 000000000000000b, rdi 00000000000264dd, r8  00002ab87b725ac0
   r9  00002ab87b725ac0, r10 00007ffdb6b14e60, r11 0000000000000202
   r12 00000000058aeb0b, r13 000000000697d288, r14 00000000058aeec0
   r15 00007ffdb6b17690
  /lib64/libpthread.so.0(+0xf6d0) [0x2ab87bc1f6d0]
  /lib64/libc.so.6(kill+0x7) [0x2ab87c164547]
  /opt/cluster/programs/g16-c.01/g16/cubegen() [0x40fe24]
  /lib64/libc.so.6(__libc_start_main+0xf5) [0x2ab87c150445]
/var/spool/slurm//job7311795/slurm_script: line 60: 156893 Aborted                 $g16root/g16/cubegen 0 Potential $FCKFILE $ESPFILE -2 h
cp: cannot stat ‘gaussian_97_water_hf_adz2_dens.cube’: No such file or directory
cp: cannot stat ‘gaussian_97_water_hf_adz2_esp.cube’: No such file or directory
