node101.cluster
Error: segmentation violation
   rax 0000000000000000, rbx ffffffffffffffff, rcx ffffffffffffffff
   rdx 000000000002e707, rsp 00007ffd2c566978, rbp 00007ffd2c566ef0
   rsi 000000000000000b, rdi 000000000002e707, r8  0000000000000020
   r9  0000000000000401, r10 00007ffd2c5663e0, r11 0000000000000206
   r12 00007ffd2c566f38, r13 0000000000000000, r14 0000000000000000
   r15 00000000000003e6
  /lib64/libpthread.so.0(+0xf6d0) [0x2b43458416d0]
  /lib64/libc.so.6(kill+0x7) [0x2b4345d86547]
  /opt/cluster/programs/g16-c.01/g16/l1.exe() [0x4b8975]
  /opt/cluster/programs/g16-c.01/g16/l1.exe() [0x4f867a]
  /opt/cluster/programs/g16-c.01/g16/l1.exe() [0x4d56ab]
  /opt/cluster/programs/g16-c.01/g16/l1.exe() [0x41d5c6]
  /opt/cluster/programs/g16-c.01/g16/l1.exe() [0x410c4c]
  /opt/cluster/programs/g16-c.01/g16/l1.exe() [0x40d185]
  /opt/cluster/programs/g16-c.01/g16/l1.exe() [0x40cbd7]
  /opt/cluster/programs/g16-c.01/g16/l1.exe() [0x40cb24]
  /lib64/libc.so.6(__libc_start_main+0xf5) [0x2b4345d72445]
  /opt/cluster/programs/g16-c.01/g16/l1.exe() [0x407269]
 Read checkpoint file gaussian_81_water_hf_adz2.chk type Unk
 Write formatted file gaussian_81_water_hf_adz2.fchk
 Will use up to     0 threads.
 Top CubeGen          Mon Feb 20 10:10:16 2023
 Aft UFChkP           Mon Feb 20 10:10:16 2023        0.06 cpu,        0.07 elapsed
 Could not find " ","Total SCF Density" on formatted checkpoint file.
 Error termination via Lnk1e at Mon Feb 20 10:10:16 2023.
Error: segmentation violation
   rax 0000000000000000, rbx 00000000058b0be0, rcx ffffffffffffffff
   rdx 000000000002e719, rsp 00007ffee0076908, rbp 00007ffee0076960
   rsi 000000000000000b, rdi 000000000002e719, r8  00002ad2b6225ac0
   r9  00002ad2b6225ac0, r10 00007ffee0076360, r11 0000000000000202
   r12 00000000058aeb0b, r13 000000000697d288, r14 00000000058aeec0
   r15 00007ffee0078ba0
  /lib64/libpthread.so.0(+0xf6d0) [0x2ad2b671f6d0]
  /lib64/libc.so.6(kill+0x7) [0x2ad2b6c64547]
  /opt/cluster/programs/g16-c.01/g16/cubegen() [0x40fe24]
  /lib64/libc.so.6(__libc_start_main+0xf5) [0x2ad2b6c50445]
/var/spool/slurm//job7311779/slurm_script: line 57: 190233 Aborted                 $g16root/g16/cubegen 0 Density $FCKFILE $DNSFILE -2 h
 Will use up to     0 threads.
 Top CubeGen          Mon Feb 20 10:10:16 2023
 Aft UFChkP           Mon Feb 20 10:10:17 2023        0.07 cpu,        0.07 elapsed
 Could not find " ","Total SCF Density" on formatted checkpoint file.
 Error termination via Lnk1e at Mon Feb 20 10:10:17 2023.
Error: segmentation violation
   rax 0000000000000000, rbx 00000000058b0be0, rcx ffffffffffffffff
   rdx 000000000002e725, rsp 00007ffdeaf317b8, rbp 00007ffdeaf31810
   rsi 000000000000000b, rdi 000000000002e725, r8  00002b62dffd5ac0
   r9  00002b62dffd5ac0, r10 00007ffdeaf31220, r11 0000000000000206
   r12 00000000058aeb0b, r13 000000000697d288, r14 00000000058aeec0
   r15 00007ffdeaf33a50
  /lib64/libpthread.so.0(+0xf6d0) [0x2b62e04cf6d0]
  /lib64/libc.so.6(kill+0x7) [0x2b62e0a14547]
  /opt/cluster/programs/g16-c.01/g16/cubegen() [0x40fe24]
  /lib64/libc.so.6(__libc_start_main+0xf5) [0x2b62e0a00445]
/var/spool/slurm//job7311779/slurm_script: line 60: 190245 Aborted                 $g16root/g16/cubegen 0 Potential $FCKFILE $ESPFILE -2 h
cp: cannot stat ‘gaussian_81_water_hf_adz2_dens.cube’: No such file or directory
cp: cannot stat ‘gaussian_81_water_hf_adz2_esp.cube’: No such file or directory
