node105.cluster
Error: segmentation violation
   rax 0000000000000000, rbx ffffffffffffffff, rcx ffffffffffffffff
   rdx 000000000002b592, rsp 00007ffd6b8ede58, rbp 00007ffd6b8ee3d0
   rsi 000000000000000b, rdi 000000000002b592, r8  0000000000000020
   r9  0000000000000401, r10 00007ffd6b8ed8e0, r11 0000000000000202
   r12 00007ffd6b8ee418, r13 0000000000000000, r14 0000000000000000
   r15 00000000000003e6
  /lib64/libpthread.so.0(+0xf6d0) [0x2b22608d26d0]
  /lib64/libc.so.6(kill+0x7) [0x2b2260e17547]
  /opt/cluster/programs/g16-c.01/g16/l1.exe() [0x4b8975]
  /opt/cluster/programs/g16-c.01/g16/l1.exe() [0x4f867a]
  /opt/cluster/programs/g16-c.01/g16/l1.exe() [0x4d56ab]
  /opt/cluster/programs/g16-c.01/g16/l1.exe() [0x41d5c6]
  /opt/cluster/programs/g16-c.01/g16/l1.exe() [0x410c4c]
  /opt/cluster/programs/g16-c.01/g16/l1.exe() [0x40d185]
  /opt/cluster/programs/g16-c.01/g16/l1.exe() [0x40cbd7]
  /opt/cluster/programs/g16-c.01/g16/l1.exe() [0x40cb24]
  /lib64/libc.so.6(__libc_start_main+0xf5) [0x2b2260e03445]
  /opt/cluster/programs/g16-c.01/g16/l1.exe() [0x407269]
 Read checkpoint file gaussian_65_water_hf_adz2.chk type Unk
 Write formatted file gaussian_65_water_hf_adz2.fchk
 Will use up to     0 threads.
 Top CubeGen          Mon Feb 20 10:09:56 2023
 Aft UFChkP           Mon Feb 20 10:09:56 2023        0.07 cpu,        0.08 elapsed
 Could not find " ","Total SCF Density" on formatted checkpoint file.
 Error termination via Lnk1e at Mon Feb 20 10:09:56 2023.
Error: segmentation violation
   rax 0000000000000000, rbx 00000000058b0be0, rcx ffffffffffffffff
   rdx 000000000002b5d2, rsp 00007ffde4b71b88, rbp 00007ffde4b71be0
   rsi 000000000000000b, rdi 000000000002b5d2, r8  00002b87aaf52ac0
   r9  00002b87aaf52ac0, r10 00007ffde4b715e0, r11 0000000000000206
   r12 00000000058aeb0b, r13 000000000697d288, r14 00000000058aeec0
   r15 00007ffde4b73e20
  /lib64/libpthread.so.0(+0xf6d0) [0x2b87ab44c6d0]
  /lib64/libc.so.6(kill+0x7) [0x2b87ab991547]
  /opt/cluster/programs/g16-c.01/g16/cubegen() [0x40fe24]
  /lib64/libc.so.6(__libc_start_main+0xf5) [0x2b87ab97d445]
/var/spool/slurm//job7311763/slurm_script: line 57: 177618 Aborted                 $g16root/g16/cubegen 0 Density $FCKFILE $DNSFILE -2 h
 Will use up to     0 threads.
 Top CubeGen          Mon Feb 20 10:09:57 2023
 Aft UFChkP           Mon Feb 20 10:09:57 2023        0.07 cpu,        0.08 elapsed
 Could not find " ","Total SCF Density" on formatted checkpoint file.
 Error termination via Lnk1e at Mon Feb 20 10:09:57 2023.
Error: segmentation violation
   rax 0000000000000000, rbx 00000000058b0be0, rcx ffffffffffffffff
   rdx 000000000002b602, rsp 00007fff551ea638, rbp 00007fff551ea690
   rsi 000000000000000b, rdi 000000000002b602, r8  00002abd1245aac0
   r9  00002abd1245aac0, r10 00007fff551ea0a0, r11 0000000000000202
   r12 00000000058aeb0b, r13 000000000697d288, r14 00000000058aeec0
   r15 00007fff551ec8d0
  /lib64/libpthread.so.0(+0xf6d0) [0x2abd129546d0]
  /lib64/libc.so.6(kill+0x7) [0x2abd12e99547]
  /opt/cluster/programs/g16-c.01/g16/cubegen() [0x40fe24]
  /lib64/libc.so.6(__libc_start_main+0xf5) [0x2abd12e85445]
/var/spool/slurm//job7311763/slurm_script: line 60: 177666 Aborted                 $g16root/g16/cubegen 0 Potential $FCKFILE $ESPFILE -2 h
cp: cannot stat ‘gaussian_65_water_hf_adz2_dens.cube’: No such file or directory
cp: cannot stat ‘gaussian_65_water_hf_adz2_esp.cube’: No such file or directory
