node106.cluster
Error: segmentation violation
   rax 0000000000000000, rbx ffffffffffffffff, rcx ffffffffffffffff
   rdx 0000000000026189, rsp 00007ffecddcece8, rbp 00007ffecddcf260
   rsi 000000000000000b, rdi 0000000000026189, r8  0000000000000020
   r9  0000000000000401, r10 00007ffecddce760, r11 0000000000000206
   r12 00007ffecddcf2a8, r13 0000000000000000, r14 0000000000000000
   r15 00000000000003e6
  /lib64/libpthread.so.0(+0xf6d0) [0x2b7a63fc96d0]
  /lib64/libc.so.6(kill+0x7) [0x2b7a6450e547]
  /opt/cluster/programs/g16-c.01/g16/l1.exe() [0x4b8975]
  /opt/cluster/programs/g16-c.01/g16/l1.exe() [0x4f867a]
  /opt/cluster/programs/g16-c.01/g16/l1.exe() [0x4d56ab]
  /opt/cluster/programs/g16-c.01/g16/l1.exe() [0x41d5c6]
  /opt/cluster/programs/g16-c.01/g16/l1.exe() [0x410c4c]
  /opt/cluster/programs/g16-c.01/g16/l1.exe() [0x40d185]
  /opt/cluster/programs/g16-c.01/g16/l1.exe() [0x40cbd7]
  /opt/cluster/programs/g16-c.01/g16/l1.exe() [0x40cb24]
  /lib64/libc.so.6(__libc_start_main+0xf5) [0x2b7a644fa445]
  /opt/cluster/programs/g16-c.01/g16/l1.exe() [0x407269]
 Read checkpoint file gaussian_67_water_hf_adz2.chk type Unk
 Write formatted file gaussian_67_water_hf_adz2.fchk
 Will use up to     0 threads.
 Top CubeGen          Mon Feb 20 10:09:56 2023
 Aft UFChkP           Mon Feb 20 10:09:56 2023        0.07 cpu,        0.07 elapsed
 Could not find " ","Total SCF Density" on formatted checkpoint file.
 Error termination via Lnk1e at Mon Feb 20 10:09:56 2023.
Error: segmentation violation
   rax 0000000000000000, rbx 00000000058b0be0, rcx ffffffffffffffff
   rdx 00000000000261e7, rsp 00007fffb96a4e38, rbp 00007fffb96a4e90
   rsi 000000000000000b, rdi 00000000000261e7, r8  00002ac56df0bac0
   r9  00002ac56df0bac0, r10 00007fffb96a48a0, r11 0000000000000202
   r12 00000000058aeb0b, r13 000000000697d288, r14 00000000058aeec0
   r15 00007fffb96a70d0
  /lib64/libpthread.so.0(+0xf6d0) [0x2ac56e4056d0]
  /lib64/libc.so.6(kill+0x7) [0x2ac56e94a547]
  /opt/cluster/programs/g16-c.01/g16/cubegen() [0x40fe24]
  /lib64/libc.so.6(__libc_start_main+0xf5) [0x2ac56e936445]
/var/spool/slurm//job7311765/slurm_script: line 57: 156135 Aborted                 $g16root/g16/cubegen 0 Density $FCKFILE $DNSFILE -2 h
 Will use up to     0 threads.
 Top CubeGen          Mon Feb 20 10:09:56 2023
 Aft UFChkP           Mon Feb 20 10:09:57 2023        0.06 cpu,        0.07 elapsed
 Could not find " ","Total SCF Density" on formatted checkpoint file.
 Error termination via Lnk1e at Mon Feb 20 10:09:57 2023.
Error: segmentation violation
   rax 0000000000000000, rbx 00000000058b0be0, rcx ffffffffffffffff
   rdx 0000000000026217, rsp 00007ffc3ae6c378, rbp 00007ffc3ae6c3d0
   rsi 000000000000000b, rdi 0000000000026217, r8  00002b07918f9ac0
   r9  00002b07918f9ac0, r10 00007ffc3ae6bde0, r11 0000000000000206
   r12 00000000058aeb0b, r13 000000000697d288, r14 00000000058aeec0
   r15 00007ffc3ae6e610
  /lib64/libpthread.so.0(+0xf6d0) [0x2b0791df36d0]
  /lib64/libc.so.6(kill+0x7) [0x2b0792338547]
  /opt/cluster/programs/g16-c.01/g16/cubegen() [0x40fe24]
  /lib64/libc.so.6(__libc_start_main+0xf5) [0x2b0792324445]
/var/spool/slurm//job7311765/slurm_script: line 60: 156183 Aborted                 $g16root/g16/cubegen 0 Potential $FCKFILE $ESPFILE -2 h
cp: cannot stat ‘gaussian_67_water_hf_adz2_dens.cube’: No such file or directory
cp: cannot stat ‘gaussian_67_water_hf_adz2_esp.cube’: No such file or directory
