node106.cluster
Error: segmentation violation
   rax 0000000000000000, rbx ffffffffffffffff, rcx ffffffffffffffff
   rdx 0000000000024d39, rsp 00007ffe4e2f4378, rbp 00007ffe4e2f48f0
   rsi 000000000000000b, rdi 0000000000024d39, r8  0000000000000020
   r9  0000000000000401, r10 00007ffe4e2f3de0, r11 0000000000000206
   r12 00007ffe4e2f4938, r13 0000000000000000, r14 0000000000000000
   r15 00000000000003e6
  /lib64/libpthread.so.0(+0xf6d0) [0x2ab4b26606d0]
  /lib64/libc.so.6(kill+0x7) [0x2ab4b2ba5547]
  /opt/cluster/programs/g16-c.01/g16/l1.exe() [0x4b8975]
  /opt/cluster/programs/g16-c.01/g16/l1.exe() [0x4f867a]
  /opt/cluster/programs/g16-c.01/g16/l1.exe() [0x4d56ab]
  /opt/cluster/programs/g16-c.01/g16/l1.exe() [0x41d5c6]
  /opt/cluster/programs/g16-c.01/g16/l1.exe() [0x410c4c]
  /opt/cluster/programs/g16-c.01/g16/l1.exe() [0x40d185]
  /opt/cluster/programs/g16-c.01/g16/l1.exe() [0x40cbd7]
  /opt/cluster/programs/g16-c.01/g16/l1.exe() [0x40cb24]
  /lib64/libc.so.6(__libc_start_main+0xf5) [0x2ab4b2b91445]
  /opt/cluster/programs/g16-c.01/g16/l1.exe() [0x407269]
 Read checkpoint file gaussian_37_water_hf_adz.chk type Unk
 Write formatted file gaussian_37_water_hf_adz.fchk
 Will use up to     0 threads.
 Top CubeGen          Mon Feb 20 10:05:57 2023
 Aft UFChkP           Mon Feb 20 10:05:57 2023        0.07 cpu,        0.07 elapsed
 Could not find " ","Total SCF Density" on formatted checkpoint file.
 Error termination via Lnk1e at Mon Feb 20 10:05:57 2023.
Error: segmentation violation
   rax 0000000000000000, rbx 00000000058b0be0, rcx ffffffffffffffff
   rdx 0000000000024da6, rsp 00007ffe5424f3b8, rbp 00007ffe5424f410
   rsi 000000000000000b, rdi 0000000000024da6, r8  00002af21cc9cac0
   r9  00002af21cc9cac0, r10 00007ffe5424ee20, r11 0000000000000206
   r12 00000000058aeb0b, r13 000000000697d288, r14 00000000058aeec0
   r15 00007ffe54251650
  /lib64/libpthread.so.0(+0xf6d0) [0x2af21d1966d0]
  /lib64/libc.so.6(kill+0x7) [0x2af21d6db547]
  /opt/cluster/programs/g16-c.01/g16/cubegen() [0x40fe24]
  /lib64/libc.so.6(__libc_start_main+0xf5) [0x2af21d6c7445]
/var/spool/slurm//job7311555/slurm_script: line 57: 150950 Aborted                 $g16root/g16/cubegen 0 Density $FCKFILE $DNSFILE -2 h
 Will use up to     0 threads.
 Top CubeGen          Mon Feb 20 10:05:58 2023
 Aft UFChkP           Mon Feb 20 10:05:58 2023        0.07 cpu,        0.07 elapsed
 Could not find " ","Total SCF Density" on formatted checkpoint file.
 Error termination via Lnk1e at Mon Feb 20 10:05:58 2023.
Error: segmentation violation
   rax 0000000000000000, rbx 00000000058b0be0, rcx ffffffffffffffff
   rdx 0000000000024dd6, rsp 00007ffc30248038, rbp 00007ffc30248090
   rsi 000000000000000b, rdi 0000000000024dd6, r8  00002b874c542ac0
   r9  00002b874c542ac0, r10 00007ffc30247aa0, r11 0000000000000202
   r12 00000000058aeb0b, r13 000000000697d288, r14 00000000058aeec0
   r15 00007ffc3024a2d0
  /lib64/libpthread.so.0(+0xf6d0) [0x2b874ca3c6d0]
  /lib64/libc.so.6(kill+0x7) [0x2b874cf81547]
  /opt/cluster/programs/g16-c.01/g16/cubegen() [0x40fe24]
  /lib64/libc.so.6(__libc_start_main+0xf5) [0x2b874cf6d445]
/var/spool/slurm//job7311555/slurm_script: line 60: 150998 Aborted                 $g16root/g16/cubegen 0 Potential $FCKFILE $ESPFILE -2 h
cp: cannot stat ‘gaussian_37_water_hf_adz_dens.cube’: No such file or directory
cp: cannot stat ‘gaussian_37_water_hf_adz_esp.cube’: No such file or directory
