node102.cluster
Error: segmentation violation
   rax 0000000000000000, rbx ffffffffffffffff, rcx ffffffffffffffff
   rdx 000000000002e373, rsp 00007fffffeb9a08, rbp 00007fffffeb9f80
   rsi 000000000000000b, rdi 000000000002e373, r8  0000000000000020
   r9  0000000000000401, r10 00007fffffeb9460, r11 0000000000000202
   r12 00007fffffeb9fc8, r13 0000000000000000, r14 0000000000000000
   r15 00000000000003e6
  /lib64/libpthread.so.0(+0xf6d0) [0x2b32b11ad6d0]
  /lib64/libc.so.6(kill+0x7) [0x2b32b16f2547]
  /opt/cluster/programs/g16-c.01/g16/l1.exe() [0x4b8975]
  /opt/cluster/programs/g16-c.01/g16/l1.exe() [0x4f867a]
  /opt/cluster/programs/g16-c.01/g16/l1.exe() [0x4d56ab]
  /opt/cluster/programs/g16-c.01/g16/l1.exe() [0x41d5c6]
  /opt/cluster/programs/g16-c.01/g16/l1.exe() [0x410c4c]
  /opt/cluster/programs/g16-c.01/g16/l1.exe() [0x40d185]
  /opt/cluster/programs/g16-c.01/g16/l1.exe() [0x40cbd7]
  /opt/cluster/programs/g16-c.01/g16/l1.exe() [0x40cb24]
  /lib64/libc.so.6(__libc_start_main+0xf5) [0x2b32b16de445]
  /opt/cluster/programs/g16-c.01/g16/l1.exe() [0x407269]
 Read checkpoint file gaussian_99_water_hf_adz2.chk type Unk
 Write formatted file gaussian_99_water_hf_adz2.fchk
 Will use up to     0 threads.
 Top CubeGen          Mon Feb 20 10:10:27 2023
 Aft UFChkP           Mon Feb 20 10:10:27 2023        0.07 cpu,        0.07 elapsed
 Could not find " ","Total SCF Density" on formatted checkpoint file.
 Error termination via Lnk1e at Mon Feb 20 10:10:27 2023.
Error: segmentation violation
   rax 0000000000000000, rbx 00000000058b0be0, rcx ffffffffffffffff
   rdx 000000000002e385, rsp 00007ffea713ea78, rbp 00007ffea713ead0
   rsi 000000000000000b, rdi 000000000002e385, r8  00002b5433d9cac0
   r9  00002b5433d9cac0, r10 00007ffea713e4e0, r11 0000000000000206
   r12 00000000058aeb0b, r13 000000000697d288, r14 00000000058aeec0
   r15 00007ffea7140d10
  /lib64/libpthread.so.0(+0xf6d0) [0x2b54342966d0]
  /lib64/libc.so.6(kill+0x7) [0x2b54347db547]
  /opt/cluster/programs/g16-c.01/g16/cubegen() [0x40fe24]
  /lib64/libc.so.6(__libc_start_main+0xf5) [0x2b54347c7445]
/var/spool/slurm//job7311797/slurm_script: line 57: 189317 Aborted                 $g16root/g16/cubegen 0 Density $FCKFILE $DNSFILE -2 h
 Will use up to     0 threads.
 Top CubeGen          Mon Feb 20 10:10:27 2023
 Aft UFChkP           Mon Feb 20 10:10:27 2023        0.07 cpu,        0.07 elapsed
 Could not find " ","Total SCF Density" on formatted checkpoint file.
 Error termination via Lnk1e at Mon Feb 20 10:10:27 2023.
Error: segmentation violation
   rax 0000000000000000, rbx 00000000058b0be0, rcx ffffffffffffffff
   rdx 000000000002e391, rsp 00007ffd90d4dc58, rbp 00007ffd90d4dcb0
   rsi 000000000000000b, rdi 000000000002e391, r8  00002ae02eeeaac0
   r9  00002ae02eeeaac0, r10 00007ffd90d4d6e0, r11 0000000000000202
   r12 00000000058aeb0b, r13 000000000697d288, r14 00000000058aeec0
   r15 00007ffd90d4fef0
  /lib64/libpthread.so.0(+0xf6d0) [0x2ae02f3e46d0]
  /lib64/libc.so.6(kill+0x7) [0x2ae02f929547]
  /opt/cluster/programs/g16-c.01/g16/cubegen() [0x40fe24]
  /lib64/libc.so.6(__libc_start_main+0xf5) [0x2ae02f915445]
/var/spool/slurm//job7311797/slurm_script: line 60: 189329 Aborted                 $g16root/g16/cubegen 0 Potential $FCKFILE $ESPFILE -2 h
cp: cannot stat ‘gaussian_99_water_hf_adz2_dens.cube’: No such file or directory
cp: cannot stat ‘gaussian_99_water_hf_adz2_esp.cube’: No such file or directory
