node106.cluster
Error: segmentation violation
   rax 0000000000000000, rbx ffffffffffffffff, rcx ffffffffffffffff
   rdx 0000000000026280, rsp 00007fffce0a6c98, rbp 00007fffce0a7210
   rsi 000000000000000b, rdi 0000000000026280, r8  0000000000000020
   r9  0000000000000401, r10 00007fffce0a6720, r11 0000000000000202
   r12 00007fffce0a7258, r13 0000000000000000, r14 0000000000000000
   r15 00000000000003e6
  /lib64/libpthread.so.0(+0xf6d0) [0x2b503ab996d0]
  /lib64/libc.so.6(kill+0x7) [0x2b503b0de547]
  /opt/cluster/programs/g16-c.01/g16/l1.exe() [0x4b8975]
  /opt/cluster/programs/g16-c.01/g16/l1.exe() [0x4f867a]
  /opt/cluster/programs/g16-c.01/g16/l1.exe() [0x4d56ab]
  /opt/cluster/programs/g16-c.01/g16/l1.exe() [0x41d5c6]
  /opt/cluster/programs/g16-c.01/g16/l1.exe() [0x410c4c]
  /opt/cluster/programs/g16-c.01/g16/l1.exe() [0x40d185]
  /opt/cluster/programs/g16-c.01/g16/l1.exe() [0x40cbd7]
  /opt/cluster/programs/g16-c.01/g16/l1.exe() [0x40cb24]
  /lib64/libc.so.6(__libc_start_main+0xf5) [0x2b503b0ca445]
  /opt/cluster/programs/g16-c.01/g16/l1.exe() [0x407269]
 Read checkpoint file gaussian_76_water_hf_adz2.chk type Unk
 Write formatted file gaussian_76_water_hf_adz2.fchk
 Will use up to     0 threads.
 Top CubeGen          Mon Feb 20 10:10:06 2023
 Aft UFChkP           Mon Feb 20 10:10:06 2023        0.06 cpu,        0.07 elapsed
 Could not find " ","Total SCF Density" on formatted checkpoint file.
 Error termination via Lnk1e at Mon Feb 20 10:10:06 2023.
Error: segmentation violation
   rax 0000000000000000, rbx 00000000058b0be0, rcx ffffffffffffffff
   rdx 00000000000262e2, rsp 00007ffd0385f178, rbp 00007ffd0385f1d0
   rsi 000000000000000b, rdi 00000000000262e2, r8  00002b51d2ab1ac0
   r9  00002b51d2ab1ac0, r10 00007ffd0385ebe0, r11 0000000000000206
   r12 00000000058aeb0b, r13 000000000697d288, r14 00000000058aeec0
   r15 00007ffd03861410
  /lib64/libpthread.so.0(+0xf6d0) [0x2b51d2fab6d0]
  /lib64/libc.so.6(kill+0x7) [0x2b51d34f0547]
  /opt/cluster/programs/g16-c.01/g16/cubegen() [0x40fe24]
  /lib64/libc.so.6(__libc_start_main+0xf5) [0x2b51d34dc445]
/var/spool/slurm//job7311774/slurm_script: line 57: 156386 Aborted                 $g16root/g16/cubegen 0 Density $FCKFILE $DNSFILE -2 h
 Will use up to     0 threads.
 Top CubeGen          Mon Feb 20 10:10:06 2023
 Aft UFChkP           Mon Feb 20 10:10:07 2023        0.07 cpu,        0.07 elapsed
 Could not find " ","Total SCF Density" on formatted checkpoint file.
 Error termination via Lnk1e at Mon Feb 20 10:10:07 2023.
Error: segmentation violation
   rax 0000000000000000, rbx 00000000058b0be0, rcx ffffffffffffffff
   rdx 0000000000026312, rsp 00007ffdace4b358, rbp 00007ffdace4b3b0
   rsi 000000000000000b, rdi 0000000000026312, r8  00002b795d713ac0
   r9  00002b795d713ac0, r10 00007ffdace4ade0, r11 0000000000000202
   r12 00000000058aeb0b, r13 000000000697d288, r14 00000000058aeec0
   r15 00007ffdace4d5f0
  /lib64/libpthread.so.0(+0xf6d0) [0x2b795dc0d6d0]
  /lib64/libc.so.6(kill+0x7) [0x2b795e152547]
  /opt/cluster/programs/g16-c.01/g16/cubegen() [0x40fe24]
  /lib64/libc.so.6(__libc_start_main+0xf5) [0x2b795e13e445]
/var/spool/slurm//job7311774/slurm_script: line 60: 156434 Aborted                 $g16root/g16/cubegen 0 Potential $FCKFILE $ESPFILE -2 h
cp: cannot stat ‘gaussian_76_water_hf_adz2_dens.cube’: No such file or directory
cp: cannot stat ‘gaussian_76_water_hf_adz2_esp.cube’: No such file or directory
