node105.cluster
Error: segmentation violation
   rax 0000000000000000, rbx ffffffffffffffff, rcx ffffffffffffffff
   rdx 000000000002ada6, rsp 00007ffcb538ca78, rbp 00007ffcb538cff0
   rsi 000000000000000b, rdi 000000000002ada6, r8  0000000000000020
   r9  0000000000000401, r10 00007ffcb538c4e0, r11 0000000000000206
   r12 00007ffcb538d038, r13 0000000000000000, r14 0000000000000000
   r15 00000000000003e6
  /lib64/libpthread.so.0(+0xf6d0) [0x2b91c88ee6d0]
  /lib64/libc.so.6(kill+0x7) [0x2b91c8e33547]
  /opt/cluster/programs/g16-c.01/g16/l1.exe() [0x4b8975]
  /opt/cluster/programs/g16-c.01/g16/l1.exe() [0x4f867a]
  /opt/cluster/programs/g16-c.01/g16/l1.exe() [0x4d56ab]
  /opt/cluster/programs/g16-c.01/g16/l1.exe() [0x41d5c6]
  /opt/cluster/programs/g16-c.01/g16/l1.exe() [0x410c4c]
  /opt/cluster/programs/g16-c.01/g16/l1.exe() [0x40d185]
  /opt/cluster/programs/g16-c.01/g16/l1.exe() [0x40cbd7]
  /opt/cluster/programs/g16-c.01/g16/l1.exe() [0x40cb24]
  /lib64/libc.so.6(__libc_start_main+0xf5) [0x2b91c8e1f445]
  /opt/cluster/programs/g16-c.01/g16/l1.exe() [0x407269]
 Read checkpoint file gaussian_166_water_hf_adz.chk type Unk
 Write formatted file gaussian_166_water_hf_adz.fchk
 Will use up to     0 threads.
 Top CubeGen          Mon Feb 20 10:08:10 2023
 Aft UFChkP           Mon Feb 20 10:08:10 2023        0.07 cpu,        0.07 elapsed
 Could not find " ","Total SCF Density" on formatted checkpoint file.
 Error termination via Lnk1e at Mon Feb 20 10:08:10 2023.
Error: segmentation violation
   rax 0000000000000000, rbx 00000000058b0be0, rcx ffffffffffffffff
   rdx 000000000002ade3, rsp 00007ffe26ccc698, rbp 00007ffe26ccc6f0
   rsi 000000000000000b, rdi 000000000002ade3, r8  00002b235c9d0ac0
   r9  00002b235c9d0ac0, r10 00007ffe26ccc120, r11 0000000000000202
   r12 00000000058aeb0b, r13 000000000697d288, r14 00000000058aeec0
   r15 00007ffe26cce930
  /lib64/libpthread.so.0(+0xf6d0) [0x2b235ceca6d0]
  /lib64/libc.so.6(kill+0x7) [0x2b235d40f547]
  /opt/cluster/programs/g16-c.01/g16/cubegen() [0x40fe24]
  /lib64/libc.so.6(__libc_start_main+0xf5) [0x2b235d3fb445]
/var/spool/slurm//job7311684/slurm_script: line 57: 175587 Aborted                 $g16root/g16/cubegen 0 Density $FCKFILE $DNSFILE -2 h
 Will use up to     0 threads.
 Top CubeGen          Mon Feb 20 10:08:10 2023
 Aft UFChkP           Mon Feb 20 10:08:10 2023        0.08 cpu,        0.08 elapsed
 Could not find " ","Total SCF Density" on formatted checkpoint file.
 Error termination via Lnk1e at Mon Feb 20 10:08:10 2023.
Error: segmentation violation
   rax 0000000000000000, rbx 00000000058b0be0, rcx ffffffffffffffff
   rdx 000000000002ae13, rsp 00007fff55a0a228, rbp 00007fff55a0a280
   rsi 000000000000000b, rdi 000000000002ae13, r8  00002af4e0b8eac0
   r9  00002af4e0b8eac0, r10 00007fff55a09ca0, r11 0000000000000206
   r12 00000000058aeb0b, r13 000000000697d288, r14 00000000058aeec0
   r15 00007fff55a0c4c0
  /lib64/libpthread.so.0(+0xf6d0) [0x2af4e10886d0]
  /lib64/libc.so.6(kill+0x7) [0x2af4e15cd547]
  /opt/cluster/programs/g16-c.01/g16/cubegen() [0x40fe24]
  /lib64/libc.so.6(__libc_start_main+0xf5) [0x2af4e15b9445]
/var/spool/slurm//job7311684/slurm_script: line 60: 175635 Aborted                 $g16root/g16/cubegen 0 Potential $FCKFILE $ESPFILE -2 h
cp: cannot stat ‘gaussian_166_water_hf_adz_dens.cube’: No such file or directory
cp: cannot stat ‘gaussian_166_water_hf_adz_esp.cube’: No such file or directory
