node106.cluster
Error: segmentation violation
   rax 0000000000000000, rbx ffffffffffffffff, rcx ffffffffffffffff
   rdx 0000000000025717, rsp 00007ffe81ff9078, rbp 00007ffe81ff95f0
   rsi 000000000000000b, rdi 0000000000025717, r8  0000000000000020
   r9  0000000000000401, r10 00007ffe81ff8ae0, r11 0000000000000206
   r12 00007ffe81ff9638, r13 0000000000000000, r14 0000000000000000
   r15 00000000000003e6
  /lib64/libpthread.so.0(+0xf6d0) [0x2ab9ae0206d0]
  /lib64/libc.so.6(kill+0x7) [0x2ab9ae565547]
  /opt/cluster/programs/g16-c.01/g16/l1.exe() [0x4b8975]
  /opt/cluster/programs/g16-c.01/g16/l1.exe() [0x4f867a]
  /opt/cluster/programs/g16-c.01/g16/l1.exe() [0x4d56ab]
  /opt/cluster/programs/g16-c.01/g16/l1.exe() [0x41d5c6]
  /opt/cluster/programs/g16-c.01/g16/l1.exe() [0x410c4c]
  /opt/cluster/programs/g16-c.01/g16/l1.exe() [0x40d185]
  /opt/cluster/programs/g16-c.01/g16/l1.exe() [0x40cbd7]
  /opt/cluster/programs/g16-c.01/g16/l1.exe() [0x40cb24]
  /lib64/libc.so.6(__libc_start_main+0xf5) [0x2ab9ae551445]
  /opt/cluster/programs/g16-c.01/g16/l1.exe() [0x407269]
 Read checkpoint file gaussian_139_water_hf_adz.chk type Unk
 Write formatted file gaussian_139_water_hf_adz.fchk
 Will use up to     0 threads.
 Top CubeGen          Mon Feb 20 10:07:40 2023
 Aft UFChkP           Mon Feb 20 10:07:40 2023        0.06 cpu,        0.07 elapsed
 Could not find " ","Total SCF Density" on formatted checkpoint file.
 Error termination via Lnk1e at Mon Feb 20 10:07:40 2023.
Error: segmentation violation
   rax 0000000000000000, rbx 00000000058b0be0, rcx ffffffffffffffff
   rdx 000000000002575c, rsp 00007ffce25ba458, rbp 00007ffce25ba4b0
   rsi 000000000000000b, rdi 000000000002575c, r8  00002b1a6752eac0
   r9  00002b1a6752eac0, r10 00007ffce25b9ee0, r11 0000000000000202
   r12 00000000058aeb0b, r13 000000000697d288, r14 00000000058aeec0
   r15 00007ffce25bc6f0
  /lib64/libpthread.so.0(+0xf6d0) [0x2b1a67a286d0]
  /lib64/libc.so.6(kill+0x7) [0x2b1a67f6d547]
  /opt/cluster/programs/g16-c.01/g16/cubegen() [0x40fe24]
  /lib64/libc.so.6(__libc_start_main+0xf5) [0x2b1a67f59445]
/var/spool/slurm//job7311657/slurm_script: line 57: 153436 Aborted                 $g16root/g16/cubegen 0 Density $FCKFILE $DNSFILE -2 h
 Will use up to     0 threads.
 Top CubeGen          Mon Feb 20 10:07:40 2023
 Aft UFChkP           Mon Feb 20 10:07:40 2023        0.07 cpu,        0.07 elapsed
 Could not find " ","Total SCF Density" on formatted checkpoint file.
 Error termination via Lnk1e at Mon Feb 20 10:07:40 2023.
Error: segmentation violation
   rax 0000000000000000, rbx 00000000058b0be0, rcx ffffffffffffffff
   rdx 0000000000025782, rsp 00007ffc551f35d8, rbp 00007ffc551f3630
   rsi 000000000000000b, rdi 0000000000025782, r8  00002ad805208ac0
   r9  00002ad805208ac0, r10 00007ffc551f3060, r11 0000000000000206
   r12 00000000058aeb0b, r13 000000000697d288, r14 00000000058aeec0
   r15 00007ffc551f5870
  /lib64/libpthread.so.0(+0xf6d0) [0x2ad8057026d0]
  /lib64/libc.so.6(kill+0x7) [0x2ad805c47547]
  /opt/cluster/programs/g16-c.01/g16/cubegen() [0x40fe24]
  /lib64/libc.so.6(__libc_start_main+0xf5) [0x2ad805c33445]
/var/spool/slurm//job7311657/slurm_script: line 60: 153474 Aborted                 $g16root/g16/cubegen 0 Potential $FCKFILE $ESPFILE -2 h
cp: cannot stat ‘gaussian_139_water_hf_adz_dens.cube’: No such file or directory
cp: cannot stat ‘gaussian_139_water_hf_adz_esp.cube’: No such file or directory
