node60.cluster
 Read checkpoint file gaussian_3_water_ccsdt_adz.chk type G16
 Write formatted file gaussian_3_water_ccsdt_adz.fchk
 FChkPn:  Coordinates translated and rotated.
 FChkPn:  Coordinates match /B/ after translation and rotation.
 Will use up to     0 threads.
 Top CubeGen          Wed Feb  8 14:46:52 2023
 Aft UFChkP           Wed Feb  8 14:46:52 2023        0.11 cpu,        0.12 elapsed
 Aft DecCub           Wed Feb  8 14:46:52 2023        0.01 cpu,        0.01 elapsed
 Aft Density          Wed Feb  8 14:46:52 2023        0.00 cpu,        0.00 elapsed
 Bef DoCube           Wed Feb  8 14:46:52 2023        0.00 cpu,        0.00 elapsed
 There are a total of       29791 grid points.
 ElSum from          density=        8.1599585212
 Aft DoCube           Wed Feb  8 14:46:52 2023        0.06 cpu,        0.05 elapsed
 Will use up to     0 threads.
 Top CubeGen          Wed Feb  8 14:46:52 2023
 Aft UFChkP           Wed Feb  8 14:46:52 2023        0.13 cpu,        0.13 elapsed
 Aft DecCub           Wed Feb  8 14:46:52 2023        0.00 cpu,        0.00 elapsed
 Aft Density          Wed Feb  8 14:46:52 2023        0.00 cpu,        0.00 elapsed
 Bef DoCube           Wed Feb  8 14:46:52 2023        0.00 cpu,        0.00 elapsed
 There are a total of       29791 grid points.
 ElSum from          density=       13.6130026853
 Aft DoCube           Wed Feb  8 14:46:52 2023        0.39 cpu,        0.40 elapsed
