node105.cluster
Error: segmentation violation
   rax 0000000000000000, rbx ffffffffffffffff, rcx ffffffffffffffff
   rdx 0000000000029e81, rsp 00007fffc4e4a808, rbp 00007fffc4e4ad80
   rsi 000000000000000b, rdi 0000000000029e81, r8  0000000000000020
   r9  0000000000000401, r10 00007fffc4e4a260, r11 0000000000000202
   r12 00007fffc4e4adc8, r13 0000000000000000, r14 0000000000000000
   r15 00000000000003e6
  /lib64/libpthread.so.0(+0xf6d0) [0x2ba26acb06d0]
  /lib64/libc.so.6(kill+0x7) [0x2ba26b1f5547]
  /opt/cluster/programs/g16-c.01/g16/l1.exe() [0x4b8975]
  /opt/cluster/programs/g16-c.01/g16/l1.exe() [0x4f867a]
  /opt/cluster/programs/g16-c.01/g16/l1.exe() [0x4d56ab]
  /opt/cluster/programs/g16-c.01/g16/l1.exe() [0x41d5c6]
  /opt/cluster/programs/g16-c.01/g16/l1.exe() [0x410c4c]
  /opt/cluster/programs/g16-c.01/g16/l1.exe() [0x40d185]
  /opt/cluster/programs/g16-c.01/g16/l1.exe() [0x40cbd7]
  /opt/cluster/programs/g16-c.01/g16/l1.exe() [0x40cb24]
  /lib64/libc.so.6(__libc_start_main+0xf5) [0x2ba26b1e1445]
  /opt/cluster/programs/g16-c.01/g16/l1.exe() [0x407269]
 Read checkpoint file gaussian_14_water_hf_adz.chk type Unk
 Write formatted file gaussian_14_water_hf_adz.fchk
 Will use up to     0 threads.
 Top CubeGen          Mon Feb 20 10:05:38 2023
 Aft UFChkP           Mon Feb 20 10:05:38 2023        0.07 cpu,        0.07 elapsed
 Could not find " ","Total SCF Density" on formatted checkpoint file.
 Error termination via Lnk1e at Mon Feb 20 10:05:38 2023.
Error: segmentation violation
   rax 0000000000000000, rbx 00000000058b0be0, rcx ffffffffffffffff
   rdx 0000000000029ed4, rsp 00007ffc30133458, rbp 00007ffc301334b0
   rsi 000000000000000b, rdi 0000000000029ed4, r8  00002ada1742dac0
   r9  00002ada1742dac0, r10 00007ffc30132ee0, r11 0000000000000202
   r12 00000000058aeb0b, r13 000000000697d288, r14 00000000058aeec0
   r15 00007ffc301356f0
  /lib64/libpthread.so.0(+0xf6d0) [0x2ada179276d0]
  /lib64/libc.so.6(kill+0x7) [0x2ada17e6c547]
  /opt/cluster/programs/g16-c.01/g16/cubegen() [0x40fe24]
  /lib64/libc.so.6(__libc_start_main+0xf5) [0x2ada17e58445]
/var/spool/slurm//job7311532/slurm_script: line 57: 171732 Aborted                 $g16root/g16/cubegen 0 Density $FCKFILE $DNSFILE -2 h
 Will use up to     0 threads.
 Top CubeGen          Mon Feb 20 10:05:39 2023
 Aft UFChkP           Mon Feb 20 10:05:39 2023        0.06 cpu,        0.07 elapsed
 Could not find " ","Total SCF Density" on formatted checkpoint file.
 Error termination via Lnk1e at Mon Feb 20 10:05:39 2023.
Error: segmentation violation
   rax 0000000000000000, rbx 00000000058b0be0, rcx ffffffffffffffff
   rdx 0000000000029f05, rsp 00007ffc887a5a48, rbp 00007ffc887a5aa0
   rsi 000000000000000b, rdi 0000000000029f05, r8  00002af5a5412ac0
   r9  00002af5a5412ac0, r10 00007ffc887a54a0, r11 0000000000000206
   r12 00000000058aeb0b, r13 000000000697d288, r14 00000000058aeec0
   r15 00007ffc887a7ce0
  /lib64/libpthread.so.0(+0xf6d0) [0x2af5a590c6d0]
  /lib64/libc.so.6(kill+0x7) [0x2af5a5e51547]
  /opt/cluster/programs/g16-c.01/g16/cubegen() [0x40fe24]
  /lib64/libc.so.6(__libc_start_main+0xf5) [0x2af5a5e3d445]
/var/spool/slurm//job7311532/slurm_script: line 60: 171781 Aborted                 $g16root/g16/cubegen 0 Potential $FCKFILE $ESPFILE -2 h
cp: cannot stat ‘gaussian_14_water_hf_adz_dens.cube’: No such file or directory
cp: cannot stat ‘gaussian_14_water_hf_adz_esp.cube’: No such file or directory
