node59.cluster
 Read checkpoint file gaussian_107_water_b3lyp_pdz.chk type G16
 Write formatted file gaussian_107_water_b3lyp_pdz.fchk
 FChkPn:  Coordinates translated and rotated.
 FChkPn:  Coordinates match /B/ after translation and rotation.
 Will use up to     0 threads.
 Top CubeGen          Wed Feb  8 14:51:31 2023
 Aft UFChkP           Wed Feb  8 14:51:31 2023        0.09 cpu,        0.09 elapsed
 Aft DecCub           Wed Feb  8 14:51:31 2023        0.00 cpu,        0.00 elapsed
 Aft Density          Wed Feb  8 14:51:31 2023        0.00 cpu,        0.00 elapsed
 Bef DoCube           Wed Feb  8 14:51:31 2023        0.00 cpu,        0.00 elapsed
 There are a total of       29791 grid points.
 ElSum from          density=        8.1647178311
 Aft DoCube           Wed Feb  8 14:51:31 2023        0.05 cpu,        0.04 elapsed
 Will use up to     0 threads.
 Top CubeGen          Wed Feb  8 14:51:31 2023
 Aft UFChkP           Wed Feb  8 14:51:31 2023        0.09 cpu,        0.10 elapsed
 Aft DecCub           Wed Feb  8 14:51:31 2023        0.00 cpu,        0.00 elapsed
 Aft Density          Wed Feb  8 14:51:31 2023        0.00 cpu,        0.00 elapsed
 Bef DoCube           Wed Feb  8 14:51:31 2023        0.00 cpu,        0.00 elapsed
 There are a total of       29791 grid points.
 ElSum from          density=       13.5913434781
 Aft DoCube           Wed Feb  8 14:51:32 2023        0.17 cpu,        0.16 elapsed
