node106.cluster
Error: segmentation violation
   rax 0000000000000000, rbx ffffffffffffffff, rcx ffffffffffffffff
   rdx 0000000000025f94, rsp 00007ffcab6fab78, rbp 00007ffcab6fb0f0
   rsi 000000000000000b, rdi 0000000000025f94, r8  0000000000000020
   r9  0000000000000401, r10 00007ffcab6fa5e0, r11 0000000000000206
   r12 00007ffcab6fb138, r13 0000000000000000, r14 0000000000000000
   r15 00000000000003e6
  /lib64/libpthread.so.0(+0xf6d0) [0x2b32be7876d0]
  /lib64/libc.so.6(kill+0x7) [0x2b32beccc547]
  /opt/cluster/programs/g16-c.01/g16/l1.exe() [0x4b8975]
  /opt/cluster/programs/g16-c.01/g16/l1.exe() [0x4f867a]
  /opt/cluster/programs/g16-c.01/g16/l1.exe() [0x4d56ab]
  /opt/cluster/programs/g16-c.01/g16/l1.exe() [0x41d5c6]
  /opt/cluster/programs/g16-c.01/g16/l1.exe() [0x410c4c]
  /opt/cluster/programs/g16-c.01/g16/l1.exe() [0x40d185]
  /opt/cluster/programs/g16-c.01/g16/l1.exe() [0x40cbd7]
  /opt/cluster/programs/g16-c.01/g16/l1.exe() [0x40cb24]
  /lib64/libc.so.6(__libc_start_main+0xf5) [0x2b32becb8445]
  /opt/cluster/programs/g16-c.01/g16/l1.exe() [0x407269]
 Read checkpoint file gaussian_47_water_hf_adz2.chk type Unk
 Write formatted file gaussian_47_water_hf_adz2.fchk
 Will use up to     0 threads.
 Top CubeGen          Mon Feb 20 10:09:38 2023
 Aft UFChkP           Mon Feb 20 10:09:38 2023        0.06 cpu,        0.07 elapsed
 Could not find " ","Total SCF Density" on formatted checkpoint file.
 Error termination via Lnk1e at Mon Feb 20 10:09:38 2023.
Error: segmentation violation
   rax 0000000000000000, rbx 00000000058b0be0, rcx ffffffffffffffff
   rdx 0000000000025fef, rsp 00007ffcfc0c1098, rbp 00007ffcfc0c10f0
   rsi 000000000000000b, rdi 0000000000025fef, r8  00002b2ed67faac0
   r9  00002b2ed67faac0, r10 00007ffcfc0c0b20, r11 0000000000000202
   r12 00000000058aeb0b, r13 000000000697d288, r14 00000000058aeec0
   r15 00007ffcfc0c3330
  /lib64/libpthread.so.0(+0xf6d0) [0x2b2ed6cf46d0]
  /lib64/libc.so.6(kill+0x7) [0x2b2ed7239547]
  /opt/cluster/programs/g16-c.01/g16/cubegen() [0x40fe24]
  /lib64/libc.so.6(__libc_start_main+0xf5) [0x2b2ed7225445]
/var/spool/slurm//job7311745/slurm_script: line 57: 155631 Aborted                 $g16root/g16/cubegen 0 Density $FCKFILE $DNSFILE -2 h
 Will use up to     0 threads.
 Top CubeGen          Mon Feb 20 10:09:38 2023
 Aft UFChkP           Mon Feb 20 10:09:38 2023        0.07 cpu,        0.07 elapsed
 Could not find " ","Total SCF Density" on formatted checkpoint file.
 Error termination via Lnk1e at Mon Feb 20 10:09:38 2023.
Error: segmentation violation
   rax 0000000000000000, rbx 00000000058b0be0, rcx ffffffffffffffff
   rdx 000000000002601f, rsp 00007ffd4891b648, rbp 00007ffd4891b6a0
   rsi 000000000000000b, rdi 000000000002601f, r8  00002b8739ba1ac0
   r9  00002b8739ba1ac0, r10 00007ffd4891b0a0, r11 0000000000000206
   r12 00000000058aeb0b, r13 000000000697d288, r14 00000000058aeec0
   r15 00007ffd4891d8e0
  /lib64/libpthread.so.0(+0xf6d0) [0x2b873a09b6d0]
  /lib64/libc.so.6(kill+0x7) [0x2b873a5e0547]
  /opt/cluster/programs/g16-c.01/g16/cubegen() [0x40fe24]
  /lib64/libc.so.6(__libc_start_main+0xf5) [0x2b873a5cc445]
/var/spool/slurm//job7311745/slurm_script: line 60: 155679 Aborted                 $g16root/g16/cubegen 0 Potential $FCKFILE $ESPFILE -2 h
cp: cannot stat ‘gaussian_47_water_hf_adz2_dens.cube’: No such file or directory
cp: cannot stat ‘gaussian_47_water_hf_adz2_esp.cube’: No such file or directory
