node101.cluster
Error: segmentation violation
   rax 0000000000000000, rbx ffffffffffffffff, rcx ffffffffffffffff
   rdx 000000000002e443, rsp 00007ffcb75adc68, rbp 00007ffcb75ae1e0
   rsi 000000000000000b, rdi 000000000002e443, r8  0000000000000020
   r9  0000000000000401, r10 00007ffcb75ad6e0, r11 0000000000000202
   r12 00007ffcb75ae228, r13 0000000000000000, r14 0000000000000000
   r15 00000000000003e6
  /lib64/libpthread.so.0(+0xf6d0) [0x2af7cb49f6d0]
  /lib64/libc.so.6(kill+0x7) [0x2af7cb9e4547]
  /opt/cluster/programs/g16-c.01/g16/l1.exe() [0x4b8975]
  /opt/cluster/programs/g16-c.01/g16/l1.exe() [0x4f867a]
  /opt/cluster/programs/g16-c.01/g16/l1.exe() [0x4d56ab]
  /opt/cluster/programs/g16-c.01/g16/l1.exe() [0x41d5c6]
  /opt/cluster/programs/g16-c.01/g16/l1.exe() [0x410c4c]
  /opt/cluster/programs/g16-c.01/g16/l1.exe() [0x40d185]
  /opt/cluster/programs/g16-c.01/g16/l1.exe() [0x40cbd7]
  /opt/cluster/programs/g16-c.01/g16/l1.exe() [0x40cb24]
  /lib64/libc.so.6(__libc_start_main+0xf5) [0x2af7cb9d0445]
  /opt/cluster/programs/g16-c.01/g16/l1.exe() [0x407269]
 Read checkpoint file gaussian_152_water_hf_adz.chk type Unk
 Write formatted file gaussian_152_water_hf_adz.fchk
 Will use up to     0 threads.
 Top CubeGen          Mon Feb 20 10:08:00 2023
 Aft UFChkP           Mon Feb 20 10:08:00 2023        0.07 cpu,        0.07 elapsed
 Could not find " ","Total SCF Density" on formatted checkpoint file.
 Error termination via Lnk1e at Mon Feb 20 10:08:00 2023.
Error: segmentation violation
   rax 0000000000000000, rbx 00000000058b0be0, rcx ffffffffffffffff
   rdx 000000000002e455, rsp 00007ffc777d7b48, rbp 00007ffc777d7ba0
   rsi 000000000000000b, rdi 000000000002e455, r8  00002b0dccb3dac0
   r9  00002b0dccb3dac0, r10 00007ffc777d75a0, r11 0000000000000206
   r12 00000000058aeb0b, r13 000000000697d288, r14 00000000058aeec0
   r15 00007ffc777d9de0
  /lib64/libpthread.so.0(+0xf6d0) [0x2b0dcd0376d0]
  /lib64/libc.so.6(kill+0x7) [0x2b0dcd57c547]
  /opt/cluster/programs/g16-c.01/g16/cubegen() [0x40fe24]
  /lib64/libc.so.6(__libc_start_main+0xf5) [0x2b0dcd568445]
/var/spool/slurm//job7311670/slurm_script: line 57: 189525 Aborted                 $g16root/g16/cubegen 0 Density $FCKFILE $DNSFILE -2 h
 Will use up to     0 threads.
 Top CubeGen          Mon Feb 20 10:08:00 2023
 Aft UFChkP           Mon Feb 20 10:08:00 2023        0.07 cpu,        0.07 elapsed
 Could not find " ","Total SCF Density" on formatted checkpoint file.
 Error termination via Lnk1e at Mon Feb 20 10:08:00 2023.
Error: segmentation violation
   rax 0000000000000000, rbx 00000000058b0be0, rcx ffffffffffffffff
   rdx 000000000002e461, rsp 00007ffcfda4b758, rbp 00007ffcfda4b7b0
   rsi 000000000000000b, rdi 000000000002e461, r8  00002b4a3a160ac0
   r9  00002b4a3a160ac0, r10 00007ffcfda4b1e0, r11 0000000000000202
   r12 00000000058aeb0b, r13 000000000697d288, r14 00000000058aeec0
   r15 00007ffcfda4d9f0
  /lib64/libpthread.so.0(+0xf6d0) [0x2b4a3a65a6d0]
  /lib64/libc.so.6(kill+0x7) [0x2b4a3ab9f547]
  /opt/cluster/programs/g16-c.01/g16/cubegen() [0x40fe24]
  /lib64/libc.so.6(__libc_start_main+0xf5) [0x2b4a3ab8b445]
/var/spool/slurm//job7311670/slurm_script: line 60: 189537 Aborted                 $g16root/g16/cubegen 0 Potential $FCKFILE $ESPFILE -2 h
cp: cannot stat ‘gaussian_152_water_hf_adz_dens.cube’: No such file or directory
cp: cannot stat ‘gaussian_152_water_hf_adz_esp.cube’: No such file or directory
