node106.cluster
Error: segmentation violation
   rax 0000000000000000, rbx ffffffffffffffff, rcx ffffffffffffffff
   rdx 0000000000024b70, rsp 00007fff5a3b9618, rbp 00007fff5a3b9b90
   rsi 000000000000000b, rdi 0000000000024b70, r8  0000000000000020
   r9  0000000000000401, r10 00007fff5a3b90a0, r11 0000000000000206
   r12 00007fff5a3b9bd8, r13 0000000000000000, r14 0000000000000000
   r15 00000000000003e6
  /lib64/libpthread.so.0(+0xf6d0) [0x2b5a209896d0]
  /lib64/libc.so.6(kill+0x7) [0x2b5a20ece547]
  /opt/cluster/programs/g16-c.01/g16/l1.exe() [0x4b8975]
  /opt/cluster/programs/g16-c.01/g16/l1.exe() [0x4f867a]
  /opt/cluster/programs/g16-c.01/g16/l1.exe() [0x4d56ab]
  /opt/cluster/programs/g16-c.01/g16/l1.exe() [0x41d5c6]
  /opt/cluster/programs/g16-c.01/g16/l1.exe() [0x410c4c]
  /opt/cluster/programs/g16-c.01/g16/l1.exe() [0x40d185]
  /opt/cluster/programs/g16-c.01/g16/l1.exe() [0x40cbd7]
  /opt/cluster/programs/g16-c.01/g16/l1.exe() [0x40cb24]
  /lib64/libc.so.6(__libc_start_main+0xf5) [0x2b5a20eba445]
  /opt/cluster/programs/g16-c.01/g16/l1.exe() [0x407269]
 Read checkpoint file gaussian_20_water_hf_adz.chk type Unk
 Write formatted file gaussian_20_water_hf_adz.fchk
 Will use up to     0 threads.
 Top CubeGen          Mon Feb 20 10:05:38 2023
 Aft UFChkP           Mon Feb 20 10:05:38 2023        0.07 cpu,        0.07 elapsed
 Could not find " ","Total SCF Density" on formatted checkpoint file.
 Error termination via Lnk1e at Mon Feb 20 10:05:38 2023.
Error: segmentation violation
   rax 0000000000000000, rbx 00000000058b0be0, rcx ffffffffffffffff
   rdx 0000000000024baf, rsp 00007ffd696806a8, rbp 00007ffd69680700
   rsi 000000000000000b, rdi 0000000000024baf, r8  00002b636ed23ac0
   r9  00002b636ed23ac0, r10 00007ffd69680120, r11 0000000000000202
   r12 00000000058aeb0b, r13 000000000697d288, r14 00000000058aeec0
   r15 00007ffd69682940
  /lib64/libpthread.so.0(+0xf6d0) [0x2b636f21d6d0]
  /lib64/libc.so.6(kill+0x7) [0x2b636f762547]
  /opt/cluster/programs/g16-c.01/g16/cubegen() [0x40fe24]
  /lib64/libc.so.6(__libc_start_main+0xf5) [0x2b636f74e445]
/var/spool/slurm//job7311538/slurm_script: line 57: 150447 Aborted                 $g16root/g16/cubegen 0 Density $FCKFILE $DNSFILE -2 h
 Will use up to     0 threads.
 Top CubeGen          Mon Feb 20 10:05:39 2023
 Aft UFChkP           Mon Feb 20 10:05:39 2023        0.06 cpu,        0.07 elapsed
 Could not find " ","Total SCF Density" on formatted checkpoint file.
 Error termination via Lnk1e at Mon Feb 20 10:05:39 2023.
Error: segmentation violation
   rax 0000000000000000, rbx 00000000058b0be0, rcx ffffffffffffffff
   rdx 0000000000024bdf, rsp 00007ffd3137c6c8, rbp 00007ffd3137c720
   rsi 000000000000000b, rdi 0000000000024bdf, r8  00002ae853508ac0
   r9  00002ae853508ac0, r10 00007ffd3137c120, r11 0000000000000202
   r12 00000000058aeb0b, r13 000000000697d288, r14 00000000058aeec0
   r15 00007ffd3137e960
  /lib64/libpthread.so.0(+0xf6d0) [0x2ae853a026d0]
  /lib64/libc.so.6(kill+0x7) [0x2ae853f47547]
  /opt/cluster/programs/g16-c.01/g16/cubegen() [0x40fe24]
  /lib64/libc.so.6(__libc_start_main+0xf5) [0x2ae853f33445]
/var/spool/slurm//job7311538/slurm_script: line 60: 150495 Aborted                 $g16root/g16/cubegen 0 Potential $FCKFILE $ESPFILE -2 h
cp: cannot stat ‘gaussian_20_water_hf_adz_dens.cube’: No such file or directory
cp: cannot stat ‘gaussian_20_water_hf_adz_esp.cube’: No such file or directory
