node105.cluster
Error: segmentation violation
   rax 0000000000000000, rbx ffffffffffffffff, rcx ffffffffffffffff
   rdx 000000000002a8a9, rsp 00007ffe0453d4d8, rbp 00007ffe0453da50
   rsi 000000000000000b, rdi 000000000002a8a9, r8  0000000000000020
   r9  0000000000000401, r10 00007ffe0453cf60, r11 0000000000000206
   r12 00007ffe0453da98, r13 0000000000000000, r14 0000000000000000
   r15 00000000000003e6
  /lib64/libpthread.so.0(+0xf6d0) [0x2af27b3326d0]
  /lib64/libc.so.6(kill+0x7) [0x2af27b877547]
  /opt/cluster/programs/g16-c.01/g16/l1.exe() [0x4b8975]
  /opt/cluster/programs/g16-c.01/g16/l1.exe() [0x4f867a]
  /opt/cluster/programs/g16-c.01/g16/l1.exe() [0x4d56ab]
  /opt/cluster/programs/g16-c.01/g16/l1.exe() [0x41d5c6]
  /opt/cluster/programs/g16-c.01/g16/l1.exe() [0x410c4c]
  /opt/cluster/programs/g16-c.01/g16/l1.exe() [0x40d185]
  /opt/cluster/programs/g16-c.01/g16/l1.exe() [0x40cbd7]
  /opt/cluster/programs/g16-c.01/g16/l1.exe() [0x40cb24]
  /lib64/libc.so.6(__libc_start_main+0xf5) [0x2af27b863445]
  /opt/cluster/programs/g16-c.01/g16/l1.exe() [0x407269]
 Read checkpoint file gaussian_115_water_hf_adz.chk type Unk
 Write formatted file gaussian_115_water_hf_adz.fchk
 Will use up to     0 threads.
 Top CubeGen          Mon Feb 20 10:07:19 2023
 Aft UFChkP           Mon Feb 20 10:07:19 2023        0.07 cpu,        0.08 elapsed
 Could not find " ","Total SCF Density" on formatted checkpoint file.
 Error termination via Lnk1e at Mon Feb 20 10:07:19 2023.
Error: segmentation violation
   rax 0000000000000000, rbx 00000000058b0be0, rcx ffffffffffffffff
   rdx 000000000002a8f4, rsp 00007ffde0fadad8, rbp 00007ffde0fadb30
   rsi 000000000000000b, rdi 000000000002a8f4, r8  00002b7a55e4bac0
   r9  00002b7a55e4bac0, r10 00007ffde0fad560, r11 0000000000000206
   r12 00000000058aeb0b, r13 000000000697d288, r14 00000000058aeec0
   r15 00007ffde0fafd70
  /lib64/libpthread.so.0(+0xf6d0) [0x2b7a563456d0]
  /lib64/libc.so.6(kill+0x7) [0x2b7a5688a547]
  /opt/cluster/programs/g16-c.01/g16/cubegen() [0x40fe24]
  /lib64/libc.so.6(__libc_start_main+0xf5) [0x2b7a56876445]
/var/spool/slurm//job7311633/slurm_script: line 57: 174324 Aborted                 $g16root/g16/cubegen 0 Density $FCKFILE $DNSFILE -2 h
 Will use up to     0 threads.
 Top CubeGen          Mon Feb 20 10:07:19 2023
 Aft UFChkP           Mon Feb 20 10:07:19 2023        0.07 cpu,        0.07 elapsed
 Could not find " ","Total SCF Density" on formatted checkpoint file.
 Error termination via Lnk1e at Mon Feb 20 10:07:19 2023.
Error: segmentation violation
   rax 0000000000000000, rbx 00000000058b0be0, rcx ffffffffffffffff
   rdx 000000000002a923, rsp 00007fff89cd8488, rbp 00007fff89cd84e0
   rsi 000000000000000b, rdi 000000000002a923, r8  00002b040ba31ac0
   r9  00002b040ba31ac0, r10 00007fff89cd7ee0, r11 0000000000000206
   r12 00000000058aeb0b, r13 000000000697d288, r14 00000000058aeec0
   r15 00007fff89cda720
  /lib64/libpthread.so.0(+0xf6d0) [0x2b040bf2b6d0]
  /lib64/libc.so.6(kill+0x7) [0x2b040c470547]
  /opt/cluster/programs/g16-c.01/g16/cubegen() [0x40fe24]
  /lib64/libc.so.6(__libc_start_main+0xf5) [0x2b040c45c445]
/var/spool/slurm//job7311633/slurm_script: line 60: 174371 Aborted                 $g16root/g16/cubegen 0 Potential $FCKFILE $ESPFILE -2 h
cp: cannot stat ‘gaussian_115_water_hf_adz_dens.cube’: No such file or directory
cp: cannot stat ‘gaussian_115_water_hf_adz_esp.cube’: No such file or directory
