node57.cluster
 Read checkpoint file gaussian_150_water_wb97_ptz.chk type G16
 Write formatted file gaussian_150_water_wb97_ptz.fchk
 FChkPn:  Coordinates translated and rotated.
 FChkPn:  Coordinates match /B/ after translation and rotation.
 Will use up to     0 threads.
 Top CubeGen          Wed Feb  8 14:42:43 2023
 Aft UFChkP           Wed Feb  8 14:42:43 2023        0.10 cpu,        0.10 elapsed
 Aft DecCub           Wed Feb  8 14:42:43 2023        0.00 cpu,        0.01 elapsed
 Aft Density          Wed Feb  8 14:42:43 2023        0.00 cpu,        0.00 elapsed
 Bef DoCube           Wed Feb  8 14:42:43 2023        0.00 cpu,        0.00 elapsed
 There are a total of       29791 grid points.
 ElSum from          density=        8.1656135293
 Aft DoCube           Wed Feb  8 14:42:43 2023        0.05 cpu,        0.04 elapsed
 Will use up to     0 threads.
 Top CubeGen          Wed Feb  8 14:42:43 2023
 Aft UFChkP           Wed Feb  8 14:42:43 2023        0.09 cpu,        0.10 elapsed
 Aft DecCub           Wed Feb  8 14:42:43 2023        0.00 cpu,        0.00 elapsed
 Aft Density          Wed Feb  8 14:42:43 2023        0.00 cpu,        0.00 elapsed
 Bef DoCube           Wed Feb  8 14:42:43 2023        0.00 cpu,        0.00 elapsed
 There are a total of       29791 grid points.
 ElSum from          density=       13.6106652581
 Aft DoCube           Wed Feb  8 14:42:44 2023        0.22 cpu,        0.22 elapsed
