node66.cluster
 Read checkpoint file gaussian_116_water_ccsdt_atz.chk type G16
 Write formatted file gaussian_116_water_ccsdt_atz.fchk
 FChkPn:  Coordinates translated and rotated.
 FChkPn:  Coordinates match /B/ after translation and rotation.
 Will use up to     0 threads.
 Top CubeGen          Wed Feb  8 13:54:35 2023
 Aft UFChkP           Wed Feb  8 13:54:36 2023        0.20 cpu,        0.21 elapsed
 Aft DecCub           Wed Feb  8 13:54:36 2023        0.03 cpu,        0.02 elapsed
 Aft Density          Wed Feb  8 13:54:36 2023        0.00 cpu,        0.00 elapsed
 Bef DoCube           Wed Feb  8 13:54:36 2023        0.00 cpu,        0.00 elapsed
 There are a total of       29791 grid points.
 ElSum from          density=        8.1574448430
 Aft DoCube           Wed Feb  8 13:54:36 2023        0.17 cpu,        0.17 elapsed
 Will use up to     0 threads.
 Top CubeGen          Wed Feb  8 13:54:36 2023
 Aft UFChkP           Wed Feb  8 13:54:36 2023        0.19 cpu,        0.19 elapsed
 Aft DecCub           Wed Feb  8 13:54:36 2023        0.00 cpu,        0.00 elapsed
 Aft Density          Wed Feb  8 13:54:36 2023        0.00 cpu,        0.00 elapsed
 Bef DoCube           Wed Feb  8 13:54:36 2023        0.00 cpu,        0.00 elapsed
 There are a total of       29791 grid points.
 ElSum from          density=       13.6096828744
 Aft DoCube           Wed Feb  8 13:54:37 2023        1.06 cpu,        1.05 elapsed
