node106.cluster
Error: segmentation violation
   rax 0000000000000000, rbx ffffffffffffffff, rcx ffffffffffffffff
   rdx 0000000000024a66, rsp 00007ffd7e6714b8, rbp 00007ffd7e671a30
   rsi 000000000000000b, rdi 0000000000024a66, r8  0000000000000020
   r9  0000000000000401, r10 00007ffd7e670f20, r11 0000000000000206
   r12 00007ffd7e671a78, r13 0000000000000000, r14 0000000000000000
   r15 00000000000003e6
  /lib64/libpthread.so.0(+0xf6d0) [0x2aba5e3266d0]
  /lib64/libc.so.6(kill+0x7) [0x2aba5e86b547]
  /opt/cluster/programs/g16-c.01/g16/l1.exe() [0x4b8975]
  /opt/cluster/programs/g16-c.01/g16/l1.exe() [0x4f867a]
  /opt/cluster/programs/g16-c.01/g16/l1.exe() [0x4d56ab]
  /opt/cluster/programs/g16-c.01/g16/l1.exe() [0x41d5c6]
  /opt/cluster/programs/g16-c.01/g16/l1.exe() [0x410c4c]
  /opt/cluster/programs/g16-c.01/g16/l1.exe() [0x40d185]
  /opt/cluster/programs/g16-c.01/g16/l1.exe() [0x40cbd7]
  /opt/cluster/programs/g16-c.01/g16/l1.exe() [0x40cb24]
  /lib64/libc.so.6(__libc_start_main+0xf5) [0x2aba5e857445]
  /opt/cluster/programs/g16-c.01/g16/l1.exe() [0x407269]
 Read checkpoint file gaussian_9_water_hf_adz.chk type Unk
 Write formatted file gaussian_9_water_hf_adz.fchk
 Will use up to     0 threads.
 Top CubeGen          Mon Feb 20 10:05:25 2023
 Aft UFChkP           Mon Feb 20 10:05:25 2023        0.07 cpu,        0.07 elapsed
 Could not find " ","Total SCF Density" on formatted checkpoint file.
 Error termination via Lnk1e at Mon Feb 20 10:05:25 2023.
Error: segmentation violation
   rax 0000000000000000, rbx 00000000058b0be0, rcx ffffffffffffffff
   rdx 0000000000024aac, rsp 00007fffba88f598, rbp 00007fffba88f5f0
   rsi 000000000000000b, rdi 0000000000024aac, r8  00002ba170817ac0
   r9  00002ba170817ac0, r10 00007fffba88f020, r11 0000000000000202
   r12 00000000058aeb0b, r13 000000000697d288, r14 00000000058aeec0
   r15 00007fffba891830
  /lib64/libpthread.so.0(+0xf6d0) [0x2ba170d116d0]
  /lib64/libc.so.6(kill+0x7) [0x2ba171256547]
  /opt/cluster/programs/g16-c.01/g16/cubegen() [0x40fe24]
  /lib64/libc.so.6(__libc_start_main+0xf5) [0x2ba171242445]
/var/spool/slurm//job7311527/slurm_script: line 57: 150188 Aborted                 $g16root/g16/cubegen 0 Density $FCKFILE $DNSFILE -2 h
 Will use up to     0 threads.
 Top CubeGen          Mon Feb 20 10:05:26 2023
 Aft UFChkP           Mon Feb 20 10:05:26 2023        0.06 cpu,        0.07 elapsed
 Could not find " ","Total SCF Density" on formatted checkpoint file.
 Error termination via Lnk1e at Mon Feb 20 10:05:26 2023.
Error: segmentation violation
   rax 0000000000000000, rbx 00000000058b0be0, rcx ffffffffffffffff
   rdx 0000000000024ade, rsp 00007fff4745f598, rbp 00007fff4745f5f0
   rsi 000000000000000b, rdi 0000000000024ade, r8  00002b46874bcac0
   r9  00002b46874bcac0, r10 00007fff4745f020, r11 0000000000000202
   r12 00000000058aeb0b, r13 000000000697d288, r14 00000000058aeec0
   r15 00007fff47461830
  /lib64/libpthread.so.0(+0xf6d0) [0x2b46879b66d0]
  /lib64/libc.so.6(kill+0x7) [0x2b4687efb547]
  /opt/cluster/programs/g16-c.01/g16/cubegen() [0x40fe24]
  /lib64/libc.so.6(__libc_start_main+0xf5) [0x2b4687ee7445]
/var/spool/slurm//job7311527/slurm_script: line 60: 150238 Aborted                 $g16root/g16/cubegen 0 Potential $FCKFILE $ESPFILE -2 h
cp: cannot stat ‘gaussian_9_water_hf_adz_dens.cube’: No such file or directory
cp: cannot stat ‘gaussian_9_water_hf_adz_esp.cube’: No such file or directory
