node61.cluster
 Read checkpoint file gaussian_88_water_wb97_ptz.chk type G16
 Write formatted file gaussian_88_water_wb97_ptz.fchk
 FChkPn:  Coordinates translated and rotated.
 FChkPn:  Coordinates match /B/ after translation and rotation.
 Will use up to     0 threads.
 Top CubeGen          Wed Feb  8 14:41:28 2023
 Aft UFChkP           Wed Feb  8 14:41:28 2023        0.14 cpu,        0.15 elapsed
 Aft DecCub           Wed Feb  8 14:41:28 2023        0.01 cpu,        0.01 elapsed
 Aft Density          Wed Feb  8 14:41:28 2023        0.00 cpu,        0.00 elapsed
 Bef DoCube           Wed Feb  8 14:41:28 2023        0.00 cpu,        0.00 elapsed
 There are a total of       29791 grid points.
 ElSum from          density=        8.1659505361
 Aft DoCube           Wed Feb  8 14:41:28 2023        0.06 cpu,        0.06 elapsed
 Will use up to     0 threads.
 Top CubeGen          Wed Feb  8 14:41:28 2023
 Aft UFChkP           Wed Feb  8 14:41:28 2023        0.14 cpu,        0.14 elapsed
 Aft DecCub           Wed Feb  8 14:41:28 2023        0.00 cpu,        0.00 elapsed
 Aft Density          Wed Feb  8 14:41:28 2023        0.00 cpu,        0.00 elapsed
 Bef DoCube           Wed Feb  8 14:41:28 2023        0.00 cpu,        0.00 elapsed
 There are a total of       29791 grid points.
 ElSum from          density=       13.6108213825
 Aft DoCube           Wed Feb  8 14:41:29 2023        0.29 cpu,        0.30 elapsed
