node105.cluster
Error: segmentation violation
   rax 0000000000000000, rbx ffffffffffffffff, rcx ffffffffffffffff
   rdx 000000000002b783, rsp 00007ffcaf874c38, rbp 00007ffcaf8751b0
   rsi 000000000000000b, rdi 000000000002b783, r8  0000000000000020
   r9  0000000000000401, r10 00007ffcaf8746a0, r11 0000000000000202
   r12 00007ffcaf8751f8, r13 0000000000000000, r14 0000000000000000
   r15 00000000000003e6
  /lib64/libpthread.so.0(+0xf6d0) [0x2b23c92406d0]
  /lib64/libc.so.6(kill+0x7) [0x2b23c9785547]
  /opt/cluster/programs/g16-c.01/g16/l1.exe() [0x4b8975]
  /opt/cluster/programs/g16-c.01/g16/l1.exe() [0x4f867a]
  /opt/cluster/programs/g16-c.01/g16/l1.exe() [0x4d56ab]
  /opt/cluster/programs/g16-c.01/g16/l1.exe() [0x41d5c6]
  /opt/cluster/programs/g16-c.01/g16/l1.exe() [0x410c4c]
  /opt/cluster/programs/g16-c.01/g16/l1.exe() [0x40d185]
  /opt/cluster/programs/g16-c.01/g16/l1.exe() [0x40cbd7]
  /opt/cluster/programs/g16-c.01/g16/l1.exe() [0x40cb24]
  /lib64/libc.so.6(__libc_start_main+0xf5) [0x2b23c9771445]
  /opt/cluster/programs/g16-c.01/g16/l1.exe() [0x407269]
 Read checkpoint file gaussian_84_water_hf_adz2.chk type Unk
 Write formatted file gaussian_84_water_hf_adz2.fchk
 Will use up to     0 threads.
 Top CubeGen          Mon Feb 20 10:10:16 2023
 Aft UFChkP           Mon Feb 20 10:10:16 2023        0.07 cpu,        0.07 elapsed
 Could not find " ","Total SCF Density" on formatted checkpoint file.
 Error termination via Lnk1e at Mon Feb 20 10:10:16 2023.
Error: segmentation violation
   rax 0000000000000000, rbx 00000000058b0be0, rcx ffffffffffffffff
   rdx 000000000002b7cf, rsp 00007ffdcc0681b8, rbp 00007ffdcc068210
   rsi 000000000000000b, rdi 000000000002b7cf, r8  00002afd4d814ac0
   r9  00002afd4d814ac0, r10 00007ffdcc067c20, r11 0000000000000206
   r12 00000000058aeb0b, r13 000000000697d288, r14 00000000058aeec0
   r15 00007ffdcc06a450
  /lib64/libpthread.so.0(+0xf6d0) [0x2afd4dd0e6d0]
  /lib64/libc.so.6(kill+0x7) [0x2afd4e253547]
  /opt/cluster/programs/g16-c.01/g16/cubegen() [0x40fe24]
  /lib64/libc.so.6(__libc_start_main+0xf5) [0x2afd4e23f445]
/var/spool/slurm//job7311782/slurm_script: line 57: 178127 Aborted                 $g16root/g16/cubegen 0 Density $FCKFILE $DNSFILE -2 h
 Will use up to     0 threads.
 Top CubeGen          Mon Feb 20 10:10:17 2023
 Aft UFChkP           Mon Feb 20 10:10:17 2023        0.08 cpu,        0.07 elapsed
 Could not find " ","Total SCF Density" on formatted checkpoint file.
 Error termination via Lnk1e at Mon Feb 20 10:10:17 2023.
Error: segmentation violation
   rax 0000000000000000, rbx 00000000058b0be0, rcx ffffffffffffffff
   rdx 000000000002b7ff, rsp 00007ffe9f3febd8, rbp 00007ffe9f3fec30
   rsi 000000000000000b, rdi 000000000002b7ff, r8  00002ac8c7dc7ac0
   r9  00002ac8c7dc7ac0, r10 00007ffe9f3fe660, r11 0000000000000206
   r12 00000000058aeb0b, r13 000000000697d288, r14 00000000058aeec0
   r15 00007ffe9f400e70
  /lib64/libpthread.so.0(+0xf6d0) [0x2ac8c82c16d0]
  /lib64/libc.so.6(kill+0x7) [0x2ac8c8806547]
  /opt/cluster/programs/g16-c.01/g16/cubegen() [0x40fe24]
  /lib64/libc.so.6(__libc_start_main+0xf5) [0x2ac8c87f2445]
/var/spool/slurm//job7311782/slurm_script: line 60: 178175 Aborted                 $g16root/g16/cubegen 0 Potential $FCKFILE $ESPFILE -2 h
cp: cannot stat ‘gaussian_84_water_hf_adz2_dens.cube’: No such file or directory
cp: cannot stat ‘gaussian_84_water_hf_adz2_esp.cube’: No such file or directory
