node106.cluster
Error: segmentation violation
   rax 0000000000000000, rbx ffffffffffffffff, rcx ffffffffffffffff
   rdx 00000000000259f8, rsp 00007ffe3d28d178, rbp 00007ffe3d28d6f0
   rsi 000000000000000b, rdi 00000000000259f8, r8  0000000000000020
   r9  0000000000000401, r10 00007ffe3d28cbe0, r11 0000000000000206
   r12 00007ffe3d28d738, r13 0000000000000000, r14 0000000000000000
   r15 00000000000003e6
  /lib64/libpthread.so.0(+0xf6d0) [0x2aca725396d0]
  /lib64/libc.so.6(kill+0x7) [0x2aca72a7e547]
  /opt/cluster/programs/g16-c.01/g16/l1.exe() [0x4b8975]
  /opt/cluster/programs/g16-c.01/g16/l1.exe() [0x4f867a]
  /opt/cluster/programs/g16-c.01/g16/l1.exe() [0x4d56ab]
  /opt/cluster/programs/g16-c.01/g16/l1.exe() [0x41d5c6]
  /opt/cluster/programs/g16-c.01/g16/l1.exe() [0x410c4c]
  /opt/cluster/programs/g16-c.01/g16/l1.exe() [0x40d185]
  /opt/cluster/programs/g16-c.01/g16/l1.exe() [0x40cbd7]
  /opt/cluster/programs/g16-c.01/g16/l1.exe() [0x40cb24]
  /lib64/libc.so.6(__libc_start_main+0xf5) [0x2aca72a6a445]
  /opt/cluster/programs/g16-c.01/g16/l1.exe() [0x407269]
 Read checkpoint file gaussian_170_water_hf_adz.chk type Unk
 Write formatted file gaussian_170_water_hf_adz.fchk
 Will use up to     0 threads.
 Top CubeGen          Mon Feb 20 10:08:10 2023
 Aft UFChkP           Mon Feb 20 10:08:10 2023        0.07 cpu,        0.07 elapsed
 Could not find " ","Total SCF Density" on formatted checkpoint file.
 Error termination via Lnk1e at Mon Feb 20 10:08:10 2023.
Error: segmentation violation
   rax 0000000000000000, rbx 00000000058b0be0, rcx ffffffffffffffff
   rdx 0000000000025a37, rsp 00007ffd3efd4b98, rbp 00007ffd3efd4bf0
   rsi 000000000000000b, rdi 0000000000025a37, r8  00002aef67aedac0
   r9  00002aef67aedac0, r10 00007ffd3efd4620, r11 0000000000000202
   r12 00000000058aeb0b, r13 000000000697d288, r14 00000000058aeec0
   r15 00007ffd3efd6e30
  /lib64/libpthread.so.0(+0xf6d0) [0x2aef67fe76d0]
  /lib64/libc.so.6(kill+0x7) [0x2aef6852c547]
  /opt/cluster/programs/g16-c.01/g16/cubegen() [0x40fe24]
  /lib64/libc.so.6(__libc_start_main+0xf5) [0x2aef68518445]
/var/spool/slurm//job7311688/slurm_script: line 57: 154167 Aborted                 $g16root/g16/cubegen 0 Density $FCKFILE $DNSFILE -2 h
 Will use up to     0 threads.
 Top CubeGen          Mon Feb 20 10:08:10 2023
 Aft UFChkP           Mon Feb 20 10:08:10 2023        0.07 cpu,        0.07 elapsed
 Could not find " ","Total SCF Density" on formatted checkpoint file.
 Error termination via Lnk1e at Mon Feb 20 10:08:10 2023.
Error: segmentation violation
   rax 0000000000000000, rbx 00000000058b0be0, rcx ffffffffffffffff
   rdx 0000000000025a66, rsp 00007ffc0c359178, rbp 00007ffc0c3591d0
   rsi 000000000000000b, rdi 0000000000025a66, r8  00002b98890b5ac0
   r9  00002b98890b5ac0, r10 00007ffc0c358be0, r11 0000000000000206
   r12 00000000058aeb0b, r13 000000000697d288, r14 00000000058aeec0
   r15 00007ffc0c35b410
  /lib64/libpthread.so.0(+0xf6d0) [0x2b98895af6d0]
  /lib64/libc.so.6(kill+0x7) [0x2b9889af4547]
  /opt/cluster/programs/g16-c.01/g16/cubegen() [0x40fe24]
  /lib64/libc.so.6(__libc_start_main+0xf5) [0x2b9889ae0445]
/var/spool/slurm//job7311688/slurm_script: line 60: 154214 Aborted                 $g16root/g16/cubegen 0 Potential $FCKFILE $ESPFILE -2 h
cp: cannot stat ‘gaussian_170_water_hf_adz_dens.cube’: No such file or directory
cp: cannot stat ‘gaussian_170_water_hf_adz_esp.cube’: No such file or directory
