node101.cluster
Error: segmentation violation
   rax 0000000000000000, rbx ffffffffffffffff, rcx ffffffffffffffff
   rdx 000000000002e248, rsp 00007ffd5f0691f8, rbp 00007ffd5f069770
   rsi 000000000000000b, rdi 000000000002e248, r8  0000000000000020
   r9  0000000000000401, r10 00007ffd5f068c60, r11 0000000000000202
   r12 00007ffd5f0697b8, r13 0000000000000000, r14 0000000000000000
   r15 00000000000003e6
  /lib64/libpthread.so.0(+0xf6d0) [0x2b9b12c446d0]
  /lib64/libc.so.6(kill+0x7) [0x2b9b13189547]
  /opt/cluster/programs/g16-c.01/g16/l1.exe() [0x4b8975]
  /opt/cluster/programs/g16-c.01/g16/l1.exe() [0x4f867a]
  /opt/cluster/programs/g16-c.01/g16/l1.exe() [0x4d56ab]
  /opt/cluster/programs/g16-c.01/g16/l1.exe() [0x41d5c6]
  /opt/cluster/programs/g16-c.01/g16/l1.exe() [0x410c4c]
  /opt/cluster/programs/g16-c.01/g16/l1.exe() [0x40d185]
  /opt/cluster/programs/g16-c.01/g16/l1.exe() [0x40cbd7]
  /opt/cluster/programs/g16-c.01/g16/l1.exe() [0x40cb24]
  /lib64/libc.so.6(__libc_start_main+0xf5) [0x2b9b13175445]
  /opt/cluster/programs/g16-c.01/g16/l1.exe() [0x407269]
 Read checkpoint file gaussian_72_water_hf_adz.chk type Unk
 Write formatted file gaussian_72_water_hf_adz.fchk
 Will use up to     0 threads.
 Top CubeGen          Mon Feb 20 10:06:38 2023
 Aft UFChkP           Mon Feb 20 10:06:38 2023        0.07 cpu,        0.07 elapsed
 Could not find " ","Total SCF Density" on formatted checkpoint file.
 Error termination via Lnk1e at Mon Feb 20 10:06:38 2023.
Error: segmentation violation
   rax 0000000000000000, rbx 00000000058b0be0, rcx ffffffffffffffff
   rdx 000000000002e25a, rsp 00007ffedd8e9dc8, rbp 00007ffedd8e9e20
   rsi 000000000000000b, rdi 000000000002e25a, r8  00002b17dd700ac0
   r9  00002b17dd700ac0, r10 00007ffedd8e9820, r11 0000000000000202
   r12 00000000058aeb0b, r13 000000000697d288, r14 00000000058aeec0
   r15 00007ffedd8ec060
  /lib64/libpthread.so.0(+0xf6d0) [0x2b17ddbfa6d0]
  /lib64/libc.so.6(kill+0x7) [0x2b17de13f547]
  /opt/cluster/programs/g16-c.01/g16/cubegen() [0x40fe24]
  /lib64/libc.so.6(__libc_start_main+0xf5) [0x2b17de12b445]
/var/spool/slurm//job7311590/slurm_script: line 57: 189018 Aborted                 $g16root/g16/cubegen 0 Density $FCKFILE $DNSFILE -2 h
 Will use up to     0 threads.
 Top CubeGen          Mon Feb 20 10:06:39 2023
 Aft UFChkP           Mon Feb 20 10:06:39 2023        0.06 cpu,        0.07 elapsed
 Could not find " ","Total SCF Density" on formatted checkpoint file.
 Error termination via Lnk1e at Mon Feb 20 10:06:39 2023.
Error: segmentation violation
   rax 0000000000000000, rbx 00000000058b0be0, rcx ffffffffffffffff
   rdx 000000000002e266, rsp 00007ffee886ccf8, rbp 00007ffee886cd50
   rsi 000000000000000b, rdi 000000000002e266, r8  00002baa31765ac0
   r9  00002baa31765ac0, r10 00007ffee886c760, r11 0000000000000202
   r12 00000000058aeb0b, r13 000000000697d288, r14 00000000058aeec0
   r15 00007ffee886ef90
  /lib64/libpthread.so.0(+0xf6d0) [0x2baa31c5f6d0]
  /lib64/libc.so.6(kill+0x7) [0x2baa321a4547]
  /opt/cluster/programs/g16-c.01/g16/cubegen() [0x40fe24]
  /lib64/libc.so.6(__libc_start_main+0xf5) [0x2baa32190445]
/var/spool/slurm//job7311590/slurm_script: line 60: 189030 Aborted                 $g16root/g16/cubegen 0 Potential $FCKFILE $ESPFILE -2 h
cp: cannot stat ‘gaussian_72_water_hf_adz_dens.cube’: No such file or directory
cp: cannot stat ‘gaussian_72_water_hf_adz_esp.cube’: No such file or directory
