node104.cluster
 Read checkpoint file gaussian_164_water_hf_adz.chk type G16
 Write formatted file gaussian_164_water_hf_adz.fchk
 FChkPn:  Coordinates translated and rotated.
 FChkPn:  Coordinates match /B/ after translation and rotation.
 Will use up to     0 threads.
 Top CubeGen          Fri Feb 17 10:04:52 2023
 Aft UFChkP           Fri Feb 17 10:04:52 2023        0.13 cpu,        0.13 elapsed
 Aft DecCub           Fri Feb 17 10:04:52 2023        0.01 cpu,        0.01 elapsed
 Aft Density          Fri Feb 17 10:04:52 2023        0.00 cpu,        0.00 elapsed
 Bef DoCube           Fri Feb 17 10:04:52 2023        0.00 cpu,        0.00 elapsed
 There are a total of       29791 grid points.
 ElSum from          density=        8.1606193208
 Aft DoCube           Fri Feb 17 10:04:52 2023        0.06 cpu,        0.07 elapsed
 Will use up to     0 threads.
 Top CubeGen          Fri Feb 17 10:04:52 2023
 Aft UFChkP           Fri Feb 17 10:04:52 2023        0.12 cpu,        0.12 elapsed
 Aft DecCub           Fri Feb 17 10:04:52 2023        0.00 cpu,        0.00 elapsed
 Aft Density          Fri Feb 17 10:04:52 2023        0.00 cpu,        0.00 elapsed
 Bef DoCube           Fri Feb 17 10:04:52 2023        0.00 cpu,        0.00 elapsed
 There are a total of       29791 grid points.
 ElSum from          density=       13.6143523756
 Aft DoCube           Fri Feb 17 10:04:52 2023        0.41 cpu,        0.40 elapsed
