node102.cluster
Error: segmentation violation
   rax 0000000000000000, rbx ffffffffffffffff, rcx ffffffffffffffff
   rdx 000000000002e138, rsp 00007fff937ed6c8, rbp 00007fff937edc40
   rsi 000000000000000b, rdi 000000000002e138, r8  0000000000000020
   r9  0000000000000401, r10 00007fff937ed120, r11 0000000000000202
   r12 00007fff937edc88, r13 0000000000000000, r14 0000000000000000
   r15 00000000000003e6
  /lib64/libpthread.so.0(+0xf6d0) [0x2b2b517bd6d0]
  /lib64/libc.so.6(kill+0x7) [0x2b2b51d02547]
  /opt/cluster/programs/g16-c.01/g16/l1.exe() [0x4b8975]
  /opt/cluster/programs/g16-c.01/g16/l1.exe() [0x4f867a]
  /opt/cluster/programs/g16-c.01/g16/l1.exe() [0x4d56ab]
  /opt/cluster/programs/g16-c.01/g16/l1.exe() [0x41d5c6]
  /opt/cluster/programs/g16-c.01/g16/l1.exe() [0x410c4c]
  /opt/cluster/programs/g16-c.01/g16/l1.exe() [0x40d185]
  /opt/cluster/programs/g16-c.01/g16/l1.exe() [0x40cbd7]
  /opt/cluster/programs/g16-c.01/g16/l1.exe() [0x40cb24]
  /lib64/libc.so.6(__libc_start_main+0xf5) [0x2b2b51cee445]
  /opt/cluster/programs/g16-c.01/g16/l1.exe() [0x407269]
 Read checkpoint file gaussian_10_water_hf_adz2.chk type Unk
 Write formatted file gaussian_10_water_hf_adz2.fchk
 Will use up to     0 threads.
 Top CubeGen          Mon Feb 20 10:09:05 2023
 Aft UFChkP           Mon Feb 20 10:09:05 2023        0.06 cpu,        0.07 elapsed
 Could not find " ","Total SCF Density" on formatted checkpoint file.
 Error termination via Lnk1e at Mon Feb 20 10:09:05 2023.
Error: segmentation violation
   rax 0000000000000000, rbx 00000000058b0be0, rcx ffffffffffffffff
   rdx 000000000002e14a, rsp 00007ffea2798638, rbp 00007ffea2798690
   rsi 000000000000000b, rdi 000000000002e14a, r8  00002b775041eac0
   r9  00002b775041eac0, r10 00007ffea27980a0, r11 0000000000000202
   r12 00000000058aeb0b, r13 000000000697d288, r14 00000000058aeec0
   r15 00007ffea279a8d0
  /lib64/libpthread.so.0(+0xf6d0) [0x2b77509186d0]
  /lib64/libc.so.6(kill+0x7) [0x2b7750e5d547]
  /opt/cluster/programs/g16-c.01/g16/cubegen() [0x40fe24]
  /lib64/libc.so.6(__libc_start_main+0xf5) [0x2b7750e49445]
/var/spool/slurm//job7311708/slurm_script: line 57: 188746 Aborted                 $g16root/g16/cubegen 0 Density $FCKFILE $DNSFILE -2 h
 Will use up to     0 threads.
 Top CubeGen          Mon Feb 20 10:09:05 2023
 Aft UFChkP           Mon Feb 20 10:09:05 2023        0.07 cpu,        0.07 elapsed
 Could not find " ","Total SCF Density" on formatted checkpoint file.
 Error termination via Lnk1e at Mon Feb 20 10:09:05 2023.
Error: segmentation violation
   rax 0000000000000000, rbx 00000000058b0be0, rcx ffffffffffffffff
   rdx 000000000002e156, rsp 00007fff348bc4a8, rbp 00007fff348bc500
   rsi 000000000000000b, rdi 000000000002e156, r8  00002b497f5a0ac0
   r9  00002b497f5a0ac0, r10 00007fff348bbf20, r11 0000000000000202
   r12 00000000058aeb0b, r13 000000000697d288, r14 00000000058aeec0
   r15 00007fff348be740
  /lib64/libpthread.so.0(+0xf6d0) [0x2b497fa9a6d0]
  /lib64/libc.so.6(kill+0x7) [0x2b497ffdf547]
  /opt/cluster/programs/g16-c.01/g16/cubegen() [0x40fe24]
  /lib64/libc.so.6(__libc_start_main+0xf5) [0x2b497ffcb445]
/var/spool/slurm//job7311708/slurm_script: line 60: 188758 Aborted                 $g16root/g16/cubegen 0 Potential $FCKFILE $ESPFILE -2 h
cp: cannot stat ‘gaussian_10_water_hf_adz2_dens.cube’: No such file or directory
cp: cannot stat ‘gaussian_10_water_hf_adz2_esp.cube’: No such file or directory
