node106.cluster
Error: segmentation violation
   rax 0000000000000000, rbx ffffffffffffffff, rcx ffffffffffffffff
   rdx 00000000000258fc, rsp 00007ffc1b9f9338, rbp 00007ffc1b9f98b0
   rsi 000000000000000b, rdi 00000000000258fc, r8  0000000000000020
   r9  0000000000000401, r10 00007ffc1b9f8da0, r11 0000000000000202
   r12 00007ffc1b9f98f8, r13 0000000000000000, r14 0000000000000000
   r15 00000000000003e6
  /lib64/libpthread.so.0(+0xf6d0) [0x2b43aac506d0]
  /lib64/libc.so.6(kill+0x7) [0x2b43ab195547]
  /opt/cluster/programs/g16-c.01/g16/l1.exe() [0x4b8975]
  /opt/cluster/programs/g16-c.01/g16/l1.exe() [0x4f867a]
  /opt/cluster/programs/g16-c.01/g16/l1.exe() [0x4d56ab]
  /opt/cluster/programs/g16-c.01/g16/l1.exe() [0x41d5c6]
  /opt/cluster/programs/g16-c.01/g16/l1.exe() [0x410c4c]
  /opt/cluster/programs/g16-c.01/g16/l1.exe() [0x40d185]
  /opt/cluster/programs/g16-c.01/g16/l1.exe() [0x40cbd7]
  /opt/cluster/programs/g16-c.01/g16/l1.exe() [0x40cb24]
  /lib64/libc.so.6(__libc_start_main+0xf5) [0x2b43ab181445]
  /opt/cluster/programs/g16-c.01/g16/l1.exe() [0x407269]
 Read checkpoint file gaussian_160_water_hf_adz.chk type Unk
 Write formatted file gaussian_160_water_hf_adz.fchk
 Will use up to     0 threads.
 Top CubeGen          Mon Feb 20 10:08:00 2023
 Aft UFChkP           Mon Feb 20 10:08:00 2023        0.06 cpu,        0.07 elapsed
 Could not find " ","Total SCF Density" on formatted checkpoint file.
 Error termination via Lnk1e at Mon Feb 20 10:08:00 2023.
Error: segmentation violation
   rax 0000000000000000, rbx 00000000058b0be0, rcx ffffffffffffffff
   rdx 000000000002593b, rsp 00007ffcde26a2b8, rbp 00007ffcde26a310
   rsi 000000000000000b, rdi 000000000002593b, r8  00002b42eb972ac0
   r9  00002b42eb972ac0, r10 00007ffcde269d20, r11 0000000000000206
   r12 00000000058aeb0b, r13 000000000697d288, r14 00000000058aeec0
   r15 00007ffcde26c550
  /lib64/libpthread.so.0(+0xf6d0) [0x2b42ebe6c6d0]
  /lib64/libc.so.6(kill+0x7) [0x2b42ec3b1547]
  /opt/cluster/programs/g16-c.01/g16/cubegen() [0x40fe24]
  /lib64/libc.so.6(__libc_start_main+0xf5) [0x2b42ec39d445]
/var/spool/slurm//job7311678/slurm_script: line 57: 153915 Aborted                 $g16root/g16/cubegen 0 Density $FCKFILE $DNSFILE -2 h
 Will use up to     0 threads.
 Top CubeGen          Mon Feb 20 10:08:00 2023
 Aft UFChkP           Mon Feb 20 10:08:00 2023        0.07 cpu,        0.07 elapsed
 Could not find " ","Total SCF Density" on formatted checkpoint file.
 Error termination via Lnk1e at Mon Feb 20 10:08:00 2023.
Error: segmentation violation
   rax 0000000000000000, rbx 00000000058b0be0, rcx ffffffffffffffff
   rdx 000000000002596b, rsp 00007ffe249eb828, rbp 00007ffe249eb880
   rsi 000000000000000b, rdi 000000000002596b, r8  00002aaf4337bac0
   r9  00002aaf4337bac0, r10 00007ffe249eb2a0, r11 0000000000000206
   r12 00000000058aeb0b, r13 000000000697d288, r14 00000000058aeec0
   r15 00007ffe249edac0
  /lib64/libpthread.so.0(+0xf6d0) [0x2aaf438756d0]
  /lib64/libc.so.6(kill+0x7) [0x2aaf43dba547]
  /opt/cluster/programs/g16-c.01/g16/cubegen() [0x40fe24]
  /lib64/libc.so.6(__libc_start_main+0xf5) [0x2aaf43da6445]
/var/spool/slurm//job7311678/slurm_script: line 60: 153963 Aborted                 $g16root/g16/cubegen 0 Potential $FCKFILE $ESPFILE -2 h
cp: cannot stat ‘gaussian_160_water_hf_adz_dens.cube’: No such file or directory
cp: cannot stat ‘gaussian_160_water_hf_adz_esp.cube’: No such file or directory
