node106.cluster
Error: segmentation violation
   rax 0000000000000000, rbx ffffffffffffffff, rcx ffffffffffffffff
   rdx 0000000000025eb5, rsp 00007ffc431271e8, rbp 00007ffc43127760
   rsi 000000000000000b, rdi 0000000000025eb5, r8  0000000000000020
   r9  0000000000000401, r10 00007ffc43126c60, r11 0000000000000206
   r12 00007ffc431277a8, r13 0000000000000000, r14 0000000000000000
   r15 00000000000003e6
  /lib64/libpthread.so.0(+0xf6d0) [0x2aba3db866d0]
  /lib64/libc.so.6(kill+0x7) [0x2aba3e0cb547]
  /opt/cluster/programs/g16-c.01/g16/l1.exe() [0x4b8975]
  /opt/cluster/programs/g16-c.01/g16/l1.exe() [0x4f867a]
  /opt/cluster/programs/g16-c.01/g16/l1.exe() [0x4d56ab]
  /opt/cluster/programs/g16-c.01/g16/l1.exe() [0x41d5c6]
  /opt/cluster/programs/g16-c.01/g16/l1.exe() [0x410c4c]
  /opt/cluster/programs/g16-c.01/g16/l1.exe() [0x40d185]
  /opt/cluster/programs/g16-c.01/g16/l1.exe() [0x40cbd7]
  /opt/cluster/programs/g16-c.01/g16/l1.exe() [0x40cb24]
  /lib64/libc.so.6(__libc_start_main+0xf5) [0x2aba3e0b7445]
  /opt/cluster/programs/g16-c.01/g16/l1.exe() [0x407269]
 Read checkpoint file gaussian_39_water_hf_adz2.chk type Unk
 Write formatted file gaussian_39_water_hf_adz2.fchk
 Will use up to     0 threads.
 Top CubeGen          Mon Feb 20 10:09:25 2023
 Aft UFChkP           Mon Feb 20 10:09:25 2023        0.07 cpu,        0.07 elapsed
 Could not find " ","Total SCF Density" on formatted checkpoint file.
 Error termination via Lnk1e at Mon Feb 20 10:09:25 2023.
Error: segmentation violation
   rax 0000000000000000, rbx 00000000058b0be0, rcx ffffffffffffffff
   rdx 0000000000025ef3, rsp 00007ffcced73228, rbp 00007ffcced73280
   rsi 000000000000000b, rdi 0000000000025ef3, r8  00002b05e0936ac0
   r9  00002b05e0936ac0, r10 00007ffcced72ca0, r11 0000000000000206
   r12 00000000058aeb0b, r13 000000000697d288, r14 00000000058aeec0
   r15 00007ffcced754c0
  /lib64/libpthread.so.0(+0xf6d0) [0x2b05e0e306d0]
  /lib64/libc.so.6(kill+0x7) [0x2b05e1375547]
  /opt/cluster/programs/g16-c.01/g16/cubegen() [0x40fe24]
  /lib64/libc.so.6(__libc_start_main+0xf5) [0x2b05e1361445]
/var/spool/slurm//job7311737/slurm_script: line 57: 155379 Aborted                 $g16root/g16/cubegen 0 Density $FCKFILE $DNSFILE -2 h
 Will use up to     0 threads.
 Top CubeGen          Mon Feb 20 10:09:25 2023
 Aft UFChkP           Mon Feb 20 10:09:25 2023        0.06 cpu,        0.07 elapsed
 Could not find " ","Total SCF Density" on formatted checkpoint file.
 Error termination via Lnk1e at Mon Feb 20 10:09:25 2023.
Error: segmentation violation
   rax 0000000000000000, rbx 00000000058b0be0, rcx ffffffffffffffff
   rdx 0000000000025f23, rsp 00007fff785f2218, rbp 00007fff785f2270
   rsi 000000000000000b, rdi 0000000000025f23, r8  00002b2925fb5ac0
   r9  00002b2925fb5ac0, r10 00007fff785f1ca0, r11 0000000000000206
   r12 00000000058aeb0b, r13 000000000697d288, r14 00000000058aeec0
   r15 00007fff785f44b0
  /lib64/libpthread.so.0(+0xf6d0) [0x2b29264af6d0]
  /lib64/libc.so.6(kill+0x7) [0x2b29269f4547]
  /opt/cluster/programs/g16-c.01/g16/cubegen() [0x40fe24]
  /lib64/libc.so.6(__libc_start_main+0xf5) [0x2b29269e0445]
/var/spool/slurm//job7311737/slurm_script: line 60: 155427 Aborted                 $g16root/g16/cubegen 0 Potential $FCKFILE $ESPFILE -2 h
cp: cannot stat ‘gaussian_39_water_hf_adz2_dens.cube’: No such file or directory
cp: cannot stat ‘gaussian_39_water_hf_adz2_esp.cube’: No such file or directory
