node105.cluster
Error: segmentation violation
   rax 0000000000000000, rbx ffffffffffffffff, rcx ffffffffffffffff
   rdx 000000000002aaaf, rsp 00007fff0b4de648, rbp 00007fff0b4debc0
   rsi 000000000000000b, rdi 000000000002aaaf, r8  0000000000000020
   r9  0000000000000401, r10 00007fff0b4de0a0, r11 0000000000000206
   r12 00007fff0b4dec08, r13 0000000000000000, r14 0000000000000000
   r15 00000000000003e6
  /lib64/libpthread.so.0(+0xf6d0) [0x2abb91b616d0]
  /lib64/libc.so.6(kill+0x7) [0x2abb920a6547]
  /opt/cluster/programs/g16-c.01/g16/l1.exe() [0x4b8975]
  /opt/cluster/programs/g16-c.01/g16/l1.exe() [0x4f867a]
  /opt/cluster/programs/g16-c.01/g16/l1.exe() [0x4d56ab]
  /opt/cluster/programs/g16-c.01/g16/l1.exe() [0x41d5c6]
  /opt/cluster/programs/g16-c.01/g16/l1.exe() [0x410c4c]
  /opt/cluster/programs/g16-c.01/g16/l1.exe() [0x40d185]
  /opt/cluster/programs/g16-c.01/g16/l1.exe() [0x40cbd7]
  /opt/cluster/programs/g16-c.01/g16/l1.exe() [0x40cb24]
  /lib64/libc.so.6(__libc_start_main+0xf5) [0x2abb92092445]
  /opt/cluster/programs/g16-c.01/g16/l1.exe() [0x407269]
 Read checkpoint file gaussian_136_water_hf_adz.chk type Unk
 Write formatted file gaussian_136_water_hf_adz.fchk
 Will use up to     0 threads.
 Top CubeGen          Mon Feb 20 10:07:39 2023
 Aft UFChkP           Mon Feb 20 10:07:39 2023        0.07 cpu,        0.07 elapsed
 Could not find " ","Total SCF Density" on formatted checkpoint file.
 Error termination via Lnk1e at Mon Feb 20 10:07:39 2023.
Error: segmentation violation
   rax 0000000000000000, rbx 00000000058b0be0, rcx ffffffffffffffff
   rdx 000000000002aaef, rsp 00007ffc64ba0328, rbp 00007ffc64ba0380
   rsi 000000000000000b, rdi 000000000002aaef, r8  00002ad3336caac0
   r9  00002ad3336caac0, r10 00007ffc64b9fda0, r11 0000000000000206
   r12 00000000058aeb0b, r13 000000000697d288, r14 00000000058aeec0
   r15 00007ffc64ba25c0
  /lib64/libpthread.so.0(+0xf6d0) [0x2ad333bc46d0]
  /lib64/libc.so.6(kill+0x7) [0x2ad334109547]
  /opt/cluster/programs/g16-c.01/g16/cubegen() [0x40fe24]
  /lib64/libc.so.6(__libc_start_main+0xf5) [0x2ad3340f5445]
/var/spool/slurm//job7311654/slurm_script: line 57: 174831 Aborted                 $g16root/g16/cubegen 0 Density $FCKFILE $DNSFILE -2 h
 Will use up to     0 threads.
 Top CubeGen          Mon Feb 20 10:07:39 2023
 Aft UFChkP           Mon Feb 20 10:07:40 2023        0.07 cpu,        0.08 elapsed
 Could not find " ","Total SCF Density" on formatted checkpoint file.
 Error termination via Lnk1e at Mon Feb 20 10:07:40 2023.
Error: segmentation violation
   rax 0000000000000000, rbx 00000000058b0be0, rcx ffffffffffffffff
   rdx 000000000002ab1f, rsp 00007ffd7aaa57f8, rbp 00007ffd7aaa5850
   rsi 000000000000000b, rdi 000000000002ab1f, r8  00002b1ab3c50ac0
   r9  00002b1ab3c50ac0, r10 00007ffd7aaa5260, r11 0000000000000202
   r12 00000000058aeb0b, r13 000000000697d288, r14 00000000058aeec0
   r15 00007ffd7aaa7a90
  /lib64/libpthread.so.0(+0xf6d0) [0x2b1ab414a6d0]
  /lib64/libc.so.6(kill+0x7) [0x2b1ab468f547]
  /opt/cluster/programs/g16-c.01/g16/cubegen() [0x40fe24]
  /lib64/libc.so.6(__libc_start_main+0xf5) [0x2b1ab467b445]
/var/spool/slurm//job7311654/slurm_script: line 60: 174879 Aborted                 $g16root/g16/cubegen 0 Potential $FCKFILE $ESPFILE -2 h
cp: cannot stat ‘gaussian_136_water_hf_adz_dens.cube’: No such file or directory
cp: cannot stat ‘gaussian_136_water_hf_adz_esp.cube’: No such file or directory
