node105.cluster
Error: segmentation violation
   rax 0000000000000000, rbx ffffffffffffffff, rcx ffffffffffffffff
   rdx 000000000002a4b7, rsp 00007fff835c63d8, rbp 00007fff835c6950
   rsi 000000000000000b, rdi 000000000002a4b7, r8  0000000000000020
   r9  0000000000000401, r10 00007fff835c5e60, r11 0000000000000206
   r12 00007fff835c6998, r13 0000000000000000, r14 0000000000000000
   r15 00000000000003e6
  /lib64/libpthread.so.0(+0xf6d0) [0x2b8a82d9f6d0]
  /lib64/libc.so.6(kill+0x7) [0x2b8a832e4547]
  /opt/cluster/programs/g16-c.01/g16/l1.exe() [0x4b8975]
  /opt/cluster/programs/g16-c.01/g16/l1.exe() [0x4f867a]
  /opt/cluster/programs/g16-c.01/g16/l1.exe() [0x4d56ab]
  /opt/cluster/programs/g16-c.01/g16/l1.exe() [0x41d5c6]
  /opt/cluster/programs/g16-c.01/g16/l1.exe() [0x410c4c]
  /opt/cluster/programs/g16-c.01/g16/l1.exe() [0x40d185]
  /opt/cluster/programs/g16-c.01/g16/l1.exe() [0x40cbd7]
  /opt/cluster/programs/g16-c.01/g16/l1.exe() [0x40cb24]
  /lib64/libc.so.6(__libc_start_main+0xf5) [0x2b8a832d0445]
  /opt/cluster/programs/g16-c.01/g16/l1.exe() [0x407269]
 Read checkpoint file gaussian_75_water_hf_adz.chk type Unk
 Write formatted file gaussian_75_water_hf_adz.fchk
 Will use up to     0 threads.
 Top CubeGen          Mon Feb 20 10:06:38 2023
 Aft UFChkP           Mon Feb 20 10:06:38 2023        0.07 cpu,        0.07 elapsed
 Could not find " ","Total SCF Density" on formatted checkpoint file.
 Error termination via Lnk1e at Mon Feb 20 10:06:38 2023.
Error: segmentation violation
   rax 0000000000000000, rbx 00000000058b0be0, rcx ffffffffffffffff
   rdx 000000000002a502, rsp 00007fff27bbfd88, rbp 00007fff27bbfde0
   rsi 000000000000000b, rdi 000000000002a502, r8  00002b98a35ebac0
   r9  00002b98a35ebac0, r10 00007fff27bbf7e0, r11 0000000000000206
   r12 00000000058aeb0b, r13 000000000697d288, r14 00000000058aeec0
   r15 00007fff27bc2020
  /lib64/libpthread.so.0(+0xf6d0) [0x2b98a3ae56d0]
  /lib64/libc.so.6(kill+0x7) [0x2b98a402a547]
  /opt/cluster/programs/g16-c.01/g16/cubegen() [0x40fe24]
  /lib64/libc.so.6(__libc_start_main+0xf5) [0x2b98a4016445]
/var/spool/slurm//job7311593/slurm_script: line 57: 173314 Aborted                 $g16root/g16/cubegen 0 Density $FCKFILE $DNSFILE -2 h
 Will use up to     0 threads.
 Top CubeGen          Mon Feb 20 10:06:39 2023
 Aft UFChkP           Mon Feb 20 10:06:39 2023        0.07 cpu,        0.07 elapsed
 Could not find " ","Total SCF Density" on formatted checkpoint file.
 Error termination via Lnk1e at Mon Feb 20 10:06:39 2023.
Error: segmentation violation
   rax 0000000000000000, rbx 00000000058b0be0, rcx ffffffffffffffff
   rdx 000000000002a530, rsp 00007ffd78cce7b8, rbp 00007ffd78cce810
   rsi 000000000000000b, rdi 000000000002a530, r8  00002b29f402cac0
   r9  00002b29f402cac0, r10 00007ffd78cce220, r11 0000000000000206
   r12 00000000058aeb0b, r13 000000000697d288, r14 00000000058aeec0
   r15 00007ffd78cd0a50
  /lib64/libpthread.so.0(+0xf6d0) [0x2b29f45266d0]
  /lib64/libc.so.6(kill+0x7) [0x2b29f4a6b547]
  /opt/cluster/programs/g16-c.01/g16/cubegen() [0x40fe24]
  /lib64/libc.so.6(__libc_start_main+0xf5) [0x2b29f4a57445]
/var/spool/slurm//job7311593/slurm_script: line 60: 173360 Aborted                 $g16root/g16/cubegen 0 Potential $FCKFILE $ESPFILE -2 h
cp: cannot stat ‘gaussian_75_water_hf_adz_dens.cube’: No such file or directory
cp: cannot stat ‘gaussian_75_water_hf_adz_esp.cube’: No such file or directory
