node58.cluster
 Read checkpoint file gaussian_48_water_ccsdt_adz.chk type G16
 Write formatted file gaussian_48_water_ccsdt_adz.fchk
 FChkPn:  Coordinates translated and rotated.
 FChkPn:  Coordinates match /B/ after translation and rotation.
 Will use up to     0 threads.
 Top CubeGen          Wed Feb  8 14:48:03 2023
 Aft UFChkP           Wed Feb  8 14:48:03 2023        0.13 cpu,        0.13 elapsed
 Aft DecCub           Wed Feb  8 14:48:03 2023        0.00 cpu,        0.01 elapsed
 Aft Density          Wed Feb  8 14:48:03 2023        0.00 cpu,        0.00 elapsed
 Bef DoCube           Wed Feb  8 14:48:03 2023        0.00 cpu,        0.00 elapsed
 There are a total of       29791 grid points.
 ElSum from          density=        8.1594277010
 Aft DoCube           Wed Feb  8 14:48:03 2023        0.08 cpu,        0.08 elapsed
 Will use up to     0 threads.
 Top CubeGen          Wed Feb  8 14:48:03 2023
 Aft UFChkP           Wed Feb  8 14:48:03 2023        0.11 cpu,        0.12 elapsed
 Aft DecCub           Wed Feb  8 14:48:03 2023        0.00 cpu,        0.00 elapsed
 Aft Density          Wed Feb  8 14:48:03 2023        0.00 cpu,        0.00 elapsed
 Bef DoCube           Wed Feb  8 14:48:03 2023        0.00 cpu,        0.00 elapsed
 There are a total of       29791 grid points.
 ElSum from          density=       13.6128316088
 Aft DoCube           Wed Feb  8 14:48:04 2023        0.39 cpu,        0.38 elapsed
