node106.cluster
Error: segmentation violation
   rax 0000000000000000, rbx ffffffffffffffff, rcx ffffffffffffffff
   rdx 0000000000026384, rsp 00007ffd3bb39408, rbp 00007ffd3bb39980
   rsi 000000000000000b, rdi 0000000000026384, r8  0000000000000020
   r9  0000000000000401, r10 00007ffd3bb38e60, r11 0000000000000202
   r12 00007ffd3bb399c8, r13 0000000000000000, r14 0000000000000000
   r15 00000000000003e6
  /lib64/libpthread.so.0(+0xf6d0) [0x2b4fbd8e96d0]
  /lib64/libc.so.6(kill+0x7) [0x2b4fbde2e547]
  /opt/cluster/programs/g16-c.01/g16/l1.exe() [0x4b8975]
  /opt/cluster/programs/g16-c.01/g16/l1.exe() [0x4f867a]
  /opt/cluster/programs/g16-c.01/g16/l1.exe() [0x4d56ab]
  /opt/cluster/programs/g16-c.01/g16/l1.exe() [0x41d5c6]
  /opt/cluster/programs/g16-c.01/g16/l1.exe() [0x410c4c]
  /opt/cluster/programs/g16-c.01/g16/l1.exe() [0x40d185]
  /opt/cluster/programs/g16-c.01/g16/l1.exe() [0x40cbd7]
  /opt/cluster/programs/g16-c.01/g16/l1.exe() [0x40cb24]
  /lib64/libc.so.6(__libc_start_main+0xf5) [0x2b4fbde1a445]
  /opt/cluster/programs/g16-c.01/g16/l1.exe() [0x407269]
 Read checkpoint file gaussian_87_water_hf_adz2.chk type Unk
 Write formatted file gaussian_87_water_hf_adz2.fchk
 Will use up to     0 threads.
 Top CubeGen          Mon Feb 20 10:10:16 2023
 Aft UFChkP           Mon Feb 20 10:10:16 2023        0.07 cpu,        0.07 elapsed
 Could not find " ","Total SCF Density" on formatted checkpoint file.
 Error termination via Lnk1e at Mon Feb 20 10:10:16 2023.
Error: segmentation violation
   rax 0000000000000000, rbx 00000000058b0be0, rcx ffffffffffffffff
   rdx 00000000000263e4, rsp 00007ffc43b13c58, rbp 00007ffc43b13cb0
   rsi 000000000000000b, rdi 00000000000263e4, r8  00002b7d23c3dac0
   r9  00002b7d23c3dac0, r10 00007ffc43b136e0, r11 0000000000000202
   r12 00000000058aeb0b, r13 000000000697d288, r14 00000000058aeec0
   r15 00007ffc43b15ef0
  /lib64/libpthread.so.0(+0xf6d0) [0x2b7d241376d0]
  /lib64/libc.so.6(kill+0x7) [0x2b7d2467c547]
  /opt/cluster/programs/g16-c.01/g16/cubegen() [0x40fe24]
  /lib64/libc.so.6(__libc_start_main+0xf5) [0x2b7d24668445]
/var/spool/slurm//job7311785/slurm_script: line 57: 156644 Aborted                 $g16root/g16/cubegen 0 Density $FCKFILE $DNSFILE -2 h
 Will use up to     0 threads.
 Top CubeGen          Mon Feb 20 10:10:17 2023
 Aft UFChkP           Mon Feb 20 10:10:17 2023        0.07 cpu,        0.07 elapsed
 Could not find " ","Total SCF Density" on formatted checkpoint file.
 Error termination via Lnk1e at Mon Feb 20 10:10:17 2023.
Error: segmentation violation
   rax 0000000000000000, rbx 00000000058b0be0, rcx ffffffffffffffff
   rdx 0000000000026411, rsp 00007ffea20dccd8, rbp 00007ffea20dcd30
   rsi 000000000000000b, rdi 0000000000026411, r8  00002ba3529bdac0
   r9  00002ba3529bdac0, r10 00007ffea20dc760, r11 0000000000000206
   r12 00000000058aeb0b, r13 000000000697d288, r14 00000000058aeec0
   r15 00007ffea20def70
  /lib64/libpthread.so.0(+0xf6d0) [0x2ba352eb76d0]
  /lib64/libc.so.6(kill+0x7) [0x2ba3533fc547]
  /opt/cluster/programs/g16-c.01/g16/cubegen() [0x40fe24]
  /lib64/libc.so.6(__libc_start_main+0xf5) [0x2ba3533e8445]
/var/spool/slurm//job7311785/slurm_script: line 60: 156689 Aborted                 $g16root/g16/cubegen 0 Potential $FCKFILE $ESPFILE -2 h
cp: cannot stat ‘gaussian_87_water_hf_adz2_dens.cube’: No such file or directory
cp: cannot stat ‘gaussian_87_water_hf_adz2_esp.cube’: No such file or directory
