node105.cluster
Error: segmentation violation
   rax 0000000000000000, rbx ffffffffffffffff, rcx ffffffffffffffff
   rdx 000000000002b27f, rsp 00007fffdcab3d38, rbp 00007fffdcab42b0
   rsi 000000000000000b, rdi 000000000002b27f, r8  0000000000000020
   r9  0000000000000401, r10 00007fffdcab37a0, r11 0000000000000202
   r12 00007fffdcab42f8, r13 0000000000000000, r14 0000000000000000
   r15 00000000000003e6
  /lib64/libpthread.so.0(+0xf6d0) [0x2b6f98bc26d0]
  /lib64/libc.so.6(kill+0x7) [0x2b6f99107547]
  /opt/cluster/programs/g16-c.01/g16/l1.exe() [0x4b8975]
  /opt/cluster/programs/g16-c.01/g16/l1.exe() [0x4f867a]
  /opt/cluster/programs/g16-c.01/g16/l1.exe() [0x4d56ab]
  /opt/cluster/programs/g16-c.01/g16/l1.exe() [0x41d5c6]
  /opt/cluster/programs/g16-c.01/g16/l1.exe() [0x410c4c]
  /opt/cluster/programs/g16-c.01/g16/l1.exe() [0x40d185]
  /opt/cluster/programs/g16-c.01/g16/l1.exe() [0x40cbd7]
  /opt/cluster/programs/g16-c.01/g16/l1.exe() [0x40cb24]
  /lib64/libc.so.6(__libc_start_main+0xf5) [0x2b6f990f3445]
  /opt/cluster/programs/g16-c.01/g16/l1.exe() [0x407269]
 Read checkpoint file gaussian_32_water_hf_adz2.chk type Unk
 Write formatted file gaussian_32_water_hf_adz2.fchk
 Will use up to     0 threads.
 Top CubeGen          Mon Feb 20 10:09:25 2023
 Aft UFChkP           Mon Feb 20 10:09:25 2023        0.07 cpu,        0.07 elapsed
 Could not find " ","Total SCF Density" on formatted checkpoint file.
 Error termination via Lnk1e at Mon Feb 20 10:09:25 2023.
Error: segmentation violation
   rax 0000000000000000, rbx 00000000058b0be0, rcx ffffffffffffffff
   rdx 000000000002b2d9, rsp 00007ffd01968718, rbp 00007ffd01968770
   rsi 000000000000000b, rdi 000000000002b2d9, r8  00002ac9a4af4ac0
   r9  00002ac9a4af4ac0, r10 00007ffd019681a0, r11 0000000000000206
   r12 00000000058aeb0b, r13 000000000697d288, r14 00000000058aeec0
   r15 00007ffd0196a9b0
  /lib64/libpthread.so.0(+0xf6d0) [0x2ac9a4fee6d0]
  /lib64/libc.so.6(kill+0x7) [0x2ac9a5533547]
  /opt/cluster/programs/g16-c.01/g16/cubegen() [0x40fe24]
  /lib64/libc.so.6(__libc_start_main+0xf5) [0x2ac9a551f445]
/var/spool/slurm//job7311730/slurm_script: line 57: 176857 Aborted                 $g16root/g16/cubegen 0 Density $FCKFILE $DNSFILE -2 h
 Will use up to     0 threads.
 Top CubeGen          Mon Feb 20 10:09:25 2023
 Aft UFChkP           Mon Feb 20 10:09:25 2023        0.07 cpu,        0.07 elapsed
 Could not find " ","Total SCF Density" on formatted checkpoint file.
 Error termination via Lnk1e at Mon Feb 20 10:09:25 2023.
Error: segmentation violation
   rax 0000000000000000, rbx 00000000058b0be0, rcx ffffffffffffffff
   rdx 000000000002b307, rsp 00007fff446caf38, rbp 00007fff446caf90
   rsi 000000000000000b, rdi 000000000002b307, r8  00002b99a8e17ac0
   r9  00002b99a8e17ac0, r10 00007fff446ca9a0, r11 0000000000000202
   r12 00000000058aeb0b, r13 000000000697d288, r14 00000000058aeec0
   r15 00007fff446cd1d0
  /lib64/libpthread.so.0(+0xf6d0) [0x2b99a93116d0]
  /lib64/libc.so.6(kill+0x7) [0x2b99a9856547]
  /opt/cluster/programs/g16-c.01/g16/cubegen() [0x40fe24]
  /lib64/libc.so.6(__libc_start_main+0xf5) [0x2b99a9842445]
/var/spool/slurm//job7311730/slurm_script: line 60: 176903 Aborted                 $g16root/g16/cubegen 0 Potential $FCKFILE $ESPFILE -2 h
cp: cannot stat ‘gaussian_32_water_hf_adz2_dens.cube’: No such file or directory
cp: cannot stat ‘gaussian_32_water_hf_adz2_esp.cube’: No such file or directory
