node106.cluster
Error: segmentation violation
   rax 0000000000000000, rbx ffffffffffffffff, rcx ffffffffffffffff
   rdx 0000000000024e40, rsp 00007ffe65e2c708, rbp 00007ffe65e2cc80
   rsi 000000000000000b, rdi 0000000000024e40, r8  0000000000000020
   r9  0000000000000401, r10 00007ffe65e2c160, r11 0000000000000202
   r12 00007ffe65e2ccc8, r13 0000000000000000, r14 0000000000000000
   r15 00000000000003e6
  /lib64/libpthread.so.0(+0xf6d0) [0x2b354b3a76d0]
  /lib64/libc.so.6(kill+0x7) [0x2b354b8ec547]
  /opt/cluster/programs/g16-c.01/g16/l1.exe() [0x4b8975]
  /opt/cluster/programs/g16-c.01/g16/l1.exe() [0x4f867a]
  /opt/cluster/programs/g16-c.01/g16/l1.exe() [0x4d56ab]
  /opt/cluster/programs/g16-c.01/g16/l1.exe() [0x41d5c6]
  /opt/cluster/programs/g16-c.01/g16/l1.exe() [0x410c4c]
  /opt/cluster/programs/g16-c.01/g16/l1.exe() [0x40d185]
  /opt/cluster/programs/g16-c.01/g16/l1.exe() [0x40cbd7]
  /opt/cluster/programs/g16-c.01/g16/l1.exe() [0x40cb24]
  /lib64/libc.so.6(__libc_start_main+0xf5) [0x2b354b8d8445]
  /opt/cluster/programs/g16-c.01/g16/l1.exe() [0x407269]
 Read checkpoint file gaussian_48_water_hf_adz.chk type Unk
 Write formatted file gaussian_48_water_hf_adz.fchk
 Will use up to     0 threads.
 Top CubeGen          Mon Feb 20 10:06:09 2023
 Aft UFChkP           Mon Feb 20 10:06:09 2023        0.07 cpu,        0.07 elapsed
 Could not find " ","Total SCF Density" on formatted checkpoint file.
 Error termination via Lnk1e at Mon Feb 20 10:06:09 2023.
Error: segmentation violation
   rax 0000000000000000, rbx 00000000058b0be0, rcx ffffffffffffffff
   rdx 0000000000024e8c, rsp 00007ffec32e4b48, rbp 00007ffec32e4ba0
   rsi 000000000000000b, rdi 0000000000024e8c, r8  00002b097bac9ac0
   r9  00002b097bac9ac0, r10 00007ffec32e45a0, r11 0000000000000206
   r12 00000000058aeb0b, r13 000000000697d288, r14 00000000058aeec0
   r15 00007ffec32e6de0
  /lib64/libpthread.so.0(+0xf6d0) [0x2b097bfc36d0]
  /lib64/libc.so.6(kill+0x7) [0x2b097c508547]
  /opt/cluster/programs/g16-c.01/g16/cubegen() [0x40fe24]
  /lib64/libc.so.6(__libc_start_main+0xf5) [0x2b097c4f4445]
/var/spool/slurm//job7311566/slurm_script: line 57: 151180 Aborted                 $g16root/g16/cubegen 0 Density $FCKFILE $DNSFILE -2 h
 Will use up to     0 threads.
 Top CubeGen          Mon Feb 20 10:06:09 2023
 Aft UFChkP           Mon Feb 20 10:06:09 2023        0.07 cpu,        0.07 elapsed
 Could not find " ","Total SCF Density" on formatted checkpoint file.
 Error termination via Lnk1e at Mon Feb 20 10:06:09 2023.
Error: segmentation violation
   rax 0000000000000000, rbx 00000000058b0be0, rcx ffffffffffffffff
   rdx 0000000000024eb0, rsp 00007fff85b01fb8, rbp 00007fff85b02010
   rsi 000000000000000b, rdi 0000000000024eb0, r8  00002b4ad0a0eac0
   r9  00002b4ad0a0eac0, r10 00007fff85b01a20, r11 0000000000000206
   r12 00000000058aeb0b, r13 000000000697d288, r14 00000000058aeec0
   r15 00007fff85b04250
  /lib64/libpthread.so.0(+0xf6d0) [0x2b4ad0f086d0]
  /lib64/libc.so.6(kill+0x7) [0x2b4ad144d547]
  /opt/cluster/programs/g16-c.01/g16/cubegen() [0x40fe24]
  /lib64/libc.so.6(__libc_start_main+0xf5) [0x2b4ad1439445]
/var/spool/slurm//job7311566/slurm_script: line 60: 151216 Aborted                 $g16root/g16/cubegen 0 Potential $FCKFILE $ESPFILE -2 h
cp: cannot stat ‘gaussian_48_water_hf_adz_dens.cube’: No such file or directory
cp: cannot stat ‘gaussian_48_water_hf_adz_esp.cube’: No such file or directory
