node106.cluster
Error: segmentation violation
   rax 0000000000000000, rbx ffffffffffffffff, rcx ffffffffffffffff
   rdx 000000000002648a, rsp 00007fffd6c17038, rbp 00007fffd6c175b0
   rsi 000000000000000b, rdi 000000000002648a, r8  0000000000000020
   r9  0000000000000401, r10 00007fffd6c16aa0, r11 0000000000000202
   r12 00007fffd6c175f8, r13 0000000000000000, r14 0000000000000000
   r15 00000000000003e6
  /lib64/libpthread.so.0(+0xf6d0) [0x2ab4a36ba6d0]
  /lib64/libc.so.6(kill+0x7) [0x2ab4a3bff547]
  /opt/cluster/programs/g16-c.01/g16/l1.exe() [0x4b8975]
  /opt/cluster/programs/g16-c.01/g16/l1.exe() [0x4f867a]
  /opt/cluster/programs/g16-c.01/g16/l1.exe() [0x4d56ab]
  /opt/cluster/programs/g16-c.01/g16/l1.exe() [0x41d5c6]
  /opt/cluster/programs/g16-c.01/g16/l1.exe() [0x410c4c]
  /opt/cluster/programs/g16-c.01/g16/l1.exe() [0x40d185]
  /opt/cluster/programs/g16-c.01/g16/l1.exe() [0x40cbd7]
  /opt/cluster/programs/g16-c.01/g16/l1.exe() [0x40cb24]
  /lib64/libc.so.6(__libc_start_main+0xf5) [0x2ab4a3beb445]
  /opt/cluster/programs/g16-c.01/g16/l1.exe() [0x407269]
 Read checkpoint file gaussian_98_water_hf_adz2.chk type Unk
 Write formatted file gaussian_98_water_hf_adz2.fchk
 Will use up to     0 threads.
 Top CubeGen          Mon Feb 20 10:10:26 2023
 Aft UFChkP           Mon Feb 20 10:10:26 2023        0.07 cpu,        0.07 elapsed
 Could not find " ","Total SCF Density" on formatted checkpoint file.
 Error termination via Lnk1e at Mon Feb 20 10:10:26 2023.
Error: segmentation violation
   rax 0000000000000000, rbx 00000000058b0be0, rcx ffffffffffffffff
   rdx 00000000000264ba, rsp 00007ffd09077c18, rbp 00007ffd09077c70
   rsi 000000000000000b, rdi 00000000000264ba, r8  00002b38d514aac0
   r9  00002b38d514aac0, r10 00007ffd090776a0, r11 0000000000000206
   r12 00000000058aeb0b, r13 000000000697d288, r14 00000000058aeec0
   r15 00007ffd09079eb0
  /lib64/libpthread.so.0(+0xf6d0) [0x2b38d56446d0]
  /lib64/libc.so.6(kill+0x7) [0x2b38d5b89547]
  /opt/cluster/programs/g16-c.01/g16/cubegen() [0x40fe24]
  /lib64/libc.so.6(__libc_start_main+0xf5) [0x2b38d5b75445]
/var/spool/slurm//job7311796/slurm_script: line 57: 156858 Aborted                 $g16root/g16/cubegen 0 Density $FCKFILE $DNSFILE -2 h
 Will use up to     0 threads.
 Top CubeGen          Mon Feb 20 10:10:26 2023
 Aft UFChkP           Mon Feb 20 10:10:27 2023        0.06 cpu,        0.06 elapsed
 Could not find " ","Total SCF Density" on formatted checkpoint file.
 Error termination via Lnk1e at Mon Feb 20 10:10:27 2023.
Error: segmentation violation
   rax 0000000000000000, rbx 00000000058b0be0, rcx ffffffffffffffff
   rdx 00000000000264de, rsp 00007fff878ad788, rbp 00007fff878ad7e0
   rsi 000000000000000b, rdi 00000000000264de, r8  00002b9914616ac0
   r9  00002b9914616ac0, r10 00007fff878ad1e0, r11 0000000000000206
   r12 00000000058aeb0b, r13 000000000697d288, r14 00000000058aeec0
   r15 00007fff878afa20
  /lib64/libpthread.so.0(+0xf6d0) [0x2b9914b106d0]
  /lib64/libc.so.6(kill+0x7) [0x2b9915055547]
  /opt/cluster/programs/g16-c.01/g16/cubegen() [0x40fe24]
  /lib64/libc.so.6(__libc_start_main+0xf5) [0x2b9915041445]
/var/spool/slurm//job7311796/slurm_script: line 60: 156894 Aborted                 $g16root/g16/cubegen 0 Potential $FCKFILE $ESPFILE -2 h
cp: cannot stat ‘gaussian_98_water_hf_adz2_dens.cube’: No such file or directory
cp: cannot stat ‘gaussian_98_water_hf_adz2_esp.cube’: No such file or directory
