node101.cluster
Error: segmentation violation
   rax 0000000000000000, rbx ffffffffffffffff, rcx ffffffffffffffff
   rdx 000000000002e0d1, rsp 00007ffe8dc325d8, rbp 00007ffe8dc32b50
   rsi 000000000000000b, rdi 000000000002e0d1, r8  0000000000000020
   r9  0000000000000401, r10 00007ffe8dc32060, r11 0000000000000206
   r12 00007ffe8dc32b98, r13 0000000000000000, r14 0000000000000000
   r15 00000000000003e6
  /lib64/libpthread.so.0(+0xf6d0) [0x2b38e92c36d0]
  /lib64/libc.so.6(kill+0x7) [0x2b38e9808547]
  /opt/cluster/programs/g16-c.01/g16/l1.exe() [0x4b8975]
  /opt/cluster/programs/g16-c.01/g16/l1.exe() [0x4f867a]
  /opt/cluster/programs/g16-c.01/g16/l1.exe() [0x4d56ab]
  /opt/cluster/programs/g16-c.01/g16/l1.exe() [0x41d5c6]
  /opt/cluster/programs/g16-c.01/g16/l1.exe() [0x410c4c]
  /opt/cluster/programs/g16-c.01/g16/l1.exe() [0x40d185]
  /opt/cluster/programs/g16-c.01/g16/l1.exe() [0x40cbd7]
  /opt/cluster/programs/g16-c.01/g16/l1.exe() [0x40cb24]
  /lib64/libc.so.6(__libc_start_main+0xf5) [0x2b38e97f4445]
  /opt/cluster/programs/g16-c.01/g16/l1.exe() [0x407269]
 Read checkpoint file gaussian_22_water_hf_adz.chk type Unk
 Write formatted file gaussian_22_water_hf_adz.fchk
 Will use up to     0 threads.
 Top CubeGen          Mon Feb 20 10:05:47 2023
 Aft UFChkP           Mon Feb 20 10:05:47 2023        0.07 cpu,        0.07 elapsed
 Could not find " ","Total SCF Density" on formatted checkpoint file.
 Error termination via Lnk1e at Mon Feb 20 10:05:47 2023.
Error: segmentation violation
   rax 0000000000000000, rbx 00000000058b0be0, rcx ffffffffffffffff
   rdx 000000000002e0e3, rsp 00007ffc7aa1d598, rbp 00007ffc7aa1d5f0
   rsi 000000000000000b, rdi 000000000002e0e3, r8  00002b69f3479ac0
   r9  00002b69f3479ac0, r10 00007ffc7aa1d020, r11 0000000000000202
   r12 00000000058aeb0b, r13 000000000697d288, r14 00000000058aeec0
   r15 00007ffc7aa1f830
  /lib64/libpthread.so.0(+0xf6d0) [0x2b69f39736d0]
  /lib64/libc.so.6(kill+0x7) [0x2b69f3eb8547]
  /opt/cluster/programs/g16-c.01/g16/cubegen() [0x40fe24]
  /lib64/libc.so.6(__libc_start_main+0xf5) [0x2b69f3ea4445]
/var/spool/slurm//job7311540/slurm_script: line 57: 188643 Aborted                 $g16root/g16/cubegen 0 Density $FCKFILE $DNSFILE -2 h
 Will use up to     0 threads.
 Top CubeGen          Mon Feb 20 10:05:47 2023
 Aft UFChkP           Mon Feb 20 10:05:48 2023        0.07 cpu,        0.07 elapsed
 Could not find " ","Total SCF Density" on formatted checkpoint file.
 Error termination via Lnk1e at Mon Feb 20 10:05:48 2023.
Error: segmentation violation
   rax 0000000000000000, rbx 00000000058b0be0, rcx ffffffffffffffff
   rdx 000000000002e0ef, rsp 00007ffcd085dc88, rbp 00007ffcd085dce0
   rsi 000000000000000b, rdi 000000000002e0ef, r8  00002b569c4a5ac0
   r9  00002b569c4a5ac0, r10 00007ffcd085d6e0, r11 0000000000000206
   r12 00000000058aeb0b, r13 000000000697d288, r14 00000000058aeec0
   r15 00007ffcd085ff20
  /lib64/libpthread.so.0(+0xf6d0) [0x2b569c99f6d0]
  /lib64/libc.so.6(kill+0x7) [0x2b569cee4547]
  /opt/cluster/programs/g16-c.01/g16/cubegen() [0x40fe24]
  /lib64/libc.so.6(__libc_start_main+0xf5) [0x2b569ced0445]
/var/spool/slurm//job7311540/slurm_script: line 60: 188655 Aborted                 $g16root/g16/cubegen 0 Potential $FCKFILE $ESPFILE -2 h
cp: cannot stat ‘gaussian_22_water_hf_adz_dens.cube’: No such file or directory
cp: cannot stat ‘gaussian_22_water_hf_adz_esp.cube’: No such file or directory
