node105.cluster
Error: segmentation violation
   rax 0000000000000000, rbx ffffffffffffffff, rcx ffffffffffffffff
   rdx 000000000002b174, rsp 00007ffef2fbdef8, rbp 00007ffef2fbe470
   rsi 000000000000000b, rdi 000000000002b174, r8  0000000000000020
   r9  0000000000000401, r10 00007ffef2fbd960, r11 0000000000000202
   r12 00007ffef2fbe4b8, r13 0000000000000000, r14 0000000000000000
   r15 00000000000003e6
  /lib64/libpthread.so.0(+0xf6d0) [0x2b37f90e96d0]
  /lib64/libc.so.6(kill+0x7) [0x2b37f962e547]
  /opt/cluster/programs/g16-c.01/g16/l1.exe() [0x4b8975]
  /opt/cluster/programs/g16-c.01/g16/l1.exe() [0x4f867a]
  /opt/cluster/programs/g16-c.01/g16/l1.exe() [0x4d56ab]
  /opt/cluster/programs/g16-c.01/g16/l1.exe() [0x41d5c6]
  /opt/cluster/programs/g16-c.01/g16/l1.exe() [0x410c4c]
  /opt/cluster/programs/g16-c.01/g16/l1.exe() [0x40d185]
  /opt/cluster/programs/g16-c.01/g16/l1.exe() [0x40cbd7]
  /opt/cluster/programs/g16-c.01/g16/l1.exe() [0x40cb24]
  /lib64/libc.so.6(__libc_start_main+0xf5) [0x2b37f961a445]
  /opt/cluster/programs/g16-c.01/g16/l1.exe() [0x407269]
 Read checkpoint file gaussian_23_water_hf_adz2.chk type Unk
 Write formatted file gaussian_23_water_hf_adz2.fchk
 Will use up to     0 threads.
 Top CubeGen          Mon Feb 20 10:09:15 2023
 Aft UFChkP           Mon Feb 20 10:09:15 2023        0.07 cpu,        0.07 elapsed
 Could not find " ","Total SCF Density" on formatted checkpoint file.
 Error termination via Lnk1e at Mon Feb 20 10:09:15 2023.
Error: segmentation violation
   rax 0000000000000000, rbx 00000000058b0be0, rcx ffffffffffffffff
   rdx 000000000002b1cd, rsp 00007ffebb3a1d18, rbp 00007ffebb3a1d70
   rsi 000000000000000b, rdi 000000000002b1cd, r8  00002b9fb0ec6ac0
   r9  00002b9fb0ec6ac0, r10 00007ffebb3a17a0, r11 0000000000000206
   r12 00000000058aeb0b, r13 000000000697d288, r14 00000000058aeec0
   r15 00007ffebb3a3fb0
  /lib64/libpthread.so.0(+0xf6d0) [0x2b9fb13c06d0]
  /lib64/libc.so.6(kill+0x7) [0x2b9fb1905547]
  /opt/cluster/programs/g16-c.01/g16/cubegen() [0x40fe24]
  /lib64/libc.so.6(__libc_start_main+0xf5) [0x2b9fb18f1445]
/var/spool/slurm//job7311721/slurm_script: line 57: 176589 Aborted                 $g16root/g16/cubegen 0 Density $FCKFILE $DNSFILE -2 h
 Will use up to     0 threads.
 Top CubeGen          Mon Feb 20 10:09:15 2023
 Aft UFChkP           Mon Feb 20 10:09:15 2023        0.07 cpu,        0.07 elapsed
 Could not find " ","Total SCF Density" on formatted checkpoint file.
 Error termination via Lnk1e at Mon Feb 20 10:09:15 2023.
Error: segmentation violation
   rax 0000000000000000, rbx 00000000058b0be0, rcx ffffffffffffffff
   rdx 000000000002b205, rsp 00007ffc32bd3918, rbp 00007ffc32bd3970
   rsi 000000000000000b, rdi 000000000002b205, r8  00002b86f1d5bac0
   r9  00002b86f1d5bac0, r10 00007ffc32bd33a0, r11 0000000000000206
   r12 00000000058aeb0b, r13 000000000697d288, r14 00000000058aeec0
   r15 00007ffc32bd5bb0
  /lib64/libpthread.so.0(+0xf6d0) [0x2b86f22556d0]
  /lib64/libc.so.6(kill+0x7) [0x2b86f279a547]
  /opt/cluster/programs/g16-c.01/g16/cubegen() [0x40fe24]
  /lib64/libc.so.6(__libc_start_main+0xf5) [0x2b86f2786445]
/var/spool/slurm//job7311721/slurm_script: line 60: 176645 Aborted                 $g16root/g16/cubegen 0 Potential $FCKFILE $ESPFILE -2 h
cp: cannot stat ‘gaussian_23_water_hf_adz2_dens.cube’: No such file or directory
cp: cannot stat ‘gaussian_23_water_hf_adz2_esp.cube’: No such file or directory
