node105.cluster
Error: segmentation violation
   rax 0000000000000000, rbx ffffffffffffffff, rcx ffffffffffffffff
   rdx 000000000002a5b8, rsp 00007ffeef7e5168, rbp 00007ffeef7e56e0
   rsi 000000000000000b, rdi 000000000002a5b8, r8  0000000000000020
   r9  0000000000000401, r10 00007ffeef7e4be0, r11 0000000000000202
   r12 00007ffeef7e5728, r13 0000000000000000, r14 0000000000000000
   r15 00000000000003e6
  /lib64/libpthread.so.0(+0xf6d0) [0x2ad91c7816d0]
  /lib64/libc.so.6(kill+0x7) [0x2ad91ccc6547]
  /opt/cluster/programs/g16-c.01/g16/l1.exe() [0x4b8975]
  /opt/cluster/programs/g16-c.01/g16/l1.exe() [0x4f867a]
  /opt/cluster/programs/g16-c.01/g16/l1.exe() [0x4d56ab]
  /opt/cluster/programs/g16-c.01/g16/l1.exe() [0x41d5c6]
  /opt/cluster/programs/g16-c.01/g16/l1.exe() [0x410c4c]
  /opt/cluster/programs/g16-c.01/g16/l1.exe() [0x40d185]
  /opt/cluster/programs/g16-c.01/g16/l1.exe() [0x40cbd7]
  /opt/cluster/programs/g16-c.01/g16/l1.exe() [0x40cb24]
  /lib64/libc.so.6(__libc_start_main+0xf5) [0x2ad91ccb2445]
  /opt/cluster/programs/g16-c.01/g16/l1.exe() [0x407269]
 Read checkpoint file gaussian_86_water_hf_adz.chk type Unk
 Write formatted file gaussian_86_water_hf_adz.fchk
 Will use up to     0 threads.
 Top CubeGen          Mon Feb 20 10:06:49 2023
 Aft UFChkP           Mon Feb 20 10:06:49 2023        0.07 cpu,        0.07 elapsed
 Could not find " ","Total SCF Density" on formatted checkpoint file.
 Error termination via Lnk1e at Mon Feb 20 10:06:49 2023.
Error: segmentation violation
   rax 0000000000000000, rbx 00000000058b0be0, rcx ffffffffffffffff
   rdx 000000000002a601, rsp 00007ffe238d41f8, rbp 00007ffe238d4250
   rsi 000000000000000b, rdi 000000000002a601, r8  00002b592131dac0
   r9  00002b592131dac0, r10 00007ffe238d3c60, r11 0000000000000202
   r12 00000000058aeb0b, r13 000000000697d288, r14 00000000058aeec0
   r15 00007ffe238d6490
  /lib64/libpthread.so.0(+0xf6d0) [0x2b59218176d0]
  /lib64/libc.so.6(kill+0x7) [0x2b5921d5c547]
  /opt/cluster/programs/g16-c.01/g16/cubegen() [0x40fe24]
  /lib64/libc.so.6(__libc_start_main+0xf5) [0x2b5921d48445]
/var/spool/slurm//job7311604/slurm_script: line 57: 173569 Aborted                 $g16root/g16/cubegen 0 Density $FCKFILE $DNSFILE -2 h
 Will use up to     0 threads.
 Top CubeGen          Mon Feb 20 10:06:49 2023
 Aft UFChkP           Mon Feb 20 10:06:49 2023        0.07 cpu,        0.07 elapsed
 Could not find " ","Total SCF Density" on formatted checkpoint file.
 Error termination via Lnk1e at Mon Feb 20 10:06:49 2023.
Error: segmentation violation
   rax 0000000000000000, rbx 00000000058b0be0, rcx ffffffffffffffff
   rdx 000000000002a632, rsp 00007ffca74435a8, rbp 00007ffca7443600
   rsi 000000000000000b, rdi 000000000002a632, r8  00002b0ce5987ac0
   r9  00002b0ce5987ac0, r10 00007ffca7443020, r11 0000000000000202
   r12 00000000058aeb0b, r13 000000000697d288, r14 00000000058aeec0
   r15 00007ffca7445840
  /lib64/libpthread.so.0(+0xf6d0) [0x2b0ce5e816d0]
  /lib64/libc.so.6(kill+0x7) [0x2b0ce63c6547]
  /opt/cluster/programs/g16-c.01/g16/cubegen() [0x40fe24]
  /lib64/libc.so.6(__libc_start_main+0xf5) [0x2b0ce63b2445]
/var/spool/slurm//job7311604/slurm_script: line 60: 173618 Aborted                 $g16root/g16/cubegen 0 Potential $FCKFILE $ESPFILE -2 h
cp: cannot stat ‘gaussian_86_water_hf_adz_dens.cube’: No such file or directory
cp: cannot stat ‘gaussian_86_water_hf_adz_esp.cube’: No such file or directory
