node106.cluster
Error: segmentation violation
   rax 0000000000000000, rbx ffffffffffffffff, rcx ffffffffffffffff
   rdx 0000000000026727, rsp 00007fff34c96b28, rbp 00007fff34c970a0
   rsi 000000000000000b, rdi 0000000000026727, r8  0000000000000020
   r9  0000000000000401, r10 00007fff34c965a0, r11 0000000000000206
   r12 00007fff34c970e8, r13 0000000000000000, r14 0000000000000000
   r15 00000000000003e6
  /lib64/libpthread.so.0(+0xf6d0) [0x2ab75dff46d0]
  /lib64/libc.so.6(kill+0x7) [0x2ab75e539547]
  /opt/cluster/programs/g16-c.01/g16/l1.exe() [0x4b8975]
  /opt/cluster/programs/g16-c.01/g16/l1.exe() [0x4f867a]
  /opt/cluster/programs/g16-c.01/g16/l1.exe() [0x4d56ab]
  /opt/cluster/programs/g16-c.01/g16/l1.exe() [0x41d5c6]
  /opt/cluster/programs/g16-c.01/g16/l1.exe() [0x410c4c]
  /opt/cluster/programs/g16-c.01/g16/l1.exe() [0x40d185]
  /opt/cluster/programs/g16-c.01/g16/l1.exe() [0x40cbd7]
  /opt/cluster/programs/g16-c.01/g16/l1.exe() [0x40cb24]
  /lib64/libc.so.6(__libc_start_main+0xf5) [0x2ab75e525445]
  /opt/cluster/programs/g16-c.01/g16/l1.exe() [0x407269]
 Read checkpoint file gaussian_126_water_hf_adz2.chk type Unk
 Write formatted file gaussian_126_water_hf_adz2.fchk
 Will use up to     0 threads.
 Top CubeGen          Mon Feb 20 10:10:57 2023
 Aft UFChkP           Mon Feb 20 10:10:57 2023        0.07 cpu,        0.07 elapsed
 Could not find " ","Total SCF Density" on formatted checkpoint file.
 Error termination via Lnk1e at Mon Feb 20 10:10:57 2023.
Error: segmentation violation
   rax 0000000000000000, rbx 00000000058b0be0, rcx ffffffffffffffff
   rdx 0000000000026793, rsp 00007ffea66d8f88, rbp 00007ffea66d8fe0
   rsi 000000000000000b, rdi 0000000000026793, r8  00002b8e91107ac0
   r9  00002b8e91107ac0, r10 00007ffea66d89e0, r11 0000000000000206
   r12 00000000058aeb0b, r13 000000000697d288, r14 00000000058aeec0
   r15 00007ffea66db220
  /lib64/libpthread.so.0(+0xf6d0) [0x2b8e916016d0]
  /lib64/libc.so.6(kill+0x7) [0x2b8e91b46547]
  /opt/cluster/programs/g16-c.01/g16/cubegen() [0x40fe24]
  /lib64/libc.so.6(__libc_start_main+0xf5) [0x2b8e91b32445]
/var/spool/slurm//job7311824/slurm_script: line 57: 157587 Aborted                 $g16root/g16/cubegen 0 Density $FCKFILE $DNSFILE -2 h
 Will use up to     0 threads.
 Top CubeGen          Mon Feb 20 10:10:58 2023
 Aft UFChkP           Mon Feb 20 10:10:58 2023        0.07 cpu,        0.07 elapsed
 Could not find " ","Total SCF Density" on formatted checkpoint file.
 Error termination via Lnk1e at Mon Feb 20 10:10:58 2023.
Error: segmentation violation
   rax 0000000000000000, rbx 00000000058b0be0, rcx ffffffffffffffff
   rdx 00000000000267c3, rsp 00007ffc57de94c8, rbp 00007ffc57de9520
   rsi 000000000000000b, rdi 00000000000267c3, r8  00002b1381139ac0
   r9  00002b1381139ac0, r10 00007ffc57de8f20, r11 0000000000000202
   r12 00000000058aeb0b, r13 000000000697d288, r14 00000000058aeec0
   r15 00007ffc57deb760
  /lib64/libpthread.so.0(+0xf6d0) [0x2b13816336d0]
  /lib64/libc.so.6(kill+0x7) [0x2b1381b78547]
  /opt/cluster/programs/g16-c.01/g16/cubegen() [0x40fe24]
  /lib64/libc.so.6(__libc_start_main+0xf5) [0x2b1381b64445]
/var/spool/slurm//job7311824/slurm_script: line 60: 157635 Aborted                 $g16root/g16/cubegen 0 Potential $FCKFILE $ESPFILE -2 h
cp: cannot stat ‘gaussian_126_water_hf_adz2_dens.cube’: No such file or directory
cp: cannot stat ‘gaussian_126_water_hf_adz2_esp.cube’: No such file or directory
