node106.cluster
Error: segmentation violation
   rax 0000000000000000, rbx ffffffffffffffff, rcx ffffffffffffffff
   rdx 0000000000024a67, rsp 00007fffa4db3208, rbp 00007fffa4db3780
   rsi 000000000000000b, rdi 0000000000024a67, r8  0000000000000020
   r9  0000000000000401, r10 00007fffa4db2c60, r11 0000000000000202
   r12 00007fffa4db37c8, r13 0000000000000000, r14 0000000000000000
   r15 00000000000003e6
  /lib64/libpthread.so.0(+0xf6d0) [0x2b8a67c566d0]
  /lib64/libc.so.6(kill+0x7) [0x2b8a6819b547]
  /opt/cluster/programs/g16-c.01/g16/l1.exe() [0x4b8975]
  /opt/cluster/programs/g16-c.01/g16/l1.exe() [0x4f867a]
  /opt/cluster/programs/g16-c.01/g16/l1.exe() [0x4d56ab]
  /opt/cluster/programs/g16-c.01/g16/l1.exe() [0x41d5c6]
  /opt/cluster/programs/g16-c.01/g16/l1.exe() [0x410c4c]
  /opt/cluster/programs/g16-c.01/g16/l1.exe() [0x40d185]
  /opt/cluster/programs/g16-c.01/g16/l1.exe() [0x40cbd7]
  /opt/cluster/programs/g16-c.01/g16/l1.exe() [0x40cb24]
  /lib64/libc.so.6(__libc_start_main+0xf5) [0x2b8a68187445]
  /opt/cluster/programs/g16-c.01/g16/l1.exe() [0x407269]
 Read checkpoint file gaussian_6_water_hf_adz.chk type Unk
 Write formatted file gaussian_6_water_hf_adz.fchk
 Will use up to     0 threads.
 Top CubeGen          Mon Feb 20 10:05:25 2023
 Aft UFChkP           Mon Feb 20 10:05:25 2023        0.08 cpu,        0.07 elapsed
 Could not find " ","Total SCF Density" on formatted checkpoint file.
 Error termination via Lnk1e at Mon Feb 20 10:05:25 2023.
Error: segmentation violation
   rax 0000000000000000, rbx 00000000058b0be0, rcx ffffffffffffffff
   rdx 0000000000024aae, rsp 00007ffe16c3ebc8, rbp 00007ffe16c3ec20
   rsi 000000000000000b, rdi 0000000000024aae, r8  00002b7d45a70ac0
   r9  00002b7d45a70ac0, r10 00007ffe16c3e620, r11 0000000000000202
   r12 00000000058aeb0b, r13 000000000697d288, r14 00000000058aeec0
   r15 00007ffe16c40e60
  /lib64/libpthread.so.0(+0xf6d0) [0x2b7d45f6a6d0]
  /lib64/libc.so.6(kill+0x7) [0x2b7d464af547]
  /opt/cluster/programs/g16-c.01/g16/cubegen() [0x40fe24]
  /lib64/libc.so.6(__libc_start_main+0xf5) [0x2b7d4649b445]
/var/spool/slurm//job7311524/slurm_script: line 57: 150190 Aborted                 $g16root/g16/cubegen 0 Density $FCKFILE $DNSFILE -2 h
 Will use up to     0 threads.
 Top CubeGen          Mon Feb 20 10:05:26 2023
 Aft UFChkP           Mon Feb 20 10:05:26 2023        0.08 cpu,        0.07 elapsed
 Could not find " ","Total SCF Density" on formatted checkpoint file.
 Error termination via Lnk1e at Mon Feb 20 10:05:26 2023.
Error: segmentation violation
   rax 0000000000000000, rbx 00000000058b0be0, rcx ffffffffffffffff
   rdx 0000000000024adc, rsp 00007ffc6de6d398, rbp 00007ffc6de6d3f0
   rsi 000000000000000b, rdi 0000000000024adc, r8  00002ac1dcecdac0
   r9  00002ac1dcecdac0, r10 00007ffc6de6ce20, r11 0000000000000202
   r12 00000000058aeb0b, r13 000000000697d288, r14 00000000058aeec0
   r15 00007ffc6de6f630
  /lib64/libpthread.so.0(+0xf6d0) [0x2ac1dd3c76d0]
  /lib64/libc.so.6(kill+0x7) [0x2ac1dd90c547]
  /opt/cluster/programs/g16-c.01/g16/cubegen() [0x40fe24]
  /lib64/libc.so.6(__libc_start_main+0xf5) [0x2ac1dd8f8445]
/var/spool/slurm//job7311524/slurm_script: line 60: 150236 Aborted                 $g16root/g16/cubegen 0 Potential $FCKFILE $ESPFILE -2 h
cp: cannot stat ‘gaussian_6_water_hf_adz_dens.cube’: No such file or directory
cp: cannot stat ‘gaussian_6_water_hf_adz_esp.cube’: No such file or directory
