node106.cluster
Error: segmentation violation
   rax 0000000000000000, rbx ffffffffffffffff, rcx ffffffffffffffff
   rdx 000000000002502e, rsp 00007ffccdda3f38, rbp 00007ffccdda44b0
   rsi 000000000000000b, rdi 000000000002502e, r8  0000000000000020
   r9  0000000000000401, r10 00007ffccdda39a0, r11 0000000000000202
   r12 00007ffccdda44f8, r13 0000000000000000, r14 0000000000000000
   r15 00000000000003e6
  /lib64/libpthread.so.0(+0xf6d0) [0x2b1785a026d0]
  /lib64/libc.so.6(kill+0x7) [0x2b1785f47547]
  /opt/cluster/programs/g16-c.01/g16/l1.exe() [0x4b8975]
  /opt/cluster/programs/g16-c.01/g16/l1.exe() [0x4f867a]
  /opt/cluster/programs/g16-c.01/g16/l1.exe() [0x4d56ab]
  /opt/cluster/programs/g16-c.01/g16/l1.exe() [0x41d5c6]
  /opt/cluster/programs/g16-c.01/g16/l1.exe() [0x410c4c]
  /opt/cluster/programs/g16-c.01/g16/l1.exe() [0x40d185]
  /opt/cluster/programs/g16-c.01/g16/l1.exe() [0x40cbd7]
  /opt/cluster/programs/g16-c.01/g16/l1.exe() [0x40cb24]
  /lib64/libc.so.6(__libc_start_main+0xf5) [0x2b1785f33445]
  /opt/cluster/programs/g16-c.01/g16/l1.exe() [0x407269]
 Read checkpoint file gaussian_67_water_hf_adz.chk type Unk
 Write formatted file gaussian_67_water_hf_adz.fchk
 Will use up to     0 threads.
 Top CubeGen          Mon Feb 20 10:06:28 2023
 Aft UFChkP           Mon Feb 20 10:06:28 2023        0.07 cpu,        0.07 elapsed
 Could not find " ","Total SCF Density" on formatted checkpoint file.
 Error termination via Lnk1e at Mon Feb 20 10:06:28 2023.
Error: segmentation violation
   rax 0000000000000000, rbx 00000000058b0be0, rcx ffffffffffffffff
   rdx 000000000002509b, rsp 00007ffea83de3d8, rbp 00007ffea83de430
   rsi 000000000000000b, rdi 000000000002509b, r8  00002b6bb5904ac0
   r9  00002b6bb5904ac0, r10 00007ffea83dde60, r11 0000000000000206
   r12 00000000058aeb0b, r13 000000000697d288, r14 00000000058aeec0
   r15 00007ffea83e0670
  /lib64/libpthread.so.0(+0xf6d0) [0x2b6bb5dfe6d0]
  /lib64/libc.so.6(kill+0x7) [0x2b6bb6343547]
  /opt/cluster/programs/g16-c.01/g16/cubegen() [0x40fe24]
  /lib64/libc.so.6(__libc_start_main+0xf5) [0x2b6bb632f445]
/var/spool/slurm//job7311585/slurm_script: line 57: 151707 Aborted                 $g16root/g16/cubegen 0 Density $FCKFILE $DNSFILE -2 h
 Will use up to     0 threads.
 Top CubeGen          Mon Feb 20 10:06:29 2023
 Aft UFChkP           Mon Feb 20 10:06:29 2023        0.06 cpu,        0.07 elapsed
 Could not find " ","Total SCF Density" on formatted checkpoint file.
 Error termination via Lnk1e at Mon Feb 20 10:06:29 2023.
Error: segmentation violation
   rax 0000000000000000, rbx 00000000058b0be0, rcx ffffffffffffffff
   rdx 00000000000250ca, rsp 00007ffdb805cb18, rbp 00007ffdb805cb70
   rsi 000000000000000b, rdi 00000000000250ca, r8  00002b09b1a03ac0
   r9  00002b09b1a03ac0, r10 00007ffdb805c5a0, r11 0000000000000206
   r12 00000000058aeb0b, r13 000000000697d288, r14 00000000058aeec0
   r15 00007ffdb805edb0
  /lib64/libpthread.so.0(+0xf6d0) [0x2b09b1efd6d0]
  /lib64/libc.so.6(kill+0x7) [0x2b09b2442547]
  /opt/cluster/programs/g16-c.01/g16/cubegen() [0x40fe24]
  /lib64/libc.so.6(__libc_start_main+0xf5) [0x2b09b242e445]
/var/spool/slurm//job7311585/slurm_script: line 60: 151754 Aborted                 $g16root/g16/cubegen 0 Potential $FCKFILE $ESPFILE -2 h
cp: cannot stat ‘gaussian_67_water_hf_adz_dens.cube’: No such file or directory
cp: cannot stat ‘gaussian_67_water_hf_adz_esp.cube’: No such file or directory
