node105.cluster
Error: segmentation violation
   rax 0000000000000000, rbx ffffffffffffffff, rcx ffffffffffffffff
   rdx 000000000002b097, rsp 00007ffce1573d78, rbp 00007ffce15742f0
   rsi 000000000000000b, rdi 000000000002b097, r8  0000000000000020
   r9  0000000000000401, r10 00007ffce15737e0, r11 0000000000000206
   r12 00007ffce1574338, r13 0000000000000000, r14 0000000000000000
   r15 00000000000003e6
  /lib64/libpthread.so.0(+0xf6d0) [0x2af9405916d0]
  /lib64/libc.so.6(kill+0x7) [0x2af940ad6547]
  /opt/cluster/programs/g16-c.01/g16/l1.exe() [0x4b8975]
  /opt/cluster/programs/g16-c.01/g16/l1.exe() [0x4f867a]
  /opt/cluster/programs/g16-c.01/g16/l1.exe() [0x4d56ab]
  /opt/cluster/programs/g16-c.01/g16/l1.exe() [0x41d5c6]
  /opt/cluster/programs/g16-c.01/g16/l1.exe() [0x410c4c]
  /opt/cluster/programs/g16-c.01/g16/l1.exe() [0x40d185]
  /opt/cluster/programs/g16-c.01/g16/l1.exe() [0x40cbd7]
  /opt/cluster/programs/g16-c.01/g16/l1.exe() [0x40cb24]
  /lib64/libc.so.6(__libc_start_main+0xf5) [0x2af940ac2445]
  /opt/cluster/programs/g16-c.01/g16/l1.exe() [0x407269]
 Read checkpoint file gaussian_14_water_hf_adz2.chk type Unk
 Write formatted file gaussian_14_water_hf_adz2.fchk
 Will use up to     0 threads.
 Top CubeGen          Mon Feb 20 10:09:05 2023
 Aft UFChkP           Mon Feb 20 10:09:05 2023        0.07 cpu,        0.07 elapsed
 Could not find " ","Total SCF Density" on formatted checkpoint file.
 Error termination via Lnk1e at Mon Feb 20 10:09:05 2023.
Error: segmentation violation
   rax 0000000000000000, rbx 00000000058b0be0, rcx ffffffffffffffff
   rdx 000000000002b0e7, rsp 00007fff886f64f8, rbp 00007fff886f6550
   rsi 000000000000000b, rdi 000000000002b0e7, r8  00002b55a3bcdac0
   r9  00002b55a3bcdac0, r10 00007fff886f5f60, r11 0000000000000202
   r12 00000000058aeb0b, r13 000000000697d288, r14 00000000058aeec0
   r15 00007fff886f8790
  /lib64/libpthread.so.0(+0xf6d0) [0x2b55a40c76d0]
  /lib64/libc.so.6(kill+0x7) [0x2b55a460c547]
  /opt/cluster/programs/g16-c.01/g16/cubegen() [0x40fe24]
  /lib64/libc.so.6(__libc_start_main+0xf5) [0x2b55a45f8445]
/var/spool/slurm//job7311712/slurm_script: line 57: 176359 Aborted                 $g16root/g16/cubegen 0 Density $FCKFILE $DNSFILE -2 h
 Will use up to     0 threads.
 Top CubeGen          Mon Feb 20 10:09:05 2023
 Aft UFChkP           Mon Feb 20 10:09:05 2023        0.07 cpu,        0.07 elapsed
 Could not find " ","Total SCF Density" on formatted checkpoint file.
 Error termination via Lnk1e at Mon Feb 20 10:09:05 2023.
Error: segmentation violation
   rax 0000000000000000, rbx 00000000058b0be0, rcx ffffffffffffffff
   rdx 000000000002b115, rsp 00007ffef1375fc8, rbp 00007ffef1376020
   rsi 000000000000000b, rdi 000000000002b115, r8  00002ba6d946dac0
   r9  00002ba6d946dac0, r10 00007ffef1375a20, r11 0000000000000202
   r12 00000000058aeb0b, r13 000000000697d288, r14 00000000058aeec0
   r15 00007ffef1378260
  /lib64/libpthread.so.0(+0xf6d0) [0x2ba6d99676d0]
  /lib64/libc.so.6(kill+0x7) [0x2ba6d9eac547]
  /opt/cluster/programs/g16-c.01/g16/cubegen() [0x40fe24]
  /lib64/libc.so.6(__libc_start_main+0xf5) [0x2ba6d9e98445]
/var/spool/slurm//job7311712/slurm_script: line 60: 176405 Aborted                 $g16root/g16/cubegen 0 Potential $FCKFILE $ESPFILE -2 h
cp: cannot stat ‘gaussian_14_water_hf_adz2_dens.cube’: No such file or directory
cp: cannot stat ‘gaussian_14_water_hf_adz2_esp.cube’: No such file or directory
