node101.cluster
Error: segmentation violation
   rax 0000000000000000, rbx ffffffffffffffff, rcx ffffffffffffffff
   rdx 000000000002e7c7, rsp 00007fff51d8b158, rbp 00007fff51d8b6d0
   rsi 000000000000000b, rdi 000000000002e7c7, r8  0000000000000020
   r9  0000000000000401, r10 00007fff51d8abe0, r11 0000000000000202
   r12 00007fff51d8b718, r13 0000000000000000, r14 0000000000000000
   r15 00000000000003e6
  /lib64/libpthread.so.0(+0xf6d0) [0x2aeae12c76d0]
  /lib64/libc.so.6(kill+0x7) [0x2aeae180c547]
  /opt/cluster/programs/g16-c.01/g16/l1.exe() [0x4b8975]
  /opt/cluster/programs/g16-c.01/g16/l1.exe() [0x4f867a]
  /opt/cluster/programs/g16-c.01/g16/l1.exe() [0x4d56ab]
  /opt/cluster/programs/g16-c.01/g16/l1.exe() [0x41d5c6]
  /opt/cluster/programs/g16-c.01/g16/l1.exe() [0x410c4c]
  /opt/cluster/programs/g16-c.01/g16/l1.exe() [0x40d185]
  /opt/cluster/programs/g16-c.01/g16/l1.exe() [0x40cbd7]
  /opt/cluster/programs/g16-c.01/g16/l1.exe() [0x40cb24]
  /lib64/libc.so.6(__libc_start_main+0xf5) [0x2aeae17f8445]
  /opt/cluster/programs/g16-c.01/g16/l1.exe() [0x407269]
 Read checkpoint file gaussian_111_water_hf_adz2.chk type Unk
 Write formatted file gaussian_111_water_hf_adz2.fchk
 Will use up to     0 threads.
 Top CubeGen          Mon Feb 20 10:10:47 2023
 Aft UFChkP           Mon Feb 20 10:10:47 2023        0.06 cpu,        0.07 elapsed
 Could not find " ","Total SCF Density" on formatted checkpoint file.
 Error termination via Lnk1e at Mon Feb 20 10:10:47 2023.
Error: segmentation violation
   rax 0000000000000000, rbx 00000000058b0be0, rcx ffffffffffffffff
   rdx 000000000002e7d9, rsp 00007ffdb25c3158, rbp 00007ffdb25c31b0
   rsi 000000000000000b, rdi 000000000002e7d9, r8  00002b6c82ae5ac0
   r9  00002b6c82ae5ac0, r10 00007ffdb25c2be0, r11 0000000000000202
   r12 00000000058aeb0b, r13 000000000697d288, r14 00000000058aeec0
   r15 00007ffdb25c53f0
  /lib64/libpthread.so.0(+0xf6d0) [0x2b6c82fdf6d0]
  /lib64/libc.so.6(kill+0x7) [0x2b6c83524547]
  /opt/cluster/programs/g16-c.01/g16/cubegen() [0x40fe24]
  /lib64/libc.so.6(__libc_start_main+0xf5) [0x2b6c83510445]
/var/spool/slurm//job7311809/slurm_script: line 57: 190425 Aborted                 $g16root/g16/cubegen 0 Density $FCKFILE $DNSFILE -2 h
 Will use up to     0 threads.
 Top CubeGen          Mon Feb 20 10:10:47 2023
 Aft UFChkP           Mon Feb 20 10:10:47 2023        0.07 cpu,        0.07 elapsed
 Could not find " ","Total SCF Density" on formatted checkpoint file.
 Error termination via Lnk1e at Mon Feb 20 10:10:47 2023.
Error: segmentation violation
   rax 0000000000000000, rbx 00000000058b0be0, rcx ffffffffffffffff
   rdx 000000000002e7e5, rsp 00007fff11159958, rbp 00007fff111599b0
   rsi 000000000000000b, rdi 000000000002e7e5, r8  00002b31cb529ac0
   r9  00002b31cb529ac0, r10 00007fff111593e0, r11 0000000000000202
   r12 00000000058aeb0b, r13 000000000697d288, r14 00000000058aeec0
   r15 00007fff1115bbf0
  /lib64/libpthread.so.0(+0xf6d0) [0x2b31cba236d0]
  /lib64/libc.so.6(kill+0x7) [0x2b31cbf68547]
  /opt/cluster/programs/g16-c.01/g16/cubegen() [0x40fe24]
  /lib64/libc.so.6(__libc_start_main+0xf5) [0x2b31cbf54445]
/var/spool/slurm//job7311809/slurm_script: line 60: 190437 Aborted                 $g16root/g16/cubegen 0 Potential $FCKFILE $ESPFILE -2 h
cp: cannot stat ‘gaussian_111_water_hf_adz2_dens.cube’: No such file or directory
cp: cannot stat ‘gaussian_111_water_hf_adz2_esp.cube’: No such file or directory
