node106.cluster
Error: segmentation violation
   rax 0000000000000000, rbx ffffffffffffffff, rcx ffffffffffffffff
   rdx 00000000000258ef, rsp 00007ffef40f55e8, rbp 00007ffef40f5b60
   rsi 000000000000000b, rdi 00000000000258ef, r8  0000000000000020
   r9  0000000000000401, r10 00007ffef40f5060, r11 0000000000000206
   r12 00007ffef40f5ba8, r13 0000000000000000, r14 0000000000000000
   r15 00000000000003e6
  /lib64/libpthread.so.0(+0xf6d0) [0x2b767dae46d0]
  /lib64/libc.so.6(kill+0x7) [0x2b767e029547]
  /opt/cluster/programs/g16-c.01/g16/l1.exe() [0x4b8975]
  /opt/cluster/programs/g16-c.01/g16/l1.exe() [0x4f867a]
  /opt/cluster/programs/g16-c.01/g16/l1.exe() [0x4d56ab]
  /opt/cluster/programs/g16-c.01/g16/l1.exe() [0x41d5c6]
  /opt/cluster/programs/g16-c.01/g16/l1.exe() [0x410c4c]
  /opt/cluster/programs/g16-c.01/g16/l1.exe() [0x40d185]
  /opt/cluster/programs/g16-c.01/g16/l1.exe() [0x40cbd7]
  /opt/cluster/programs/g16-c.01/g16/l1.exe() [0x40cb24]
  /lib64/libc.so.6(__libc_start_main+0xf5) [0x2b767e015445]
  /opt/cluster/programs/g16-c.01/g16/l1.exe() [0x407269]
 Read checkpoint file gaussian_159_water_hf_adz.chk type Unk
 Write formatted file gaussian_159_water_hf_adz.fchk
 Will use up to     0 threads.
 Top CubeGen          Mon Feb 20 10:08:00 2023
 Aft UFChkP           Mon Feb 20 10:08:00 2023        0.06 cpu,        0.07 elapsed
 Could not find " ","Total SCF Density" on formatted checkpoint file.
 Error termination via Lnk1e at Mon Feb 20 10:08:00 2023.
Error: segmentation violation
   rax 0000000000000000, rbx 00000000058b0be0, rcx ffffffffffffffff
   rdx 000000000002593a, rsp 00007ffdbec43968, rbp 00007ffdbec439c0
   rsi 000000000000000b, rdi 000000000002593a, r8  00002b6381e90ac0
   r9  00002b6381e90ac0, r10 00007ffdbec433e0, r11 0000000000000202
   r12 00000000058aeb0b, r13 000000000697d288, r14 00000000058aeec0
   r15 00007ffdbec45c00
  /lib64/libpthread.so.0(+0xf6d0) [0x2b638238a6d0]
  /lib64/libc.so.6(kill+0x7) [0x2b63828cf547]
  /opt/cluster/programs/g16-c.01/g16/cubegen() [0x40fe24]
  /lib64/libc.so.6(__libc_start_main+0xf5) [0x2b63828bb445]
/var/spool/slurm//job7311677/slurm_script: line 57: 153914 Aborted                 $g16root/g16/cubegen 0 Density $FCKFILE $DNSFILE -2 h
 Will use up to     0 threads.
 Top CubeGen          Mon Feb 20 10:08:00 2023
 Aft UFChkP           Mon Feb 20 10:08:00 2023        0.07 cpu,        0.07 elapsed
 Could not find " ","Total SCF Density" on formatted checkpoint file.
 Error termination via Lnk1e at Mon Feb 20 10:08:00 2023.
Error: segmentation violation
   rax 0000000000000000, rbx 00000000058b0be0, rcx ffffffffffffffff
   rdx 000000000002596a, rsp 00007ffdec7de1b8, rbp 00007ffdec7de210
   rsi 000000000000000b, rdi 000000000002596a, r8  00002b674d05bac0
   r9  00002b674d05bac0, r10 00007ffdec7ddc20, r11 0000000000000206
   r12 00000000058aeb0b, r13 000000000697d288, r14 00000000058aeec0
   r15 00007ffdec7e0450
  /lib64/libpthread.so.0(+0xf6d0) [0x2b674d5556d0]
  /lib64/libc.so.6(kill+0x7) [0x2b674da9a547]
  /opt/cluster/programs/g16-c.01/g16/cubegen() [0x40fe24]
  /lib64/libc.so.6(__libc_start_main+0xf5) [0x2b674da86445]
/var/spool/slurm//job7311677/slurm_script: line 60: 153962 Aborted                 $g16root/g16/cubegen 0 Potential $FCKFILE $ESPFILE -2 h
cp: cannot stat ‘gaussian_159_water_hf_adz_dens.cube’: No such file or directory
cp: cannot stat ‘gaussian_159_water_hf_adz_esp.cube’: No such file or directory
