node64.cluster
 Read checkpoint file gaussian_160_water_ccsdt_adz.chk type G16
 Write formatted file gaussian_160_water_ccsdt_adz.fchk
 FChkPn:  Coordinates translated and rotated.
 FChkPn:  Coordinates match /B/ after translation and rotation.
 Will use up to     0 threads.
 Top CubeGen          Wed Feb  8 14:51:10 2023
 Aft UFChkP           Wed Feb  8 14:51:10 2023        0.12 cpu,        0.13 elapsed
 Aft DecCub           Wed Feb  8 14:51:10 2023        0.02 cpu,        0.01 elapsed
 Aft Density          Wed Feb  8 14:51:10 2023        0.00 cpu,        0.00 elapsed
 Bef DoCube           Wed Feb  8 14:51:10 2023        0.01 cpu,        0.00 elapsed
 There are a total of       29791 grid points.
 ElSum from          density=        8.1613659479
 Aft DoCube           Wed Feb  8 14:51:10 2023        0.05 cpu,        0.07 elapsed
 Will use up to     0 threads.
 Top CubeGen          Wed Feb  8 14:51:10 2023
 Aft UFChkP           Wed Feb  8 14:51:10 2023        0.13 cpu,        0.13 elapsed
 Aft DecCub           Wed Feb  8 14:51:10 2023        0.01 cpu,        0.00 elapsed
 Aft Density          Wed Feb  8 14:51:10 2023        0.00 cpu,        0.00 elapsed
 Bef DoCube           Wed Feb  8 14:51:10 2023        0.00 cpu,        0.00 elapsed
 There are a total of       29791 grid points.
 ElSum from          density=       13.6151304499
 Aft DoCube           Wed Feb  8 14:51:11 2023        0.48 cpu,        0.49 elapsed
