node105.cluster
Error: segmentation violation
   rax 0000000000000000, rbx ffffffffffffffff, rcx ffffffffffffffff
   rdx 000000000002ba82, rsp 00007ffdcf8df718, rbp 00007ffdcf8dfc90
   rsi 000000000000000b, rdi 000000000002ba82, r8  0000000000000020
   r9  0000000000000401, r10 00007ffdcf8df1a0, r11 0000000000000206
   r12 00007ffdcf8dfcd8, r13 0000000000000000, r14 0000000000000000
   r15 00000000000003e6
  /lib64/libpthread.so.0(+0xf6d0) [0x2b5339b2b6d0]
  /lib64/libc.so.6(kill+0x7) [0x2b533a070547]
  /opt/cluster/programs/g16-c.01/g16/l1.exe() [0x4b8975]
  /opt/cluster/programs/g16-c.01/g16/l1.exe() [0x4f867a]
  /opt/cluster/programs/g16-c.01/g16/l1.exe() [0x4d56ab]
  /opt/cluster/programs/g16-c.01/g16/l1.exe() [0x41d5c6]
  /opt/cluster/programs/g16-c.01/g16/l1.exe() [0x410c4c]
  /opt/cluster/programs/g16-c.01/g16/l1.exe() [0x40d185]
  /opt/cluster/programs/g16-c.01/g16/l1.exe() [0x40cbd7]
  /opt/cluster/programs/g16-c.01/g16/l1.exe() [0x40cb24]
  /lib64/libc.so.6(__libc_start_main+0xf5) [0x2b533a05c445]
  /opt/cluster/programs/g16-c.01/g16/l1.exe() [0x407269]
 Read checkpoint file gaussian_115_water_hf_adz2.chk type Unk
 Write formatted file gaussian_115_water_hf_adz2.fchk
 Will use up to     0 threads.
 Top CubeGen          Mon Feb 20 10:10:47 2023
 Aft UFChkP           Mon Feb 20 10:10:47 2023        0.07 cpu,        0.07 elapsed
 Could not find " ","Total SCF Density" on formatted checkpoint file.
 Error termination via Lnk1e at Mon Feb 20 10:10:47 2023.
Error: segmentation violation
   rax 0000000000000000, rbx 00000000058b0be0, rcx ffffffffffffffff
   rdx 000000000002bac5, rsp 00007ffe772422d8, rbp 00007ffe77242330
   rsi 000000000000000b, rdi 000000000002bac5, r8  00002b37bd3f9ac0
   r9  00002b37bd3f9ac0, r10 00007ffe77241d60, r11 0000000000000206
   r12 00000000058aeb0b, r13 000000000697d288, r14 00000000058aeec0
   r15 00007ffe77244570
  /lib64/libpthread.so.0(+0xf6d0) [0x2b37bd8f36d0]
  /lib64/libc.so.6(kill+0x7) [0x2b37bde38547]
  /opt/cluster/programs/g16-c.01/g16/cubegen() [0x40fe24]
  /lib64/libc.so.6(__libc_start_main+0xf5) [0x2b37bde24445]
/var/spool/slurm//job7311813/slurm_script: line 57: 178885 Aborted                 $g16root/g16/cubegen 0 Density $FCKFILE $DNSFILE -2 h
 Will use up to     0 threads.
 Top CubeGen          Mon Feb 20 10:10:48 2023
 Aft UFChkP           Mon Feb 20 10:10:48 2023        0.07 cpu,        0.07 elapsed
 Could not find " ","Total SCF Density" on formatted checkpoint file.
 Error termination via Lnk1e at Mon Feb 20 10:10:48 2023.
Error: segmentation violation
   rax 0000000000000000, rbx 00000000058b0be0, rcx ffffffffffffffff
   rdx 000000000002baf5, rsp 00007ffedc4d49d8, rbp 00007ffedc4d4a30
   rsi 000000000000000b, rdi 000000000002baf5, r8  00002afb6b3e0ac0
   r9  00002afb6b3e0ac0, r10 00007ffedc4d4460, r11 0000000000000206
   r12 00000000058aeb0b, r13 000000000697d288, r14 00000000058aeec0
   r15 00007ffedc4d6c70
  /lib64/libpthread.so.0(+0xf6d0) [0x2afb6b8da6d0]
  /lib64/libc.so.6(kill+0x7) [0x2afb6be1f547]
  /opt/cluster/programs/g16-c.01/g16/cubegen() [0x40fe24]
  /lib64/libc.so.6(__libc_start_main+0xf5) [0x2afb6be0b445]
/var/spool/slurm//job7311813/slurm_script: line 60: 178933 Aborted                 $g16root/g16/cubegen 0 Potential $FCKFILE $ESPFILE -2 h
cp: cannot stat ‘gaussian_115_water_hf_adz2_dens.cube’: No such file or directory
cp: cannot stat ‘gaussian_115_water_hf_adz2_esp.cube’: No such file or directory
