node105.cluster
Error: segmentation violation
   rax 0000000000000000, rbx ffffffffffffffff, rcx ffffffffffffffff
   rdx 000000000002aa06, rsp 00007ffef3ad1358, rbp 00007ffef3ad18d0
   rsi 000000000000000b, rdi 000000000002aa06, r8  0000000000000020
   r9  0000000000000401, r10 00007ffef3ad0de0, r11 0000000000000202
   r12 00007ffef3ad1918, r13 0000000000000000, r14 0000000000000000
   r15 00000000000003e6
  /lib64/libpthread.so.0(+0xf6d0) [0x2b4eb14dd6d0]
  /lib64/libc.so.6(kill+0x7) [0x2b4eb1a22547]
  /opt/cluster/programs/g16-c.01/g16/l1.exe() [0x4b8975]
  /opt/cluster/programs/g16-c.01/g16/l1.exe() [0x4f867a]
  /opt/cluster/programs/g16-c.01/g16/l1.exe() [0x4d56ab]
  /opt/cluster/programs/g16-c.01/g16/l1.exe() [0x41d5c6]
  /opt/cluster/programs/g16-c.01/g16/l1.exe() [0x410c4c]
  /opt/cluster/programs/g16-c.01/g16/l1.exe() [0x40d185]
  /opt/cluster/programs/g16-c.01/g16/l1.exe() [0x40cbd7]
  /opt/cluster/programs/g16-c.01/g16/l1.exe() [0x40cb24]
  /lib64/libc.so.6(__libc_start_main+0xf5) [0x2b4eb1a0e445]
  /opt/cluster/programs/g16-c.01/g16/l1.exe() [0x407269]
 Read checkpoint file gaussian_127_water_hf_adz.chk type Unk
 Write formatted file gaussian_127_water_hf_adz.fchk
 Will use up to     0 threads.
 Top CubeGen          Mon Feb 20 10:07:30 2023
 Aft UFChkP           Mon Feb 20 10:07:30 2023        0.06 cpu,        0.07 elapsed
 Could not find " ","Total SCF Density" on formatted checkpoint file.
 Error termination via Lnk1e at Mon Feb 20 10:07:30 2023.
Error: segmentation violation
   rax 0000000000000000, rbx 00000000058b0be0, rcx ffffffffffffffff
   rdx 000000000002aa27, rsp 00007ffcba785c18, rbp 00007ffcba785c70
   rsi 000000000000000b, rdi 000000000002aa27, r8  00002adc64a9fac0
   r9  00002adc64a9fac0, r10 00007ffcba7856a0, r11 0000000000000206
   r12 00000000058aeb0b, r13 000000000697d288, r14 00000000058aeec0
   r15 00007ffcba787eb0
  /lib64/libpthread.so.0(+0xf6d0) [0x2adc64f996d0]
  /lib64/libc.so.6(kill+0x7) [0x2adc654de547]
  /opt/cluster/programs/g16-c.01/g16/cubegen() [0x40fe24]
  /lib64/libc.so.6(__libc_start_main+0xf5) [0x2adc654ca445]
/var/spool/slurm//job7311645/slurm_script: line 57: 174631 Aborted                 $g16root/g16/cubegen 0 Density $FCKFILE $DNSFILE -2 h
 Will use up to     0 threads.
 Top CubeGen          Mon Feb 20 10:07:30 2023
 Aft UFChkP           Mon Feb 20 10:07:30 2023        0.07 cpu,        0.07 elapsed
 Could not find " ","Total SCF Density" on formatted checkpoint file.
 Error termination via Lnk1e at Mon Feb 20 10:07:30 2023.
Error: segmentation violation
   rax 0000000000000000, rbx 00000000058b0be0, rcx ffffffffffffffff
   rdx 000000000002aa3f, rsp 00007ffddf473aa8, rbp 00007ffddf473b00
   rsi 000000000000000b, rdi 000000000002aa3f, r8  00002b2c9d183ac0
   r9  00002b2c9d183ac0, r10 00007ffddf473520, r11 0000000000000202
   r12 00000000058aeb0b, r13 000000000697d288, r14 00000000058aeec0
   r15 00007ffddf475d40
  /lib64/libpthread.so.0(+0xf6d0) [0x2b2c9d67d6d0]
  /lib64/libc.so.6(kill+0x7) [0x2b2c9dbc2547]
  /opt/cluster/programs/g16-c.01/g16/cubegen() [0x40fe24]
  /lib64/libc.so.6(__libc_start_main+0xf5) [0x2b2c9dbae445]
/var/spool/slurm//job7311645/slurm_script: line 60: 174655 Aborted                 $g16root/g16/cubegen 0 Potential $FCKFILE $ESPFILE -2 h
cp: cannot stat ‘gaussian_127_water_hf_adz_dens.cube’: No such file or directory
cp: cannot stat ‘gaussian_127_water_hf_adz_esp.cube’: No such file or directory
