node63.cluster
 Read checkpoint file gaussian_22_water_hf_pdz.chk type G16
 Write formatted file gaussian_22_water_hf_pdz.fchk
 FChkPn:  Coordinates translated and rotated.
 FChkPn:  Coordinates match /B/ after translation and rotation.
 Will use up to     0 threads.
 Top CubeGen          Wed Feb  8 15:05:00 2023
 Aft UFChkP           Wed Feb  8 15:05:00 2023        0.13 cpu,        0.13 elapsed
 Aft DecCub           Wed Feb  8 15:05:00 2023        0.00 cpu,        0.01 elapsed
 Aft Density          Wed Feb  8 15:05:00 2023        0.00 cpu,        0.00 elapsed
 Bef DoCube           Wed Feb  8 15:05:00 2023        0.00 cpu,        0.00 elapsed
 There are a total of       29791 grid points.
 ElSum from          density=        8.1585069294
 Aft DoCube           Wed Feb  8 15:05:00 2023        0.05 cpu,        0.04 elapsed
 Will use up to     0 threads.
 Top CubeGen          Wed Feb  8 15:05:00 2023
 Aft UFChkP           Wed Feb  8 15:05:00 2023        0.13 cpu,        0.14 elapsed
 Aft DecCub           Wed Feb  8 15:05:00 2023        0.00 cpu,        0.00 elapsed
 Aft Density          Wed Feb  8 15:05:00 2023        0.00 cpu,        0.00 elapsed
 Bef DoCube           Wed Feb  8 15:05:00 2023        0.00 cpu,        0.00 elapsed
 There are a total of       29791 grid points.
 ElSum from          density=       13.5970973253
 Aft DoCube           Wed Feb  8 15:05:00 2023        0.21 cpu,        0.21 elapsed
