node106.cluster
Error: segmentation violation
   rax 0000000000000000, rbx ffffffffffffffff, rcx ffffffffffffffff
   rdx 0000000000024a65, rsp 00007ffdb4229a78, rbp 00007ffdb4229ff0
   rsi 000000000000000b, rdi 0000000000024a65, r8  0000000000000020
   r9  0000000000000401, r10 00007ffdb42294e0, r11 0000000000000206
   r12 00007ffdb422a038, r13 0000000000000000, r14 0000000000000000
   r15 00000000000003e6
  /lib64/libpthread.so.0(+0xf6d0) [0x2b13d1d226d0]
  /lib64/libc.so.6(kill+0x7) [0x2b13d2267547]
  /opt/cluster/programs/g16-c.01/g16/l1.exe() [0x4b8975]
  /opt/cluster/programs/g16-c.01/g16/l1.exe() [0x4f867a]
  /opt/cluster/programs/g16-c.01/g16/l1.exe() [0x4d56ab]
  /opt/cluster/programs/g16-c.01/g16/l1.exe() [0x41d5c6]
  /opt/cluster/programs/g16-c.01/g16/l1.exe() [0x410c4c]
  /opt/cluster/programs/g16-c.01/g16/l1.exe() [0x40d185]
  /opt/cluster/programs/g16-c.01/g16/l1.exe() [0x40cbd7]
  /opt/cluster/programs/g16-c.01/g16/l1.exe() [0x40cb24]
  /lib64/libc.so.6(__libc_start_main+0xf5) [0x2b13d2253445]
  /opt/cluster/programs/g16-c.01/g16/l1.exe() [0x407269]
 Read checkpoint file gaussian_7_water_hf_adz.chk type Unk
 Write formatted file gaussian_7_water_hf_adz.fchk
 Will use up to     0 threads.
 Top CubeGen          Mon Feb 20 10:05:25 2023
 Aft UFChkP           Mon Feb 20 10:05:25 2023        0.07 cpu,        0.07 elapsed
 Could not find " ","Total SCF Density" on formatted checkpoint file.
 Error termination via Lnk1e at Mon Feb 20 10:05:25 2023.
Error: segmentation violation
   rax 0000000000000000, rbx 00000000058b0be0, rcx ffffffffffffffff
   rdx 0000000000024aad, rsp 00007ffe9e99a058, rbp 00007ffe9e99a0b0
   rsi 000000000000000b, rdi 0000000000024aad, r8  00002b53592dfac0
   r9  00002b53592dfac0, r10 00007ffe9e999ae0, r11 0000000000000202
   r12 00000000058aeb0b, r13 000000000697d288, r14 00000000058aeec0
   r15 00007ffe9e99c2f0
  /lib64/libpthread.so.0(+0xf6d0) [0x2b53597d96d0]
  /lib64/libc.so.6(kill+0x7) [0x2b5359d1e547]
  /opt/cluster/programs/g16-c.01/g16/cubegen() [0x40fe24]
  /lib64/libc.so.6(__libc_start_main+0xf5) [0x2b5359d0a445]
/var/spool/slurm//job7311525/slurm_script: line 57: 150189 Aborted                 $g16root/g16/cubegen 0 Density $FCKFILE $DNSFILE -2 h
 Will use up to     0 threads.
 Top CubeGen          Mon Feb 20 10:05:26 2023
 Aft UFChkP           Mon Feb 20 10:05:26 2023        0.07 cpu,        0.07 elapsed
 Could not find " ","Total SCF Density" on formatted checkpoint file.
 Error termination via Lnk1e at Mon Feb 20 10:05:26 2023.
Error: segmentation violation
   rax 0000000000000000, rbx 00000000058b0be0, rcx ffffffffffffffff
   rdx 0000000000024adf, rsp 00007ffc967a1068, rbp 00007ffc967a10c0
   rsi 000000000000000b, rdi 0000000000024adf, r8  00002b1c4a834ac0
   r9  00002b1c4a834ac0, r10 00007ffc967a0ae0, r11 0000000000000202
   r12 00000000058aeb0b, r13 000000000697d288, r14 00000000058aeec0
   r15 00007ffc967a3300
  /lib64/libpthread.so.0(+0xf6d0) [0x2b1c4ad2e6d0]
  /lib64/libc.so.6(kill+0x7) [0x2b1c4b273547]
  /opt/cluster/programs/g16-c.01/g16/cubegen() [0x40fe24]
  /lib64/libc.so.6(__libc_start_main+0xf5) [0x2b1c4b25f445]
/var/spool/slurm//job7311525/slurm_script: line 60: 150239 Aborted                 $g16root/g16/cubegen 0 Potential $FCKFILE $ESPFILE -2 h
cp: cannot stat ‘gaussian_7_water_hf_adz_dens.cube’: No such file or directory
cp: cannot stat ‘gaussian_7_water_hf_adz_esp.cube’: No such file or directory
