node105.cluster
Error: segmentation violation
   rax 0000000000000000, rbx ffffffffffffffff, rcx ffffffffffffffff
   rdx 000000000002a697, rsp 00007ffeaf7eee18, rbp 00007ffeaf7ef390
   rsi 000000000000000b, rdi 000000000002a697, r8  0000000000000020
   r9  0000000000000401, r10 00007ffeaf7ee8a0, r11 0000000000000206
   r12 00007ffeaf7ef3d8, r13 0000000000000000, r14 0000000000000000
   r15 00000000000003e6
  /lib64/libpthread.so.0(+0xf6d0) [0x2b86cc5636d0]
  /lib64/libc.so.6(kill+0x7) [0x2b86ccaa8547]
  /opt/cluster/programs/g16-c.01/g16/l1.exe() [0x4b8975]
  /opt/cluster/programs/g16-c.01/g16/l1.exe() [0x4f867a]
  /opt/cluster/programs/g16-c.01/g16/l1.exe() [0x4d56ab]
  /opt/cluster/programs/g16-c.01/g16/l1.exe() [0x41d5c6]
  /opt/cluster/programs/g16-c.01/g16/l1.exe() [0x410c4c]
  /opt/cluster/programs/g16-c.01/g16/l1.exe() [0x40d185]
  /opt/cluster/programs/g16-c.01/g16/l1.exe() [0x40cbd7]
  /opt/cluster/programs/g16-c.01/g16/l1.exe() [0x40cb24]
  /lib64/libc.so.6(__libc_start_main+0xf5) [0x2b86cca94445]
  /opt/cluster/programs/g16-c.01/g16/l1.exe() [0x407269]
 Read checkpoint file gaussian_94_water_hf_adz.chk type Unk
 Write formatted file gaussian_94_water_hf_adz.fchk
 Will use up to     0 threads.
 Top CubeGen          Mon Feb 20 10:06:59 2023
 Aft UFChkP           Mon Feb 20 10:06:59 2023        0.07 cpu,        0.07 elapsed
 Could not find " ","Total SCF Density" on formatted checkpoint file.
 Error termination via Lnk1e at Mon Feb 20 10:06:59 2023.
Error: segmentation violation
   rax 0000000000000000, rbx 00000000058b0be0, rcx ffffffffffffffff
   rdx 000000000002a6fa, rsp 00007ffc36a34de8, rbp 00007ffc36a34e40
   rsi 000000000000000b, rdi 000000000002a6fa, r8  00002ac0a5addac0
   r9  00002ac0a5addac0, r10 00007ffc36a34860, r11 0000000000000206
   r12 00000000058aeb0b, r13 000000000697d288, r14 00000000058aeec0
   r15 00007ffc36a37080
  /lib64/libpthread.so.0(+0xf6d0) [0x2ac0a5fd76d0]
  /lib64/libc.so.6(kill+0x7) [0x2ac0a651c547]
  /opt/cluster/programs/g16-c.01/g16/cubegen() [0x40fe24]
  /lib64/libc.so.6(__libc_start_main+0xf5) [0x2ac0a6508445]
/var/spool/slurm//job7311612/slurm_script: line 57: 173818 Aborted                 $g16root/g16/cubegen 0 Density $FCKFILE $DNSFILE -2 h
 Will use up to     0 threads.
 Top CubeGen          Mon Feb 20 10:06:59 2023
 Aft UFChkP           Mon Feb 20 10:06:59 2023        0.06 cpu,        0.07 elapsed
 Could not find " ","Total SCF Density" on formatted checkpoint file.
 Error termination via Lnk1e at Mon Feb 20 10:06:59 2023.
Error: segmentation violation
   rax 0000000000000000, rbx 00000000058b0be0, rcx ffffffffffffffff
   rdx 000000000002a726, rsp 00007ffee1024488, rbp 00007ffee10244e0
   rsi 000000000000000b, rdi 000000000002a726, r8  00002b141585eac0
   r9  00002b141585eac0, r10 00007ffee1023ee0, r11 0000000000000206
   r12 00000000058aeb0b, r13 000000000697d288, r14 00000000058aeec0
   r15 00007ffee1026720
  /lib64/libpthread.so.0(+0xf6d0) [0x2b1415d586d0]
  /lib64/libc.so.6(kill+0x7) [0x2b141629d547]
  /opt/cluster/programs/g16-c.01/g16/cubegen() [0x40fe24]
  /lib64/libc.so.6(__libc_start_main+0xf5) [0x2b1416289445]
/var/spool/slurm//job7311612/slurm_script: line 60: 173862 Aborted                 $g16root/g16/cubegen 0 Potential $FCKFILE $ESPFILE -2 h
cp: cannot stat ‘gaussian_94_water_hf_adz_dens.cube’: No such file or directory
cp: cannot stat ‘gaussian_94_water_hf_adz_esp.cube’: No such file or directory
