node59.cluster
 Read checkpoint file gaussian_117_water_b3lyp_pdz.chk type G16
 Write formatted file gaussian_117_water_b3lyp_pdz.fchk
 FChkPn:  Coordinates translated and rotated.
 FChkPn:  Coordinates match /B/ after translation and rotation.
 Will use up to     0 threads.
 Top CubeGen          Wed Feb  8 14:51:42 2023
 Aft UFChkP           Wed Feb  8 14:51:42 2023        0.11 cpu,        0.11 elapsed
 Aft DecCub           Wed Feb  8 14:51:42 2023        0.01 cpu,        0.00 elapsed
 Aft Density          Wed Feb  8 14:51:42 2023        0.00 cpu,        0.00 elapsed
 Bef DoCube           Wed Feb  8 14:51:42 2023        0.00 cpu,        0.00 elapsed
 There are a total of       29791 grid points.
 ElSum from          density=        8.1605952702
 Aft DoCube           Wed Feb  8 14:51:42 2023        0.03 cpu,        0.03 elapsed
 Will use up to     0 threads.
 Top CubeGen          Wed Feb  8 14:51:42 2023
 Aft UFChkP           Wed Feb  8 14:51:42 2023        0.11 cpu,        0.11 elapsed
 Aft DecCub           Wed Feb  8 14:51:42 2023        0.00 cpu,        0.00 elapsed
 Aft Density          Wed Feb  8 14:51:42 2023        0.00 cpu,        0.00 elapsed
 Bef DoCube           Wed Feb  8 14:51:42 2023        0.00 cpu,        0.00 elapsed
 There are a total of       29791 grid points.
 ElSum from          density=       13.5870975613
 Aft DoCube           Wed Feb  8 14:51:43 2023        0.16 cpu,        0.17 elapsed
