node105.cluster
Error: segmentation violation
   rax 0000000000000000, rbx ffffffffffffffff, rcx ffffffffffffffff
   rdx 0000000000029e92, rsp 00007ffdcd343158, rbp 00007ffdcd3436d0
   rsi 000000000000000b, rdi 0000000000029e92, r8  0000000000000020
   r9  0000000000000401, r10 00007ffdcd342be0, r11 0000000000000202
   r12 00007ffdcd343718, r13 0000000000000000, r14 0000000000000000
   r15 00000000000003e6
  /lib64/libpthread.so.0(+0xf6d0) [0x2b288ffc96d0]
  /lib64/libc.so.6(kill+0x7) [0x2b289050e547]
  /opt/cluster/programs/g16-c.01/g16/l1.exe() [0x4b8975]
  /opt/cluster/programs/g16-c.01/g16/l1.exe() [0x4f867a]
  /opt/cluster/programs/g16-c.01/g16/l1.exe() [0x4d56ab]
  /opt/cluster/programs/g16-c.01/g16/l1.exe() [0x41d5c6]
  /opt/cluster/programs/g16-c.01/g16/l1.exe() [0x410c4c]
  /opt/cluster/programs/g16-c.01/g16/l1.exe() [0x40d185]
  /opt/cluster/programs/g16-c.01/g16/l1.exe() [0x40cbd7]
  /opt/cluster/programs/g16-c.01/g16/l1.exe() [0x40cb24]
  /lib64/libc.so.6(__libc_start_main+0xf5) [0x2b28904fa445]
  /opt/cluster/programs/g16-c.01/g16/l1.exe() [0x407269]
 Read checkpoint file gaussian_15_water_hf_adz.chk type Unk
 Write formatted file gaussian_15_water_hf_adz.fchk
 Will use up to     0 threads.
 Top CubeGen          Mon Feb 20 10:05:38 2023
 Aft UFChkP           Mon Feb 20 10:05:38 2023        0.07 cpu,        0.07 elapsed
 Could not find " ","Total SCF Density" on formatted checkpoint file.
 Error termination via Lnk1e at Mon Feb 20 10:05:38 2023.
Error: segmentation violation
   rax 0000000000000000, rbx 00000000058b0be0, rcx ffffffffffffffff
   rdx 0000000000029ee0, rsp 00007ffeaa767718, rbp 00007ffeaa767770
   rsi 000000000000000b, rdi 0000000000029ee0, r8  00002ad7b5ea2ac0
   r9  00002ad7b5ea2ac0, r10 00007ffeaa7671a0, r11 0000000000000206
   r12 00000000058aeb0b, r13 000000000697d288, r14 00000000058aeec0
   r15 00007ffeaa7699b0
  /lib64/libpthread.so.0(+0xf6d0) [0x2ad7b639c6d0]
  /lib64/libc.so.6(kill+0x7) [0x2ad7b68e1547]
  /opt/cluster/programs/g16-c.01/g16/cubegen() [0x40fe24]
  /lib64/libc.so.6(__libc_start_main+0xf5) [0x2ad7b68cd445]
/var/spool/slurm//job7311533/slurm_script: line 57: 171744 Aborted                 $g16root/g16/cubegen 0 Density $FCKFILE $DNSFILE -2 h
 Will use up to     0 threads.
 Top CubeGen          Mon Feb 20 10:05:39 2023
 Aft UFChkP           Mon Feb 20 10:05:39 2023        0.07 cpu,        0.07 elapsed
 Could not find " ","Total SCF Density" on formatted checkpoint file.
 Error termination via Lnk1e at Mon Feb 20 10:05:39 2023.
Error: segmentation violation
   rax 0000000000000000, rbx 00000000058b0be0, rcx ffffffffffffffff
   rdx 0000000000029f10, rsp 00007ffec0015148, rbp 00007ffec00151a0
   rsi 000000000000000b, rdi 0000000000029f10, r8  00002ae58ecf8ac0
   r9  00002ae58ecf8ac0, r10 00007ffec0014ba0, r11 0000000000000206
   r12 00000000058aeb0b, r13 000000000697d288, r14 00000000058aeec0
   r15 00007ffec00173e0
  /lib64/libpthread.so.0(+0xf6d0) [0x2ae58f1f26d0]
  /lib64/libc.so.6(kill+0x7) [0x2ae58f737547]
  /opt/cluster/programs/g16-c.01/g16/cubegen() [0x40fe24]
  /lib64/libc.so.6(__libc_start_main+0xf5) [0x2ae58f723445]
/var/spool/slurm//job7311533/slurm_script: line 60: 171792 Aborted                 $g16root/g16/cubegen 0 Potential $FCKFILE $ESPFILE -2 h
cp: cannot stat ‘gaussian_15_water_hf_adz_dens.cube’: No such file or directory
cp: cannot stat ‘gaussian_15_water_hf_adz_esp.cube’: No such file or directory
