node101.cluster
Error: segmentation violation
   rax 0000000000000000, rbx ffffffffffffffff, rcx ffffffffffffffff
   rdx 000000000002e64a, rsp 00007ffea2e0a5c8, rbp 00007ffea2e0ab40
   rsi 000000000000000b, rdi 000000000002e64a, r8  0000000000000020
   r9  0000000000000401, r10 00007ffea2e0a020, r11 0000000000000202
   r12 00007ffea2e0ab88, r13 0000000000000000, r14 0000000000000000
   r15 00000000000003e6
  /lib64/libpthread.so.0(+0xf6d0) [0x2ac940ca16d0]
  /lib64/libc.so.6(kill+0x7) [0x2ac9411e6547]
  /opt/cluster/programs/g16-c.01/g16/l1.exe() [0x4b8975]
  /opt/cluster/programs/g16-c.01/g16/l1.exe() [0x4f867a]
  /opt/cluster/programs/g16-c.01/g16/l1.exe() [0x4d56ab]
  /opt/cluster/programs/g16-c.01/g16/l1.exe() [0x41d5c6]
  /opt/cluster/programs/g16-c.01/g16/l1.exe() [0x410c4c]
  /opt/cluster/programs/g16-c.01/g16/l1.exe() [0x40d185]
  /opt/cluster/programs/g16-c.01/g16/l1.exe() [0x40cbd7]
  /opt/cluster/programs/g16-c.01/g16/l1.exe() [0x40cb24]
  /lib64/libc.so.6(__libc_start_main+0xf5) [0x2ac9411d2445]
  /opt/cluster/programs/g16-c.01/g16/l1.exe() [0x407269]
 Read checkpoint file gaussian_51_water_hf_adz2.chk type Unk
 Write formatted file gaussian_51_water_hf_adz2.fchk
 Will use up to     0 threads.
 Top CubeGen          Mon Feb 20 10:09:46 2023
 Aft UFChkP           Mon Feb 20 10:09:46 2023        0.06 cpu,        0.07 elapsed
 Could not find " ","Total SCF Density" on formatted checkpoint file.
 Error termination via Lnk1e at Mon Feb 20 10:09:46 2023.
Error: segmentation violation
   rax 0000000000000000, rbx 00000000058b0be0, rcx ffffffffffffffff
   rdx 000000000002e65c, rsp 00007ffcd5d47478, rbp 00007ffcd5d474d0
   rsi 000000000000000b, rdi 000000000002e65c, r8  00002b1efa2a9ac0
   r9  00002b1efa2a9ac0, r10 00007ffcd5d46ee0, r11 0000000000000206
   r12 00000000058aeb0b, r13 000000000697d288, r14 00000000058aeec0
   r15 00007ffcd5d49710
  /lib64/libpthread.so.0(+0xf6d0) [0x2b1efa7a16d0]
  /lib64/libc.so.6(kill+0x7) [0x2b1eface6547]
  /opt/cluster/programs/g16-c.01/g16/cubegen() [0x40fe24]
  /lib64/libc.so.6(__libc_start_main+0xf5) [0x2b1efacd2445]
/var/spool/slurm//job7311749/slurm_script: line 57: 190044 Aborted                 $g16root/g16/cubegen 0 Density $FCKFILE $DNSFILE -2 h
 Will use up to     0 threads.
 Top CubeGen          Mon Feb 20 10:09:46 2023
 Aft UFChkP           Mon Feb 20 10:09:46 2023        0.07 cpu,        0.07 elapsed
 Could not find " ","Total SCF Density" on formatted checkpoint file.
 Error termination via Lnk1e at Mon Feb 20 10:09:46 2023.
Error: segmentation violation
   rax 0000000000000000, rbx 00000000058b0be0, rcx ffffffffffffffff
   rdx 000000000002e668, rsp 00007ffe0eef7e68, rbp 00007ffe0eef7ec0
   rsi 000000000000000b, rdi 000000000002e668, r8  00002afdeaf61ac0
   r9  00002afdeaf61ac0, r10 00007ffe0eef78e0, r11 0000000000000202
   r12 00000000058aeb0b, r13 000000000697d288, r14 00000000058aeec0
   r15 00007ffe0eefa100
  /lib64/libpthread.so.0(+0xf6d0) [0x2afdeb45b6d0]
  /lib64/libc.so.6(kill+0x7) [0x2afdeb9a0547]
  /opt/cluster/programs/g16-c.01/g16/cubegen() [0x40fe24]
  /lib64/libc.so.6(__libc_start_main+0xf5) [0x2afdeb98c445]
/var/spool/slurm//job7311749/slurm_script: line 60: 190056 Aborted                 $g16root/g16/cubegen 0 Potential $FCKFILE $ESPFILE -2 h
cp: cannot stat ‘gaussian_51_water_hf_adz2_dens.cube’: No such file or directory
cp: cannot stat ‘gaussian_51_water_hf_adz2_esp.cube’: No such file or directory
