node106.cluster
Error: segmentation violation
   rax 0000000000000000, rbx ffffffffffffffff, rcx ffffffffffffffff
   rdx 00000000000259c7, rsp 00007ffd1c7f5258, rbp 00007ffd1c7f57d0
   rsi 000000000000000b, rdi 00000000000259c7, r8  0000000000000020
   r9  0000000000000401, r10 00007ffd1c7f4ce0, r11 0000000000000202
   r12 00007ffd1c7f5818, r13 0000000000000000, r14 0000000000000000
   r15 00000000000003e6
  /lib64/libpthread.so.0(+0xf6d0) [0x2b7c2c53e6d0]
  /lib64/libc.so.6(kill+0x7) [0x2b7c2ca83547]
  /opt/cluster/programs/g16-c.01/g16/l1.exe() [0x4b8975]
  /opt/cluster/programs/g16-c.01/g16/l1.exe() [0x4f867a]
  /opt/cluster/programs/g16-c.01/g16/l1.exe() [0x4d56ab]
  /opt/cluster/programs/g16-c.01/g16/l1.exe() [0x41d5c6]
  /opt/cluster/programs/g16-c.01/g16/l1.exe() [0x410c4c]
  /opt/cluster/programs/g16-c.01/g16/l1.exe() [0x40d185]
  /opt/cluster/programs/g16-c.01/g16/l1.exe() [0x40cbd7]
  /opt/cluster/programs/g16-c.01/g16/l1.exe() [0x40cb24]
  /lib64/libc.so.6(__libc_start_main+0xf5) [0x2b7c2ca6f445]
  /opt/cluster/programs/g16-c.01/g16/l1.exe() [0x407269]
 Read checkpoint file gaussian_167_water_hf_adz.chk type Unk
 Write formatted file gaussian_167_water_hf_adz.fchk
 Will use up to     0 threads.
 Top CubeGen          Mon Feb 20 10:08:10 2023
 Aft UFChkP           Mon Feb 20 10:08:10 2023        0.07 cpu,        0.07 elapsed
 Could not find " ","Total SCF Density" on formatted checkpoint file.
 Error termination via Lnk1e at Mon Feb 20 10:08:10 2023.
Error: segmentation violation
   rax 0000000000000000, rbx 00000000058b0be0, rcx ffffffffffffffff
   rdx 0000000000025a35, rsp 00007ffce565e668, rbp 00007ffce565e6c0
   rsi 000000000000000b, rdi 0000000000025a35, r8  00002b5e0006cac0
   r9  00002b5e0006cac0, r10 00007ffce565e0e0, r11 0000000000000202
   r12 00000000058aeb0b, r13 000000000697d288, r14 00000000058aeec0
   r15 00007ffce5660900
  /lib64/libpthread.so.0(+0xf6d0) [0x2b5e005666d0]
  /lib64/libc.so.6(kill+0x7) [0x2b5e00aab547]
  /opt/cluster/programs/g16-c.01/g16/cubegen() [0x40fe24]
  /lib64/libc.so.6(__libc_start_main+0xf5) [0x2b5e00a97445]
/var/spool/slurm//job7311685/slurm_script: line 57: 154165 Aborted                 $g16root/g16/cubegen 0 Density $FCKFILE $DNSFILE -2 h
 Will use up to     0 threads.
 Top CubeGen          Mon Feb 20 10:08:10 2023
 Aft UFChkP           Mon Feb 20 10:08:10 2023        0.07 cpu,        0.07 elapsed
 Could not find " ","Total SCF Density" on formatted checkpoint file.
 Error termination via Lnk1e at Mon Feb 20 10:08:10 2023.
Error: segmentation violation
   rax 0000000000000000, rbx 00000000058b0be0, rcx ffffffffffffffff
   rdx 0000000000025a65, rsp 00007fffdafb76c8, rbp 00007fffdafb7720
   rsi 000000000000000b, rdi 0000000000025a65, r8  00002ba094646ac0
   r9  00002ba094646ac0, r10 00007fffdafb7120, r11 0000000000000202
   r12 00000000058aeb0b, r13 000000000697d288, r14 00000000058aeec0
   r15 00007fffdafb9960
  /lib64/libpthread.so.0(+0xf6d0) [0x2ba094b406d0]
  /lib64/libc.so.6(kill+0x7) [0x2ba095085547]
  /opt/cluster/programs/g16-c.01/g16/cubegen() [0x40fe24]
  /lib64/libc.so.6(__libc_start_main+0xf5) [0x2ba095071445]
/var/spool/slurm//job7311685/slurm_script: line 60: 154213 Aborted                 $g16root/g16/cubegen 0 Potential $FCKFILE $ESPFILE -2 h
cp: cannot stat ‘gaussian_167_water_hf_adz_dens.cube’: No such file or directory
cp: cannot stat ‘gaussian_167_water_hf_adz_esp.cube’: No such file or directory
