node105.cluster
Error: segmentation violation
   rax 0000000000000000, rbx ffffffffffffffff, rcx ffffffffffffffff
   rdx 000000000002a2cc, rsp 00007fff57df35a8, rbp 00007fff57df3b20
   rsi 000000000000000b, rdi 000000000002a2cc, r8  0000000000000020
   r9  0000000000000401, r10 00007fff57df3020, r11 0000000000000202
   r12 00007fff57df3b68, r13 0000000000000000, r14 0000000000000000
   r15 00000000000003e6
  /lib64/libpthread.so.0(+0xf6d0) [0x2b7d8f5836d0]
  /lib64/libc.so.6(kill+0x7) [0x2b7d8fac8547]
  /opt/cluster/programs/g16-c.01/g16/l1.exe() [0x4b8975]
  /opt/cluster/programs/g16-c.01/g16/l1.exe() [0x4f867a]
  /opt/cluster/programs/g16-c.01/g16/l1.exe() [0x4d56ab]
  /opt/cluster/programs/g16-c.01/g16/l1.exe() [0x41d5c6]
  /opt/cluster/programs/g16-c.01/g16/l1.exe() [0x410c4c]
  /opt/cluster/programs/g16-c.01/g16/l1.exe() [0x40d185]
  /opt/cluster/programs/g16-c.01/g16/l1.exe() [0x40cbd7]
  /opt/cluster/programs/g16-c.01/g16/l1.exe() [0x40cb24]
  /lib64/libc.so.6(__libc_start_main+0xf5) [0x2b7d8fab4445]
  /opt/cluster/programs/g16-c.01/g16/l1.exe() [0x407269]
 Read checkpoint file gaussian_56_water_hf_adz.chk type Unk
 Write formatted file gaussian_56_water_hf_adz.fchk
 Will use up to     0 threads.
 Top CubeGen          Mon Feb 20 10:06:18 2023
 Aft UFChkP           Mon Feb 20 10:06:18 2023        0.07 cpu,        0.07 elapsed
 Could not find " ","Total SCF Density" on formatted checkpoint file.
 Error termination via Lnk1e at Mon Feb 20 10:06:18 2023.
Error: segmentation violation
   rax 0000000000000000, rbx 00000000058b0be0, rcx ffffffffffffffff
   rdx 000000000002a311, rsp 00007ffc4ef061e8, rbp 00007ffc4ef06240
   rsi 000000000000000b, rdi 000000000002a311, r8  00002aeb4eb4cac0
   r9  00002aeb4eb4cac0, r10 00007ffc4ef05c60, r11 0000000000000206
   r12 00000000058aeb0b, r13 000000000697d288, r14 00000000058aeec0
   r15 00007ffc4ef08480
  /lib64/libpthread.so.0(+0xf6d0) [0x2aeb4f0466d0]
  /lib64/libc.so.6(kill+0x7) [0x2aeb4f58b547]
  /opt/cluster/programs/g16-c.01/g16/cubegen() [0x40fe24]
  /lib64/libc.so.6(__libc_start_main+0xf5) [0x2aeb4f577445]
/var/spool/slurm//job7311574/slurm_script: line 57: 172817 Aborted                 $g16root/g16/cubegen 0 Density $FCKFILE $DNSFILE -2 h
 Will use up to     0 threads.
 Top CubeGen          Mon Feb 20 10:06:19 2023
 Aft UFChkP           Mon Feb 20 10:06:19 2023        0.07 cpu,        0.07 elapsed
 Could not find " ","Total SCF Density" on formatted checkpoint file.
 Error termination via Lnk1e at Mon Feb 20 10:06:19 2023.
Error: segmentation violation
   rax 0000000000000000, rbx 00000000058b0be0, rcx ffffffffffffffff
   rdx 000000000002a340, rsp 00007ffda42fc448, rbp 00007ffda42fc4a0
   rsi 000000000000000b, rdi 000000000002a340, r8  00002b6ade5beac0
   r9  00002b6ade5beac0, r10 00007ffda42fbea0, r11 0000000000000206
   r12 00000000058aeb0b, r13 000000000697d288, r14 00000000058aeec0
   r15 00007ffda42fe6e0
  /lib64/libpthread.so.0(+0xf6d0) [0x2b6adeab86d0]
  /lib64/libc.so.6(kill+0x7) [0x2b6adeffd547]
  /opt/cluster/programs/g16-c.01/g16/cubegen() [0x40fe24]
  /lib64/libc.so.6(__libc_start_main+0xf5) [0x2b6adefe9445]
/var/spool/slurm//job7311574/slurm_script: line 60: 172864 Aborted                 $g16root/g16/cubegen 0 Potential $FCKFILE $ESPFILE -2 h
cp: cannot stat ‘gaussian_56_water_hf_adz_dens.cube’: No such file or directory
cp: cannot stat ‘gaussian_56_water_hf_adz_esp.cube’: No such file or directory
