node102.cluster
Error: segmentation violation
   rax 0000000000000000, rbx ffffffffffffffff, rcx ffffffffffffffff
   rdx 000000000002deb4, rsp 00007fff257bc8f8, rbp 00007fff257bce70
   rsi 000000000000000b, rdi 000000000002deb4, r8  0000000000000020
   r9  0000000000000401, r10 00007fff257bc360, r11 0000000000000202
   r12 00007fff257bceb8, r13 0000000000000000, r14 0000000000000000
   r15 00000000000003e6
  /lib64/libpthread.so.0(+0xf6d0) [0x2b65d68fc6d0]
  /lib64/libc.so.6(kill+0x7) [0x2b65d6e41547]
  /opt/cluster/programs/g16-c.01/g16/l1.exe() [0x4b8975]
  /opt/cluster/programs/g16-c.01/g16/l1.exe() [0x4f867a]
  /opt/cluster/programs/g16-c.01/g16/l1.exe() [0x4d56ab]
  /opt/cluster/programs/g16-c.01/g16/l1.exe() [0x41d5c6]
  /opt/cluster/programs/g16-c.01/g16/l1.exe() [0x410c4c]
  /opt/cluster/programs/g16-c.01/g16/l1.exe() [0x40d185]
  /opt/cluster/programs/g16-c.01/g16/l1.exe() [0x40cbd7]
  /opt/cluster/programs/g16-c.01/g16/l1.exe() [0x40cb24]
  /lib64/libc.so.6(__libc_start_main+0xf5) [0x2b65d6e2d445]
  /opt/cluster/programs/g16-c.01/g16/l1.exe() [0x407269]
 Read checkpoint file gaussian_101_water_hf_adz.chk type Unk
 Write formatted file gaussian_101_water_hf_adz.fchk
 Will use up to     0 threads.
 Top CubeGen          Mon Feb 20 10:07:09 2023
 Aft UFChkP           Mon Feb 20 10:07:09 2023        0.06 cpu,        0.07 elapsed
 Could not find " ","Total SCF Density" on formatted checkpoint file.
 Error termination via Lnk1e at Mon Feb 20 10:07:09 2023.
Error: segmentation violation
   rax 0000000000000000, rbx 00000000058b0be0, rcx ffffffffffffffff
   rdx 000000000002dec6, rsp 00007ffc29228fd8, rbp 00007ffc29229030
   rsi 000000000000000b, rdi 000000000002dec6, r8  00002acde72cbac0
   r9  00002acde72cbac0, r10 00007ffc29228a60, r11 0000000000000206
   r12 00000000058aeb0b, r13 000000000697d288, r14 00000000058aeec0
   r15 00007ffc2922b270
  /lib64/libpthread.so.0(+0xf6d0) [0x2acde77c56d0]
  /lib64/libc.so.6(kill+0x7) [0x2acde7d0a547]
  /opt/cluster/programs/g16-c.01/g16/cubegen() [0x40fe24]
  /lib64/libc.so.6(__libc_start_main+0xf5) [0x2acde7cf6445]
/var/spool/slurm//job7311619/slurm_script: line 57: 188102 Aborted                 $g16root/g16/cubegen 0 Density $FCKFILE $DNSFILE -2 h
 Will use up to     0 threads.
 Top CubeGen          Mon Feb 20 10:07:09 2023
 Aft UFChkP           Mon Feb 20 10:07:09 2023        0.06 cpu,        0.07 elapsed
 Could not find " ","Total SCF Density" on formatted checkpoint file.
 Error termination via Lnk1e at Mon Feb 20 10:07:09 2023.
Error: segmentation violation
   rax 0000000000000000, rbx 00000000058b0be0, rcx ffffffffffffffff
   rdx 000000000002ded2, rsp 00007fffe0bda268, rbp 00007fffe0bda2c0
   rsi 000000000000000b, rdi 000000000002ded2, r8  00002acc1e8e6ac0
   r9  00002acc1e8e6ac0, r10 00007fffe0bd9ce0, r11 0000000000000202
   r12 00000000058aeb0b, r13 000000000697d288, r14 00000000058aeec0
   r15 00007fffe0bdc500
  /lib64/libpthread.so.0(+0xf6d0) [0x2acc1ede06d0]
  /lib64/libc.so.6(kill+0x7) [0x2acc1f325547]
  /opt/cluster/programs/g16-c.01/g16/cubegen() [0x40fe24]
  /lib64/libc.so.6(__libc_start_main+0xf5) [0x2acc1f311445]
/var/spool/slurm//job7311619/slurm_script: line 60: 188114 Aborted                 $g16root/g16/cubegen 0 Potential $FCKFILE $ESPFILE -2 h
cp: cannot stat ‘gaussian_101_water_hf_adz_dens.cube’: No such file or directory
cp: cannot stat ‘gaussian_101_water_hf_adz_esp.cube’: No such file or directory
