node106.cluster
Error: segmentation violation
   rax 0000000000000000, rbx ffffffffffffffff, rcx ffffffffffffffff
   rdx 0000000000024f37, rsp 00007ffc65eef638, rbp 00007ffc65eefbb0
   rsi 000000000000000b, rdi 0000000000024f37, r8  0000000000000020
   r9  0000000000000401, r10 00007ffc65eef0a0, r11 0000000000000202
   r12 00007ffc65eefbf8, r13 0000000000000000, r14 0000000000000000
   r15 00000000000003e6
  /lib64/libpthread.so.0(+0xf6d0) [0x2afc531716d0]
  /lib64/libc.so.6(kill+0x7) [0x2afc536b6547]
  /opt/cluster/programs/g16-c.01/g16/l1.exe() [0x4b8975]
  /opt/cluster/programs/g16-c.01/g16/l1.exe() [0x4f867a]
  /opt/cluster/programs/g16-c.01/g16/l1.exe() [0x4d56ab]
  /opt/cluster/programs/g16-c.01/g16/l1.exe() [0x41d5c6]
  /opt/cluster/programs/g16-c.01/g16/l1.exe() [0x410c4c]
  /opt/cluster/programs/g16-c.01/g16/l1.exe() [0x40d185]
  /opt/cluster/programs/g16-c.01/g16/l1.exe() [0x40cbd7]
  /opt/cluster/programs/g16-c.01/g16/l1.exe() [0x40cb24]
  /lib64/libc.so.6(__libc_start_main+0xf5) [0x2afc536a2445]
  /opt/cluster/programs/g16-c.01/g16/l1.exe() [0x407269]
 Read checkpoint file gaussian_57_water_hf_adz.chk type Unk
 Write formatted file gaussian_57_water_hf_adz.fchk
 Will use up to     0 threads.
 Top CubeGen          Mon Feb 20 10:06:18 2023
 Aft UFChkP           Mon Feb 20 10:06:18 2023        0.06 cpu,        0.07 elapsed
 Could not find " ","Total SCF Density" on formatted checkpoint file.
 Error termination via Lnk1e at Mon Feb 20 10:06:18 2023.
Error: segmentation violation
   rax 0000000000000000, rbx 00000000058b0be0, rcx ffffffffffffffff
   rdx 0000000000024fa0, rsp 00007ffec8ebce18, rbp 00007ffec8ebce70
   rsi 000000000000000b, rdi 0000000000024fa0, r8  00002b12076caac0
   r9  00002b12076caac0, r10 00007ffec8ebc8a0, r11 0000000000000206
   r12 00000000058aeb0b, r13 000000000697d288, r14 00000000058aeec0
   r15 00007ffec8ebf0b0
  /lib64/libpthread.so.0(+0xf6d0) [0x2b1207bc46d0]
  /lib64/libc.so.6(kill+0x7) [0x2b1208109547]
  /opt/cluster/programs/g16-c.01/g16/cubegen() [0x40fe24]
  /lib64/libc.so.6(__libc_start_main+0xf5) [0x2b12080f5445]
/var/spool/slurm//job7311575/slurm_script: line 57: 151456 Aborted                 $g16root/g16/cubegen 0 Density $FCKFILE $DNSFILE -2 h
 Will use up to     0 threads.
 Top CubeGen          Mon Feb 20 10:06:19 2023
 Aft UFChkP           Mon Feb 20 10:06:19 2023        0.07 cpu,        0.07 elapsed
 Could not find " ","Total SCF Density" on formatted checkpoint file.
 Error termination via Lnk1e at Mon Feb 20 10:06:19 2023.
Error: segmentation violation
   rax 0000000000000000, rbx 00000000058b0be0, rcx ffffffffffffffff
   rdx 0000000000024fd0, rsp 00007ffccb7a7188, rbp 00007ffccb7a71e0
   rsi 000000000000000b, rdi 0000000000024fd0, r8  00002b23ef62dac0
   r9  00002b23ef62dac0, r10 00007ffccb7a6be0, r11 0000000000000206
   r12 00000000058aeb0b, r13 000000000697d288, r14 00000000058aeec0
   r15 00007ffccb7a9420
  /lib64/libpthread.so.0(+0xf6d0) [0x2b23efb276d0]
  /lib64/libc.so.6(kill+0x7) [0x2b23f006c547]
  /opt/cluster/programs/g16-c.01/g16/cubegen() [0x40fe24]
  /lib64/libc.so.6(__libc_start_main+0xf5) [0x2b23f0058445]
/var/spool/slurm//job7311575/slurm_script: line 60: 151504 Aborted                 $g16root/g16/cubegen 0 Potential $FCKFILE $ESPFILE -2 h
cp: cannot stat ‘gaussian_57_water_hf_adz_dens.cube’: No such file or directory
cp: cannot stat ‘gaussian_57_water_hf_adz_esp.cube’: No such file or directory
