node106.cluster
Error: segmentation violation
   rax 0000000000000000, rbx ffffffffffffffff, rcx ffffffffffffffff
   rdx 0000000000026395, rsp 00007ffdeca9ccb8, rbp 00007ffdeca9d230
   rsi 000000000000000b, rdi 0000000000026395, r8  0000000000000020
   r9  0000000000000401, r10 00007ffdeca9c720, r11 0000000000000206
   r12 00007ffdeca9d278, r13 0000000000000000, r14 0000000000000000
   r15 00000000000003e6
  /lib64/libpthread.so.0(+0xf6d0) [0x2ba9e576d6d0]
  /lib64/libc.so.6(kill+0x7) [0x2ba9e5cb2547]
  /opt/cluster/programs/g16-c.01/g16/l1.exe() [0x4b8975]
  /opt/cluster/programs/g16-c.01/g16/l1.exe() [0x4f867a]
  /opt/cluster/programs/g16-c.01/g16/l1.exe() [0x4d56ab]
  /opt/cluster/programs/g16-c.01/g16/l1.exe() [0x41d5c6]
  /opt/cluster/programs/g16-c.01/g16/l1.exe() [0x410c4c]
  /opt/cluster/programs/g16-c.01/g16/l1.exe() [0x40d185]
  /opt/cluster/programs/g16-c.01/g16/l1.exe() [0x40cbd7]
  /opt/cluster/programs/g16-c.01/g16/l1.exe() [0x40cb24]
  /lib64/libc.so.6(__libc_start_main+0xf5) [0x2ba9e5c9e445]
  /opt/cluster/programs/g16-c.01/g16/l1.exe() [0x407269]
 Read checkpoint file gaussian_88_water_hf_adz2.chk type Unk
 Write formatted file gaussian_88_water_hf_adz2.fchk
 Will use up to     0 threads.
 Top CubeGen          Mon Feb 20 10:10:16 2023
 Aft UFChkP           Mon Feb 20 10:10:16 2023        0.06 cpu,        0.07 elapsed
 Could not find " ","Total SCF Density" on formatted checkpoint file.
 Error termination via Lnk1e at Mon Feb 20 10:10:16 2023.
Error: segmentation violation
   rax 0000000000000000, rbx 00000000058b0be0, rcx ffffffffffffffff
   rdx 00000000000263de, rsp 00007ffca6c6cf08, rbp 00007ffca6c6cf60
   rsi 000000000000000b, rdi 00000000000263de, r8  00002b06b4778ac0
   r9  00002b06b4778ac0, r10 00007ffca6c6c960, r11 0000000000000202
   r12 00000000058aeb0b, r13 000000000697d288, r14 00000000058aeec0
   r15 00007ffca6c6f1a0
  /lib64/libpthread.so.0(+0xf6d0) [0x2b06b4c726d0]
  /lib64/libc.so.6(kill+0x7) [0x2b06b51b7547]
  /opt/cluster/programs/g16-c.01/g16/cubegen() [0x40fe24]
  /lib64/libc.so.6(__libc_start_main+0xf5) [0x2b06b51a3445]
/var/spool/slurm//job7311786/slurm_script: line 57: 156638 Aborted                 $g16root/g16/cubegen 0 Density $FCKFILE $DNSFILE -2 h
 Will use up to     0 threads.
 Top CubeGen          Mon Feb 20 10:10:17 2023
 Aft UFChkP           Mon Feb 20 10:10:17 2023        0.07 cpu,        0.07 elapsed
 Could not find " ","Total SCF Density" on formatted checkpoint file.
 Error termination via Lnk1e at Mon Feb 20 10:10:17 2023.
Error: segmentation violation
   rax 0000000000000000, rbx 00000000058b0be0, rcx ffffffffffffffff
   rdx 000000000002640c, rsp 00007ffd685c01f8, rbp 00007ffd685c0250
   rsi 000000000000000b, rdi 000000000002640c, r8  00002b6c190a7ac0
   r9  00002b6c190a7ac0, r10 00007ffd685bfc60, r11 0000000000000202
   r12 00000000058aeb0b, r13 000000000697d288, r14 00000000058aeec0
   r15 00007ffd685c2490
  /lib64/libpthread.so.0(+0xf6d0) [0x2b6c195a16d0]
  /lib64/libc.so.6(kill+0x7) [0x2b6c19ae6547]
  /opt/cluster/programs/g16-c.01/g16/cubegen() [0x40fe24]
  /lib64/libc.so.6(__libc_start_main+0xf5) [0x2b6c19ad2445]
/var/spool/slurm//job7311786/slurm_script: line 60: 156684 Aborted                 $g16root/g16/cubegen 0 Potential $FCKFILE $ESPFILE -2 h
cp: cannot stat ‘gaussian_88_water_hf_adz2_dens.cube’: No such file or directory
cp: cannot stat ‘gaussian_88_water_hf_adz2_esp.cube’: No such file or directory
