node105.cluster
Error: segmentation violation
   rax 0000000000000000, rbx ffffffffffffffff, rcx ffffffffffffffff
   rdx 000000000002b982, rsp 00007ffe20c308f8, rbp 00007ffe20c30e70
   rsi 000000000000000b, rdi 000000000002b982, r8  0000000000000020
   r9  0000000000000401, r10 00007ffe20c30360, r11 0000000000000202
   r12 00007ffe20c30eb8, r13 0000000000000000, r14 0000000000000000
   r15 00000000000003e6
  /lib64/libpthread.so.0(+0xf6d0) [0x2b298442d6d0]
  /lib64/libc.so.6(kill+0x7) [0x2b2984972547]
  /opt/cluster/programs/g16-c.01/g16/l1.exe() [0x4b8975]
  /opt/cluster/programs/g16-c.01/g16/l1.exe() [0x4f867a]
  /opt/cluster/programs/g16-c.01/g16/l1.exe() [0x4d56ab]
  /opt/cluster/programs/g16-c.01/g16/l1.exe() [0x41d5c6]
  /opt/cluster/programs/g16-c.01/g16/l1.exe() [0x410c4c]
  /opt/cluster/programs/g16-c.01/g16/l1.exe() [0x40d185]
  /opt/cluster/programs/g16-c.01/g16/l1.exe() [0x40cbd7]
  /opt/cluster/programs/g16-c.01/g16/l1.exe() [0x40cb24]
  /lib64/libc.so.6(__libc_start_main+0xf5) [0x2b298495e445]
  /opt/cluster/programs/g16-c.01/g16/l1.exe() [0x407269]
 Read checkpoint file gaussian_105_water_hf_adz2.chk type Unk
 Write formatted file gaussian_105_water_hf_adz2.fchk
 Will use up to     0 threads.
 Top CubeGen          Mon Feb 20 10:10:38 2023
 Aft UFChkP           Mon Feb 20 10:10:38 2023        0.07 cpu,        0.07 elapsed
 Could not find " ","Total SCF Density" on formatted checkpoint file.
 Error termination via Lnk1e at Mon Feb 20 10:10:38 2023.
Error: segmentation violation
   rax 0000000000000000, rbx 00000000058b0be0, rcx ffffffffffffffff
   rdx 000000000002b9bf, rsp 00007ffcf0efe988, rbp 00007ffcf0efe9e0
   rsi 000000000000000b, rdi 000000000002b9bf, r8  00002ba105e8eac0
   r9  00002ba105e8eac0, r10 00007ffcf0efe3e0, r11 0000000000000206
   r12 00000000058aeb0b, r13 000000000697d288, r14 00000000058aeec0
   r15 00007ffcf0f00c20
  /lib64/libpthread.so.0(+0xf6d0) [0x2ba1063886d0]
  /lib64/libc.so.6(kill+0x7) [0x2ba1068cd547]
  /opt/cluster/programs/g16-c.01/g16/cubegen() [0x40fe24]
  /lib64/libc.so.6(__libc_start_main+0xf5) [0x2ba1068b9445]
/var/spool/slurm//job7311803/slurm_script: line 57: 178623 Aborted                 $g16root/g16/cubegen 0 Density $FCKFILE $DNSFILE -2 h
 Will use up to     0 threads.
 Top CubeGen          Mon Feb 20 10:10:39 2023
 Aft UFChkP           Mon Feb 20 10:10:39 2023        0.07 cpu,        0.07 elapsed
 Could not find " ","Total SCF Density" on formatted checkpoint file.
 Error termination via Lnk1e at Mon Feb 20 10:10:39 2023.
Error: segmentation violation
   rax 0000000000000000, rbx 00000000058b0be0, rcx ffffffffffffffff
   rdx 000000000002b9ee, rsp 00007fff6588c538, rbp 00007fff6588c590
   rsi 000000000000000b, rdi 000000000002b9ee, r8  00002ad972a44ac0
   r9  00002ad972a44ac0, r10 00007fff6588bfa0, r11 0000000000000202
   r12 00000000058aeb0b, r13 000000000697d288, r14 00000000058aeec0
   r15 00007fff6588e7d0
  /lib64/libpthread.so.0(+0xf6d0) [0x2ad972f3e6d0]
  /lib64/libc.so.6(kill+0x7) [0x2ad973483547]
  /opt/cluster/programs/g16-c.01/g16/cubegen() [0x40fe24]
  /lib64/libc.so.6(__libc_start_main+0xf5) [0x2ad97346f445]
/var/spool/slurm//job7311803/slurm_script: line 60: 178670 Aborted                 $g16root/g16/cubegen 0 Potential $FCKFILE $ESPFILE -2 h
cp: cannot stat ‘gaussian_105_water_hf_adz2_dens.cube’: No such file or directory
cp: cannot stat ‘gaussian_105_water_hf_adz2_esp.cube’: No such file or directory
