node105.cluster
Error: segmentation violation
   rax 0000000000000000, rbx ffffffffffffffff, rcx ffffffffffffffff
   rdx 000000000002a6bc, rsp 00007fffeba204e8, rbp 00007fffeba20a60
   rsi 000000000000000b, rdi 000000000002a6bc, r8  0000000000000020
   r9  0000000000000401, r10 00007fffeba1ff60, r11 0000000000000206
   r12 00007fffeba20aa8, r13 0000000000000000, r14 0000000000000000
   r15 00000000000003e6
  /lib64/libpthread.so.0(+0xf6d0) [0x2b6862e0a6d0]
  /lib64/libc.so.6(kill+0x7) [0x2b686334f547]
  /opt/cluster/programs/g16-c.01/g16/l1.exe() [0x4b8975]
  /opt/cluster/programs/g16-c.01/g16/l1.exe() [0x4f867a]
  /opt/cluster/programs/g16-c.01/g16/l1.exe() [0x4d56ab]
  /opt/cluster/programs/g16-c.01/g16/l1.exe() [0x41d5c6]
  /opt/cluster/programs/g16-c.01/g16/l1.exe() [0x410c4c]
  /opt/cluster/programs/g16-c.01/g16/l1.exe() [0x40d185]
  /opt/cluster/programs/g16-c.01/g16/l1.exe() [0x40cbd7]
  /opt/cluster/programs/g16-c.01/g16/l1.exe() [0x40cb24]
  /lib64/libc.so.6(__libc_start_main+0xf5) [0x2b686333b445]
  /opt/cluster/programs/g16-c.01/g16/l1.exe() [0x407269]
 Read checkpoint file gaussian_95_water_hf_adz.chk type Unk
 Write formatted file gaussian_95_water_hf_adz.fchk
 Will use up to     0 threads.
 Top CubeGen          Mon Feb 20 10:06:59 2023
 Aft UFChkP           Mon Feb 20 10:06:59 2023        0.07 cpu,        0.07 elapsed
 Could not find " ","Total SCF Density" on formatted checkpoint file.
 Error termination via Lnk1e at Mon Feb 20 10:06:59 2023.
Error: segmentation violation
   rax 0000000000000000, rbx 00000000058b0be0, rcx ffffffffffffffff
   rdx 000000000002a6fe, rsp 00007ffcae61dc98, rbp 00007ffcae61dcf0
   rsi 000000000000000b, rdi 000000000002a6fe, r8  00002b5df2898ac0
   r9  00002b5df2898ac0, r10 00007ffcae61d720, r11 0000000000000202
   r12 00000000058aeb0b, r13 000000000697d288, r14 00000000058aeec0
   r15 00007ffcae61ff30
  /lib64/libpthread.so.0(+0xf6d0) [0x2b5df2d926d0]
  /lib64/libc.so.6(kill+0x7) [0x2b5df32d7547]
  /opt/cluster/programs/g16-c.01/g16/cubegen() [0x40fe24]
  /lib64/libc.so.6(__libc_start_main+0xf5) [0x2b5df32c3445]
/var/spool/slurm//job7311613/slurm_script: line 57: 173822 Aborted                 $g16root/g16/cubegen 0 Density $FCKFILE $DNSFILE -2 h
 Will use up to     0 threads.
 Top CubeGen          Mon Feb 20 10:06:59 2023
 Aft UFChkP           Mon Feb 20 10:06:59 2023        0.07 cpu,        0.07 elapsed
 Could not find " ","Total SCF Density" on formatted checkpoint file.
 Error termination via Lnk1e at Mon Feb 20 10:06:59 2023.
Error: segmentation violation
   rax 0000000000000000, rbx 00000000058b0be0, rcx ffffffffffffffff
   rdx 000000000002a72e, rsp 00007ffe2ca8a218, rbp 00007ffe2ca8a270
   rsi 000000000000000b, rdi 000000000002a72e, r8  00002b692477fac0
   r9  00002b692477fac0, r10 00007ffe2ca89ca0, r11 0000000000000206
   r12 00000000058aeb0b, r13 000000000697d288, r14 00000000058aeec0
   r15 00007ffe2ca8c4b0
  /lib64/libpthread.so.0(+0xf6d0) [0x2b6924c796d0]
  /lib64/libc.so.6(kill+0x7) [0x2b69251be547]
  /opt/cluster/programs/g16-c.01/g16/cubegen() [0x40fe24]
  /lib64/libc.so.6(__libc_start_main+0xf5) [0x2b69251aa445]
/var/spool/slurm//job7311613/slurm_script: line 60: 173870 Aborted                 $g16root/g16/cubegen 0 Potential $FCKFILE $ESPFILE -2 h
cp: cannot stat ‘gaussian_95_water_hf_adz_dens.cube’: No such file or directory
cp: cannot stat ‘gaussian_95_water_hf_adz_esp.cube’: No such file or directory
