node61.cluster
 Read checkpoint file gaussian_20_water_hf_pdz.chk type G16
 Write formatted file gaussian_20_water_hf_pdz.fchk
 FChkPn:  Coordinates translated and rotated.
 FChkPn:  Coordinates match /B/ after translation and rotation.
 Will use up to     0 threads.
 Top CubeGen          Wed Feb  8 15:05:02 2023
 Aft UFChkP           Wed Feb  8 15:05:02 2023        0.11 cpu,        0.12 elapsed
 Aft DecCub           Wed Feb  8 15:05:02 2023        0.01 cpu,        0.01 elapsed
 Aft Density          Wed Feb  8 15:05:02 2023        0.00 cpu,        0.00 elapsed
 Bef DoCube           Wed Feb  8 15:05:02 2023        0.00 cpu,        0.00 elapsed
 There are a total of       29791 grid points.
 ElSum from          density=        8.1589054855
 Aft DoCube           Wed Feb  8 15:05:02 2023        0.04 cpu,        0.04 elapsed
 Will use up to     0 threads.
 Top CubeGen          Wed Feb  8 15:05:03 2023
 Aft UFChkP           Wed Feb  8 15:05:03 2023        0.12 cpu,        0.11 elapsed
 Aft DecCub           Wed Feb  8 15:05:03 2023        0.00 cpu,        0.00 elapsed
 Aft Density          Wed Feb  8 15:05:03 2023        0.00 cpu,        0.00 elapsed
 Bef DoCube           Wed Feb  8 15:05:03 2023        0.00 cpu,        0.00 elapsed
 There are a total of       29791 grid points.
 ElSum from          density=       13.5975247894
 Aft DoCube           Wed Feb  8 15:05:03 2023        0.19 cpu,        0.20 elapsed
