node105.cluster
Error: segmentation violation
   rax 0000000000000000, rbx ffffffffffffffff, rcx ffffffffffffffff
   rdx 0000000000029d94, rsp 00007ffd50832148, rbp 00007ffd508326c0
   rsi 000000000000000b, rdi 0000000000029d94, r8  0000000000000020
   r9  0000000000000401, r10 00007ffd50831ba0, r11 0000000000000206
   r12 00007ffd50832708, r13 0000000000000000, r14 0000000000000000
   r15 00000000000003e6
  /lib64/libpthread.so.0(+0xf6d0) [0x2b96261d06d0]
  /lib64/libc.so.6(kill+0x7) [0x2b9626715547]
  /opt/cluster/programs/g16-c.01/g16/l1.exe() [0x4b8975]
  /opt/cluster/programs/g16-c.01/g16/l1.exe() [0x4f867a]
  /opt/cluster/programs/g16-c.01/g16/l1.exe() [0x4d56ab]
  /opt/cluster/programs/g16-c.01/g16/l1.exe() [0x41d5c6]
  /opt/cluster/programs/g16-c.01/g16/l1.exe() [0x410c4c]
  /opt/cluster/programs/g16-c.01/g16/l1.exe() [0x40d185]
  /opt/cluster/programs/g16-c.01/g16/l1.exe() [0x40cbd7]
  /opt/cluster/programs/g16-c.01/g16/l1.exe() [0x40cb24]
  /lib64/libc.so.6(__libc_start_main+0xf5) [0x2b9626701445]
  /opt/cluster/programs/g16-c.01/g16/l1.exe() [0x407269]
 Read checkpoint file gaussian_4_water_hf_adz.chk type Unk
 Write formatted file gaussian_4_water_hf_adz.fchk
 Will use up to     0 threads.
 Top CubeGen          Mon Feb 20 10:05:26 2023
 Aft UFChkP           Mon Feb 20 10:05:26 2023        0.07 cpu,        0.08 elapsed
 Could not find " ","Total SCF Density" on formatted checkpoint file.
 Error termination via Lnk1e at Mon Feb 20 10:05:26 2023.
Error: segmentation violation
   rax 0000000000000000, rbx 00000000058b0be0, rcx ffffffffffffffff
   rdx 0000000000029ddb, rsp 00007ffe6108b9d8, rbp 00007ffe6108ba30
   rsi 000000000000000b, rdi 0000000000029ddb, r8  00002b566a01cac0
   r9  00002b566a01cac0, r10 00007ffe6108b460, r11 0000000000000206
   r12 00000000058aeb0b, r13 000000000697d288, r14 00000000058aeec0
   r15 00007ffe6108dc70
  /lib64/libpthread.so.0(+0xf6d0) [0x2b566a5166d0]
  /lib64/libc.so.6(kill+0x7) [0x2b566aa5b547]
  /opt/cluster/programs/g16-c.01/g16/cubegen() [0x40fe24]
  /lib64/libc.so.6(__libc_start_main+0xf5) [0x2b566aa47445]
/var/spool/slurm//job7311522/slurm_script: line 57: 171483 Aborted                 $g16root/g16/cubegen 0 Density $FCKFILE $DNSFILE -2 h
 Will use up to     0 threads.
 Top CubeGen          Mon Feb 20 10:05:26 2023
 Aft UFChkP           Mon Feb 20 10:05:26 2023        0.07 cpu,        0.07 elapsed
 Could not find " ","Total SCF Density" on formatted checkpoint file.
 Error termination via Lnk1e at Mon Feb 20 10:05:26 2023.
Error: segmentation violation
   rax 0000000000000000, rbx 00000000058b0be0, rcx ffffffffffffffff
   rdx 0000000000029e0d, rsp 00007fffcd8bf498, rbp 00007fffcd8bf4f0
   rsi 000000000000000b, rdi 0000000000029e0d, r8  00002b5b92670ac0
   r9  00002b5b92670ac0, r10 00007fffcd8bef20, r11 0000000000000202
   r12 00000000058aeb0b, r13 000000000697d288, r14 00000000058aeec0
   r15 00007fffcd8c1730
  /lib64/libpthread.so.0(+0xf6d0) [0x2b5b92b6a6d0]
  /lib64/libc.so.6(kill+0x7) [0x2b5b930af547]
  /opt/cluster/programs/g16-c.01/g16/cubegen() [0x40fe24]
  /lib64/libc.so.6(__libc_start_main+0xf5) [0x2b5b9309b445]
/var/spool/slurm//job7311522/slurm_script: line 60: 171533 Aborted                 $g16root/g16/cubegen 0 Potential $FCKFILE $ESPFILE -2 h
cp: cannot stat ‘gaussian_4_water_hf_adz_dens.cube’: No such file or directory
cp: cannot stat ‘gaussian_4_water_hf_adz_esp.cube’: No such file or directory
