slurmstepd: error: task/cgroup: unable to add task[pid=13679] to memory cg '(null)'
slurmstepd: error: xcgroup_instantiate: unable to create cgroup '/sys/fs/cgroup/memory/slurm/uid_2073/job_7425368' : No space left on device
slurmstepd: error: jobacct_gather/cgroup: unable to instanciate job 7425368 memory cgroup
node60.cluster
 Read checkpoint file gaussian_90_water_pbe0_dz.chk type G16
 Write formatted file gaussian_90_water_pbe0_dz.fchk
 FChkPn:  Coordinates translated and rotated.
 FChkPn:  Coordinates match /B/ after translation and rotation.
 Will use up to     0 threads.
 Top CubeGen          Mon Mar 20 17:34:31 2023
 Aft UFChkP           Mon Mar 20 17:34:31 2023        0.11 cpu,        0.12 elapsed
 Aft DecCub           Mon Mar 20 17:34:31 2023        0.01 cpu,        0.01 elapsed
 Aft Density          Mon Mar 20 17:34:31 2023        0.00 cpu,        0.00 elapsed
 Bef DoCube           Mon Mar 20 17:34:31 2023        0.01 cpu,        0.00 elapsed
 There are a total of       29791 grid points.
 ElSum from          density=        8.1603210074
 Aft DoCube           Mon Mar 20 17:34:31 2023        0.06 cpu,        0.06 elapsed
 Will use up to     0 threads.
 Top CubeGen          Mon Mar 20 17:34:31 2023
 Aft UFChkP           Mon Mar 20 17:34:31 2023        0.11 cpu,        0.12 elapsed
 Aft DecCub           Mon Mar 20 17:34:31 2023        0.00 cpu,        0.00 elapsed
 Aft Density          Mon Mar 20 17:34:31 2023        0.00 cpu,        0.00 elapsed
 Bef DoCube           Mon Mar 20 17:34:31 2023        0.00 cpu,        0.00 elapsed
 There are a total of       29791 grid points.
 ElSum from          density=       13.6076517575
 Aft DoCube           Mon Mar 20 17:34:31 2023        0.44 cpu,        0.43 elapsed
