node105.cluster
Error: segmentation violation
   rax 0000000000000000, rbx ffffffffffffffff, rcx ffffffffffffffff
   rdx 000000000002a6be, rsp 00007fff19f147c8, rbp 00007fff19f14d40
   rsi 000000000000000b, rdi 000000000002a6be, r8  0000000000000020
   r9  0000000000000401, r10 00007fff19f14220, r11 0000000000000202
   r12 00007fff19f14d88, r13 0000000000000000, r14 0000000000000000
   r15 00000000000003e6
  /lib64/libpthread.so.0(+0xf6d0) [0x2b36bdf726d0]
  /lib64/libc.so.6(kill+0x7) [0x2b36be4b7547]
  /opt/cluster/programs/g16-c.01/g16/l1.exe() [0x4b8975]
  /opt/cluster/programs/g16-c.01/g16/l1.exe() [0x4f867a]
  /opt/cluster/programs/g16-c.01/g16/l1.exe() [0x4d56ab]
  /opt/cluster/programs/g16-c.01/g16/l1.exe() [0x41d5c6]
  /opt/cluster/programs/g16-c.01/g16/l1.exe() [0x410c4c]
  /opt/cluster/programs/g16-c.01/g16/l1.exe() [0x40d185]
  /opt/cluster/programs/g16-c.01/g16/l1.exe() [0x40cbd7]
  /opt/cluster/programs/g16-c.01/g16/l1.exe() [0x40cb24]
  /lib64/libc.so.6(__libc_start_main+0xf5) [0x2b36be4a3445]
  /opt/cluster/programs/g16-c.01/g16/l1.exe() [0x407269]
 Read checkpoint file gaussian_96_water_hf_adz.chk type Unk
 Write formatted file gaussian_96_water_hf_adz.fchk
 Will use up to     0 threads.
 Top CubeGen          Mon Feb 20 10:06:59 2023
 Aft UFChkP           Mon Feb 20 10:06:59 2023        0.07 cpu,        0.07 elapsed
 Could not find " ","Total SCF Density" on formatted checkpoint file.
 Error termination via Lnk1e at Mon Feb 20 10:06:59 2023.
Error: segmentation violation
   rax 0000000000000000, rbx 00000000058b0be0, rcx ffffffffffffffff
   rdx 000000000002a6fd, rsp 00007ffd103c6d28, rbp 00007ffd103c6d80
   rsi 000000000000000b, rdi 000000000002a6fd, r8  00002ac4a9a71ac0
   r9  00002ac4a9a71ac0, r10 00007ffd103c67a0, r11 0000000000000206
   r12 00000000058aeb0b, r13 000000000697d288, r14 00000000058aeec0
   r15 00007ffd103c8fc0
  /lib64/libpthread.so.0(+0xf6d0) [0x2ac4a9f6b6d0]
  /lib64/libc.so.6(kill+0x7) [0x2ac4aa4b0547]
  /opt/cluster/programs/g16-c.01/g16/cubegen() [0x40fe24]
  /lib64/libc.so.6(__libc_start_main+0xf5) [0x2ac4aa49c445]
/var/spool/slurm//job7311614/slurm_script: line 57: 173821 Aborted                 $g16root/g16/cubegen 0 Density $FCKFILE $DNSFILE -2 h
 Will use up to     0 threads.
 Top CubeGen          Mon Feb 20 10:06:59 2023
 Aft UFChkP           Mon Feb 20 10:06:59 2023        0.07 cpu,        0.07 elapsed
 Could not find " ","Total SCF Density" on formatted checkpoint file.
 Error termination via Lnk1e at Mon Feb 20 10:06:59 2023.
Error: segmentation violation
   rax 0000000000000000, rbx 00000000058b0be0, rcx ffffffffffffffff
   rdx 000000000002a72d, rsp 00007ffda5d44ea8, rbp 00007ffda5d44f00
   rsi 000000000000000b, rdi 000000000002a72d, r8  00002b49de0a0ac0
   r9  00002b49de0a0ac0, r10 00007ffda5d44920, r11 0000000000000202
   r12 00000000058aeb0b, r13 000000000697d288, r14 00000000058aeec0
   r15 00007ffda5d47140
  /lib64/libpthread.so.0(+0xf6d0) [0x2b49de59a6d0]
  /lib64/libc.so.6(kill+0x7) [0x2b49deadf547]
  /opt/cluster/programs/g16-c.01/g16/cubegen() [0x40fe24]
  /lib64/libc.so.6(__libc_start_main+0xf5) [0x2b49deacb445]
/var/spool/slurm//job7311614/slurm_script: line 60: 173869 Aborted                 $g16root/g16/cubegen 0 Potential $FCKFILE $ESPFILE -2 h
cp: cannot stat ‘gaussian_96_water_hf_adz_dens.cube’: No such file or directory
cp: cannot stat ‘gaussian_96_water_hf_adz_esp.cube’: No such file or directory
