node102.cluster
Error: segmentation violation
   rax 0000000000000000, rbx ffffffffffffffff, rcx ffffffffffffffff
   rdx 000000000002e431, rsp 00007ffd642ca048, rbp 00007ffd642ca5c0
   rsi 000000000000000b, rdi 000000000002e431, r8  0000000000000020
   r9  0000000000000401, r10 00007ffd642c9aa0, r11 0000000000000206
   r12 00007ffd642ca608, r13 0000000000000000, r14 0000000000000000
   r15 00000000000003e6
  /lib64/libpthread.so.0(+0xf6d0) [0x2aacaac4c6d0]
  /lib64/libc.so.6(kill+0x7) [0x2aacab191547]
  /opt/cluster/programs/g16-c.01/g16/l1.exe() [0x4b8975]
  /opt/cluster/programs/g16-c.01/g16/l1.exe() [0x4f867a]
  /opt/cluster/programs/g16-c.01/g16/l1.exe() [0x4d56ab]
  /opt/cluster/programs/g16-c.01/g16/l1.exe() [0x41d5c6]
  /opt/cluster/programs/g16-c.01/g16/l1.exe() [0x410c4c]
  /opt/cluster/programs/g16-c.01/g16/l1.exe() [0x40d185]
  /opt/cluster/programs/g16-c.01/g16/l1.exe() [0x40cbd7]
  /opt/cluster/programs/g16-c.01/g16/l1.exe() [0x40cb24]
  /lib64/libc.so.6(__libc_start_main+0xf5) [0x2aacab17d445]
  /opt/cluster/programs/g16-c.01/g16/l1.exe() [0x407269]
 Read checkpoint file gaussian_120_water_hf_adz2.chk type Unk
 Write formatted file gaussian_120_water_hf_adz2.fchk
 Will use up to     0 threads.
 Top CubeGen          Mon Feb 20 10:10:57 2023
 Aft UFChkP           Mon Feb 20 10:10:57 2023        0.07 cpu,        0.07 elapsed
 Could not find " ","Total SCF Density" on formatted checkpoint file.
 Error termination via Lnk1e at Mon Feb 20 10:10:57 2023.
Error: segmentation violation
   rax 0000000000000000, rbx 00000000058b0be0, rcx ffffffffffffffff
   rdx 000000000002e443, rsp 00007ffe99adac28, rbp 00007ffe99adac80
   rsi 000000000000000b, rdi 000000000002e443, r8  00002b569237aac0
   r9  00002b569237aac0, r10 00007ffe99ada6a0, r11 0000000000000206
   r12 00000000058aeb0b, r13 000000000697d288, r14 00000000058aeec0
   r15 00007ffe99adcec0
  /lib64/libpthread.so.0(+0xf6d0) [0x2b56928746d0]
  /lib64/libc.so.6(kill+0x7) [0x2b5692db9547]
  /opt/cluster/programs/g16-c.01/g16/cubegen() [0x40fe24]
  /lib64/libc.so.6(__libc_start_main+0xf5) [0x2b5692da5445]
/var/spool/slurm//job7311818/slurm_script: line 57: 189507 Aborted                 $g16root/g16/cubegen 0 Density $FCKFILE $DNSFILE -2 h
 Will use up to     0 threads.
 Top CubeGen          Mon Feb 20 10:10:57 2023
 Aft UFChkP           Mon Feb 20 10:10:57 2023        0.07 cpu,        0.07 elapsed
 Could not find " ","Total SCF Density" on formatted checkpoint file.
 Error termination via Lnk1e at Mon Feb 20 10:10:57 2023.
Error: segmentation violation
   rax 0000000000000000, rbx 00000000058b0be0, rcx ffffffffffffffff
   rdx 000000000002e44f, rsp 00007ffe6cd75678, rbp 00007ffe6cd756d0
   rsi 000000000000000b, rdi 000000000002e44f, r8  00002b96e9db0ac0
   r9  00002b96e9db0ac0, r10 00007ffe6cd750e0, r11 0000000000000206
   r12 00000000058aeb0b, r13 000000000697d288, r14 00000000058aeec0
   r15 00007ffe6cd77910
  /lib64/libpthread.so.0(+0xf6d0) [0x2b96ea2aa6d0]
  /lib64/libc.so.6(kill+0x7) [0x2b96ea7ef547]
  /opt/cluster/programs/g16-c.01/g16/cubegen() [0x40fe24]
  /lib64/libc.so.6(__libc_start_main+0xf5) [0x2b96ea7db445]
/var/spool/slurm//job7311818/slurm_script: line 60: 189519 Aborted                 $g16root/g16/cubegen 0 Potential $FCKFILE $ESPFILE -2 h
cp: cannot stat ‘gaussian_120_water_hf_adz2_dens.cube’: No such file or directory
cp: cannot stat ‘gaussian_120_water_hf_adz2_esp.cube’: No such file or directory
