node105.cluster
Error: segmentation violation
   rax 0000000000000000, rbx ffffffffffffffff, rcx ffffffffffffffff
   rdx 000000000002a07a, rsp 00007fff2dbe55f8, rbp 00007fff2dbe5b70
   rsi 000000000000000b, rdi 000000000002a07a, r8  0000000000000020
   r9  0000000000000401, r10 00007fff2dbe5060, r11 0000000000000202
   r12 00007fff2dbe5bb8, r13 0000000000000000, r14 0000000000000000
   r15 00000000000003e6
  /lib64/libpthread.so.0(+0xf6d0) [0x2aff2ddd66d0]
  /lib64/libc.so.6(kill+0x7) [0x2aff2e31b547]
  /opt/cluster/programs/g16-c.01/g16/l1.exe() [0x4b8975]
  /opt/cluster/programs/g16-c.01/g16/l1.exe() [0x4f867a]
  /opt/cluster/programs/g16-c.01/g16/l1.exe() [0x4d56ab]
  /opt/cluster/programs/g16-c.01/g16/l1.exe() [0x41d5c6]
  /opt/cluster/programs/g16-c.01/g16/l1.exe() [0x410c4c]
  /opt/cluster/programs/g16-c.01/g16/l1.exe() [0x40d185]
  /opt/cluster/programs/g16-c.01/g16/l1.exe() [0x40cbd7]
  /opt/cluster/programs/g16-c.01/g16/l1.exe() [0x40cb24]
  /lib64/libc.so.6(__libc_start_main+0xf5) [0x2aff2e307445]
  /opt/cluster/programs/g16-c.01/g16/l1.exe() [0x407269]
 Read checkpoint file gaussian_34_water_hf_adz.chk type Unk
 Write formatted file gaussian_34_water_hf_adz.fchk
 Will use up to     0 threads.
 Top CubeGen          Mon Feb 20 10:05:57 2023
 Aft UFChkP           Mon Feb 20 10:05:57 2023        0.07 cpu,        0.07 elapsed
 Could not find " ","Total SCF Density" on formatted checkpoint file.
 Error termination via Lnk1e at Mon Feb 20 10:05:57 2023.
Error: segmentation violation
   rax 0000000000000000, rbx 00000000058b0be0, rcx ffffffffffffffff
   rdx 000000000002a0d5, rsp 00007ffed8584238, rbp 00007ffed8584290
   rsi 000000000000000b, rdi 000000000002a0d5, r8  00002b098270cac0
   r9  00002b098270cac0, r10 00007ffed8583ca0, r11 0000000000000202
   r12 00000000058aeb0b, r13 000000000697d288, r14 00000000058aeec0
   r15 00007ffed85864d0
  /lib64/libpthread.so.0(+0xf6d0) [0x2b0982c066d0]
  /lib64/libc.so.6(kill+0x7) [0x2b098314b547]
  /opt/cluster/programs/g16-c.01/g16/cubegen() [0x40fe24]
  /lib64/libc.so.6(__libc_start_main+0xf5) [0x2b0983137445]
/var/spool/slurm//job7311552/slurm_script: line 57: 172245 Aborted                 $g16root/g16/cubegen 0 Density $FCKFILE $DNSFILE -2 h
 Will use up to     0 threads.
 Top CubeGen          Mon Feb 20 10:05:58 2023
 Aft UFChkP           Mon Feb 20 10:05:58 2023        0.07 cpu,        0.07 elapsed
 Could not find " ","Total SCF Density" on formatted checkpoint file.
 Error termination via Lnk1e at Mon Feb 20 10:05:58 2023.
Error: segmentation violation
   rax 0000000000000000, rbx 00000000058b0be0, rcx ffffffffffffffff
   rdx 000000000002a103, rsp 00007fff73e1d098, rbp 00007fff73e1d0f0
   rsi 000000000000000b, rdi 000000000002a103, r8  00002b57d0da1ac0
   r9  00002b57d0da1ac0, r10 00007fff73e1cb20, r11 0000000000000202
   r12 00000000058aeb0b, r13 000000000697d288, r14 00000000058aeec0
   r15 00007fff73e1f330
  /lib64/libpthread.so.0(+0xf6d0) [0x2b57d129b6d0]
  /lib64/libc.so.6(kill+0x7) [0x2b57d17e0547]
  /opt/cluster/programs/g16-c.01/g16/cubegen() [0x40fe24]
  /lib64/libc.so.6(__libc_start_main+0xf5) [0x2b57d17cc445]
/var/spool/slurm//job7311552/slurm_script: line 60: 172291 Aborted                 $g16root/g16/cubegen 0 Potential $FCKFILE $ESPFILE -2 h
cp: cannot stat ‘gaussian_34_water_hf_adz_dens.cube’: No such file or directory
cp: cannot stat ‘gaussian_34_water_hf_adz_esp.cube’: No such file or directory
