node59.cluster
 Read checkpoint file gaussian_122_water_pbe0_dz.chk type G16
 Write formatted file gaussian_122_water_pbe0_dz.fchk
 FChkPn:  Coordinates translated and rotated.
 FChkPn:  Coordinates match /B/ after translation and rotation.
 Will use up to     0 threads.
 Top CubeGen          Mon Mar 20 17:34:59 2023
 Aft UFChkP           Mon Mar 20 17:34:59 2023        0.11 cpu,        0.11 elapsed
 Aft DecCub           Mon Mar 20 17:34:59 2023        0.01 cpu,        0.01 elapsed
 Aft Density          Mon Mar 20 17:34:59 2023        0.00 cpu,        0.00 elapsed
 Bef DoCube           Mon Mar 20 17:34:59 2023        0.00 cpu,        0.00 elapsed
 There are a total of       29791 grid points.
 ElSum from          density=        8.1626941147
 Aft DoCube           Mon Mar 20 17:34:59 2023        0.06 cpu,        0.06 elapsed
 Will use up to     0 threads.
 Top CubeGen          Mon Mar 20 17:34:59 2023
 Aft UFChkP           Mon Mar 20 17:34:59 2023        0.10 cpu,        0.11 elapsed
 Aft DecCub           Mon Mar 20 17:34:59 2023        0.00 cpu,        0.00 elapsed
 Aft Density          Mon Mar 20 17:34:59 2023        0.00 cpu,        0.00 elapsed
 Bef DoCube           Mon Mar 20 17:34:59 2023        0.00 cpu,        0.00 elapsed
 There are a total of       29791 grid points.
 ElSum from          density=       13.6099961429
 Aft DoCube           Mon Mar 20 17:35:00 2023        0.41 cpu,        0.40 elapsed
