node105.cluster
Error: segmentation violation
   rax 0000000000000000, rbx ffffffffffffffff, rcx ffffffffffffffff
   rdx 000000000002acaa, rsp 00007ffe5d8f7088, rbp 00007ffe5d8f7600
   rsi 000000000000000b, rdi 000000000002acaa, r8  0000000000000020
   r9  0000000000000401, r10 00007ffe5d8f6ae0, r11 0000000000000206
   r12 00007ffe5d8f7648, r13 0000000000000000, r14 0000000000000000
   r15 00000000000003e6
  /lib64/libpthread.so.0(+0xf6d0) [0x2ba85c46b6d0]
  /lib64/libc.so.6(kill+0x7) [0x2ba85c9b0547]
  /opt/cluster/programs/g16-c.01/g16/l1.exe() [0x4b8975]
  /opt/cluster/programs/g16-c.01/g16/l1.exe() [0x4f867a]
  /opt/cluster/programs/g16-c.01/g16/l1.exe() [0x4d56ab]
  /opt/cluster/programs/g16-c.01/g16/l1.exe() [0x41d5c6]
  /opt/cluster/programs/g16-c.01/g16/l1.exe() [0x410c4c]
  /opt/cluster/programs/g16-c.01/g16/l1.exe() [0x40d185]
  /opt/cluster/programs/g16-c.01/g16/l1.exe() [0x40cbd7]
  /opt/cluster/programs/g16-c.01/g16/l1.exe() [0x40cb24]
  /lib64/libc.so.6(__libc_start_main+0xf5) [0x2ba85c99c445]
  /opt/cluster/programs/g16-c.01/g16/l1.exe() [0x407269]
 Read checkpoint file gaussian_156_water_hf_adz.chk type Unk
 Write formatted file gaussian_156_water_hf_adz.fchk
 Will use up to     0 threads.
 Top CubeGen          Mon Feb 20 10:08:00 2023
 Aft UFChkP           Mon Feb 20 10:08:00 2023        0.07 cpu,        0.07 elapsed
 Could not find " ","Total SCF Density" on formatted checkpoint file.
 Error termination via Lnk1e at Mon Feb 20 10:08:00 2023.
Error: segmentation violation
   rax 0000000000000000, rbx 00000000058b0be0, rcx ffffffffffffffff
   rdx 000000000002acec, rsp 00007ffd12b17468, rbp 00007ffd12b174c0
   rsi 000000000000000b, rdi 000000000002acec, r8  00002b0216801ac0
   r9  00002b0216801ac0, r10 00007ffd12b16ee0, r11 0000000000000202
   r12 00000000058aeb0b, r13 000000000697d288, r14 00000000058aeec0
   r15 00007ffd12b19700
  /lib64/libpthread.so.0(+0xf6d0) [0x2b0216cfb6d0]
  /lib64/libc.so.6(kill+0x7) [0x2b0217240547]
  /opt/cluster/programs/g16-c.01/g16/cubegen() [0x40fe24]
  /lib64/libc.so.6(__libc_start_main+0xf5) [0x2b021722c445]
/var/spool/slurm//job7311674/slurm_script: line 57: 175340 Aborted                 $g16root/g16/cubegen 0 Density $FCKFILE $DNSFILE -2 h
 Will use up to     0 threads.
 Top CubeGen          Mon Feb 20 10:08:00 2023
 Aft UFChkP           Mon Feb 20 10:08:00 2023        0.07 cpu,        0.08 elapsed
 Could not find " ","Total SCF Density" on formatted checkpoint file.
 Error termination via Lnk1e at Mon Feb 20 10:08:00 2023.
Error: segmentation violation
   rax 0000000000000000, rbx 00000000058b0be0, rcx ffffffffffffffff
   rdx 000000000002ad1c, rsp 00007ffc0330f3c8, rbp 00007ffc0330f420
   rsi 000000000000000b, rdi 000000000002ad1c, r8  00002afbfc937ac0
   r9  00002afbfc937ac0, r10 00007ffc0330ee20, r11 0000000000000202
   r12 00000000058aeb0b, r13 000000000697d288, r14 00000000058aeec0
   r15 00007ffc03311660
  /lib64/libpthread.so.0(+0xf6d0) [0x2afbfce316d0]
  /lib64/libc.so.6(kill+0x7) [0x2afbfd376547]
  /opt/cluster/programs/g16-c.01/g16/cubegen() [0x40fe24]
  /lib64/libc.so.6(__libc_start_main+0xf5) [0x2afbfd362445]
/var/spool/slurm//job7311674/slurm_script: line 60: 175388 Aborted                 $g16root/g16/cubegen 0 Potential $FCKFILE $ESPFILE -2 h
cp: cannot stat ‘gaussian_156_water_hf_adz_dens.cube’: No such file or directory
cp: cannot stat ‘gaussian_156_water_hf_adz_esp.cube’: No such file or directory
