node102.cluster
Error: segmentation violation
   rax 0000000000000000, rbx ffffffffffffffff, rcx ffffffffffffffff
   rdx 000000000002dbbc, rsp 00007ffd4122ff28, rbp 00007ffd412304a0
   rsi 000000000000000b, rdi 000000000002dbbc, r8  0000000000000020
   r9  0000000000000401, r10 00007ffd4122f9a0, r11 0000000000000206
   r12 00007ffd412304e8, r13 0000000000000000, r14 0000000000000000
   r15 00000000000003e6
  /lib64/libpthread.so.0(+0xf6d0) [0x2af9e4b846d0]
  /lib64/libc.so.6(kill+0x7) [0x2af9e50c9547]
  /opt/cluster/programs/g16-c.01/g16/l1.exe() [0x4b8975]
  /opt/cluster/programs/g16-c.01/g16/l1.exe() [0x4f867a]
  /opt/cluster/programs/g16-c.01/g16/l1.exe() [0x4d56ab]
  /opt/cluster/programs/g16-c.01/g16/l1.exe() [0x41d5c6]
  /opt/cluster/programs/g16-c.01/g16/l1.exe() [0x410c4c]
  /opt/cluster/programs/g16-c.01/g16/l1.exe() [0x40d185]
  /opt/cluster/programs/g16-c.01/g16/l1.exe() [0x40cbd7]
  /opt/cluster/programs/g16-c.01/g16/l1.exe() [0x40cb24]
  /lib64/libc.so.6(__libc_start_main+0xf5) [0x2af9e50b5445]
  /opt/cluster/programs/g16-c.01/g16/l1.exe() [0x407269]
 Read checkpoint file gaussian_10_water_hf_adz.chk type Unk
 Write formatted file gaussian_10_water_hf_adz.fchk
 Will use up to     0 threads.
 Top CubeGen          Mon Feb 20 10:05:27 2023
 Aft UFChkP           Mon Feb 20 10:05:27 2023        0.06 cpu,        0.07 elapsed
 Could not find " ","Total SCF Density" on formatted checkpoint file.
 Error termination via Lnk1e at Mon Feb 20 10:05:27 2023.
Error: segmentation violation
   rax 0000000000000000, rbx 00000000058b0be0, rcx ffffffffffffffff
   rdx 000000000002dbcf, rsp 00007ffe951d9118, rbp 00007ffe951d9170
   rsi 000000000000000b, rdi 000000000002dbcf, r8  00002b4826307ac0
   r9  00002b4826307ac0, r10 00007ffe951d8ba0, r11 0000000000000206
   r12 00000000058aeb0b, r13 000000000697d288, r14 00000000058aeec0
   r15 00007ffe951db3b0
  /lib64/libpthread.so.0(+0xf6d0) [0x2b48268016d0]
  /lib64/libc.so.6(kill+0x7) [0x2b4826d46547]
  /opt/cluster/programs/g16-c.01/g16/cubegen() [0x40fe24]
  /lib64/libc.so.6(__libc_start_main+0xf5) [0x2b4826d32445]
/var/spool/slurm//job7311528/slurm_script: line 57: 187343 Aborted                 $g16root/g16/cubegen 0 Density $FCKFILE $DNSFILE -2 h
 Will use up to     0 threads.
 Top CubeGen          Mon Feb 20 10:05:27 2023
 Aft UFChkP           Mon Feb 20 10:05:27 2023        0.07 cpu,        0.07 elapsed
 Could not find " ","Total SCF Density" on formatted checkpoint file.
 Error termination via Lnk1e at Mon Feb 20 10:05:27 2023.
Error: segmentation violation
   rax 0000000000000000, rbx 00000000058b0be0, rcx ffffffffffffffff
   rdx 000000000002dbdb, rsp 00007ffd7faa8878, rbp 00007ffd7faa88d0
   rsi 000000000000000b, rdi 000000000002dbdb, r8  00002b7c51af4ac0
   r9  00002b7c51af4ac0, r10 00007ffd7faa82e0, r11 0000000000000206
   r12 00000000058aeb0b, r13 000000000697d288, r14 00000000058aeec0
   r15 00007ffd7faaab10
  /lib64/libpthread.so.0(+0xf6d0) [0x2b7c51fee6d0]
  /lib64/libc.so.6(kill+0x7) [0x2b7c52533547]
  /opt/cluster/programs/g16-c.01/g16/cubegen() [0x40fe24]
  /lib64/libc.so.6(__libc_start_main+0xf5) [0x2b7c5251f445]
/var/spool/slurm//job7311528/slurm_script: line 60: 187355 Aborted                 $g16root/g16/cubegen 0 Potential $FCKFILE $ESPFILE -2 h
cp: cannot stat ‘gaussian_10_water_hf_adz_dens.cube’: No such file or directory
cp: cannot stat ‘gaussian_10_water_hf_adz_esp.cube’: No such file or directory
