node105.cluster
Error: segmentation violation
   rax 0000000000000000, rbx ffffffffffffffff, rcx ffffffffffffffff
   rdx 000000000002b586, rsp 00007ffe1ce4ecc8, rbp 00007ffe1ce4f240
   rsi 000000000000000b, rdi 000000000002b586, r8  0000000000000020
   r9  0000000000000401, r10 00007ffe1ce4e720, r11 0000000000000202
   r12 00007ffe1ce4f288, r13 0000000000000000, r14 0000000000000000
   r15 00000000000003e6
  /lib64/libpthread.so.0(+0xf6d0) [0x2b8e989be6d0]
  /lib64/libc.so.6(kill+0x7) [0x2b8e98f03547]
  /opt/cluster/programs/g16-c.01/g16/l1.exe() [0x4b8975]
  /opt/cluster/programs/g16-c.01/g16/l1.exe() [0x4f867a]
  /opt/cluster/programs/g16-c.01/g16/l1.exe() [0x4d56ab]
  /opt/cluster/programs/g16-c.01/g16/l1.exe() [0x41d5c6]
  /opt/cluster/programs/g16-c.01/g16/l1.exe() [0x410c4c]
  /opt/cluster/programs/g16-c.01/g16/l1.exe() [0x40d185]
  /opt/cluster/programs/g16-c.01/g16/l1.exe() [0x40cbd7]
  /opt/cluster/programs/g16-c.01/g16/l1.exe() [0x40cb24]
  /lib64/libc.so.6(__libc_start_main+0xf5) [0x2b8e98eef445]
  /opt/cluster/programs/g16-c.01/g16/l1.exe() [0x407269]
 Read checkpoint file gaussian_64_water_hf_adz2.chk type Unk
 Write formatted file gaussian_64_water_hf_adz2.fchk
 Will use up to     0 threads.
 Top CubeGen          Mon Feb 20 10:09:56 2023
 Aft UFChkP           Mon Feb 20 10:09:56 2023        0.07 cpu,        0.07 elapsed
 Could not find " ","Total SCF Density" on formatted checkpoint file.
 Error termination via Lnk1e at Mon Feb 20 10:09:56 2023.
Error: segmentation violation
   rax 0000000000000000, rbx 00000000058b0be0, rcx ffffffffffffffff
   rdx 000000000002b5d1, rsp 00007ffed2b866d8, rbp 00007ffed2b86730
   rsi 000000000000000b, rdi 000000000002b5d1, r8  00002b3fb5ec6ac0
   r9  00002b3fb5ec6ac0, r10 00007ffed2b86160, r11 0000000000000206
   r12 00000000058aeb0b, r13 000000000697d288, r14 00000000058aeec0
   r15 00007ffed2b88970
  /lib64/libpthread.so.0(+0xf6d0) [0x2b3fb63c06d0]
  /lib64/libc.so.6(kill+0x7) [0x2b3fb6905547]
  /opt/cluster/programs/g16-c.01/g16/cubegen() [0x40fe24]
  /lib64/libc.so.6(__libc_start_main+0xf5) [0x2b3fb68f1445]
/var/spool/slurm//job7311762/slurm_script: line 57: 177617 Aborted                 $g16root/g16/cubegen 0 Density $FCKFILE $DNSFILE -2 h
 Will use up to     0 threads.
 Top CubeGen          Mon Feb 20 10:09:57 2023
 Aft UFChkP           Mon Feb 20 10:09:57 2023        0.07 cpu,        0.07 elapsed
 Could not find " ","Total SCF Density" on formatted checkpoint file.
 Error termination via Lnk1e at Mon Feb 20 10:09:57 2023.
Error: segmentation violation
   rax 0000000000000000, rbx 00000000058b0be0, rcx ffffffffffffffff
   rdx 000000000002b601, rsp 00007ffd9b486e18, rbp 00007ffd9b486e70
   rsi 000000000000000b, rdi 000000000002b601, r8  00002ba9aa64eac0
   r9  00002ba9aa64eac0, r10 00007ffd9b4868a0, r11 0000000000000206
   r12 00000000058aeb0b, r13 000000000697d288, r14 00000000058aeec0
   r15 00007ffd9b4890b0
  /lib64/libpthread.so.0(+0xf6d0) [0x2ba9aab486d0]
  /lib64/libc.so.6(kill+0x7) [0x2ba9ab08d547]
  /opt/cluster/programs/g16-c.01/g16/cubegen() [0x40fe24]
  /lib64/libc.so.6(__libc_start_main+0xf5) [0x2ba9ab079445]
/var/spool/slurm//job7311762/slurm_script: line 60: 177665 Aborted                 $g16root/g16/cubegen 0 Potential $FCKFILE $ESPFILE -2 h
cp: cannot stat ‘gaussian_64_water_hf_adz2_dens.cube’: No such file or directory
cp: cannot stat ‘gaussian_64_water_hf_adz2_esp.cube’: No such file or directory
