node68.cluster
 Read checkpoint file gaussian_127_water_pbe0_dz.chk type G16
 Write formatted file gaussian_127_water_pbe0_dz.fchk
 FChkPn:  Coordinates translated and rotated.
 FChkPn:  Coordinates match /B/ after translation and rotation.
 Will use up to     0 threads.
 Top CubeGen          Mon Mar 20 17:35:09 2023
 Aft UFChkP           Mon Mar 20 17:35:09 2023        0.16 cpu,        0.17 elapsed
 Aft DecCub           Mon Mar 20 17:35:09 2023        0.02 cpu,        0.01 elapsed
 Aft Density          Mon Mar 20 17:35:09 2023        0.00 cpu,        0.00 elapsed
 Bef DoCube           Mon Mar 20 17:35:09 2023        0.00 cpu,        0.00 elapsed
 There are a total of       29791 grid points.
 ElSum from          density=        8.1615887880
 Aft DoCube           Mon Mar 20 17:35:09 2023        0.08 cpu,        0.09 elapsed
 Will use up to     0 threads.
 Top CubeGen          Mon Mar 20 17:35:09 2023
 Aft UFChkP           Mon Mar 20 17:35:09 2023        0.16 cpu,        0.17 elapsed
 Aft DecCub           Mon Mar 20 17:35:09 2023        0.00 cpu,        0.00 elapsed
 Aft Density          Mon Mar 20 17:35:09 2023        0.00 cpu,        0.00 elapsed
 Bef DoCube           Mon Mar 20 17:35:09 2023        0.00 cpu,        0.00 elapsed
 There are a total of       29791 grid points.
 ElSum from          density=       13.6088577944
 Aft DoCube           Mon Mar 20 17:35:10 2023        0.49 cpu,        0.48 elapsed
