node105.cluster
Error: segmentation violation
   rax 0000000000000000, rbx ffffffffffffffff, rcx ffffffffffffffff
   rdx 000000000002ae82, rsp 00007ffee4978668, rbp 00007ffee4978be0
   rsi 000000000000000b, rdi 000000000002ae82, r8  0000000000000020
   r9  0000000000000401, r10 00007ffee49780e0, r11 0000000000000202
   r12 00007ffee4978c28, r13 0000000000000000, r14 0000000000000000
   r15 00000000000003e6
  /lib64/libpthread.so.0(+0xf6d0) [0x2b50a37516d0]
  /lib64/libc.so.6(kill+0x7) [0x2b50a3c96547]
  /opt/cluster/programs/g16-c.01/g16/l1.exe() [0x4b8975]
  /opt/cluster/programs/g16-c.01/g16/l1.exe() [0x4f867a]
  /opt/cluster/programs/g16-c.01/g16/l1.exe() [0x4d56ab]
  /opt/cluster/programs/g16-c.01/g16/l1.exe() [0x41d5c6]
  /opt/cluster/programs/g16-c.01/g16/l1.exe() [0x410c4c]
  /opt/cluster/programs/g16-c.01/g16/l1.exe() [0x40d185]
  /opt/cluster/programs/g16-c.01/g16/l1.exe() [0x40cbd7]
  /opt/cluster/programs/g16-c.01/g16/l1.exe() [0x40cb24]
  /lib64/libc.so.6(__libc_start_main+0xf5) [0x2b50a3c82445]
  /opt/cluster/programs/g16-c.01/g16/l1.exe() [0x407269]
 Read checkpoint file gaussian_174_water_hf_adz.chk type Unk
 Write formatted file gaussian_174_water_hf_adz.fchk
 Will use up to     0 threads.
 Top CubeGen          Mon Feb 20 10:08:20 2023
 Aft UFChkP           Mon Feb 20 10:08:20 2023        0.07 cpu,        0.07 elapsed
 Could not find " ","Total SCF Density" on formatted checkpoint file.
 Error termination via Lnk1e at Mon Feb 20 10:08:20 2023.
Error: segmentation violation
   rax 0000000000000000, rbx 00000000058b0be0, rcx ffffffffffffffff
   rdx 000000000002aedd, rsp 00007ffdea534a38, rbp 00007ffdea534a90
   rsi 000000000000000b, rdi 000000000002aedd, r8  00002b4c7fc9cac0
   r9  00002b4c7fc9cac0, r10 00007ffdea5344a0, r11 0000000000000202
   r12 00000000058aeb0b, r13 000000000697d288, r14 00000000058aeec0
   r15 00007ffdea536cd0
  /lib64/libpthread.so.0(+0xf6d0) [0x2b4c801966d0]
  /lib64/libc.so.6(kill+0x7) [0x2b4c806db547]
  /opt/cluster/programs/g16-c.01/g16/cubegen() [0x40fe24]
  /lib64/libc.so.6(__libc_start_main+0xf5) [0x2b4c806c7445]
/var/spool/slurm//job7311692/slurm_script: line 57: 175837 Aborted                 $g16root/g16/cubegen 0 Density $FCKFILE $DNSFILE -2 h
 Will use up to     0 threads.
 Top CubeGen          Mon Feb 20 10:08:20 2023
 Aft UFChkP           Mon Feb 20 10:08:20 2023        0.07 cpu,        0.07 elapsed
 Could not find " ","Total SCF Density" on formatted checkpoint file.
 Error termination via Lnk1e at Mon Feb 20 10:08:20 2023.
Error: segmentation violation
   rax 0000000000000000, rbx 00000000058b0be0, rcx ffffffffffffffff
   rdx 000000000002af09, rsp 00007ffcb19b57d8, rbp 00007ffcb19b5830
   rsi 000000000000000b, rdi 000000000002af09, r8  00002b90d1095ac0
   r9  00002b90d1095ac0, r10 00007ffcb19b5260, r11 0000000000000206
   r12 00000000058aeb0b, r13 000000000697d288, r14 00000000058aeec0
   r15 00007ffcb19b7a70
  /lib64/libpthread.so.0(+0xf6d0) [0x2b90d158f6d0]
  /lib64/libc.so.6(kill+0x7) [0x2b90d1ad4547]
  /opt/cluster/programs/g16-c.01/g16/cubegen() [0x40fe24]
  /lib64/libc.so.6(__libc_start_main+0xf5) [0x2b90d1ac0445]
/var/spool/slurm//job7311692/slurm_script: line 60: 175881 Aborted                 $g16root/g16/cubegen 0 Potential $FCKFILE $ESPFILE -2 h
cp: cannot stat ‘gaussian_174_water_hf_adz_dens.cube’: No such file or directory
cp: cannot stat ‘gaussian_174_water_hf_adz_esp.cube’: No such file or directory
