node106.cluster
Error: segmentation violation
   rax 0000000000000000, rbx ffffffffffffffff, rcx ffffffffffffffff
   rdx 0000000000024c3c, rsp 00007ffeb41ef928, rbp 00007ffeb41efea0
   rsi 000000000000000b, rdi 0000000000024c3c, r8  0000000000000020
   r9  0000000000000401, r10 00007ffeb41ef3a0, r11 0000000000000206
   r12 00007ffeb41efee8, r13 0000000000000000, r14 0000000000000000
   r15 00000000000003e6
  /lib64/libpthread.so.0(+0xf6d0) [0x2b29d23236d0]
  /lib64/libc.so.6(kill+0x7) [0x2b29d2868547]
  /opt/cluster/programs/g16-c.01/g16/l1.exe() [0x4b8975]
  /opt/cluster/programs/g16-c.01/g16/l1.exe() [0x4f867a]
  /opt/cluster/programs/g16-c.01/g16/l1.exe() [0x4d56ab]
  /opt/cluster/programs/g16-c.01/g16/l1.exe() [0x41d5c6]
  /opt/cluster/programs/g16-c.01/g16/l1.exe() [0x410c4c]
  /opt/cluster/programs/g16-c.01/g16/l1.exe() [0x40d185]
  /opt/cluster/programs/g16-c.01/g16/l1.exe() [0x40cbd7]
  /opt/cluster/programs/g16-c.01/g16/l1.exe() [0x40cb24]
  /lib64/libc.so.6(__libc_start_main+0xf5) [0x2b29d2854445]
  /opt/cluster/programs/g16-c.01/g16/l1.exe() [0x407269]
 Read checkpoint file gaussian_27_water_hf_adz.chk type Unk
 Write formatted file gaussian_27_water_hf_adz.fchk
 Will use up to     0 threads.
 Top CubeGen          Mon Feb 20 10:05:47 2023
 Aft UFChkP           Mon Feb 20 10:05:47 2023        0.07 cpu,        0.07 elapsed
 Could not find " ","Total SCF Density" on formatted checkpoint file.
 Error termination via Lnk1e at Mon Feb 20 10:05:47 2023.
Error: segmentation violation
   rax 0000000000000000, rbx 00000000058b0be0, rcx ffffffffffffffff
   rdx 0000000000024ca8, rsp 00007fff14183988, rbp 00007fff141839e0
   rsi 000000000000000b, rdi 0000000000024ca8, r8  00002b9e9a76fac0
   r9  00002b9e9a76fac0, r10 00007fff141833e0, r11 0000000000000206
   r12 00000000058aeb0b, r13 000000000697d288, r14 00000000058aeec0
   r15 00007fff14185c20
  /lib64/libpthread.so.0(+0xf6d0) [0x2b9e9ac696d0]
  /lib64/libc.so.6(kill+0x7) [0x2b9e9b1ae547]
  /opt/cluster/programs/g16-c.01/g16/cubegen() [0x40fe24]
  /lib64/libc.so.6(__libc_start_main+0xf5) [0x2b9e9b19a445]
/var/spool/slurm//job7311545/slurm_script: line 57: 150696 Aborted                 $g16root/g16/cubegen 0 Density $FCKFILE $DNSFILE -2 h
 Will use up to     0 threads.
 Top CubeGen          Mon Feb 20 10:05:48 2023
 Aft UFChkP           Mon Feb 20 10:05:48 2023        0.07 cpu,        0.07 elapsed
 Could not find " ","Total SCF Density" on formatted checkpoint file.
 Error termination via Lnk1e at Mon Feb 20 10:05:48 2023.
Error: segmentation violation
   rax 0000000000000000, rbx 00000000058b0be0, rcx ffffffffffffffff
   rdx 0000000000024cd6, rsp 00007ffd5e0518c8, rbp 00007ffd5e051920
   rsi 000000000000000b, rdi 0000000000024cd6, r8  00002b4939b6bac0
   r9  00002b4939b6bac0, r10 00007ffd5e051320, r11 0000000000000202
   r12 00000000058aeb0b, r13 000000000697d288, r14 00000000058aeec0
   r15 00007ffd5e053b60
  /lib64/libpthread.so.0(+0xf6d0) [0x2b493a0656d0]
  /lib64/libc.so.6(kill+0x7) [0x2b493a5aa547]
  /opt/cluster/programs/g16-c.01/g16/cubegen() [0x40fe24]
  /lib64/libc.so.6(__libc_start_main+0xf5) [0x2b493a596445]
/var/spool/slurm//job7311545/slurm_script: line 60: 150742 Aborted                 $g16root/g16/cubegen 0 Potential $FCKFILE $ESPFILE -2 h
cp: cannot stat ‘gaussian_27_water_hf_adz_dens.cube’: No such file or directory
cp: cannot stat ‘gaussian_27_water_hf_adz_esp.cube’: No such file or directory
