node106.cluster
 Read checkpoint file gaussian_84_water_hf_adz.chk type G16
 Write formatted file gaussian_84_water_hf_adz.fchk
 FChkPn:  Coordinates translated and rotated.
 FChkPn:  Coordinates match /B/ after translation and rotation.
 Will use up to     0 threads.
 Top CubeGen          Mon Feb 20 10:27:57 2023
 Aft UFChkP           Mon Feb 20 10:27:57 2023        0.13 cpu,        0.13 elapsed
 Aft DecCub           Mon Feb 20 10:27:57 2023        0.01 cpu,        0.01 elapsed
 Aft Density          Mon Feb 20 10:27:57 2023        0.00 cpu,        0.00 elapsed
 Bef DoCube           Mon Feb 20 10:27:57 2023        0.00 cpu,        0.00 elapsed
 There are a total of       29791 grid points.
 ElSum from          density=        8.1601067775
 Aft DoCube           Mon Feb 20 10:27:57 2023        0.05 cpu,        0.06 elapsed
 Will use up to     0 threads.
 Top CubeGen          Mon Feb 20 10:27:57 2023
 Aft UFChkP           Mon Feb 20 10:27:57 2023        0.11 cpu,        0.12 elapsed
 Aft DecCub           Mon Feb 20 10:27:57 2023        0.00 cpu,        0.00 elapsed
 Aft Density          Mon Feb 20 10:27:57 2023        0.01 cpu,        0.00 elapsed
 Bef DoCube           Mon Feb 20 10:27:57 2023        0.00 cpu,        0.00 elapsed
 There are a total of       29791 grid points.
 ElSum from          density=       13.6135131322
 Aft DoCube           Mon Feb 20 10:27:57 2023        0.40 cpu,        0.41 elapsed
