node65.cluster
 Read checkpoint file gaussian_131_water_ccsdt_atz.chk type G16
 Write formatted file gaussian_131_water_ccsdt_atz.fchk
 FChkPn:  Coordinates translated and rotated.
 FChkPn:  Coordinates match /B/ after translation and rotation.
 Will use up to     0 threads.
 Top CubeGen          Wed Feb  8 13:55:25 2023
 Aft UFChkP           Wed Feb  8 13:55:25 2023        0.18 cpu,        0.19 elapsed
 Aft DecCub           Wed Feb  8 13:55:25 2023        0.03 cpu,        0.02 elapsed
 Aft Density          Wed Feb  8 13:55:25 2023        0.00 cpu,        0.00 elapsed
 Bef DoCube           Wed Feb  8 13:55:25 2023        0.00 cpu,        0.00 elapsed
 There are a total of       29791 grid points.
 ElSum from          density=        8.1590946550
 Aft DoCube           Wed Feb  8 13:55:25 2023        0.17 cpu,        0.16 elapsed
 Will use up to     0 threads.
 Top CubeGen          Wed Feb  8 13:55:26 2023
 Aft UFChkP           Wed Feb  8 13:55:26 2023        0.19 cpu,        0.19 elapsed
 Aft DecCub           Wed Feb  8 13:55:26 2023        0.00 cpu,        0.01 elapsed
 Aft Density          Wed Feb  8 13:55:26 2023        0.00 cpu,        0.00 elapsed
 Bef DoCube           Wed Feb  8 13:55:26 2023        0.00 cpu,        0.00 elapsed
 There are a total of       29791 grid points.
 ElSum from          density=       13.6111714254
 Aft DoCube           Wed Feb  8 13:55:27 2023        1.10 cpu,        1.10 elapsed
