node105.cluster
Error: segmentation violation
   rax 0000000000000000, rbx ffffffffffffffff, rcx ffffffffffffffff
   rdx 000000000002ae93, rsp 00007fff030c29c8, rbp 00007fff030c2f40
   rsi 000000000000000b, rdi 000000000002ae93, r8  0000000000000020
   r9  0000000000000401, r10 00007fff030c2420, r11 0000000000000202
   r12 00007fff030c2f88, r13 0000000000000000, r14 0000000000000000
   r15 00000000000003e6
  /lib64/libpthread.so.0(+0xf6d0) [0x2afc544c56d0]
  /lib64/libc.so.6(kill+0x7) [0x2afc54a0a547]
  /opt/cluster/programs/g16-c.01/g16/l1.exe() [0x4b8975]
  /opt/cluster/programs/g16-c.01/g16/l1.exe() [0x4f867a]
  /opt/cluster/programs/g16-c.01/g16/l1.exe() [0x4d56ab]
  /opt/cluster/programs/g16-c.01/g16/l1.exe() [0x41d5c6]
  /opt/cluster/programs/g16-c.01/g16/l1.exe() [0x410c4c]
  /opt/cluster/programs/g16-c.01/g16/l1.exe() [0x40d185]
  /opt/cluster/programs/g16-c.01/g16/l1.exe() [0x40cbd7]
  /opt/cluster/programs/g16-c.01/g16/l1.exe() [0x40cb24]
  /lib64/libc.so.6(__libc_start_main+0xf5) [0x2afc549f6445]
  /opt/cluster/programs/g16-c.01/g16/l1.exe() [0x407269]
 Read checkpoint file gaussian_175_water_hf_adz.chk type Unk
 Write formatted file gaussian_175_water_hf_adz.fchk
 Will use up to     0 threads.
 Top CubeGen          Mon Feb 20 10:08:20 2023
 Aft UFChkP           Mon Feb 20 10:08:20 2023        0.07 cpu,        0.07 elapsed
 Could not find " ","Total SCF Density" on formatted checkpoint file.
 Error termination via Lnk1e at Mon Feb 20 10:08:20 2023.
Error: segmentation violation
   rax 0000000000000000, rbx 00000000058b0be0, rcx ffffffffffffffff
   rdx 000000000002aee0, rsp 00007ffe08665788, rbp 00007ffe086657e0
   rsi 000000000000000b, rdi 000000000002aee0, r8  00002affcab1fac0
   r9  00002affcab1fac0, r10 00007ffe086651e0, r11 0000000000000206
   r12 00000000058aeb0b, r13 000000000697d288, r14 00000000058aeec0
   r15 00007ffe08667a20
  /lib64/libpthread.so.0(+0xf6d0) [0x2affcb0196d0]
  /lib64/libc.so.6(kill+0x7) [0x2affcb55e547]
  /opt/cluster/programs/g16-c.01/g16/cubegen() [0x40fe24]
  /lib64/libc.so.6(__libc_start_main+0xf5) [0x2affcb54a445]
/var/spool/slurm//job7311693/slurm_script: line 57: 175840 Aborted                 $g16root/g16/cubegen 0 Density $FCKFILE $DNSFILE -2 h
 Will use up to     0 threads.
 Top CubeGen          Mon Feb 20 10:08:20 2023
 Aft UFChkP           Mon Feb 20 10:08:20 2023        0.07 cpu,        0.07 elapsed
 Could not find " ","Total SCF Density" on formatted checkpoint file.
 Error termination via Lnk1e at Mon Feb 20 10:08:20 2023.
Error: segmentation violation
   rax 0000000000000000, rbx 00000000058b0be0, rcx ffffffffffffffff
   rdx 000000000002af10, rsp 00007ffc217494f8, rbp 00007ffc21749550
   rsi 000000000000000b, rdi 000000000002af10, r8  00002b7571248ac0
   r9  00002b7571248ac0, r10 00007ffc21748f60, r11 0000000000000202
   r12 00000000058aeb0b, r13 000000000697d288, r14 00000000058aeec0
   r15 00007ffc2174b790
  /lib64/libpthread.so.0(+0xf6d0) [0x2b75717426d0]
  /lib64/libc.so.6(kill+0x7) [0x2b7571c87547]
  /opt/cluster/programs/g16-c.01/g16/cubegen() [0x40fe24]
  /lib64/libc.so.6(__libc_start_main+0xf5) [0x2b7571c73445]
/var/spool/slurm//job7311693/slurm_script: line 60: 175888 Aborted                 $g16root/g16/cubegen 0 Potential $FCKFILE $ESPFILE -2 h
cp: cannot stat ‘gaussian_175_water_hf_adz_dens.cube’: No such file or directory
cp: cannot stat ‘gaussian_175_water_hf_adz_esp.cube’: No such file or directory
