node106.cluster
 Read checkpoint file gaussian_108_water_hf_adz.chk type G16
 Write formatted file gaussian_108_water_hf_adz.fchk
 FChkPn:  Coordinates translated and rotated.
 FChkPn:  Coordinates match /B/ after translation and rotation.
 Will use up to     0 threads.
 Top CubeGen          Fri Feb 17 10:03:54 2023
 Aft UFChkP           Fri Feb 17 10:03:54 2023        0.13 cpu,        0.13 elapsed
 Aft DecCub           Fri Feb 17 10:03:54 2023        0.01 cpu,        0.01 elapsed
 Aft Density          Fri Feb 17 10:03:54 2023        0.00 cpu,        0.00 elapsed
 Bef DoCube           Fri Feb 17 10:03:54 2023        0.00 cpu,        0.00 elapsed
 There are a total of       29791 grid points.
 ElSum from          density=        8.1591981224
 Aft DoCube           Fri Feb 17 10:03:54 2023        0.08 cpu,        0.07 elapsed
 Will use up to     0 threads.
 Top CubeGen          Fri Feb 17 10:03:54 2023
 Aft UFChkP           Fri Feb 17 10:03:55 2023        0.13 cpu,        0.13 elapsed
 Aft DecCub           Fri Feb 17 10:03:55 2023        0.00 cpu,        0.00 elapsed
 Aft Density          Fri Feb 17 10:03:55 2023        0.00 cpu,        0.00 elapsed
 Bef DoCube           Fri Feb 17 10:03:55 2023        0.00 cpu,        0.00 elapsed
 There are a total of       29791 grid points.
 ElSum from          density=       13.6127552459
 Aft DoCube           Fri Feb 17 10:03:55 2023        0.44 cpu,        0.44 elapsed
