node105.cluster
Error: segmentation violation
   rax 0000000000000000, rbx ffffffffffffffff, rcx ffffffffffffffff
   rdx 000000000002b489, rsp 00007fffca4071d8, rbp 00007fffca407750
   rsi 000000000000000b, rdi 000000000002b489, r8  0000000000000020
   r9  0000000000000401, r10 00007fffca406c60, r11 0000000000000206
   r12 00007fffca407798, r13 0000000000000000, r14 0000000000000000
   r15 00000000000003e6
  /lib64/libpthread.so.0(+0xf6d0) [0x2b1a9bb4b6d0]
  /lib64/libc.so.6(kill+0x7) [0x2b1a9c090547]
  /opt/cluster/programs/g16-c.01/g16/l1.exe() [0x4b8975]
  /opt/cluster/programs/g16-c.01/g16/l1.exe() [0x4f867a]
  /opt/cluster/programs/g16-c.01/g16/l1.exe() [0x4d56ab]
  /opt/cluster/programs/g16-c.01/g16/l1.exe() [0x41d5c6]
  /opt/cluster/programs/g16-c.01/g16/l1.exe() [0x410c4c]
  /opt/cluster/programs/g16-c.01/g16/l1.exe() [0x40d185]
  /opt/cluster/programs/g16-c.01/g16/l1.exe() [0x40cbd7]
  /opt/cluster/programs/g16-c.01/g16/l1.exe() [0x40cb24]
  /lib64/libc.so.6(__libc_start_main+0xf5) [0x2b1a9c07c445]
  /opt/cluster/programs/g16-c.01/g16/l1.exe() [0x407269]
 Read checkpoint file gaussian_54_water_hf_adz2.chk type Unk
 Write formatted file gaussian_54_water_hf_adz2.fchk
 Will use up to     0 threads.
 Top CubeGen          Mon Feb 20 10:09:46 2023
 Aft UFChkP           Mon Feb 20 10:09:46 2023        0.07 cpu,        0.07 elapsed
 Could not find " ","Total SCF Density" on formatted checkpoint file.
 Error termination via Lnk1e at Mon Feb 20 10:09:46 2023.
Error: segmentation violation
   rax 0000000000000000, rbx 00000000058b0be0, rcx ffffffffffffffff
   rdx 000000000002b4d7, rsp 00007fff7bee8318, rbp 00007fff7bee8370
   rsi 000000000000000b, rdi 000000000002b4d7, r8  00002b95f724dac0
   r9  00002b95f724dac0, r10 00007fff7bee7da0, r11 0000000000000206
   r12 00000000058aeb0b, r13 000000000697d288, r14 00000000058aeec0
   r15 00007fff7beea5b0
  /lib64/libpthread.so.0(+0xf6d0) [0x2b95f77476d0]
  /lib64/libc.so.6(kill+0x7) [0x2b95f7c8c547]
  /opt/cluster/programs/g16-c.01/g16/cubegen() [0x40fe24]
  /lib64/libc.so.6(__libc_start_main+0xf5) [0x2b95f7c78445]
/var/spool/slurm//job7311752/slurm_script: line 57: 177367 Aborted                 $g16root/g16/cubegen 0 Density $FCKFILE $DNSFILE -2 h
 Will use up to     0 threads.
 Top CubeGen          Mon Feb 20 10:09:46 2023
 Aft UFChkP           Mon Feb 20 10:09:47 2023        0.07 cpu,        0.07 elapsed
 Could not find " ","Total SCF Density" on formatted checkpoint file.
 Error termination via Lnk1e at Mon Feb 20 10:09:47 2023.
Error: segmentation violation
   rax 0000000000000000, rbx 00000000058b0be0, rcx ffffffffffffffff
   rdx 000000000002b507, rsp 00007ffc8a3583a8, rbp 00007ffc8a358400
   rsi 000000000000000b, rdi 000000000002b507, r8  00002b766d759ac0
   r9  00002b766d759ac0, r10 00007ffc8a357e20, r11 0000000000000202
   r12 00000000058aeb0b, r13 000000000697d288, r14 00000000058aeec0
   r15 00007ffc8a35a640
  /lib64/libpthread.so.0(+0xf6d0) [0x2b766dc536d0]
  /lib64/libc.so.6(kill+0x7) [0x2b766e198547]
  /opt/cluster/programs/g16-c.01/g16/cubegen() [0x40fe24]
  /lib64/libc.so.6(__libc_start_main+0xf5) [0x2b766e184445]
/var/spool/slurm//job7311752/slurm_script: line 60: 177415 Aborted                 $g16root/g16/cubegen 0 Potential $FCKFILE $ESPFILE -2 h
cp: cannot stat ‘gaussian_54_water_hf_adz2_dens.cube’: No such file or directory
cp: cannot stat ‘gaussian_54_water_hf_adz2_esp.cube’: No such file or directory
