node105.cluster
Error: segmentation violation
   rax 0000000000000000, rbx ffffffffffffffff, rcx ffffffffffffffff
   rdx 000000000002a4a6, rsp 00007ffdce2c2de8, rbp 00007ffdce2c3360
   rsi 000000000000000b, rdi 000000000002a4a6, r8  0000000000000020
   r9  0000000000000401, r10 00007ffdce2c2860, r11 0000000000000206
   r12 00007ffdce2c33a8, r13 0000000000000000, r14 0000000000000000
   r15 00000000000003e6
  /lib64/libpthread.so.0(+0xf6d0) [0x2b350504d6d0]
  /lib64/libc.so.6(kill+0x7) [0x2b3505592547]
  /opt/cluster/programs/g16-c.01/g16/l1.exe() [0x4b8975]
  /opt/cluster/programs/g16-c.01/g16/l1.exe() [0x4f867a]
  /opt/cluster/programs/g16-c.01/g16/l1.exe() [0x4d56ab]
  /opt/cluster/programs/g16-c.01/g16/l1.exe() [0x41d5c6]
  /opt/cluster/programs/g16-c.01/g16/l1.exe() [0x410c4c]
  /opt/cluster/programs/g16-c.01/g16/l1.exe() [0x40d185]
  /opt/cluster/programs/g16-c.01/g16/l1.exe() [0x40cbd7]
  /opt/cluster/programs/g16-c.01/g16/l1.exe() [0x40cb24]
  /lib64/libc.so.6(__libc_start_main+0xf5) [0x2b350557e445]
  /opt/cluster/programs/g16-c.01/g16/l1.exe() [0x407269]
 Read checkpoint file gaussian_74_water_hf_adz.chk type Unk
 Write formatted file gaussian_74_water_hf_adz.fchk
 Will use up to     0 threads.
 Top CubeGen          Mon Feb 20 10:06:38 2023
 Aft UFChkP           Mon Feb 20 10:06:38 2023        0.07 cpu,        0.07 elapsed
 Could not find " ","Total SCF Density" on formatted checkpoint file.
 Error termination via Lnk1e at Mon Feb 20 10:06:38 2023.
Error: segmentation violation
   rax 0000000000000000, rbx 00000000058b0be0, rcx ffffffffffffffff
   rdx 000000000002a4fa, rsp 00007ffd14943478, rbp 00007ffd149434d0
   rsi 000000000000000b, rdi 000000000002a4fa, r8  00002b446dfc8ac0
   r9  00002b446dfc8ac0, r10 00007ffd14942ee0, r11 0000000000000206
   r12 00000000058aeb0b, r13 000000000697d288, r14 00000000058aeec0
   r15 00007ffd14945710
  /lib64/libpthread.so.0(+0xf6d0) [0x2b446e4c26d0]
  /lib64/libc.so.6(kill+0x7) [0x2b446ea07547]
  /opt/cluster/programs/g16-c.01/g16/cubegen() [0x40fe24]
  /lib64/libc.so.6(__libc_start_main+0xf5) [0x2b446e9f3445]
/var/spool/slurm//job7311592/slurm_script: line 57: 173306 Aborted                 $g16root/g16/cubegen 0 Density $FCKFILE $DNSFILE -2 h
 Will use up to     0 threads.
 Top CubeGen          Mon Feb 20 10:06:39 2023
 Aft UFChkP           Mon Feb 20 10:06:39 2023        0.07 cpu,        0.07 elapsed
 Could not find " ","Total SCF Density" on formatted checkpoint file.
 Error termination via Lnk1e at Mon Feb 20 10:06:39 2023.
Error: segmentation violation
   rax 0000000000000000, rbx 00000000058b0be0, rcx ffffffffffffffff
   rdx 000000000002a52b, rsp 00007ffd697cdc18, rbp 00007ffd697cdc70
   rsi 000000000000000b, rdi 000000000002a52b, r8  00002ad78d823ac0
   r9  00002ad78d823ac0, r10 00007ffd697cd6a0, r11 0000000000000206
   r12 00000000058aeb0b, r13 000000000697d288, r14 00000000058aeec0
   r15 00007ffd697cfeb0
  /lib64/libpthread.so.0(+0xf6d0) [0x2ad78dd1d6d0]
  /lib64/libc.so.6(kill+0x7) [0x2ad78e262547]
  /opt/cluster/programs/g16-c.01/g16/cubegen() [0x40fe24]
  /lib64/libc.so.6(__libc_start_main+0xf5) [0x2ad78e24e445]
/var/spool/slurm//job7311592/slurm_script: line 60: 173355 Aborted                 $g16root/g16/cubegen 0 Potential $FCKFILE $ESPFILE -2 h
cp: cannot stat ‘gaussian_74_water_hf_adz_dens.cube’: No such file or directory
cp: cannot stat ‘gaussian_74_water_hf_adz_esp.cube’: No such file or directory
