node105.cluster
Error: segmentation violation
   rax 0000000000000000, rbx ffffffffffffffff, rcx ffffffffffffffff
   rdx 000000000002b465, rsp 00007ffe372c9628, rbp 00007ffe372c9ba0
   rsi 000000000000000b, rdi 000000000002b465, r8  0000000000000020
   r9  0000000000000401, r10 00007ffe372c90a0, r11 0000000000000206
   r12 00007ffe372c9be8, r13 0000000000000000, r14 0000000000000000
   r15 00000000000003e6
  /lib64/libpthread.so.0(+0xf6d0) [0x2b7391d8b6d0]
  /lib64/libc.so.6(kill+0x7) [0x2b73922d0547]
  /opt/cluster/programs/g16-c.01/g16/l1.exe() [0x4b8975]
  /opt/cluster/programs/g16-c.01/g16/l1.exe() [0x4f867a]
  /opt/cluster/programs/g16-c.01/g16/l1.exe() [0x4d56ab]
  /opt/cluster/programs/g16-c.01/g16/l1.exe() [0x41d5c6]
  /opt/cluster/programs/g16-c.01/g16/l1.exe() [0x410c4c]
  /opt/cluster/programs/g16-c.01/g16/l1.exe() [0x40d185]
  /opt/cluster/programs/g16-c.01/g16/l1.exe() [0x40cbd7]
  /opt/cluster/programs/g16-c.01/g16/l1.exe() [0x40cb24]
  /lib64/libc.so.6(__libc_start_main+0xf5) [0x2b73922bc445]
  /opt/cluster/programs/g16-c.01/g16/l1.exe() [0x407269]
 Read checkpoint file gaussian_52_water_hf_adz2.chk type Unk
 Write formatted file gaussian_52_water_hf_adz2.fchk
 Will use up to     0 threads.
 Top CubeGen          Mon Feb 20 10:09:46 2023
 Aft UFChkP           Mon Feb 20 10:09:46 2023        0.07 cpu,        0.07 elapsed
 Could not find " ","Total SCF Density" on formatted checkpoint file.
 Error termination via Lnk1e at Mon Feb 20 10:09:46 2023.
Error: segmentation violation
   rax 0000000000000000, rbx 00000000058b0be0, rcx ffffffffffffffff
   rdx 000000000002b4c1, rsp 00007ffd42697528, rbp 00007ffd42697580
   rsi 000000000000000b, rdi 000000000002b4c1, r8  00002ba039933ac0
   r9  00002ba039933ac0, r10 00007ffd42696fa0, r11 0000000000000206
   r12 00000000058aeb0b, r13 000000000697d288, r14 00000000058aeec0
   r15 00007ffd426997c0
  /lib64/libpthread.so.0(+0xf6d0) [0x2ba039e2d6d0]
  /lib64/libc.so.6(kill+0x7) [0x2ba03a372547]
  /opt/cluster/programs/g16-c.01/g16/cubegen() [0x40fe24]
  /lib64/libc.so.6(__libc_start_main+0xf5) [0x2ba03a35e445]
/var/spool/slurm//job7311750/slurm_script: line 57: 177345 Aborted                 $g16root/g16/cubegen 0 Density $FCKFILE $DNSFILE -2 h
 Will use up to     0 threads.
 Top CubeGen          Mon Feb 20 10:09:46 2023
 Aft UFChkP           Mon Feb 20 10:09:46 2023        0.07 cpu,        0.07 elapsed
 Could not find " ","Total SCF Density" on formatted checkpoint file.
 Error termination via Lnk1e at Mon Feb 20 10:09:46 2023.
Error: segmentation violation
   rax 0000000000000000, rbx 00000000058b0be0, rcx ffffffffffffffff
   rdx 000000000002b4f9, rsp 00007fffb21628e8, rbp 00007fffb2162940
   rsi 000000000000000b, rdi 000000000002b4f9, r8  00002b7889b84ac0
   r9  00002b7889b84ac0, r10 00007fffb2162360, r11 0000000000000206
   r12 00000000058aeb0b, r13 000000000697d288, r14 00000000058aeec0
   r15 00007fffb2164b80
  /lib64/libpthread.so.0(+0xf6d0) [0x2b788a07e6d0]
  /lib64/libc.so.6(kill+0x7) [0x2b788a5c3547]
  /opt/cluster/programs/g16-c.01/g16/cubegen() [0x40fe24]
  /lib64/libc.so.6(__libc_start_main+0xf5) [0x2b788a5af445]
/var/spool/slurm//job7311750/slurm_script: line 60: 177401 Aborted                 $g16root/g16/cubegen 0 Potential $FCKFILE $ESPFILE -2 h
cp: cannot stat ‘gaussian_52_water_hf_adz2_dens.cube’: No such file or directory
cp: cannot stat ‘gaussian_52_water_hf_adz2_esp.cube’: No such file or directory
