node105.cluster
Error: segmentation violation
   rax 0000000000000000, rbx ffffffffffffffff, rcx ffffffffffffffff
   rdx 000000000002b964, rsp 00007ffea983c008, rbp 00007ffea983c580
   rsi 000000000000000b, rdi 000000000002b964, r8  0000000000000020
   r9  0000000000000401, r10 00007ffea983ba60, r11 0000000000000202
   r12 00007ffea983c5c8, r13 0000000000000000, r14 0000000000000000
   r15 00000000000003e6
  /lib64/libpthread.so.0(+0xf6d0) [0x2b883bda96d0]
  /lib64/libc.so.6(kill+0x7) [0x2b883c2ee547]
  /opt/cluster/programs/g16-c.01/g16/l1.exe() [0x4b8975]
  /opt/cluster/programs/g16-c.01/g16/l1.exe() [0x4f867a]
  /opt/cluster/programs/g16-c.01/g16/l1.exe() [0x4d56ab]
  /opt/cluster/programs/g16-c.01/g16/l1.exe() [0x41d5c6]
  /opt/cluster/programs/g16-c.01/g16/l1.exe() [0x410c4c]
  /opt/cluster/programs/g16-c.01/g16/l1.exe() [0x40d185]
  /opt/cluster/programs/g16-c.01/g16/l1.exe() [0x40cbd7]
  /opt/cluster/programs/g16-c.01/g16/l1.exe() [0x40cb24]
  /lib64/libc.so.6(__libc_start_main+0xf5) [0x2b883c2da445]
  /opt/cluster/programs/g16-c.01/g16/l1.exe() [0x407269]
 Read checkpoint file gaussian_103_water_hf_adz2.chk type Unk
 Write formatted file gaussian_103_water_hf_adz2.fchk
 Will use up to     0 threads.
 Top CubeGen          Mon Feb 20 10:10:38 2023
 Aft UFChkP           Mon Feb 20 10:10:38 2023        0.07 cpu,        0.08 elapsed
 Could not find " ","Total SCF Density" on formatted checkpoint file.
 Error termination via Lnk1e at Mon Feb 20 10:10:38 2023.
Error: segmentation violation
   rax 0000000000000000, rbx 00000000058b0be0, rcx ffffffffffffffff
   rdx 000000000002b9c2, rsp 00007fffb753ed48, rbp 00007fffb753eda0
   rsi 000000000000000b, rdi 000000000002b9c2, r8  00002b9e9dc66ac0
   r9  00002b9e9dc66ac0, r10 00007fffb753e7a0, r11 0000000000000206
   r12 00000000058aeb0b, r13 000000000697d288, r14 00000000058aeec0
   r15 00007fffb7540fe0
  /lib64/libpthread.so.0(+0xf6d0) [0x2b9e9e1606d0]
  /lib64/libc.so.6(kill+0x7) [0x2b9e9e6a5547]
  /opt/cluster/programs/g16-c.01/g16/cubegen() [0x40fe24]
  /lib64/libc.so.6(__libc_start_main+0xf5) [0x2b9e9e691445]
/var/spool/slurm//job7311801/slurm_script: line 57: 178626 Aborted                 $g16root/g16/cubegen 0 Density $FCKFILE $DNSFILE -2 h
 Will use up to     0 threads.
 Top CubeGen          Mon Feb 20 10:10:39 2023
 Aft UFChkP           Mon Feb 20 10:10:39 2023        0.08 cpu,        0.08 elapsed
 Could not find " ","Total SCF Density" on formatted checkpoint file.
 Error termination via Lnk1e at Mon Feb 20 10:10:39 2023.
Error: segmentation violation
   rax 0000000000000000, rbx 00000000058b0be0, rcx ffffffffffffffff
   rdx 000000000002b9f3, rsp 00007ffcf3ff0288, rbp 00007ffcf3ff02e0
   rsi 000000000000000b, rdi 000000000002b9f3, r8  00002b8f0784eac0
   r9  00002b8f0784eac0, r10 00007ffcf3fefce0, r11 0000000000000206
   r12 00000000058aeb0b, r13 000000000697d288, r14 00000000058aeec0
   r15 00007ffcf3ff2520
  /lib64/libpthread.so.0(+0xf6d0) [0x2b8f07d486d0]
  /lib64/libc.so.6(kill+0x7) [0x2b8f0828d547]
  /opt/cluster/programs/g16-c.01/g16/cubegen() [0x40fe24]
  /lib64/libc.so.6(__libc_start_main+0xf5) [0x2b8f08279445]
/var/spool/slurm//job7311801/slurm_script: line 60: 178675 Aborted                 $g16root/g16/cubegen 0 Potential $FCKFILE $ESPFILE -2 h
cp: cannot stat ‘gaussian_103_water_hf_adz2_dens.cube’: No such file or directory
cp: cannot stat ‘gaussian_103_water_hf_adz2_esp.cube’: No such file or directory
