node58.cluster
 Read checkpoint file gaussian_147_water_pbe0_dz.chk type G16
 Write formatted file gaussian_147_water_pbe0_dz.fchk
 FChkPn:  Coordinates translated and rotated.
 FChkPn:  Coordinates match /B/ after translation and rotation.
 Will use up to     0 threads.
 Top CubeGen          Mon Mar 20 17:35:29 2023
 Aft UFChkP           Mon Mar 20 17:35:29 2023        0.17 cpu,        0.18 elapsed
 Aft DecCub           Mon Mar 20 17:35:29 2023        0.01 cpu,        0.01 elapsed
 Aft Density          Mon Mar 20 17:35:29 2023        0.00 cpu,        0.00 elapsed
 Bef DoCube           Mon Mar 20 17:35:29 2023        0.00 cpu,        0.00 elapsed
 There are a total of       29791 grid points.
 ElSum from          density=        8.1616809301
 Aft DoCube           Mon Mar 20 17:35:29 2023        0.14 cpu,        0.13 elapsed
 Will use up to     0 threads.
 Top CubeGen          Mon Mar 20 17:35:29 2023
 Aft UFChkP           Mon Mar 20 17:35:29 2023        0.12 cpu,        0.13 elapsed
 Aft DecCub           Mon Mar 20 17:35:29 2023        0.00 cpu,        0.00 elapsed
 Aft Density          Mon Mar 20 17:35:29 2023        0.00 cpu,        0.00 elapsed
 Bef DoCube           Mon Mar 20 17:35:29 2023        0.00 cpu,        0.00 elapsed
 There are a total of       29791 grid points.
 ElSum from          density=       13.6091390501
 Aft DoCube           Mon Mar 20 17:35:30 2023        0.46 cpu,        0.45 elapsed
