node88.cluster
 Read checkpoint file gaussian_17_water_hf_adz.chk type G16
 Write formatted file gaussian_17_water_hf_adz.fchk
 FChkPn:  Coordinates translated and rotated.
 FChkPn:  Coordinates match /B/ after translation and rotation.
 Will use up to     0 threads.
 Top CubeGen          Mon Feb 20 10:26:52 2023
 Aft UFChkP           Mon Feb 20 10:26:52 2023        0.15 cpu,        0.15 elapsed
 Aft DecCub           Mon Feb 20 10:26:52 2023        0.01 cpu,        0.01 elapsed
 Aft Density          Mon Feb 20 10:26:52 2023        0.00 cpu,        0.00 elapsed
 Bef DoCube           Mon Feb 20 10:26:52 2023        0.00 cpu,        0.00 elapsed
 There are a total of       29791 grid points.
 ElSum from          density=        8.1561937407
 Aft DoCube           Mon Feb 20 10:26:53 2023        0.08 cpu,        0.07 elapsed
 Will use up to     0 threads.
 Top CubeGen          Mon Feb 20 10:26:53 2023
 Aft UFChkP           Mon Feb 20 10:26:53 2023        0.15 cpu,        0.15 elapsed
 Aft DecCub           Mon Feb 20 10:26:53 2023        0.00 cpu,        0.00 elapsed
 Aft Density          Mon Feb 20 10:26:53 2023        0.00 cpu,        0.00 elapsed
 Bef DoCube           Mon Feb 20 10:26:53 2023        0.00 cpu,        0.00 elapsed
 There are a total of       29791 grid points.
 ElSum from          density=       13.6091264028
 Aft DoCube           Mon Feb 20 10:26:53 2023        0.42 cpu,        0.43 elapsed
