node105.cluster
Error: segmentation violation
   rax 0000000000000000, rbx ffffffffffffffff, rcx ffffffffffffffff
   rdx 000000000002b888, rsp 00007ffcd828a648, rbp 00007ffcd828abc0
   rsi 000000000000000b, rdi 000000000002b888, r8  0000000000000020
   r9  0000000000000401, r10 00007ffcd828a0a0, r11 0000000000000206
   r12 00007ffcd828ac08, r13 0000000000000000, r14 0000000000000000
   r15 00000000000003e6
  /lib64/libpthread.so.0(+0xf6d0) [0x2b2edef3b6d0]
  /lib64/libc.so.6(kill+0x7) [0x2b2edf480547]
  /opt/cluster/programs/g16-c.01/g16/l1.exe() [0x4b8975]
  /opt/cluster/programs/g16-c.01/g16/l1.exe() [0x4f867a]
  /opt/cluster/programs/g16-c.01/g16/l1.exe() [0x4d56ab]
  /opt/cluster/programs/g16-c.01/g16/l1.exe() [0x41d5c6]
  /opt/cluster/programs/g16-c.01/g16/l1.exe() [0x410c4c]
  /opt/cluster/programs/g16-c.01/g16/l1.exe() [0x40d185]
  /opt/cluster/programs/g16-c.01/g16/l1.exe() [0x40cbd7]
  /opt/cluster/programs/g16-c.01/g16/l1.exe() [0x40cb24]
  /lib64/libc.so.6(__libc_start_main+0xf5) [0x2b2edf46c445]
  /opt/cluster/programs/g16-c.01/g16/l1.exe() [0x407269]
 Read checkpoint file gaussian_95_water_hf_adz2.chk type Unk
 Write formatted file gaussian_95_water_hf_adz2.fchk
 Will use up to     0 threads.
 Top CubeGen          Mon Feb 20 10:10:26 2023
 Aft UFChkP           Mon Feb 20 10:10:26 2023        0.07 cpu,        0.08 elapsed
 Could not find " ","Total SCF Density" on formatted checkpoint file.
 Error termination via Lnk1e at Mon Feb 20 10:10:26 2023.
Error: segmentation violation
   rax 0000000000000000, rbx 00000000058b0be0, rcx ffffffffffffffff
   rdx 000000000002b8c4, rsp 00007fffaafc7518, rbp 00007fffaafc7570
   rsi 000000000000000b, rdi 000000000002b8c4, r8  00002b43459d9ac0
   r9  00002b43459d9ac0, r10 00007fffaafc6fa0, r11 0000000000000206
   r12 00000000058aeb0b, r13 000000000697d288, r14 00000000058aeec0
   r15 00007fffaafc97b0
  /lib64/libpthread.so.0(+0xf6d0) [0x2b4345ed36d0]
  /lib64/libc.so.6(kill+0x7) [0x2b4346418547]
  /opt/cluster/programs/g16-c.01/g16/cubegen() [0x40fe24]
  /lib64/libc.so.6(__libc_start_main+0xf5) [0x2b4346404445]
/var/spool/slurm//job7311793/slurm_script: line 57: 178372 Aborted                 $g16root/g16/cubegen 0 Density $FCKFILE $DNSFILE -2 h
 Will use up to     0 threads.
 Top CubeGen          Mon Feb 20 10:10:26 2023
 Aft UFChkP           Mon Feb 20 10:10:27 2023        0.08 cpu,        0.08 elapsed
 Could not find " ","Total SCF Density" on formatted checkpoint file.
 Error termination via Lnk1e at Mon Feb 20 10:10:27 2023.
Error: segmentation violation
   rax 0000000000000000, rbx 00000000058b0be0, rcx ffffffffffffffff
   rdx 000000000002b8f4, rsp 00007fffa526e568, rbp 00007fffa526e5c0
   rsi 000000000000000b, rdi 000000000002b8f4, r8  00002abb4e115ac0
   r9  00002abb4e115ac0, r10 00007fffa526dfe0, r11 0000000000000202
   r12 00000000058aeb0b, r13 000000000697d288, r14 00000000058aeec0
   r15 00007fffa5270800
  /lib64/libpthread.so.0(+0xf6d0) [0x2abb4e60f6d0]
  /lib64/libc.so.6(kill+0x7) [0x2abb4eb54547]
  /opt/cluster/programs/g16-c.01/g16/cubegen() [0x40fe24]
  /lib64/libc.so.6(__libc_start_main+0xf5) [0x2abb4eb40445]
/var/spool/slurm//job7311793/slurm_script: line 60: 178420 Aborted                 $g16root/g16/cubegen 0 Potential $FCKFILE $ESPFILE -2 h
cp: cannot stat ‘gaussian_95_water_hf_adz2_dens.cube’: No such file or directory
cp: cannot stat ‘gaussian_95_water_hf_adz2_esp.cube’: No such file or directory
