node61.cluster
 Read checkpoint file gaussian_13_water_hf_pdz.chk type G16
 Write formatted file gaussian_13_water_hf_pdz.fchk
 FChkPn:  Coordinates translated and rotated.
 FChkPn:  Coordinates match /B/ after translation and rotation.
 Will use up to     0 threads.
 Top CubeGen          Wed Feb  8 15:04:53 2023
 Aft UFChkP           Wed Feb  8 15:04:53 2023        0.11 cpu,        0.11 elapsed
 Aft DecCub           Wed Feb  8 15:04:53 2023        0.01 cpu,        0.01 elapsed
 Aft Density          Wed Feb  8 15:04:53 2023        0.00 cpu,        0.00 elapsed
 Bef DoCube           Wed Feb  8 15:04:53 2023        0.00 cpu,        0.00 elapsed
 There are a total of       29791 grid points.
 ElSum from          density=        8.1556222497
 Aft DoCube           Wed Feb  8 15:04:53 2023        0.03 cpu,        0.04 elapsed
 Will use up to     0 threads.
 Top CubeGen          Wed Feb  8 15:04:53 2023
 Aft UFChkP           Wed Feb  8 15:04:53 2023        0.11 cpu,        0.11 elapsed
 Aft DecCub           Wed Feb  8 15:04:53 2023        0.00 cpu,        0.00 elapsed
 Aft Density          Wed Feb  8 15:04:53 2023        0.00 cpu,        0.00 elapsed
 Bef DoCube           Wed Feb  8 15:04:53 2023        0.00 cpu,        0.00 elapsed
 There are a total of       29791 grid points.
 ElSum from          density=       13.5937421929
 Aft DoCube           Wed Feb  8 15:04:53 2023        0.20 cpu,        0.20 elapsed
