node106.cluster
Error: segmentation violation
   rax 0000000000000000, rbx ffffffffffffffff, rcx ffffffffffffffff
   rdx 0000000000025800, rsp 00007fff4dff1f28, rbp 00007fff4dff24a0
   rsi 000000000000000b, rdi 0000000000025800, r8  0000000000000020
   r9  0000000000000401, r10 00007fff4dff19a0, r11 0000000000000206
   r12 00007fff4dff24e8, r13 0000000000000000, r14 0000000000000000
   r15 00000000000003e6
  /lib64/libpthread.so.0(+0xf6d0) [0x2b4e509076d0]
  /lib64/libc.so.6(kill+0x7) [0x2b4e50e4c547]
  /opt/cluster/programs/g16-c.01/g16/l1.exe() [0x4b8975]
  /opt/cluster/programs/g16-c.01/g16/l1.exe() [0x4f867a]
  /opt/cluster/programs/g16-c.01/g16/l1.exe() [0x4d56ab]
  /opt/cluster/programs/g16-c.01/g16/l1.exe() [0x41d5c6]
  /opt/cluster/programs/g16-c.01/g16/l1.exe() [0x410c4c]
  /opt/cluster/programs/g16-c.01/g16/l1.exe() [0x40d185]
  /opt/cluster/programs/g16-c.01/g16/l1.exe() [0x40cbd7]
  /opt/cluster/programs/g16-c.01/g16/l1.exe() [0x40cb24]
  /lib64/libc.so.6(__libc_start_main+0xf5) [0x2b4e50e38445]
  /opt/cluster/programs/g16-c.01/g16/l1.exe() [0x407269]
 Read checkpoint file gaussian_150_water_hf_adz.chk type Unk
 Write formatted file gaussian_150_water_hf_adz.fchk
 Will use up to     0 threads.
 Top CubeGen          Mon Feb 20 10:07:50 2023
 Aft UFChkP           Mon Feb 20 10:07:50 2023        0.06 cpu,        0.07 elapsed
 Could not find " ","Total SCF Density" on formatted checkpoint file.
 Error termination via Lnk1e at Mon Feb 20 10:07:50 2023.
Error: segmentation violation
   rax 0000000000000000, rbx 00000000058b0be0, rcx ffffffffffffffff
   rdx 000000000002583f, rsp 00007ffd5258dbe8, rbp 00007ffd5258dc40
   rsi 000000000000000b, rdi 000000000002583f, r8  00002b58eeb9eac0
   r9  00002b58eeb9eac0, r10 00007ffd5258d660, r11 0000000000000206
   r12 00000000058aeb0b, r13 000000000697d288, r14 00000000058aeec0
   r15 00007ffd5258fe80
  /lib64/libpthread.so.0(+0xf6d0) [0x2b58ef0986d0]
  /lib64/libc.so.6(kill+0x7) [0x2b58ef5dd547]
  /opt/cluster/programs/g16-c.01/g16/cubegen() [0x40fe24]
  /lib64/libc.so.6(__libc_start_main+0xf5) [0x2b58ef5c9445]
/var/spool/slurm//job7311668/slurm_script: line 57: 153663 Aborted                 $g16root/g16/cubegen 0 Density $FCKFILE $DNSFILE -2 h
 Will use up to     0 threads.
 Top CubeGen          Mon Feb 20 10:07:50 2023
 Aft UFChkP           Mon Feb 20 10:07:50 2023        0.07 cpu,        0.07 elapsed
 Could not find " ","Total SCF Density" on formatted checkpoint file.
 Error termination via Lnk1e at Mon Feb 20 10:07:50 2023.
Error: segmentation violation
   rax 0000000000000000, rbx 00000000058b0be0, rcx ffffffffffffffff
   rdx 000000000002586f, rsp 00007ffe5b7ab988, rbp 00007ffe5b7ab9e0
   rsi 000000000000000b, rdi 000000000002586f, r8  00002b3730e58ac0
   r9  00002b3730e58ac0, r10 00007ffe5b7ab3e0, r11 0000000000000206
   r12 00000000058aeb0b, r13 000000000697d288, r14 00000000058aeec0
   r15 00007ffe5b7adc20
  /lib64/libpthread.so.0(+0xf6d0) [0x2b37313526d0]
  /lib64/libc.so.6(kill+0x7) [0x2b3731897547]
  /opt/cluster/programs/g16-c.01/g16/cubegen() [0x40fe24]
  /lib64/libc.so.6(__libc_start_main+0xf5) [0x2b3731883445]
/var/spool/slurm//job7311668/slurm_script: line 60: 153711 Aborted                 $g16root/g16/cubegen 0 Potential $FCKFILE $ESPFILE -2 h
cp: cannot stat ‘gaussian_150_water_hf_adz_dens.cube’: No such file or directory
cp: cannot stat ‘gaussian_150_water_hf_adz_esp.cube’: No such file or directory
