node102.cluster
Error: segmentation violation
   rax 0000000000000000, rbx ffffffffffffffff, rcx ffffffffffffffff
   rdx 000000000002e3f1, rsp 00007ffd9f98b3c8, rbp 00007ffd9f98b940
   rsi 000000000000000b, rdi 000000000002e3f1, r8  0000000000000020
   r9  0000000000000401, r10 00007ffd9f98ae20, r11 0000000000000202
   r12 00007ffd9f98b988, r13 0000000000000000, r14 0000000000000000
   r15 00000000000003e6
  /lib64/libpthread.so.0(+0xf6d0) [0x2b3380fc56d0]
  /lib64/libc.so.6(kill+0x7) [0x2b338150a547]
  /opt/cluster/programs/g16-c.01/g16/l1.exe() [0x4b8975]
  /opt/cluster/programs/g16-c.01/g16/l1.exe() [0x4f867a]
  /opt/cluster/programs/g16-c.01/g16/l1.exe() [0x4d56ab]
  /opt/cluster/programs/g16-c.01/g16/l1.exe() [0x41d5c6]
  /opt/cluster/programs/g16-c.01/g16/l1.exe() [0x410c4c]
  /opt/cluster/programs/g16-c.01/g16/l1.exe() [0x40d185]
  /opt/cluster/programs/g16-c.01/g16/l1.exe() [0x40cbd7]
  /opt/cluster/programs/g16-c.01/g16/l1.exe() [0x40cb24]
  /lib64/libc.so.6(__libc_start_main+0xf5) [0x2b33814f6445]
  /opt/cluster/programs/g16-c.01/g16/l1.exe() [0x407269]
 Read checkpoint file gaussian_110_water_hf_adz2.chk type Unk
 Write formatted file gaussian_110_water_hf_adz2.fchk
 Will use up to     0 threads.
 Top CubeGen          Mon Feb 20 10:10:47 2023
 Aft UFChkP           Mon Feb 20 10:10:47 2023        0.06 cpu,        0.07 elapsed
 Could not find " ","Total SCF Density" on formatted checkpoint file.
 Error termination via Lnk1e at Mon Feb 20 10:10:47 2023.
Error: segmentation violation
   rax 0000000000000000, rbx 00000000058b0be0, rcx ffffffffffffffff
   rdx 000000000002e403, rsp 00007ffcd8032448, rbp 00007ffcd80324a0
   rsi 000000000000000b, rdi 000000000002e403, r8  00002ab3c625aac0
   r9  00002ab3c625aac0, r10 00007ffcd8031ea0, r11 0000000000000206
   r12 00000000058aeb0b, r13 000000000697d288, r14 00000000058aeec0
   r15 00007ffcd80346e0
  /lib64/libpthread.so.0(+0xf6d0) [0x2ab3c67546d0]
  /lib64/libc.so.6(kill+0x7) [0x2ab3c6c99547]
  /opt/cluster/programs/g16-c.01/g16/cubegen() [0x40fe24]
  /lib64/libc.so.6(__libc_start_main+0xf5) [0x2ab3c6c85445]
/var/spool/slurm//job7311808/slurm_script: line 57: 189443 Aborted                 $g16root/g16/cubegen 0 Density $FCKFILE $DNSFILE -2 h
 Will use up to     0 threads.
 Top CubeGen          Mon Feb 20 10:10:47 2023
 Aft UFChkP           Mon Feb 20 10:10:47 2023        0.07 cpu,        0.07 elapsed
 Could not find " ","Total SCF Density" on formatted checkpoint file.
 Error termination via Lnk1e at Mon Feb 20 10:10:47 2023.
Error: segmentation violation
   rax 0000000000000000, rbx 00000000058b0be0, rcx ffffffffffffffff
   rdx 000000000002e40f, rsp 00007fff90082818, rbp 00007fff90082870
   rsi 000000000000000b, rdi 000000000002e40f, r8  00002abdc40b8ac0
   r9  00002abdc40b8ac0, r10 00007fff900822a0, r11 0000000000000206
   r12 00000000058aeb0b, r13 000000000697d288, r14 00000000058aeec0
   r15 00007fff90084ab0
  /lib64/libpthread.so.0(+0xf6d0) [0x2abdc45b26d0]
  /lib64/libc.so.6(kill+0x7) [0x2abdc4af7547]
  /opt/cluster/programs/g16-c.01/g16/cubegen() [0x40fe24]
  /lib64/libc.so.6(__libc_start_main+0xf5) [0x2abdc4ae3445]
/var/spool/slurm//job7311808/slurm_script: line 60: 189455 Aborted                 $g16root/g16/cubegen 0 Potential $FCKFILE $ESPFILE -2 h
cp: cannot stat ‘gaussian_110_water_hf_adz2_dens.cube’: No such file or directory
cp: cannot stat ‘gaussian_110_water_hf_adz2_esp.cube’: No such file or directory
