node106.cluster
Error: segmentation violation
   rax 0000000000000000, rbx ffffffffffffffff, rcx ffffffffffffffff
   rdx 00000000000256c5, rsp 00007ffd44027748, rbp 00007ffd44027cc0
   rsi 000000000000000b, rdi 00000000000256c5, r8  0000000000000020
   r9  0000000000000401, r10 00007ffd440271a0, r11 0000000000000206
   r12 00007ffd44027d08, r13 0000000000000000, r14 0000000000000000
   r15 00000000000003e6
  /lib64/libpthread.so.0(+0xf6d0) [0x2b31e137e6d0]
  /lib64/libc.so.6(kill+0x7) [0x2b31e18c3547]
  /opt/cluster/programs/g16-c.01/g16/l1.exe() [0x4b8975]
  /opt/cluster/programs/g16-c.01/g16/l1.exe() [0x4f867a]
  /opt/cluster/programs/g16-c.01/g16/l1.exe() [0x4d56ab]
  /opt/cluster/programs/g16-c.01/g16/l1.exe() [0x41d5c6]
  /opt/cluster/programs/g16-c.01/g16/l1.exe() [0x410c4c]
  /opt/cluster/programs/g16-c.01/g16/l1.exe() [0x40d185]
  /opt/cluster/programs/g16-c.01/g16/l1.exe() [0x40cbd7]
  /opt/cluster/programs/g16-c.01/g16/l1.exe() [0x40cb24]
  /lib64/libc.so.6(__libc_start_main+0xf5) [0x2b31e18af445]
  /opt/cluster/programs/g16-c.01/g16/l1.exe() [0x407269]
 Read checkpoint file gaussian_137_water_hf_adz.chk type Unk
 Write formatted file gaussian_137_water_hf_adz.fchk
 Will use up to     0 threads.
 Top CubeGen          Mon Feb 20 10:07:39 2023
 Aft UFChkP           Mon Feb 20 10:07:39 2023        0.06 cpu,        0.07 elapsed
 Could not find " ","Total SCF Density" on formatted checkpoint file.
 Error termination via Lnk1e at Mon Feb 20 10:07:39 2023.
Error: segmentation violation
   rax 0000000000000000, rbx 00000000058b0be0, rcx ffffffffffffffff
   rdx 00000000000256d7, rsp 00007fffc4633308, rbp 00007fffc4633360
   rsi 000000000000000b, rdi 00000000000256d7, r8  00002b9ea35c5ac0
   r9  00002b9ea35c5ac0, r10 00007fffc4632d60, r11 0000000000000202
   r12 00000000058aeb0b, r13 000000000697d288, r14 00000000058aeec0
   r15 00007fffc46355a0
  /lib64/libpthread.so.0(+0xf6d0) [0x2b9ea3abf6d0]
  /lib64/libc.so.6(kill+0x7) [0x2b9ea4004547]
  /opt/cluster/programs/g16-c.01/g16/cubegen() [0x40fe24]
  /lib64/libc.so.6(__libc_start_main+0xf5) [0x2b9ea3ff0445]
/var/spool/slurm//job7311655/slurm_script: line 57: 153303 Aborted                 $g16root/g16/cubegen 0 Density $FCKFILE $DNSFILE -2 h
 Will use up to     0 threads.
 Top CubeGen          Mon Feb 20 10:07:39 2023
 Aft UFChkP           Mon Feb 20 10:07:39 2023        0.07 cpu,        0.07 elapsed
 Could not find " ","Total SCF Density" on formatted checkpoint file.
 Error termination via Lnk1e at Mon Feb 20 10:07:39 2023.
Error: segmentation violation
   rax 0000000000000000, rbx 00000000058b0be0, rcx ffffffffffffffff
   rdx 00000000000256e3, rsp 00007fffd8b6dc98, rbp 00007fffd8b6dcf0
   rsi 000000000000000b, rdi 00000000000256e3, r8  00002aeef8b1cac0
   r9  00002aeef8b1cac0, r10 00007fffd8b6d720, r11 0000000000000202
   r12 00000000058aeb0b, r13 000000000697d288, r14 00000000058aeec0
   r15 00007fffd8b6ff30
  /lib64/libpthread.so.0(+0xf6d0) [0x2aeef90166d0]
  /lib64/libc.so.6(kill+0x7) [0x2aeef955b547]
  /opt/cluster/programs/g16-c.01/g16/cubegen() [0x40fe24]
  /lib64/libc.so.6(__libc_start_main+0xf5) [0x2aeef9547445]
/var/spool/slurm//job7311655/slurm_script: line 60: 153315 Aborted                 $g16root/g16/cubegen 0 Potential $FCKFILE $ESPFILE -2 h
cp: cannot stat ‘gaussian_137_water_hf_adz_dens.cube’: No such file or directory
cp: cannot stat ‘gaussian_137_water_hf_adz_esp.cube’: No such file or directory
