node61.cluster
 Read checkpoint file gaussian_94_water_ccsdt_adz.chk type G16
 Write formatted file gaussian_94_water_ccsdt_adz.fchk
 FChkPn:  Coordinates translated and rotated.
 FChkPn:  Coordinates match /B/ after translation and rotation.
 Will use up to     0 threads.
 Top CubeGen          Wed Feb  8 14:49:22 2023
 Aft UFChkP           Wed Feb  8 14:49:23 2023        0.16 cpu,        0.16 elapsed
 Aft DecCub           Wed Feb  8 14:49:23 2023        0.01 cpu,        0.01 elapsed
 Aft Density          Wed Feb  8 14:49:23 2023        0.00 cpu,        0.00 elapsed
 Bef DoCube           Wed Feb  8 14:49:23 2023        0.00 cpu,        0.00 elapsed
 There are a total of       29791 grid points.
 ElSum from          density=        8.1572229073
 Aft DoCube           Wed Feb  8 14:49:23 2023        0.09 cpu,        0.09 elapsed
 Will use up to     0 threads.
 Top CubeGen          Wed Feb  8 14:49:23 2023
 Aft UFChkP           Wed Feb  8 14:49:23 2023        0.14 cpu,        0.15 elapsed
 Aft DecCub           Wed Feb  8 14:49:23 2023        0.01 cpu,        0.00 elapsed
 Aft Density          Wed Feb  8 14:49:23 2023        0.00 cpu,        0.00 elapsed
 Bef DoCube           Wed Feb  8 14:49:23 2023        0.00 cpu,        0.00 elapsed
 There are a total of       29791 grid points.
 ElSum from          density=       13.6105394261
 Aft DoCube           Wed Feb  8 14:49:23 2023        0.51 cpu,        0.50 elapsed
