node105.cluster
Error: segmentation violation
   rax 0000000000000000, rbx ffffffffffffffff, rcx ffffffffffffffff
   rdx 000000000002a17e, rsp 00007ffecefb0ac8, rbp 00007ffecefb1040
   rsi 000000000000000b, rdi 000000000002a17e, r8  0000000000000020
   r9  0000000000000401, r10 00007ffecefb0520, r11 0000000000000202
   r12 00007ffecefb1088, r13 0000000000000000, r14 0000000000000000
   r15 00000000000003e6
  /lib64/libpthread.so.0(+0xf6d0) [0x2acc2a44c6d0]
  /lib64/libc.so.6(kill+0x7) [0x2acc2a991547]
  /opt/cluster/programs/g16-c.01/g16/l1.exe() [0x4b8975]
  /opt/cluster/programs/g16-c.01/g16/l1.exe() [0x4f867a]
  /opt/cluster/programs/g16-c.01/g16/l1.exe() [0x4d56ab]
  /opt/cluster/programs/g16-c.01/g16/l1.exe() [0x41d5c6]
  /opt/cluster/programs/g16-c.01/g16/l1.exe() [0x410c4c]
  /opt/cluster/programs/g16-c.01/g16/l1.exe() [0x40d185]
  /opt/cluster/programs/g16-c.01/g16/l1.exe() [0x40cbd7]
  /opt/cluster/programs/g16-c.01/g16/l1.exe() [0x40cb24]
  /lib64/libc.so.6(__libc_start_main+0xf5) [0x2acc2a97d445]
  /opt/cluster/programs/g16-c.01/g16/l1.exe() [0x407269]
 Read checkpoint file gaussian_44_water_hf_adz.chk type Unk
 Write formatted file gaussian_44_water_hf_adz.fchk
 Will use up to     0 threads.
 Top CubeGen          Mon Feb 20 10:06:08 2023
 Aft UFChkP           Mon Feb 20 10:06:08 2023        0.06 cpu,        0.07 elapsed
 Could not find " ","Total SCF Density" on formatted checkpoint file.
 Error termination via Lnk1e at Mon Feb 20 10:06:08 2023.
Error: segmentation violation
   rax 0000000000000000, rbx 00000000058b0be0, rcx ffffffffffffffff
   rdx 000000000002a1ba, rsp 00007ffd48ee3da8, rbp 00007ffd48ee3e00
   rsi 000000000000000b, rdi 000000000002a1ba, r8  00002b77ab987ac0
   r9  00002b77ab987ac0, r10 00007ffd48ee3820, r11 0000000000000202
   r12 00000000058aeb0b, r13 000000000697d288, r14 00000000058aeec0
   r15 00007ffd48ee6040
  /lib64/libpthread.so.0(+0xf6d0) [0x2b77abe816d0]
  /lib64/libc.so.6(kill+0x7) [0x2b77ac3c6547]
  /opt/cluster/programs/g16-c.01/g16/cubegen() [0x40fe24]
  /lib64/libc.so.6(__libc_start_main+0xf5) [0x2b77ac3b2445]
/var/spool/slurm//job7311562/slurm_script: line 57: 172474 Aborted                 $g16root/g16/cubegen 0 Density $FCKFILE $DNSFILE -2 h
 Will use up to     0 threads.
 Top CubeGen          Mon Feb 20 10:06:08 2023
 Aft UFChkP           Mon Feb 20 10:06:08 2023        0.07 cpu,        0.07 elapsed
 Could not find " ","Total SCF Density" on formatted checkpoint file.
 Error termination via Lnk1e at Mon Feb 20 10:06:08 2023.
Error: segmentation violation
   rax 0000000000000000, rbx 00000000058b0be0, rcx ffffffffffffffff
   rdx 000000000002a1df, rsp 00007ffc4ebd6388, rbp 00007ffc4ebd63e0
   rsi 000000000000000b, rdi 000000000002a1df, r8  00002ae79f882ac0
   r9  00002ae79f882ac0, r10 00007ffc4ebd5de0, r11 0000000000000206
   r12 00000000058aeb0b, r13 000000000697d288, r14 00000000058aeec0
   r15 00007ffc4ebd8620
  /lib64/libpthread.so.0(+0xf6d0) [0x2ae79fd7c6d0]
  /lib64/libc.so.6(kill+0x7) [0x2ae7a02c1547]
  /opt/cluster/programs/g16-c.01/g16/cubegen() [0x40fe24]
  /lib64/libc.so.6(__libc_start_main+0xf5) [0x2ae7a02ad445]
/var/spool/slurm//job7311562/slurm_script: line 60: 172511 Aborted                 $g16root/g16/cubegen 0 Potential $FCKFILE $ESPFILE -2 h
cp: cannot stat ‘gaussian_44_water_hf_adz_dens.cube’: No such file or directory
cp: cannot stat ‘gaussian_44_water_hf_adz_esp.cube’: No such file or directory
