node105.cluster
Error: segmentation violation
   rax 0000000000000000, rbx ffffffffffffffff, rcx ffffffffffffffff
   rdx 0000000000029d96, rsp 00007ffe3e0cda48, rbp 00007ffe3e0cdfc0
   rsi 000000000000000b, rdi 0000000000029d96, r8  0000000000000020
   r9  0000000000000401, r10 00007ffe3e0cd4a0, r11 0000000000000206
   r12 00007ffe3e0ce008, r13 0000000000000000, r14 0000000000000000
   r15 00000000000003e6
  /lib64/libpthread.so.0(+0xf6d0) [0x2b10f6f5f6d0]
  /lib64/libc.so.6(kill+0x7) [0x2b10f74a4547]
  /opt/cluster/programs/g16-c.01/g16/l1.exe() [0x4b8975]
  /opt/cluster/programs/g16-c.01/g16/l1.exe() [0x4f867a]
  /opt/cluster/programs/g16-c.01/g16/l1.exe() [0x4d56ab]
  /opt/cluster/programs/g16-c.01/g16/l1.exe() [0x41d5c6]
  /opt/cluster/programs/g16-c.01/g16/l1.exe() [0x410c4c]
  /opt/cluster/programs/g16-c.01/g16/l1.exe() [0x40d185]
  /opt/cluster/programs/g16-c.01/g16/l1.exe() [0x40cbd7]
  /opt/cluster/programs/g16-c.01/g16/l1.exe() [0x40cb24]
  /lib64/libc.so.6(__libc_start_main+0xf5) [0x2b10f7490445]
  /opt/cluster/programs/g16-c.01/g16/l1.exe() [0x407269]
 Read checkpoint file gaussian_5_water_hf_adz.chk type Unk
 Write formatted file gaussian_5_water_hf_adz.fchk
 Will use up to     0 threads.
 Top CubeGen          Mon Feb 20 10:05:26 2023
 Aft UFChkP           Mon Feb 20 10:05:26 2023        0.08 cpu,        0.08 elapsed
 Could not find " ","Total SCF Density" on formatted checkpoint file.
 Error termination via Lnk1e at Mon Feb 20 10:05:26 2023.
Error: segmentation violation
   rax 0000000000000000, rbx 00000000058b0be0, rcx ffffffffffffffff
   rdx 0000000000029ddd, rsp 00007ffdf32b0e38, rbp 00007ffdf32b0e90
   rsi 000000000000000b, rdi 0000000000029ddd, r8  00002b43bfc0dac0
   r9  00002b43bfc0dac0, r10 00007ffdf32b08a0, r11 0000000000000202
   r12 00000000058aeb0b, r13 000000000697d288, r14 00000000058aeec0
   r15 00007ffdf32b30d0
  /lib64/libpthread.so.0(+0xf6d0) [0x2b43c01076d0]
  /lib64/libc.so.6(kill+0x7) [0x2b43c064c547]
  /opt/cluster/programs/g16-c.01/g16/cubegen() [0x40fe24]
  /lib64/libc.so.6(__libc_start_main+0xf5) [0x2b43c0638445]
/var/spool/slurm//job7311523/slurm_script: line 57: 171485 Aborted                 $g16root/g16/cubegen 0 Density $FCKFILE $DNSFILE -2 h
 Will use up to     0 threads.
 Top CubeGen          Mon Feb 20 10:05:26 2023
 Aft UFChkP           Mon Feb 20 10:05:26 2023        0.07 cpu,        0.07 elapsed
 Could not find " ","Total SCF Density" on formatted checkpoint file.
 Error termination via Lnk1e at Mon Feb 20 10:05:26 2023.
Error: segmentation violation
   rax 0000000000000000, rbx 00000000058b0be0, rcx ffffffffffffffff
   rdx 0000000000029e0c, rsp 00007ffe3064bac8, rbp 00007ffe3064bb20
   rsi 000000000000000b, rdi 0000000000029e0c, r8  00002ba87e585ac0
   r9  00002ba87e585ac0, r10 00007ffe3064b520, r11 0000000000000202
   r12 00000000058aeb0b, r13 000000000697d288, r14 00000000058aeec0
   r15 00007ffe3064dd60
  /lib64/libpthread.so.0(+0xf6d0) [0x2ba87ea7f6d0]
  /lib64/libc.so.6(kill+0x7) [0x2ba87efc4547]
  /opt/cluster/programs/g16-c.01/g16/cubegen() [0x40fe24]
  /lib64/libc.so.6(__libc_start_main+0xf5) [0x2ba87efb0445]
/var/spool/slurm//job7311523/slurm_script: line 60: 171532 Aborted                 $g16root/g16/cubegen 0 Potential $FCKFILE $ESPFILE -2 h
cp: cannot stat ‘gaussian_5_water_hf_adz_dens.cube’: No such file or directory
cp: cannot stat ‘gaussian_5_water_hf_adz_esp.cube’: No such file or directory
