node106.cluster
Error: segmentation violation
   rax 0000000000000000, rbx ffffffffffffffff, rcx ffffffffffffffff
   rdx 000000000002654f, rsp 00007ffc8665b068, rbp 00007ffc8665b5e0
   rsi 000000000000000b, rdi 000000000002654f, r8  0000000000000020
   r9  0000000000000401, r10 00007ffc8665aae0, r11 0000000000000202
   r12 00007ffc8665b628, r13 0000000000000000, r14 0000000000000000
   r15 00000000000003e6
  /lib64/libpthread.so.0(+0xf6d0) [0x2b885e37c6d0]
  /lib64/libc.so.6(kill+0x7) [0x2b885e8c1547]
  /opt/cluster/programs/g16-c.01/g16/l1.exe() [0x4b8975]
  /opt/cluster/programs/g16-c.01/g16/l1.exe() [0x4f867a]
  /opt/cluster/programs/g16-c.01/g16/l1.exe() [0x4d56ab]
  /opt/cluster/programs/g16-c.01/g16/l1.exe() [0x41d5c6]
  /opt/cluster/programs/g16-c.01/g16/l1.exe() [0x410c4c]
  /opt/cluster/programs/g16-c.01/g16/l1.exe() [0x40d185]
  /opt/cluster/programs/g16-c.01/g16/l1.exe() [0x40cbd7]
  /opt/cluster/programs/g16-c.01/g16/l1.exe() [0x40cb24]
  /lib64/libc.so.6(__libc_start_main+0xf5) [0x2b885e8ad445]
  /opt/cluster/programs/g16-c.01/g16/l1.exe() [0x407269]
 Read checkpoint file gaussian_108_water_hf_adz2.chk type Unk
 Write formatted file gaussian_108_water_hf_adz2.fchk
 Will use up to     0 threads.
 Top CubeGen          Mon Feb 20 10:10:38 2023
 Aft UFChkP           Mon Feb 20 10:10:38 2023        0.07 cpu,        0.07 elapsed
 Could not find " ","Total SCF Density" on formatted checkpoint file.
 Error termination via Lnk1e at Mon Feb 20 10:10:38 2023.
Error: segmentation violation
   rax 0000000000000000, rbx 00000000058b0be0, rcx ffffffffffffffff
   rdx 000000000002659b, rsp 00007fff1b44dcb8, rbp 00007fff1b44dd10
   rsi 000000000000000b, rdi 000000000002659b, r8  00002aee47e9eac0
   r9  00002aee47e9eac0, r10 00007fff1b44d720, r11 0000000000000206
   r12 00000000058aeb0b, r13 000000000697d288, r14 00000000058aeec0
   r15 00007fff1b44ff50
  /lib64/libpthread.so.0(+0xf6d0) [0x2aee483986d0]
  /lib64/libc.so.6(kill+0x7) [0x2aee488dd547]
  /opt/cluster/programs/g16-c.01/g16/cubegen() [0x40fe24]
  /lib64/libc.so.6(__libc_start_main+0xf5) [0x2aee488c9445]
/var/spool/slurm//job7311806/slurm_script: line 57: 157083 Aborted                 $g16root/g16/cubegen 0 Density $FCKFILE $DNSFILE -2 h
 Will use up to     0 threads.
 Top CubeGen          Mon Feb 20 10:10:39 2023
 Aft UFChkP           Mon Feb 20 10:10:39 2023        0.06 cpu,        0.07 elapsed
 Could not find " ","Total SCF Density" on formatted checkpoint file.
 Error termination via Lnk1e at Mon Feb 20 10:10:39 2023.
Error: segmentation violation
   rax 0000000000000000, rbx 00000000058b0be0, rcx ffffffffffffffff
   rdx 00000000000265cc, rsp 00007ffc01542138, rbp 00007ffc01542190
   rsi 000000000000000b, rdi 00000000000265cc, r8  00002b621606aac0
   r9  00002b621606aac0, r10 00007ffc01541ba0, r11 0000000000000202
   r12 00000000058aeb0b, r13 000000000697d288, r14 00000000058aeec0
   r15 00007ffc015443d0
  /lib64/libpthread.so.0(+0xf6d0) [0x2b62165646d0]
  /lib64/libc.so.6(kill+0x7) [0x2b6216aa9547]
  /opt/cluster/programs/g16-c.01/g16/cubegen() [0x40fe24]
  /lib64/libc.so.6(__libc_start_main+0xf5) [0x2b6216a95445]
/var/spool/slurm//job7311806/slurm_script: line 60: 157132 Aborted                 $g16root/g16/cubegen 0 Potential $FCKFILE $ESPFILE -2 h
cp: cannot stat ‘gaussian_108_water_hf_adz2_dens.cube’: No such file or directory
cp: cannot stat ‘gaussian_108_water_hf_adz2_esp.cube’: No such file or directory
