node105.cluster
Error: segmentation violation
   rax 0000000000000000, rbx ffffffffffffffff, rcx ffffffffffffffff
   rdx 000000000002b39a, rsp 00007fffb28eee58, rbp 00007fffb28ef3d0
   rsi 000000000000000b, rdi 000000000002b39a, r8  0000000000000020
   r9  0000000000000401, r10 00007fffb28ee8e0, r11 0000000000000202
   r12 00007fffb28ef418, r13 0000000000000000, r14 0000000000000000
   r15 00000000000003e6
  /lib64/libpthread.so.0(+0xf6d0) [0x2ad0d2ce26d0]
  /lib64/libc.so.6(kill+0x7) [0x2ad0d3227547]
  /opt/cluster/programs/g16-c.01/g16/l1.exe() [0x4b8975]
  /opt/cluster/programs/g16-c.01/g16/l1.exe() [0x4f867a]
  /opt/cluster/programs/g16-c.01/g16/l1.exe() [0x4d56ab]
  /opt/cluster/programs/g16-c.01/g16/l1.exe() [0x41d5c6]
  /opt/cluster/programs/g16-c.01/g16/l1.exe() [0x410c4c]
  /opt/cluster/programs/g16-c.01/g16/l1.exe() [0x40d185]
  /opt/cluster/programs/g16-c.01/g16/l1.exe() [0x40cbd7]
  /opt/cluster/programs/g16-c.01/g16/l1.exe() [0x40cb24]
  /lib64/libc.so.6(__libc_start_main+0xf5) [0x2ad0d3213445]
  /opt/cluster/programs/g16-c.01/g16/l1.exe() [0x407269]
 Read checkpoint file gaussian_45_water_hf_adz2.chk type Unk
 Write formatted file gaussian_45_water_hf_adz2.fchk
 Will use up to     0 threads.
 Top CubeGen          Mon Feb 20 10:09:38 2023
 Aft UFChkP           Mon Feb 20 10:09:38 2023        0.07 cpu,        0.07 elapsed
 Could not find " ","Total SCF Density" on formatted checkpoint file.
 Error termination via Lnk1e at Mon Feb 20 10:09:38 2023.
Error: segmentation violation
   rax 0000000000000000, rbx 00000000058b0be0, rcx ffffffffffffffff
   rdx 000000000002b3df, rsp 00007ffd4a419b28, rbp 00007ffd4a419b80
   rsi 000000000000000b, rdi 000000000002b3df, r8  00002b2f72353ac0
   r9  00002b2f72353ac0, r10 00007ffd4a4195a0, r11 0000000000000206
   r12 00000000058aeb0b, r13 000000000697d288, r14 00000000058aeec0
   r15 00007ffd4a41bdc0
  /lib64/libpthread.so.0(+0xf6d0) [0x2b2f7284d6d0]
  /lib64/libc.so.6(kill+0x7) [0x2b2f72d92547]
  /opt/cluster/programs/g16-c.01/g16/cubegen() [0x40fe24]
  /lib64/libc.so.6(__libc_start_main+0xf5) [0x2b2f72d7e445]
/var/spool/slurm//job7311743/slurm_script: line 57: 177119 Aborted                 $g16root/g16/cubegen 0 Density $FCKFILE $DNSFILE -2 h
 Will use up to     0 threads.
 Top CubeGen          Mon Feb 20 10:09:38 2023
 Aft UFChkP           Mon Feb 20 10:09:39 2023        0.08 cpu,        0.07 elapsed
 Could not find " ","Total SCF Density" on formatted checkpoint file.
 Error termination via Lnk1e at Mon Feb 20 10:09:39 2023.
Error: segmentation violation
   rax 0000000000000000, rbx 00000000058b0be0, rcx ffffffffffffffff
   rdx 000000000002b40f, rsp 00007ffc61672c58, rbp 00007ffc61672cb0
   rsi 000000000000000b, rdi 000000000002b40f, r8  00002ad3a271bac0
   r9  00002ad3a271bac0, r10 00007ffc616726e0, r11 0000000000000202
   r12 00000000058aeb0b, r13 000000000697d288, r14 00000000058aeec0
   r15 00007ffc61674ef0
  /lib64/libpthread.so.0(+0xf6d0) [0x2ad3a2c156d0]
  /lib64/libc.so.6(kill+0x7) [0x2ad3a315a547]
  /opt/cluster/programs/g16-c.01/g16/cubegen() [0x40fe24]
  /lib64/libc.so.6(__libc_start_main+0xf5) [0x2ad3a3146445]
/var/spool/slurm//job7311743/slurm_script: line 60: 177167 Aborted                 $g16root/g16/cubegen 0 Potential $FCKFILE $ESPFILE -2 h
cp: cannot stat ‘gaussian_45_water_hf_adz2_dens.cube’: No such file or directory
cp: cannot stat ‘gaussian_45_water_hf_adz2_esp.cube’: No such file or directory
