node102.cluster
Error: segmentation violation
   rax 0000000000000000, rbx ffffffffffffffff, rcx ffffffffffffffff
   rdx 000000000002db7b, rsp 00007ffdac13e5c8, rbp 00007ffdac13eb40
   rsi 000000000000000b, rdi 000000000002db7b, r8  0000000000000020
   r9  0000000000000401, r10 00007ffdac13e020, r11 0000000000000202
   r12 00007ffdac13eb88, r13 0000000000000000, r14 0000000000000000
   r15 00000000000003e6
  /lib64/libpthread.so.0(+0xf6d0) [0x2b70c63f46d0]
  /lib64/libc.so.6(kill+0x7) [0x2b70c6939547]
  /opt/cluster/programs/g16-c.01/g16/l1.exe() [0x4b8975]
  /opt/cluster/programs/g16-c.01/g16/l1.exe() [0x4f867a]
  /opt/cluster/programs/g16-c.01/g16/l1.exe() [0x4d56ab]
  /opt/cluster/programs/g16-c.01/g16/l1.exe() [0x41d5c6]
  /opt/cluster/programs/g16-c.01/g16/l1.exe() [0x410c4c]
  /opt/cluster/programs/g16-c.01/g16/l1.exe() [0x40d185]
  /opt/cluster/programs/g16-c.01/g16/l1.exe() [0x40cbd7]
  /opt/cluster/programs/g16-c.01/g16/l1.exe() [0x40cb24]
  /lib64/libc.so.6(__libc_start_main+0xf5) [0x2b70c6925445]
  /opt/cluster/programs/g16-c.01/g16/l1.exe() [0x407269]
 Read checkpoint file gaussian_0_water_hf_adz.chk type Unk
 Write formatted file gaussian_0_water_hf_adz.fchk
 Will use up to     0 threads.
 Top CubeGen          Mon Feb 20 10:05:23 2023
 Aft UFChkP           Mon Feb 20 10:05:23 2023        0.08 cpu,        0.07 elapsed
 Could not find " ","Total SCF Density" on formatted checkpoint file.
 Error termination via Lnk1e at Mon Feb 20 10:05:23 2023.
Error: segmentation violation
   rax 0000000000000000, rbx 00000000058b0be0, rcx ffffffffffffffff
   rdx 000000000002db8e, rsp 00007ffcd88fbba8, rbp 00007ffcd88fbc00
   rsi 000000000000000b, rdi 000000000002db8e, r8  00002b7205d96ac0
   r9  00002b7205d96ac0, r10 00007ffcd88fb620, r11 0000000000000202
   r12 00000000058aeb0b, r13 000000000697d288, r14 00000000058aeec0
   r15 00007ffcd88fde40
  /lib64/libpthread.so.0(+0xf6d0) [0x2b72062906d0]
  /lib64/libc.so.6(kill+0x7) [0x2b72067d5547]
  /opt/cluster/programs/g16-c.01/g16/cubegen() [0x40fe24]
  /lib64/libc.so.6(__libc_start_main+0xf5) [0x2b72067c1445]
/var/spool/slurm//job7311518/slurm_script: line 57: 187278 Aborted                 $g16root/g16/cubegen 0 Density $FCKFILE $DNSFILE -2 h
 Will use up to     0 threads.
 Top CubeGen          Mon Feb 20 10:05:24 2023
 Aft UFChkP           Mon Feb 20 10:05:24 2023        0.07 cpu,        0.07 elapsed
 Could not find " ","Total SCF Density" on formatted checkpoint file.
 Error termination via Lnk1e at Mon Feb 20 10:05:24 2023.
Error: segmentation violation
   rax 0000000000000000, rbx 00000000058b0be0, rcx ffffffffffffffff
   rdx 000000000002db9a, rsp 00007ffd631276f8, rbp 00007ffd63127750
   rsi 000000000000000b, rdi 000000000002db9a, r8  00002ab617422ac0
   r9  00002ab617422ac0, r10 00007ffd63127160, r11 0000000000000202
   r12 00000000058aeb0b, r13 000000000697d288, r14 00000000058aeec0
   r15 00007ffd63129990
  /lib64/libpthread.so.0(+0xf6d0) [0x2ab61791c6d0]
  /lib64/libc.so.6(kill+0x7) [0x2ab617e61547]
  /opt/cluster/programs/g16-c.01/g16/cubegen() [0x40fe24]
  /lib64/libc.so.6(__libc_start_main+0xf5) [0x2ab617e4d445]
/var/spool/slurm//job7311518/slurm_script: line 60: 187290 Aborted                 $g16root/g16/cubegen 0 Potential $FCKFILE $ESPFILE -2 h
cp: cannot stat ‘gaussian_0_water_hf_adz_dens.cube’: No such file or directory
cp: cannot stat ‘gaussian_0_water_hf_adz_esp.cube’: No such file or directory
