node105.cluster
Error: segmentation violation
   rax 0000000000000000, rbx ffffffffffffffff, rcx ffffffffffffffff
   rdx 000000000002ab9e, rsp 00007fff09d69968, rbp 00007fff09d69ee0
   rsi 000000000000000b, rdi 000000000002ab9e, r8  0000000000000020
   r9  0000000000000401, r10 00007fff09d693e0, r11 0000000000000202
   r12 00007fff09d69f28, r13 0000000000000000, r14 0000000000000000
   r15 00000000000003e6
  /lib64/libpthread.so.0(+0xf6d0) [0x2b4aec3a66d0]
  /lib64/libc.so.6(kill+0x7) [0x2b4aec8eb547]
  /opt/cluster/programs/g16-c.01/g16/l1.exe() [0x4b8975]
  /opt/cluster/programs/g16-c.01/g16/l1.exe() [0x4f867a]
  /opt/cluster/programs/g16-c.01/g16/l1.exe() [0x4d56ab]
  /opt/cluster/programs/g16-c.01/g16/l1.exe() [0x41d5c6]
  /opt/cluster/programs/g16-c.01/g16/l1.exe() [0x410c4c]
  /opt/cluster/programs/g16-c.01/g16/l1.exe() [0x40d185]
  /opt/cluster/programs/g16-c.01/g16/l1.exe() [0x40cbd7]
  /opt/cluster/programs/g16-c.01/g16/l1.exe() [0x40cb24]
  /lib64/libc.so.6(__libc_start_main+0xf5) [0x2b4aec8d7445]
  /opt/cluster/programs/g16-c.01/g16/l1.exe() [0x407269]
 Read checkpoint file gaussian_145_water_hf_adz.chk type Unk
 Write formatted file gaussian_145_water_hf_adz.fchk
 Will use up to     0 threads.
 Top CubeGen          Mon Feb 20 10:07:50 2023
 Aft UFChkP           Mon Feb 20 10:07:50 2023        0.07 cpu,        0.08 elapsed
 Could not find " ","Total SCF Density" on formatted checkpoint file.
 Error termination via Lnk1e at Mon Feb 20 10:07:50 2023.
Error: segmentation violation
   rax 0000000000000000, rbx 00000000058b0be0, rcx ffffffffffffffff
   rdx 000000000002abe8, rsp 00007fff8d250688, rbp 00007fff8d2506e0
   rsi 000000000000000b, rdi 000000000002abe8, r8  00002ab989f69ac0
   r9  00002ab989f69ac0, r10 00007fff8d2500e0, r11 0000000000000206
   r12 00000000058aeb0b, r13 000000000697d288, r14 00000000058aeec0
   r15 00007fff8d252920
  /lib64/libpthread.so.0(+0xf6d0) [0x2ab98a4636d0]
  /lib64/libc.so.6(kill+0x7) [0x2ab98a9a8547]
  /opt/cluster/programs/g16-c.01/g16/cubegen() [0x40fe24]
  /lib64/libc.so.6(__libc_start_main+0xf5) [0x2ab98a994445]
/var/spool/slurm//job7311663/slurm_script: line 57: 175080 Aborted                 $g16root/g16/cubegen 0 Density $FCKFILE $DNSFILE -2 h
 Will use up to     0 threads.
 Top CubeGen          Mon Feb 20 10:07:50 2023
 Aft UFChkP           Mon Feb 20 10:07:50 2023        0.07 cpu,        0.07 elapsed
 Could not find " ","Total SCF Density" on formatted checkpoint file.
 Error termination via Lnk1e at Mon Feb 20 10:07:50 2023.
Error: segmentation violation
   rax 0000000000000000, rbx 00000000058b0be0, rcx ffffffffffffffff
   rdx 000000000002ac15, rsp 00007ffd5fac5948, rbp 00007ffd5fac59a0
   rsi 000000000000000b, rdi 000000000002ac15, r8  00002b8ac354cac0
   r9  00002b8ac354cac0, r10 00007ffd5fac53a0, r11 0000000000000206
   r12 00000000058aeb0b, r13 000000000697d288, r14 00000000058aeec0
   r15 00007ffd5fac7be0
  /lib64/libpthread.so.0(+0xf6d0) [0x2b8ac3a466d0]
  /lib64/libc.so.6(kill+0x7) [0x2b8ac3f8b547]
  /opt/cluster/programs/g16-c.01/g16/cubegen() [0x40fe24]
  /lib64/libc.so.6(__libc_start_main+0xf5) [0x2b8ac3f77445]
/var/spool/slurm//job7311663/slurm_script: line 60: 175125 Aborted                 $g16root/g16/cubegen 0 Potential $FCKFILE $ESPFILE -2 h
cp: cannot stat ‘gaussian_145_water_hf_adz_dens.cube’: No such file or directory
cp: cannot stat ‘gaussian_145_water_hf_adz_esp.cube’: No such file or directory
