node105.cluster
Error: segmentation violation
   rax 0000000000000000, rbx ffffffffffffffff, rcx ffffffffffffffff
   rdx 000000000002ac8a, rsp 00007fffe4f65138, rbp 00007fffe4f656b0
   rsi 000000000000000b, rdi 000000000002ac8a, r8  0000000000000020
   r9  0000000000000401, r10 00007fffe4f64ba0, r11 0000000000000202
   r12 00007fffe4f656f8, r13 0000000000000000, r14 0000000000000000
   r15 00000000000003e6
  /lib64/libpthread.so.0(+0xf6d0) [0x2b1bd950a6d0]
  /lib64/libc.so.6(kill+0x7) [0x2b1bd9a4f547]
  /opt/cluster/programs/g16-c.01/g16/l1.exe() [0x4b8975]
  /opt/cluster/programs/g16-c.01/g16/l1.exe() [0x4f867a]
  /opt/cluster/programs/g16-c.01/g16/l1.exe() [0x4d56ab]
  /opt/cluster/programs/g16-c.01/g16/l1.exe() [0x41d5c6]
  /opt/cluster/programs/g16-c.01/g16/l1.exe() [0x410c4c]
  /opt/cluster/programs/g16-c.01/g16/l1.exe() [0x40d185]
  /opt/cluster/programs/g16-c.01/g16/l1.exe() [0x40cbd7]
  /opt/cluster/programs/g16-c.01/g16/l1.exe() [0x40cb24]
  /lib64/libc.so.6(__libc_start_main+0xf5) [0x2b1bd9a3b445]
  /opt/cluster/programs/g16-c.01/g16/l1.exe() [0x407269]
 Read checkpoint file gaussian_153_water_hf_adz.chk type Unk
 Write formatted file gaussian_153_water_hf_adz.fchk
 Will use up to     0 threads.
 Top CubeGen          Mon Feb 20 10:08:00 2023
 Aft UFChkP           Mon Feb 20 10:08:00 2023        0.07 cpu,        0.08 elapsed
 Could not find " ","Total SCF Density" on formatted checkpoint file.
 Error termination via Lnk1e at Mon Feb 20 10:08:00 2023.
Error: segmentation violation
   rax 0000000000000000, rbx 00000000058b0be0, rcx ffffffffffffffff
   rdx 000000000002acde, rsp 00007ffe06e2f428, rbp 00007ffe06e2f480
   rsi 000000000000000b, rdi 000000000002acde, r8  00002b7f43dbaac0
   r9  00002b7f43dbaac0, r10 00007ffe06e2eea0, r11 0000000000000206
   r12 00000000058aeb0b, r13 000000000697d288, r14 00000000058aeec0
   r15 00007ffe06e316c0
  /lib64/libpthread.so.0(+0xf6d0) [0x2b7f442b46d0]
  /lib64/libc.so.6(kill+0x7) [0x2b7f447f9547]
  /opt/cluster/programs/g16-c.01/g16/cubegen() [0x40fe24]
  /lib64/libc.so.6(__libc_start_main+0xf5) [0x2b7f447e5445]
/var/spool/slurm//job7311671/slurm_script: line 57: 175326 Aborted                 $g16root/g16/cubegen 0 Density $FCKFILE $DNSFILE -2 h
 Will use up to     0 threads.
 Top CubeGen          Mon Feb 20 10:08:00 2023
 Aft UFChkP           Mon Feb 20 10:08:00 2023        0.07 cpu,        0.07 elapsed
 Could not find " ","Total SCF Density" on formatted checkpoint file.
 Error termination via Lnk1e at Mon Feb 20 10:08:00 2023.
Error: segmentation violation
   rax 0000000000000000, rbx 00000000058b0be0, rcx ffffffffffffffff
   rdx 000000000002ad10, rsp 00007ffc332d5408, rbp 00007ffc332d5460
   rsi 000000000000000b, rdi 000000000002ad10, r8  00002b70e9d62ac0
   r9  00002b70e9d62ac0, r10 00007ffc332d4e60, r11 0000000000000202
   r12 00000000058aeb0b, r13 000000000697d288, r14 00000000058aeec0
   r15 00007ffc332d76a0
  /lib64/libpthread.so.0(+0xf6d0) [0x2b70ea25c6d0]
  /lib64/libc.so.6(kill+0x7) [0x2b70ea7a1547]
  /opt/cluster/programs/g16-c.01/g16/cubegen() [0x40fe24]
  /lib64/libc.so.6(__libc_start_main+0xf5) [0x2b70ea78d445]
/var/spool/slurm//job7311671/slurm_script: line 60: 175376 Aborted                 $g16root/g16/cubegen 0 Potential $FCKFILE $ESPFILE -2 h
cp: cannot stat ‘gaussian_153_water_hf_adz_dens.cube’: No such file or directory
cp: cannot stat ‘gaussian_153_water_hf_adz_esp.cube’: No such file or directory
