node106.cluster
Error: segmentation violation
   rax 0000000000000000, rbx ffffffffffffffff, rcx ffffffffffffffff
   rdx 0000000000025bc0, rsp 00007ffe0ded8ac8, rbp 00007ffe0ded9040
   rsi 000000000000000b, rdi 0000000000025bc0, r8  0000000000000020
   r9  0000000000000401, r10 00007ffe0ded8520, r11 0000000000000202
   r12 00007ffe0ded9088, r13 0000000000000000, r14 0000000000000000
   r15 00000000000003e6
  /lib64/libpthread.so.0(+0xf6d0) [0x2aadd1eda6d0]
  /lib64/libc.so.6(kill+0x7) [0x2aadd241f547]
  /opt/cluster/programs/g16-c.01/g16/l1.exe() [0x4b8975]
  /opt/cluster/programs/g16-c.01/g16/l1.exe() [0x4f867a]
  /opt/cluster/programs/g16-c.01/g16/l1.exe() [0x4d56ab]
  /opt/cluster/programs/g16-c.01/g16/l1.exe() [0x41d5c6]
  /opt/cluster/programs/g16-c.01/g16/l1.exe() [0x410c4c]
  /opt/cluster/programs/g16-c.01/g16/l1.exe() [0x40d185]
  /opt/cluster/programs/g16-c.01/g16/l1.exe() [0x40cbd7]
  /opt/cluster/programs/g16-c.01/g16/l1.exe() [0x40cb24]
  /lib64/libc.so.6(__libc_start_main+0xf5) [0x2aadd240b445]
  /opt/cluster/programs/g16-c.01/g16/l1.exe() [0x407269]
 Read checkpoint file gaussian_9_water_hf_adz2.chk type Unk
 Write formatted file gaussian_9_water_hf_adz2.fchk
 Will use up to     0 threads.
 Top CubeGen          Mon Feb 20 10:08:55 2023
 Aft UFChkP           Mon Feb 20 10:08:55 2023        0.07 cpu,        0.07 elapsed
 Could not find " ","Total SCF Density" on formatted checkpoint file.
 Error termination via Lnk1e at Mon Feb 20 10:08:55 2023.
Error: segmentation violation
   rax 0000000000000000, rbx 00000000058b0be0, rcx ffffffffffffffff
   rdx 0000000000025bfe, rsp 00007fff27c8d148, rbp 00007fff27c8d1a0
   rsi 000000000000000b, rdi 0000000000025bfe, r8  00002b464a69dac0
   r9  00002b464a69dac0, r10 00007fff27c8cba0, r11 0000000000000206
   r12 00000000058aeb0b, r13 000000000697d288, r14 00000000058aeec0
   r15 00007fff27c8f3e0
  /lib64/libpthread.so.0(+0xf6d0) [0x2b464ab976d0]
  /lib64/libc.so.6(kill+0x7) [0x2b464b0dc547]
  /opt/cluster/programs/g16-c.01/g16/cubegen() [0x40fe24]
  /lib64/libc.so.6(__libc_start_main+0xf5) [0x2b464b0c8445]
/var/spool/slurm//job7311707/slurm_script: line 57: 154622 Aborted                 $g16root/g16/cubegen 0 Density $FCKFILE $DNSFILE -2 h
 Will use up to     0 threads.
 Top CubeGen          Mon Feb 20 10:08:55 2023
 Aft UFChkP           Mon Feb 20 10:08:55 2023        0.06 cpu,        0.07 elapsed
 Could not find " ","Total SCF Density" on formatted checkpoint file.
 Error termination via Lnk1e at Mon Feb 20 10:08:55 2023.
Error: segmentation violation
   rax 0000000000000000, rbx 00000000058b0be0, rcx ffffffffffffffff
   rdx 0000000000025c2e, rsp 00007ffe877b38a8, rbp 00007ffe877b3900
   rsi 000000000000000b, rdi 0000000000025c2e, r8  00002b83915f3ac0
   r9  00002b83915f3ac0, r10 00007ffe877b3320, r11 0000000000000202
   r12 00000000058aeb0b, r13 000000000697d288, r14 00000000058aeec0
   r15 00007ffe877b5b40
  /lib64/libpthread.so.0(+0xf6d0) [0x2b8391aed6d0]
  /lib64/libc.so.6(kill+0x7) [0x2b8392032547]
  /opt/cluster/programs/g16-c.01/g16/cubegen() [0x40fe24]
  /lib64/libc.so.6(__libc_start_main+0xf5) [0x2b839201e445]
/var/spool/slurm//job7311707/slurm_script: line 60: 154670 Aborted                 $g16root/g16/cubegen 0 Potential $FCKFILE $ESPFILE -2 h
cp: cannot stat ‘gaussian_9_water_hf_adz2_dens.cube’: No such file or directory
cp: cannot stat ‘gaussian_9_water_hf_adz2_esp.cube’: No such file or directory
