node106.cluster
Error: segmentation violation
   rax 0000000000000000, rbx ffffffffffffffff, rcx ffffffffffffffff
   rdx 000000000002619d, rsp 00007ffcc49a4ba8, rbp 00007ffcc49a5120
   rsi 000000000000000b, rdi 000000000002619d, r8  0000000000000020
   r9  0000000000000401, r10 00007ffcc49a4620, r11 0000000000000202
   r12 00007ffcc49a5168, r13 0000000000000000, r14 0000000000000000
   r15 00000000000003e6
  /lib64/libpthread.so.0(+0xf6d0) [0x2b5a359466d0]
  /lib64/libc.so.6(kill+0x7) [0x2b5a35e8b547]
  /opt/cluster/programs/g16-c.01/g16/l1.exe() [0x4b8975]
  /opt/cluster/programs/g16-c.01/g16/l1.exe() [0x4f867a]
  /opt/cluster/programs/g16-c.01/g16/l1.exe() [0x4d56ab]
  /opt/cluster/programs/g16-c.01/g16/l1.exe() [0x41d5c6]
  /opt/cluster/programs/g16-c.01/g16/l1.exe() [0x410c4c]
  /opt/cluster/programs/g16-c.01/g16/l1.exe() [0x40d185]
  /opt/cluster/programs/g16-c.01/g16/l1.exe() [0x40cbd7]
  /opt/cluster/programs/g16-c.01/g16/l1.exe() [0x40cb24]
  /lib64/libc.so.6(__libc_start_main+0xf5) [0x2b5a35e77445]
  /opt/cluster/programs/g16-c.01/g16/l1.exe() [0x407269]
 Read checkpoint file gaussian_68_water_hf_adz2.chk type Unk
 Write formatted file gaussian_68_water_hf_adz2.fchk
 Will use up to     0 threads.
 Top CubeGen          Mon Feb 20 10:09:56 2023
 Aft UFChkP           Mon Feb 20 10:09:56 2023        0.07 cpu,        0.07 elapsed
 Could not find " ","Total SCF Density" on formatted checkpoint file.
 Error termination via Lnk1e at Mon Feb 20 10:09:56 2023.
Error: segmentation violation
   rax 0000000000000000, rbx 00000000058b0be0, rcx ffffffffffffffff
   rdx 00000000000261e8, rsp 00007ffef36378d8, rbp 00007ffef3637930
   rsi 000000000000000b, rdi 00000000000261e8, r8  00002b45883f9ac0
   r9  00002b45883f9ac0, r10 00007ffef3637360, r11 0000000000000206
   r12 00000000058aeb0b, r13 000000000697d288, r14 00000000058aeec0
   r15 00007ffef3639b70
  /lib64/libpthread.so.0(+0xf6d0) [0x2b45888f36d0]
  /lib64/libc.so.6(kill+0x7) [0x2b4588e38547]
  /opt/cluster/programs/g16-c.01/g16/cubegen() [0x40fe24]
  /lib64/libc.so.6(__libc_start_main+0xf5) [0x2b4588e24445]
/var/spool/slurm//job7311766/slurm_script: line 57: 156136 Aborted                 $g16root/g16/cubegen 0 Density $FCKFILE $DNSFILE -2 h
 Will use up to     0 threads.
 Top CubeGen          Mon Feb 20 10:09:56 2023
 Aft UFChkP           Mon Feb 20 10:09:57 2023        0.07 cpu,        0.07 elapsed
 Could not find " ","Total SCF Density" on formatted checkpoint file.
 Error termination via Lnk1e at Mon Feb 20 10:09:57 2023.
Error: segmentation violation
   rax 0000000000000000, rbx 00000000058b0be0, rcx ffffffffffffffff
   rdx 0000000000026219, rsp 00007ffd59545c68, rbp 00007ffd59545cc0
   rsi 000000000000000b, rdi 0000000000026219, r8  00002b46491d8ac0
   r9  00002b46491d8ac0, r10 00007ffd595456e0, r11 0000000000000202
   r12 00000000058aeb0b, r13 000000000697d288, r14 00000000058aeec0
   r15 00007ffd59547f00
  /lib64/libpthread.so.0(+0xf6d0) [0x2b46496d26d0]
  /lib64/libc.so.6(kill+0x7) [0x2b4649c17547]
  /opt/cluster/programs/g16-c.01/g16/cubegen() [0x40fe24]
  /lib64/libc.so.6(__libc_start_main+0xf5) [0x2b4649c03445]
/var/spool/slurm//job7311766/slurm_script: line 60: 156185 Aborted                 $g16root/g16/cubegen 0 Potential $FCKFILE $ESPFILE -2 h
cp: cannot stat ‘gaussian_68_water_hf_adz2_dens.cube’: No such file or directory
cp: cannot stat ‘gaussian_68_water_hf_adz2_esp.cube’: No such file or directory
