node106.cluster
Error: segmentation violation
   rax 0000000000000000, rbx ffffffffffffffff, rcx ffffffffffffffff
   rdx 000000000002552f, rsp 00007fff2f930c18, rbp 00007fff2f931190
   rsi 000000000000000b, rdi 000000000002552f, r8  0000000000000020
   r9  0000000000000401, r10 00007fff2f9306a0, r11 0000000000000206
   r12 00007fff2f9311d8, r13 0000000000000000, r14 0000000000000000
   r15 00000000000003e6
  /lib64/libpthread.so.0(+0xf6d0) [0x2aea92ade6d0]
  /lib64/libc.so.6(kill+0x7) [0x2aea93023547]
  /opt/cluster/programs/g16-c.01/g16/l1.exe() [0x4b8975]
  /opt/cluster/programs/g16-c.01/g16/l1.exe() [0x4f867a]
  /opt/cluster/programs/g16-c.01/g16/l1.exe() [0x4d56ab]
  /opt/cluster/programs/g16-c.01/g16/l1.exe() [0x41d5c6]
  /opt/cluster/programs/g16-c.01/g16/l1.exe() [0x410c4c]
  /opt/cluster/programs/g16-c.01/g16/l1.exe() [0x40d185]
  /opt/cluster/programs/g16-c.01/g16/l1.exe() [0x40cbd7]
  /opt/cluster/programs/g16-c.01/g16/l1.exe() [0x40cb24]
  /lib64/libc.so.6(__libc_start_main+0xf5) [0x2aea9300f445]
  /opt/cluster/programs/g16-c.01/g16/l1.exe() [0x407269]
 Read checkpoint file gaussian_118_water_hf_adz.chk type Unk
 Write formatted file gaussian_118_water_hf_adz.fchk
 Will use up to     0 threads.
 Top CubeGen          Mon Feb 20 10:07:19 2023
 Aft UFChkP           Mon Feb 20 10:07:19 2023        0.07 cpu,        0.07 elapsed
 Could not find " ","Total SCF Density" on formatted checkpoint file.
 Error termination via Lnk1e at Mon Feb 20 10:07:19 2023.
Error: segmentation violation
   rax 0000000000000000, rbx 00000000058b0be0, rcx ffffffffffffffff
   rdx 0000000000025587, rsp 00007ffc0e891028, rbp 00007ffc0e891080
   rsi 000000000000000b, rdi 0000000000025587, r8  00002aed20a47ac0
   r9  00002aed20a47ac0, r10 00007ffc0e890aa0, r11 0000000000000206
   r12 00000000058aeb0b, r13 000000000697d288, r14 00000000058aeec0
   r15 00007ffc0e8932c0
  /lib64/libpthread.so.0(+0xf6d0) [0x2aed20f416d0]
  /lib64/libc.so.6(kill+0x7) [0x2aed21486547]
  /opt/cluster/programs/g16-c.01/g16/cubegen() [0x40fe24]
  /lib64/libc.so.6(__libc_start_main+0xf5) [0x2aed21472445]
/var/spool/slurm//job7311636/slurm_script: line 57: 152967 Aborted                 $g16root/g16/cubegen 0 Density $FCKFILE $DNSFILE -2 h
 Will use up to     0 threads.
 Top CubeGen          Mon Feb 20 10:07:19 2023
 Aft UFChkP           Mon Feb 20 10:07:19 2023        0.07 cpu,        0.07 elapsed
 Could not find " ","Total SCF Density" on formatted checkpoint file.
 Error termination via Lnk1e at Mon Feb 20 10:07:19 2023.
Error: segmentation violation
   rax 0000000000000000, rbx 00000000058b0be0, rcx ffffffffffffffff
   rdx 00000000000255b7, rsp 00007ffe6e244da8, rbp 00007ffe6e244e00
   rsi 000000000000000b, rdi 00000000000255b7, r8  00002b7d298c0ac0
   r9  00002b7d298c0ac0, r10 00007ffe6e244820, r11 0000000000000202
   r12 00000000058aeb0b, r13 000000000697d288, r14 00000000058aeec0
   r15 00007ffe6e247040
  /lib64/libpthread.so.0(+0xf6d0) [0x2b7d29dba6d0]
  /lib64/libc.so.6(kill+0x7) [0x2b7d2a2ff547]
  /opt/cluster/programs/g16-c.01/g16/cubegen() [0x40fe24]
  /lib64/libc.so.6(__libc_start_main+0xf5) [0x2b7d2a2eb445]
/var/spool/slurm//job7311636/slurm_script: line 60: 153015 Aborted                 $g16root/g16/cubegen 0 Potential $FCKFILE $ESPFILE -2 h
cp: cannot stat ‘gaussian_118_water_hf_adz_dens.cube’: No such file or directory
cp: cannot stat ‘gaussian_118_water_hf_adz_esp.cube’: No such file or directory
