node102.cluster
Error: segmentation violation
   rax 0000000000000000, rbx ffffffffffffffff, rcx ffffffffffffffff
   rdx 000000000002e070, rsp 00007ffdbcc6ed98, rbp 00007ffdbcc6f310
   rsi 000000000000000b, rdi 000000000002e070, r8  0000000000000020
   r9  0000000000000401, r10 00007ffdbcc6e820, r11 0000000000000202
   r12 00007ffdbcc6f358, r13 0000000000000000, r14 0000000000000000
   r15 00000000000003e6
  /lib64/libpthread.so.0(+0xf6d0) [0x2b04ab6e56d0]
  /lib64/libc.so.6(kill+0x7) [0x2b04abc2a547]
  /opt/cluster/programs/g16-c.01/g16/l1.exe() [0x4b8975]
  /opt/cluster/programs/g16-c.01/g16/l1.exe() [0x4f867a]
  /opt/cluster/programs/g16-c.01/g16/l1.exe() [0x4d56ab]
  /opt/cluster/programs/g16-c.01/g16/l1.exe() [0x41d5c6]
  /opt/cluster/programs/g16-c.01/g16/l1.exe() [0x410c4c]
  /opt/cluster/programs/g16-c.01/g16/l1.exe() [0x40d185]
  /opt/cluster/programs/g16-c.01/g16/l1.exe() [0x40cbd7]
  /opt/cluster/programs/g16-c.01/g16/l1.exe() [0x40cb24]
  /lib64/libc.so.6(__libc_start_main+0xf5) [0x2b04abc16445]
  /opt/cluster/programs/g16-c.01/g16/l1.exe() [0x407269]
 Read checkpoint file gaussian_161_water_hf_adz.chk type Unk
 Write formatted file gaussian_161_water_hf_adz.fchk
 Will use up to     0 threads.
 Top CubeGen          Mon Feb 20 10:08:10 2023
 Aft UFChkP           Mon Feb 20 10:08:10 2023        0.07 cpu,        0.07 elapsed
 Could not find " ","Total SCF Density" on formatted checkpoint file.
 Error termination via Lnk1e at Mon Feb 20 10:08:10 2023.
Error: segmentation violation
   rax 0000000000000000, rbx 00000000058b0be0, rcx ffffffffffffffff
   rdx 000000000002e082, rsp 00007ffe15364aa8, rbp 00007ffe15364b00
   rsi 000000000000000b, rdi 000000000002e082, r8  00002b03edbfbac0
   r9  00002b03edbfbac0, r10 00007ffe15364520, r11 0000000000000202
   r12 00000000058aeb0b, r13 000000000697d288, r14 00000000058aeec0
   r15 00007ffe15366d40
  /lib64/libpthread.so.0(+0xf6d0) [0x2b03ee0f56d0]
  /lib64/libc.so.6(kill+0x7) [0x2b03ee63a547]
  /opt/cluster/programs/g16-c.01/g16/cubegen() [0x40fe24]
  /lib64/libc.so.6(__libc_start_main+0xf5) [0x2b03ee626445]
/var/spool/slurm//job7311679/slurm_script: line 57: 188546 Aborted                 $g16root/g16/cubegen 0 Density $FCKFILE $DNSFILE -2 h
 Will use up to     0 threads.
 Top CubeGen          Mon Feb 20 10:08:10 2023
 Aft UFChkP           Mon Feb 20 10:08:10 2023        0.07 cpu,        0.07 elapsed
 Could not find " ","Total SCF Density" on formatted checkpoint file.
 Error termination via Lnk1e at Mon Feb 20 10:08:10 2023.
Error: segmentation violation
   rax 0000000000000000, rbx 00000000058b0be0, rcx ffffffffffffffff
   rdx 000000000002e08e, rsp 00007fff9664bbb8, rbp 00007fff9664bc10
   rsi 000000000000000b, rdi 000000000002e08e, r8  00002b6ce0067ac0
   r9  00002b6ce0067ac0, r10 00007fff9664b620, r11 0000000000000206
   r12 00000000058aeb0b, r13 000000000697d288, r14 00000000058aeec0
   r15 00007fff9664de50
  /lib64/libpthread.so.0(+0xf6d0) [0x2b6ce05616d0]
  /lib64/libc.so.6(kill+0x7) [0x2b6ce0aa6547]
  /opt/cluster/programs/g16-c.01/g16/cubegen() [0x40fe24]
  /lib64/libc.so.6(__libc_start_main+0xf5) [0x2b6ce0a92445]
/var/spool/slurm//job7311679/slurm_script: line 60: 188558 Aborted                 $g16root/g16/cubegen 0 Potential $FCKFILE $ESPFILE -2 h
cp: cannot stat ‘gaussian_161_water_hf_adz_dens.cube’: No such file or directory
cp: cannot stat ‘gaussian_161_water_hf_adz_esp.cube’: No such file or directory
