node102.cluster
Error: segmentation violation
   rax 0000000000000000, rbx ffffffffffffffff, rcx ffffffffffffffff
   rdx 000000000002dff1, rsp 00007fffaf541778, rbp 00007fffaf541cf0
   rsi 000000000000000b, rdi 000000000002dff1, r8  0000000000000020
   r9  0000000000000401, r10 00007fffaf5411e0, r11 0000000000000206
   r12 00007fffaf541d38, r13 0000000000000000, r14 0000000000000000
   r15 00000000000003e6
  /lib64/libpthread.so.0(+0xf6d0) [0x2b6c90bd56d0]
  /lib64/libc.so.6(kill+0x7) [0x2b6c9111a547]
  /opt/cluster/programs/g16-c.01/g16/l1.exe() [0x4b8975]
  /opt/cluster/programs/g16-c.01/g16/l1.exe() [0x4f867a]
  /opt/cluster/programs/g16-c.01/g16/l1.exe() [0x4d56ab]
  /opt/cluster/programs/g16-c.01/g16/l1.exe() [0x41d5c6]
  /opt/cluster/programs/g16-c.01/g16/l1.exe() [0x410c4c]
  /opt/cluster/programs/g16-c.01/g16/l1.exe() [0x40d185]
  /opt/cluster/programs/g16-c.01/g16/l1.exe() [0x40cbd7]
  /opt/cluster/programs/g16-c.01/g16/l1.exe() [0x40cb24]
  /lib64/libc.so.6(__libc_start_main+0xf5) [0x2b6c91106445]
  /opt/cluster/programs/g16-c.01/g16/l1.exe() [0x407269]
 Read checkpoint file gaussian_141_water_hf_adz.chk type Unk
 Write formatted file gaussian_141_water_hf_adz.fchk
 Will use up to     0 threads.
 Top CubeGen          Mon Feb 20 10:07:50 2023
 Aft UFChkP           Mon Feb 20 10:07:50 2023        0.07 cpu,        0.07 elapsed
 Could not find " ","Total SCF Density" on formatted checkpoint file.
 Error termination via Lnk1e at Mon Feb 20 10:07:50 2023.
Error: segmentation violation
   rax 0000000000000000, rbx 00000000058b0be0, rcx ffffffffffffffff
   rdx 000000000002e003, rsp 00007ffec21d57d8, rbp 00007ffec21d5830
   rsi 000000000000000b, rdi 000000000002e003, r8  00002ae39760fac0
   r9  00002ae39760fac0, r10 00007ffec21d5260, r11 0000000000000206
   r12 00000000058aeb0b, r13 000000000697d288, r14 00000000058aeec0
   r15 00007ffec21d7a70
  /lib64/libpthread.so.0(+0xf6d0) [0x2ae397b096d0]
  /lib64/libc.so.6(kill+0x7) [0x2ae39804e547]
  /opt/cluster/programs/g16-c.01/g16/cubegen() [0x40fe24]
  /lib64/libc.so.6(__libc_start_main+0xf5) [0x2ae39803a445]
/var/spool/slurm//job7311659/slurm_script: line 57: 188419 Aborted                 $g16root/g16/cubegen 0 Density $FCKFILE $DNSFILE -2 h
 Will use up to     0 threads.
 Top CubeGen          Mon Feb 20 10:07:50 2023
 Aft UFChkP           Mon Feb 20 10:07:50 2023        0.06 cpu,        0.07 elapsed
 Could not find " ","Total SCF Density" on formatted checkpoint file.
 Error termination via Lnk1e at Mon Feb 20 10:07:50 2023.
Error: segmentation violation
   rax 0000000000000000, rbx 00000000058b0be0, rcx ffffffffffffffff
   rdx 000000000002e00f, rsp 00007ffd108b6fe8, rbp 00007ffd108b7040
   rsi 000000000000000b, rdi 000000000002e00f, r8  00002aec63490ac0
   r9  00002aec63490ac0, r10 00007ffd108b6a60, r11 0000000000000206
   r12 00000000058aeb0b, r13 000000000697d288, r14 00000000058aeec0
   r15 00007ffd108b9280
  /lib64/libpthread.so.0(+0xf6d0) [0x2aec6398a6d0]
  /lib64/libc.so.6(kill+0x7) [0x2aec63ecf547]
  /opt/cluster/programs/g16-c.01/g16/cubegen() [0x40fe24]
  /lib64/libc.so.6(__libc_start_main+0xf5) [0x2aec63ebb445]
/var/spool/slurm//job7311659/slurm_script: line 60: 188431 Aborted                 $g16root/g16/cubegen 0 Potential $FCKFILE $ESPFILE -2 h
cp: cannot stat ‘gaussian_141_water_hf_adz_dens.cube’: No such file or directory
cp: cannot stat ‘gaussian_141_water_hf_adz_esp.cube’: No such file or directory
