node64.cluster
 Read checkpoint file gaussian_119_water_ccsdt_atz.chk type G16
 Write formatted file gaussian_119_water_ccsdt_atz.fchk
 FChkPn:  Coordinates translated and rotated.
 FChkPn:  Coordinates match /B/ after translation and rotation.
 Will use up to     0 threads.
 Top CubeGen          Wed Feb  8 13:55:02 2023
 Aft UFChkP           Wed Feb  8 13:55:02 2023        0.23 cpu,        0.23 elapsed
 Aft DecCub           Wed Feb  8 13:55:02 2023        0.03 cpu,        0.03 elapsed
 Aft Density          Wed Feb  8 13:55:02 2023        0.00 cpu,        0.00 elapsed
 Bef DoCube           Wed Feb  8 13:55:02 2023        0.00 cpu,        0.00 elapsed
 There are a total of       29791 grid points.
 ElSum from          density=        8.1570565768
 Aft DoCube           Wed Feb  8 13:55:02 2023        0.15 cpu,        0.15 elapsed
 Will use up to     0 threads.
 Top CubeGen          Wed Feb  8 13:55:02 2023
 Aft UFChkP           Wed Feb  8 13:55:02 2023        0.23 cpu,        0.23 elapsed
 Aft DecCub           Wed Feb  8 13:55:02 2023        0.00 cpu,        0.01 elapsed
 Aft Density          Wed Feb  8 13:55:02 2023        0.00 cpu,        0.00 elapsed
 Bef DoCube           Wed Feb  8 13:55:02 2023        0.01 cpu,        0.00 elapsed
 There are a total of       29791 grid points.
 ElSum from          density=       13.6092173846
 Aft DoCube           Wed Feb  8 13:55:04 2023        1.39 cpu,        1.39 elapsed
