node61.cluster
 Read checkpoint file gaussian_174_water_ccsdt_atz.chk type G16
 Write formatted file gaussian_174_water_ccsdt_atz.fchk
 FChkPn:  Coordinates translated and rotated.
 FChkPn:  Coordinates match /B/ after translation and rotation.
 Will use up to     0 threads.
 Top CubeGen          Wed Feb  8 13:58:02 2023
 Aft UFChkP           Wed Feb  8 13:58:02 2023        0.23 cpu,        0.23 elapsed
 Aft DecCub           Wed Feb  8 13:58:02 2023        0.03 cpu,        0.03 elapsed
 Aft Density          Wed Feb  8 13:58:02 2023        0.00 cpu,        0.00 elapsed
 Bef DoCube           Wed Feb  8 13:58:02 2023        0.00 cpu,        0.00 elapsed
 There are a total of       29791 grid points.
 ElSum from          density=        8.1585134036
 Aft DoCube           Wed Feb  8 13:58:03 2023        0.19 cpu,        0.18 elapsed
 Will use up to     0 threads.
 Top CubeGen          Wed Feb  8 13:58:03 2023
 Aft UFChkP           Wed Feb  8 13:58:03 2023        0.23 cpu,        0.23 elapsed
 Aft DecCub           Wed Feb  8 13:58:03 2023        0.00 cpu,        0.01 elapsed
 Aft Density          Wed Feb  8 13:58:03 2023        0.00 cpu,        0.00 elapsed
 Bef DoCube           Wed Feb  8 13:58:03 2023        0.00 cpu,        0.00 elapsed
 There are a total of       29791 grid points.
 ElSum from          density=       13.6109812641
 Aft DoCube           Wed Feb  8 13:58:04 2023        1.44 cpu,        1.43 elapsed
