node106.cluster
Error: segmentation violation
   rax 0000000000000000, rbx ffffffffffffffff, rcx ffffffffffffffff
   rdx 0000000000024d5d, rsp 00007ffe6af85198, rbp 00007ffe6af85710
   rsi 000000000000000b, rdi 0000000000024d5d, r8  0000000000000020
   r9  0000000000000401, r10 00007ffe6af84c20, r11 0000000000000202
   r12 00007ffe6af85758, r13 0000000000000000, r14 0000000000000000
   r15 00000000000003e6
  /lib64/libpthread.so.0(+0xf6d0) [0x2b125fc4a6d0]
  /lib64/libc.so.6(kill+0x7) [0x2b126018f547]
  /opt/cluster/programs/g16-c.01/g16/l1.exe() [0x4b8975]
  /opt/cluster/programs/g16-c.01/g16/l1.exe() [0x4f867a]
  /opt/cluster/programs/g16-c.01/g16/l1.exe() [0x4d56ab]
  /opt/cluster/programs/g16-c.01/g16/l1.exe() [0x41d5c6]
  /opt/cluster/programs/g16-c.01/g16/l1.exe() [0x410c4c]
  /opt/cluster/programs/g16-c.01/g16/l1.exe() [0x40d185]
  /opt/cluster/programs/g16-c.01/g16/l1.exe() [0x40cbd7]
  /opt/cluster/programs/g16-c.01/g16/l1.exe() [0x40cb24]
  /lib64/libc.so.6(__libc_start_main+0xf5) [0x2b126017b445]
  /opt/cluster/programs/g16-c.01/g16/l1.exe() [0x407269]
 Read checkpoint file gaussian_39_water_hf_adz.chk type Unk
 Write formatted file gaussian_39_water_hf_adz.fchk
 Will use up to     0 threads.
 Top CubeGen          Mon Feb 20 10:05:57 2023
 Aft UFChkP           Mon Feb 20 10:05:57 2023        0.07 cpu,        0.07 elapsed
 Could not find " ","Total SCF Density" on formatted checkpoint file.
 Error termination via Lnk1e at Mon Feb 20 10:05:57 2023.
Error: segmentation violation
   rax 0000000000000000, rbx 00000000058b0be0, rcx ffffffffffffffff
   rdx 0000000000024da8, rsp 00007ffe7fa695d8, rbp 00007ffe7fa69630
   rsi 000000000000000b, rdi 0000000000024da8, r8  00002ac9c3900ac0
   r9  00002ac9c3900ac0, r10 00007ffe7fa69060, r11 0000000000000206
   r12 00000000058aeb0b, r13 000000000697d288, r14 00000000058aeec0
   r15 00007ffe7fa6b870
  /lib64/libpthread.so.0(+0xf6d0) [0x2ac9c3dfa6d0]
  /lib64/libc.so.6(kill+0x7) [0x2ac9c433f547]
  /opt/cluster/programs/g16-c.01/g16/cubegen() [0x40fe24]
  /lib64/libc.so.6(__libc_start_main+0xf5) [0x2ac9c432b445]
/var/spool/slurm//job7311557/slurm_script: line 57: 150952 Aborted                 $g16root/g16/cubegen 0 Density $FCKFILE $DNSFILE -2 h
 Will use up to     0 threads.
 Top CubeGen          Mon Feb 20 10:05:58 2023
 Aft UFChkP           Mon Feb 20 10:05:58 2023        0.07 cpu,        0.07 elapsed
 Could not find " ","Total SCF Density" on formatted checkpoint file.
 Error termination via Lnk1e at Mon Feb 20 10:05:58 2023.
Error: segmentation violation
   rax 0000000000000000, rbx 00000000058b0be0, rcx ffffffffffffffff
   rdx 0000000000024dd8, rsp 00007ffedbfeb838, rbp 00007ffedbfeb890
   rsi 000000000000000b, rdi 0000000000024dd8, r8  00002b57f19c4ac0
   r9  00002b57f19c4ac0, r10 00007ffedbfeb2a0, r11 0000000000000202
   r12 00000000058aeb0b, r13 000000000697d288, r14 00000000058aeec0
   r15 00007ffedbfedad0
  /lib64/libpthread.so.0(+0xf6d0) [0x2b57f1ebe6d0]
  /lib64/libc.so.6(kill+0x7) [0x2b57f2403547]
  /opt/cluster/programs/g16-c.01/g16/cubegen() [0x40fe24]
  /lib64/libc.so.6(__libc_start_main+0xf5) [0x2b57f23ef445]
/var/spool/slurm//job7311557/slurm_script: line 60: 151000 Aborted                 $g16root/g16/cubegen 0 Potential $FCKFILE $ESPFILE -2 h
cp: cannot stat ‘gaussian_39_water_hf_adz_dens.cube’: No such file or directory
cp: cannot stat ‘gaussian_39_water_hf_adz_esp.cube’: No such file or directory
