node105.cluster
Error: segmentation violation
   rax 0000000000000000, rbx ffffffffffffffff, rcx ffffffffffffffff
   rdx 000000000002ba62, rsp 00007ffda2c84c48, rbp 00007ffda2c851c0
   rsi 000000000000000b, rdi 000000000002ba62, r8  0000000000000020
   r9  0000000000000401, r10 00007ffda2c846a0, r11 0000000000000206
   r12 00007ffda2c85208, r13 0000000000000000, r14 0000000000000000
   r15 00000000000003e6
  /lib64/libpthread.so.0(+0xf6d0) [0x2adf229246d0]
  /lib64/libc.so.6(kill+0x7) [0x2adf22e69547]
  /opt/cluster/programs/g16-c.01/g16/l1.exe() [0x4b8975]
  /opt/cluster/programs/g16-c.01/g16/l1.exe() [0x4f867a]
  /opt/cluster/programs/g16-c.01/g16/l1.exe() [0x4d56ab]
  /opt/cluster/programs/g16-c.01/g16/l1.exe() [0x41d5c6]
  /opt/cluster/programs/g16-c.01/g16/l1.exe() [0x410c4c]
  /opt/cluster/programs/g16-c.01/g16/l1.exe() [0x40d185]
  /opt/cluster/programs/g16-c.01/g16/l1.exe() [0x40cbd7]
  /opt/cluster/programs/g16-c.01/g16/l1.exe() [0x40cb24]
  /lib64/libc.so.6(__libc_start_main+0xf5) [0x2adf22e55445]
  /opt/cluster/programs/g16-c.01/g16/l1.exe() [0x407269]
 Read checkpoint file gaussian_113_water_hf_adz2.chk type Unk
 Write formatted file gaussian_113_water_hf_adz2.fchk
 Will use up to     0 threads.
 Top CubeGen          Mon Feb 20 10:10:47 2023
 Aft UFChkP           Mon Feb 20 10:10:47 2023        0.07 cpu,        0.08 elapsed
 Could not find " ","Total SCF Density" on formatted checkpoint file.
 Error termination via Lnk1e at Mon Feb 20 10:10:47 2023.
Error: segmentation violation
   rax 0000000000000000, rbx 00000000058b0be0, rcx ffffffffffffffff
   rdx 000000000002bab7, rsp 00007fffec34a328, rbp 00007fffec34a380
   rsi 000000000000000b, rdi 000000000002bab7, r8  00002b48513fdac0
   r9  00002b48513fdac0, r10 00007fffec349da0, r11 0000000000000206
   r12 00000000058aeb0b, r13 000000000697d288, r14 00000000058aeec0
   r15 00007fffec34c5c0
  /lib64/libpthread.so.0(+0xf6d0) [0x2b48518f76d0]
  /lib64/libc.so.6(kill+0x7) [0x2b4851e3c547]
  /opt/cluster/programs/g16-c.01/g16/cubegen() [0x40fe24]
  /lib64/libc.so.6(__libc_start_main+0xf5) [0x2b4851e28445]
/var/spool/slurm//job7311811/slurm_script: line 57: 178871 Aborted                 $g16root/g16/cubegen 0 Density $FCKFILE $DNSFILE -2 h
 Will use up to     0 threads.
 Top CubeGen          Mon Feb 20 10:10:47 2023
 Aft UFChkP           Mon Feb 20 10:10:48 2023        0.07 cpu,        0.07 elapsed
 Could not find " ","Total SCF Density" on formatted checkpoint file.
 Error termination via Lnk1e at Mon Feb 20 10:10:48 2023.
Error: segmentation violation
   rax 0000000000000000, rbx 00000000058b0be0, rcx ffffffffffffffff
   rdx 000000000002bae9, rsp 00007ffc835689b8, rbp 00007ffc83568a10
   rsi 000000000000000b, rdi 000000000002bae9, r8  00002b1d639b0ac0
   r9  00002b1d639b0ac0, r10 00007ffc83568420, r11 0000000000000206
   r12 00000000058aeb0b, r13 000000000697d288, r14 00000000058aeec0
   r15 00007ffc8356ac50
  /lib64/libpthread.so.0(+0xf6d0) [0x2b1d63eaa6d0]
  /lib64/libc.so.6(kill+0x7) [0x2b1d643ef547]
  /opt/cluster/programs/g16-c.01/g16/cubegen() [0x40fe24]
  /lib64/libc.so.6(__libc_start_main+0xf5) [0x2b1d643db445]
/var/spool/slurm//job7311811/slurm_script: line 60: 178921 Aborted                 $g16root/g16/cubegen 0 Potential $FCKFILE $ESPFILE -2 h
cp: cannot stat ‘gaussian_113_water_hf_adz2_dens.cube’: No such file or directory
cp: cannot stat ‘gaussian_113_water_hf_adz2_esp.cube’: No such file or directory
