node105.cluster
Error: segmentation violation
   rax 0000000000000000, rbx ffffffffffffffff, rcx ffffffffffffffff
   rdx 000000000002b879, rsp 00007ffc969c26b8, rbp 00007ffc969c2c30
   rsi 000000000000000b, rdi 000000000002b879, r8  0000000000000020
   r9  0000000000000401, r10 00007ffc969c2120, r11 0000000000000206
   r12 00007ffc969c2c78, r13 0000000000000000, r14 0000000000000000
   r15 00000000000003e6
  /lib64/libpthread.so.0(+0xf6d0) [0x2ab9bdb946d0]
  /lib64/libc.so.6(kill+0x7) [0x2ab9be0d9547]
  /opt/cluster/programs/g16-c.01/g16/l1.exe() [0x4b8975]
  /opt/cluster/programs/g16-c.01/g16/l1.exe() [0x4f867a]
  /opt/cluster/programs/g16-c.01/g16/l1.exe() [0x4d56ab]
  /opt/cluster/programs/g16-c.01/g16/l1.exe() [0x41d5c6]
  /opt/cluster/programs/g16-c.01/g16/l1.exe() [0x410c4c]
  /opt/cluster/programs/g16-c.01/g16/l1.exe() [0x40d185]
  /opt/cluster/programs/g16-c.01/g16/l1.exe() [0x40cbd7]
  /opt/cluster/programs/g16-c.01/g16/l1.exe() [0x40cb24]
  /lib64/libc.so.6(__libc_start_main+0xf5) [0x2ab9be0c5445]
  /opt/cluster/programs/g16-c.01/g16/l1.exe() [0x407269]
 Read checkpoint file gaussian_94_water_hf_adz2.chk type Unk
 Write formatted file gaussian_94_water_hf_adz2.fchk
 Will use up to     0 threads.
 Top CubeGen          Mon Feb 20 10:10:26 2023
 Aft UFChkP           Mon Feb 20 10:10:26 2023        0.07 cpu,        0.08 elapsed
 Could not find " ","Total SCF Density" on formatted checkpoint file.
 Error termination via Lnk1e at Mon Feb 20 10:10:26 2023.
Error: segmentation violation
   rax 0000000000000000, rbx 00000000058b0be0, rcx ffffffffffffffff
   rdx 000000000002b8c5, rsp 00007ffd087856c8, rbp 00007ffd08785720
   rsi 000000000000000b, rdi 000000000002b8c5, r8  00002b8976a55ac0
   r9  00002b8976a55ac0, r10 00007ffd08785120, r11 0000000000000202
   r12 00000000058aeb0b, r13 000000000697d288, r14 00000000058aeec0
   r15 00007ffd08787960
  /lib64/libpthread.so.0(+0xf6d0) [0x2b8976f4f6d0]
  /lib64/libc.so.6(kill+0x7) [0x2b8977494547]
  /opt/cluster/programs/g16-c.01/g16/cubegen() [0x40fe24]
  /lib64/libc.so.6(__libc_start_main+0xf5) [0x2b8977480445]
/var/spool/slurm//job7311792/slurm_script: line 57: 178373 Aborted                 $g16root/g16/cubegen 0 Density $FCKFILE $DNSFILE -2 h
 Will use up to     0 threads.
 Top CubeGen          Mon Feb 20 10:10:26 2023
 Aft UFChkP           Mon Feb 20 10:10:27 2023        0.07 cpu,        0.08 elapsed
 Could not find " ","Total SCF Density" on formatted checkpoint file.
 Error termination via Lnk1e at Mon Feb 20 10:10:27 2023.
Error: segmentation violation
   rax 0000000000000000, rbx 00000000058b0be0, rcx ffffffffffffffff
   rdx 000000000002b8f5, rsp 00007fff230e2698, rbp 00007fff230e26f0
   rsi 000000000000000b, rdi 000000000002b8f5, r8  00002abc471b6ac0
   r9  00002abc471b6ac0, r10 00007fff230e2120, r11 0000000000000202
   r12 00000000058aeb0b, r13 000000000697d288, r14 00000000058aeec0
   r15 00007fff230e4930
  /lib64/libpthread.so.0(+0xf6d0) [0x2abc476b06d0]
  /lib64/libc.so.6(kill+0x7) [0x2abc47bf5547]
  /opt/cluster/programs/g16-c.01/g16/cubegen() [0x40fe24]
  /lib64/libc.so.6(__libc_start_main+0xf5) [0x2abc47be1445]
/var/spool/slurm//job7311792/slurm_script: line 60: 178421 Aborted                 $g16root/g16/cubegen 0 Potential $FCKFILE $ESPFILE -2 h
cp: cannot stat ‘gaussian_94_water_hf_adz2_dens.cube’: No such file or directory
cp: cannot stat ‘gaussian_94_water_hf_adz2_esp.cube’: No such file or directory
