node102.cluster
Error: segmentation violation
   rax 0000000000000000, rbx ffffffffffffffff, rcx ffffffffffffffff
   rdx 000000000002dd75, rsp 00007ffc2dc56dc8, rbp 00007ffc2dc57340
   rsi 000000000000000b, rdi 000000000002dd75, r8  0000000000000020
   r9  0000000000000401, r10 00007ffc2dc56820, r11 0000000000000202
   r12 00007ffc2dc57388, r13 0000000000000000, r14 0000000000000000
   r15 00000000000003e6
  /lib64/libpthread.so.0(+0xf6d0) [0x2ba7e11376d0]
  /lib64/libc.so.6(kill+0x7) [0x2ba7e167c547]
  /opt/cluster/programs/g16-c.01/g16/l1.exe() [0x4b8975]
  /opt/cluster/programs/g16-c.01/g16/l1.exe() [0x4f867a]
  /opt/cluster/programs/g16-c.01/g16/l1.exe() [0x4d56ab]
  /opt/cluster/programs/g16-c.01/g16/l1.exe() [0x41d5c6]
  /opt/cluster/programs/g16-c.01/g16/l1.exe() [0x410c4c]
  /opt/cluster/programs/g16-c.01/g16/l1.exe() [0x40d185]
  /opt/cluster/programs/g16-c.01/g16/l1.exe() [0x40cbd7]
  /opt/cluster/programs/g16-c.01/g16/l1.exe() [0x40cb24]
  /lib64/libc.so.6(__libc_start_main+0xf5) [0x2ba7e1668445]
  /opt/cluster/programs/g16-c.01/g16/l1.exe() [0x407269]
 Read checkpoint file gaussian_51_water_hf_adz.chk type Unk
 Write formatted file gaussian_51_water_hf_adz.fchk
 Will use up to     0 threads.
 Top CubeGen          Mon Feb 20 10:06:18 2023
 Aft UFChkP           Mon Feb 20 10:06:18 2023        0.07 cpu,        0.07 elapsed
 Could not find " ","Total SCF Density" on formatted checkpoint file.
 Error termination via Lnk1e at Mon Feb 20 10:06:18 2023.
Error: segmentation violation
   rax 0000000000000000, rbx 00000000058b0be0, rcx ffffffffffffffff
   rdx 000000000002dd87, rsp 00007ffffb8d4338, rbp 00007ffffb8d4390
   rsi 000000000000000b, rdi 000000000002dd87, r8  00002b399564fac0
   r9  00002b399564fac0, r10 00007ffffb8d3da0, r11 0000000000000202
   r12 00000000058aeb0b, r13 000000000697d288, r14 00000000058aeec0
   r15 00007ffffb8d65d0
  /lib64/libpthread.so.0(+0xf6d0) [0x2b3995b496d0]
  /lib64/libc.so.6(kill+0x7) [0x2b399608e547]
  /opt/cluster/programs/g16-c.01/g16/cubegen() [0x40fe24]
  /lib64/libc.so.6(__libc_start_main+0xf5) [0x2b399607a445]
/var/spool/slurm//job7311569/slurm_script: line 57: 187783 Aborted                 $g16root/g16/cubegen 0 Density $FCKFILE $DNSFILE -2 h
 Will use up to     0 threads.
 Top CubeGen          Mon Feb 20 10:06:19 2023
 Aft UFChkP           Mon Feb 20 10:06:19 2023        0.07 cpu,        0.07 elapsed
 Could not find " ","Total SCF Density" on formatted checkpoint file.
 Error termination via Lnk1e at Mon Feb 20 10:06:19 2023.
Error: segmentation violation
   rax 0000000000000000, rbx 00000000058b0be0, rcx ffffffffffffffff
   rdx 000000000002dd93, rsp 00007ffd6558dce8, rbp 00007ffd6558dd40
   rsi 000000000000000b, rdi 000000000002dd93, r8  00002b768fb32ac0
   r9  00002b768fb32ac0, r10 00007ffd6558d760, r11 0000000000000206
   r12 00000000058aeb0b, r13 000000000697d288, r14 00000000058aeec0
   r15 00007ffd6558ff80
  /lib64/libpthread.so.0(+0xf6d0) [0x2b769002c6d0]
  /lib64/libc.so.6(kill+0x7) [0x2b7690571547]
  /opt/cluster/programs/g16-c.01/g16/cubegen() [0x40fe24]
  /lib64/libc.so.6(__libc_start_main+0xf5) [0x2b769055d445]
/var/spool/slurm//job7311569/slurm_script: line 60: 187795 Aborted                 $g16root/g16/cubegen 0 Potential $FCKFILE $ESPFILE -2 h
cp: cannot stat ‘gaussian_51_water_hf_adz_dens.cube’: No such file or directory
cp: cannot stat ‘gaussian_51_water_hf_adz_esp.cube’: No such file or directory
