node106.cluster
Error: segmentation violation
   rax 0000000000000000, rbx ffffffffffffffff, rcx ffffffffffffffff
   rdx 000000000002663b, rsp 00007ffc1f0871e8, rbp 00007ffc1f087760
   rsi 000000000000000b, rdi 000000000002663b, r8  0000000000000020
   r9  0000000000000401, r10 00007ffc1f086c60, r11 0000000000000206
   r12 00007ffc1f0877a8, r13 0000000000000000, r14 0000000000000000
   r15 00000000000003e6
  /lib64/libpthread.so.0(+0xf6d0) [0x2ae277ca76d0]
  /lib64/libc.so.6(kill+0x7) [0x2ae2781ec547]
  /opt/cluster/programs/g16-c.01/g16/l1.exe() [0x4b8975]
  /opt/cluster/programs/g16-c.01/g16/l1.exe() [0x4f867a]
  /opt/cluster/programs/g16-c.01/g16/l1.exe() [0x4d56ab]
  /opt/cluster/programs/g16-c.01/g16/l1.exe() [0x41d5c6]
  /opt/cluster/programs/g16-c.01/g16/l1.exe() [0x410c4c]
  /opt/cluster/programs/g16-c.01/g16/l1.exe() [0x40d185]
  /opt/cluster/programs/g16-c.01/g16/l1.exe() [0x40cbd7]
  /opt/cluster/programs/g16-c.01/g16/l1.exe() [0x40cb24]
  /lib64/libc.so.6(__libc_start_main+0xf5) [0x2ae2781d8445]
  /opt/cluster/programs/g16-c.01/g16/l1.exe() [0x407269]
 Read checkpoint file gaussian_117_water_hf_adz2.chk type Unk
 Write formatted file gaussian_117_water_hf_adz2.fchk
 Will use up to     0 threads.
 Top CubeGen          Mon Feb 20 10:10:47 2023
 Aft UFChkP           Mon Feb 20 10:10:47 2023        0.06 cpu,        0.07 elapsed
 Could not find " ","Total SCF Density" on formatted checkpoint file.
 Error termination via Lnk1e at Mon Feb 20 10:10:47 2023.
Error: segmentation violation
   rax 0000000000000000, rbx 00000000058b0be0, rcx ffffffffffffffff
   rdx 0000000000026694, rsp 00007ffe4a3e61a8, rbp 00007ffe4a3e6200
   rsi 000000000000000b, rdi 0000000000026694, r8  00002aec62da9ac0
   r9  00002aec62da9ac0, r10 00007ffe4a3e5c20, r11 0000000000000202
   r12 00000000058aeb0b, r13 000000000697d288, r14 00000000058aeec0
   r15 00007ffe4a3e8440
  /lib64/libpthread.so.0(+0xf6d0) [0x2aec632a36d0]
  /lib64/libc.so.6(kill+0x7) [0x2aec637e8547]
  /opt/cluster/programs/g16-c.01/g16/cubegen() [0x40fe24]
  /lib64/libc.so.6(__libc_start_main+0xf5) [0x2aec637d4445]
/var/spool/slurm//job7311815/slurm_script: line 57: 157332 Aborted                 $g16root/g16/cubegen 0 Density $FCKFILE $DNSFILE -2 h
 Will use up to     0 threads.
 Top CubeGen          Mon Feb 20 10:10:48 2023
 Aft UFChkP           Mon Feb 20 10:10:48 2023        0.07 cpu,        0.07 elapsed
 Could not find " ","Total SCF Density" on formatted checkpoint file.
 Error termination via Lnk1e at Mon Feb 20 10:10:48 2023.
Error: segmentation violation
   rax 0000000000000000, rbx 00000000058b0be0, rcx ffffffffffffffff
   rdx 00000000000266c5, rsp 00007fff030f16f8, rbp 00007fff030f1750
   rsi 000000000000000b, rdi 00000000000266c5, r8  00002b5f13588ac0
   r9  00002b5f13588ac0, r10 00007fff030f1160, r11 0000000000000202
   r12 00000000058aeb0b, r13 000000000697d288, r14 00000000058aeec0
   r15 00007fff030f3990
  /lib64/libpthread.so.0(+0xf6d0) [0x2b5f13a826d0]
  /lib64/libc.so.6(kill+0x7) [0x2b5f13fc7547]
  /opt/cluster/programs/g16-c.01/g16/cubegen() [0x40fe24]
  /lib64/libc.so.6(__libc_start_main+0xf5) [0x2b5f13fb3445]
/var/spool/slurm//job7311815/slurm_script: line 60: 157381 Aborted                 $g16root/g16/cubegen 0 Potential $FCKFILE $ESPFILE -2 h
cp: cannot stat ‘gaussian_117_water_hf_adz2_dens.cube’: No such file or directory
cp: cannot stat ‘gaussian_117_water_hf_adz2_esp.cube’: No such file or directory
