node105.cluster
Error: segmentation violation
   rax 0000000000000000, rbx ffffffffffffffff, rcx ffffffffffffffff
   rdx 000000000002a9f3, rsp 00007ffc8fd44fc8, rbp 00007ffc8fd45540
   rsi 000000000000000b, rdi 000000000002a9f3, r8  0000000000000020
   r9  0000000000000401, r10 00007ffc8fd44a20, r11 0000000000000202
   r12 00007ffc8fd45588, r13 0000000000000000, r14 0000000000000000
   r15 00000000000003e6
  /lib64/libpthread.so.0(+0xf6d0) [0x2b2385b326d0]
  /lib64/libc.so.6(kill+0x7) [0x2b2386077547]
  /opt/cluster/programs/g16-c.01/g16/l1.exe() [0x4b8975]
  /opt/cluster/programs/g16-c.01/g16/l1.exe() [0x4f867a]
  /opt/cluster/programs/g16-c.01/g16/l1.exe() [0x4d56ab]
  /opt/cluster/programs/g16-c.01/g16/l1.exe() [0x41d5c6]
  /opt/cluster/programs/g16-c.01/g16/l1.exe() [0x410c4c]
  /opt/cluster/programs/g16-c.01/g16/l1.exe() [0x40d185]
  /opt/cluster/programs/g16-c.01/g16/l1.exe() [0x40cbd7]
  /opt/cluster/programs/g16-c.01/g16/l1.exe() [0x40cb24]
  /lib64/libc.so.6(__libc_start_main+0xf5) [0x2b2386063445]
  /opt/cluster/programs/g16-c.01/g16/l1.exe() [0x407269]
 Read checkpoint file gaussian_126_water_hf_adz.chk type Unk
 Write formatted file gaussian_126_water_hf_adz.fchk
 Will use up to     0 threads.
 Top CubeGen          Mon Feb 20 10:07:30 2023
 Aft UFChkP           Mon Feb 20 10:07:30 2023        0.06 cpu,        0.07 elapsed
 Could not find " ","Total SCF Density" on formatted checkpoint file.
 Error termination via Lnk1e at Mon Feb 20 10:07:30 2023.
Error: segmentation violation
   rax 0000000000000000, rbx 00000000058b0be0, rcx ffffffffffffffff
   rdx 000000000002aa26, rsp 00007ffd1ebc9208, rbp 00007ffd1ebc9260
   rsi 000000000000000b, rdi 000000000002aa26, r8  00002b5ba347dac0
   r9  00002b5ba347dac0, r10 00007ffd1ebc8c60, r11 0000000000000202
   r12 00000000058aeb0b, r13 000000000697d288, r14 00000000058aeec0
   r15 00007ffd1ebcb4a0
  /lib64/libpthread.so.0(+0xf6d0) [0x2b5ba39776d0]
  /lib64/libc.so.6(kill+0x7) [0x2b5ba3ebc547]
  /opt/cluster/programs/g16-c.01/g16/cubegen() [0x40fe24]
  /lib64/libc.so.6(__libc_start_main+0xf5) [0x2b5ba3ea8445]
/var/spool/slurm//job7311644/slurm_script: line 57: 174630 Aborted                 $g16root/g16/cubegen 0 Density $FCKFILE $DNSFILE -2 h
 Will use up to     0 threads.
 Top CubeGen          Mon Feb 20 10:07:30 2023
 Aft UFChkP           Mon Feb 20 10:07:30 2023        0.06 cpu,        0.06 elapsed
 Could not find " ","Total SCF Density" on formatted checkpoint file.
 Error termination via Lnk1e at Mon Feb 20 10:07:30 2023.
Error: segmentation violation
   rax 0000000000000000, rbx 00000000058b0be0, rcx ffffffffffffffff
   rdx 000000000002aa3d, rsp 00007fff585edce8, rbp 00007fff585edd40
   rsi 000000000000000b, rdi 000000000002aa3d, r8  00002b4278a18ac0
   r9  00002b4278a18ac0, r10 00007fff585ed760, r11 0000000000000206
   r12 00000000058aeb0b, r13 000000000697d288, r14 00000000058aeec0
   r15 00007fff585eff80
  /lib64/libpthread.so.0(+0xf6d0) [0x2b4278f126d0]
  /lib64/libc.so.6(kill+0x7) [0x2b4279457547]
  /opt/cluster/programs/g16-c.01/g16/cubegen() [0x40fe24]
  /lib64/libc.so.6(__libc_start_main+0xf5) [0x2b4279443445]
/var/spool/slurm//job7311644/slurm_script: line 60: 174653 Aborted                 $g16root/g16/cubegen 0 Potential $FCKFILE $ESPFILE -2 h
cp: cannot stat ‘gaussian_126_water_hf_adz_dens.cube’: No such file or directory
cp: cannot stat ‘gaussian_126_water_hf_adz_esp.cube’: No such file or directory
