node105.cluster
Error: segmentation violation
   rax 0000000000000000, rbx ffffffffffffffff, rcx ffffffffffffffff
   rdx 000000000002ba73, rsp 00007ffcb3911778, rbp 00007ffcb3911cf0
   rsi 000000000000000b, rdi 000000000002ba73, r8  0000000000000020
   r9  0000000000000401, r10 00007ffcb39111e0, r11 0000000000000206
   r12 00007ffcb3911d38, r13 0000000000000000, r14 0000000000000000
   r15 00000000000003e6
  /lib64/libpthread.so.0(+0xf6d0) [0x2ac4643ec6d0]
  /lib64/libc.so.6(kill+0x7) [0x2ac464931547]
  /opt/cluster/programs/g16-c.01/g16/l1.exe() [0x4b8975]
  /opt/cluster/programs/g16-c.01/g16/l1.exe() [0x4f867a]
  /opt/cluster/programs/g16-c.01/g16/l1.exe() [0x4d56ab]
  /opt/cluster/programs/g16-c.01/g16/l1.exe() [0x41d5c6]
  /opt/cluster/programs/g16-c.01/g16/l1.exe() [0x410c4c]
  /opt/cluster/programs/g16-c.01/g16/l1.exe() [0x40d185]
  /opt/cluster/programs/g16-c.01/g16/l1.exe() [0x40cbd7]
  /opt/cluster/programs/g16-c.01/g16/l1.exe() [0x40cb24]
  /lib64/libc.so.6(__libc_start_main+0xf5) [0x2ac46491d445]
  /opt/cluster/programs/g16-c.01/g16/l1.exe() [0x407269]
 Read checkpoint file gaussian_114_water_hf_adz2.chk type Unk
 Write formatted file gaussian_114_water_hf_adz2.fchk
 Will use up to     0 threads.
 Top CubeGen          Mon Feb 20 10:10:47 2023
 Aft UFChkP           Mon Feb 20 10:10:47 2023        0.07 cpu,        0.08 elapsed
 Could not find " ","Total SCF Density" on formatted checkpoint file.
 Error termination via Lnk1e at Mon Feb 20 10:10:47 2023.
Error: segmentation violation
   rax 0000000000000000, rbx 00000000058b0be0, rcx ffffffffffffffff
   rdx 000000000002babc, rsp 00007ffee605baf8, rbp 00007ffee605bb50
   rsi 000000000000000b, rdi 000000000002babc, r8  00002b5c4490dac0
   r9  00002b5c4490dac0, r10 00007ffee605b560, r11 0000000000000202
   r12 00000000058aeb0b, r13 000000000697d288, r14 00000000058aeec0
   r15 00007ffee605dd90
  /lib64/libpthread.so.0(+0xf6d0) [0x2b5c44e076d0]
  /lib64/libc.so.6(kill+0x7) [0x2b5c4534c547]
  /opt/cluster/programs/g16-c.01/g16/cubegen() [0x40fe24]
  /lib64/libc.so.6(__libc_start_main+0xf5) [0x2b5c45338445]
/var/spool/slurm//job7311812/slurm_script: line 57: 178876 Aborted                 $g16root/g16/cubegen 0 Density $FCKFILE $DNSFILE -2 h
 Will use up to     0 threads.
 Top CubeGen          Mon Feb 20 10:10:47 2023
 Aft UFChkP           Mon Feb 20 10:10:48 2023        0.07 cpu,        0.08 elapsed
 Could not find " ","Total SCF Density" on formatted checkpoint file.
 Error termination via Lnk1e at Mon Feb 20 10:10:48 2023.
Error: segmentation violation
   rax 0000000000000000, rbx 00000000058b0be0, rcx ffffffffffffffff
   rdx 000000000002baeb, rsp 00007fffdd90b678, rbp 00007fffdd90b6d0
   rsi 000000000000000b, rdi 000000000002baeb, r8  00002b9332a59ac0
   r9  00002b9332a59ac0, r10 00007fffdd90b0e0, r11 0000000000000206
   r12 00000000058aeb0b, r13 000000000697d288, r14 00000000058aeec0
   r15 00007fffdd90d910
  /lib64/libpthread.so.0(+0xf6d0) [0x2b9332f536d0]
  /lib64/libc.so.6(kill+0x7) [0x2b9333498547]
  /opt/cluster/programs/g16-c.01/g16/cubegen() [0x40fe24]
  /lib64/libc.so.6(__libc_start_main+0xf5) [0x2b9333484445]
/var/spool/slurm//job7311812/slurm_script: line 60: 178923 Aborted                 $g16root/g16/cubegen 0 Potential $FCKFILE $ESPFILE -2 h
cp: cannot stat ‘gaussian_114_water_hf_adz2_dens.cube’: No such file or directory
cp: cannot stat ‘gaussian_114_water_hf_adz2_esp.cube’: No such file or directory
