node106.cluster
Error: segmentation violation
   rax 0000000000000000, rbx ffffffffffffffff, rcx ffffffffffffffff
   rdx 0000000000025050, rsp 00007fff0075f228, rbp 00007fff0075f7a0
   rsi 000000000000000b, rdi 0000000000025050, r8  0000000000000020
   r9  0000000000000401, r10 00007fff0075eca0, r11 0000000000000206
   r12 00007fff0075f7e8, r13 0000000000000000, r14 0000000000000000
   r15 00000000000003e6
  /lib64/libpthread.so.0(+0xf6d0) [0x2b611dc236d0]
  /lib64/libc.so.6(kill+0x7) [0x2b611e168547]
  /opt/cluster/programs/g16-c.01/g16/l1.exe() [0x4b8975]
  /opt/cluster/programs/g16-c.01/g16/l1.exe() [0x4f867a]
  /opt/cluster/programs/g16-c.01/g16/l1.exe() [0x4d56ab]
  /opt/cluster/programs/g16-c.01/g16/l1.exe() [0x41d5c6]
  /opt/cluster/programs/g16-c.01/g16/l1.exe() [0x410c4c]
  /opt/cluster/programs/g16-c.01/g16/l1.exe() [0x40d185]
  /opt/cluster/programs/g16-c.01/g16/l1.exe() [0x40cbd7]
  /opt/cluster/programs/g16-c.01/g16/l1.exe() [0x40cb24]
  /lib64/libc.so.6(__libc_start_main+0xf5) [0x2b611e154445]
  /opt/cluster/programs/g16-c.01/g16/l1.exe() [0x407269]
 Read checkpoint file gaussian_69_water_hf_adz.chk type Unk
 Write formatted file gaussian_69_water_hf_adz.fchk
 Will use up to     0 threads.
 Top CubeGen          Mon Feb 20 10:06:28 2023
 Aft UFChkP           Mon Feb 20 10:06:28 2023        0.06 cpu,        0.07 elapsed
 Could not find " ","Total SCF Density" on formatted checkpoint file.
 Error termination via Lnk1e at Mon Feb 20 10:06:28 2023.
Error: segmentation violation
   rax 0000000000000000, rbx 00000000058b0be0, rcx ffffffffffffffff
   rdx 000000000002509a, rsp 00007ffd430f1808, rbp 00007ffd430f1860
   rsi 000000000000000b, rdi 000000000002509a, r8  00002ac8039f5ac0
   r9  00002ac8039f5ac0, r10 00007ffd430f1260, r11 0000000000000202
   r12 00000000058aeb0b, r13 000000000697d288, r14 00000000058aeec0
   r15 00007ffd430f3aa0
  /lib64/libpthread.so.0(+0xf6d0) [0x2ac803eef6d0]
  /lib64/libc.so.6(kill+0x7) [0x2ac804434547]
  /opt/cluster/programs/g16-c.01/g16/cubegen() [0x40fe24]
  /lib64/libc.so.6(__libc_start_main+0xf5) [0x2ac804420445]
/var/spool/slurm//job7311587/slurm_script: line 57: 151706 Aborted                 $g16root/g16/cubegen 0 Density $FCKFILE $DNSFILE -2 h
 Will use up to     0 threads.
 Top CubeGen          Mon Feb 20 10:06:29 2023
 Aft UFChkP           Mon Feb 20 10:06:29 2023        0.07 cpu,        0.07 elapsed
 Could not find " ","Total SCF Density" on formatted checkpoint file.
 Error termination via Lnk1e at Mon Feb 20 10:06:29 2023.
Error: segmentation violation
   rax 0000000000000000, rbx 00000000058b0be0, rcx ffffffffffffffff
   rdx 00000000000250c9, rsp 00007fff12bacd68, rbp 00007fff12bacdc0
   rsi 000000000000000b, rdi 00000000000250c9, r8  00002baa0811dac0
   r9  00002baa0811dac0, r10 00007fff12bac7e0, r11 0000000000000202
   r12 00000000058aeb0b, r13 000000000697d288, r14 00000000058aeec0
   r15 00007fff12baf000
  /lib64/libpthread.so.0(+0xf6d0) [0x2baa086176d0]
  /lib64/libc.so.6(kill+0x7) [0x2baa08b5c547]
  /opt/cluster/programs/g16-c.01/g16/cubegen() [0x40fe24]
  /lib64/libc.so.6(__libc_start_main+0xf5) [0x2baa08b48445]
/var/spool/slurm//job7311587/slurm_script: line 60: 151753 Aborted                 $g16root/g16/cubegen 0 Potential $FCKFILE $ESPFILE -2 h
cp: cannot stat ‘gaussian_69_water_hf_adz_dens.cube’: No such file or directory
cp: cannot stat ‘gaussian_69_water_hf_adz_esp.cube’: No such file or directory
