node106.cluster
Error: segmentation violation
   rax 0000000000000000, rbx ffffffffffffffff, rcx ffffffffffffffff
   rdx 0000000000025d9b, rsp 00007ffc630bc828, rbp 00007ffc630bcda0
   rsi 000000000000000b, rdi 0000000000025d9b, r8  0000000000000020
   r9  0000000000000401, r10 00007ffc630bc2a0, r11 0000000000000206
   r12 00007ffc630bcde8, r13 0000000000000000, r14 0000000000000000
   r15 00000000000003e6
  /lib64/libpthread.so.0(+0xf6d0) [0x2ab67b19c6d0]
  /lib64/libc.so.6(kill+0x7) [0x2ab67b6e1547]
  /opt/cluster/programs/g16-c.01/g16/l1.exe() [0x4b8975]
  /opt/cluster/programs/g16-c.01/g16/l1.exe() [0x4f867a]
  /opt/cluster/programs/g16-c.01/g16/l1.exe() [0x4d56ab]
  /opt/cluster/programs/g16-c.01/g16/l1.exe() [0x41d5c6]
  /opt/cluster/programs/g16-c.01/g16/l1.exe() [0x410c4c]
  /opt/cluster/programs/g16-c.01/g16/l1.exe() [0x40d185]
  /opt/cluster/programs/g16-c.01/g16/l1.exe() [0x40cbd7]
  /opt/cluster/programs/g16-c.01/g16/l1.exe() [0x40cb24]
  /lib64/libc.so.6(__libc_start_main+0xf5) [0x2ab67b6cd445]
  /opt/cluster/programs/g16-c.01/g16/l1.exe() [0x407269]
 Read checkpoint file gaussian_27_water_hf_adz2.chk type Unk
 Write formatted file gaussian_27_water_hf_adz2.fchk
 Will use up to     0 threads.
 Top CubeGen          Mon Feb 20 10:09:15 2023
 Aft UFChkP           Mon Feb 20 10:09:15 2023        0.06 cpu,        0.07 elapsed
 Could not find " ","Total SCF Density" on formatted checkpoint file.
 Error termination via Lnk1e at Mon Feb 20 10:09:15 2023.
Error: segmentation violation
   rax 0000000000000000, rbx 00000000058b0be0, rcx ffffffffffffffff
   rdx 0000000000025df6, rsp 00007ffceee4eea8, rbp 00007ffceee4ef00
   rsi 000000000000000b, rdi 0000000000025df6, r8  00002b630194dac0
   r9  00002b630194dac0, r10 00007ffceee4e920, r11 0000000000000202
   r12 00000000058aeb0b, r13 000000000697d288, r14 00000000058aeec0
   r15 00007ffceee51140
  /lib64/libpthread.so.0(+0xf6d0) [0x2b6301e476d0]
  /lib64/libc.so.6(kill+0x7) [0x2b630238c547]
  /opt/cluster/programs/g16-c.01/g16/cubegen() [0x40fe24]
  /lib64/libc.so.6(__libc_start_main+0xf5) [0x2b6302378445]
/var/spool/slurm//job7311725/slurm_script: line 57: 155126 Aborted                 $g16root/g16/cubegen 0 Density $FCKFILE $DNSFILE -2 h
 Will use up to     0 threads.
 Top CubeGen          Mon Feb 20 10:09:15 2023
 Aft UFChkP           Mon Feb 20 10:09:15 2023        0.07 cpu,        0.07 elapsed
 Could not find " ","Total SCF Density" on formatted checkpoint file.
 Error termination via Lnk1e at Mon Feb 20 10:09:15 2023.
Error: segmentation violation
   rax 0000000000000000, rbx 00000000058b0be0, rcx ffffffffffffffff
   rdx 0000000000025e26, rsp 00007ffe9da2a278, rbp 00007ffe9da2a2d0
   rsi 000000000000000b, rdi 0000000000025e26, r8  00002ad8d0834ac0
   r9  00002ad8d0834ac0, r10 00007ffe9da29ce0, r11 0000000000000206
   r12 00000000058aeb0b, r13 000000000697d288, r14 00000000058aeec0
   r15 00007ffe9da2c510
  /lib64/libpthread.so.0(+0xf6d0) [0x2ad8d0d2e6d0]
  /lib64/libc.so.6(kill+0x7) [0x2ad8d1273547]
  /opt/cluster/programs/g16-c.01/g16/cubegen() [0x40fe24]
  /lib64/libc.so.6(__libc_start_main+0xf5) [0x2ad8d125f445]
/var/spool/slurm//job7311725/slurm_script: line 60: 155174 Aborted                 $g16root/g16/cubegen 0 Potential $FCKFILE $ESPFILE -2 h
cp: cannot stat ‘gaussian_27_water_hf_adz2_dens.cube’: No such file or directory
cp: cannot stat ‘gaussian_27_water_hf_adz2_esp.cube’: No such file or directory
