node105.cluster
Error: segmentation violation
   rax 0000000000000000, rbx ffffffffffffffff, rcx ffffffffffffffff
   rdx 000000000002a2ae, rsp 00007fff193b4078, rbp 00007fff193b45f0
   rsi 000000000000000b, rdi 000000000002a2ae, r8  0000000000000020
   r9  0000000000000401, r10 00007fff193b3ae0, r11 0000000000000206
   r12 00007fff193b4638, r13 0000000000000000, r14 0000000000000000
   r15 00000000000003e6
  /lib64/libpthread.so.0(+0xf6d0) [0x2b788eaa56d0]
  /lib64/libc.so.6(kill+0x7) [0x2b788efea547]
  /opt/cluster/programs/g16-c.01/g16/l1.exe() [0x4b8975]
  /opt/cluster/programs/g16-c.01/g16/l1.exe() [0x4f867a]
  /opt/cluster/programs/g16-c.01/g16/l1.exe() [0x4d56ab]
  /opt/cluster/programs/g16-c.01/g16/l1.exe() [0x41d5c6]
  /opt/cluster/programs/g16-c.01/g16/l1.exe() [0x410c4c]
  /opt/cluster/programs/g16-c.01/g16/l1.exe() [0x40d185]
  /opt/cluster/programs/g16-c.01/g16/l1.exe() [0x40cbd7]
  /opt/cluster/programs/g16-c.01/g16/l1.exe() [0x40cb24]
  /lib64/libc.so.6(__libc_start_main+0xf5) [0x2b788efd6445]
  /opt/cluster/programs/g16-c.01/g16/l1.exe() [0x407269]
 Read checkpoint file gaussian_54_water_hf_adz.chk type Unk
 Write formatted file gaussian_54_water_hf_adz.fchk
 Will use up to     0 threads.
 Top CubeGen          Mon Feb 20 10:06:18 2023
 Aft UFChkP           Mon Feb 20 10:06:18 2023        0.07 cpu,        0.07 elapsed
 Could not find " ","Total SCF Density" on formatted checkpoint file.
 Error termination via Lnk1e at Mon Feb 20 10:06:18 2023.
Error: segmentation violation
   rax 0000000000000000, rbx 00000000058b0be0, rcx ffffffffffffffff
   rdx 000000000002a303, rsp 00007ffc1b614f38, rbp 00007ffc1b614f90
   rsi 000000000000000b, rdi 000000000002a303, r8  00002ab014e83ac0
   r9  00002ab014e83ac0, r10 00007ffc1b6149a0, r11 0000000000000202
   r12 00000000058aeb0b, r13 000000000697d288, r14 00000000058aeec0
   r15 00007ffc1b6171d0
  /lib64/libpthread.so.0(+0xf6d0) [0x2ab01537d6d0]
  /lib64/libc.so.6(kill+0x7) [0x2ab0158c2547]
  /opt/cluster/programs/g16-c.01/g16/cubegen() [0x40fe24]
  /lib64/libc.so.6(__libc_start_main+0xf5) [0x2ab0158ae445]
/var/spool/slurm//job7311572/slurm_script: line 57: 172803 Aborted                 $g16root/g16/cubegen 0 Density $FCKFILE $DNSFILE -2 h
 Will use up to     0 threads.
 Top CubeGen          Mon Feb 20 10:06:19 2023
 Aft UFChkP           Mon Feb 20 10:06:19 2023        0.07 cpu,        0.07 elapsed
 Could not find " ","Total SCF Density" on formatted checkpoint file.
 Error termination via Lnk1e at Mon Feb 20 10:06:19 2023.
Error: segmentation violation
   rax 0000000000000000, rbx 00000000058b0be0, rcx ffffffffffffffff
   rdx 000000000002a335, rsp 00007ffe52be5af8, rbp 00007ffe52be5b50
   rsi 000000000000000b, rdi 000000000002a335, r8  00002ac89ac60ac0
   r9  00002ac89ac60ac0, r10 00007ffe52be5560, r11 0000000000000202
   r12 00000000058aeb0b, r13 000000000697d288, r14 00000000058aeec0
   r15 00007ffe52be7d90
  /lib64/libpthread.so.0(+0xf6d0) [0x2ac89b1586d0]
  /lib64/libc.so.6(kill+0x7) [0x2ac89b69d547]
  /opt/cluster/programs/g16-c.01/g16/cubegen() [0x40fe24]
  /lib64/libc.so.6(__libc_start_main+0xf5) [0x2ac89b689445]
/var/spool/slurm//job7311572/slurm_script: line 60: 172853 Aborted                 $g16root/g16/cubegen 0 Potential $FCKFILE $ESPFILE -2 h
cp: cannot stat ‘gaussian_54_water_hf_adz_dens.cube’: No such file or directory
cp: cannot stat ‘gaussian_54_water_hf_adz_esp.cube’: No such file or directory
