node105.cluster
Error: segmentation violation
   rax 0000000000000000, rbx ffffffffffffffff, rcx ffffffffffffffff
   rdx 000000000002b951, rsp 00007ffcc9387688, rbp 00007ffcc9387c00
   rsi 000000000000000b, rdi 000000000002b951, r8  0000000000000020
   r9  0000000000000401, r10 00007ffcc93870e0, r11 0000000000000206
   r12 00007ffcc9387c48, r13 0000000000000000, r14 0000000000000000
   r15 00000000000003e6
  /lib64/libpthread.so.0(+0xf6d0) [0x2ab30216e6d0]
  /lib64/libc.so.6(kill+0x7) [0x2ab3026b3547]
  /opt/cluster/programs/g16-c.01/g16/l1.exe() [0x4b8975]
  /opt/cluster/programs/g16-c.01/g16/l1.exe() [0x4f867a]
  /opt/cluster/programs/g16-c.01/g16/l1.exe() [0x4d56ab]
  /opt/cluster/programs/g16-c.01/g16/l1.exe() [0x41d5c6]
  /opt/cluster/programs/g16-c.01/g16/l1.exe() [0x410c4c]
  /opt/cluster/programs/g16-c.01/g16/l1.exe() [0x40d185]
  /opt/cluster/programs/g16-c.01/g16/l1.exe() [0x40cbd7]
  /opt/cluster/programs/g16-c.01/g16/l1.exe() [0x40cb24]
  /lib64/libc.so.6(__libc_start_main+0xf5) [0x2ab30269f445]
  /opt/cluster/programs/g16-c.01/g16/l1.exe() [0x407269]
 Read checkpoint file gaussian_102_water_hf_adz2.chk type Unk
 Write formatted file gaussian_102_water_hf_adz2.fchk
 Will use up to     0 threads.
 Top CubeGen          Mon Feb 20 10:10:38 2023
 Aft UFChkP           Mon Feb 20 10:10:38 2023        0.07 cpu,        0.07 elapsed
 Could not find " ","Total SCF Density" on formatted checkpoint file.
 Error termination via Lnk1e at Mon Feb 20 10:10:38 2023.
Error: segmentation violation
   rax 0000000000000000, rbx 00000000058b0be0, rcx ffffffffffffffff
   rdx 000000000002b9bc, rsp 00007ffcbc5c0e68, rbp 00007ffcbc5c0ec0
   rsi 000000000000000b, rdi 000000000002b9bc, r8  00002b26a3c5aac0
   r9  00002b26a3c5aac0, r10 00007ffcbc5c08e0, r11 0000000000000202
   r12 00000000058aeb0b, r13 000000000697d288, r14 00000000058aeec0
   r15 00007ffcbc5c3100
  /lib64/libpthread.so.0(+0xf6d0) [0x2b26a41546d0]
  /lib64/libc.so.6(kill+0x7) [0x2b26a4699547]
  /opt/cluster/programs/g16-c.01/g16/cubegen() [0x40fe24]
  /lib64/libc.so.6(__libc_start_main+0xf5) [0x2b26a4685445]
/var/spool/slurm//job7311800/slurm_script: line 57: 178620 Aborted                 $g16root/g16/cubegen 0 Density $FCKFILE $DNSFILE -2 h
 Will use up to     0 threads.
 Top CubeGen          Mon Feb 20 10:10:38 2023
 Aft UFChkP           Mon Feb 20 10:10:39 2023        0.07 cpu,        0.07 elapsed
 Could not find " ","Total SCF Density" on formatted checkpoint file.
 Error termination via Lnk1e at Mon Feb 20 10:10:39 2023.
Error: segmentation violation
   rax 0000000000000000, rbx 00000000058b0be0, rcx ffffffffffffffff
   rdx 000000000002b9e9, rsp 00007ffc3a6a9788, rbp 00007ffc3a6a97e0
   rsi 000000000000000b, rdi 000000000002b9e9, r8  00002b2745886ac0
   r9  00002b2745886ac0, r10 00007ffc3a6a91e0, r11 0000000000000206
   r12 00000000058aeb0b, r13 000000000697d288, r14 00000000058aeec0
   r15 00007ffc3a6aba20
  /lib64/libpthread.so.0(+0xf6d0) [0x2b2745d806d0]
  /lib64/libc.so.6(kill+0x7) [0x2b27462c5547]
  /opt/cluster/programs/g16-c.01/g16/cubegen() [0x40fe24]
  /lib64/libc.so.6(__libc_start_main+0xf5) [0x2b27462b1445]
/var/spool/slurm//job7311800/slurm_script: line 60: 178665 Aborted                 $g16root/g16/cubegen 0 Potential $FCKFILE $ESPFILE -2 h
cp: cannot stat ‘gaussian_102_water_hf_adz2_dens.cube’: No such file or directory
cp: cannot stat ‘gaussian_102_water_hf_adz2_esp.cube’: No such file or directory
