node105.cluster
Error: segmentation violation
   rax 0000000000000000, rbx ffffffffffffffff, rcx ffffffffffffffff
   rdx 000000000002a2bf, rsp 00007ffdab2e4598, rbp 00007ffdab2e4b10
   rsi 000000000000000b, rdi 000000000002a2bf, r8  0000000000000020
   r9  0000000000000401, r10 00007ffdab2e4020, r11 0000000000000202
   r12 00007ffdab2e4b58, r13 0000000000000000, r14 0000000000000000
   r15 00000000000003e6
  /lib64/libpthread.so.0(+0xf6d0) [0x2b92dd6df6d0]
  /lib64/libc.so.6(kill+0x7) [0x2b92ddc24547]
  /opt/cluster/programs/g16-c.01/g16/l1.exe() [0x4b8975]
  /opt/cluster/programs/g16-c.01/g16/l1.exe() [0x4f867a]
  /opt/cluster/programs/g16-c.01/g16/l1.exe() [0x4d56ab]
  /opt/cluster/programs/g16-c.01/g16/l1.exe() [0x41d5c6]
  /opt/cluster/programs/g16-c.01/g16/l1.exe() [0x410c4c]
  /opt/cluster/programs/g16-c.01/g16/l1.exe() [0x40d185]
  /opt/cluster/programs/g16-c.01/g16/l1.exe() [0x40cbd7]
  /opt/cluster/programs/g16-c.01/g16/l1.exe() [0x40cb24]
  /lib64/libc.so.6(__libc_start_main+0xf5) [0x2b92ddc10445]
  /opt/cluster/programs/g16-c.01/g16/l1.exe() [0x407269]
 Read checkpoint file gaussian_55_water_hf_adz.chk type Unk
 Write formatted file gaussian_55_water_hf_adz.fchk
 Will use up to     0 threads.
 Top CubeGen          Mon Feb 20 10:06:18 2023
 Aft UFChkP           Mon Feb 20 10:06:18 2023        0.07 cpu,        0.08 elapsed
 Could not find " ","Total SCF Density" on formatted checkpoint file.
 Error termination via Lnk1e at Mon Feb 20 10:06:18 2023.
Error: segmentation violation
   rax 0000000000000000, rbx 00000000058b0be0, rcx ffffffffffffffff
   rdx 000000000002a309, rsp 00007ffeea5e57e8, rbp 00007ffeea5e5840
   rsi 000000000000000b, rdi 000000000002a309, r8  00002abfe32d2ac0
   r9  00002abfe32d2ac0, r10 00007ffeea5e5260, r11 0000000000000206
   r12 00000000058aeb0b, r13 000000000697d288, r14 00000000058aeec0
   r15 00007ffeea5e7a80
  /lib64/libpthread.so.0(+0xf6d0) [0x2abfe37cc6d0]
  /lib64/libc.so.6(kill+0x7) [0x2abfe3d11547]
  /opt/cluster/programs/g16-c.01/g16/cubegen() [0x40fe24]
  /lib64/libc.so.6(__libc_start_main+0xf5) [0x2abfe3cfd445]
/var/spool/slurm//job7311573/slurm_script: line 57: 172809 Aborted                 $g16root/g16/cubegen 0 Density $FCKFILE $DNSFILE -2 h
 Will use up to     0 threads.
 Top CubeGen          Mon Feb 20 10:06:19 2023
 Aft UFChkP           Mon Feb 20 10:06:19 2023        0.08 cpu,        0.07 elapsed
 Could not find " ","Total SCF Density" on formatted checkpoint file.
 Error termination via Lnk1e at Mon Feb 20 10:06:19 2023.
Error: segmentation violation
   rax 0000000000000000, rbx 00000000058b0be0, rcx ffffffffffffffff
   rdx 000000000002a337, rsp 00007ffec8d9d608, rbp 00007ffec8d9d660
   rsi 000000000000000b, rdi 000000000002a337, r8  00002abd9153cac0
   r9  00002abd9153cac0, r10 00007ffec8d9d060, r11 0000000000000202
   r12 00000000058aeb0b, r13 000000000697d288, r14 00000000058aeec0
   r15 00007ffec8d9f8a0
  /lib64/libpthread.so.0(+0xf6d0) [0x2abd91a366d0]
  /lib64/libc.so.6(kill+0x7) [0x2abd91f7b547]
  /opt/cluster/programs/g16-c.01/g16/cubegen() [0x40fe24]
  /lib64/libc.so.6(__libc_start_main+0xf5) [0x2abd91f67445]
/var/spool/slurm//job7311573/slurm_script: line 60: 172855 Aborted                 $g16root/g16/cubegen 0 Potential $FCKFILE $ESPFILE -2 h
cp: cannot stat ‘gaussian_55_water_hf_adz_dens.cube’: No such file or directory
cp: cannot stat ‘gaussian_55_water_hf_adz_esp.cube’: No such file or directory
