node101.cluster
Error: segmentation violation
   rax 0000000000000000, rbx ffffffffffffffff, rcx ffffffffffffffff
   rdx 000000000002e50d, rsp 00007fffa311c308, rbp 00007fffa311c880
   rsi 000000000000000b, rdi 000000000002e50d, r8  0000000000000020
   r9  0000000000000401, r10 00007fffa311bd60, r11 0000000000000202
   r12 00007fffa311c8c8, r13 0000000000000000, r14 0000000000000000
   r15 00000000000003e6
  /lib64/libpthread.so.0(+0xf6d0) [0x2b90aa9bf6d0]
  /lib64/libc.so.6(kill+0x7) [0x2b90aaf04547]
  /opt/cluster/programs/g16-c.01/g16/l1.exe() [0x4b8975]
  /opt/cluster/programs/g16-c.01/g16/l1.exe() [0x4f867a]
  /opt/cluster/programs/g16-c.01/g16/l1.exe() [0x4d56ab]
  /opt/cluster/programs/g16-c.01/g16/l1.exe() [0x41d5c6]
  /opt/cluster/programs/g16-c.01/g16/l1.exe() [0x410c4c]
  /opt/cluster/programs/g16-c.01/g16/l1.exe() [0x40d185]
  /opt/cluster/programs/g16-c.01/g16/l1.exe() [0x40cbd7]
  /opt/cluster/programs/g16-c.01/g16/l1.exe() [0x40cb24]
  /lib64/libc.so.6(__libc_start_main+0xf5) [0x2b90aaef0445]
  /opt/cluster/programs/g16-c.01/g16/l1.exe() [0x407269]
 Read checkpoint file gaussian_1_water_hf_adz2.chk type Unk
 Write formatted file gaussian_1_water_hf_adz2.fchk
 Will use up to     0 threads.
 Top CubeGen          Mon Feb 20 10:08:55 2023
 Aft UFChkP           Mon Feb 20 10:08:55 2023        0.07 cpu,        0.07 elapsed
 Could not find " ","Total SCF Density" on formatted checkpoint file.
 Error termination via Lnk1e at Mon Feb 20 10:08:55 2023.
Error: segmentation violation
   rax 0000000000000000, rbx 00000000058b0be0, rcx ffffffffffffffff
   rdx 000000000002e51f, rsp 00007fffbbce1698, rbp 00007fffbbce16f0
   rsi 000000000000000b, rdi 000000000002e51f, r8  00002b2436b6eac0
   r9  00002b2436b6eac0, r10 00007fffbbce1120, r11 0000000000000202
   r12 00000000058aeb0b, r13 000000000697d288, r14 00000000058aeec0
   r15 00007fffbbce3930
  /lib64/libpthread.so.0(+0xf6d0) [0x2b24370686d0]
  /lib64/libc.so.6(kill+0x7) [0x2b24375ad547]
  /opt/cluster/programs/g16-c.01/g16/cubegen() [0x40fe24]
  /lib64/libc.so.6(__libc_start_main+0xf5) [0x2b2437599445]
/var/spool/slurm//job7311699/slurm_script: line 57: 189727 Aborted                 $g16root/g16/cubegen 0 Density $FCKFILE $DNSFILE -2 h
 Will use up to     0 threads.
 Top CubeGen          Mon Feb 20 10:08:55 2023
 Aft UFChkP           Mon Feb 20 10:08:55 2023        0.07 cpu,        0.07 elapsed
 Could not find " ","Total SCF Density" on formatted checkpoint file.
 Error termination via Lnk1e at Mon Feb 20 10:08:55 2023.
Error: segmentation violation
   rax 0000000000000000, rbx 00000000058b0be0, rcx ffffffffffffffff
   rdx 000000000002e52b, rsp 00007fffc34832c8, rbp 00007fffc3483320
   rsi 000000000000000b, rdi 000000000002e52b, r8  00002ad2362d4ac0
   r9  00002ad2362d4ac0, r10 00007fffc3482d20, r11 0000000000000202
   r12 00000000058aeb0b, r13 000000000697d288, r14 00000000058aeec0
   r15 00007fffc3485560
  /lib64/libpthread.so.0(+0xf6d0) [0x2ad2367ce6d0]
  /lib64/libc.so.6(kill+0x7) [0x2ad236d13547]
  /opt/cluster/programs/g16-c.01/g16/cubegen() [0x40fe24]
  /lib64/libc.so.6(__libc_start_main+0xf5) [0x2ad236cff445]
/var/spool/slurm//job7311699/slurm_script: line 60: 189739 Aborted                 $g16root/g16/cubegen 0 Potential $FCKFILE $ESPFILE -2 h
cp: cannot stat ‘gaussian_1_water_hf_adz2_dens.cube’: No such file or directory
cp: cannot stat ‘gaussian_1_water_hf_adz2_esp.cube’: No such file or directory
