node106.cluster
Error: segmentation violation
   rax 0000000000000000, rbx ffffffffffffffff, rcx ffffffffffffffff
   rdx 0000000000025ae0, rsp 00007ffe09e28a58, rbp 00007ffe09e28fd0
   rsi 000000000000000b, rdi 0000000000025ae0, r8  0000000000000020
   r9  0000000000000401, r10 00007ffe09e284e0, r11 0000000000000202
   r12 00007ffe09e29018, r13 0000000000000000, r14 0000000000000000
   r15 00000000000003e6
  /lib64/libpthread.so.0(+0xf6d0) [0x2b819b5d96d0]
  /lib64/libc.so.6(kill+0x7) [0x2b819bb1e547]
  /opt/cluster/programs/g16-c.01/g16/l1.exe() [0x4b8975]
  /opt/cluster/programs/g16-c.01/g16/l1.exe() [0x4f867a]
  /opt/cluster/programs/g16-c.01/g16/l1.exe() [0x4d56ab]
  /opt/cluster/programs/g16-c.01/g16/l1.exe() [0x41d5c6]
  /opt/cluster/programs/g16-c.01/g16/l1.exe() [0x410c4c]
  /opt/cluster/programs/g16-c.01/g16/l1.exe() [0x40d185]
  /opt/cluster/programs/g16-c.01/g16/l1.exe() [0x40cbd7]
  /opt/cluster/programs/g16-c.01/g16/l1.exe() [0x40cb24]
  /lib64/libc.so.6(__libc_start_main+0xf5) [0x2b819bb0a445]
  /opt/cluster/programs/g16-c.01/g16/l1.exe() [0x407269]
 Read checkpoint file gaussian_179_water_hf_adz.chk type Unk
 Write formatted file gaussian_179_water_hf_adz.fchk
 Will use up to     0 threads.
 Top CubeGen          Mon Feb 20 10:08:20 2023
 Aft UFChkP           Mon Feb 20 10:08:20 2023        0.06 cpu,        0.07 elapsed
 Could not find " ","Total SCF Density" on formatted checkpoint file.
 Error termination via Lnk1e at Mon Feb 20 10:08:20 2023.
Error: segmentation violation
   rax 0000000000000000, rbx 00000000058b0be0, rcx ffffffffffffffff
   rdx 0000000000025b10, rsp 00007ffe5c90ce68, rbp 00007ffe5c90cec0
   rsi 000000000000000b, rdi 0000000000025b10, r8  00002b177fd8cac0
   r9  00002b177fd8cac0, r10 00007ffe5c90c8e0, r11 0000000000000202
   r12 00000000058aeb0b, r13 000000000697d288, r14 00000000058aeec0
   r15 00007ffe5c90f100
  /lib64/libpthread.so.0(+0xf6d0) [0x2b17802866d0]
  /lib64/libc.so.6(kill+0x7) [0x2b17807cb547]
  /opt/cluster/programs/g16-c.01/g16/cubegen() [0x40fe24]
  /lib64/libc.so.6(__libc_start_main+0xf5) [0x2b17807b7445]
/var/spool/slurm//job7311697/slurm_script: line 57: 154384 Aborted                 $g16root/g16/cubegen 0 Density $FCKFILE $DNSFILE -2 h
 Will use up to     0 threads.
 Top CubeGen          Mon Feb 20 10:08:20 2023
 Aft UFChkP           Mon Feb 20 10:08:20 2023        0.06 cpu,        0.07 elapsed
 Could not find " ","Total SCF Density" on formatted checkpoint file.
 Error termination via Lnk1e at Mon Feb 20 10:08:20 2023.
Error: segmentation violation
   rax 0000000000000000, rbx 00000000058b0be0, rcx ffffffffffffffff
   rdx 0000000000025b34, rsp 00007ffca186aed8, rbp 00007ffca186af30
   rsi 000000000000000b, rdi 0000000000025b34, r8  00002b5fdb4ceac0
   r9  00002b5fdb4ceac0, r10 00007ffca186a960, r11 0000000000000206
   r12 00000000058aeb0b, r13 000000000697d288, r14 00000000058aeec0
   r15 00007ffca186d170
  /lib64/libpthread.so.0(+0xf6d0) [0x2b5fdb9c86d0]
  /lib64/libc.so.6(kill+0x7) [0x2b5fdbf0d547]
  /opt/cluster/programs/g16-c.01/g16/cubegen() [0x40fe24]
  /lib64/libc.so.6(__libc_start_main+0xf5) [0x2b5fdbef9445]
/var/spool/slurm//job7311697/slurm_script: line 60: 154420 Aborted                 $g16root/g16/cubegen 0 Potential $FCKFILE $ESPFILE -2 h
cp: cannot stat ‘gaussian_179_water_hf_adz_dens.cube’: No such file or directory
cp: cannot stat ‘gaussian_179_water_hf_adz_esp.cube’: No such file or directory
