node105.cluster
Error: segmentation violation
   rax 0000000000000000, rbx ffffffffffffffff, rcx ffffffffffffffff
   rdx 000000000002b086, rsp 00007ffe8df7cb58, rbp 00007ffe8df7d0d0
   rsi 000000000000000b, rdi 000000000002b086, r8  0000000000000020
   r9  0000000000000401, r10 00007ffe8df7c5e0, r11 0000000000000202
   r12 00007ffe8df7d118, r13 0000000000000000, r14 0000000000000000
   r15 00000000000003e6
  /lib64/libpthread.so.0(+0xf6d0) [0x2b98782636d0]
  /lib64/libc.so.6(kill+0x7) [0x2b98787a8547]
  /opt/cluster/programs/g16-c.01/g16/l1.exe() [0x4b8975]
  /opt/cluster/programs/g16-c.01/g16/l1.exe() [0x4f867a]
  /opt/cluster/programs/g16-c.01/g16/l1.exe() [0x4d56ab]
  /opt/cluster/programs/g16-c.01/g16/l1.exe() [0x41d5c6]
  /opt/cluster/programs/g16-c.01/g16/l1.exe() [0x410c4c]
  /opt/cluster/programs/g16-c.01/g16/l1.exe() [0x40d185]
  /opt/cluster/programs/g16-c.01/g16/l1.exe() [0x40cbd7]
  /opt/cluster/programs/g16-c.01/g16/l1.exe() [0x40cb24]
  /lib64/libc.so.6(__libc_start_main+0xf5) [0x2b9878794445]
  /opt/cluster/programs/g16-c.01/g16/l1.exe() [0x407269]
 Read checkpoint file gaussian_13_water_hf_adz2.chk type Unk
 Write formatted file gaussian_13_water_hf_adz2.fchk
 Will use up to     0 threads.
 Top CubeGen          Mon Feb 20 10:09:05 2023
 Aft UFChkP           Mon Feb 20 10:09:05 2023        0.07 cpu,        0.08 elapsed
 Could not find " ","Total SCF Density" on formatted checkpoint file.
 Error termination via Lnk1e at Mon Feb 20 10:09:05 2023.
Error: segmentation violation
   rax 0000000000000000, rbx 00000000058b0be0, rcx ffffffffffffffff
   rdx 000000000002b0d6, rsp 00007ffdf73e44f8, rbp 00007ffdf73e4550
   rsi 000000000000000b, rdi 000000000002b0d6, r8  00002acb20f4eac0
   r9  00002acb20f4eac0, r10 00007ffdf73e3f60, r11 0000000000000202
   r12 00000000058aeb0b, r13 000000000697d288, r14 00000000058aeec0
   r15 00007ffdf73e6790
  /lib64/libpthread.so.0(+0xf6d0) [0x2acb214486d0]
  /lib64/libc.so.6(kill+0x7) [0x2acb2198d547]
  /opt/cluster/programs/g16-c.01/g16/cubegen() [0x40fe24]
  /lib64/libc.so.6(__libc_start_main+0xf5) [0x2acb21979445]
/var/spool/slurm//job7311711/slurm_script: line 57: 176342 Aborted                 $g16root/g16/cubegen 0 Density $FCKFILE $DNSFILE -2 h
 Will use up to     0 threads.
 Top CubeGen          Mon Feb 20 10:09:05 2023
 Aft UFChkP           Mon Feb 20 10:09:05 2023        0.06 cpu,        0.07 elapsed
 Could not find " ","Total SCF Density" on formatted checkpoint file.
 Error termination via Lnk1e at Mon Feb 20 10:09:05 2023.
Error: segmentation violation
   rax 0000000000000000, rbx 00000000058b0be0, rcx ffffffffffffffff
   rdx 000000000002b10a, rsp 00007ffff291c978, rbp 00007ffff291c9d0
   rsi 000000000000000b, rdi 000000000002b10a, r8  00002b92754deac0
   r9  00002b92754deac0, r10 00007ffff291c3e0, r11 0000000000000206
   r12 00000000058aeb0b, r13 000000000697d288, r14 00000000058aeec0
   r15 00007ffff291ec10
  /lib64/libpthread.so.0(+0xf6d0) [0x2b92759d86d0]
  /lib64/libc.so.6(kill+0x7) [0x2b9275f1d547]
  /opt/cluster/programs/g16-c.01/g16/cubegen() [0x40fe24]
  /lib64/libc.so.6(__libc_start_main+0xf5) [0x2b9275f09445]
/var/spool/slurm//job7311711/slurm_script: line 60: 176394 Aborted                 $g16root/g16/cubegen 0 Potential $FCKFILE $ESPFILE -2 h
cp: cannot stat ‘gaussian_13_water_hf_adz2_dens.cube’: No such file or directory
cp: cannot stat ‘gaussian_13_water_hf_adz2_esp.cube’: No such file or directory
