node102.cluster
Error: segmentation violation
   rax 0000000000000000, rbx ffffffffffffffff, rcx ffffffffffffffff
   rdx 000000000002ddb5, rsp 00007ffc884f9c98, rbp 00007ffc884fa210
   rsi 000000000000000b, rdi 000000000002ddb5, r8  0000000000000020
   r9  0000000000000401, r10 00007ffc884f9720, r11 0000000000000202
   r12 00007ffc884fa258, r13 0000000000000000, r14 0000000000000000
   r15 00000000000003e6
  /lib64/libpthread.so.0(+0xf6d0) [0x2afa374886d0]
  /lib64/libc.so.6(kill+0x7) [0x2afa379cd547]
  /opt/cluster/programs/g16-c.01/g16/l1.exe() [0x4b8975]
  /opt/cluster/programs/g16-c.01/g16/l1.exe() [0x4f867a]
  /opt/cluster/programs/g16-c.01/g16/l1.exe() [0x4d56ab]
  /opt/cluster/programs/g16-c.01/g16/l1.exe() [0x41d5c6]
  /opt/cluster/programs/g16-c.01/g16/l1.exe() [0x410c4c]
  /opt/cluster/programs/g16-c.01/g16/l1.exe() [0x40d185]
  /opt/cluster/programs/g16-c.01/g16/l1.exe() [0x40cbd7]
  /opt/cluster/programs/g16-c.01/g16/l1.exe() [0x40cb24]
  /lib64/libc.so.6(__libc_start_main+0xf5) [0x2afa379b9445]
  /opt/cluster/programs/g16-c.01/g16/l1.exe() [0x407269]
 Read checkpoint file gaussian_61_water_hf_adz.chk type Unk
 Write formatted file gaussian_61_water_hf_adz.fchk
 Will use up to     0 threads.
 Top CubeGen          Mon Feb 20 10:06:28 2023
 Aft UFChkP           Mon Feb 20 10:06:28 2023        0.07 cpu,        0.07 elapsed
 Could not find " ","Total SCF Density" on formatted checkpoint file.
 Error termination via Lnk1e at Mon Feb 20 10:06:28 2023.
Error: segmentation violation
   rax 0000000000000000, rbx 00000000058b0be0, rcx ffffffffffffffff
   rdx 000000000002ddc7, rsp 00007ffda5c501b8, rbp 00007ffda5c50210
   rsi 000000000000000b, rdi 000000000002ddc7, r8  00002b4421579ac0
   r9  00002b4421579ac0, r10 00007ffda5c4fc20, r11 0000000000000206
   r12 00000000058aeb0b, r13 000000000697d288, r14 00000000058aeec0
   r15 00007ffda5c52450
  /lib64/libpthread.so.0(+0xf6d0) [0x2b4421a736d0]
  /lib64/libc.so.6(kill+0x7) [0x2b4421fb8547]
  /opt/cluster/programs/g16-c.01/g16/cubegen() [0x40fe24]
  /lib64/libc.so.6(__libc_start_main+0xf5) [0x2b4421fa4445]
/var/spool/slurm//job7311579/slurm_script: line 57: 187847 Aborted                 $g16root/g16/cubegen 0 Density $FCKFILE $DNSFILE -2 h
 Will use up to     0 threads.
 Top CubeGen          Mon Feb 20 10:06:29 2023
 Aft UFChkP           Mon Feb 20 10:06:29 2023        0.07 cpu,        0.07 elapsed
 Could not find " ","Total SCF Density" on formatted checkpoint file.
 Error termination via Lnk1e at Mon Feb 20 10:06:29 2023.
Error: segmentation violation
   rax 0000000000000000, rbx 00000000058b0be0, rcx ffffffffffffffff
   rdx 000000000002ddd3, rsp 00007ffd153f0e18, rbp 00007ffd153f0e70
   rsi 000000000000000b, rdi 000000000002ddd3, r8  00002ab04b796ac0
   r9  00002ab04b796ac0, r10 00007ffd153f08a0, r11 0000000000000206
   r12 00000000058aeb0b, r13 000000000697d288, r14 00000000058aeec0
   r15 00007ffd153f30b0
  /lib64/libpthread.so.0(+0xf6d0) [0x2ab04bc906d0]
  /lib64/libc.so.6(kill+0x7) [0x2ab04c1d5547]
  /opt/cluster/programs/g16-c.01/g16/cubegen() [0x40fe24]
  /lib64/libc.so.6(__libc_start_main+0xf5) [0x2ab04c1c1445]
/var/spool/slurm//job7311579/slurm_script: line 60: 187859 Aborted                 $g16root/g16/cubegen 0 Potential $FCKFILE $ESPFILE -2 h
cp: cannot stat ‘gaussian_61_water_hf_adz_dens.cube’: No such file or directory
cp: cannot stat ‘gaussian_61_water_hf_adz_esp.cube’: No such file or directory
