node102.cluster
Error: segmentation violation
   rax 0000000000000000, rbx ffffffffffffffff, rcx ffffffffffffffff
   rdx 000000000002dc3b, rsp 00007ffd3bb13008, rbp 00007ffd3bb13580
   rsi 000000000000000b, rdi 000000000002dc3b, r8  0000000000000020
   r9  0000000000000401, r10 00007ffd3bb12a60, r11 0000000000000202
   r12 00007ffd3bb135c8, r13 0000000000000000, r14 0000000000000000
   r15 00000000000003e6
  /lib64/libpthread.so.0(+0xf6d0) [0x2b52471396d0]
  /lib64/libc.so.6(kill+0x7) [0x2b524767e547]
  /opt/cluster/programs/g16-c.01/g16/l1.exe() [0x4b8975]
  /opt/cluster/programs/g16-c.01/g16/l1.exe() [0x4f867a]
  /opt/cluster/programs/g16-c.01/g16/l1.exe() [0x4d56ab]
  /opt/cluster/programs/g16-c.01/g16/l1.exe() [0x41d5c6]
  /opt/cluster/programs/g16-c.01/g16/l1.exe() [0x410c4c]
  /opt/cluster/programs/g16-c.01/g16/l1.exe() [0x40d185]
  /opt/cluster/programs/g16-c.01/g16/l1.exe() [0x40cbd7]
  /opt/cluster/programs/g16-c.01/g16/l1.exe() [0x40cb24]
  /lib64/libc.so.6(__libc_start_main+0xf5) [0x2b524766a445]
  /opt/cluster/programs/g16-c.01/g16/l1.exe() [0x407269]
 Read checkpoint file gaussian_21_water_hf_adz.chk type Unk
 Write formatted file gaussian_21_water_hf_adz.fchk
 Will use up to     0 threads.
 Top CubeGen          Mon Feb 20 10:05:47 2023
 Aft UFChkP           Mon Feb 20 10:05:47 2023        0.06 cpu,        0.07 elapsed
 Could not find " ","Total SCF Density" on formatted checkpoint file.
 Error termination via Lnk1e at Mon Feb 20 10:05:47 2023.
Error: segmentation violation
   rax 0000000000000000, rbx 00000000058b0be0, rcx ffffffffffffffff
   rdx 000000000002dc4d, rsp 00007ffe73c9f378, rbp 00007ffe73c9f3d0
   rsi 000000000000000b, rdi 000000000002dc4d, r8  00002b67a2c30ac0
   r9  00002b67a2c30ac0, r10 00007ffe73c9ede0, r11 0000000000000206
   r12 00000000058aeb0b, r13 000000000697d288, r14 00000000058aeec0
   r15 00007ffe73ca1610
  /lib64/libpthread.so.0(+0xf6d0) [0x2b67a312a6d0]
  /lib64/libc.so.6(kill+0x7) [0x2b67a366f547]
  /opt/cluster/programs/g16-c.01/g16/cubegen() [0x40fe24]
  /lib64/libc.so.6(__libc_start_main+0xf5) [0x2b67a365b445]
/var/spool/slurm//job7311539/slurm_script: line 57: 187469 Aborted                 $g16root/g16/cubegen 0 Density $FCKFILE $DNSFILE -2 h
 Will use up to     0 threads.
 Top CubeGen          Mon Feb 20 10:05:47 2023
 Aft UFChkP           Mon Feb 20 10:05:48 2023        0.06 cpu,        0.07 elapsed
 Could not find " ","Total SCF Density" on formatted checkpoint file.
 Error termination via Lnk1e at Mon Feb 20 10:05:48 2023.
Error: segmentation violation
   rax 0000000000000000, rbx 00000000058b0be0, rcx ffffffffffffffff
   rdx 000000000002dc59, rsp 00007fff682f6de8, rbp 00007fff682f6e40
   rsi 000000000000000b, rdi 000000000002dc59, r8  00002b4930e4eac0
   r9  00002b4930e4eac0, r10 00007fff682f6860, r11 0000000000000206
   r12 00000000058aeb0b, r13 000000000697d288, r14 00000000058aeec0
   r15 00007fff682f9080
  /lib64/libpthread.so.0(+0xf6d0) [0x2b49313486d0]
  /lib64/libc.so.6(kill+0x7) [0x2b493188d547]
  /opt/cluster/programs/g16-c.01/g16/cubegen() [0x40fe24]
  /lib64/libc.so.6(__libc_start_main+0xf5) [0x2b4931879445]
/var/spool/slurm//job7311539/slurm_script: line 60: 187481 Aborted                 $g16root/g16/cubegen 0 Potential $FCKFILE $ESPFILE -2 h
cp: cannot stat ‘gaussian_21_water_hf_adz_dens.cube’: No such file or directory
cp: cannot stat ‘gaussian_21_water_hf_adz_esp.cube’: No such file or directory
