node105.cluster
Error: segmentation violation
   rax 0000000000000000, rbx ffffffffffffffff, rcx ffffffffffffffff
   rdx 000000000002a18b, rsp 00007ffce81c8f78, rbp 00007ffce81c94f0
   rsi 000000000000000b, rdi 000000000002a18b, r8  0000000000000020
   r9  0000000000000401, r10 00007ffce81c89e0, r11 0000000000000206
   r12 00007ffce81c9538, r13 0000000000000000, r14 0000000000000000
   r15 00000000000003e6
  /lib64/libpthread.so.0(+0xf6d0) [0x2ba18b07a6d0]
  /lib64/libc.so.6(kill+0x7) [0x2ba18b5bf547]
  /opt/cluster/programs/g16-c.01/g16/l1.exe() [0x4b8975]
  /opt/cluster/programs/g16-c.01/g16/l1.exe() [0x4f867a]
  /opt/cluster/programs/g16-c.01/g16/l1.exe() [0x4d56ab]
  /opt/cluster/programs/g16-c.01/g16/l1.exe() [0x41d5c6]
  /opt/cluster/programs/g16-c.01/g16/l1.exe() [0x410c4c]
  /opt/cluster/programs/g16-c.01/g16/l1.exe() [0x40d185]
  /opt/cluster/programs/g16-c.01/g16/l1.exe() [0x40cbd7]
  /opt/cluster/programs/g16-c.01/g16/l1.exe() [0x40cb24]
  /lib64/libc.so.6(__libc_start_main+0xf5) [0x2ba18b5ab445]
  /opt/cluster/programs/g16-c.01/g16/l1.exe() [0x407269]
 Read checkpoint file gaussian_45_water_hf_adz.chk type Unk
 Write formatted file gaussian_45_water_hf_adz.fchk
 Will use up to     0 threads.
 Top CubeGen          Mon Feb 20 10:06:08 2023
 Aft UFChkP           Mon Feb 20 10:06:08 2023        0.07 cpu,        0.07 elapsed
 Could not find " ","Total SCF Density" on formatted checkpoint file.
 Error termination via Lnk1e at Mon Feb 20 10:06:08 2023.
Error: segmentation violation
   rax 0000000000000000, rbx 00000000058b0be0, rcx ffffffffffffffff
   rdx 000000000002a1bb, rsp 00007ffdc773cb28, rbp 00007ffdc773cb80
   rsi 000000000000000b, rdi 000000000002a1bb, r8  00002b99c5b4aac0
   r9  00002b99c5b4aac0, r10 00007ffdc773c5a0, r11 0000000000000206
   r12 00000000058aeb0b, r13 000000000697d288, r14 00000000058aeec0
   r15 00007ffdc773edc0
  /lib64/libpthread.so.0(+0xf6d0) [0x2b99c60446d0]
  /lib64/libc.so.6(kill+0x7) [0x2b99c6589547]
  /opt/cluster/programs/g16-c.01/g16/cubegen() [0x40fe24]
  /lib64/libc.so.6(__libc_start_main+0xf5) [0x2b99c6575445]
/var/spool/slurm//job7311563/slurm_script: line 57: 172475 Aborted                 $g16root/g16/cubegen 0 Density $FCKFILE $DNSFILE -2 h
 Will use up to     0 threads.
 Top CubeGen          Mon Feb 20 10:06:08 2023
 Aft UFChkP           Mon Feb 20 10:06:08 2023        0.06 cpu,        0.07 elapsed
 Could not find " ","Total SCF Density" on formatted checkpoint file.
 Error termination via Lnk1e at Mon Feb 20 10:06:08 2023.
Error: segmentation violation
   rax 0000000000000000, rbx 00000000058b0be0, rcx ffffffffffffffff
   rdx 000000000002a1de, rsp 00007ffdd26ddb28, rbp 00007ffdd26ddb80
   rsi 000000000000000b, rdi 000000000002a1de, r8  00002ae3f94baac0
   r9  00002ae3f94baac0, r10 00007ffdd26dd5a0, r11 0000000000000206
   r12 00000000058aeb0b, r13 000000000697d288, r14 00000000058aeec0
   r15 00007ffdd26dfdc0
  /lib64/libpthread.so.0(+0xf6d0) [0x2ae3f99b46d0]
  /lib64/libc.so.6(kill+0x7) [0x2ae3f9ef9547]
  /opt/cluster/programs/g16-c.01/g16/cubegen() [0x40fe24]
  /lib64/libc.so.6(__libc_start_main+0xf5) [0x2ae3f9ee5445]
/var/spool/slurm//job7311563/slurm_script: line 60: 172510 Aborted                 $g16root/g16/cubegen 0 Potential $FCKFILE $ESPFILE -2 h
cp: cannot stat ‘gaussian_45_water_hf_adz_dens.cube’: No such file or directory
cp: cannot stat ‘gaussian_45_water_hf_adz_esp.cube’: No such file or directory
