node106.cluster
Error: segmentation violation
   rax 0000000000000000, rbx ffffffffffffffff, rcx ffffffffffffffff
   rdx 0000000000025351, rsp 00007ffd8fa29128, rbp 00007ffd8fa296a0
   rsi 000000000000000b, rdi 0000000000025351, r8  0000000000000020
   r9  0000000000000401, r10 00007ffd8fa28ba0, r11 0000000000000206
   r12 00007ffd8fa296e8, r13 0000000000000000, r14 0000000000000000
   r15 00000000000003e6
  /lib64/libpthread.so.0(+0xf6d0) [0x2b5301aac6d0]
  /lib64/libc.so.6(kill+0x7) [0x2b5301ff1547]
  /opt/cluster/programs/g16-c.01/g16/l1.exe() [0x4b8975]
  /opt/cluster/programs/g16-c.01/g16/l1.exe() [0x4f867a]
  /opt/cluster/programs/g16-c.01/g16/l1.exe() [0x4d56ab]
  /opt/cluster/programs/g16-c.01/g16/l1.exe() [0x41d5c6]
  /opt/cluster/programs/g16-c.01/g16/l1.exe() [0x410c4c]
  /opt/cluster/programs/g16-c.01/g16/l1.exe() [0x40d185]
  /opt/cluster/programs/g16-c.01/g16/l1.exe() [0x40cbd7]
  /opt/cluster/programs/g16-c.01/g16/l1.exe() [0x40cb24]
  /lib64/libc.so.6(__libc_start_main+0xf5) [0x2b5301fdd445]
  /opt/cluster/programs/g16-c.01/g16/l1.exe() [0x407269]
 Read checkpoint file gaussian_99_water_hf_adz.chk type Unk
 Write formatted file gaussian_99_water_hf_adz.fchk
 Will use up to     0 threads.
 Top CubeGen          Mon Feb 20 10:06:59 2023
 Aft UFChkP           Mon Feb 20 10:06:59 2023        0.06 cpu,        0.07 elapsed
 Could not find " ","Total SCF Density" on formatted checkpoint file.
 Error termination via Lnk1e at Mon Feb 20 10:06:59 2023.
Error: segmentation violation
   rax 0000000000000000, rbx 00000000058b0be0, rcx ffffffffffffffff
   rdx 0000000000025391, rsp 00007ffcb3c90468, rbp 00007ffcb3c904c0
   rsi 000000000000000b, rdi 0000000000025391, r8  00002b2136431ac0
   r9  00002b2136431ac0, r10 00007ffcb3c8fee0, r11 0000000000000202
   r12 00000000058aeb0b, r13 000000000697d288, r14 00000000058aeec0
   r15 00007ffcb3c92700
  /lib64/libpthread.so.0(+0xf6d0) [0x2b213692b6d0]
  /lib64/libc.so.6(kill+0x7) [0x2b2136e70547]
  /opt/cluster/programs/g16-c.01/g16/cubegen() [0x40fe24]
  /lib64/libc.so.6(__libc_start_main+0xf5) [0x2b2136e5c445]
/var/spool/slurm//job7311617/slurm_script: line 57: 152465 Aborted                 $g16root/g16/cubegen 0 Density $FCKFILE $DNSFILE -2 h
 Will use up to     0 threads.
 Top CubeGen          Mon Feb 20 10:06:59 2023
 Aft UFChkP           Mon Feb 20 10:06:59 2023        0.07 cpu,        0.07 elapsed
 Could not find " ","Total SCF Density" on formatted checkpoint file.
 Error termination via Lnk1e at Mon Feb 20 10:06:59 2023.
Error: segmentation violation
   rax 0000000000000000, rbx 00000000058b0be0, rcx ffffffffffffffff
   rdx 00000000000253c1, rsp 00007ffef6854eb8, rbp 00007ffef6854f10
   rsi 000000000000000b, rdi 00000000000253c1, r8  00002b9aba7bcac0
   r9  00002b9aba7bcac0, r10 00007ffef6854920, r11 0000000000000206
   r12 00000000058aeb0b, r13 000000000697d288, r14 00000000058aeec0
   r15 00007ffef6857150
  /lib64/libpthread.so.0(+0xf6d0) [0x2b9abacb66d0]
  /lib64/libc.so.6(kill+0x7) [0x2b9abb1fb547]
  /opt/cluster/programs/g16-c.01/g16/cubegen() [0x40fe24]
  /lib64/libc.so.6(__libc_start_main+0xf5) [0x2b9abb1e7445]
/var/spool/slurm//job7311617/slurm_script: line 60: 152513 Aborted                 $g16root/g16/cubegen 0 Potential $FCKFILE $ESPFILE -2 h
cp: cannot stat ‘gaussian_99_water_hf_adz_dens.cube’: No such file or directory
cp: cannot stat ‘gaussian_99_water_hf_adz_esp.cube’: No such file or directory
