node106.cluster
Error: segmentation violation
   rax 0000000000000000, rbx ffffffffffffffff, rcx ffffffffffffffff
   rdx 000000000002554c, rsp 00007fffad0f84d8, rbp 00007fffad0f8a50
   rsi 000000000000000b, rdi 000000000002554c, r8  0000000000000020
   r9  0000000000000401, r10 00007fffad0f7f60, r11 0000000000000206
   r12 00007fffad0f8a98, r13 0000000000000000, r14 0000000000000000
   r15 00000000000003e6
  /lib64/libpthread.so.0(+0xf6d0) [0x2ae3050ae6d0]
  /lib64/libc.so.6(kill+0x7) [0x2ae3055f3547]
  /opt/cluster/programs/g16-c.01/g16/l1.exe() [0x4b8975]
  /opt/cluster/programs/g16-c.01/g16/l1.exe() [0x4f867a]
  /opt/cluster/programs/g16-c.01/g16/l1.exe() [0x4d56ab]
  /opt/cluster/programs/g16-c.01/g16/l1.exe() [0x41d5c6]
  /opt/cluster/programs/g16-c.01/g16/l1.exe() [0x410c4c]
  /opt/cluster/programs/g16-c.01/g16/l1.exe() [0x40d185]
  /opt/cluster/programs/g16-c.01/g16/l1.exe() [0x40cbd7]
  /opt/cluster/programs/g16-c.01/g16/l1.exe() [0x40cb24]
  /lib64/libc.so.6(__libc_start_main+0xf5) [0x2ae3055df445]
  /opt/cluster/programs/g16-c.01/g16/l1.exe() [0x407269]
 Read checkpoint file gaussian_120_water_hf_adz.chk type Unk
 Write formatted file gaussian_120_water_hf_adz.fchk
 Will use up to     0 threads.
 Top CubeGen          Mon Feb 20 10:07:19 2023
 Aft UFChkP           Mon Feb 20 10:07:19 2023        0.06 cpu,        0.07 elapsed
 Could not find " ","Total SCF Density" on formatted checkpoint file.
 Error termination via Lnk1e at Mon Feb 20 10:07:19 2023.
Error: segmentation violation
   rax 0000000000000000, rbx 00000000058b0be0, rcx ffffffffffffffff
   rdx 0000000000025589, rsp 00007ffed26e90e8, rbp 00007ffed26e9140
   rsi 000000000000000b, rdi 0000000000025589, r8  00002b7466b27ac0
   r9  00002b7466b27ac0, r10 00007ffed26e8b60, r11 0000000000000206
   r12 00000000058aeb0b, r13 000000000697d288, r14 00000000058aeec0
   r15 00007ffed26eb380
  /lib64/libpthread.so.0(+0xf6d0) [0x2b74670216d0]
  /lib64/libc.so.6(kill+0x7) [0x2b7467566547]
  /opt/cluster/programs/g16-c.01/g16/cubegen() [0x40fe24]
  /lib64/libc.so.6(__libc_start_main+0xf5) [0x2b7467552445]
/var/spool/slurm//job7311638/slurm_script: line 57: 152969 Aborted                 $g16root/g16/cubegen 0 Density $FCKFILE $DNSFILE -2 h
 Will use up to     0 threads.
 Top CubeGen          Mon Feb 20 10:07:19 2023
 Aft UFChkP           Mon Feb 20 10:07:19 2023        0.07 cpu,        0.07 elapsed
 Could not find " ","Total SCF Density" on formatted checkpoint file.
 Error termination via Lnk1e at Mon Feb 20 10:07:19 2023.
Error: segmentation violation
   rax 0000000000000000, rbx 00000000058b0be0, rcx ffffffffffffffff
   rdx 00000000000255b9, rsp 00007fffe55ce3f8, rbp 00007fffe55ce450
   rsi 000000000000000b, rdi 00000000000255b9, r8  00002b2739fa3ac0
   r9  00002b2739fa3ac0, r10 00007fffe55cde60, r11 0000000000000202
   r12 00000000058aeb0b, r13 000000000697d288, r14 00000000058aeec0
   r15 00007fffe55d0690
  /lib64/libpthread.so.0(+0xf6d0) [0x2b273a49d6d0]
  /lib64/libc.so.6(kill+0x7) [0x2b273a9e2547]
  /opt/cluster/programs/g16-c.01/g16/cubegen() [0x40fe24]
  /lib64/libc.so.6(__libc_start_main+0xf5) [0x2b273a9ce445]
/var/spool/slurm//job7311638/slurm_script: line 60: 153017 Aborted                 $g16root/g16/cubegen 0 Potential $FCKFILE $ESPFILE -2 h
cp: cannot stat ‘gaussian_120_water_hf_adz_dens.cube’: No such file or directory
cp: cannot stat ‘gaussian_120_water_hf_adz_esp.cube’: No such file or directory
