slurmstepd: error: task/cgroup: unable to add task[pid=22176] to memory cg '(null)'
slurmstepd: error: xcgroup_instantiate: unable to create cgroup '/sys/fs/cgroup/memory/slurm/uid_2073/job_7425795' : No space left on device
slurmstepd: error: jobacct_gather/cgroup: unable to instanciate job 7425795 memory cgroup
node81.cluster
 Read checkpoint file gaussian_49_water_pbe0_adz.chk type G16
 Write formatted file gaussian_49_water_pbe0_adz.fchk
 FChkPn:  Coordinates translated and rotated.
 FChkPn:  Coordinates match /B/ after translation and rotation.
 Will use up to     0 threads.
 Top CubeGen          Mon Mar 20 17:58:29 2023
 Aft UFChkP           Mon Mar 20 17:58:29 2023        0.14 cpu,        0.14 elapsed
 Aft DecCub           Mon Mar 20 17:58:29 2023        0.01 cpu,        0.01 elapsed
 Aft Density          Mon Mar 20 17:58:29 2023        0.00 cpu,        0.00 elapsed
 Bef DoCube           Mon Mar 20 17:58:29 2023        0.00 cpu,        0.00 elapsed
 There are a total of       29791 grid points.
 ElSum from          density=        8.1612814448
 Aft DoCube           Mon Mar 20 17:58:30 2023        0.08 cpu,        0.08 elapsed
 Will use up to     0 threads.
 Top CubeGen          Mon Mar 20 17:58:30 2023
 Aft UFChkP           Mon Mar 20 17:58:30 2023        0.14 cpu,        0.14 elapsed
 Aft DecCub           Mon Mar 20 17:58:30 2023        0.00 cpu,        0.00 elapsed
 Aft Density          Mon Mar 20 17:58:30 2023        0.00 cpu,        0.00 elapsed
 Bef DoCube           Mon Mar 20 17:58:30 2023        0.00 cpu,        0.00 elapsed
 There are a total of       29791 grid points.
 ElSum from          density=       13.6086683300
 Aft DoCube           Mon Mar 20 17:58:30 2023        0.46 cpu,        0.46 elapsed
