node71.cluster
 Read checkpoint file gaussian_115_water_ccsdt_adz.chk type G16
 Write formatted file gaussian_115_water_ccsdt_adz.fchk
 FChkPn:  Coordinates translated and rotated.
 FChkPn:  Coordinates match /B/ after translation and rotation.
 Will use up to     0 threads.
 Top CubeGen          Wed Feb  8 14:50:00 2023
 Aft UFChkP           Wed Feb  8 14:50:00 2023        0.10 cpu,        0.11 elapsed
 Aft DecCub           Wed Feb  8 14:50:00 2023        0.01 cpu,        0.01 elapsed
 Aft Density          Wed Feb  8 14:50:00 2023        0.00 cpu,        0.00 elapsed
 Bef DoCube           Wed Feb  8 14:50:00 2023        0.00 cpu,        0.00 elapsed
 There are a total of       29791 grid points.
 ElSum from          density=        8.1571594660
 Aft DoCube           Wed Feb  8 14:50:00 2023        0.06 cpu,        0.06 elapsed
 Will use up to     0 threads.
 Top CubeGen          Wed Feb  8 14:50:00 2023
 Aft UFChkP           Wed Feb  8 14:50:00 2023        0.11 cpu,        0.11 elapsed
 Aft DecCub           Wed Feb  8 14:50:00 2023        0.00 cpu,        0.00 elapsed
 Aft Density          Wed Feb  8 14:50:00 2023        0.00 cpu,        0.00 elapsed
 Bef DoCube           Wed Feb  8 14:50:00 2023        0.00 cpu,        0.00 elapsed
 There are a total of       29791 grid points.
 ElSum from          density=       13.6106485255
 Aft DoCube           Wed Feb  8 14:50:01 2023        0.35 cpu,        0.35 elapsed
