node89.cluster
 Read checkpoint file gaussian_152_water_pbe0_adz.chk type G16
 Write formatted file gaussian_152_water_pbe0_adz.fchk
 FChkPn:  Coordinates translated and rotated.
 FChkPn:  Coordinates match /B/ after translation and rotation.
 Will use up to     0 threads.
 Top CubeGen          Wed Mar 29 21:53:34 2023
 Aft UFChkP           Wed Mar 29 21:53:34 2023        0.14 cpu,        0.14 elapsed
 Aft DecCub           Wed Mar 29 21:53:34 2023        0.01 cpu,        0.01 elapsed
 Aft Density          Wed Mar 29 21:53:34 2023        0.00 cpu,        0.00 elapsed
 Bef DoCube           Wed Mar 29 21:53:34 2023        0.00 cpu,        0.00 elapsed
 There are a total of       29791 grid points.
 ElSum from          density=        8.1599442865
 Aft DoCube           Wed Mar 29 21:53:34 2023        0.09 cpu,        0.08 elapsed
 Will use up to     0 threads.
 Top CubeGen          Wed Mar 29 21:53:34 2023
 Aft UFChkP           Wed Mar 29 21:53:34 2023        0.14 cpu,        0.15 elapsed
 Aft DecCub           Wed Mar 29 21:53:34 2023        0.00 cpu,        0.00 elapsed
 Aft Density          Wed Mar 29 21:53:34 2023        0.00 cpu,        0.00 elapsed
 Bef DoCube           Wed Mar 29 21:53:34 2023        0.00 cpu,        0.00 elapsed
 There are a total of       29791 grid points.
 ElSum from          density=       13.6073734926
 Aft DoCube           Wed Mar 29 21:53:35 2023        0.47 cpu,        0.47 elapsed
