node105.cluster
Error: segmentation violation
   rax 0000000000000000, rbx ffffffffffffffff, rcx ffffffffffffffff
   rdx 000000000002a3aa, rsp 00007ffc47b23c28, rbp 00007ffc47b241a0
   rsi 000000000000000b, rdi 000000000002a3aa, r8  0000000000000020
   r9  0000000000000401, r10 00007ffc47b236a0, r11 0000000000000206
   r12 00007ffc47b241e8, r13 0000000000000000, r14 0000000000000000
   r15 00000000000003e6
  /lib64/libpthread.so.0(+0xf6d0) [0x2af876c6a6d0]
  /lib64/libc.so.6(kill+0x7) [0x2af8771af547]
  /opt/cluster/programs/g16-c.01/g16/l1.exe() [0x4b8975]
  /opt/cluster/programs/g16-c.01/g16/l1.exe() [0x4f867a]
  /opt/cluster/programs/g16-c.01/g16/l1.exe() [0x4d56ab]
  /opt/cluster/programs/g16-c.01/g16/l1.exe() [0x41d5c6]
  /opt/cluster/programs/g16-c.01/g16/l1.exe() [0x410c4c]
  /opt/cluster/programs/g16-c.01/g16/l1.exe() [0x40d185]
  /opt/cluster/programs/g16-c.01/g16/l1.exe() [0x40cbd7]
  /opt/cluster/programs/g16-c.01/g16/l1.exe() [0x40cb24]
  /lib64/libc.so.6(__libc_start_main+0xf5) [0x2af87719b445]
  /opt/cluster/programs/g16-c.01/g16/l1.exe() [0x407269]
 Read checkpoint file gaussian_64_water_hf_adz.chk type Unk
 Write formatted file gaussian_64_water_hf_adz.fchk
 Will use up to     0 threads.
 Top CubeGen          Mon Feb 20 10:06:28 2023
 Aft UFChkP           Mon Feb 20 10:06:28 2023        0.07 cpu,        0.07 elapsed
 Could not find " ","Total SCF Density" on formatted checkpoint file.
 Error termination via Lnk1e at Mon Feb 20 10:06:28 2023.
Error: segmentation violation
   rax 0000000000000000, rbx 00000000058b0be0, rcx ffffffffffffffff
   rdx 000000000002a404, rsp 00007ffd07b32e18, rbp 00007ffd07b32e70
   rsi 000000000000000b, rdi 000000000002a404, r8  00002b656e523ac0
   r9  00002b656e523ac0, r10 00007ffd07b328a0, r11 0000000000000206
   r12 00000000058aeb0b, r13 000000000697d288, r14 00000000058aeec0
   r15 00007ffd07b350b0
  /lib64/libpthread.so.0(+0xf6d0) [0x2b656ea1d6d0]
  /lib64/libc.so.6(kill+0x7) [0x2b656ef62547]
  /opt/cluster/programs/g16-c.01/g16/cubegen() [0x40fe24]
  /lib64/libc.so.6(__libc_start_main+0xf5) [0x2b656ef4e445]
/var/spool/slurm//job7311582/slurm_script: line 57: 173060 Aborted                 $g16root/g16/cubegen 0 Density $FCKFILE $DNSFILE -2 h
 Will use up to     0 threads.
 Top CubeGen          Mon Feb 20 10:06:29 2023
 Aft UFChkP           Mon Feb 20 10:06:29 2023        0.07 cpu,        0.07 elapsed
 Could not find " ","Total SCF Density" on formatted checkpoint file.
 Error termination via Lnk1e at Mon Feb 20 10:06:29 2023.
Error: segmentation violation
   rax 0000000000000000, rbx 00000000058b0be0, rcx ffffffffffffffff
   rdx 000000000002a430, rsp 00007fffd8a74748, rbp 00007fffd8a747a0
   rsi 000000000000000b, rdi 000000000002a430, r8  00002b5c44335ac0
   r9  00002b5c44335ac0, r10 00007fffd8a741a0, r11 0000000000000206
   r12 00000000058aeb0b, r13 000000000697d288, r14 00000000058aeec0
   r15 00007fffd8a769e0
  /lib64/libpthread.so.0(+0xf6d0) [0x2b5c4482f6d0]
  /lib64/libc.so.6(kill+0x7) [0x2b5c44d74547]
  /opt/cluster/programs/g16-c.01/g16/cubegen() [0x40fe24]
  /lib64/libc.so.6(__libc_start_main+0xf5) [0x2b5c44d60445]
/var/spool/slurm//job7311582/slurm_script: line 60: 173104 Aborted                 $g16root/g16/cubegen 0 Potential $FCKFILE $ESPFILE -2 h
cp: cannot stat ‘gaussian_64_water_hf_adz_dens.cube’: No such file or directory
cp: cannot stat ‘gaussian_64_water_hf_adz_esp.cube’: No such file or directory
