node105.cluster
Error: segmentation violation
   rax 0000000000000000, rbx ffffffffffffffff, rcx ffffffffffffffff
   rdx 000000000002af8c, rsp 00007ffdd1785ab8, rbp 00007ffdd1786030
   rsi 000000000000000b, rdi 000000000002af8c, r8  0000000000000020
   r9  0000000000000401, r10 00007ffdd1785520, r11 0000000000000206
   r12 00007ffdd1786078, r13 0000000000000000, r14 0000000000000000
   r15 00000000000003e6
  /lib64/libpthread.so.0(+0xf6d0) [0x2b2c83b406d0]
  /lib64/libc.so.6(kill+0x7) [0x2b2c84085547]
  /opt/cluster/programs/g16-c.01/g16/l1.exe() [0x4b8975]
  /opt/cluster/programs/g16-c.01/g16/l1.exe() [0x4f867a]
  /opt/cluster/programs/g16-c.01/g16/l1.exe() [0x4d56ab]
  /opt/cluster/programs/g16-c.01/g16/l1.exe() [0x41d5c6]
  /opt/cluster/programs/g16-c.01/g16/l1.exe() [0x410c4c]
  /opt/cluster/programs/g16-c.01/g16/l1.exe() [0x40d185]
  /opt/cluster/programs/g16-c.01/g16/l1.exe() [0x40cbd7]
  /opt/cluster/programs/g16-c.01/g16/l1.exe() [0x40cb24]
  /lib64/libc.so.6(__libc_start_main+0xf5) [0x2b2c84071445]
  /opt/cluster/programs/g16-c.01/g16/l1.exe() [0x407269]
 Read checkpoint file gaussian_3_water_hf_adz2.chk type Unk
 Write formatted file gaussian_3_water_hf_adz2.fchk
 Will use up to     0 threads.
 Top CubeGen          Mon Feb 20 10:08:55 2023
 Aft UFChkP           Mon Feb 20 10:08:55 2023        0.07 cpu,        0.07 elapsed
 Could not find " ","Total SCF Density" on formatted checkpoint file.
 Error termination via Lnk1e at Mon Feb 20 10:08:55 2023.
Error: segmentation violation
   rax 0000000000000000, rbx 00000000058b0be0, rcx ffffffffffffffff
   rdx 000000000002afde, rsp 00007ffd80b94fb8, rbp 00007ffd80b95010
   rsi 000000000000000b, rdi 000000000002afde, r8  00002ade144a0ac0
   r9  00002ade144a0ac0, r10 00007ffd80b94a20, r11 0000000000000206
   r12 00000000058aeb0b, r13 000000000697d288, r14 00000000058aeec0
   r15 00007ffd80b97250
  /lib64/libpthread.so.0(+0xf6d0) [0x2ade1499a6d0]
  /lib64/libc.so.6(kill+0x7) [0x2ade14edf547]
  /opt/cluster/programs/g16-c.01/g16/cubegen() [0x40fe24]
  /lib64/libc.so.6(__libc_start_main+0xf5) [0x2ade14ecb445]
/var/spool/slurm//job7311701/slurm_script: line 57: 176094 Aborted                 $g16root/g16/cubegen 0 Density $FCKFILE $DNSFILE -2 h
 Will use up to     0 threads.
 Top CubeGen          Mon Feb 20 10:08:55 2023
 Aft UFChkP           Mon Feb 20 10:08:55 2023        0.07 cpu,        0.07 elapsed
 Could not find " ","Total SCF Density" on formatted checkpoint file.
 Error termination via Lnk1e at Mon Feb 20 10:08:55 2023.
Error: segmentation violation
   rax 0000000000000000, rbx 00000000058b0be0, rcx ffffffffffffffff
   rdx 000000000002b010, rsp 00007ffc4f8f74c8, rbp 00007ffc4f8f7520
   rsi 000000000000000b, rdi 000000000002b010, r8  00002aec21ef9ac0
   r9  00002aec21ef9ac0, r10 00007ffc4f8f6f20, r11 0000000000000202
   r12 00000000058aeb0b, r13 000000000697d288, r14 00000000058aeec0
   r15 00007ffc4f8f9760
  /lib64/libpthread.so.0(+0xf6d0) [0x2aec223f36d0]
  /lib64/libc.so.6(kill+0x7) [0x2aec22938547]
  /opt/cluster/programs/g16-c.01/g16/cubegen() [0x40fe24]
  /lib64/libc.so.6(__libc_start_main+0xf5) [0x2aec22924445]
/var/spool/slurm//job7311701/slurm_script: line 60: 176144 Aborted                 $g16root/g16/cubegen 0 Potential $FCKFILE $ESPFILE -2 h
cp: cannot stat ‘gaussian_3_water_hf_adz2_dens.cube’: No such file or directory
cp: cannot stat ‘gaussian_3_water_hf_adz2_esp.cube’: No such file or directory
