node105.cluster
Error: segmentation violation
   rax 0000000000000000, rbx ffffffffffffffff, rcx ffffffffffffffff
   rdx 000000000002a3bb, rsp 00007fff7ef2fe68, rbp 00007fff7ef303e0
   rsi 000000000000000b, rdi 000000000002a3bb, r8  0000000000000020
   r9  0000000000000401, r10 00007fff7ef2f8e0, r11 0000000000000202
   r12 00007fff7ef30428, r13 0000000000000000, r14 0000000000000000
   r15 00000000000003e6
  /lib64/libpthread.so.0(+0xf6d0) [0x2ac42d7b76d0]
  /lib64/libc.so.6(kill+0x7) [0x2ac42dcfc547]
  /opt/cluster/programs/g16-c.01/g16/l1.exe() [0x4b8975]
  /opt/cluster/programs/g16-c.01/g16/l1.exe() [0x4f867a]
  /opt/cluster/programs/g16-c.01/g16/l1.exe() [0x4d56ab]
  /opt/cluster/programs/g16-c.01/g16/l1.exe() [0x41d5c6]
  /opt/cluster/programs/g16-c.01/g16/l1.exe() [0x410c4c]
  /opt/cluster/programs/g16-c.01/g16/l1.exe() [0x40d185]
  /opt/cluster/programs/g16-c.01/g16/l1.exe() [0x40cbd7]
  /opt/cluster/programs/g16-c.01/g16/l1.exe() [0x40cb24]
  /lib64/libc.so.6(__libc_start_main+0xf5) [0x2ac42dce8445]
  /opt/cluster/programs/g16-c.01/g16/l1.exe() [0x407269]
 Read checkpoint file gaussian_65_water_hf_adz.chk type Unk
 Write formatted file gaussian_65_water_hf_adz.fchk
 Will use up to     0 threads.
 Top CubeGen          Mon Feb 20 10:06:28 2023
 Aft UFChkP           Mon Feb 20 10:06:28 2023        0.07 cpu,        0.07 elapsed
 Could not find " ","Total SCF Density" on formatted checkpoint file.
 Error termination via Lnk1e at Mon Feb 20 10:06:28 2023.
Error: segmentation violation
   rax 0000000000000000, rbx 00000000058b0be0, rcx ffffffffffffffff
   rdx 000000000002a405, rsp 00007ffefdae3d88, rbp 00007ffefdae3de0
   rsi 000000000000000b, rdi 000000000002a405, r8  00002b8f5279eac0
   r9  00002b8f5279eac0, r10 00007ffefdae37e0, r11 0000000000000206
   r12 00000000058aeb0b, r13 000000000697d288, r14 00000000058aeec0
   r15 00007ffefdae6020
  /lib64/libpthread.so.0(+0xf6d0) [0x2b8f52c986d0]
  /lib64/libc.so.6(kill+0x7) [0x2b8f531dd547]
  /opt/cluster/programs/g16-c.01/g16/cubegen() [0x40fe24]
  /lib64/libc.so.6(__libc_start_main+0xf5) [0x2b8f531c9445]
/var/spool/slurm//job7311583/slurm_script: line 57: 173061 Aborted                 $g16root/g16/cubegen 0 Density $FCKFILE $DNSFILE -2 h
 Will use up to     0 threads.
 Top CubeGen          Mon Feb 20 10:06:29 2023
 Aft UFChkP           Mon Feb 20 10:06:29 2023        0.07 cpu,        0.07 elapsed
 Could not find " ","Total SCF Density" on formatted checkpoint file.
 Error termination via Lnk1e at Mon Feb 20 10:06:29 2023.
Error: segmentation violation
   rax 0000000000000000, rbx 00000000058b0be0, rcx ffffffffffffffff
   rdx 000000000002a433, rsp 00007fff47db2858, rbp 00007fff47db28b0
   rsi 000000000000000b, rdi 000000000002a433, r8  00002acc5b69aac0
   r9  00002acc5b69aac0, r10 00007fff47db22e0, r11 0000000000000202
   r12 00000000058aeb0b, r13 000000000697d288, r14 00000000058aeec0
   r15 00007fff47db4af0
  /lib64/libpthread.so.0(+0xf6d0) [0x2acc5bb946d0]
  /lib64/libc.so.6(kill+0x7) [0x2acc5c0d9547]
  /opt/cluster/programs/g16-c.01/g16/cubegen() [0x40fe24]
  /lib64/libc.so.6(__libc_start_main+0xf5) [0x2acc5c0c5445]
/var/spool/slurm//job7311583/slurm_script: line 60: 173107 Aborted                 $g16root/g16/cubegen 0 Potential $FCKFILE $ESPFILE -2 h
cp: cannot stat ‘gaussian_65_water_hf_adz_dens.cube’: No such file or directory
cp: cannot stat ‘gaussian_65_water_hf_adz_esp.cube’: No such file or directory
