node105.cluster
Error: segmentation violation
   rax 0000000000000000, rbx ffffffffffffffff, rcx ffffffffffffffff
   rdx 000000000002b855, rsp 00007ffc1cb35ae8, rbp 00007ffc1cb36060
   rsi 000000000000000b, rdi 000000000002b855, r8  0000000000000020
   r9  0000000000000401, r10 00007ffc1cb35560, r11 0000000000000206
   r12 00007ffc1cb360a8, r13 0000000000000000, r14 0000000000000000
   r15 00000000000003e6
  /lib64/libpthread.so.0(+0xf6d0) [0x2ba9d9cbd6d0]
  /lib64/libc.so.6(kill+0x7) [0x2ba9da202547]
  /opt/cluster/programs/g16-c.01/g16/l1.exe() [0x4b8975]
  /opt/cluster/programs/g16-c.01/g16/l1.exe() [0x4f867a]
  /opt/cluster/programs/g16-c.01/g16/l1.exe() [0x4d56ab]
  /opt/cluster/programs/g16-c.01/g16/l1.exe() [0x41d5c6]
  /opt/cluster/programs/g16-c.01/g16/l1.exe() [0x410c4c]
  /opt/cluster/programs/g16-c.01/g16/l1.exe() [0x40d185]
  /opt/cluster/programs/g16-c.01/g16/l1.exe() [0x40cbd7]
  /opt/cluster/programs/g16-c.01/g16/l1.exe() [0x40cb24]
  /lib64/libc.so.6(__libc_start_main+0xf5) [0x2ba9da1ee445]
  /opt/cluster/programs/g16-c.01/g16/l1.exe() [0x407269]
 Read checkpoint file gaussian_92_water_hf_adz2.chk type Unk
 Write formatted file gaussian_92_water_hf_adz2.fchk
 Will use up to     0 threads.
 Top CubeGen          Mon Feb 20 10:10:26 2023
 Aft UFChkP           Mon Feb 20 10:10:26 2023        0.07 cpu,        0.07 elapsed
 Could not find " ","Total SCF Density" on formatted checkpoint file.
 Error termination via Lnk1e at Mon Feb 20 10:10:26 2023.
Error: segmentation violation
   rax 0000000000000000, rbx 00000000058b0be0, rcx ffffffffffffffff
   rdx 000000000002b8c2, rsp 00007ffcd026f9a8, rbp 00007ffcd026fa00
   rsi 000000000000000b, rdi 000000000002b8c2, r8  00002b71af6adac0
   r9  00002b71af6adac0, r10 00007ffcd026f420, r11 0000000000000202
   r12 00000000058aeb0b, r13 000000000697d288, r14 00000000058aeec0
   r15 00007ffcd0271c40
  /lib64/libpthread.so.0(+0xf6d0) [0x2b71afba76d0]
  /lib64/libc.so.6(kill+0x7) [0x2b71b00ec547]
  /opt/cluster/programs/g16-c.01/g16/cubegen() [0x40fe24]
  /lib64/libc.so.6(__libc_start_main+0xf5) [0x2b71b00d8445]
/var/spool/slurm//job7311790/slurm_script: line 57: 178370 Aborted                 $g16root/g16/cubegen 0 Density $FCKFILE $DNSFILE -2 h
 Will use up to     0 threads.
 Top CubeGen          Mon Feb 20 10:10:26 2023
 Aft UFChkP           Mon Feb 20 10:10:26 2023        0.07 cpu,        0.07 elapsed
 Could not find " ","Total SCF Density" on formatted checkpoint file.
 Error termination via Lnk1e at Mon Feb 20 10:10:26 2023.
Error: segmentation violation
   rax 0000000000000000, rbx 00000000058b0be0, rcx ffffffffffffffff
   rdx 000000000002b8ee, rsp 00007fff43ec4b18, rbp 00007fff43ec4b70
   rsi 000000000000000b, rdi 000000000002b8ee, r8  00002af0ab9ffac0
   r9  00002af0ab9ffac0, r10 00007fff43ec45a0, r11 0000000000000206
   r12 00000000058aeb0b, r13 000000000697d288, r14 00000000058aeec0
   r15 00007fff43ec6db0
  /lib64/libpthread.so.0(+0xf6d0) [0x2af0abef96d0]
  /lib64/libc.so.6(kill+0x7) [0x2af0ac43e547]
  /opt/cluster/programs/g16-c.01/g16/cubegen() [0x40fe24]
  /lib64/libc.so.6(__libc_start_main+0xf5) [0x2af0ac42a445]
/var/spool/slurm//job7311790/slurm_script: line 60: 178414 Aborted                 $g16root/g16/cubegen 0 Potential $FCKFILE $ESPFILE -2 h
cp: cannot stat ‘gaussian_92_water_hf_adz2_dens.cube’: No such file or directory
cp: cannot stat ‘gaussian_92_water_hf_adz2_esp.cube’: No such file or directory
