node57.cluster
 Read checkpoint file gaussian_161_water_ccsdt_atz.chk type G16
 Write formatted file gaussian_161_water_ccsdt_atz.fchk
 FChkPn:  Coordinates translated and rotated.
 FChkPn:  Coordinates match /B/ after translation and rotation.
 Will use up to     0 threads.
 Top CubeGen          Wed Feb  8 13:58:13 2023
 Aft UFChkP           Wed Feb  8 13:58:13 2023        0.17 cpu,        0.18 elapsed
 Aft DecCub           Wed Feb  8 13:58:13 2023        0.02 cpu,        0.02 elapsed
 Aft Density          Wed Feb  8 13:58:13 2023        0.00 cpu,        0.00 elapsed
 Bef DoCube           Wed Feb  8 13:58:13 2023        0.01 cpu,        0.00 elapsed
 There are a total of       29791 grid points.
 ElSum from          density=        8.1628614043
 Aft DoCube           Wed Feb  8 13:58:13 2023        0.15 cpu,        0.15 elapsed
 Will use up to     0 threads.
 Top CubeGen          Wed Feb  8 13:58:14 2023
 Aft UFChkP           Wed Feb  8 13:58:14 2023        0.17 cpu,        0.18 elapsed
 Aft DecCub           Wed Feb  8 13:58:14 2023        0.00 cpu,        0.01 elapsed
 Aft Density          Wed Feb  8 13:58:14 2023        0.00 cpu,        0.00 elapsed
 Bef DoCube           Wed Feb  8 13:58:14 2023        0.01 cpu,        0.00 elapsed
 There are a total of       29791 grid points.
 ElSum from          density=       13.6155229562
 Aft DoCube           Wed Feb  8 13:58:15 2023        1.10 cpu,        1.10 elapsed
