node57.cluster
 Read checkpoint file gaussian_102_water_ccsdt_adz.chk type G16
 Write formatted file gaussian_102_water_ccsdt_adz.fchk
 FChkPn:  Coordinates translated and rotated.
 FChkPn:  Coordinates match /B/ after translation and rotation.
 Will use up to     0 threads.
 Top CubeGen          Wed Feb  8 14:49:39 2023
 Aft UFChkP           Wed Feb  8 14:49:39 2023        0.15 cpu,        0.16 elapsed
 Aft DecCub           Wed Feb  8 14:49:39 2023        0.01 cpu,        0.01 elapsed
 Aft Density          Wed Feb  8 14:49:39 2023        0.00 cpu,        0.00 elapsed
 Bef DoCube           Wed Feb  8 14:49:39 2023        0.00 cpu,        0.00 elapsed
 There are a total of       29791 grid points.
 ElSum from          density=        8.1608210323
 Aft DoCube           Wed Feb  8 14:49:39 2023        0.08 cpu,        0.07 elapsed
 Will use up to     0 threads.
 Top CubeGen          Wed Feb  8 14:49:39 2023
 Aft UFChkP           Wed Feb  8 14:49:40 2023        0.14 cpu,        0.15 elapsed
 Aft DecCub           Wed Feb  8 14:49:40 2023        0.00 cpu,        0.00 elapsed
 Aft Density          Wed Feb  8 14:49:40 2023        0.00 cpu,        0.00 elapsed
 Bef DoCube           Wed Feb  8 14:49:40 2023        0.00 cpu,        0.00 elapsed
 There are a total of       29791 grid points.
 ElSum from          density=       13.6144266035
 Aft DoCube           Wed Feb  8 14:49:40 2023        0.40 cpu,        0.40 elapsed
