node106.cluster
Error: segmentation violation
   rax 0000000000000000, rbx ffffffffffffffff, rcx ffffffffffffffff
   rdx 00000000000257f3, rsp 00007fff8ee99818, rbp 00007fff8ee99d90
   rsi 000000000000000b, rdi 00000000000257f3, r8  0000000000000020
   r9  0000000000000401, r10 00007fff8ee992a0, r11 0000000000000206
   r12 00007fff8ee99dd8, r13 0000000000000000, r14 0000000000000000
   r15 00000000000003e6
  /lib64/libpthread.so.0(+0xf6d0) [0x2abc2c4d46d0]
  /lib64/libc.so.6(kill+0x7) [0x2abc2ca19547]
  /opt/cluster/programs/g16-c.01/g16/l1.exe() [0x4b8975]
  /opt/cluster/programs/g16-c.01/g16/l1.exe() [0x4f867a]
  /opt/cluster/programs/g16-c.01/g16/l1.exe() [0x4d56ab]
  /opt/cluster/programs/g16-c.01/g16/l1.exe() [0x41d5c6]
  /opt/cluster/programs/g16-c.01/g16/l1.exe() [0x410c4c]
  /opt/cluster/programs/g16-c.01/g16/l1.exe() [0x40d185]
  /opt/cluster/programs/g16-c.01/g16/l1.exe() [0x40cbd7]
  /opt/cluster/programs/g16-c.01/g16/l1.exe() [0x40cb24]
  /lib64/libc.so.6(__libc_start_main+0xf5) [0x2abc2ca05445]
  /opt/cluster/programs/g16-c.01/g16/l1.exe() [0x407269]
 Read checkpoint file gaussian_149_water_hf_adz.chk type Unk
 Write formatted file gaussian_149_water_hf_adz.fchk
 Will use up to     0 threads.
 Top CubeGen          Mon Feb 20 10:07:50 2023
 Aft UFChkP           Mon Feb 20 10:07:50 2023        0.06 cpu,        0.07 elapsed
 Could not find " ","Total SCF Density" on formatted checkpoint file.
 Error termination via Lnk1e at Mon Feb 20 10:07:50 2023.
Error: segmentation violation
   rax 0000000000000000, rbx 00000000058b0be0, rcx ffffffffffffffff
   rdx 000000000002583c, rsp 00007ffd7370f558, rbp 00007ffd7370f5b0
   rsi 000000000000000b, rdi 000000000002583c, r8  00002b3ad22e9ac0
   r9  00002b3ad22e9ac0, r10 00007ffd7370efe0, r11 0000000000000202
   r12 00000000058aeb0b, r13 000000000697d288, r14 00000000058aeec0
   r15 00007ffd737117f0
  /lib64/libpthread.so.0(+0xf6d0) [0x2b3ad27e36d0]
  /lib64/libc.so.6(kill+0x7) [0x2b3ad2d28547]
  /opt/cluster/programs/g16-c.01/g16/cubegen() [0x40fe24]
  /lib64/libc.so.6(__libc_start_main+0xf5) [0x2b3ad2d14445]
/var/spool/slurm//job7311667/slurm_script: line 57: 153660 Aborted                 $g16root/g16/cubegen 0 Density $FCKFILE $DNSFILE -2 h
 Will use up to     0 threads.
 Top CubeGen          Mon Feb 20 10:07:50 2023
 Aft UFChkP           Mon Feb 20 10:07:50 2023        0.07 cpu,        0.08 elapsed
 Could not find " ","Total SCF Density" on formatted checkpoint file.
 Error termination via Lnk1e at Mon Feb 20 10:07:50 2023.
Error: segmentation violation
   rax 0000000000000000, rbx 00000000058b0be0, rcx ffffffffffffffff
   rdx 000000000002586c, rsp 00007fffef6d7ef8, rbp 00007fffef6d7f50
   rsi 000000000000000b, rdi 000000000002586c, r8  00002b7449ca8ac0
   r9  00002b7449ca8ac0, r10 00007fffef6d7960, r11 0000000000000202
   r12 00000000058aeb0b, r13 000000000697d288, r14 00000000058aeec0
   r15 00007fffef6da190
  /lib64/libpthread.so.0(+0xf6d0) [0x2b744a1a26d0]
  /lib64/libc.so.6(kill+0x7) [0x2b744a6e7547]
  /opt/cluster/programs/g16-c.01/g16/cubegen() [0x40fe24]
  /lib64/libc.so.6(__libc_start_main+0xf5) [0x2b744a6d3445]
/var/spool/slurm//job7311667/slurm_script: line 60: 153708 Aborted                 $g16root/g16/cubegen 0 Potential $FCKFILE $ESPFILE -2 h
cp: cannot stat ‘gaussian_149_water_hf_adz_dens.cube’: No such file or directory
cp: cannot stat ‘gaussian_149_water_hf_adz_esp.cube’: No such file or directory
