slurmstepd: error: task/cgroup: unable to add task[pid=12091] to memory cg '(null)'
slurmstepd: error: xcgroup_instantiate: unable to create cgroup '/sys/fs/cgroup/memory/slurm/uid_2073/job_7425266' : No space left on device
slurmstepd: error: jobacct_gather/cgroup: unable to instanciate job 7425266 memory cgroup
node60.cluster
 Read checkpoint file gaussian_7_water_pbe0_dz.chk type G16
 Write formatted file gaussian_7_water_pbe0_dz.fchk
 FChkPn:  Coordinates translated and rotated.
 FChkPn:  Coordinates match /B/ after translation and rotation.
 Will use up to     0 threads.
 Top CubeGen          Mon Mar 20 17:33:02 2023
 Aft UFChkP           Mon Mar 20 17:33:02 2023        0.14 cpu,        0.13 elapsed
 Aft DecCub           Mon Mar 20 17:33:02 2023        0.00 cpu,        0.01 elapsed
 Aft Density          Mon Mar 20 17:33:02 2023        0.00 cpu,        0.00 elapsed
 Bef DoCube           Mon Mar 20 17:33:02 2023        0.00 cpu,        0.00 elapsed
 There are a total of       29791 grid points.
 ElSum from          density=        8.1609824093
 Aft DoCube           Mon Mar 20 17:33:02 2023        0.06 cpu,        0.06 elapsed
 Will use up to     0 threads.
 Top CubeGen          Mon Mar 20 17:33:02 2023
 Aft UFChkP           Mon Mar 20 17:33:02 2023        0.10 cpu,        0.11 elapsed
 Aft DecCub           Mon Mar 20 17:33:02 2023        0.01 cpu,        0.00 elapsed
 Aft Density          Mon Mar 20 17:33:02 2023        0.00 cpu,        0.00 elapsed
 Bef DoCube           Mon Mar 20 17:33:02 2023        0.00 cpu,        0.00 elapsed
 There are a total of       29791 grid points.
 ElSum from          density=       13.6080157298
 Aft DoCube           Mon Mar 20 17:33:03 2023        0.40 cpu,        0.40 elapsed
