node105.cluster
Error: segmentation violation
   rax 0000000000000000, rbx ffffffffffffffff, rcx ffffffffffffffff
   rdx 000000000002ac77, rsp 00007fff1d9cd678, rbp 00007fff1d9cdbf0
   rsi 000000000000000b, rdi 000000000002ac77, r8  0000000000000020
   r9  0000000000000401, r10 00007fff1d9cd0e0, r11 0000000000000206
   r12 00007fff1d9cdc38, r13 0000000000000000, r14 0000000000000000
   r15 00000000000003e6
  /lib64/libpthread.so.0(+0xf6d0) [0x2ab9c36906d0]
  /lib64/libc.so.6(kill+0x7) [0x2ab9c3bd5547]
  /opt/cluster/programs/g16-c.01/g16/l1.exe() [0x4b8975]
  /opt/cluster/programs/g16-c.01/g16/l1.exe() [0x4f867a]
  /opt/cluster/programs/g16-c.01/g16/l1.exe() [0x4d56ab]
  /opt/cluster/programs/g16-c.01/g16/l1.exe() [0x41d5c6]
  /opt/cluster/programs/g16-c.01/g16/l1.exe() [0x410c4c]
  /opt/cluster/programs/g16-c.01/g16/l1.exe() [0x40d185]
  /opt/cluster/programs/g16-c.01/g16/l1.exe() [0x40cbd7]
  /opt/cluster/programs/g16-c.01/g16/l1.exe() [0x40cb24]
  /lib64/libc.so.6(__libc_start_main+0xf5) [0x2ab9c3bc1445]
  /opt/cluster/programs/g16-c.01/g16/l1.exe() [0x407269]
 Read checkpoint file gaussian_154_water_hf_adz.chk type Unk
 Write formatted file gaussian_154_water_hf_adz.fchk
 Will use up to     0 threads.
 Top CubeGen          Mon Feb 20 10:08:00 2023
 Aft UFChkP           Mon Feb 20 10:08:00 2023        0.07 cpu,        0.07 elapsed
 Could not find " ","Total SCF Density" on formatted checkpoint file.
 Error termination via Lnk1e at Mon Feb 20 10:08:00 2023.
Error: segmentation violation
   rax 0000000000000000, rbx 00000000058b0be0, rcx ffffffffffffffff
   rdx 000000000002acd9, rsp 00007ffddffc0288, rbp 00007ffddffc02e0
   rsi 000000000000000b, rdi 000000000002acd9, r8  00002ae18205bac0
   r9  00002ae18205bac0, r10 00007ffddffbfce0, r11 0000000000000206
   r12 00000000058aeb0b, r13 000000000697d288, r14 00000000058aeec0
   r15 00007ffddffc2520
  /lib64/libpthread.so.0(+0xf6d0) [0x2ae1825556d0]
  /lib64/libc.so.6(kill+0x7) [0x2ae182a9a547]
  /opt/cluster/programs/g16-c.01/g16/cubegen() [0x40fe24]
  /lib64/libc.so.6(__libc_start_main+0xf5) [0x2ae182a86445]
/var/spool/slurm//job7311672/slurm_script: line 57: 175321 Aborted                 $g16root/g16/cubegen 0 Density $FCKFILE $DNSFILE -2 h
 Will use up to     0 threads.
 Top CubeGen          Mon Feb 20 10:08:00 2023
 Aft UFChkP           Mon Feb 20 10:08:00 2023        0.06 cpu,        0.07 elapsed
 Could not find " ","Total SCF Density" on formatted checkpoint file.
 Error termination via Lnk1e at Mon Feb 20 10:08:00 2023.
Error: segmentation violation
   rax 0000000000000000, rbx 00000000058b0be0, rcx ffffffffffffffff
   rdx 000000000002ad0d, rsp 00007fffb964cf38, rbp 00007fffb964cf90
   rsi 000000000000000b, rdi 000000000002ad0d, r8  00002b7350b25ac0
   r9  00002b7350b25ac0, r10 00007fffb964c9a0, r11 0000000000000202
   r12 00000000058aeb0b, r13 000000000697d288, r14 00000000058aeec0
   r15 00007fffb964f1d0
  /lib64/libpthread.so.0(+0xf6d0) [0x2b735101f6d0]
  /lib64/libc.so.6(kill+0x7) [0x2b7351564547]
  /opt/cluster/programs/g16-c.01/g16/cubegen() [0x40fe24]
  /lib64/libc.so.6(__libc_start_main+0xf5) [0x2b7351550445]
/var/spool/slurm//job7311672/slurm_script: line 60: 175373 Aborted                 $g16root/g16/cubegen 0 Potential $FCKFILE $ESPFILE -2 h
cp: cannot stat ‘gaussian_154_water_hf_adz_dens.cube’: No such file or directory
cp: cannot stat ‘gaussian_154_water_hf_adz_esp.cube’: No such file or directory
