node106.cluster
Error: segmentation violation
   rax 0000000000000000, rbx ffffffffffffffff, rcx ffffffffffffffff
   rdx 0000000000024c60, rsp 00007ffc641edde8, rbp 00007ffc641ee360
   rsi 000000000000000b, rdi 0000000000024c60, r8  0000000000000020
   r9  0000000000000401, r10 00007ffc641ed860, r11 0000000000000206
   r12 00007ffc641ee3a8, r13 0000000000000000, r14 0000000000000000
   r15 00000000000003e6
  /lib64/libpthread.so.0(+0xf6d0) [0x2b5a4ee856d0]
  /lib64/libc.so.6(kill+0x7) [0x2b5a4f3ca547]
  /opt/cluster/programs/g16-c.01/g16/l1.exe() [0x4b8975]
  /opt/cluster/programs/g16-c.01/g16/l1.exe() [0x4f867a]
  /opt/cluster/programs/g16-c.01/g16/l1.exe() [0x4d56ab]
  /opt/cluster/programs/g16-c.01/g16/l1.exe() [0x41d5c6]
  /opt/cluster/programs/g16-c.01/g16/l1.exe() [0x410c4c]
  /opt/cluster/programs/g16-c.01/g16/l1.exe() [0x40d185]
  /opt/cluster/programs/g16-c.01/g16/l1.exe() [0x40cbd7]
  /opt/cluster/programs/g16-c.01/g16/l1.exe() [0x40cb24]
  /lib64/libc.so.6(__libc_start_main+0xf5) [0x2b5a4f3b6445]
  /opt/cluster/programs/g16-c.01/g16/l1.exe() [0x407269]
 Read checkpoint file gaussian_29_water_hf_adz.chk type Unk
 Write formatted file gaussian_29_water_hf_adz.fchk
 Will use up to     0 threads.
 Top CubeGen          Mon Feb 20 10:05:47 2023
 Aft UFChkP           Mon Feb 20 10:05:47 2023        0.07 cpu,        0.07 elapsed
 Could not find " ","Total SCF Density" on formatted checkpoint file.
 Error termination via Lnk1e at Mon Feb 20 10:05:47 2023.
Error: segmentation violation
   rax 0000000000000000, rbx 00000000058b0be0, rcx ffffffffffffffff
   rdx 0000000000024caa, rsp 00007ffe31acf288, rbp 00007ffe31acf2e0
   rsi 000000000000000b, rdi 0000000000024caa, r8  00002b873ad78ac0
   r9  00002b873ad78ac0, r10 00007ffe31acece0, r11 0000000000000206
   r12 00000000058aeb0b, r13 000000000697d288, r14 00000000058aeec0
   r15 00007ffe31ad1520
  /lib64/libpthread.so.0(+0xf6d0) [0x2b873b2726d0]
  /lib64/libc.so.6(kill+0x7) [0x2b873b7b7547]
  /opt/cluster/programs/g16-c.01/g16/cubegen() [0x40fe24]
  /lib64/libc.so.6(__libc_start_main+0xf5) [0x2b873b7a3445]
/var/spool/slurm//job7311547/slurm_script: line 57: 150698 Aborted                 $g16root/g16/cubegen 0 Density $FCKFILE $DNSFILE -2 h
 Will use up to     0 threads.
 Top CubeGen          Mon Feb 20 10:05:48 2023
 Aft UFChkP           Mon Feb 20 10:05:48 2023        0.07 cpu,        0.07 elapsed
 Could not find " ","Total SCF Density" on formatted checkpoint file.
 Error termination via Lnk1e at Mon Feb 20 10:05:48 2023.
Error: segmentation violation
   rax 0000000000000000, rbx 00000000058b0be0, rcx ffffffffffffffff
   rdx 0000000000024cd9, rsp 00007ffccd51f7a8, rbp 00007ffccd51f800
   rsi 000000000000000b, rdi 0000000000024cd9, r8  00002b9ff719bac0
   r9  00002b9ff719bac0, r10 00007ffccd51f220, r11 0000000000000202
   r12 00000000058aeb0b, r13 000000000697d288, r14 00000000058aeec0
   r15 00007ffccd521a40
  /lib64/libpthread.so.0(+0xf6d0) [0x2b9ff76956d0]
  /lib64/libc.so.6(kill+0x7) [0x2b9ff7bda547]
  /opt/cluster/programs/g16-c.01/g16/cubegen() [0x40fe24]
  /lib64/libc.so.6(__libc_start_main+0xf5) [0x2b9ff7bc6445]
/var/spool/slurm//job7311547/slurm_script: line 60: 150745 Aborted                 $g16root/g16/cubegen 0 Potential $FCKFILE $ESPFILE -2 h
cp: cannot stat ‘gaussian_29_water_hf_adz_dens.cube’: No such file or directory
cp: cannot stat ‘gaussian_29_water_hf_adz_esp.cube’: No such file or directory
