node72.cluster
 Read checkpoint file gaussian_34_water_b3lyp_pdz.chk type G16
 Write formatted file gaussian_34_water_b3lyp_pdz.fchk
 FChkPn:  Coordinates translated and rotated.
 FChkPn:  Coordinates match /B/ after translation and rotation.
 Will use up to     0 threads.
 Top CubeGen          Wed Feb  8 14:50:08 2023
 Aft UFChkP           Wed Feb  8 14:50:08 2023        0.09 cpu,        0.10 elapsed
 Aft DecCub           Wed Feb  8 14:50:08 2023        0.01 cpu,        0.00 elapsed
 Aft Density          Wed Feb  8 14:50:08 2023        0.00 cpu,        0.00 elapsed
 Bef DoCube           Wed Feb  8 14:50:08 2023        0.00 cpu,        0.00 elapsed
 There are a total of       29791 grid points.
 ElSum from          density=        8.1604815416
 Aft DoCube           Wed Feb  8 14:50:08 2023        0.03 cpu,        0.03 elapsed
 Will use up to     0 threads.
 Top CubeGen          Wed Feb  8 14:50:08 2023
 Aft UFChkP           Wed Feb  8 14:50:08 2023        0.09 cpu,        0.10 elapsed
 Aft DecCub           Wed Feb  8 14:50:08 2023        0.01 cpu,        0.00 elapsed
 Aft Density          Wed Feb  8 14:50:08 2023        0.00 cpu,        0.00 elapsed
 Bef DoCube           Wed Feb  8 14:50:08 2023        0.00 cpu,        0.00 elapsed
 There are a total of       29791 grid points.
 ElSum from          density=       13.5866632757
 Aft DoCube           Wed Feb  8 14:50:08 2023        0.12 cpu,        0.13 elapsed
