node106.cluster
Error: segmentation violation
   rax 0000000000000000, rbx ffffffffffffffff, rcx ffffffffffffffff
   rdx 000000000002653f, rsp 00007fffbe0fadf8, rbp 00007fffbe0fb370
   rsi 000000000000000b, rdi 000000000002653f, r8  0000000000000020
   r9  0000000000000401, r10 00007fffbe0fa860, r11 0000000000000202
   r12 00007fffbe0fb3b8, r13 0000000000000000, r14 0000000000000000
   r15 00000000000003e6
  /lib64/libpthread.so.0(+0xf6d0) [0x2b8a87c926d0]
  /lib64/libc.so.6(kill+0x7) [0x2b8a881d7547]
  /opt/cluster/programs/g16-c.01/g16/l1.exe() [0x4b8975]
  /opt/cluster/programs/g16-c.01/g16/l1.exe() [0x4f867a]
  /opt/cluster/programs/g16-c.01/g16/l1.exe() [0x4d56ab]
  /opt/cluster/programs/g16-c.01/g16/l1.exe() [0x41d5c6]
  /opt/cluster/programs/g16-c.01/g16/l1.exe() [0x410c4c]
  /opt/cluster/programs/g16-c.01/g16/l1.exe() [0x40d185]
  /opt/cluster/programs/g16-c.01/g16/l1.exe() [0x40cbd7]
  /opt/cluster/programs/g16-c.01/g16/l1.exe() [0x40cb24]
  /lib64/libc.so.6(__libc_start_main+0xf5) [0x2b8a881c3445]
  /opt/cluster/programs/g16-c.01/g16/l1.exe() [0x407269]
 Read checkpoint file gaussian_107_water_hf_adz2.chk type Unk
 Write formatted file gaussian_107_water_hf_adz2.fchk
 Will use up to     0 threads.
 Top CubeGen          Mon Feb 20 10:10:38 2023
 Aft UFChkP           Mon Feb 20 10:10:38 2023        0.07 cpu,        0.07 elapsed
 Could not find " ","Total SCF Density" on formatted checkpoint file.
 Error termination via Lnk1e at Mon Feb 20 10:10:38 2023.
Error: segmentation violation
   rax 0000000000000000, rbx 00000000058b0be0, rcx ffffffffffffffff
   rdx 0000000000026599, rsp 00007ffdebd9f878, rbp 00007ffdebd9f8d0
   rsi 000000000000000b, rdi 0000000000026599, r8  00002b9a1d77eac0
   r9  00002b9a1d77eac0, r10 00007ffdebd9f2e0, r11 0000000000000206
   r12 00000000058aeb0b, r13 000000000697d288, r14 00000000058aeec0
   r15 00007ffdebda1b10
  /lib64/libpthread.so.0(+0xf6d0) [0x2b9a1dc786d0]
  /lib64/libc.so.6(kill+0x7) [0x2b9a1e1bd547]
  /opt/cluster/programs/g16-c.01/g16/cubegen() [0x40fe24]
  /lib64/libc.so.6(__libc_start_main+0xf5) [0x2b9a1e1a9445]
/var/spool/slurm//job7311805/slurm_script: line 57: 157081 Aborted                 $g16root/g16/cubegen 0 Density $FCKFILE $DNSFILE -2 h
 Will use up to     0 threads.
 Top CubeGen          Mon Feb 20 10:10:38 2023
 Aft UFChkP           Mon Feb 20 10:10:39 2023        0.06 cpu,        0.07 elapsed
 Could not find " ","Total SCF Density" on formatted checkpoint file.
 Error termination via Lnk1e at Mon Feb 20 10:10:39 2023.
Error: segmentation violation
   rax 0000000000000000, rbx 00000000058b0be0, rcx ffffffffffffffff
   rdx 00000000000265c8, rsp 00007ffc76b88898, rbp 00007ffc76b888f0
   rsi 000000000000000b, rdi 00000000000265c8, r8  00002b4cf763aac0
   r9  00002b4cf763aac0, r10 00007ffc76b88320, r11 0000000000000202
   r12 00000000058aeb0b, r13 000000000697d288, r14 00000000058aeec0
   r15 00007ffc76b8ab30
  /lib64/libpthread.so.0(+0xf6d0) [0x2b4cf7b346d0]
  /lib64/libc.so.6(kill+0x7) [0x2b4cf8079547]
  /opt/cluster/programs/g16-c.01/g16/cubegen() [0x40fe24]
  /lib64/libc.so.6(__libc_start_main+0xf5) [0x2b4cf8065445]
/var/spool/slurm//job7311805/slurm_script: line 60: 157128 Aborted                 $g16root/g16/cubegen 0 Potential $FCKFILE $ESPFILE -2 h
cp: cannot stat ‘gaussian_107_water_hf_adz2_dens.cube’: No such file or directory
cp: cannot stat ‘gaussian_107_water_hf_adz2_esp.cube’: No such file or directory
