node105.cluster
Error: segmentation violation
   rax 0000000000000000, rbx ffffffffffffffff, rcx ffffffffffffffff
   rdx 000000000002afa7, rsp 00007ffefe3fd628, rbp 00007ffefe3fdba0
   rsi 000000000000000b, rdi 000000000002afa7, r8  0000000000000020
   r9  0000000000000401, r10 00007ffefe3fd0a0, r11 0000000000000206
   r12 00007ffefe3fdbe8, r13 0000000000000000, r14 0000000000000000
   r15 00000000000003e6
  /lib64/libpthread.so.0(+0xf6d0) [0x2b99fa5f76d0]
  /lib64/libc.so.6(kill+0x7) [0x2b99fab3c547]
  /opt/cluster/programs/g16-c.01/g16/l1.exe() [0x4b8975]
  /opt/cluster/programs/g16-c.01/g16/l1.exe() [0x4f867a]
  /opt/cluster/programs/g16-c.01/g16/l1.exe() [0x4d56ab]
  /opt/cluster/programs/g16-c.01/g16/l1.exe() [0x41d5c6]
  /opt/cluster/programs/g16-c.01/g16/l1.exe() [0x410c4c]
  /opt/cluster/programs/g16-c.01/g16/l1.exe() [0x40d185]
  /opt/cluster/programs/g16-c.01/g16/l1.exe() [0x40cbd7]
  /opt/cluster/programs/g16-c.01/g16/l1.exe() [0x40cb24]
  /lib64/libc.so.6(__libc_start_main+0xf5) [0x2b99fab28445]
  /opt/cluster/programs/g16-c.01/g16/l1.exe() [0x407269]
 Read checkpoint file gaussian_5_water_hf_adz2.chk type Unk
 Write formatted file gaussian_5_water_hf_adz2.fchk
 Will use up to     0 threads.
 Top CubeGen          Mon Feb 20 10:08:55 2023
 Aft UFChkP           Mon Feb 20 10:08:55 2023        0.07 cpu,        0.07 elapsed
 Could not find " ","Total SCF Density" on formatted checkpoint file.
 Error termination via Lnk1e at Mon Feb 20 10:08:55 2023.
Error: segmentation violation
   rax 0000000000000000, rbx 00000000058b0be0, rcx ffffffffffffffff
   rdx 000000000002afeb, rsp 00007ffcdf3e3e68, rbp 00007ffcdf3e3ec0
   rsi 000000000000000b, rdi 000000000002afeb, r8  00002b3e31398ac0
   r9  00002b3e31398ac0, r10 00007ffcdf3e38e0, r11 0000000000000202
   r12 00000000058aeb0b, r13 000000000697d288, r14 00000000058aeec0
   r15 00007ffcdf3e6100
  /lib64/libpthread.so.0(+0xf6d0) [0x2b3e318926d0]
  /lib64/libc.so.6(kill+0x7) [0x2b3e31dd7547]
  /opt/cluster/programs/g16-c.01/g16/cubegen() [0x40fe24]
  /lib64/libc.so.6(__libc_start_main+0xf5) [0x2b3e31dc3445]
/var/spool/slurm//job7311703/slurm_script: line 57: 176107 Aborted                 $g16root/g16/cubegen 0 Density $FCKFILE $DNSFILE -2 h
 Will use up to     0 threads.
 Top CubeGen          Mon Feb 20 10:08:55 2023
 Aft UFChkP           Mon Feb 20 10:08:55 2023        0.07 cpu,        0.07 elapsed
 Could not find " ","Total SCF Density" on formatted checkpoint file.
 Error termination via Lnk1e at Mon Feb 20 10:08:55 2023.
Error: segmentation violation
   rax 0000000000000000, rbx 00000000058b0be0, rcx ffffffffffffffff
   rdx 000000000002b01b, rsp 00007ffc5a5f9e78, rbp 00007ffc5a5f9ed0
   rsi 000000000000000b, rdi 000000000002b01b, r8  00002b3f5bd3cac0
   r9  00002b3f5bd3cac0, r10 00007ffc5a5f98e0, r11 0000000000000206
   r12 00000000058aeb0b, r13 000000000697d288, r14 00000000058aeec0
   r15 00007ffc5a5fc110
  /lib64/libpthread.so.0(+0xf6d0) [0x2b3f5c2366d0]
  /lib64/libc.so.6(kill+0x7) [0x2b3f5c77b547]
  /opt/cluster/programs/g16-c.01/g16/cubegen() [0x40fe24]
  /lib64/libc.so.6(__libc_start_main+0xf5) [0x2b3f5c767445]
/var/spool/slurm//job7311703/slurm_script: line 60: 176155 Aborted                 $g16root/g16/cubegen 0 Potential $FCKFILE $ESPFILE -2 h
cp: cannot stat ‘gaussian_5_water_hf_adz2_dens.cube’: No such file or directory
cp: cannot stat ‘gaussian_5_water_hf_adz2_esp.cube’: No such file or directory
