node106.cluster
Error: segmentation violation
   rax 0000000000000000, rbx ffffffffffffffff, rcx ffffffffffffffff
   rdx 0000000000024f61, rsp 00007ffcd02645b8, rbp 00007ffcd0264b30
   rsi 000000000000000b, rdi 0000000000024f61, r8  0000000000000020
   r9  0000000000000401, r10 00007ffcd0264020, r11 0000000000000206
   r12 00007ffcd0264b78, r13 0000000000000000, r14 0000000000000000
   r15 00000000000003e6
  /lib64/libpthread.so.0(+0xf6d0) [0x2b0b4d5ca6d0]
  /lib64/libc.so.6(kill+0x7) [0x2b0b4db0f547]
  /opt/cluster/programs/g16-c.01/g16/l1.exe() [0x4b8975]
  /opt/cluster/programs/g16-c.01/g16/l1.exe() [0x4f867a]
  /opt/cluster/programs/g16-c.01/g16/l1.exe() [0x4d56ab]
  /opt/cluster/programs/g16-c.01/g16/l1.exe() [0x41d5c6]
  /opt/cluster/programs/g16-c.01/g16/l1.exe() [0x410c4c]
  /opt/cluster/programs/g16-c.01/g16/l1.exe() [0x40d185]
  /opt/cluster/programs/g16-c.01/g16/l1.exe() [0x40cbd7]
  /opt/cluster/programs/g16-c.01/g16/l1.exe() [0x40cb24]
  /lib64/libc.so.6(__libc_start_main+0xf5) [0x2b0b4dafb445]
  /opt/cluster/programs/g16-c.01/g16/l1.exe() [0x407269]
 Read checkpoint file gaussian_60_water_hf_adz.chk type Unk
 Write formatted file gaussian_60_water_hf_adz.fchk
 Will use up to     0 threads.
 Top CubeGen          Mon Feb 20 10:06:18 2023
 Aft UFChkP           Mon Feb 20 10:06:18 2023        0.06 cpu,        0.07 elapsed
 Could not find " ","Total SCF Density" on formatted checkpoint file.
 Error termination via Lnk1e at Mon Feb 20 10:06:18 2023.
Error: segmentation violation
   rax 0000000000000000, rbx 00000000058b0be0, rcx ffffffffffffffff
   rdx 0000000000024f9f, rsp 00007ffc1d2c8828, rbp 00007ffc1d2c8880
   rsi 000000000000000b, rdi 0000000000024f9f, r8  00002b5bdf6caac0
   r9  00002b5bdf6caac0, r10 00007ffc1d2c82a0, r11 0000000000000206
   r12 00000000058aeb0b, r13 000000000697d288, r14 00000000058aeec0
   r15 00007ffc1d2caac0
  /lib64/libpthread.so.0(+0xf6d0) [0x2b5bdfbc46d0]
  /lib64/libc.so.6(kill+0x7) [0x2b5be0109547]
  /opt/cluster/programs/g16-c.01/g16/cubegen() [0x40fe24]
  /lib64/libc.so.6(__libc_start_main+0xf5) [0x2b5be00f5445]
/var/spool/slurm//job7311578/slurm_script: line 57: 151455 Aborted                 $g16root/g16/cubegen 0 Density $FCKFILE $DNSFILE -2 h
 Will use up to     0 threads.
 Top CubeGen          Mon Feb 20 10:06:19 2023
 Aft UFChkP           Mon Feb 20 10:06:19 2023        0.07 cpu,        0.07 elapsed
 Could not find " ","Total SCF Density" on formatted checkpoint file.
 Error termination via Lnk1e at Mon Feb 20 10:06:19 2023.
Error: segmentation violation
   rax 0000000000000000, rbx 00000000058b0be0, rcx ffffffffffffffff
   rdx 0000000000024fcf, rsp 00007ffe2ff8d398, rbp 00007ffe2ff8d3f0
   rsi 000000000000000b, rdi 0000000000024fcf, r8  00002b74110c1ac0
   r9  00002b74110c1ac0, r10 00007ffe2ff8ce20, r11 0000000000000202
   r12 00000000058aeb0b, r13 000000000697d288, r14 00000000058aeec0
   r15 00007ffe2ff8f630
  /lib64/libpthread.so.0(+0xf6d0) [0x2b74115bb6d0]
  /lib64/libc.so.6(kill+0x7) [0x2b7411b00547]
  /opt/cluster/programs/g16-c.01/g16/cubegen() [0x40fe24]
  /lib64/libc.so.6(__libc_start_main+0xf5) [0x2b7411aec445]
/var/spool/slurm//job7311578/slurm_script: line 60: 151503 Aborted                 $g16root/g16/cubegen 0 Potential $FCKFILE $ESPFILE -2 h
cp: cannot stat ‘gaussian_60_water_hf_adz_dens.cube’: No such file or directory
cp: cannot stat ‘gaussian_60_water_hf_adz_esp.cube’: No such file or directory
