Reading 'data/gaussian_0_water_b3lyp_pdz_esp.cube'... just atom number 
Reading 'data/gaussian_0_water_b3lyp_pdz_esp.cube'... mode     1
Reading 'data/gaussian_1_water_b3lyp_pdz_esp.cube'... mode     1
Reading 'data/gaussian_2_water_b3lyp_pdz_esp.cube'... mode     1
Reading 'data/gaussian_3_water_b3lyp_pdz_esp.cube'... mode     1
Reading 'data/gaussian_4_water_b3lyp_pdz_esp.cube'... mode     1
Reading 'data/gaussian_5_water_b3lyp_pdz_esp.cube'... mode     1
Reading 'data/gaussian_6_water_b3lyp_pdz_esp.cube'... mode     1
Reading 'data/gaussian_7_water_b3lyp_pdz_esp.cube'... mode     1
Reading 'data/gaussian_8_water_b3lyp_pdz_esp.cube'... mode     1
Reading 'data/gaussian_9_water_b3lyp_pdz_esp.cube'... mode     1
Reading 'data/gaussian_10_water_b3lyp_pdz_esp.cube'... mode     1
Reading 'data/gaussian_11_water_b3lyp_pdz_esp.cube'... mode     1
Reading 'data/gaussian_12_water_b3lyp_pdz_esp.cube'... mode     1
Reading 'data/gaussian_13_water_b3lyp_pdz_esp.cube'... mode     1
Reading 'data/gaussian_14_water_b3lyp_pdz_esp.cube'... mode     1
Reading 'data/gaussian_15_water_b3lyp_pdz_esp.cube'... mode     1
Reading 'data/gaussian_16_water_b3lyp_pdz_esp.cube'... mode     1
Reading 'data/gaussian_17_water_b3lyp_pdz_esp.cube'... mode     1
Reading 'data/gaussian_18_water_b3lyp_pdz_esp.cube'... mode     1
Reading 'data/gaussian_19_water_b3lyp_pdz_esp.cube'... mode     1
Reading 'data/gaussian_20_water_b3lyp_pdz_esp.cube'... mode     1
Reading 'data/gaussian_21_water_b3lyp_pdz_esp.cube'... mode     1
Reading 'data/gaussian_22_water_b3lyp_pdz_esp.cube'... mode     1
Reading 'data/gaussian_23_water_b3lyp_pdz_esp.cube'... mode     1
Reading 'data/gaussian_24_water_b3lyp_pdz_esp.cube'... mode     1
Reading 'data/gaussian_25_water_b3lyp_pdz_esp.cube'... mode     1
Reading 'data/gaussian_26_water_b3lyp_pdz_esp.cube'... mode     1
Reading 'data/gaussian_27_water_b3lyp_pdz_esp.cube'... mode     1
Reading 'data/gaussian_28_water_b3lyp_pdz_esp.cube'... mode     1
Reading 'data/gaussian_29_water_b3lyp_pdz_esp.cube'... mode     1
Reading 'data/gaussian_30_water_b3lyp_pdz_esp.cube'... mode     1
Reading 'data/gaussian_31_water_b3lyp_pdz_esp.cube'... mode     1
Reading 'data/gaussian_32_water_b3lyp_pdz_esp.cube'... mode     1
Reading 'data/gaussian_33_water_b3lyp_pdz_esp.cube'... mode     1
Reading 'data/gaussian_34_water_b3lyp_pdz_esp.cube'... mode     1
Reading 'data/gaussian_35_water_b3lyp_pdz_esp.cube'... mode     1
Reading 'data/gaussian_36_water_b3lyp_pdz_esp.cube'... mode     1
Reading 'data/gaussian_37_water_b3lyp_pdz_esp.cube'... mode     1
Reading 'data/gaussian_38_water_b3lyp_pdz_esp.cube'... mode     1
Reading 'data/gaussian_39_water_b3lyp_pdz_esp.cube'... mode     1
Reading 'data/gaussian_40_water_b3lyp_pdz_esp.cube'... mode     1
Reading 'data/gaussian_41_water_b3lyp_pdz_esp.cube'... mode     1
Reading 'data/gaussian_42_water_b3lyp_pdz_esp.cube'... mode     1
Reading 'data/gaussian_43_water_b3lyp_pdz_esp.cube'... mode     1
Reading 'data/gaussian_44_water_b3lyp_pdz_esp.cube'... mode     1
Reading 'data/gaussian_45_water_b3lyp_pdz_esp.cube'... mode     1
Reading 'data/gaussian_46_water_b3lyp_pdz_esp.cube'... mode     1
Reading 'data/gaussian_47_water_b3lyp_pdz_esp.cube'... mode     1
Reading 'data/gaussian_48_water_b3lyp_pdz_esp.cube'... mode     1
Reading 'data/gaussian_49_water_b3lyp_pdz_esp.cube'... mode     1
Reading 'data/gaussian_50_water_b3lyp_pdz_esp.cube'... mode     1
Reading 'data/gaussian_51_water_b3lyp_pdz_esp.cube'... mode     1
Reading 'data/gaussian_52_water_b3lyp_pdz_esp.cube'... mode     1
Reading 'data/gaussian_53_water_b3lyp_pdz_esp.cube'... mode     1
Reading 'data/gaussian_54_water_b3lyp_pdz_esp.cube'... mode     1
Reading 'data/gaussian_55_water_b3lyp_pdz_esp.cube'... mode     1
Reading 'data/gaussian_56_water_b3lyp_pdz_esp.cube'... mode     1
Reading 'data/gaussian_57_water_b3lyp_pdz_esp.cube'... mode     1
Reading 'data/gaussian_58_water_b3lyp_pdz_esp.cube'... mode     1
Reading 'data/gaussian_59_water_b3lyp_pdz_esp.cube'... mode     1
Reading 'data/gaussian_60_water_b3lyp_pdz_esp.cube'... mode     1
Reading 'data/gaussian_61_water_b3lyp_pdz_esp.cube'... mode     1
Reading 'data/gaussian_62_water_b3lyp_pdz_esp.cube'... mode     1
Reading 'data/gaussian_63_water_b3lyp_pdz_esp.cube'... mode     1
Reading 'data/gaussian_64_water_b3lyp_pdz_esp.cube'... mode     1
Reading 'data/gaussian_65_water_b3lyp_pdz_esp.cube'... mode     1
Reading 'data/gaussian_66_water_b3lyp_pdz_esp.cube'... mode     1
Reading 'data/gaussian_67_water_b3lyp_pdz_esp.cube'... mode     1
Reading 'data/gaussian_68_water_b3lyp_pdz_esp.cube'... mode     1
Reading 'data/gaussian_69_water_b3lyp_pdz_esp.cube'... mode     1
Reading 'data/gaussian_70_water_b3lyp_pdz_esp.cube'... mode     1
Reading 'data/gaussian_71_water_b3lyp_pdz_esp.cube'... mode     1
Reading 'data/gaussian_72_water_b3lyp_pdz_esp.cube'... mode     1
Reading 'data/gaussian_73_water_b3lyp_pdz_esp.cube'... mode     1
Reading 'data/gaussian_74_water_b3lyp_pdz_esp.cube'... mode     1
Reading 'data/gaussian_75_water_b3lyp_pdz_esp.cube'... mode     1
Reading 'data/gaussian_76_water_b3lyp_pdz_esp.cube'... mode     1
Reading 'data/gaussian_77_water_b3lyp_pdz_esp.cube'... mode     1
Reading 'data/gaussian_78_water_b3lyp_pdz_esp.cube'... mode     1
Reading 'data/gaussian_79_water_b3lyp_pdz_esp.cube'... mode     1
Reading 'data/gaussian_80_water_b3lyp_pdz_esp.cube'... mode     1
Reading 'data/gaussian_81_water_b3lyp_pdz_esp.cube'... mode     1
Reading 'data/gaussian_82_water_b3lyp_pdz_esp.cube'... mode     1
Reading 'data/gaussian_83_water_b3lyp_pdz_esp.cube'... mode     1
Reading 'data/gaussian_84_water_b3lyp_pdz_esp.cube'... mode     1
Reading 'data/gaussian_85_water_b3lyp_pdz_esp.cube'... mode     1
Reading 'data/gaussian_86_water_b3lyp_pdz_esp.cube'... mode     1
Reading 'data/gaussian_87_water_b3lyp_pdz_esp.cube'... mode     1
Reading 'data/gaussian_88_water_b3lyp_pdz_esp.cube'... mode     1
Reading 'data/gaussian_89_water_b3lyp_pdz_esp.cube'... mode     1
Reading 'data/gaussian_90_water_b3lyp_pdz_esp.cube'... mode     1
Reading 'data/gaussian_91_water_b3lyp_pdz_esp.cube'... mode     1
Reading 'data/gaussian_92_water_b3lyp_pdz_esp.cube'... mode     1
Reading 'data/gaussian_93_water_b3lyp_pdz_esp.cube'... mode     1
Reading 'data/gaussian_94_water_b3lyp_pdz_esp.cube'... mode     1
Reading 'data/gaussian_95_water_b3lyp_pdz_esp.cube'... mode     1
Reading 'data/gaussian_96_water_b3lyp_pdz_esp.cube'... mode     1
Reading 'data/gaussian_97_water_b3lyp_pdz_esp.cube'... mode     1
Reading 'data/gaussian_98_water_b3lyp_pdz_esp.cube'... mode     1
Reading 'data/gaussian_99_water_b3lyp_pdz_esp.cube'... mode     1
Reading 'data/gaussian_100_water_b3lyp_pdz_esp.cube'... mode     1
Reading 'data/gaussian_101_water_b3lyp_pdz_esp.cube'... mode     1
Reading 'data/gaussian_102_water_b3lyp_pdz_esp.cube'... mode     1
Reading 'data/gaussian_103_water_b3lyp_pdz_esp.cube'... mode     1
Reading 'data/gaussian_104_water_b3lyp_pdz_esp.cube'... mode     1
Reading 'data/gaussian_105_water_b3lyp_pdz_esp.cube'... mode     1
Reading 'data/gaussian_106_water_b3lyp_pdz_esp.cube'... mode     1
Reading 'data/gaussian_107_water_b3lyp_pdz_esp.cube'... mode     1
Reading 'data/gaussian_108_water_b3lyp_pdz_esp.cube'... mode     1
Reading 'data/gaussian_109_water_b3lyp_pdz_esp.cube'... mode     1
Reading 'data/gaussian_110_water_b3lyp_pdz_esp.cube'... mode     1
Reading 'data/gaussian_111_water_b3lyp_pdz_esp.cube'... mode     1
Reading 'data/gaussian_112_water_b3lyp_pdz_esp.cube'... mode     1
Reading 'data/gaussian_113_water_b3lyp_pdz_esp.cube'... mode     1
Reading 'data/gaussian_114_water_b3lyp_pdz_esp.cube'... mode     1
Reading 'data/gaussian_115_water_b3lyp_pdz_esp.cube'... mode     1
Reading 'data/gaussian_116_water_b3lyp_pdz_esp.cube'... mode     1
Reading 'data/gaussian_117_water_b3lyp_pdz_esp.cube'... mode     1
Reading 'data/gaussian_118_water_b3lyp_pdz_esp.cube'... mode     1
Reading 'data/gaussian_119_water_b3lyp_pdz_esp.cube'... mode     1
Reading 'data/gaussian_120_water_b3lyp_pdz_esp.cube'... mode     1
Reading 'data/gaussian_121_water_b3lyp_pdz_esp.cube'... mode     1
Reading 'data/gaussian_122_water_b3lyp_pdz_esp.cube'... mode     1
Reading 'data/gaussian_123_water_b3lyp_pdz_esp.cube'... mode     1
Reading 'data/gaussian_124_water_b3lyp_pdz_esp.cube'... mode     1
Reading 'data/gaussian_125_water_b3lyp_pdz_esp.cube'... mode     1
Reading 'data/gaussian_126_water_b3lyp_pdz_esp.cube'... mode     1
Reading 'data/gaussian_127_water_b3lyp_pdz_esp.cube'... mode     1
Reading 'data/gaussian_128_water_b3lyp_pdz_esp.cube'... mode     1
Reading 'data/gaussian_129_water_b3lyp_pdz_esp.cube'... mode     1
Reading 'data/gaussian_130_water_b3lyp_pdz_esp.cube'... mode     1
Reading 'data/gaussian_131_water_b3lyp_pdz_esp.cube'... mode     1
Reading 'data/gaussian_132_water_b3lyp_pdz_esp.cube'... mode     1
Reading 'data/gaussian_133_water_b3lyp_pdz_esp.cube'... mode     1
Reading 'data/gaussian_134_water_b3lyp_pdz_esp.cube'... mode     1
Reading 'data/gaussian_135_water_b3lyp_pdz_esp.cube'... mode     1
Reading 'data/gaussian_136_water_b3lyp_pdz_esp.cube'... mode     1
Reading 'data/gaussian_137_water_b3lyp_pdz_esp.cube'... mode     1
Reading 'data/gaussian_138_water_b3lyp_pdz_esp.cube'... mode     1
Reading 'data/gaussian_139_water_b3lyp_pdz_esp.cube'... mode     1
Reading 'data/gaussian_140_water_b3lyp_pdz_esp.cube'... mode     1
Reading 'data/gaussian_141_water_b3lyp_pdz_esp.cube'... mode     1
Reading 'data/gaussian_142_water_b3lyp_pdz_esp.cube'... mode     1
Reading 'data/gaussian_143_water_b3lyp_pdz_esp.cube'... mode     1
Reading 'data/gaussian_144_water_b3lyp_pdz_esp.cube'... mode     1
Reading 'data/gaussian_145_water_b3lyp_pdz_esp.cube'... mode     1
Reading 'data/gaussian_146_water_b3lyp_pdz_esp.cube'... mode     1
Reading 'data/gaussian_147_water_b3lyp_pdz_esp.cube'... mode     1
Reading 'data/gaussian_148_water_b3lyp_pdz_esp.cube'... mode     1
Reading 'data/gaussian_149_water_b3lyp_pdz_esp.cube'... mode     1
Reading 'data/gaussian_150_water_b3lyp_pdz_esp.cube'... mode     1
Reading 'data/gaussian_151_water_b3lyp_pdz_esp.cube'... mode     1
Reading 'data/gaussian_152_water_b3lyp_pdz_esp.cube'... mode     1
Reading 'data/gaussian_153_water_b3lyp_pdz_esp.cube'... mode     1
Reading 'data/gaussian_154_water_b3lyp_pdz_esp.cube'... mode     1
Reading 'data/gaussian_155_water_b3lyp_pdz_esp.cube'... mode     1
Reading 'data/gaussian_156_water_b3lyp_pdz_esp.cube'... mode     1
Reading 'data/gaussian_157_water_b3lyp_pdz_esp.cube'... mode     1
Reading 'data/gaussian_158_water_b3lyp_pdz_esp.cube'... mode     1
Reading 'data/gaussian_159_water_b3lyp_pdz_esp.cube'... mode     1
Reading 'data/gaussian_160_water_b3lyp_pdz_esp.cube'... mode     1
Reading 'data/gaussian_161_water_b3lyp_pdz_esp.cube'... mode     1
Reading 'data/gaussian_162_water_b3lyp_pdz_esp.cube'... mode     1
Reading 'data/gaussian_163_water_b3lyp_pdz_esp.cube'... mode     1
Reading 'data/gaussian_164_water_b3lyp_pdz_esp.cube'... mode     1
Reading 'data/gaussian_165_water_b3lyp_pdz_esp.cube'... mode     1
Reading 'data/gaussian_166_water_b3lyp_pdz_esp.cube'... mode     1
Reading 'data/gaussian_167_water_b3lyp_pdz_esp.cube'... mode     1
Reading 'data/gaussian_168_water_b3lyp_pdz_esp.cube'... mode     1
Reading 'data/gaussian_169_water_b3lyp_pdz_esp.cube'... mode     1
Reading 'data/gaussian_170_water_b3lyp_pdz_esp.cube'... mode     1
Reading 'data/gaussian_171_water_b3lyp_pdz_esp.cube'... mode     1
Reading 'data/gaussian_172_water_b3lyp_pdz_esp.cube'... mode     1
Reading 'data/gaussian_173_water_b3lyp_pdz_esp.cube'... mode     1
Reading 'data/gaussian_174_water_b3lyp_pdz_esp.cube'... mode     1
Reading 'data/gaussian_175_water_b3lyp_pdz_esp.cube'... mode     1
Reading 'data/gaussian_176_water_b3lyp_pdz_esp.cube'... mode     1
Reading 'data/gaussian_177_water_b3lyp_pdz_esp.cube'... mode     1
Reading 'data/gaussian_178_water_b3lyp_pdz_esp.cube'... mode     1
Reading 'data/gaussian_179_water_b3lyp_pdz_esp.cube'... mode     1
Reading 'data/gaussian_0_water_b3lyp_pdz_esp.cube'... mode     2
Reading 'data/gaussian_1_water_b3lyp_pdz_esp.cube'... mode     2
Reading 'data/gaussian_2_water_b3lyp_pdz_esp.cube'... mode     2
Reading 'data/gaussian_3_water_b3lyp_pdz_esp.cube'... mode     2
Reading 'data/gaussian_4_water_b3lyp_pdz_esp.cube'... mode     2
Reading 'data/gaussian_5_water_b3lyp_pdz_esp.cube'... mode     2
Reading 'data/gaussian_6_water_b3lyp_pdz_esp.cube'... mode     2
Reading 'data/gaussian_7_water_b3lyp_pdz_esp.cube'... mode     2
Reading 'data/gaussian_8_water_b3lyp_pdz_esp.cube'... mode     2
Reading 'data/gaussian_9_water_b3lyp_pdz_esp.cube'... mode     2
Reading 'data/gaussian_10_water_b3lyp_pdz_esp.cube'... mode     2
Reading 'data/gaussian_11_water_b3lyp_pdz_esp.cube'... mode     2
Reading 'data/gaussian_12_water_b3lyp_pdz_esp.cube'... mode     2
Reading 'data/gaussian_13_water_b3lyp_pdz_esp.cube'... mode     2
Reading 'data/gaussian_14_water_b3lyp_pdz_esp.cube'... mode     2
Reading 'data/gaussian_15_water_b3lyp_pdz_esp.cube'... mode     2
Reading 'data/gaussian_16_water_b3lyp_pdz_esp.cube'... mode     2
Reading 'data/gaussian_17_water_b3lyp_pdz_esp.cube'... mode     2
Reading 'data/gaussian_18_water_b3lyp_pdz_esp.cube'... mode     2
Reading 'data/gaussian_19_water_b3lyp_pdz_esp.cube'... mode     2
Reading 'data/gaussian_20_water_b3lyp_pdz_esp.cube'... mode     2
Reading 'data/gaussian_21_water_b3lyp_pdz_esp.cube'... mode     2
Reading 'data/gaussian_22_water_b3lyp_pdz_esp.cube'... mode     2
Reading 'data/gaussian_23_water_b3lyp_pdz_esp.cube'... mode     2
Reading 'data/gaussian_24_water_b3lyp_pdz_esp.cube'... mode     2
Reading 'data/gaussian_25_water_b3lyp_pdz_esp.cube'... mode     2
Reading 'data/gaussian_26_water_b3lyp_pdz_esp.cube'... mode     2
Reading 'data/gaussian_27_water_b3lyp_pdz_esp.cube'... mode     2
Reading 'data/gaussian_28_water_b3lyp_pdz_esp.cube'... mode     2
Reading 'data/gaussian_29_water_b3lyp_pdz_esp.cube'... mode     2
Reading 'data/gaussian_30_water_b3lyp_pdz_esp.cube'... mode     2
Reading 'data/gaussian_31_water_b3lyp_pdz_esp.cube'... mode     2
Reading 'data/gaussian_32_water_b3lyp_pdz_esp.cube'... mode     2
Reading 'data/gaussian_33_water_b3lyp_pdz_esp.cube'... mode     2
Reading 'data/gaussian_34_water_b3lyp_pdz_esp.cube'... mode     2
Reading 'data/gaussian_35_water_b3lyp_pdz_esp.cube'... mode     2
Reading 'data/gaussian_36_water_b3lyp_pdz_esp.cube'... mode     2
Reading 'data/gaussian_37_water_b3lyp_pdz_esp.cube'... mode     2
Reading 'data/gaussian_38_water_b3lyp_pdz_esp.cube'... mode     2
Reading 'data/gaussian_39_water_b3lyp_pdz_esp.cube'... mode     2
Reading 'data/gaussian_40_water_b3lyp_pdz_esp.cube'... mode     2
Reading 'data/gaussian_41_water_b3lyp_pdz_esp.cube'... mode     2
Reading 'data/gaussian_42_water_b3lyp_pdz_esp.cube'... mode     2
Reading 'data/gaussian_43_water_b3lyp_pdz_esp.cube'... mode     2
Reading 'data/gaussian_44_water_b3lyp_pdz_esp.cube'... mode     2
Reading 'data/gaussian_45_water_b3lyp_pdz_esp.cube'... mode     2
Reading 'data/gaussian_46_water_b3lyp_pdz_esp.cube'... mode     2
Reading 'data/gaussian_47_water_b3lyp_pdz_esp.cube'... mode     2
Reading 'data/gaussian_48_water_b3lyp_pdz_esp.cube'... mode     2
Reading 'data/gaussian_49_water_b3lyp_pdz_esp.cube'... mode     2
Reading 'data/gaussian_50_water_b3lyp_pdz_esp.cube'... mode     2
Reading 'data/gaussian_51_water_b3lyp_pdz_esp.cube'... mode     2
Reading 'data/gaussian_52_water_b3lyp_pdz_esp.cube'... mode     2
Reading 'data/gaussian_53_water_b3lyp_pdz_esp.cube'... mode     2
Reading 'data/gaussian_54_water_b3lyp_pdz_esp.cube'... mode     2
Reading 'data/gaussian_55_water_b3lyp_pdz_esp.cube'... mode     2
Reading 'data/gaussian_56_water_b3lyp_pdz_esp.cube'... mode     2
Reading 'data/gaussian_57_water_b3lyp_pdz_esp.cube'... mode     2
Reading 'data/gaussian_58_water_b3lyp_pdz_esp.cube'... mode     2
Reading 'data/gaussian_59_water_b3lyp_pdz_esp.cube'... mode     2
Reading 'data/gaussian_60_water_b3lyp_pdz_esp.cube'... mode     2
Reading 'data/gaussian_61_water_b3lyp_pdz_esp.cube'... mode     2
Reading 'data/gaussian_62_water_b3lyp_pdz_esp.cube'... mode     2
Reading 'data/gaussian_63_water_b3lyp_pdz_esp.cube'... mode     2
Reading 'data/gaussian_64_water_b3lyp_pdz_esp.cube'... mode     2
Reading 'data/gaussian_65_water_b3lyp_pdz_esp.cube'... mode     2
Reading 'data/gaussian_66_water_b3lyp_pdz_esp.cube'... mode     2
Reading 'data/gaussian_67_water_b3lyp_pdz_esp.cube'... mode     2
Reading 'data/gaussian_68_water_b3lyp_pdz_esp.cube'... mode     2
Reading 'data/gaussian_69_water_b3lyp_pdz_esp.cube'... mode     2
Reading 'data/gaussian_70_water_b3lyp_pdz_esp.cube'... mode     2
Reading 'data/gaussian_71_water_b3lyp_pdz_esp.cube'... mode     2
Reading 'data/gaussian_72_water_b3lyp_pdz_esp.cube'... mode     2
Reading 'data/gaussian_73_water_b3lyp_pdz_esp.cube'... mode     2
Reading 'data/gaussian_74_water_b3lyp_pdz_esp.cube'... mode     2
Reading 'data/gaussian_75_water_b3lyp_pdz_esp.cube'... mode     2
Reading 'data/gaussian_76_water_b3lyp_pdz_esp.cube'... mode     2
Reading 'data/gaussian_77_water_b3lyp_pdz_esp.cube'... mode     2
Reading 'data/gaussian_78_water_b3lyp_pdz_esp.cube'... mode     2
Reading 'data/gaussian_79_water_b3lyp_pdz_esp.cube'... mode     2
Reading 'data/gaussian_80_water_b3lyp_pdz_esp.cube'... mode     2
Reading 'data/gaussian_81_water_b3lyp_pdz_esp.cube'... mode     2
Reading 'data/gaussian_82_water_b3lyp_pdz_esp.cube'... mode     2
Reading 'data/gaussian_83_water_b3lyp_pdz_esp.cube'... mode     2
Reading 'data/gaussian_84_water_b3lyp_pdz_esp.cube'... mode     2
Reading 'data/gaussian_85_water_b3lyp_pdz_esp.cube'... mode     2
Reading 'data/gaussian_86_water_b3lyp_pdz_esp.cube'... mode     2
Reading 'data/gaussian_87_water_b3lyp_pdz_esp.cube'... mode     2
Reading 'data/gaussian_88_water_b3lyp_pdz_esp.cube'... mode     2
Reading 'data/gaussian_89_water_b3lyp_pdz_esp.cube'... mode     2
Reading 'data/gaussian_90_water_b3lyp_pdz_esp.cube'... mode     2
Reading 'data/gaussian_91_water_b3lyp_pdz_esp.cube'... mode     2
Reading 'data/gaussian_92_water_b3lyp_pdz_esp.cube'... mode     2
Reading 'data/gaussian_93_water_b3lyp_pdz_esp.cube'... mode     2
Reading 'data/gaussian_94_water_b3lyp_pdz_esp.cube'... mode     2
Reading 'data/gaussian_95_water_b3lyp_pdz_esp.cube'... mode     2
Reading 'data/gaussian_96_water_b3lyp_pdz_esp.cube'... mode     2
Reading 'data/gaussian_97_water_b3lyp_pdz_esp.cube'... mode     2
Reading 'data/gaussian_98_water_b3lyp_pdz_esp.cube'... mode     2
Reading 'data/gaussian_99_water_b3lyp_pdz_esp.cube'... mode     2
Reading 'data/gaussian_100_water_b3lyp_pdz_esp.cube'... mode     2
Reading 'data/gaussian_101_water_b3lyp_pdz_esp.cube'... mode     2
Reading 'data/gaussian_102_water_b3lyp_pdz_esp.cube'... mode     2
Reading 'data/gaussian_103_water_b3lyp_pdz_esp.cube'... mode     2
Reading 'data/gaussian_104_water_b3lyp_pdz_esp.cube'... mode     2
Reading 'data/gaussian_105_water_b3lyp_pdz_esp.cube'... mode     2
Reading 'data/gaussian_106_water_b3lyp_pdz_esp.cube'... mode     2
Reading 'data/gaussian_107_water_b3lyp_pdz_esp.cube'... mode     2
Reading 'data/gaussian_108_water_b3lyp_pdz_esp.cube'... mode     2
Reading 'data/gaussian_109_water_b3lyp_pdz_esp.cube'... mode     2
Reading 'data/gaussian_110_water_b3lyp_pdz_esp.cube'... mode     2
Reading 'data/gaussian_111_water_b3lyp_pdz_esp.cube'... mode     2
Reading 'data/gaussian_112_water_b3lyp_pdz_esp.cube'... mode     2
Reading 'data/gaussian_113_water_b3lyp_pdz_esp.cube'... mode     2
Reading 'data/gaussian_114_water_b3lyp_pdz_esp.cube'... mode     2
Reading 'data/gaussian_115_water_b3lyp_pdz_esp.cube'... mode     2
Reading 'data/gaussian_116_water_b3lyp_pdz_esp.cube'... mode     2
Reading 'data/gaussian_117_water_b3lyp_pdz_esp.cube'... mode     2
Reading 'data/gaussian_118_water_b3lyp_pdz_esp.cube'... mode     2
Reading 'data/gaussian_119_water_b3lyp_pdz_esp.cube'... mode     2
Reading 'data/gaussian_120_water_b3lyp_pdz_esp.cube'... mode     2
Reading 'data/gaussian_121_water_b3lyp_pdz_esp.cube'... mode     2
Reading 'data/gaussian_122_water_b3lyp_pdz_esp.cube'... mode     2
Reading 'data/gaussian_123_water_b3lyp_pdz_esp.cube'... mode     2
Reading 'data/gaussian_124_water_b3lyp_pdz_esp.cube'... mode     2
Reading 'data/gaussian_125_water_b3lyp_pdz_esp.cube'... mode     2
Reading 'data/gaussian_126_water_b3lyp_pdz_esp.cube'... mode     2
Reading 'data/gaussian_127_water_b3lyp_pdz_esp.cube'... mode     2
Reading 'data/gaussian_128_water_b3lyp_pdz_esp.cube'... mode     2
Reading 'data/gaussian_129_water_b3lyp_pdz_esp.cube'... mode     2
Reading 'data/gaussian_130_water_b3lyp_pdz_esp.cube'... mode     2
Reading 'data/gaussian_131_water_b3lyp_pdz_esp.cube'... mode     2
Reading 'data/gaussian_132_water_b3lyp_pdz_esp.cube'... mode     2
Reading 'data/gaussian_133_water_b3lyp_pdz_esp.cube'... mode     2
Reading 'data/gaussian_134_water_b3lyp_pdz_esp.cube'... mode     2
Reading 'data/gaussian_135_water_b3lyp_pdz_esp.cube'... mode     2
Reading 'data/gaussian_136_water_b3lyp_pdz_esp.cube'... mode     2
Reading 'data/gaussian_137_water_b3lyp_pdz_esp.cube'... mode     2
Reading 'data/gaussian_138_water_b3lyp_pdz_esp.cube'... mode     2
Reading 'data/gaussian_139_water_b3lyp_pdz_esp.cube'... mode     2
Reading 'data/gaussian_140_water_b3lyp_pdz_esp.cube'... mode     2
Reading 'data/gaussian_141_water_b3lyp_pdz_esp.cube'... mode     2
Reading 'data/gaussian_142_water_b3lyp_pdz_esp.cube'... mode     2
Reading 'data/gaussian_143_water_b3lyp_pdz_esp.cube'... mode     2
Reading 'data/gaussian_144_water_b3lyp_pdz_esp.cube'... mode     2
Reading 'data/gaussian_145_water_b3lyp_pdz_esp.cube'... mode     2
Reading 'data/gaussian_146_water_b3lyp_pdz_esp.cube'... mode     2
Reading 'data/gaussian_147_water_b3lyp_pdz_esp.cube'... mode     2
Reading 'data/gaussian_148_water_b3lyp_pdz_esp.cube'... mode     2
Reading 'data/gaussian_149_water_b3lyp_pdz_esp.cube'... mode     2
Reading 'data/gaussian_150_water_b3lyp_pdz_esp.cube'... mode     2
Reading 'data/gaussian_151_water_b3lyp_pdz_esp.cube'... mode     2
Reading 'data/gaussian_152_water_b3lyp_pdz_esp.cube'... mode     2
Reading 'data/gaussian_153_water_b3lyp_pdz_esp.cube'... mode     2
Reading 'data/gaussian_154_water_b3lyp_pdz_esp.cube'... mode     2
Reading 'data/gaussian_155_water_b3lyp_pdz_esp.cube'... mode     2
Reading 'data/gaussian_156_water_b3lyp_pdz_esp.cube'... mode     2
Reading 'data/gaussian_157_water_b3lyp_pdz_esp.cube'... mode     2
Reading 'data/gaussian_158_water_b3lyp_pdz_esp.cube'... mode     2
Reading 'data/gaussian_159_water_b3lyp_pdz_esp.cube'... mode     2
Reading 'data/gaussian_160_water_b3lyp_pdz_esp.cube'... mode     2
Reading 'data/gaussian_161_water_b3lyp_pdz_esp.cube'... mode     2
Reading 'data/gaussian_162_water_b3lyp_pdz_esp.cube'... mode     2
Reading 'data/gaussian_163_water_b3lyp_pdz_esp.cube'... mode     2
Reading 'data/gaussian_164_water_b3lyp_pdz_esp.cube'... mode     2
Reading 'data/gaussian_165_water_b3lyp_pdz_esp.cube'... mode     2
Reading 'data/gaussian_166_water_b3lyp_pdz_esp.cube'... mode     2
Reading 'data/gaussian_167_water_b3lyp_pdz_esp.cube'... mode     2
Reading 'data/gaussian_168_water_b3lyp_pdz_esp.cube'... mode     2
Reading 'data/gaussian_169_water_b3lyp_pdz_esp.cube'... mode     2
Reading 'data/gaussian_170_water_b3lyp_pdz_esp.cube'... mode     2
Reading 'data/gaussian_171_water_b3lyp_pdz_esp.cube'... mode     2
Reading 'data/gaussian_172_water_b3lyp_pdz_esp.cube'... mode     2
Reading 'data/gaussian_173_water_b3lyp_pdz_esp.cube'... mode     2
Reading 'data/gaussian_174_water_b3lyp_pdz_esp.cube'... mode     2
Reading 'data/gaussian_175_water_b3lyp_pdz_esp.cube'... mode     2
Reading 'data/gaussian_176_water_b3lyp_pdz_esp.cube'... mode     2
Reading 'data/gaussian_177_water_b3lyp_pdz_esp.cube'... mode     2
Reading 'data/gaussian_178_water_b3lyp_pdz_esp.cube'... mode     2
Reading 'data/gaussian_179_water_b3lyp_pdz_esp.cube'... mode     2
Reading 'data/gaussian_0_water_b3lyp_pdz_esp.cube'... mode     3
Reading 'data/gaussian_1_water_b3lyp_pdz_esp.cube'... mode     3
Reading 'data/gaussian_2_water_b3lyp_pdz_esp.cube'... mode     3
Reading 'data/gaussian_3_water_b3lyp_pdz_esp.cube'... mode     3
Reading 'data/gaussian_4_water_b3lyp_pdz_esp.cube'... mode     3
Reading 'data/gaussian_5_water_b3lyp_pdz_esp.cube'... mode     3
Reading 'data/gaussian_6_water_b3lyp_pdz_esp.cube'... mode     3
Reading 'data/gaussian_7_water_b3lyp_pdz_esp.cube'... mode     3
Reading 'data/gaussian_8_water_b3lyp_pdz_esp.cube'... mode     3
Reading 'data/gaussian_9_water_b3lyp_pdz_esp.cube'... mode     3
Reading 'data/gaussian_10_water_b3lyp_pdz_esp.cube'... mode     3
Reading 'data/gaussian_11_water_b3lyp_pdz_esp.cube'... mode     3
Reading 'data/gaussian_12_water_b3lyp_pdz_esp.cube'... mode     3
Reading 'data/gaussian_13_water_b3lyp_pdz_esp.cube'... mode     3
Reading 'data/gaussian_14_water_b3lyp_pdz_esp.cube'... mode     3
Reading 'data/gaussian_15_water_b3lyp_pdz_esp.cube'... mode     3
Reading 'data/gaussian_16_water_b3lyp_pdz_esp.cube'... mode     3
Reading 'data/gaussian_17_water_b3lyp_pdz_esp.cube'... mode     3
Reading 'data/gaussian_18_water_b3lyp_pdz_esp.cube'... mode     3
Reading 'data/gaussian_19_water_b3lyp_pdz_esp.cube'... mode     3
Reading 'data/gaussian_20_water_b3lyp_pdz_esp.cube'... mode     3
Reading 'data/gaussian_21_water_b3lyp_pdz_esp.cube'... mode     3
Reading 'data/gaussian_22_water_b3lyp_pdz_esp.cube'... mode     3
Reading 'data/gaussian_23_water_b3lyp_pdz_esp.cube'... mode     3
Reading 'data/gaussian_24_water_b3lyp_pdz_esp.cube'... mode     3
Reading 'data/gaussian_25_water_b3lyp_pdz_esp.cube'... mode     3
Reading 'data/gaussian_26_water_b3lyp_pdz_esp.cube'... mode     3
Reading 'data/gaussian_27_water_b3lyp_pdz_esp.cube'... mode     3
Reading 'data/gaussian_28_water_b3lyp_pdz_esp.cube'... mode     3
Reading 'data/gaussian_29_water_b3lyp_pdz_esp.cube'... mode     3
Reading 'data/gaussian_30_water_b3lyp_pdz_esp.cube'... mode     3
Reading 'data/gaussian_31_water_b3lyp_pdz_esp.cube'... mode     3
Reading 'data/gaussian_32_water_b3lyp_pdz_esp.cube'... mode     3
Reading 'data/gaussian_33_water_b3lyp_pdz_esp.cube'... mode     3
Reading 'data/gaussian_34_water_b3lyp_pdz_esp.cube'... mode     3
Reading 'data/gaussian_35_water_b3lyp_pdz_esp.cube'... mode     3
Reading 'data/gaussian_36_water_b3lyp_pdz_esp.cube'... mode     3
Reading 'data/gaussian_37_water_b3lyp_pdz_esp.cube'... mode     3
Reading 'data/gaussian_38_water_b3lyp_pdz_esp.cube'... mode     3
Reading 'data/gaussian_39_water_b3lyp_pdz_esp.cube'... mode     3
Reading 'data/gaussian_40_water_b3lyp_pdz_esp.cube'... mode     3
Reading 'data/gaussian_41_water_b3lyp_pdz_esp.cube'... mode     3
Reading 'data/gaussian_42_water_b3lyp_pdz_esp.cube'... mode     3
Reading 'data/gaussian_43_water_b3lyp_pdz_esp.cube'... mode     3
Reading 'data/gaussian_44_water_b3lyp_pdz_esp.cube'... mode     3
Reading 'data/gaussian_45_water_b3lyp_pdz_esp.cube'... mode     3
Reading 'data/gaussian_46_water_b3lyp_pdz_esp.cube'... mode     3
Reading 'data/gaussian_47_water_b3lyp_pdz_esp.cube'... mode     3
Reading 'data/gaussian_48_water_b3lyp_pdz_esp.cube'... mode     3
Reading 'data/gaussian_49_water_b3lyp_pdz_esp.cube'... mode     3
Reading 'data/gaussian_50_water_b3lyp_pdz_esp.cube'... mode     3
Reading 'data/gaussian_51_water_b3lyp_pdz_esp.cube'... mode     3
Reading 'data/gaussian_52_water_b3lyp_pdz_esp.cube'... mode     3
Reading 'data/gaussian_53_water_b3lyp_pdz_esp.cube'... mode     3
Reading 'data/gaussian_54_water_b3lyp_pdz_esp.cube'... mode     3
Reading 'data/gaussian_55_water_b3lyp_pdz_esp.cube'... mode     3
Reading 'data/gaussian_56_water_b3lyp_pdz_esp.cube'... mode     3
Reading 'data/gaussian_57_water_b3lyp_pdz_esp.cube'... mode     3
Reading 'data/gaussian_58_water_b3lyp_pdz_esp.cube'... mode     3
Reading 'data/gaussian_59_water_b3lyp_pdz_esp.cube'... mode     3
Reading 'data/gaussian_60_water_b3lyp_pdz_esp.cube'... mode     3
Reading 'data/gaussian_61_water_b3lyp_pdz_esp.cube'... mode     3
Reading 'data/gaussian_62_water_b3lyp_pdz_esp.cube'... mode     3
Reading 'data/gaussian_63_water_b3lyp_pdz_esp.cube'... mode     3
Reading 'data/gaussian_64_water_b3lyp_pdz_esp.cube'... mode     3
Reading 'data/gaussian_65_water_b3lyp_pdz_esp.cube'... mode     3
Reading 'data/gaussian_66_water_b3lyp_pdz_esp.cube'... mode     3
Reading 'data/gaussian_67_water_b3lyp_pdz_esp.cube'... mode     3
Reading 'data/gaussian_68_water_b3lyp_pdz_esp.cube'... mode     3
Reading 'data/gaussian_69_water_b3lyp_pdz_esp.cube'... mode     3
Reading 'data/gaussian_70_water_b3lyp_pdz_esp.cube'... mode     3
Reading 'data/gaussian_71_water_b3lyp_pdz_esp.cube'... mode     3
Reading 'data/gaussian_72_water_b3lyp_pdz_esp.cube'... mode     3
Reading 'data/gaussian_73_water_b3lyp_pdz_esp.cube'... mode     3
Reading 'data/gaussian_74_water_b3lyp_pdz_esp.cube'... mode     3
Reading 'data/gaussian_75_water_b3lyp_pdz_esp.cube'... mode     3
Reading 'data/gaussian_76_water_b3lyp_pdz_esp.cube'... mode     3
Reading 'data/gaussian_77_water_b3lyp_pdz_esp.cube'... mode     3
Reading 'data/gaussian_78_water_b3lyp_pdz_esp.cube'... mode     3
Reading 'data/gaussian_79_water_b3lyp_pdz_esp.cube'... mode     3
Reading 'data/gaussian_80_water_b3lyp_pdz_esp.cube'... mode     3
Reading 'data/gaussian_81_water_b3lyp_pdz_esp.cube'... mode     3
Reading 'data/gaussian_82_water_b3lyp_pdz_esp.cube'... mode     3
Reading 'data/gaussian_83_water_b3lyp_pdz_esp.cube'... mode     3
Reading 'data/gaussian_84_water_b3lyp_pdz_esp.cube'... mode     3
Reading 'data/gaussian_85_water_b3lyp_pdz_esp.cube'... mode     3
Reading 'data/gaussian_86_water_b3lyp_pdz_esp.cube'... mode     3
Reading 'data/gaussian_87_water_b3lyp_pdz_esp.cube'... mode     3
Reading 'data/gaussian_88_water_b3lyp_pdz_esp.cube'... mode     3
Reading 'data/gaussian_89_water_b3lyp_pdz_esp.cube'... mode     3
Reading 'data/gaussian_90_water_b3lyp_pdz_esp.cube'... mode     3
Reading 'data/gaussian_91_water_b3lyp_pdz_esp.cube'... mode     3
Reading 'data/gaussian_92_water_b3lyp_pdz_esp.cube'... mode     3
Reading 'data/gaussian_93_water_b3lyp_pdz_esp.cube'... mode     3
Reading 'data/gaussian_94_water_b3lyp_pdz_esp.cube'... mode     3
Reading 'data/gaussian_95_water_b3lyp_pdz_esp.cube'... mode     3
Reading 'data/gaussian_96_water_b3lyp_pdz_esp.cube'... mode     3
Reading 'data/gaussian_97_water_b3lyp_pdz_esp.cube'... mode     3
Reading 'data/gaussian_98_water_b3lyp_pdz_esp.cube'... mode     3
Reading 'data/gaussian_99_water_b3lyp_pdz_esp.cube'... mode     3
Reading 'data/gaussian_100_water_b3lyp_pdz_esp.cube'... mode     3
Reading 'data/gaussian_101_water_b3lyp_pdz_esp.cube'... mode     3
Reading 'data/gaussian_102_water_b3lyp_pdz_esp.cube'... mode     3
Reading 'data/gaussian_103_water_b3lyp_pdz_esp.cube'... mode     3
Reading 'data/gaussian_104_water_b3lyp_pdz_esp.cube'... mode     3
Reading 'data/gaussian_105_water_b3lyp_pdz_esp.cube'... mode     3
Reading 'data/gaussian_106_water_b3lyp_pdz_esp.cube'... mode     3
Reading 'data/gaussian_107_water_b3lyp_pdz_esp.cube'... mode     3
Reading 'data/gaussian_108_water_b3lyp_pdz_esp.cube'... mode     3
Reading 'data/gaussian_109_water_b3lyp_pdz_esp.cube'... mode     3
Reading 'data/gaussian_110_water_b3lyp_pdz_esp.cube'... mode     3
Reading 'data/gaussian_111_water_b3lyp_pdz_esp.cube'... mode     3
Reading 'data/gaussian_112_water_b3lyp_pdz_esp.cube'... mode     3
Reading 'data/gaussian_113_water_b3lyp_pdz_esp.cube'... mode     3
Reading 'data/gaussian_114_water_b3lyp_pdz_esp.cube'... mode     3
Reading 'data/gaussian_115_water_b3lyp_pdz_esp.cube'... mode     3
Reading 'data/gaussian_116_water_b3lyp_pdz_esp.cube'... mode     3
Reading 'data/gaussian_117_water_b3lyp_pdz_esp.cube'... mode     3
Reading 'data/gaussian_118_water_b3lyp_pdz_esp.cube'... mode     3
Reading 'data/gaussian_119_water_b3lyp_pdz_esp.cube'... mode     3
Reading 'data/gaussian_120_water_b3lyp_pdz_esp.cube'... mode     3
Reading 'data/gaussian_121_water_b3lyp_pdz_esp.cube'... mode     3
Reading 'data/gaussian_122_water_b3lyp_pdz_esp.cube'... mode     3
Reading 'data/gaussian_123_water_b3lyp_pdz_esp.cube'... mode     3
Reading 'data/gaussian_124_water_b3lyp_pdz_esp.cube'... mode     3
Reading 'data/gaussian_125_water_b3lyp_pdz_esp.cube'... mode     3
Reading 'data/gaussian_126_water_b3lyp_pdz_esp.cube'... mode     3
Reading 'data/gaussian_127_water_b3lyp_pdz_esp.cube'... mode     3
Reading 'data/gaussian_128_water_b3lyp_pdz_esp.cube'... mode     3
Reading 'data/gaussian_129_water_b3lyp_pdz_esp.cube'... mode     3
Reading 'data/gaussian_130_water_b3lyp_pdz_esp.cube'... mode     3
Reading 'data/gaussian_131_water_b3lyp_pdz_esp.cube'... mode     3
Reading 'data/gaussian_132_water_b3lyp_pdz_esp.cube'... mode     3
Reading 'data/gaussian_133_water_b3lyp_pdz_esp.cube'... mode     3
Reading 'data/gaussian_134_water_b3lyp_pdz_esp.cube'... mode     3
Reading 'data/gaussian_135_water_b3lyp_pdz_esp.cube'... mode     3
Reading 'data/gaussian_136_water_b3lyp_pdz_esp.cube'... mode     3
Reading 'data/gaussian_137_water_b3lyp_pdz_esp.cube'... mode     3
Reading 'data/gaussian_138_water_b3lyp_pdz_esp.cube'... mode     3
Reading 'data/gaussian_139_water_b3lyp_pdz_esp.cube'... mode     3
Reading 'data/gaussian_140_water_b3lyp_pdz_esp.cube'... mode     3
Reading 'data/gaussian_141_water_b3lyp_pdz_esp.cube'... mode     3
Reading 'data/gaussian_142_water_b3lyp_pdz_esp.cube'... mode     3
Reading 'data/gaussian_143_water_b3lyp_pdz_esp.cube'... mode     3
Reading 'data/gaussian_144_water_b3lyp_pdz_esp.cube'... mode     3
Reading 'data/gaussian_145_water_b3lyp_pdz_esp.cube'... mode     3
Reading 'data/gaussian_146_water_b3lyp_pdz_esp.cube'... mode     3
Reading 'data/gaussian_147_water_b3lyp_pdz_esp.cube'... mode     3
Reading 'data/gaussian_148_water_b3lyp_pdz_esp.cube'... mode     3
Reading 'data/gaussian_149_water_b3lyp_pdz_esp.cube'... mode     3
Reading 'data/gaussian_150_water_b3lyp_pdz_esp.cube'... mode     3
Reading 'data/gaussian_151_water_b3lyp_pdz_esp.cube'... mode     3
Reading 'data/gaussian_152_water_b3lyp_pdz_esp.cube'... mode     3
Reading 'data/gaussian_153_water_b3lyp_pdz_esp.cube'... mode     3
Reading 'data/gaussian_154_water_b3lyp_pdz_esp.cube'... mode     3
Reading 'data/gaussian_155_water_b3lyp_pdz_esp.cube'... mode     3
Reading 'data/gaussian_156_water_b3lyp_pdz_esp.cube'... mode     3
Reading 'data/gaussian_157_water_b3lyp_pdz_esp.cube'... mode     3
Reading 'data/gaussian_158_water_b3lyp_pdz_esp.cube'... mode     3
Reading 'data/gaussian_159_water_b3lyp_pdz_esp.cube'... mode     3
Reading 'data/gaussian_160_water_b3lyp_pdz_esp.cube'... mode     3
Reading 'data/gaussian_161_water_b3lyp_pdz_esp.cube'... mode     3
Reading 'data/gaussian_162_water_b3lyp_pdz_esp.cube'... mode     3
Reading 'data/gaussian_163_water_b3lyp_pdz_esp.cube'... mode     3
Reading 'data/gaussian_164_water_b3lyp_pdz_esp.cube'... mode     3
Reading 'data/gaussian_165_water_b3lyp_pdz_esp.cube'... mode     3
Reading 'data/gaussian_166_water_b3lyp_pdz_esp.cube'... mode     3
Reading 'data/gaussian_167_water_b3lyp_pdz_esp.cube'... mode     3
Reading 'data/gaussian_168_water_b3lyp_pdz_esp.cube'... mode     3
Reading 'data/gaussian_169_water_b3lyp_pdz_esp.cube'... mode     3
Reading 'data/gaussian_170_water_b3lyp_pdz_esp.cube'... mode     3
Reading 'data/gaussian_171_water_b3lyp_pdz_esp.cube'... mode     3
Reading 'data/gaussian_172_water_b3lyp_pdz_esp.cube'... mode     3
Reading 'data/gaussian_173_water_b3lyp_pdz_esp.cube'... mode     3
Reading 'data/gaussian_174_water_b3lyp_pdz_esp.cube'... mode     3
Reading 'data/gaussian_175_water_b3lyp_pdz_esp.cube'... mode     3
Reading 'data/gaussian_176_water_b3lyp_pdz_esp.cube'... mode     3
Reading 'data/gaussian_177_water_b3lyp_pdz_esp.cube'... mode     3
Reading 'data/gaussian_178_water_b3lyp_pdz_esp.cube'... mode     3
Reading 'data/gaussian_179_water_b3lyp_pdz_esp.cube'... mode     3
Reading 'source/water.dcm'...
Start computing local axis systems ...
Reading 'data/gaussian_0_water_b3lyp_pdz_esp.cube'... mode     4
Reading 'data/gaussian_1_water_b3lyp_pdz_esp.cube'... mode     4
Reading 'data/gaussian_2_water_b3lyp_pdz_esp.cube'... mode     4
Reading 'data/gaussian_3_water_b3lyp_pdz_esp.cube'... mode     4
Reading 'data/gaussian_4_water_b3lyp_pdz_esp.cube'... mode     4
Reading 'data/gaussian_5_water_b3lyp_pdz_esp.cube'... mode     4
Reading 'data/gaussian_6_water_b3lyp_pdz_esp.cube'... mode     4
Reading 'data/gaussian_7_water_b3lyp_pdz_esp.cube'... mode     4
Reading 'data/gaussian_8_water_b3lyp_pdz_esp.cube'... mode     4
Reading 'data/gaussian_9_water_b3lyp_pdz_esp.cube'... mode     4
Reading 'data/gaussian_10_water_b3lyp_pdz_esp.cube'... mode     4
Reading 'data/gaussian_11_water_b3lyp_pdz_esp.cube'... mode     4
Reading 'data/gaussian_12_water_b3lyp_pdz_esp.cube'... mode     4
Reading 'data/gaussian_13_water_b3lyp_pdz_esp.cube'... mode     4
Reading 'data/gaussian_14_water_b3lyp_pdz_esp.cube'... mode     4
Reading 'data/gaussian_15_water_b3lyp_pdz_esp.cube'... mode     4
Reading 'data/gaussian_16_water_b3lyp_pdz_esp.cube'... mode     4
Reading 'data/gaussian_17_water_b3lyp_pdz_esp.cube'... mode     4
Reading 'data/gaussian_18_water_b3lyp_pdz_esp.cube'... mode     4
Reading 'data/gaussian_19_water_b3lyp_pdz_esp.cube'... mode     4
Reading 'data/gaussian_20_water_b3lyp_pdz_esp.cube'... mode     4
Reading 'data/gaussian_21_water_b3lyp_pdz_esp.cube'... mode     4
Reading 'data/gaussian_22_water_b3lyp_pdz_esp.cube'... mode     4
Reading 'data/gaussian_23_water_b3lyp_pdz_esp.cube'... mode     4
Reading 'data/gaussian_24_water_b3lyp_pdz_esp.cube'... mode     4
Reading 'data/gaussian_25_water_b3lyp_pdz_esp.cube'... mode     4
Reading 'data/gaussian_26_water_b3lyp_pdz_esp.cube'... mode     4
Reading 'data/gaussian_27_water_b3lyp_pdz_esp.cube'... mode     4
Reading 'data/gaussian_28_water_b3lyp_pdz_esp.cube'... mode     4
Reading 'data/gaussian_29_water_b3lyp_pdz_esp.cube'... mode     4
Reading 'data/gaussian_30_water_b3lyp_pdz_esp.cube'... mode     4
Reading 'data/gaussian_31_water_b3lyp_pdz_esp.cube'... mode     4
Reading 'data/gaussian_32_water_b3lyp_pdz_esp.cube'... mode     4
Reading 'data/gaussian_33_water_b3lyp_pdz_esp.cube'... mode     4
Reading 'data/gaussian_34_water_b3lyp_pdz_esp.cube'... mode     4
Reading 'data/gaussian_35_water_b3lyp_pdz_esp.cube'... mode     4
Reading 'data/gaussian_36_water_b3lyp_pdz_esp.cube'... mode     4
Reading 'data/gaussian_37_water_b3lyp_pdz_esp.cube'... mode     4
Reading 'data/gaussian_38_water_b3lyp_pdz_esp.cube'... mode     4
Reading 'data/gaussian_39_water_b3lyp_pdz_esp.cube'... mode     4
Reading 'data/gaussian_40_water_b3lyp_pdz_esp.cube'... mode     4
Reading 'data/gaussian_41_water_b3lyp_pdz_esp.cube'... mode     4
Reading 'data/gaussian_42_water_b3lyp_pdz_esp.cube'... mode     4
Reading 'data/gaussian_43_water_b3lyp_pdz_esp.cube'... mode     4
Reading 'data/gaussian_44_water_b3lyp_pdz_esp.cube'... mode     4
Reading 'data/gaussian_45_water_b3lyp_pdz_esp.cube'... mode     4
Reading 'data/gaussian_46_water_b3lyp_pdz_esp.cube'... mode     4
Reading 'data/gaussian_47_water_b3lyp_pdz_esp.cube'... mode     4
Reading 'data/gaussian_48_water_b3lyp_pdz_esp.cube'... mode     4
Reading 'data/gaussian_49_water_b3lyp_pdz_esp.cube'... mode     4
Reading 'data/gaussian_50_water_b3lyp_pdz_esp.cube'... mode     4
Reading 'data/gaussian_51_water_b3lyp_pdz_esp.cube'... mode     4
Reading 'data/gaussian_52_water_b3lyp_pdz_esp.cube'... mode     4
Reading 'data/gaussian_53_water_b3lyp_pdz_esp.cube'... mode     4
Reading 'data/gaussian_54_water_b3lyp_pdz_esp.cube'... mode     4
Reading 'data/gaussian_55_water_b3lyp_pdz_esp.cube'... mode     4
Reading 'data/gaussian_56_water_b3lyp_pdz_esp.cube'... mode     4
Reading 'data/gaussian_57_water_b3lyp_pdz_esp.cube'... mode     4
Reading 'data/gaussian_58_water_b3lyp_pdz_esp.cube'... mode     4
Reading 'data/gaussian_59_water_b3lyp_pdz_esp.cube'... mode     4
Reading 'data/gaussian_60_water_b3lyp_pdz_esp.cube'... mode     4
Reading 'data/gaussian_61_water_b3lyp_pdz_esp.cube'... mode     4
Reading 'data/gaussian_62_water_b3lyp_pdz_esp.cube'... mode     4
Reading 'data/gaussian_63_water_b3lyp_pdz_esp.cube'... mode     4
Reading 'data/gaussian_64_water_b3lyp_pdz_esp.cube'... mode     4
Reading 'data/gaussian_65_water_b3lyp_pdz_esp.cube'... mode     4
Reading 'data/gaussian_66_water_b3lyp_pdz_esp.cube'... mode     4
Reading 'data/gaussian_67_water_b3lyp_pdz_esp.cube'... mode     4
Reading 'data/gaussian_68_water_b3lyp_pdz_esp.cube'... mode     4
Reading 'data/gaussian_69_water_b3lyp_pdz_esp.cube'... mode     4
Reading 'data/gaussian_70_water_b3lyp_pdz_esp.cube'... mode     4
Reading 'data/gaussian_71_water_b3lyp_pdz_esp.cube'... mode     4
Reading 'data/gaussian_72_water_b3lyp_pdz_esp.cube'... mode     4
system_label
--------------
type(str):
  Label tag of your system for file identification.
  Each written file includes this label.
Your input:  water_b3lyp_pdz

system_file_coord
-------------------
type(str):
  Path to a cartesian 'xyz' or z-matrix 'zmat' file.
Your input:  source/water.xyz

system_file_type
------------------
type(str): ('xyz', 'zmat'), default 'xyz'
  Type identifier of your coordinate file as
  cartesian 'xyz' or z-matrix 'zmat' file.
Your input:  xyz

system_total_charge
---------------------
type(int), optional: default '0'
  Total charge of your system.
  Only integer charges are possible.
Your input:  0

system_spin_multiplicity
--------------------------
type(int), optional: default '1'
  Spin multiplicity of your system.
  The multiplicity is related to your total spin S by:
    multiplicity = 2*S + 1
Your input:  1

scan_dofs
-----------
type(list), optional: default 'None'
  List defining the degrees of freedom to scan over.
  In case of 'xyz' coordination file format, the list
  must contain sublists of atom indices. The length of the
  sublist defines the type 'bond', 'angle', 'dihedral'.
  To match the parameter value, only the respectively last
  atom in the list is moved.
    Example:
      scan_dofs = [
          [0, 1],        # <- Bond between atom 0 and 1
          [1, 0, 2],     # <- Angle between atoms 1<-0->2
          [2, 0, 1, 3]   # <- Dihedral angle
      ]
  In case of 'zmat' coordination file format, the list
  must contain sublists of the respective variable label
  in the zmat file and the type definition.
    Example:
      Z-matrix file:
        O
        O 1 dOO
        H 1 dHO1 2 aHOO1
        H 2 dHO2 1 aHOO2 3 dihHOOH

        dOO     = 1.2
        dHO1    = 1.0
        dHO2    = 1.0
        aHOO1   = 60.0
        aHOO2   = 60.0
        dihHOOH = 180.0
      ----
      scan_dofs = [
          ['dOO', 'bond'],
          ['aHOO1', 'angle'],
          ['dihHOOH', 'dihdral'],
      ]
  If scan_dofs is not defined or as None, only the system
  conformation in the coordinate file is evaluated.
Your input:  [[0, 1], [0, 2], [1, 0, 2]]

scan_steps
------------
type(list), optional: default 'None'
  List defining the grid steps for the degrees of freedom
  defined in 'scan_dofs'. Bonds are given in Angstrom and
  angular parameter in degree.
    Example (see example coordinates in 'scan_dofs'):
      scan_steps = [
          [0.9, 1.0, 1.1],    # <- Bond distances
          [50, 60, 70, 80],   # <- Angles
          [0., 90., 180.]     # <- Dihedral angles
      ]
  If scan_steps is not defined or as None, only the system
  conformation in the coordinate file is evaluated.
Your input:  [[0.909, 0.959, 1.009], [0.909, 0.959, 1.009], array([ 84.45,  86.45,  88.45,  90.45,  92.45,  94.45,  96.45,  98.45,
       100.45, 102.45, 104.45, 106.45, 108.45, 110.45, 112.45, 114.45,
       116.45, 118.45, 120.45, 122.45])]

scan_constrained_opt
----------------------
type(bool), optional: default 'False'
  Whether if perform constrained optimization for each
  grid point in the scan or just single point.
Your input:  False

scan_write_esp_cube
---------------------
type(bool), optional: default 'True'
  Write a cube file with the electrostatic potential.

scan_write_dens_cube
----------------------
type(bool), optional: default 'True'
  Write a cube file with the electron density.

scan_qm_program
-----------------
type(str), optional: default 'Gaussian'
  QM calculation program for evaluating potential,
  electron density and ESP.
Your input:  Gaussian

scan_qm_method
----------------
type(str), optional: default 'HF'
  QM method, see documentation for available methods with
  the respective QM program.
Your input:  B3LYP

scan_qm_basis_set
-------------------
type(str), optional: default 'cc-pVDZ'
  QM atom centred basis set, see documentation for
  available basis set in the respective QM program.
Your input:  6-31g*

scan_parallel_tasks
---------------------
type(int), optional: default '1'
  Number of parallel QM calculations on your machine.
Your input:  10

scan_cpus_per_task
--------------------
type(int), optional: default '1'
  Number of available CPUs per task.
Your input:  4

scan_memory_per_task
----------------------
type(int), optional: default '1000'
  Amount of requested memory per single CPU in MB.
  In general, declared memory available in the QM programm
  is usually just 90% of the total memory declared in the
  bash script file.
Your input:  1600

scan_overwrite
----------------
type(bool), optional: default 'False'
  Whether to recompute the system at grid points even if 
  all output files are given and viable (successful run).
Your input:  False

scan_time_check_tasks
-----------------------
type(int), optional: default '60'
  Time delay in seconds to check the status of the tasks
  and submit next ones.
Your input:  10

1.72132693341552
1.72132693341552
[1.69413441 1.50740457 1.32247695 1.14153695 0.96637933 0.80144157
 0.65567467 0.54747738 0.50006717 0.52956172 0.62444659 0.76239132
 0.92561667 1.09914059 1.27976888 1.46412867 1.64934104 1.83406559
 2.01803683 2.2012391  2.3139582  2.11822757 1.92311027 1.73077742
 1.54066142 1.35266478 1.17436271 1.0064554  0.85834511 0.74285613
 0.67548886 0.67038449 0.72975437 0.84035695 0.98331295 1.14607619
 1.3206538  1.50285651 1.68868    1.8759026  3.05498976 2.8584359
 2.66027662 2.46548637 2.27355854 2.08421791 1.90101492 1.72595525
 1.56204817 1.4152328  1.28844032 1.18734777 1.12412702 1.10264305
 1.12346533 1.18779416 1.28511776 1.4103732  1.5543894  1.71224583
 2.25841075 2.06321107 1.86928101 1.67658359 1.48797994 1.30584107
 1.13102542 0.96874567 0.82920811 0.72336863 0.67256284 0.68522353
 0.75959949 0.87833742 1.02668746 1.19185621 1.36846554 1.55121397
 1.73655672 1.92356938 2.77511145 2.56272714 2.34957248 2.13418098
 1.91946585 1.70388105 1.48895806 1.27510781 1.06346569 0.85635491
 0.65864632 0.48300515 0.36366554 0.36159456 0.47725884 0.65020397
 0.84558278 1.04979978 1.25746129 1.46561795 3.43731957 3.21710544
 2.99673811 2.7757226  2.55494769 2.33403046 2.11308553 1.894553
 1.6776044  1.4627211  1.25414376 1.05583146 0.87385189 0.72289821
 0.62507794 0.60680099 0.67366674 0.80405687 0.97307021 1.16130786
 2.96869159 2.77483984 2.58116204 2.39228397 2.2056104  2.02356095
 1.84967881 1.68323559 1.53041095 1.395681   1.28452311 1.20619815
 1.16417441 1.16156319 1.20009451 1.27699304 1.38258053 1.51305457
 1.65983133 1.81940623 3.39850017 3.18183275 2.96304325 2.74530487
 2.52625118 2.30737722 2.09032437 1.87424578 1.66066633 1.45417457
 1.25381522 1.06632399 0.89966535 0.76916436 0.69458162 0.69427143
 0.76834337 0.8965769  1.05790283 1.24101935 3.97383807 3.74441537
 3.51296277 3.28053633 3.04725947 2.81341862 2.57791227 2.34177145
 2.10522945 1.86847655 1.63227291 1.39760353 1.16575923 0.9400907
 0.72657691 0.54036784 0.41951463 0.4244226  0.55079776 0.73671525]
0 (0.909, 0.909, 84.45) 1.6941344139327095
1 (0.909, 0.909, 86.45) 1.5074045698875729
2 (0.909, 0.909, 88.45) 1.3224769471040787
3 (0.909, 0.909, 90.45) 1.1415369517880385
4 (0.909, 0.909, 92.45) 0.9663793265118777
5 (0.909, 0.909, 94.45) 0.8014415716273232
6 (0.909, 0.909, 96.45) 0.6556746664084501
7 (0.909, 0.909, 98.45) 0.547477377094686
8 (0.909, 0.909, 100.45) 0.5000671662823042
9 (0.909, 0.909, 102.45) 0.5295617219407454
10 (0.909, 0.909, 104.45) 0.6244465927250121
11 (0.909, 0.909, 106.45) 0.762391318971793
12 (0.909, 0.909, 108.45) 0.9256166725717172
13 (0.909, 0.909, 110.45) 1.099140588018092
14 (0.909, 0.909, 112.45) 1.2797688816841428
15 (0.909, 0.909, 114.45) 1.464128670335198
16 (0.909, 0.909, 116.45) 1.6493410429726945
17 (0.909, 0.909, 118.45) 1.8340655907096255
18 (0.909, 0.909, 120.45) 2.0180368285220758
19 (0.909, 0.909, 122.45) 2.2012390956680474
20 (0.909, 0.959, 84.45) 2.313958196033772
21 (0.909, 0.959, 86.45) 2.118227574543178
22 (0.909, 0.959, 88.45) 1.923110273847227
23 (0.909, 0.959, 90.45) 1.7307774245482972
24 (0.909, 0.959, 92.45) 1.540661423347796
25 (0.909, 0.959, 94.45) 1.352664783235375
26 (0.909, 0.959, 96.45) 1.1743627073240566
27 (0.909, 0.959, 98.45) 1.0064554011102125
28 (0.909, 0.959, 100.45) 0.8583451062507128
29 (0.909, 0.959, 102.45) 0.7428561268353936
30 (0.909, 0.959, 104.45) 0.6754888628225723
31 (0.909, 0.959, 106.45) 0.6703844940516963
32 (0.909, 0.959, 108.45) 0.7297543653319454
33 (0.909, 0.959, 110.45) 0.8403569510316076
34 (0.909, 0.959, 112.45) 0.983312950140956
35 (0.909, 0.959, 114.45) 1.1460761884655655
36 (0.909, 0.959, 116.45) 1.3206537963532976
37 (0.909, 0.959, 118.45) 1.5028565056868441
38 (0.909, 0.959, 120.45) 1.6886800010937975
39 (0.909, 0.959, 122.45) 1.8759025968886374
40 (0.909, 1.009, 84.45) 3.054989758730026
41 (0.909, 1.009, 86.45) 2.8584359013342047
42 (0.909, 1.009, 88.45) 2.6602766205737822
43 (0.909, 1.009, 90.45) 2.4654863667277884
44 (0.909, 1.009, 92.45) 2.273558544672744
45 (0.909, 1.009, 94.45) 2.0842179138896735
46 (0.909, 1.009, 96.45) 1.9010149219262584
47 (0.909, 1.009, 98.45) 1.7259552456050293
48 (0.909, 1.009, 100.45) 1.5620481697936397
49 (0.909, 1.009, 102.45) 1.415232798654762
50 (0.909, 1.009, 104.45) 1.2884403238861302
51 (0.909, 1.009, 106.45) 1.1873477745618246
52 (0.909, 1.009, 108.45) 1.1241270182245426
53 (0.909, 1.009, 110.45) 1.1026430470071638
54 (0.909, 1.009, 112.45) 1.1234653334424662
55 (0.909, 1.009, 114.45) 1.1877941630998101
56 (0.909, 1.009, 116.45) 1.2851177624048267
57 (0.909, 1.009, 118.45) 1.4103731985115688
58 (0.909, 1.009, 120.45) 1.5543894007211663
59 (0.909, 1.009, 122.45) 1.7122458253890016
60 (0.959, 0.909, 84.45) 2.2584107480099282
61 (0.959, 0.909, 86.45) 2.063211065885359
62 (0.959, 0.909, 88.45) 1.8692810134181526
63 (0.959, 0.909, 90.45) 1.6765835933178477
64 (0.959, 0.909, 92.45) 1.4879799441869082
65 (0.959, 0.909, 94.45) 1.3058410657434074
66 (0.959, 0.909, 96.45) 1.131025423908143
67 (0.959, 0.909, 98.45) 0.968745672223542
68 (0.959, 0.909, 100.45) 0.8292081078142374
69 (0.959, 0.909, 102.45) 0.7233686341739362
70 (0.959, 0.909, 104.45) 0.6725628432451698
71 (0.959, 0.909, 106.45) 0.6852235251042168
72 (0.959, 0.909, 108.45) 0.759599494306497
73 (0.959, 0.909, 110.45) 0.8783374193601602
74 (0.959, 0.909, 112.45) 1.0266874559225336
75 (0.959, 0.909, 114.45) 1.191856213383202
76 (0.959, 0.909, 116.45) 1.368465538508922
77 (0.959, 0.909, 118.45) 1.5512139711814812
78 (0.959, 0.909, 120.45) 1.7365567150407948
79 (0.959, 0.909, 122.45) 1.9235693779521326
80 (0.959, 0.959, 84.45) 2.775111446108024
81 (0.959, 0.959, 86.45) 2.5627271441155224
82 (0.959, 0.959, 88.45) 2.349572484252872
83 (0.959, 0.959, 90.45) 2.1341809805324288
84 (0.959, 0.959, 92.45) 1.9194658548276982
85 (0.959, 0.959, 94.45) 1.7038810530623543
86 (0.959, 0.959, 96.45) 1.4889580590979832
87 (0.959, 0.959, 98.45) 1.275107806175906
88 (0.959, 0.959, 100.45) 1.063465694852176
89 (0.959, 0.959, 102.45) 0.8563549121222086
90 (0.959, 0.959, 104.45) 0.6586463242205558
91 (0.959, 0.959, 106.45) 0.4830051468718578
92 (0.959, 0.959, 108.45) 0.3636655423157909
93 (0.959, 0.959, 110.45) 0.3615945638229951
94 (0.959, 0.959, 112.45) 0.47725883772295563
95 (0.959, 0.959, 114.45) 0.6502039730213987
96 (0.959, 0.959, 116.45) 0.8455827760674541
97 (0.959, 0.959, 118.45) 1.0497997774528889
98 (0.959, 0.959, 120.45) 1.2574612940658714
99 (0.959, 0.959, 122.45) 1.465617952638645
100 (0.959, 1.009, 84.45) 3.4373195678094883
101 (0.959, 1.009, 86.45) 3.2171054384494084
102 (0.959, 1.009, 88.45) 2.996738109523718
103 (0.959, 1.009, 90.45) 2.7757226005715983
104 (0.959, 1.009, 92.45) 2.554947685523859
105 (0.959, 1.009, 94.45) 2.3340304612399585
106 (0.959, 1.009, 96.45) 2.113085531800001
107 (0.959, 1.009, 98.45) 1.8945529981160043
108 (0.959, 1.009, 100.45) 1.677604400859208
109 (0.959, 1.009, 102.45) 1.4627210960913786
110 (0.959, 1.009, 104.45) 1.2541437597578735
111 (0.959, 1.009, 106.45) 1.0558314628215972
112 (0.959, 1.009, 108.45) 0.873851886573821
113 (0.959, 1.009, 110.45) 0.7228982061832637
114 (0.959, 1.009, 112.45) 0.6250779356181158
115 (0.959, 1.009, 114.45) 0.6068009906333186
116 (0.959, 1.009, 116.45) 0.6736667363612046
117 (0.959, 1.009, 118.45) 0.8040568747761646
118 (0.959, 1.009, 120.45) 0.9730702129950121
119 (0.959, 1.009, 122.45) 1.1613078571238036
120 (1.009, 0.909, 84.45) 2.9686915941886562
121 (1.009, 0.909, 86.45) 2.774839844367837
122 (1.009, 0.909, 88.45) 2.5811620360258676
123 (1.009, 0.909, 90.45) 2.392283974098958
124 (1.009, 0.909, 92.45) 2.2056104020118394
125 (1.009, 0.909, 94.45) 2.0235609482540795
126 (1.009, 0.909, 96.45) 1.849678811780802
127 (1.009, 0.909, 98.45) 1.6832355922036857
128 (1.009, 0.909, 100.45) 1.5304109485184598
129 (1.009, 0.909, 102.45) 1.3956810037070455
130 (1.009, 0.909, 104.45) 1.2845231147691523
131 (1.009, 0.909, 106.45) 1.2061981513334132
132 (1.009, 0.909, 108.45) 1.1641744102585831
133 (1.009, 0.909, 110.45) 1.161563186173837
134 (1.009, 0.909, 112.45) 1.200094510520579
135 (1.009, 0.909, 114.45) 1.2769930386197406
136 (1.009, 0.909, 116.45) 1.3825805262880324
137 (1.009, 0.909, 118.45) 1.513054572369818
138 (1.009, 0.909, 120.45) 1.6598313314430932
139 (1.009, 0.909, 122.45) 1.819406227692404
140 (1.009, 0.959, 84.45) 3.398500166527637
141 (1.009, 0.959, 86.45) 3.181832752529711
142 (1.009, 0.959, 88.45) 2.9630432470787342
143 (1.009, 0.959, 90.45) 2.74530486743903
144 (1.009, 0.959, 92.45) 2.526251179372104
145 (1.009, 0.959, 94.45) 2.307377221124964
146 (1.009, 0.959, 96.45) 2.0903243686949216
147 (1.009, 0.959, 98.45) 1.8742457827845755
148 (1.009, 0.959, 100.45) 1.6606663267158335
149 (1.009, 0.959, 102.45) 1.454174565805786
150 (1.009, 0.959, 104.45) 1.253815215374244
151 (1.009, 0.959, 106.45) 1.0663239921225764
152 (1.009, 0.959, 108.45) 0.8996653455489917
153 (1.009, 0.959, 110.45) 0.7691643557112797
154 (1.009, 0.959, 112.45) 0.6945816174892636
155 (1.009, 0.959, 114.45) 0.6942714315816901
156 (1.009, 0.959, 116.45) 0.7683433733769831
157 (1.009, 0.959, 118.45) 0.8965768960051355
158 (1.009, 0.959, 120.45) 1.0579028276549025
159 (1.009, 0.959, 122.45) 1.2410193525174393
160 (1.009, 1.009, 84.45) 3.9738380676812866
161 (1.009, 1.009, 86.45) 3.7444153686354764
162 (1.009, 1.009, 88.45) 3.512962771230142
163 (1.009, 1.009, 90.45) 3.280536334925968
164 (1.009, 1.009, 92.45) 3.0472594745023347
165 (1.009, 1.009, 94.45) 2.8134186155261194
166 (1.009, 1.009, 96.45) 2.5779122701999806
167 (1.009, 1.009, 98.45) 2.3417714489039922
168 (1.009, 1.009, 100.45) 2.105229446804692
169 (1.009, 1.009, 102.45) 1.8684765543332202
170 (1.009, 1.009, 104.45) 1.6322729121325321
171 (1.009, 1.009, 106.45) 1.3976035294437628
172 (1.009, 1.009, 108.45) 1.1657592335782114
173 (1.009, 1.009, 110.45) 0.940090701286877
174 (1.009, 1.009, 112.45) 0.726576912725052
175 (1.009, 1.009, 114.45) 0.5403678441401218
176 (1.009, 1.009, 116.45) 0.4195146265138592
177 (1.009, 1.009, 118.45) 0.4244226013631373
178 (1.009, 1.009, 120.45) 0.5507977550408536
179 (1.009, 1.009, 122.45) 0.7367152490576158
Reading 'data/gaussian_73_water_b3lyp_pdz_esp.cube'... mode     4
Reading 'data/gaussian_74_water_b3lyp_pdz_esp.cube'... mode     4
Reading 'data/gaussian_75_water_b3lyp_pdz_esp.cube'... mode     4
Reading 'data/gaussian_76_water_b3lyp_pdz_esp.cube'... mode     4
Reading 'data/gaussian_77_water_b3lyp_pdz_esp.cube'... mode     4
Reading 'data/gaussian_78_water_b3lyp_pdz_esp.cube'... mode     4
Reading 'data/gaussian_79_water_b3lyp_pdz_esp.cube'... mode     4
Reading 'data/gaussian_80_water_b3lyp_pdz_esp.cube'... mode     4
Reading 'data/gaussian_81_water_b3lyp_pdz_esp.cube'... mode     4
Reading 'data/gaussian_82_water_b3lyp_pdz_esp.cube'... mode     4
Reading 'data/gaussian_83_water_b3lyp_pdz_esp.cube'... mode     4
Reading 'data/gaussian_84_water_b3lyp_pdz_esp.cube'... mode     4
Reading 'data/gaussian_85_water_b3lyp_pdz_esp.cube'... mode     4
Reading 'data/gaussian_86_water_b3lyp_pdz_esp.cube'... mode     4
Reading 'data/gaussian_87_water_b3lyp_pdz_esp.cube'... mode     4
Reading 'data/gaussian_88_water_b3lyp_pdz_esp.cube'... mode     4
Reading 'data/gaussian_89_water_b3lyp_pdz_esp.cube'... mode     4
Reading 'data/gaussian_90_water_b3lyp_pdz_esp.cube'... mode     4
Reading 'data/gaussian_91_water_b3lyp_pdz_esp.cube'... mode     4
Reading 'data/gaussian_92_water_b3lyp_pdz_esp.cube'... mode     4
Reading 'data/gaussian_93_water_b3lyp_pdz_esp.cube'... mode     4
Reading 'data/gaussian_94_water_b3lyp_pdz_esp.cube'... mode     4
Reading 'data/gaussian_95_water_b3lyp_pdz_esp.cube'... mode     4
Reading 'data/gaussian_96_water_b3lyp_pdz_esp.cube'... mode     4
Reading 'data/gaussian_97_water_b3lyp_pdz_esp.cube'... mode     4
Reading 'data/gaussian_98_water_b3lyp_pdz_esp.cube'... mode     4
Reading 'data/gaussian_99_water_b3lyp_pdz_esp.cube'... mode     4
Reading 'data/gaussian_100_water_b3lyp_pdz_esp.cube'... mode     4
Reading 'data/gaussian_101_water_b3lyp_pdz_esp.cube'... mode     4
Reading 'data/gaussian_102_water_b3lyp_pdz_esp.cube'... mode     4
Reading 'data/gaussian_103_water_b3lyp_pdz_esp.cube'... mode     4
Reading 'data/gaussian_104_water_b3lyp_pdz_esp.cube'... mode     4
Reading 'data/gaussian_105_water_b3lyp_pdz_esp.cube'... mode     4
Reading 'data/gaussian_106_water_b3lyp_pdz_esp.cube'... mode     4
Reading 'data/gaussian_107_water_b3lyp_pdz_esp.cube'... mode     4
Reading 'data/gaussian_108_water_b3lyp_pdz_esp.cube'... mode     4
Reading 'data/gaussian_109_water_b3lyp_pdz_esp.cube'... mode     4
Reading 'data/gaussian_110_water_b3lyp_pdz_esp.cube'... mode     4
Reading 'data/gaussian_111_water_b3lyp_pdz_esp.cube'... mode     4
Reading 'data/gaussian_112_water_b3lyp_pdz_esp.cube'... mode     4
Reading 'data/gaussian_113_water_b3lyp_pdz_esp.cube'... mode     4
Reading 'data/gaussian_114_water_b3lyp_pdz_esp.cube'... mode     4
Reading 'data/gaussian_115_water_b3lyp_pdz_esp.cube'... mode     4
Reading 'data/gaussian_116_water_b3lyp_pdz_esp.cube'... mode     4
Reading 'data/gaussian_117_water_b3lyp_pdz_esp.cube'... mode     4
Reading 'data/gaussian_118_water_b3lyp_pdz_esp.cube'... mode     4
Reading 'data/gaussian_119_water_b3lyp_pdz_esp.cube'... mode     4
Reading 'data/gaussian_120_water_b3lyp_pdz_esp.cube'... mode     4
Reading 'data/gaussian_121_water_b3lyp_pdz_esp.cube'... mode     4
Reading 'data/gaussian_122_water_b3lyp_pdz_esp.cube'... mode     4
Reading 'data/gaussian_123_water_b3lyp_pdz_esp.cube'... mode     4
Reading 'data/gaussian_124_water_b3lyp_pdz_esp.cube'... mode     4
Reading 'data/gaussian_125_water_b3lyp_pdz_esp.cube'... mode     4
Reading 'data/gaussian_126_water_b3lyp_pdz_esp.cube'... mode     4
Reading 'data/gaussian_127_water_b3lyp_pdz_esp.cube'... mode     4
Reading 'data/gaussian_128_water_b3lyp_pdz_esp.cube'... mode     4
Reading 'data/gaussian_129_water_b3lyp_pdz_esp.cube'... mode     4
Reading 'data/gaussian_130_water_b3lyp_pdz_esp.cube'... mode     4
Reading 'data/gaussian_131_water_b3lyp_pdz_esp.cube'... mode     4
Reading 'data/gaussian_132_water_b3lyp_pdz_esp.cube'... mode     4
Reading 'data/gaussian_133_water_b3lyp_pdz_esp.cube'... mode     4
Reading 'data/gaussian_134_water_b3lyp_pdz_esp.cube'... mode     4
Reading 'data/gaussian_135_water_b3lyp_pdz_esp.cube'... mode     4
Reading 'data/gaussian_136_water_b3lyp_pdz_esp.cube'... mode     4
Reading 'data/gaussian_137_water_b3lyp_pdz_esp.cube'... mode     4
Reading 'data/gaussian_138_water_b3lyp_pdz_esp.cube'... mode     4
Reading 'data/gaussian_139_water_b3lyp_pdz_esp.cube'... mode     4
Reading 'data/gaussian_140_water_b3lyp_pdz_esp.cube'... mode     4
Reading 'data/gaussian_141_water_b3lyp_pdz_esp.cube'... mode     4
Reading 'data/gaussian_142_water_b3lyp_pdz_esp.cube'... mode     4
Reading 'data/gaussian_143_water_b3lyp_pdz_esp.cube'... mode     4
Reading 'data/gaussian_144_water_b3lyp_pdz_esp.cube'... mode     4
Reading 'data/gaussian_145_water_b3lyp_pdz_esp.cube'... mode     4
Reading 'data/gaussian_146_water_b3lyp_pdz_esp.cube'... mode     4
Reading 'data/gaussian_147_water_b3lyp_pdz_esp.cube'... mode     4
Reading 'data/gaussian_148_water_b3lyp_pdz_esp.cube'... mode     4
Reading 'data/gaussian_149_water_b3lyp_pdz_esp.cube'... mode     4
Reading 'data/gaussian_150_water_b3lyp_pdz_esp.cube'... mode     4
Reading 'data/gaussian_151_water_b3lyp_pdz_esp.cube'... mode     4
Reading 'data/gaussian_152_water_b3lyp_pdz_esp.cube'... mode     4
Reading 'data/gaussian_153_water_b3lyp_pdz_esp.cube'... mode     4
Reading 'data/gaussian_154_water_b3lyp_pdz_esp.cube'... mode     4
Reading 'data/gaussian_155_water_b3lyp_pdz_esp.cube'... mode     4
Reading 'data/gaussian_156_water_b3lyp_pdz_esp.cube'... mode     4
Reading 'data/gaussian_157_water_b3lyp_pdz_esp.cube'... mode     4
Reading 'data/gaussian_158_water_b3lyp_pdz_esp.cube'... mode     4
Reading 'data/gaussian_159_water_b3lyp_pdz_esp.cube'... mode     4
Reading 'data/gaussian_160_water_b3lyp_pdz_esp.cube'... mode     4
Reading 'data/gaussian_161_water_b3lyp_pdz_esp.cube'... mode     4
Reading 'data/gaussian_162_water_b3lyp_pdz_esp.cube'... mode     4
Reading 'data/gaussian_163_water_b3lyp_pdz_esp.cube'... mode     4
Reading 'data/gaussian_164_water_b3lyp_pdz_esp.cube'... mode     4
Reading 'data/gaussian_165_water_b3lyp_pdz_esp.cube'... mode     4
Reading 'data/gaussian_166_water_b3lyp_pdz_esp.cube'... mode     4
Reading 'data/gaussian_167_water_b3lyp_pdz_esp.cube'... mode     4
Reading 'data/gaussian_168_water_b3lyp_pdz_esp.cube'... mode     4
Reading 'data/gaussian_169_water_b3lyp_pdz_esp.cube'... mode     4
Reading 'data/gaussian_170_water_b3lyp_pdz_esp.cube'... mode     4
Reading 'data/gaussian_171_water_b3lyp_pdz_esp.cube'... mode     4
Reading 'data/gaussian_172_water_b3lyp_pdz_esp.cube'... mode     4
Reading 'data/gaussian_173_water_b3lyp_pdz_esp.cube'... mode     4
Reading 'data/gaussian_174_water_b3lyp_pdz_esp.cube'... mode     4
Reading 'data/gaussian_175_water_b3lyp_pdz_esp.cube'... mode     4
Reading 'data/gaussian_176_water_b3lyp_pdz_esp.cube'... mode     4
Reading 'data/gaussian_177_water_b3lyp_pdz_esp.cube'... mode     4
Reading 'data/gaussian_178_water_b3lyp_pdz_esp.cube'... mode     4
Reading 'data/gaussian_179_water_b3lyp_pdz_esp.cube'... mode     4
