Reading 'data/gaussian_0_water_ccsdt_adz_esp.cube'... just atom number 
Reading 'data/gaussian_0_water_ccsdt_adz_esp.cube'... mode     1
Reading 'data/gaussian_1_water_ccsdt_adz_esp.cube'... mode     1
Reading 'data/gaussian_2_water_ccsdt_adz_esp.cube'... mode     1
Reading 'data/gaussian_3_water_ccsdt_adz_esp.cube'... mode     1
Reading 'data/gaussian_4_water_ccsdt_adz_esp.cube'... mode     1
Reading 'data/gaussian_5_water_ccsdt_adz_esp.cube'... mode     1
Reading 'data/gaussian_6_water_ccsdt_adz_esp.cube'... mode     1
Reading 'data/gaussian_7_water_ccsdt_adz_esp.cube'... mode     1
Reading 'data/gaussian_8_water_ccsdt_adz_esp.cube'... mode     1
Reading 'data/gaussian_9_water_ccsdt_adz_esp.cube'... mode     1
Reading 'data/gaussian_10_water_ccsdt_adz_esp.cube'... mode     1
Reading 'data/gaussian_11_water_ccsdt_adz_esp.cube'... mode     1
Reading 'data/gaussian_12_water_ccsdt_adz_esp.cube'... mode     1
Reading 'data/gaussian_13_water_ccsdt_adz_esp.cube'... mode     1
Reading 'data/gaussian_14_water_ccsdt_adz_esp.cube'... mode     1
Reading 'data/gaussian_15_water_ccsdt_adz_esp.cube'... mode     1
Reading 'data/gaussian_16_water_ccsdt_adz_esp.cube'... mode     1
Reading 'data/gaussian_17_water_ccsdt_adz_esp.cube'... mode     1
Reading 'data/gaussian_18_water_ccsdt_adz_esp.cube'... mode     1
Reading 'data/gaussian_19_water_ccsdt_adz_esp.cube'... mode     1
Reading 'data/gaussian_20_water_ccsdt_adz_esp.cube'... mode     1
Reading 'data/gaussian_21_water_ccsdt_adz_esp.cube'... mode     1
Reading 'data/gaussian_22_water_ccsdt_adz_esp.cube'... mode     1
Reading 'data/gaussian_23_water_ccsdt_adz_esp.cube'... mode     1
Reading 'data/gaussian_24_water_ccsdt_adz_esp.cube'... mode     1
Reading 'data/gaussian_25_water_ccsdt_adz_esp.cube'... mode     1
Reading 'data/gaussian_26_water_ccsdt_adz_esp.cube'... mode     1
Reading 'data/gaussian_27_water_ccsdt_adz_esp.cube'... mode     1
Reading 'data/gaussian_28_water_ccsdt_adz_esp.cube'... mode     1
Reading 'data/gaussian_29_water_ccsdt_adz_esp.cube'... mode     1
Reading 'data/gaussian_30_water_ccsdt_adz_esp.cube'... mode     1
Reading 'data/gaussian_31_water_ccsdt_adz_esp.cube'... mode     1
Reading 'data/gaussian_32_water_ccsdt_adz_esp.cube'... mode     1
Reading 'data/gaussian_33_water_ccsdt_adz_esp.cube'... mode     1
Reading 'data/gaussian_34_water_ccsdt_adz_esp.cube'... mode     1
Reading 'data/gaussian_35_water_ccsdt_adz_esp.cube'... mode     1
Reading 'data/gaussian_36_water_ccsdt_adz_esp.cube'... mode     1
Reading 'data/gaussian_37_water_ccsdt_adz_esp.cube'... mode     1
Reading 'data/gaussian_38_water_ccsdt_adz_esp.cube'... mode     1
Reading 'data/gaussian_39_water_ccsdt_adz_esp.cube'... mode     1
Reading 'data/gaussian_40_water_ccsdt_adz_esp.cube'... mode     1
Reading 'data/gaussian_41_water_ccsdt_adz_esp.cube'... mode     1
Reading 'data/gaussian_42_water_ccsdt_adz_esp.cube'... mode     1
Reading 'data/gaussian_43_water_ccsdt_adz_esp.cube'... mode     1
Reading 'data/gaussian_44_water_ccsdt_adz_esp.cube'... mode     1
Reading 'data/gaussian_45_water_ccsdt_adz_esp.cube'... mode     1
Reading 'data/gaussian_46_water_ccsdt_adz_esp.cube'... mode     1
Reading 'data/gaussian_47_water_ccsdt_adz_esp.cube'... mode     1
Reading 'data/gaussian_48_water_ccsdt_adz_esp.cube'... mode     1
Reading 'data/gaussian_49_water_ccsdt_adz_esp.cube'... mode     1
Reading 'data/gaussian_50_water_ccsdt_adz_esp.cube'... mode     1
Reading 'data/gaussian_51_water_ccsdt_adz_esp.cube'... mode     1
Reading 'data/gaussian_52_water_ccsdt_adz_esp.cube'... mode     1
Reading 'data/gaussian_53_water_ccsdt_adz_esp.cube'... mode     1
Reading 'data/gaussian_54_water_ccsdt_adz_esp.cube'... mode     1
Reading 'data/gaussian_55_water_ccsdt_adz_esp.cube'... mode     1
Reading 'data/gaussian_56_water_ccsdt_adz_esp.cube'... mode     1
Reading 'data/gaussian_57_water_ccsdt_adz_esp.cube'... mode     1
Reading 'data/gaussian_58_water_ccsdt_adz_esp.cube'... mode     1
Reading 'data/gaussian_59_water_ccsdt_adz_esp.cube'... mode     1
Reading 'data/gaussian_60_water_ccsdt_adz_esp.cube'... mode     1
Reading 'data/gaussian_61_water_ccsdt_adz_esp.cube'... mode     1
Reading 'data/gaussian_62_water_ccsdt_adz_esp.cube'... mode     1
Reading 'data/gaussian_63_water_ccsdt_adz_esp.cube'... mode     1
Reading 'data/gaussian_64_water_ccsdt_adz_esp.cube'... mode     1
Reading 'data/gaussian_65_water_ccsdt_adz_esp.cube'... mode     1
Reading 'data/gaussian_66_water_ccsdt_adz_esp.cube'... mode     1
Reading 'data/gaussian_67_water_ccsdt_adz_esp.cube'... mode     1
Reading 'data/gaussian_68_water_ccsdt_adz_esp.cube'... mode     1
Reading 'data/gaussian_69_water_ccsdt_adz_esp.cube'... mode     1
Reading 'data/gaussian_70_water_ccsdt_adz_esp.cube'... mode     1
Reading 'data/gaussian_71_water_ccsdt_adz_esp.cube'... mode     1
Reading 'data/gaussian_72_water_ccsdt_adz_esp.cube'... mode     1
Reading 'data/gaussian_73_water_ccsdt_adz_esp.cube'... mode     1
Reading 'data/gaussian_74_water_ccsdt_adz_esp.cube'... mode     1
Reading 'data/gaussian_75_water_ccsdt_adz_esp.cube'... mode     1
Reading 'data/gaussian_76_water_ccsdt_adz_esp.cube'... mode     1
Reading 'data/gaussian_77_water_ccsdt_adz_esp.cube'... mode     1
Reading 'data/gaussian_78_water_ccsdt_adz_esp.cube'... mode     1
Reading 'data/gaussian_79_water_ccsdt_adz_esp.cube'... mode     1
Reading 'data/gaussian_80_water_ccsdt_adz_esp.cube'... mode     1
Reading 'data/gaussian_81_water_ccsdt_adz_esp.cube'... mode     1
Reading 'data/gaussian_82_water_ccsdt_adz_esp.cube'... mode     1
Reading 'data/gaussian_83_water_ccsdt_adz_esp.cube'... mode     1
Reading 'data/gaussian_84_water_ccsdt_adz_esp.cube'... mode     1
Reading 'data/gaussian_85_water_ccsdt_adz_esp.cube'... mode     1
Reading 'data/gaussian_86_water_ccsdt_adz_esp.cube'... mode     1
Reading 'data/gaussian_87_water_ccsdt_adz_esp.cube'... mode     1
Reading 'data/gaussian_88_water_ccsdt_adz_esp.cube'... mode     1
Reading 'data/gaussian_89_water_ccsdt_adz_esp.cube'... mode     1
Reading 'data/gaussian_90_water_ccsdt_adz_esp.cube'... mode     1
Reading 'data/gaussian_91_water_ccsdt_adz_esp.cube'... mode     1
Reading 'data/gaussian_92_water_ccsdt_adz_esp.cube'... mode     1
Reading 'data/gaussian_93_water_ccsdt_adz_esp.cube'... mode     1
Reading 'data/gaussian_94_water_ccsdt_adz_esp.cube'... mode     1
Reading 'data/gaussian_95_water_ccsdt_adz_esp.cube'... mode     1
Reading 'data/gaussian_96_water_ccsdt_adz_esp.cube'... mode     1
Reading 'data/gaussian_97_water_ccsdt_adz_esp.cube'... mode     1
Reading 'data/gaussian_98_water_ccsdt_adz_esp.cube'... mode     1
Reading 'data/gaussian_99_water_ccsdt_adz_esp.cube'... mode     1
Reading 'data/gaussian_100_water_ccsdt_adz_esp.cube'... mode     1
Reading 'data/gaussian_101_water_ccsdt_adz_esp.cube'... mode     1
Reading 'data/gaussian_102_water_ccsdt_adz_esp.cube'... mode     1
Reading 'data/gaussian_103_water_ccsdt_adz_esp.cube'... mode     1
Reading 'data/gaussian_104_water_ccsdt_adz_esp.cube'... mode     1
Reading 'data/gaussian_105_water_ccsdt_adz_esp.cube'... mode     1
Reading 'data/gaussian_106_water_ccsdt_adz_esp.cube'... mode     1
Reading 'data/gaussian_107_water_ccsdt_adz_esp.cube'... mode     1
Reading 'data/gaussian_108_water_ccsdt_adz_esp.cube'... mode     1
Reading 'data/gaussian_109_water_ccsdt_adz_esp.cube'... mode     1
Reading 'data/gaussian_110_water_ccsdt_adz_esp.cube'... mode     1
Reading 'data/gaussian_111_water_ccsdt_adz_esp.cube'... mode     1
Reading 'data/gaussian_112_water_ccsdt_adz_esp.cube'... mode     1
Reading 'data/gaussian_113_water_ccsdt_adz_esp.cube'... mode     1
Reading 'data/gaussian_114_water_ccsdt_adz_esp.cube'... mode     1
Reading 'data/gaussian_115_water_ccsdt_adz_esp.cube'... mode     1
Reading 'data/gaussian_116_water_ccsdt_adz_esp.cube'... mode     1
Reading 'data/gaussian_117_water_ccsdt_adz_esp.cube'... mode     1
Reading 'data/gaussian_118_water_ccsdt_adz_esp.cube'... mode     1
Reading 'data/gaussian_119_water_ccsdt_adz_esp.cube'... mode     1
Reading 'data/gaussian_120_water_ccsdt_adz_esp.cube'... mode     1
Reading 'data/gaussian_121_water_ccsdt_adz_esp.cube'... mode     1
Reading 'data/gaussian_122_water_ccsdt_adz_esp.cube'... mode     1
Reading 'data/gaussian_123_water_ccsdt_adz_esp.cube'... mode     1
Reading 'data/gaussian_124_water_ccsdt_adz_esp.cube'... mode     1
Reading 'data/gaussian_125_water_ccsdt_adz_esp.cube'... mode     1
Reading 'data/gaussian_126_water_ccsdt_adz_esp.cube'... mode     1
Reading 'data/gaussian_127_water_ccsdt_adz_esp.cube'... mode     1
Reading 'data/gaussian_128_water_ccsdt_adz_esp.cube'... mode     1
Reading 'data/gaussian_129_water_ccsdt_adz_esp.cube'... mode     1
Reading 'data/gaussian_130_water_ccsdt_adz_esp.cube'... mode     1
Reading 'data/gaussian_131_water_ccsdt_adz_esp.cube'... mode     1
Reading 'data/gaussian_132_water_ccsdt_adz_esp.cube'... mode     1
Reading 'data/gaussian_133_water_ccsdt_adz_esp.cube'... mode     1
Reading 'data/gaussian_134_water_ccsdt_adz_esp.cube'... mode     1
Reading 'data/gaussian_135_water_ccsdt_adz_esp.cube'... mode     1
Reading 'data/gaussian_136_water_ccsdt_adz_esp.cube'... mode     1
Reading 'data/gaussian_137_water_ccsdt_adz_esp.cube'... mode     1
Reading 'data/gaussian_138_water_ccsdt_adz_esp.cube'... mode     1
Reading 'data/gaussian_139_water_ccsdt_adz_esp.cube'... mode     1
Reading 'data/gaussian_140_water_ccsdt_adz_esp.cube'... mode     1
Reading 'data/gaussian_141_water_ccsdt_adz_esp.cube'... mode     1
Reading 'data/gaussian_142_water_ccsdt_adz_esp.cube'... mode     1
Reading 'data/gaussian_143_water_ccsdt_adz_esp.cube'... mode     1
Reading 'data/gaussian_144_water_ccsdt_adz_esp.cube'... mode     1
Reading 'data/gaussian_145_water_ccsdt_adz_esp.cube'... mode     1
Reading 'data/gaussian_146_water_ccsdt_adz_esp.cube'... mode     1
Reading 'data/gaussian_147_water_ccsdt_adz_esp.cube'... mode     1
Reading 'data/gaussian_148_water_ccsdt_adz_esp.cube'... mode     1
Reading 'data/gaussian_149_water_ccsdt_adz_esp.cube'... mode     1
Reading 'data/gaussian_150_water_ccsdt_adz_esp.cube'... mode     1
Reading 'data/gaussian_151_water_ccsdt_adz_esp.cube'... mode     1
Reading 'data/gaussian_152_water_ccsdt_adz_esp.cube'... mode     1
Reading 'data/gaussian_153_water_ccsdt_adz_esp.cube'... mode     1
Reading 'data/gaussian_154_water_ccsdt_adz_esp.cube'... mode     1
Reading 'data/gaussian_155_water_ccsdt_adz_esp.cube'... mode     1
Reading 'data/gaussian_156_water_ccsdt_adz_esp.cube'... mode     1
Reading 'data/gaussian_157_water_ccsdt_adz_esp.cube'... mode     1
Reading 'data/gaussian_158_water_ccsdt_adz_esp.cube'... mode     1
Reading 'data/gaussian_159_water_ccsdt_adz_esp.cube'... mode     1
Reading 'data/gaussian_160_water_ccsdt_adz_esp.cube'... mode     1
Reading 'data/gaussian_161_water_ccsdt_adz_esp.cube'... mode     1
Reading 'data/gaussian_162_water_ccsdt_adz_esp.cube'... mode     1
Reading 'data/gaussian_163_water_ccsdt_adz_esp.cube'... mode     1
Reading 'data/gaussian_164_water_ccsdt_adz_esp.cube'... mode     1
Reading 'data/gaussian_165_water_ccsdt_adz_esp.cube'... mode     1
Reading 'data/gaussian_166_water_ccsdt_adz_esp.cube'... mode     1
Reading 'data/gaussian_167_water_ccsdt_adz_esp.cube'... mode     1
Reading 'data/gaussian_168_water_ccsdt_adz_esp.cube'... mode     1
Reading 'data/gaussian_169_water_ccsdt_adz_esp.cube'... mode     1
Reading 'data/gaussian_170_water_ccsdt_adz_esp.cube'... mode     1
Reading 'data/gaussian_171_water_ccsdt_adz_esp.cube'... mode     1
Reading 'data/gaussian_172_water_ccsdt_adz_esp.cube'... mode     1
Reading 'data/gaussian_173_water_ccsdt_adz_esp.cube'... mode     1
Reading 'data/gaussian_174_water_ccsdt_adz_esp.cube'... mode     1
Reading 'data/gaussian_175_water_ccsdt_adz_esp.cube'... mode     1
Reading 'data/gaussian_176_water_ccsdt_adz_esp.cube'... mode     1
Reading 'data/gaussian_177_water_ccsdt_adz_esp.cube'... mode     1
Reading 'data/gaussian_178_water_ccsdt_adz_esp.cube'... mode     1
Reading 'data/gaussian_179_water_ccsdt_adz_esp.cube'... mode     1
Reading 'data/gaussian_0_water_ccsdt_adz_esp.cube'... mode     2
Reading 'data/gaussian_1_water_ccsdt_adz_esp.cube'... mode     2
Reading 'data/gaussian_2_water_ccsdt_adz_esp.cube'... mode     2
Reading 'data/gaussian_3_water_ccsdt_adz_esp.cube'... mode     2
Reading 'data/gaussian_4_water_ccsdt_adz_esp.cube'... mode     2
Reading 'data/gaussian_5_water_ccsdt_adz_esp.cube'... mode     2
Reading 'data/gaussian_6_water_ccsdt_adz_esp.cube'... mode     2
Reading 'data/gaussian_7_water_ccsdt_adz_esp.cube'... mode     2
Reading 'data/gaussian_8_water_ccsdt_adz_esp.cube'... mode     2
Reading 'data/gaussian_9_water_ccsdt_adz_esp.cube'... mode     2
Reading 'data/gaussian_10_water_ccsdt_adz_esp.cube'... mode     2
Reading 'data/gaussian_11_water_ccsdt_adz_esp.cube'... mode     2
Reading 'data/gaussian_12_water_ccsdt_adz_esp.cube'... mode     2
Reading 'data/gaussian_13_water_ccsdt_adz_esp.cube'... mode     2
Reading 'data/gaussian_14_water_ccsdt_adz_esp.cube'... mode     2
Reading 'data/gaussian_15_water_ccsdt_adz_esp.cube'... mode     2
Reading 'data/gaussian_16_water_ccsdt_adz_esp.cube'... mode     2
Reading 'data/gaussian_17_water_ccsdt_adz_esp.cube'... mode     2
Reading 'data/gaussian_18_water_ccsdt_adz_esp.cube'... mode     2
Reading 'data/gaussian_19_water_ccsdt_adz_esp.cube'... mode     2
Reading 'data/gaussian_20_water_ccsdt_adz_esp.cube'... mode     2
Reading 'data/gaussian_21_water_ccsdt_adz_esp.cube'... mode     2
Reading 'data/gaussian_22_water_ccsdt_adz_esp.cube'... mode     2
Reading 'data/gaussian_23_water_ccsdt_adz_esp.cube'... mode     2
Reading 'data/gaussian_24_water_ccsdt_adz_esp.cube'... mode     2
Reading 'data/gaussian_25_water_ccsdt_adz_esp.cube'... mode     2
Reading 'data/gaussian_26_water_ccsdt_adz_esp.cube'... mode     2
Reading 'data/gaussian_27_water_ccsdt_adz_esp.cube'... mode     2
Reading 'data/gaussian_28_water_ccsdt_adz_esp.cube'... mode     2
Reading 'data/gaussian_29_water_ccsdt_adz_esp.cube'... mode     2
Reading 'data/gaussian_30_water_ccsdt_adz_esp.cube'... mode     2
Reading 'data/gaussian_31_water_ccsdt_adz_esp.cube'... mode     2
Reading 'data/gaussian_32_water_ccsdt_adz_esp.cube'... mode     2
Reading 'data/gaussian_33_water_ccsdt_adz_esp.cube'... mode     2
Reading 'data/gaussian_34_water_ccsdt_adz_esp.cube'... mode     2
Reading 'data/gaussian_35_water_ccsdt_adz_esp.cube'... mode     2
Reading 'data/gaussian_36_water_ccsdt_adz_esp.cube'... mode     2
Reading 'data/gaussian_37_water_ccsdt_adz_esp.cube'... mode     2
Reading 'data/gaussian_38_water_ccsdt_adz_esp.cube'... mode     2
Reading 'data/gaussian_39_water_ccsdt_adz_esp.cube'... mode     2
Reading 'data/gaussian_40_water_ccsdt_adz_esp.cube'... mode     2
Reading 'data/gaussian_41_water_ccsdt_adz_esp.cube'... mode     2
Reading 'data/gaussian_42_water_ccsdt_adz_esp.cube'... mode     2
Reading 'data/gaussian_43_water_ccsdt_adz_esp.cube'... mode     2
Reading 'data/gaussian_44_water_ccsdt_adz_esp.cube'... mode     2
Reading 'data/gaussian_45_water_ccsdt_adz_esp.cube'... mode     2
Reading 'data/gaussian_46_water_ccsdt_adz_esp.cube'... mode     2
Reading 'data/gaussian_47_water_ccsdt_adz_esp.cube'... mode     2
Reading 'data/gaussian_48_water_ccsdt_adz_esp.cube'... mode     2
Reading 'data/gaussian_49_water_ccsdt_adz_esp.cube'... mode     2
Reading 'data/gaussian_50_water_ccsdt_adz_esp.cube'... mode     2
Reading 'data/gaussian_51_water_ccsdt_adz_esp.cube'... mode     2
Reading 'data/gaussian_52_water_ccsdt_adz_esp.cube'... mode     2
Reading 'data/gaussian_53_water_ccsdt_adz_esp.cube'... mode     2
Reading 'data/gaussian_54_water_ccsdt_adz_esp.cube'... mode     2
Reading 'data/gaussian_55_water_ccsdt_adz_esp.cube'... mode     2
Reading 'data/gaussian_56_water_ccsdt_adz_esp.cube'... mode     2
Reading 'data/gaussian_57_water_ccsdt_adz_esp.cube'... mode     2
Reading 'data/gaussian_58_water_ccsdt_adz_esp.cube'... mode     2
Reading 'data/gaussian_59_water_ccsdt_adz_esp.cube'... mode     2
Reading 'data/gaussian_60_water_ccsdt_adz_esp.cube'... mode     2
Reading 'data/gaussian_61_water_ccsdt_adz_esp.cube'... mode     2
Reading 'data/gaussian_62_water_ccsdt_adz_esp.cube'... mode     2
Reading 'data/gaussian_63_water_ccsdt_adz_esp.cube'... mode     2
Reading 'data/gaussian_64_water_ccsdt_adz_esp.cube'... mode     2
Reading 'data/gaussian_65_water_ccsdt_adz_esp.cube'... mode     2
Reading 'data/gaussian_66_water_ccsdt_adz_esp.cube'... mode     2
Reading 'data/gaussian_67_water_ccsdt_adz_esp.cube'... mode     2
Reading 'data/gaussian_68_water_ccsdt_adz_esp.cube'... mode     2
Reading 'data/gaussian_69_water_ccsdt_adz_esp.cube'... mode     2
Reading 'data/gaussian_70_water_ccsdt_adz_esp.cube'... mode     2
Reading 'data/gaussian_71_water_ccsdt_adz_esp.cube'... mode     2
Reading 'data/gaussian_72_water_ccsdt_adz_esp.cube'... mode     2
Reading 'data/gaussian_73_water_ccsdt_adz_esp.cube'... mode     2
Reading 'data/gaussian_74_water_ccsdt_adz_esp.cube'... mode     2
Reading 'data/gaussian_75_water_ccsdt_adz_esp.cube'... mode     2
Reading 'data/gaussian_76_water_ccsdt_adz_esp.cube'... mode     2
Reading 'data/gaussian_77_water_ccsdt_adz_esp.cube'... mode     2
Reading 'data/gaussian_78_water_ccsdt_adz_esp.cube'... mode     2
Reading 'data/gaussian_79_water_ccsdt_adz_esp.cube'... mode     2
Reading 'data/gaussian_80_water_ccsdt_adz_esp.cube'... mode     2
Reading 'data/gaussian_81_water_ccsdt_adz_esp.cube'... mode     2
Reading 'data/gaussian_82_water_ccsdt_adz_esp.cube'... mode     2
Reading 'data/gaussian_83_water_ccsdt_adz_esp.cube'... mode     2
Reading 'data/gaussian_84_water_ccsdt_adz_esp.cube'... mode     2
Reading 'data/gaussian_85_water_ccsdt_adz_esp.cube'... mode     2
Reading 'data/gaussian_86_water_ccsdt_adz_esp.cube'... mode     2
Reading 'data/gaussian_87_water_ccsdt_adz_esp.cube'... mode     2
Reading 'data/gaussian_88_water_ccsdt_adz_esp.cube'... mode     2
Reading 'data/gaussian_89_water_ccsdt_adz_esp.cube'... mode     2
Reading 'data/gaussian_90_water_ccsdt_adz_esp.cube'... mode     2
Reading 'data/gaussian_91_water_ccsdt_adz_esp.cube'... mode     2
Reading 'data/gaussian_92_water_ccsdt_adz_esp.cube'... mode     2
Reading 'data/gaussian_93_water_ccsdt_adz_esp.cube'... mode     2
Reading 'data/gaussian_94_water_ccsdt_adz_esp.cube'... mode     2
Reading 'data/gaussian_95_water_ccsdt_adz_esp.cube'... mode     2
Reading 'data/gaussian_96_water_ccsdt_adz_esp.cube'... mode     2
Reading 'data/gaussian_97_water_ccsdt_adz_esp.cube'... mode     2
Reading 'data/gaussian_98_water_ccsdt_adz_esp.cube'... mode     2
Reading 'data/gaussian_99_water_ccsdt_adz_esp.cube'... mode     2
Reading 'data/gaussian_100_water_ccsdt_adz_esp.cube'... mode     2
Reading 'data/gaussian_101_water_ccsdt_adz_esp.cube'... mode     2
Reading 'data/gaussian_102_water_ccsdt_adz_esp.cube'... mode     2
Reading 'data/gaussian_103_water_ccsdt_adz_esp.cube'... mode     2
Reading 'data/gaussian_104_water_ccsdt_adz_esp.cube'... mode     2
Reading 'data/gaussian_105_water_ccsdt_adz_esp.cube'... mode     2
Reading 'data/gaussian_106_water_ccsdt_adz_esp.cube'... mode     2
Reading 'data/gaussian_107_water_ccsdt_adz_esp.cube'... mode     2
Reading 'data/gaussian_108_water_ccsdt_adz_esp.cube'... mode     2
Reading 'data/gaussian_109_water_ccsdt_adz_esp.cube'... mode     2
Reading 'data/gaussian_110_water_ccsdt_adz_esp.cube'... mode     2
Reading 'data/gaussian_111_water_ccsdt_adz_esp.cube'... mode     2
Reading 'data/gaussian_112_water_ccsdt_adz_esp.cube'... mode     2
Reading 'data/gaussian_113_water_ccsdt_adz_esp.cube'... mode     2
Reading 'data/gaussian_114_water_ccsdt_adz_esp.cube'... mode     2
Reading 'data/gaussian_115_water_ccsdt_adz_esp.cube'... mode     2
Reading 'data/gaussian_116_water_ccsdt_adz_esp.cube'... mode     2
Reading 'data/gaussian_117_water_ccsdt_adz_esp.cube'... mode     2
Reading 'data/gaussian_118_water_ccsdt_adz_esp.cube'... mode     2
Reading 'data/gaussian_119_water_ccsdt_adz_esp.cube'... mode     2
Reading 'data/gaussian_120_water_ccsdt_adz_esp.cube'... mode     2
Reading 'data/gaussian_121_water_ccsdt_adz_esp.cube'... mode     2
Reading 'data/gaussian_122_water_ccsdt_adz_esp.cube'... mode     2
Reading 'data/gaussian_123_water_ccsdt_adz_esp.cube'... mode     2
Reading 'data/gaussian_124_water_ccsdt_adz_esp.cube'... mode     2
Reading 'data/gaussian_125_water_ccsdt_adz_esp.cube'... mode     2
Reading 'data/gaussian_126_water_ccsdt_adz_esp.cube'... mode     2
Reading 'data/gaussian_127_water_ccsdt_adz_esp.cube'... mode     2
Reading 'data/gaussian_128_water_ccsdt_adz_esp.cube'... mode     2
Reading 'data/gaussian_129_water_ccsdt_adz_esp.cube'... mode     2
Reading 'data/gaussian_130_water_ccsdt_adz_esp.cube'... mode     2
Reading 'data/gaussian_131_water_ccsdt_adz_esp.cube'... mode     2
Reading 'data/gaussian_132_water_ccsdt_adz_esp.cube'... mode     2
Reading 'data/gaussian_133_water_ccsdt_adz_esp.cube'... mode     2
Reading 'data/gaussian_134_water_ccsdt_adz_esp.cube'... mode     2
Reading 'data/gaussian_135_water_ccsdt_adz_esp.cube'... mode     2
Reading 'data/gaussian_136_water_ccsdt_adz_esp.cube'... mode     2
Reading 'data/gaussian_137_water_ccsdt_adz_esp.cube'... mode     2
Reading 'data/gaussian_138_water_ccsdt_adz_esp.cube'... mode     2
Reading 'data/gaussian_139_water_ccsdt_adz_esp.cube'... mode     2
Reading 'data/gaussian_140_water_ccsdt_adz_esp.cube'... mode     2
Reading 'data/gaussian_141_water_ccsdt_adz_esp.cube'... mode     2
Reading 'data/gaussian_142_water_ccsdt_adz_esp.cube'... mode     2
Reading 'data/gaussian_143_water_ccsdt_adz_esp.cube'... mode     2
Reading 'data/gaussian_144_water_ccsdt_adz_esp.cube'... mode     2
Reading 'data/gaussian_145_water_ccsdt_adz_esp.cube'... mode     2
Reading 'data/gaussian_146_water_ccsdt_adz_esp.cube'... mode     2
Reading 'data/gaussian_147_water_ccsdt_adz_esp.cube'... mode     2
Reading 'data/gaussian_148_water_ccsdt_adz_esp.cube'... mode     2
Reading 'data/gaussian_149_water_ccsdt_adz_esp.cube'... mode     2
Reading 'data/gaussian_150_water_ccsdt_adz_esp.cube'... mode     2
Reading 'data/gaussian_151_water_ccsdt_adz_esp.cube'... mode     2
Reading 'data/gaussian_152_water_ccsdt_adz_esp.cube'... mode     2
Reading 'data/gaussian_153_water_ccsdt_adz_esp.cube'... mode     2
Reading 'data/gaussian_154_water_ccsdt_adz_esp.cube'... mode     2
Reading 'data/gaussian_155_water_ccsdt_adz_esp.cube'... mode     2
Reading 'data/gaussian_156_water_ccsdt_adz_esp.cube'... mode     2
Reading 'data/gaussian_157_water_ccsdt_adz_esp.cube'... mode     2
Reading 'data/gaussian_158_water_ccsdt_adz_esp.cube'... mode     2
Reading 'data/gaussian_159_water_ccsdt_adz_esp.cube'... mode     2
Reading 'data/gaussian_160_water_ccsdt_adz_esp.cube'... mode     2
Reading 'data/gaussian_161_water_ccsdt_adz_esp.cube'... mode     2
Reading 'data/gaussian_162_water_ccsdt_adz_esp.cube'... mode     2
Reading 'data/gaussian_163_water_ccsdt_adz_esp.cube'... mode     2
Reading 'data/gaussian_164_water_ccsdt_adz_esp.cube'... mode     2
Reading 'data/gaussian_165_water_ccsdt_adz_esp.cube'... mode     2
Reading 'data/gaussian_166_water_ccsdt_adz_esp.cube'... mode     2
Reading 'data/gaussian_167_water_ccsdt_adz_esp.cube'... mode     2
Reading 'data/gaussian_168_water_ccsdt_adz_esp.cube'... mode     2
Reading 'data/gaussian_169_water_ccsdt_adz_esp.cube'... mode     2
Reading 'data/gaussian_170_water_ccsdt_adz_esp.cube'... mode     2
Reading 'data/gaussian_171_water_ccsdt_adz_esp.cube'... mode     2
Reading 'data/gaussian_172_water_ccsdt_adz_esp.cube'... mode     2
Reading 'data/gaussian_173_water_ccsdt_adz_esp.cube'... mode     2
Reading 'data/gaussian_174_water_ccsdt_adz_esp.cube'... mode     2
Reading 'data/gaussian_175_water_ccsdt_adz_esp.cube'... mode     2
Reading 'data/gaussian_176_water_ccsdt_adz_esp.cube'... mode     2
Reading 'data/gaussian_177_water_ccsdt_adz_esp.cube'... mode     2
Reading 'data/gaussian_178_water_ccsdt_adz_esp.cube'... mode     2
Reading 'data/gaussian_179_water_ccsdt_adz_esp.cube'... mode     2
Reading 'data/gaussian_0_water_ccsdt_adz_esp.cube'... mode     3
Reading 'data/gaussian_1_water_ccsdt_adz_esp.cube'... mode     3
Reading 'data/gaussian_2_water_ccsdt_adz_esp.cube'... mode     3
Reading 'data/gaussian_3_water_ccsdt_adz_esp.cube'... mode     3
Reading 'data/gaussian_4_water_ccsdt_adz_esp.cube'... mode     3
Reading 'data/gaussian_5_water_ccsdt_adz_esp.cube'... mode     3
Reading 'data/gaussian_6_water_ccsdt_adz_esp.cube'... mode     3
Reading 'data/gaussian_7_water_ccsdt_adz_esp.cube'... mode     3
Reading 'data/gaussian_8_water_ccsdt_adz_esp.cube'... mode     3
Reading 'data/gaussian_9_water_ccsdt_adz_esp.cube'... mode     3
Reading 'data/gaussian_10_water_ccsdt_adz_esp.cube'... mode     3
Reading 'data/gaussian_11_water_ccsdt_adz_esp.cube'... mode     3
Reading 'data/gaussian_12_water_ccsdt_adz_esp.cube'... mode     3
Reading 'data/gaussian_13_water_ccsdt_adz_esp.cube'... mode     3
Reading 'data/gaussian_14_water_ccsdt_adz_esp.cube'... mode     3
Reading 'data/gaussian_15_water_ccsdt_adz_esp.cube'... mode     3
Reading 'data/gaussian_16_water_ccsdt_adz_esp.cube'... mode     3
Reading 'data/gaussian_17_water_ccsdt_adz_esp.cube'... mode     3
Reading 'data/gaussian_18_water_ccsdt_adz_esp.cube'... mode     3
Reading 'data/gaussian_19_water_ccsdt_adz_esp.cube'... mode     3
Reading 'data/gaussian_20_water_ccsdt_adz_esp.cube'... mode     3
Reading 'data/gaussian_21_water_ccsdt_adz_esp.cube'... mode     3
Reading 'data/gaussian_22_water_ccsdt_adz_esp.cube'... mode     3
Reading 'data/gaussian_23_water_ccsdt_adz_esp.cube'... mode     3
Reading 'data/gaussian_24_water_ccsdt_adz_esp.cube'... mode     3
Reading 'data/gaussian_25_water_ccsdt_adz_esp.cube'... mode     3
Reading 'data/gaussian_26_water_ccsdt_adz_esp.cube'... mode     3
Reading 'data/gaussian_27_water_ccsdt_adz_esp.cube'... mode     3
Reading 'data/gaussian_28_water_ccsdt_adz_esp.cube'... mode     3
Reading 'data/gaussian_29_water_ccsdt_adz_esp.cube'... mode     3
Reading 'data/gaussian_30_water_ccsdt_adz_esp.cube'... mode     3
Reading 'data/gaussian_31_water_ccsdt_adz_esp.cube'... mode     3
Reading 'data/gaussian_32_water_ccsdt_adz_esp.cube'... mode     3
Reading 'data/gaussian_33_water_ccsdt_adz_esp.cube'... mode     3
Reading 'data/gaussian_34_water_ccsdt_adz_esp.cube'... mode     3
Reading 'data/gaussian_35_water_ccsdt_adz_esp.cube'... mode     3
Reading 'data/gaussian_36_water_ccsdt_adz_esp.cube'... mode     3
Reading 'data/gaussian_37_water_ccsdt_adz_esp.cube'... mode     3
Reading 'data/gaussian_38_water_ccsdt_adz_esp.cube'... mode     3
Reading 'data/gaussian_39_water_ccsdt_adz_esp.cube'... mode     3
Reading 'data/gaussian_40_water_ccsdt_adz_esp.cube'... mode     3
Reading 'data/gaussian_41_water_ccsdt_adz_esp.cube'... mode     3
Reading 'data/gaussian_42_water_ccsdt_adz_esp.cube'... mode     3
Reading 'data/gaussian_43_water_ccsdt_adz_esp.cube'... mode     3
Reading 'data/gaussian_44_water_ccsdt_adz_esp.cube'... mode     3
Reading 'data/gaussian_45_water_ccsdt_adz_esp.cube'... mode     3
Reading 'data/gaussian_46_water_ccsdt_adz_esp.cube'... mode     3
Reading 'data/gaussian_47_water_ccsdt_adz_esp.cube'... mode     3
Reading 'data/gaussian_48_water_ccsdt_adz_esp.cube'... mode     3
Reading 'data/gaussian_49_water_ccsdt_adz_esp.cube'... mode     3
Reading 'data/gaussian_50_water_ccsdt_adz_esp.cube'... mode     3
Reading 'data/gaussian_51_water_ccsdt_adz_esp.cube'... mode     3
Reading 'data/gaussian_52_water_ccsdt_adz_esp.cube'... mode     3
Reading 'data/gaussian_53_water_ccsdt_adz_esp.cube'... mode     3
Reading 'data/gaussian_54_water_ccsdt_adz_esp.cube'... mode     3
Reading 'data/gaussian_55_water_ccsdt_adz_esp.cube'... mode     3
Reading 'data/gaussian_56_water_ccsdt_adz_esp.cube'... mode     3
Reading 'data/gaussian_57_water_ccsdt_adz_esp.cube'... mode     3
Reading 'data/gaussian_58_water_ccsdt_adz_esp.cube'... mode     3
Reading 'data/gaussian_59_water_ccsdt_adz_esp.cube'... mode     3
Reading 'data/gaussian_60_water_ccsdt_adz_esp.cube'... mode     3
Reading 'data/gaussian_61_water_ccsdt_adz_esp.cube'... mode     3
Reading 'data/gaussian_62_water_ccsdt_adz_esp.cube'... mode     3
Reading 'data/gaussian_63_water_ccsdt_adz_esp.cube'... mode     3
Reading 'data/gaussian_64_water_ccsdt_adz_esp.cube'... mode     3
Reading 'data/gaussian_65_water_ccsdt_adz_esp.cube'... mode     3
Reading 'data/gaussian_66_water_ccsdt_adz_esp.cube'... mode     3
Reading 'data/gaussian_67_water_ccsdt_adz_esp.cube'... mode     3
Reading 'data/gaussian_68_water_ccsdt_adz_esp.cube'... mode     3
Reading 'data/gaussian_69_water_ccsdt_adz_esp.cube'... mode     3
Reading 'data/gaussian_70_water_ccsdt_adz_esp.cube'... mode     3
Reading 'data/gaussian_71_water_ccsdt_adz_esp.cube'... mode     3
Reading 'data/gaussian_72_water_ccsdt_adz_esp.cube'... mode     3
Reading 'data/gaussian_73_water_ccsdt_adz_esp.cube'... mode     3
Reading 'data/gaussian_74_water_ccsdt_adz_esp.cube'... mode     3
Reading 'data/gaussian_75_water_ccsdt_adz_esp.cube'... mode     3
Reading 'data/gaussian_76_water_ccsdt_adz_esp.cube'... mode     3
Reading 'data/gaussian_77_water_ccsdt_adz_esp.cube'... mode     3
Reading 'data/gaussian_78_water_ccsdt_adz_esp.cube'... mode     3
Reading 'data/gaussian_79_water_ccsdt_adz_esp.cube'... mode     3
Reading 'data/gaussian_80_water_ccsdt_adz_esp.cube'... mode     3
Reading 'data/gaussian_81_water_ccsdt_adz_esp.cube'... mode     3
Reading 'data/gaussian_82_water_ccsdt_adz_esp.cube'... mode     3
Reading 'data/gaussian_83_water_ccsdt_adz_esp.cube'... mode     3
Reading 'data/gaussian_84_water_ccsdt_adz_esp.cube'... mode     3
Reading 'data/gaussian_85_water_ccsdt_adz_esp.cube'... mode     3
Reading 'data/gaussian_86_water_ccsdt_adz_esp.cube'... mode     3
Reading 'data/gaussian_87_water_ccsdt_adz_esp.cube'... mode     3
Reading 'data/gaussian_88_water_ccsdt_adz_esp.cube'... mode     3
Reading 'data/gaussian_89_water_ccsdt_adz_esp.cube'... mode     3
Reading 'data/gaussian_90_water_ccsdt_adz_esp.cube'... mode     3
Reading 'data/gaussian_91_water_ccsdt_adz_esp.cube'... mode     3
Reading 'data/gaussian_92_water_ccsdt_adz_esp.cube'... mode     3
Reading 'data/gaussian_93_water_ccsdt_adz_esp.cube'... mode     3
Reading 'data/gaussian_94_water_ccsdt_adz_esp.cube'... mode     3
Reading 'data/gaussian_95_water_ccsdt_adz_esp.cube'... mode     3
Reading 'data/gaussian_96_water_ccsdt_adz_esp.cube'... mode     3
Reading 'data/gaussian_97_water_ccsdt_adz_esp.cube'... mode     3
Reading 'data/gaussian_98_water_ccsdt_adz_esp.cube'... mode     3
Reading 'data/gaussian_99_water_ccsdt_adz_esp.cube'... mode     3
Reading 'data/gaussian_100_water_ccsdt_adz_esp.cube'... mode     3
Reading 'data/gaussian_101_water_ccsdt_adz_esp.cube'... mode     3
Reading 'data/gaussian_102_water_ccsdt_adz_esp.cube'... mode     3
Reading 'data/gaussian_103_water_ccsdt_adz_esp.cube'... mode     3
Reading 'data/gaussian_104_water_ccsdt_adz_esp.cube'... mode     3
Reading 'data/gaussian_105_water_ccsdt_adz_esp.cube'... mode     3
Reading 'data/gaussian_106_water_ccsdt_adz_esp.cube'... mode     3
Reading 'data/gaussian_107_water_ccsdt_adz_esp.cube'... mode     3
Reading 'data/gaussian_108_water_ccsdt_adz_esp.cube'... mode     3
Reading 'data/gaussian_109_water_ccsdt_adz_esp.cube'... mode     3
Reading 'data/gaussian_110_water_ccsdt_adz_esp.cube'... mode     3
Reading 'data/gaussian_111_water_ccsdt_adz_esp.cube'... mode     3
Reading 'data/gaussian_112_water_ccsdt_adz_esp.cube'... mode     3
Reading 'data/gaussian_113_water_ccsdt_adz_esp.cube'... mode     3
Reading 'data/gaussian_114_water_ccsdt_adz_esp.cube'... mode     3
Reading 'data/gaussian_115_water_ccsdt_adz_esp.cube'... mode     3
Reading 'data/gaussian_116_water_ccsdt_adz_esp.cube'... mode     3
Reading 'data/gaussian_117_water_ccsdt_adz_esp.cube'... mode     3
Reading 'data/gaussian_118_water_ccsdt_adz_esp.cube'... mode     3
Reading 'data/gaussian_119_water_ccsdt_adz_esp.cube'... mode     3
Reading 'data/gaussian_120_water_ccsdt_adz_esp.cube'... mode     3
Reading 'data/gaussian_121_water_ccsdt_adz_esp.cube'... mode     3
Reading 'data/gaussian_122_water_ccsdt_adz_esp.cube'... mode     3
Reading 'data/gaussian_123_water_ccsdt_adz_esp.cube'... mode     3
Reading 'data/gaussian_124_water_ccsdt_adz_esp.cube'... mode     3
Reading 'data/gaussian_125_water_ccsdt_adz_esp.cube'... mode     3
Reading 'data/gaussian_126_water_ccsdt_adz_esp.cube'... mode     3
Reading 'data/gaussian_127_water_ccsdt_adz_esp.cube'... mode     3
Reading 'data/gaussian_128_water_ccsdt_adz_esp.cube'... mode     3
Reading 'data/gaussian_129_water_ccsdt_adz_esp.cube'... mode     3
Reading 'data/gaussian_130_water_ccsdt_adz_esp.cube'... mode     3
Reading 'data/gaussian_131_water_ccsdt_adz_esp.cube'... mode     3
Reading 'data/gaussian_132_water_ccsdt_adz_esp.cube'... mode     3
Reading 'data/gaussian_133_water_ccsdt_adz_esp.cube'... mode     3
Reading 'data/gaussian_134_water_ccsdt_adz_esp.cube'... mode     3
Reading 'data/gaussian_135_water_ccsdt_adz_esp.cube'... mode     3
Reading 'data/gaussian_136_water_ccsdt_adz_esp.cube'... mode     3
Reading 'data/gaussian_137_water_ccsdt_adz_esp.cube'... mode     3
Reading 'data/gaussian_138_water_ccsdt_adz_esp.cube'... mode     3
Reading 'data/gaussian_139_water_ccsdt_adz_esp.cube'... mode     3
Reading 'data/gaussian_140_water_ccsdt_adz_esp.cube'... mode     3
Reading 'data/gaussian_141_water_ccsdt_adz_esp.cube'... mode     3
Reading 'data/gaussian_142_water_ccsdt_adz_esp.cube'... mode     3
Reading 'data/gaussian_143_water_ccsdt_adz_esp.cube'... mode     3
Reading 'data/gaussian_144_water_ccsdt_adz_esp.cube'... mode     3
Reading 'data/gaussian_145_water_ccsdt_adz_esp.cube'... mode     3
Reading 'data/gaussian_146_water_ccsdt_adz_esp.cube'... mode     3
Reading 'data/gaussian_147_water_ccsdt_adz_esp.cube'... mode     3
Reading 'data/gaussian_148_water_ccsdt_adz_esp.cube'... mode     3
Reading 'data/gaussian_149_water_ccsdt_adz_esp.cube'... mode     3
Reading 'data/gaussian_150_water_ccsdt_adz_esp.cube'... mode     3
Reading 'data/gaussian_151_water_ccsdt_adz_esp.cube'... mode     3
Reading 'data/gaussian_152_water_ccsdt_adz_esp.cube'... mode     3
Reading 'data/gaussian_153_water_ccsdt_adz_esp.cube'... mode     3
Reading 'data/gaussian_154_water_ccsdt_adz_esp.cube'... mode     3
Reading 'data/gaussian_155_water_ccsdt_adz_esp.cube'... mode     3
Reading 'data/gaussian_156_water_ccsdt_adz_esp.cube'... mode     3
Reading 'data/gaussian_157_water_ccsdt_adz_esp.cube'... mode     3
Reading 'data/gaussian_158_water_ccsdt_adz_esp.cube'... mode     3
Reading 'data/gaussian_159_water_ccsdt_adz_esp.cube'... mode     3
Reading 'data/gaussian_160_water_ccsdt_adz_esp.cube'... mode     3
Reading 'data/gaussian_161_water_ccsdt_adz_esp.cube'... mode     3
Reading 'data/gaussian_162_water_ccsdt_adz_esp.cube'... mode     3
Reading 'data/gaussian_163_water_ccsdt_adz_esp.cube'... mode     3
Reading 'data/gaussian_164_water_ccsdt_adz_esp.cube'... mode     3
Reading 'data/gaussian_165_water_ccsdt_adz_esp.cube'... mode     3
Reading 'data/gaussian_166_water_ccsdt_adz_esp.cube'... mode     3
Reading 'data/gaussian_167_water_ccsdt_adz_esp.cube'... mode     3
Reading 'data/gaussian_168_water_ccsdt_adz_esp.cube'... mode     3
Reading 'data/gaussian_169_water_ccsdt_adz_esp.cube'... mode     3
Reading 'data/gaussian_170_water_ccsdt_adz_esp.cube'... mode     3
Reading 'data/gaussian_171_water_ccsdt_adz_esp.cube'... mode     3
Reading 'data/gaussian_172_water_ccsdt_adz_esp.cube'... mode     3
Reading 'data/gaussian_173_water_ccsdt_adz_esp.cube'... mode     3
Reading 'data/gaussian_174_water_ccsdt_adz_esp.cube'... mode     3
Reading 'data/gaussian_175_water_ccsdt_adz_esp.cube'... mode     3
Reading 'data/gaussian_176_water_ccsdt_adz_esp.cube'... mode     3
Reading 'data/gaussian_177_water_ccsdt_adz_esp.cube'... mode     3
Reading 'data/gaussian_178_water_ccsdt_adz_esp.cube'... mode     3
Reading 'data/gaussian_179_water_ccsdt_adz_esp.cube'... mode     3
Reading 'source/water.dcm'...
Start computing local axis systems ...
Reading 'data/gaussian_0_water_ccsdt_adz_esp.cube'... mode     4
Reading 'data/gaussian_1_water_ccsdt_adz_esp.cube'... mode     4
Reading 'data/gaussian_2_water_ccsdt_adz_esp.cube'... mode     4
Reading 'data/gaussian_3_water_ccsdt_adz_esp.cube'... mode     4
Reading 'data/gaussian_4_water_ccsdt_adz_esp.cube'... mode     4
Reading 'data/gaussian_5_water_ccsdt_adz_esp.cube'... mode     4
Reading 'data/gaussian_6_water_ccsdt_adz_esp.cube'... mode     4
Reading 'data/gaussian_7_water_ccsdt_adz_esp.cube'... mode     4
Reading 'data/gaussian_8_water_ccsdt_adz_esp.cube'... mode     4
Reading 'data/gaussian_9_water_ccsdt_adz_esp.cube'... mode     4
Reading 'data/gaussian_10_water_ccsdt_adz_esp.cube'... mode     4
Reading 'data/gaussian_11_water_ccsdt_adz_esp.cube'... mode     4
Reading 'data/gaussian_12_water_ccsdt_adz_esp.cube'... mode     4
Reading 'data/gaussian_13_water_ccsdt_adz_esp.cube'... mode     4
Reading 'data/gaussian_14_water_ccsdt_adz_esp.cube'... mode     4
Reading 'data/gaussian_15_water_ccsdt_adz_esp.cube'... mode     4
Reading 'data/gaussian_16_water_ccsdt_adz_esp.cube'... mode     4
Reading 'data/gaussian_17_water_ccsdt_adz_esp.cube'... mode     4
Reading 'data/gaussian_18_water_ccsdt_adz_esp.cube'... mode     4
Reading 'data/gaussian_19_water_ccsdt_adz_esp.cube'... mode     4
Reading 'data/gaussian_20_water_ccsdt_adz_esp.cube'... mode     4
Reading 'data/gaussian_21_water_ccsdt_adz_esp.cube'... mode     4
Reading 'data/gaussian_22_water_ccsdt_adz_esp.cube'... mode     4
Reading 'data/gaussian_23_water_ccsdt_adz_esp.cube'... mode     4
Reading 'data/gaussian_24_water_ccsdt_adz_esp.cube'... mode     4
Reading 'data/gaussian_25_water_ccsdt_adz_esp.cube'... mode     4
Reading 'data/gaussian_26_water_ccsdt_adz_esp.cube'... mode     4
Reading 'data/gaussian_27_water_ccsdt_adz_esp.cube'... mode     4
Reading 'data/gaussian_28_water_ccsdt_adz_esp.cube'... mode     4
Reading 'data/gaussian_29_water_ccsdt_adz_esp.cube'... mode     4
Reading 'data/gaussian_30_water_ccsdt_adz_esp.cube'... mode     4
Reading 'data/gaussian_31_water_ccsdt_adz_esp.cube'... mode     4
Reading 'data/gaussian_32_water_ccsdt_adz_esp.cube'... mode     4
Reading 'data/gaussian_33_water_ccsdt_adz_esp.cube'... mode     4
Reading 'data/gaussian_34_water_ccsdt_adz_esp.cube'... mode     4
Reading 'data/gaussian_35_water_ccsdt_adz_esp.cube'... mode     4
Reading 'data/gaussian_36_water_ccsdt_adz_esp.cube'... mode     4
Reading 'data/gaussian_37_water_ccsdt_adz_esp.cube'... mode     4
Reading 'data/gaussian_38_water_ccsdt_adz_esp.cube'... mode     4
Reading 'data/gaussian_39_water_ccsdt_adz_esp.cube'... mode     4
Reading 'data/gaussian_40_water_ccsdt_adz_esp.cube'... mode     4
Reading 'data/gaussian_41_water_ccsdt_adz_esp.cube'... mode     4
Reading 'data/gaussian_42_water_ccsdt_adz_esp.cube'... mode     4
Reading 'data/gaussian_43_water_ccsdt_adz_esp.cube'... mode     4
Reading 'data/gaussian_44_water_ccsdt_adz_esp.cube'... mode     4
Reading 'data/gaussian_45_water_ccsdt_adz_esp.cube'... mode     4
Reading 'data/gaussian_46_water_ccsdt_adz_esp.cube'... mode     4
Reading 'data/gaussian_47_water_ccsdt_adz_esp.cube'... mode     4
Reading 'data/gaussian_48_water_ccsdt_adz_esp.cube'... mode     4
Reading 'data/gaussian_49_water_ccsdt_adz_esp.cube'... mode     4
Reading 'data/gaussian_50_water_ccsdt_adz_esp.cube'... mode     4
Reading 'data/gaussian_51_water_ccsdt_adz_esp.cube'... mode     4
Reading 'data/gaussian_52_water_ccsdt_adz_esp.cube'... mode     4
Reading 'data/gaussian_53_water_ccsdt_adz_esp.cube'... mode     4
Reading 'data/gaussian_54_water_ccsdt_adz_esp.cube'... mode     4
Reading 'data/gaussian_55_water_ccsdt_adz_esp.cube'... mode     4
Reading 'data/gaussian_56_water_ccsdt_adz_esp.cube'... mode     4
Reading 'data/gaussian_57_water_ccsdt_adz_esp.cube'... mode     4
Reading 'data/gaussian_58_water_ccsdt_adz_esp.cube'... mode     4
Reading 'data/gaussian_59_water_ccsdt_adz_esp.cube'... mode     4
Reading 'data/gaussian_60_water_ccsdt_adz_esp.cube'... mode     4
Reading 'data/gaussian_61_water_ccsdt_adz_esp.cube'... mode     4
Reading 'data/gaussian_62_water_ccsdt_adz_esp.cube'... mode     4
Reading 'data/gaussian_63_water_ccsdt_adz_esp.cube'... mode     4
Reading 'data/gaussian_64_water_ccsdt_adz_esp.cube'... mode     4
Reading 'data/gaussian_65_water_ccsdt_adz_esp.cube'... mode     4
Reading 'data/gaussian_66_water_ccsdt_adz_esp.cube'... mode     4
Reading 'data/gaussian_67_water_ccsdt_adz_esp.cube'... mode     4
Reading 'data/gaussian_68_water_ccsdt_adz_esp.cube'... mode     4
Reading 'data/gaussian_69_water_ccsdt_adz_esp.cube'... mode     4
Reading 'data/gaussian_70_water_ccsdt_adz_esp.cube'... mode     4
Reading 'data/gaussian_71_water_ccsdt_adz_esp.cube'... mode     4
Reading 'data/gaussian_72_water_ccsdt_adz_esp.cube'... mode     4
system_label
--------------
type(str):
  Label tag of your system for file identification.
  Each written file includes this label.
Your input:  water_ccsdt_adz

system_file_coord
-------------------
type(str):
  Path to a cartesian 'xyz' or z-matrix 'zmat' file.
Your input:  source/water.xyz

system_file_type
------------------
type(str): ('xyz', 'zmat'), default 'xyz'
  Type identifier of your coordinate file as
  cartesian 'xyz' or z-matrix 'zmat' file.
Your input:  xyz

system_total_charge
---------------------
type(int), optional: default '0'
  Total charge of your system.
  Only integer charges are possible.
Your input:  0

system_spin_multiplicity
--------------------------
type(int), optional: default '1'
  Spin multiplicity of your system.
  The multiplicity is related to your total spin S by:
    multiplicity = 2*S + 1
Your input:  1

scan_dofs
-----------
type(list), optional: default 'None'
  List defining the degrees of freedom to scan over.
  In case of 'xyz' coordination file format, the list
  must contain sublists of atom indices. The length of the
  sublist defines the type 'bond', 'angle', 'dihedral'.
  To match the parameter value, only the respectively last
  atom in the list is moved.
    Example:
      scan_dofs = [
          [0, 1],        # <- Bond between atom 0 and 1
          [1, 0, 2],     # <- Angle between atoms 1<-0->2
          [2, 0, 1, 3]   # <- Dihedral angle
      ]
  In case of 'zmat' coordination file format, the list
  must contain sublists of the respective variable label
  in the zmat file and the type definition.
    Example:
      Z-matrix file:
        O
        O 1 dOO
        H 1 dHO1 2 aHOO1
        H 2 dHO2 1 aHOO2 3 dihHOOH

        dOO     = 1.2
        dHO1    = 1.0
        dHO2    = 1.0
        aHOO1   = 60.0
        aHOO2   = 60.0
        dihHOOH = 180.0
      ----
      scan_dofs = [
          ['dOO', 'bond'],
          ['aHOO1', 'angle'],
          ['dihHOOH', 'dihdral'],
      ]
  If scan_dofs is not defined or as None, only the system
  conformation in the coordinate file is evaluated.
Your input:  [[0, 1], [0, 2], [1, 0, 2]]

scan_steps
------------
type(list), optional: default 'None'
  List defining the grid steps for the degrees of freedom
  defined in 'scan_dofs'. Bonds are given in Angstrom and
  angular parameter in degree.
    Example (see example coordinates in 'scan_dofs'):
      scan_steps = [
          [0.9, 1.0, 1.1],    # <- Bond distances
          [50, 60, 70, 80],   # <- Angles
          [0., 90., 180.]     # <- Dihedral angles
      ]
  If scan_steps is not defined or as None, only the system
  conformation in the coordinate file is evaluated.
Your input:  [[0.909, 0.959, 1.009], [0.909, 0.959, 1.009], array([ 84.45,  86.45,  88.45,  90.45,  92.45,  94.45,  96.45,  98.45,
       100.45, 102.45, 104.45, 106.45, 108.45, 110.45, 112.45, 114.45,
       116.45, 118.45, 120.45, 122.45])]

scan_constrained_opt
----------------------
type(bool), optional: default 'False'
  Whether if perform constrained optimization for each
  grid point in the scan or just single point.
Your input:  False

scan_write_esp_cube
---------------------
type(bool), optional: default 'True'
  Write a cube file with the electrostatic potential.

scan_write_dens_cube
----------------------
type(bool), optional: default 'True'
  Write a cube file with the electron density.

scan_qm_program
-----------------
type(str), optional: default 'Gaussian'
  QM calculation program for evaluating potential,
  electron density and ESP.
Your input:  Gaussian

scan_qm_method
----------------
type(str), optional: default 'HF'
  QM method, see documentation for available methods with
  the respective QM program.
Your input:  CCSD(T)

scan_qm_basis_set
-------------------
type(str), optional: default 'cc-pVDZ'
  QM atom centred basis set, see documentation for
  available basis set in the respective QM program.
Your input:  aug-cc-pVDZ

scan_parallel_tasks
---------------------
type(int), optional: default '1'
  Number of parallel QM calculations on your machine.
Your input:  10

scan_cpus_per_task
--------------------
type(int), optional: default '1'
  Number of available CPUs per task.
Your input:  4

scan_memory_per_task
----------------------
type(int), optional: default '1000'
  Amount of requested memory per single CPU in MB.
  In general, declared memory available in the QM programm
  is usually just 90% of the total memory declared in the
  bash script file.
Your input:  1600

scan_overwrite
----------------
type(bool), optional: default 'False'
  Whether to recompute the system at grid points even if 
  all output files are given and viable (successful run).
Your input:  False

scan_time_check_tasks
-----------------------
type(int), optional: default '60'
  Time delay in seconds to check the status of the tasks
  and submit next ones.
Your input:  10

1.8841402000091518
1.8841402000091518
[2.11269253 1.92772684 1.74196477 1.55591393 1.36985493 1.18523198
 1.00403015 0.82968497 0.66876882 0.53474513 0.45284025 0.45425642
 0.53910979 0.6752839  0.83846705 1.01672268 1.1998786  1.38675814
 1.57400956 1.76168932 2.66264305 2.47406097 2.28428914 2.09450659
 1.90476561 1.71553435 1.52907423 1.34692873 1.1721179  1.00898685
 0.86501975 0.75131841 0.68507192 0.68361754 0.74466911 0.85357406
 0.99375342 1.15737683 1.32927026 1.51063698 3.26624021 3.07644811
 2.88533607 2.69414687 2.50368603 2.31400683 2.12715037 1.94357913
 1.76527329 1.59474924 1.43536761 1.2934351  1.17556657 1.08823631
 1.03887991 1.0385113  1.07885641 1.16309405 1.27783514 1.41714313
 2.62250281 2.43500276 2.24673207 2.05810624 1.8705492  1.68400523
 1.50039011 1.32187155 1.15196544 0.99483551 0.86009706 0.76039671
 0.71046157 0.72081022 0.78824362 0.90174328 1.04328376 1.20518629
 1.37607617 1.55671164 3.10366322 2.90641196 2.70790021 2.5081244
 2.3075285  2.10693596 1.90722501 1.70871081 1.513044   1.32220613
 1.13979607 0.97135001 0.82667776 0.72135227 0.67391582 0.69341792
 0.77741625 0.90749327 1.06779691 1.24285037 3.65320349 3.45072969
 3.24658345 3.04190467 2.83722059 2.63157885 2.42637417 2.22155984
 2.01845658 1.81941953 1.62500561 1.43947212 1.2667478  1.1125152
 0.98723621 0.90421363 0.8749908  0.90292911 0.9840992  1.10531631
 3.20118641 3.01382859 2.82593487 2.63894107 2.45243358 2.26748752
 2.0867485  1.90948746 1.73916279 1.57891287 1.43227589 1.30445967
 1.20147254 1.13208264 1.10130253 1.11455167 1.16670485 1.25732743
 1.37505755 1.51358846 3.62402986 3.4232294  3.22141625 3.0181806
 2.81536107 2.6119511  2.40845018 2.20762839 2.00776137 1.81233106
 1.62345616 1.44396591 1.27908059 1.13419584 1.02030933 0.94843175
 0.93010919 0.96329388 1.04459037 1.16607464 4.12008055 3.91111856
 3.70023527 3.48963006 3.27659923 3.063217   2.84905135 2.63526901
 2.42243942 2.21116608 2.00355481 1.8000889  1.60392385 1.42082871
 1.25457207 1.1120644  1.00564021 0.9493339  0.95069024 1.00341756]
0 (0.909, 0.909, 84.45) 2.11269253288769
1 (0.909, 0.909, 86.45) 1.92772683626382
2 (0.909, 0.909, 88.45) 1.741964773547346
3 (0.909, 0.909, 90.45) 1.5559139263551867
4 (0.909, 0.909, 92.45) 1.369854934912557
5 (0.909, 0.909, 94.45) 1.1852319771340123
6 (0.909, 0.909, 96.45) 1.0040301494975221
7 (0.909, 0.909, 98.45) 0.8296849711817795
8 (0.909, 0.909, 100.45) 0.6687688185068259
9 (0.909, 0.909, 102.45) 0.534745131205014
10 (0.909, 0.909, 104.45) 0.45284024879294477
11 (0.909, 0.909, 106.45) 0.454256423327823
12 (0.909, 0.909, 108.45) 0.5391097880079321
13 (0.909, 0.909, 110.45) 0.6752838981331005
14 (0.909, 0.909, 112.45) 0.8384670505140875
15 (0.909, 0.909, 114.45) 1.0167226754674552
16 (0.909, 0.909, 116.45) 1.1998786032666133
17 (0.909, 0.909, 118.45) 1.3867581387863168
18 (0.909, 0.909, 120.45) 1.5740095599144082
19 (0.909, 0.909, 122.45) 1.7616893151553474
20 (0.909, 0.959, 84.45) 2.6626430548204545
21 (0.909, 0.959, 86.45) 2.474060965728226
22 (0.909, 0.959, 88.45) 2.284289141706151
23 (0.909, 0.959, 90.45) 2.094506586952217
24 (0.909, 0.959, 92.45) 1.904765611435492
25 (0.909, 0.959, 94.45) 1.715534348427241
26 (0.909, 0.959, 96.45) 1.5290742297736246
27 (0.909, 0.959, 98.45) 1.3469287279039652
28 (0.909, 0.959, 100.45) 1.1721178997626638
29 (0.909, 0.959, 102.45) 1.0089868475912531
30 (0.909, 0.959, 104.45) 0.8650197505820721
31 (0.909, 0.959, 106.45) 0.7513184051651451
32 (0.909, 0.959, 108.45) 0.6850719175532566
33 (0.909, 0.959, 110.45) 0.6836175398762825
34 (0.909, 0.959, 112.45) 0.7446691096948501
35 (0.909, 0.959, 114.45) 0.8535740640689795
36 (0.909, 0.959, 116.45) 0.9937534166955702
37 (0.909, 0.959, 118.45) 1.1573768341185076
38 (0.909, 0.959, 120.45) 1.3292702646965804
39 (0.909, 0.959, 122.45) 1.5106369798047707
40 (0.909, 1.009, 84.45) 3.2662402141878366
41 (0.909, 1.009, 86.45) 3.076448112872114
42 (0.909, 1.009, 88.45) 2.885336071875412
43 (0.909, 1.009, 90.45) 2.6941468738148715
44 (0.909, 1.009, 92.45) 2.503686026349663
45 (0.909, 1.009, 94.45) 2.3140068295526484
46 (0.909, 1.009, 96.45) 2.1271503726526957
47 (0.909, 1.009, 98.45) 1.943579127689338
48 (0.909, 1.009, 100.45) 1.765273294954081
49 (0.909, 1.009, 102.45) 1.594749242802766
50 (0.909, 1.009, 104.45) 1.4353676145552812
51 (0.909, 1.009, 106.45) 1.2934351013315182
52 (0.909, 1.009, 108.45) 1.1755665677762221
53 (0.909, 1.009, 110.45) 1.0882363065913718
54 (0.909, 1.009, 112.45) 1.038879910879372
55 (0.909, 1.009, 114.45) 1.038511296350233
56 (0.909, 1.009, 116.45) 1.0788564082924026
57 (0.909, 1.009, 118.45) 1.163094054695062
58 (0.909, 1.009, 120.45) 1.2778351382853197
59 (0.909, 1.009, 122.45) 1.417143133936346
60 (0.959, 0.909, 84.45) 2.62250280768714
61 (0.959, 0.909, 86.45) 2.4350027604983278
62 (0.959, 0.909, 88.45) 2.246732068612656
63 (0.959, 0.909, 90.45) 2.058106240332198
64 (0.959, 0.909, 92.45) 1.8705492012458962
65 (0.959, 0.909, 94.45) 1.6840052326627835
66 (0.959, 0.909, 96.45) 1.5003901111017248
67 (0.959, 0.909, 98.45) 1.3218715540867818
68 (0.959, 0.909, 100.45) 1.1519654403856245
69 (0.959, 0.909, 102.45) 0.9948355102847802
70 (0.959, 0.909, 104.45) 0.8600970605706864
71 (0.959, 0.909, 106.45) 0.7603967114672898
72 (0.959, 0.909, 108.45) 0.7104615732486693
73 (0.959, 0.909, 110.45) 0.7208102178632116
74 (0.959, 0.909, 112.45) 0.7882436201764301
75 (0.959, 0.909, 114.45) 0.9017432807859951
76 (0.959, 0.909, 116.45) 1.043283757197113
77 (0.959, 0.909, 118.45) 1.2051862857267894
78 (0.959, 0.909, 120.45) 1.3760761705725864
79 (0.959, 0.909, 122.45) 1.5567116404116113
80 (0.959, 0.959, 84.45) 3.1036632221215337
81 (0.959, 0.959, 86.45) 2.906411963369708
82 (0.959, 0.959, 88.45) 2.7079002093121027
83 (0.959, 0.959, 90.45) 2.508124402983533
84 (0.959, 0.959, 92.45) 2.3075285018389105
85 (0.959, 0.959, 94.45) 2.10693595975656
86 (0.959, 0.959, 96.45) 1.9072250133731323
87 (0.959, 0.959, 98.45) 1.7087108105785034
88 (0.959, 0.959, 100.45) 1.5130439966510627
89 (0.959, 0.959, 102.45) 1.322206132104638
90 (0.959, 0.959, 104.45) 1.1397960725433596
91 (0.959, 0.959, 106.45) 0.9713500124365119
92 (0.959, 0.959, 108.45) 0.8266777629188606
93 (0.959, 0.959, 110.45) 0.721352267475206
94 (0.959, 0.959, 112.45) 0.6739158228435216
95 (0.959, 0.959, 114.45) 0.6934179209243381
96 (0.959, 0.959, 116.45) 0.7774162544654911
97 (0.959, 0.959, 118.45) 0.9074932678272513
98 (0.959, 0.959, 120.45) 1.0677969148110218
99 (0.959, 0.959, 122.45) 1.2428503731493326
100 (0.959, 1.009, 84.45) 3.6532034882660622
101 (0.959, 1.009, 86.45) 3.450729687887762
102 (0.959, 1.009, 88.45) 3.2465834540378458
103 (0.959, 1.009, 90.45) 3.0419046749169856
104 (0.959, 1.009, 92.45) 2.837220592633062
105 (0.959, 1.009, 94.45) 2.631578845809269
106 (0.959, 1.009, 96.45) 2.4263741681183024
107 (0.959, 1.009, 98.45) 2.2215598364731606
108 (0.959, 1.009, 100.45) 2.018456577398059
109 (0.959, 1.009, 102.45) 1.819419533652432
110 (0.959, 1.009, 104.45) 1.6250056081113735
111 (0.959, 1.009, 106.45) 1.439472116024072
112 (0.959, 1.009, 108.45) 1.2667478025237868
113 (0.959, 1.009, 110.45) 1.1125152000968797
114 (0.959, 1.009, 112.45) 0.9872362126817098
115 (0.959, 1.009, 114.45) 0.9042136296145223
116 (0.959, 1.009, 116.45) 0.8749908020928754
117 (0.959, 1.009, 118.45) 0.9029291106309311
118 (0.959, 1.009, 120.45) 0.9840992040475365
119 (0.959, 1.009, 122.45) 1.10531631493912
120 (1.009, 0.909, 84.45) 3.2011864143776667
121 (1.009, 0.909, 86.45) 3.0138285896154
122 (1.009, 0.909, 88.45) 2.825934873116569
123 (1.009, 0.909, 90.45) 2.6389410742600985
124 (1.009, 0.909, 92.45) 2.45243358133347
125 (1.009, 0.909, 94.45) 2.2674875220701
126 (1.009, 0.909, 96.45) 2.0867485000557577
127 (1.009, 0.909, 98.45) 1.9094874551565015
128 (1.009, 0.909, 100.45) 1.7391627939958854
129 (1.009, 0.909, 102.45) 1.5789128702390869
130 (1.009, 0.909, 104.45) 1.4322758902151977
131 (1.009, 0.909, 106.45) 1.304459665916802
132 (1.009, 0.909, 108.45) 1.2014725360147327
133 (1.009, 0.909, 110.45) 1.132082640132798
134 (1.009, 0.909, 112.45) 1.1013025308459619
135 (1.009, 0.909, 114.45) 1.1145516734952188
136 (1.009, 0.909, 116.45) 1.1667048478572408
137 (1.009, 0.909, 118.45) 1.2573274319067862
138 (1.009, 0.909, 120.45) 1.3750575470145519
139 (1.009, 0.909, 122.45) 1.5135884584846961
140 (1.009, 0.959, 84.45) 3.6240298610416724
141 (1.009, 0.959, 86.45) 3.4232293962301763
142 (1.009, 0.959, 88.45) 3.221416249894435
143 (1.009, 0.959, 90.45) 3.0181806044949187
144 (1.009, 0.959, 92.45) 2.8153610673949507
145 (1.009, 0.959, 94.45) 2.611951098424212
146 (1.009, 0.959, 96.45) 2.408450176310135
147 (1.009, 0.959, 98.45) 2.207628386353801
148 (1.009, 0.959, 100.45) 2.0077613683214093
149 (1.009, 0.959, 102.45) 1.8123310558638381
150 (1.009, 0.959, 104.45) 1.6234561568547234
151 (1.009, 0.959, 106.45) 1.4439659071653517
152 (1.009, 0.959, 108.45) 1.2790805891723471
153 (1.009, 0.959, 110.45) 1.1341958375077796
154 (1.009, 0.959, 112.45) 1.0203093344782752
155 (1.009, 0.959, 114.45) 0.9484317465228446
156 (1.009, 0.959, 116.45) 0.9301091852435186
157 (1.009, 0.959, 118.45) 0.9632938756147255
158 (1.009, 0.959, 120.45) 1.044590367733489
159 (1.009, 0.959, 122.45) 1.1660746437437972
160 (1.009, 1.009, 84.45) 4.12008054732819
161 (1.009, 1.009, 86.45) 3.911118558606136
162 (1.009, 1.009, 88.45) 3.700235271787235
163 (1.009, 1.009, 90.45) 3.489630064711488
164 (1.009, 1.009, 92.45) 3.276599234641384
165 (1.009, 1.009, 94.45) 3.063217004585938
166 (1.009, 1.009, 96.45) 2.849051349405373
167 (1.009, 1.009, 98.45) 2.6352690131521825
168 (1.009, 1.009, 100.45) 2.4224394171289814
169 (1.009, 1.009, 102.45) 2.211166082765461
170 (1.009, 1.009, 104.45) 2.0035548088016473
171 (1.009, 1.009, 106.45) 1.8000888982350374
172 (1.009, 1.009, 108.45) 1.6039238488577312
173 (1.009, 1.009, 110.45) 1.4208287059334013
174 (1.009, 1.009, 112.45) 1.2545720728501932
175 (1.009, 1.009, 114.45) 1.1120644039018448
176 (1.009, 1.009, 116.45) 1.0056402055979876
177 (1.009, 1.009, 118.45) 0.9493338965954294
178 (1.009, 1.009, 120.45) 0.950690242865872
179 (1.009, 1.009, 122.45) 1.0034175579737854
Reading 'data/gaussian_73_water_ccsdt_adz_esp.cube'... mode     4
Reading 'data/gaussian_74_water_ccsdt_adz_esp.cube'... mode     4
Reading 'data/gaussian_75_water_ccsdt_adz_esp.cube'... mode     4
Reading 'data/gaussian_76_water_ccsdt_adz_esp.cube'... mode     4
Reading 'data/gaussian_77_water_ccsdt_adz_esp.cube'... mode     4
Reading 'data/gaussian_78_water_ccsdt_adz_esp.cube'... mode     4
Reading 'data/gaussian_79_water_ccsdt_adz_esp.cube'... mode     4
Reading 'data/gaussian_80_water_ccsdt_adz_esp.cube'... mode     4
Reading 'data/gaussian_81_water_ccsdt_adz_esp.cube'... mode     4
Reading 'data/gaussian_82_water_ccsdt_adz_esp.cube'... mode     4
Reading 'data/gaussian_83_water_ccsdt_adz_esp.cube'... mode     4
Reading 'data/gaussian_84_water_ccsdt_adz_esp.cube'... mode     4
Reading 'data/gaussian_85_water_ccsdt_adz_esp.cube'... mode     4
Reading 'data/gaussian_86_water_ccsdt_adz_esp.cube'... mode     4
Reading 'data/gaussian_87_water_ccsdt_adz_esp.cube'... mode     4
Reading 'data/gaussian_88_water_ccsdt_adz_esp.cube'... mode     4
Reading 'data/gaussian_89_water_ccsdt_adz_esp.cube'... mode     4
Reading 'data/gaussian_90_water_ccsdt_adz_esp.cube'... mode     4
Reading 'data/gaussian_91_water_ccsdt_adz_esp.cube'... mode     4
Reading 'data/gaussian_92_water_ccsdt_adz_esp.cube'... mode     4
Reading 'data/gaussian_93_water_ccsdt_adz_esp.cube'... mode     4
Reading 'data/gaussian_94_water_ccsdt_adz_esp.cube'... mode     4
Reading 'data/gaussian_95_water_ccsdt_adz_esp.cube'... mode     4
Reading 'data/gaussian_96_water_ccsdt_adz_esp.cube'... mode     4
Reading 'data/gaussian_97_water_ccsdt_adz_esp.cube'... mode     4
Reading 'data/gaussian_98_water_ccsdt_adz_esp.cube'... mode     4
Reading 'data/gaussian_99_water_ccsdt_adz_esp.cube'... mode     4
Reading 'data/gaussian_100_water_ccsdt_adz_esp.cube'... mode     4
Reading 'data/gaussian_101_water_ccsdt_adz_esp.cube'... mode     4
Reading 'data/gaussian_102_water_ccsdt_adz_esp.cube'... mode     4
Reading 'data/gaussian_103_water_ccsdt_adz_esp.cube'... mode     4
Reading 'data/gaussian_104_water_ccsdt_adz_esp.cube'... mode     4
Reading 'data/gaussian_105_water_ccsdt_adz_esp.cube'... mode     4
Reading 'data/gaussian_106_water_ccsdt_adz_esp.cube'... mode     4
Reading 'data/gaussian_107_water_ccsdt_adz_esp.cube'... mode     4
Reading 'data/gaussian_108_water_ccsdt_adz_esp.cube'... mode     4
Reading 'data/gaussian_109_water_ccsdt_adz_esp.cube'... mode     4
Reading 'data/gaussian_110_water_ccsdt_adz_esp.cube'... mode     4
Reading 'data/gaussian_111_water_ccsdt_adz_esp.cube'... mode     4
Reading 'data/gaussian_112_water_ccsdt_adz_esp.cube'... mode     4
Reading 'data/gaussian_113_water_ccsdt_adz_esp.cube'... mode     4
Reading 'data/gaussian_114_water_ccsdt_adz_esp.cube'... mode     4
Reading 'data/gaussian_115_water_ccsdt_adz_esp.cube'... mode     4
Reading 'data/gaussian_116_water_ccsdt_adz_esp.cube'... mode     4
Reading 'data/gaussian_117_water_ccsdt_adz_esp.cube'... mode     4
Reading 'data/gaussian_118_water_ccsdt_adz_esp.cube'... mode     4
Reading 'data/gaussian_119_water_ccsdt_adz_esp.cube'... mode     4
Reading 'data/gaussian_120_water_ccsdt_adz_esp.cube'... mode     4
Reading 'data/gaussian_121_water_ccsdt_adz_esp.cube'... mode     4
Reading 'data/gaussian_122_water_ccsdt_adz_esp.cube'... mode     4
Reading 'data/gaussian_123_water_ccsdt_adz_esp.cube'... mode     4
Reading 'data/gaussian_124_water_ccsdt_adz_esp.cube'... mode     4
Reading 'data/gaussian_125_water_ccsdt_adz_esp.cube'... mode     4
Reading 'data/gaussian_126_water_ccsdt_adz_esp.cube'... mode     4
Reading 'data/gaussian_127_water_ccsdt_adz_esp.cube'... mode     4
Reading 'data/gaussian_128_water_ccsdt_adz_esp.cube'... mode     4
Reading 'data/gaussian_129_water_ccsdt_adz_esp.cube'... mode     4
Reading 'data/gaussian_130_water_ccsdt_adz_esp.cube'... mode     4
Reading 'data/gaussian_131_water_ccsdt_adz_esp.cube'... mode     4
Reading 'data/gaussian_132_water_ccsdt_adz_esp.cube'... mode     4
Reading 'data/gaussian_133_water_ccsdt_adz_esp.cube'... mode     4
Reading 'data/gaussian_134_water_ccsdt_adz_esp.cube'... mode     4
Reading 'data/gaussian_135_water_ccsdt_adz_esp.cube'... mode     4
Reading 'data/gaussian_136_water_ccsdt_adz_esp.cube'... mode     4
Reading 'data/gaussian_137_water_ccsdt_adz_esp.cube'... mode     4
Reading 'data/gaussian_138_water_ccsdt_adz_esp.cube'... mode     4
Reading 'data/gaussian_139_water_ccsdt_adz_esp.cube'... mode     4
Reading 'data/gaussian_140_water_ccsdt_adz_esp.cube'... mode     4
Reading 'data/gaussian_141_water_ccsdt_adz_esp.cube'... mode     4
Reading 'data/gaussian_142_water_ccsdt_adz_esp.cube'... mode     4
Reading 'data/gaussian_143_water_ccsdt_adz_esp.cube'... mode     4
Reading 'data/gaussian_144_water_ccsdt_adz_esp.cube'... mode     4
Reading 'data/gaussian_145_water_ccsdt_adz_esp.cube'... mode     4
Reading 'data/gaussian_146_water_ccsdt_adz_esp.cube'... mode     4
Reading 'data/gaussian_147_water_ccsdt_adz_esp.cube'... mode     4
Reading 'data/gaussian_148_water_ccsdt_adz_esp.cube'... mode     4
Reading 'data/gaussian_149_water_ccsdt_adz_esp.cube'... mode     4
Reading 'data/gaussian_150_water_ccsdt_adz_esp.cube'... mode     4
Reading 'data/gaussian_151_water_ccsdt_adz_esp.cube'... mode     4
Reading 'data/gaussian_152_water_ccsdt_adz_esp.cube'... mode     4
Reading 'data/gaussian_153_water_ccsdt_adz_esp.cube'... mode     4
Reading 'data/gaussian_154_water_ccsdt_adz_esp.cube'... mode     4
Reading 'data/gaussian_155_water_ccsdt_adz_esp.cube'... mode     4
Reading 'data/gaussian_156_water_ccsdt_adz_esp.cube'... mode     4
Reading 'data/gaussian_157_water_ccsdt_adz_esp.cube'... mode     4
Reading 'data/gaussian_158_water_ccsdt_adz_esp.cube'... mode     4
Reading 'data/gaussian_159_water_ccsdt_adz_esp.cube'... mode     4
Reading 'data/gaussian_160_water_ccsdt_adz_esp.cube'... mode     4
Reading 'data/gaussian_161_water_ccsdt_adz_esp.cube'... mode     4
Reading 'data/gaussian_162_water_ccsdt_adz_esp.cube'... mode     4
Reading 'data/gaussian_163_water_ccsdt_adz_esp.cube'... mode     4
Reading 'data/gaussian_164_water_ccsdt_adz_esp.cube'... mode     4
Reading 'data/gaussian_165_water_ccsdt_adz_esp.cube'... mode     4
Reading 'data/gaussian_166_water_ccsdt_adz_esp.cube'... mode     4
Reading 'data/gaussian_167_water_ccsdt_adz_esp.cube'... mode     4
Reading 'data/gaussian_168_water_ccsdt_adz_esp.cube'... mode     4
Reading 'data/gaussian_169_water_ccsdt_adz_esp.cube'... mode     4
Reading 'data/gaussian_170_water_ccsdt_adz_esp.cube'... mode     4
Reading 'data/gaussian_171_water_ccsdt_adz_esp.cube'... mode     4
Reading 'data/gaussian_172_water_ccsdt_adz_esp.cube'... mode     4
Reading 'data/gaussian_173_water_ccsdt_adz_esp.cube'... mode     4
Reading 'data/gaussian_174_water_ccsdt_adz_esp.cube'... mode     4
Reading 'data/gaussian_175_water_ccsdt_adz_esp.cube'... mode     4
Reading 'data/gaussian_176_water_ccsdt_adz_esp.cube'... mode     4
Reading 'data/gaussian_177_water_ccsdt_adz_esp.cube'... mode     4
Reading 'data/gaussian_178_water_ccsdt_adz_esp.cube'... mode     4
Reading 'data/gaussian_179_water_ccsdt_adz_esp.cube'... mode     4
