Reading 'data/gaussian_0_water_hf_pdz_esp.cube'... just atom number 
Reading 'data/gaussian_0_water_hf_pdz_esp.cube'... mode     1
Reading 'data/gaussian_1_water_hf_pdz_esp.cube'... mode     1
Reading 'data/gaussian_2_water_hf_pdz_esp.cube'... mode     1
Reading 'data/gaussian_3_water_hf_pdz_esp.cube'... mode     1
Reading 'data/gaussian_4_water_hf_pdz_esp.cube'... mode     1
Reading 'data/gaussian_5_water_hf_pdz_esp.cube'... mode     1
Reading 'data/gaussian_6_water_hf_pdz_esp.cube'... mode     1
Reading 'data/gaussian_7_water_hf_pdz_esp.cube'... mode     1
Reading 'data/gaussian_8_water_hf_pdz_esp.cube'... mode     1
Reading 'data/gaussian_9_water_hf_pdz_esp.cube'... mode     1
Reading 'data/gaussian_10_water_hf_pdz_esp.cube'... mode     1
Reading 'data/gaussian_11_water_hf_pdz_esp.cube'... mode     1
Reading 'data/gaussian_12_water_hf_pdz_esp.cube'... mode     1
Reading 'data/gaussian_13_water_hf_pdz_esp.cube'... mode     1
Reading 'data/gaussian_14_water_hf_pdz_esp.cube'... mode     1
Reading 'data/gaussian_15_water_hf_pdz_esp.cube'... mode     1
Reading 'data/gaussian_16_water_hf_pdz_esp.cube'... mode     1
Reading 'data/gaussian_17_water_hf_pdz_esp.cube'... mode     1
Reading 'data/gaussian_18_water_hf_pdz_esp.cube'... mode     1
Reading 'data/gaussian_19_water_hf_pdz_esp.cube'... mode     1
Reading 'data/gaussian_20_water_hf_pdz_esp.cube'... mode     1
Reading 'data/gaussian_21_water_hf_pdz_esp.cube'... mode     1
Reading 'data/gaussian_22_water_hf_pdz_esp.cube'... mode     1
Reading 'data/gaussian_23_water_hf_pdz_esp.cube'... mode     1
Reading 'data/gaussian_24_water_hf_pdz_esp.cube'... mode     1
Reading 'data/gaussian_25_water_hf_pdz_esp.cube'... mode     1
Reading 'data/gaussian_26_water_hf_pdz_esp.cube'... mode     1
Reading 'data/gaussian_27_water_hf_pdz_esp.cube'... mode     1
Reading 'data/gaussian_28_water_hf_pdz_esp.cube'... mode     1
Reading 'data/gaussian_29_water_hf_pdz_esp.cube'... mode     1
Reading 'data/gaussian_30_water_hf_pdz_esp.cube'... mode     1
Reading 'data/gaussian_31_water_hf_pdz_esp.cube'... mode     1
Reading 'data/gaussian_32_water_hf_pdz_esp.cube'... mode     1
Reading 'data/gaussian_33_water_hf_pdz_esp.cube'... mode     1
Reading 'data/gaussian_34_water_hf_pdz_esp.cube'... mode     1
Reading 'data/gaussian_35_water_hf_pdz_esp.cube'... mode     1
Reading 'data/gaussian_36_water_hf_pdz_esp.cube'... mode     1
Reading 'data/gaussian_37_water_hf_pdz_esp.cube'... mode     1
Reading 'data/gaussian_38_water_hf_pdz_esp.cube'... mode     1
Reading 'data/gaussian_39_water_hf_pdz_esp.cube'... mode     1
Reading 'data/gaussian_40_water_hf_pdz_esp.cube'... mode     1
Reading 'data/gaussian_41_water_hf_pdz_esp.cube'... mode     1
Reading 'data/gaussian_42_water_hf_pdz_esp.cube'... mode     1
Reading 'data/gaussian_43_water_hf_pdz_esp.cube'... mode     1
Reading 'data/gaussian_44_water_hf_pdz_esp.cube'... mode     1
Reading 'data/gaussian_45_water_hf_pdz_esp.cube'... mode     1
Reading 'data/gaussian_46_water_hf_pdz_esp.cube'... mode     1
Reading 'data/gaussian_47_water_hf_pdz_esp.cube'... mode     1
Reading 'data/gaussian_48_water_hf_pdz_esp.cube'... mode     1
Reading 'data/gaussian_49_water_hf_pdz_esp.cube'... mode     1
Reading 'data/gaussian_50_water_hf_pdz_esp.cube'... mode     1
Reading 'data/gaussian_51_water_hf_pdz_esp.cube'... mode     1
Reading 'data/gaussian_52_water_hf_pdz_esp.cube'... mode     1
Reading 'data/gaussian_53_water_hf_pdz_esp.cube'... mode     1
Reading 'data/gaussian_54_water_hf_pdz_esp.cube'... mode     1
Reading 'data/gaussian_55_water_hf_pdz_esp.cube'... mode     1
Reading 'data/gaussian_56_water_hf_pdz_esp.cube'... mode     1
Reading 'data/gaussian_57_water_hf_pdz_esp.cube'... mode     1
Reading 'data/gaussian_58_water_hf_pdz_esp.cube'... mode     1
Reading 'data/gaussian_59_water_hf_pdz_esp.cube'... mode     1
Reading 'data/gaussian_60_water_hf_pdz_esp.cube'... mode     1
Reading 'data/gaussian_61_water_hf_pdz_esp.cube'... mode     1
Reading 'data/gaussian_62_water_hf_pdz_esp.cube'... mode     1
Reading 'data/gaussian_63_water_hf_pdz_esp.cube'... mode     1
Reading 'data/gaussian_64_water_hf_pdz_esp.cube'... mode     1
Reading 'data/gaussian_65_water_hf_pdz_esp.cube'... mode     1
Reading 'data/gaussian_66_water_hf_pdz_esp.cube'... mode     1
Reading 'data/gaussian_67_water_hf_pdz_esp.cube'... mode     1
Reading 'data/gaussian_68_water_hf_pdz_esp.cube'... mode     1
Reading 'data/gaussian_69_water_hf_pdz_esp.cube'... mode     1
Reading 'data/gaussian_70_water_hf_pdz_esp.cube'... mode     1
Reading 'data/gaussian_71_water_hf_pdz_esp.cube'... mode     1
Reading 'data/gaussian_72_water_hf_pdz_esp.cube'... mode     1
Reading 'data/gaussian_73_water_hf_pdz_esp.cube'... mode     1
Reading 'data/gaussian_74_water_hf_pdz_esp.cube'... mode     1
Reading 'data/gaussian_75_water_hf_pdz_esp.cube'... mode     1
Reading 'data/gaussian_76_water_hf_pdz_esp.cube'... mode     1
Reading 'data/gaussian_77_water_hf_pdz_esp.cube'... mode     1
Reading 'data/gaussian_78_water_hf_pdz_esp.cube'... mode     1
Reading 'data/gaussian_79_water_hf_pdz_esp.cube'... mode     1
Reading 'data/gaussian_80_water_hf_pdz_esp.cube'... mode     1
Reading 'data/gaussian_81_water_hf_pdz_esp.cube'... mode     1
Reading 'data/gaussian_82_water_hf_pdz_esp.cube'... mode     1
Reading 'data/gaussian_83_water_hf_pdz_esp.cube'... mode     1
Reading 'data/gaussian_84_water_hf_pdz_esp.cube'... mode     1
Reading 'data/gaussian_85_water_hf_pdz_esp.cube'... mode     1
Reading 'data/gaussian_86_water_hf_pdz_esp.cube'... mode     1
Reading 'data/gaussian_87_water_hf_pdz_esp.cube'... mode     1
Reading 'data/gaussian_88_water_hf_pdz_esp.cube'... mode     1
Reading 'data/gaussian_89_water_hf_pdz_esp.cube'... mode     1
Reading 'data/gaussian_90_water_hf_pdz_esp.cube'... mode     1
Reading 'data/gaussian_91_water_hf_pdz_esp.cube'... mode     1
Reading 'data/gaussian_92_water_hf_pdz_esp.cube'... mode     1
Reading 'data/gaussian_93_water_hf_pdz_esp.cube'... mode     1
Reading 'data/gaussian_94_water_hf_pdz_esp.cube'... mode     1
Reading 'data/gaussian_95_water_hf_pdz_esp.cube'... mode     1
Reading 'data/gaussian_96_water_hf_pdz_esp.cube'... mode     1
Reading 'data/gaussian_97_water_hf_pdz_esp.cube'... mode     1
Reading 'data/gaussian_98_water_hf_pdz_esp.cube'... mode     1
Reading 'data/gaussian_99_water_hf_pdz_esp.cube'... mode     1
Reading 'data/gaussian_100_water_hf_pdz_esp.cube'... mode     1
Reading 'data/gaussian_101_water_hf_pdz_esp.cube'... mode     1
Reading 'data/gaussian_102_water_hf_pdz_esp.cube'... mode     1
Reading 'data/gaussian_103_water_hf_pdz_esp.cube'... mode     1
Reading 'data/gaussian_104_water_hf_pdz_esp.cube'... mode     1
Reading 'data/gaussian_105_water_hf_pdz_esp.cube'... mode     1
Reading 'data/gaussian_106_water_hf_pdz_esp.cube'... mode     1
Reading 'data/gaussian_107_water_hf_pdz_esp.cube'... mode     1
Reading 'data/gaussian_108_water_hf_pdz_esp.cube'... mode     1
Reading 'data/gaussian_109_water_hf_pdz_esp.cube'... mode     1
Reading 'data/gaussian_110_water_hf_pdz_esp.cube'... mode     1
Reading 'data/gaussian_111_water_hf_pdz_esp.cube'... mode     1
Reading 'data/gaussian_112_water_hf_pdz_esp.cube'... mode     1
Reading 'data/gaussian_113_water_hf_pdz_esp.cube'... mode     1
Reading 'data/gaussian_114_water_hf_pdz_esp.cube'... mode     1
Reading 'data/gaussian_115_water_hf_pdz_esp.cube'... mode     1
Reading 'data/gaussian_116_water_hf_pdz_esp.cube'... mode     1
Reading 'data/gaussian_117_water_hf_pdz_esp.cube'... mode     1
Reading 'data/gaussian_118_water_hf_pdz_esp.cube'... mode     1
Reading 'data/gaussian_119_water_hf_pdz_esp.cube'... mode     1
Reading 'data/gaussian_120_water_hf_pdz_esp.cube'... mode     1
Reading 'data/gaussian_121_water_hf_pdz_esp.cube'... mode     1
Reading 'data/gaussian_122_water_hf_pdz_esp.cube'... mode     1
Reading 'data/gaussian_123_water_hf_pdz_esp.cube'... mode     1
Reading 'data/gaussian_124_water_hf_pdz_esp.cube'... mode     1
Reading 'data/gaussian_125_water_hf_pdz_esp.cube'... mode     1
Reading 'data/gaussian_126_water_hf_pdz_esp.cube'... mode     1
Reading 'data/gaussian_127_water_hf_pdz_esp.cube'... mode     1
Reading 'data/gaussian_128_water_hf_pdz_esp.cube'... mode     1
Reading 'data/gaussian_129_water_hf_pdz_esp.cube'... mode     1
Reading 'data/gaussian_130_water_hf_pdz_esp.cube'... mode     1
Reading 'data/gaussian_131_water_hf_pdz_esp.cube'... mode     1
Reading 'data/gaussian_132_water_hf_pdz_esp.cube'... mode     1
Reading 'data/gaussian_133_water_hf_pdz_esp.cube'... mode     1
Reading 'data/gaussian_134_water_hf_pdz_esp.cube'... mode     1
Reading 'data/gaussian_135_water_hf_pdz_esp.cube'... mode     1
Reading 'data/gaussian_136_water_hf_pdz_esp.cube'... mode     1
Reading 'data/gaussian_137_water_hf_pdz_esp.cube'... mode     1
Reading 'data/gaussian_138_water_hf_pdz_esp.cube'... mode     1
Reading 'data/gaussian_139_water_hf_pdz_esp.cube'... mode     1
Reading 'data/gaussian_140_water_hf_pdz_esp.cube'... mode     1
Reading 'data/gaussian_141_water_hf_pdz_esp.cube'... mode     1
Reading 'data/gaussian_142_water_hf_pdz_esp.cube'... mode     1
Reading 'data/gaussian_143_water_hf_pdz_esp.cube'... mode     1
Reading 'data/gaussian_144_water_hf_pdz_esp.cube'... mode     1
Reading 'data/gaussian_145_water_hf_pdz_esp.cube'... mode     1
Reading 'data/gaussian_146_water_hf_pdz_esp.cube'... mode     1
Reading 'data/gaussian_147_water_hf_pdz_esp.cube'... mode     1
Reading 'data/gaussian_148_water_hf_pdz_esp.cube'... mode     1
Reading 'data/gaussian_149_water_hf_pdz_esp.cube'... mode     1
Reading 'data/gaussian_150_water_hf_pdz_esp.cube'... mode     1
Reading 'data/gaussian_151_water_hf_pdz_esp.cube'... mode     1
Reading 'data/gaussian_152_water_hf_pdz_esp.cube'... mode     1
Reading 'data/gaussian_153_water_hf_pdz_esp.cube'... mode     1
Reading 'data/gaussian_154_water_hf_pdz_esp.cube'... mode     1
Reading 'data/gaussian_155_water_hf_pdz_esp.cube'... mode     1
Reading 'data/gaussian_156_water_hf_pdz_esp.cube'... mode     1
Reading 'data/gaussian_157_water_hf_pdz_esp.cube'... mode     1
Reading 'data/gaussian_158_water_hf_pdz_esp.cube'... mode     1
Reading 'data/gaussian_159_water_hf_pdz_esp.cube'... mode     1
Reading 'data/gaussian_160_water_hf_pdz_esp.cube'... mode     1
Reading 'data/gaussian_161_water_hf_pdz_esp.cube'... mode     1
Reading 'data/gaussian_162_water_hf_pdz_esp.cube'... mode     1
Reading 'data/gaussian_163_water_hf_pdz_esp.cube'... mode     1
Reading 'data/gaussian_164_water_hf_pdz_esp.cube'... mode     1
Reading 'data/gaussian_165_water_hf_pdz_esp.cube'... mode     1
Reading 'data/gaussian_166_water_hf_pdz_esp.cube'... mode     1
Reading 'data/gaussian_167_water_hf_pdz_esp.cube'... mode     1
Reading 'data/gaussian_168_water_hf_pdz_esp.cube'... mode     1
Reading 'data/gaussian_169_water_hf_pdz_esp.cube'... mode     1
Reading 'data/gaussian_170_water_hf_pdz_esp.cube'... mode     1
Reading 'data/gaussian_171_water_hf_pdz_esp.cube'... mode     1
Reading 'data/gaussian_172_water_hf_pdz_esp.cube'... mode     1
Reading 'data/gaussian_173_water_hf_pdz_esp.cube'... mode     1
Reading 'data/gaussian_174_water_hf_pdz_esp.cube'... mode     1
Reading 'data/gaussian_175_water_hf_pdz_esp.cube'... mode     1
Reading 'data/gaussian_176_water_hf_pdz_esp.cube'... mode     1
Reading 'data/gaussian_177_water_hf_pdz_esp.cube'... mode     1
Reading 'data/gaussian_178_water_hf_pdz_esp.cube'... mode     1
Reading 'data/gaussian_179_water_hf_pdz_esp.cube'... mode     1
Reading 'data/gaussian_0_water_hf_pdz_esp.cube'... mode     2
Reading 'data/gaussian_1_water_hf_pdz_esp.cube'... mode     2
Reading 'data/gaussian_2_water_hf_pdz_esp.cube'... mode     2
Reading 'data/gaussian_3_water_hf_pdz_esp.cube'... mode     2
Reading 'data/gaussian_4_water_hf_pdz_esp.cube'... mode     2
Reading 'data/gaussian_5_water_hf_pdz_esp.cube'... mode     2
Reading 'data/gaussian_6_water_hf_pdz_esp.cube'... mode     2
Reading 'data/gaussian_7_water_hf_pdz_esp.cube'... mode     2
Reading 'data/gaussian_8_water_hf_pdz_esp.cube'... mode     2
Reading 'data/gaussian_9_water_hf_pdz_esp.cube'... mode     2
Reading 'data/gaussian_10_water_hf_pdz_esp.cube'... mode     2
Reading 'data/gaussian_11_water_hf_pdz_esp.cube'... mode     2
Reading 'data/gaussian_12_water_hf_pdz_esp.cube'... mode     2
Reading 'data/gaussian_13_water_hf_pdz_esp.cube'... mode     2
Reading 'data/gaussian_14_water_hf_pdz_esp.cube'... mode     2
Reading 'data/gaussian_15_water_hf_pdz_esp.cube'... mode     2
Reading 'data/gaussian_16_water_hf_pdz_esp.cube'... mode     2
Reading 'data/gaussian_17_water_hf_pdz_esp.cube'... mode     2
Reading 'data/gaussian_18_water_hf_pdz_esp.cube'... mode     2
Reading 'data/gaussian_19_water_hf_pdz_esp.cube'... mode     2
Reading 'data/gaussian_20_water_hf_pdz_esp.cube'... mode     2
Reading 'data/gaussian_21_water_hf_pdz_esp.cube'... mode     2
Reading 'data/gaussian_22_water_hf_pdz_esp.cube'... mode     2
Reading 'data/gaussian_23_water_hf_pdz_esp.cube'... mode     2
Reading 'data/gaussian_24_water_hf_pdz_esp.cube'... mode     2
Reading 'data/gaussian_25_water_hf_pdz_esp.cube'... mode     2
Reading 'data/gaussian_26_water_hf_pdz_esp.cube'... mode     2
Reading 'data/gaussian_27_water_hf_pdz_esp.cube'... mode     2
Reading 'data/gaussian_28_water_hf_pdz_esp.cube'... mode     2
Reading 'data/gaussian_29_water_hf_pdz_esp.cube'... mode     2
Reading 'data/gaussian_30_water_hf_pdz_esp.cube'... mode     2
Reading 'data/gaussian_31_water_hf_pdz_esp.cube'... mode     2
Reading 'data/gaussian_32_water_hf_pdz_esp.cube'... mode     2
Reading 'data/gaussian_33_water_hf_pdz_esp.cube'... mode     2
Reading 'data/gaussian_34_water_hf_pdz_esp.cube'... mode     2
Reading 'data/gaussian_35_water_hf_pdz_esp.cube'... mode     2
Reading 'data/gaussian_36_water_hf_pdz_esp.cube'... mode     2
Reading 'data/gaussian_37_water_hf_pdz_esp.cube'... mode     2
Reading 'data/gaussian_38_water_hf_pdz_esp.cube'... mode     2
Reading 'data/gaussian_39_water_hf_pdz_esp.cube'... mode     2
Reading 'data/gaussian_40_water_hf_pdz_esp.cube'... mode     2
Reading 'data/gaussian_41_water_hf_pdz_esp.cube'... mode     2
Reading 'data/gaussian_42_water_hf_pdz_esp.cube'... mode     2
Reading 'data/gaussian_43_water_hf_pdz_esp.cube'... mode     2
Reading 'data/gaussian_44_water_hf_pdz_esp.cube'... mode     2
Reading 'data/gaussian_45_water_hf_pdz_esp.cube'... mode     2
Reading 'data/gaussian_46_water_hf_pdz_esp.cube'... mode     2
Reading 'data/gaussian_47_water_hf_pdz_esp.cube'... mode     2
Reading 'data/gaussian_48_water_hf_pdz_esp.cube'... mode     2
Reading 'data/gaussian_49_water_hf_pdz_esp.cube'... mode     2
Reading 'data/gaussian_50_water_hf_pdz_esp.cube'... mode     2
Reading 'data/gaussian_51_water_hf_pdz_esp.cube'... mode     2
Reading 'data/gaussian_52_water_hf_pdz_esp.cube'... mode     2
Reading 'data/gaussian_53_water_hf_pdz_esp.cube'... mode     2
Reading 'data/gaussian_54_water_hf_pdz_esp.cube'... mode     2
Reading 'data/gaussian_55_water_hf_pdz_esp.cube'... mode     2
Reading 'data/gaussian_56_water_hf_pdz_esp.cube'... mode     2
Reading 'data/gaussian_57_water_hf_pdz_esp.cube'... mode     2
Reading 'data/gaussian_58_water_hf_pdz_esp.cube'... mode     2
Reading 'data/gaussian_59_water_hf_pdz_esp.cube'... mode     2
Reading 'data/gaussian_60_water_hf_pdz_esp.cube'... mode     2
Reading 'data/gaussian_61_water_hf_pdz_esp.cube'... mode     2
Reading 'data/gaussian_62_water_hf_pdz_esp.cube'... mode     2
Reading 'data/gaussian_63_water_hf_pdz_esp.cube'... mode     2
Reading 'data/gaussian_64_water_hf_pdz_esp.cube'... mode     2
Reading 'data/gaussian_65_water_hf_pdz_esp.cube'... mode     2
Reading 'data/gaussian_66_water_hf_pdz_esp.cube'... mode     2
Reading 'data/gaussian_67_water_hf_pdz_esp.cube'... mode     2
Reading 'data/gaussian_68_water_hf_pdz_esp.cube'... mode     2
Reading 'data/gaussian_69_water_hf_pdz_esp.cube'... mode     2
Reading 'data/gaussian_70_water_hf_pdz_esp.cube'... mode     2
Reading 'data/gaussian_71_water_hf_pdz_esp.cube'... mode     2
Reading 'data/gaussian_72_water_hf_pdz_esp.cube'... mode     2
Reading 'data/gaussian_73_water_hf_pdz_esp.cube'... mode     2
Reading 'data/gaussian_74_water_hf_pdz_esp.cube'... mode     2
Reading 'data/gaussian_75_water_hf_pdz_esp.cube'... mode     2
Reading 'data/gaussian_76_water_hf_pdz_esp.cube'... mode     2
Reading 'data/gaussian_77_water_hf_pdz_esp.cube'... mode     2
Reading 'data/gaussian_78_water_hf_pdz_esp.cube'... mode     2
Reading 'data/gaussian_79_water_hf_pdz_esp.cube'... mode     2
Reading 'data/gaussian_80_water_hf_pdz_esp.cube'... mode     2
Reading 'data/gaussian_81_water_hf_pdz_esp.cube'... mode     2
Reading 'data/gaussian_82_water_hf_pdz_esp.cube'... mode     2
Reading 'data/gaussian_83_water_hf_pdz_esp.cube'... mode     2
Reading 'data/gaussian_84_water_hf_pdz_esp.cube'... mode     2
Reading 'data/gaussian_85_water_hf_pdz_esp.cube'... mode     2
Reading 'data/gaussian_86_water_hf_pdz_esp.cube'... mode     2
Reading 'data/gaussian_87_water_hf_pdz_esp.cube'... mode     2
Reading 'data/gaussian_88_water_hf_pdz_esp.cube'... mode     2
Reading 'data/gaussian_89_water_hf_pdz_esp.cube'... mode     2
Reading 'data/gaussian_90_water_hf_pdz_esp.cube'... mode     2
Reading 'data/gaussian_91_water_hf_pdz_esp.cube'... mode     2
Reading 'data/gaussian_92_water_hf_pdz_esp.cube'... mode     2
Reading 'data/gaussian_93_water_hf_pdz_esp.cube'... mode     2
Reading 'data/gaussian_94_water_hf_pdz_esp.cube'... mode     2
Reading 'data/gaussian_95_water_hf_pdz_esp.cube'... mode     2
Reading 'data/gaussian_96_water_hf_pdz_esp.cube'... mode     2
Reading 'data/gaussian_97_water_hf_pdz_esp.cube'... mode     2
Reading 'data/gaussian_98_water_hf_pdz_esp.cube'... mode     2
Reading 'data/gaussian_99_water_hf_pdz_esp.cube'... mode     2
Reading 'data/gaussian_100_water_hf_pdz_esp.cube'... mode     2
Reading 'data/gaussian_101_water_hf_pdz_esp.cube'... mode     2
Reading 'data/gaussian_102_water_hf_pdz_esp.cube'... mode     2
Reading 'data/gaussian_103_water_hf_pdz_esp.cube'... mode     2
Reading 'data/gaussian_104_water_hf_pdz_esp.cube'... mode     2
Reading 'data/gaussian_105_water_hf_pdz_esp.cube'... mode     2
Reading 'data/gaussian_106_water_hf_pdz_esp.cube'... mode     2
Reading 'data/gaussian_107_water_hf_pdz_esp.cube'... mode     2
Reading 'data/gaussian_108_water_hf_pdz_esp.cube'... mode     2
Reading 'data/gaussian_109_water_hf_pdz_esp.cube'... mode     2
Reading 'data/gaussian_110_water_hf_pdz_esp.cube'... mode     2
Reading 'data/gaussian_111_water_hf_pdz_esp.cube'... mode     2
Reading 'data/gaussian_112_water_hf_pdz_esp.cube'... mode     2
Reading 'data/gaussian_113_water_hf_pdz_esp.cube'... mode     2
Reading 'data/gaussian_114_water_hf_pdz_esp.cube'... mode     2
Reading 'data/gaussian_115_water_hf_pdz_esp.cube'... mode     2
Reading 'data/gaussian_116_water_hf_pdz_esp.cube'... mode     2
Reading 'data/gaussian_117_water_hf_pdz_esp.cube'... mode     2
Reading 'data/gaussian_118_water_hf_pdz_esp.cube'... mode     2
Reading 'data/gaussian_119_water_hf_pdz_esp.cube'... mode     2
Reading 'data/gaussian_120_water_hf_pdz_esp.cube'... mode     2
Reading 'data/gaussian_121_water_hf_pdz_esp.cube'... mode     2
Reading 'data/gaussian_122_water_hf_pdz_esp.cube'... mode     2
Reading 'data/gaussian_123_water_hf_pdz_esp.cube'... mode     2
Reading 'data/gaussian_124_water_hf_pdz_esp.cube'... mode     2
Reading 'data/gaussian_125_water_hf_pdz_esp.cube'... mode     2
Reading 'data/gaussian_126_water_hf_pdz_esp.cube'... mode     2
Reading 'data/gaussian_127_water_hf_pdz_esp.cube'... mode     2
Reading 'data/gaussian_128_water_hf_pdz_esp.cube'... mode     2
Reading 'data/gaussian_129_water_hf_pdz_esp.cube'... mode     2
Reading 'data/gaussian_130_water_hf_pdz_esp.cube'... mode     2
Reading 'data/gaussian_131_water_hf_pdz_esp.cube'... mode     2
Reading 'data/gaussian_132_water_hf_pdz_esp.cube'... mode     2
Reading 'data/gaussian_133_water_hf_pdz_esp.cube'... mode     2
Reading 'data/gaussian_134_water_hf_pdz_esp.cube'... mode     2
Reading 'data/gaussian_135_water_hf_pdz_esp.cube'... mode     2
Reading 'data/gaussian_136_water_hf_pdz_esp.cube'... mode     2
Reading 'data/gaussian_137_water_hf_pdz_esp.cube'... mode     2
Reading 'data/gaussian_138_water_hf_pdz_esp.cube'... mode     2
Reading 'data/gaussian_139_water_hf_pdz_esp.cube'... mode     2
Reading 'data/gaussian_140_water_hf_pdz_esp.cube'... mode     2
Reading 'data/gaussian_141_water_hf_pdz_esp.cube'... mode     2
Reading 'data/gaussian_142_water_hf_pdz_esp.cube'... mode     2
Reading 'data/gaussian_143_water_hf_pdz_esp.cube'... mode     2
Reading 'data/gaussian_144_water_hf_pdz_esp.cube'... mode     2
Reading 'data/gaussian_145_water_hf_pdz_esp.cube'... mode     2
Reading 'data/gaussian_146_water_hf_pdz_esp.cube'... mode     2
Reading 'data/gaussian_147_water_hf_pdz_esp.cube'... mode     2
Reading 'data/gaussian_148_water_hf_pdz_esp.cube'... mode     2
Reading 'data/gaussian_149_water_hf_pdz_esp.cube'... mode     2
Reading 'data/gaussian_150_water_hf_pdz_esp.cube'... mode     2
Reading 'data/gaussian_151_water_hf_pdz_esp.cube'... mode     2
Reading 'data/gaussian_152_water_hf_pdz_esp.cube'... mode     2
Reading 'data/gaussian_153_water_hf_pdz_esp.cube'... mode     2
Reading 'data/gaussian_154_water_hf_pdz_esp.cube'... mode     2
Reading 'data/gaussian_155_water_hf_pdz_esp.cube'... mode     2
Reading 'data/gaussian_156_water_hf_pdz_esp.cube'... mode     2
Reading 'data/gaussian_157_water_hf_pdz_esp.cube'... mode     2
Reading 'data/gaussian_158_water_hf_pdz_esp.cube'... mode     2
Reading 'data/gaussian_159_water_hf_pdz_esp.cube'... mode     2
Reading 'data/gaussian_160_water_hf_pdz_esp.cube'... mode     2
Reading 'data/gaussian_161_water_hf_pdz_esp.cube'... mode     2
Reading 'data/gaussian_162_water_hf_pdz_esp.cube'... mode     2
Reading 'data/gaussian_163_water_hf_pdz_esp.cube'... mode     2
Reading 'data/gaussian_164_water_hf_pdz_esp.cube'... mode     2
Reading 'data/gaussian_165_water_hf_pdz_esp.cube'... mode     2
Reading 'data/gaussian_166_water_hf_pdz_esp.cube'... mode     2
Reading 'data/gaussian_167_water_hf_pdz_esp.cube'... mode     2
Reading 'data/gaussian_168_water_hf_pdz_esp.cube'... mode     2
Reading 'data/gaussian_169_water_hf_pdz_esp.cube'... mode     2
Reading 'data/gaussian_170_water_hf_pdz_esp.cube'... mode     2
Reading 'data/gaussian_171_water_hf_pdz_esp.cube'... mode     2
Reading 'data/gaussian_172_water_hf_pdz_esp.cube'... mode     2
Reading 'data/gaussian_173_water_hf_pdz_esp.cube'... mode     2
Reading 'data/gaussian_174_water_hf_pdz_esp.cube'... mode     2
Reading 'data/gaussian_175_water_hf_pdz_esp.cube'... mode     2
Reading 'data/gaussian_176_water_hf_pdz_esp.cube'... mode     2
Reading 'data/gaussian_177_water_hf_pdz_esp.cube'... mode     2
Reading 'data/gaussian_178_water_hf_pdz_esp.cube'... mode     2
Reading 'data/gaussian_179_water_hf_pdz_esp.cube'... mode     2
Reading 'data/gaussian_0_water_hf_pdz_esp.cube'... mode     3
Reading 'data/gaussian_1_water_hf_pdz_esp.cube'... mode     3
Reading 'data/gaussian_2_water_hf_pdz_esp.cube'... mode     3
Reading 'data/gaussian_3_water_hf_pdz_esp.cube'... mode     3
Reading 'data/gaussian_4_water_hf_pdz_esp.cube'... mode     3
Reading 'data/gaussian_5_water_hf_pdz_esp.cube'... mode     3
Reading 'data/gaussian_6_water_hf_pdz_esp.cube'... mode     3
Reading 'data/gaussian_7_water_hf_pdz_esp.cube'... mode     3
Reading 'data/gaussian_8_water_hf_pdz_esp.cube'... mode     3
Reading 'data/gaussian_9_water_hf_pdz_esp.cube'... mode     3
Reading 'data/gaussian_10_water_hf_pdz_esp.cube'... mode     3
Reading 'data/gaussian_11_water_hf_pdz_esp.cube'... mode     3
Reading 'data/gaussian_12_water_hf_pdz_esp.cube'... mode     3
Reading 'data/gaussian_13_water_hf_pdz_esp.cube'... mode     3
Reading 'data/gaussian_14_water_hf_pdz_esp.cube'... mode     3
Reading 'data/gaussian_15_water_hf_pdz_esp.cube'... mode     3
Reading 'data/gaussian_16_water_hf_pdz_esp.cube'... mode     3
Reading 'data/gaussian_17_water_hf_pdz_esp.cube'... mode     3
Reading 'data/gaussian_18_water_hf_pdz_esp.cube'... mode     3
Reading 'data/gaussian_19_water_hf_pdz_esp.cube'... mode     3
Reading 'data/gaussian_20_water_hf_pdz_esp.cube'... mode     3
Reading 'data/gaussian_21_water_hf_pdz_esp.cube'... mode     3
Reading 'data/gaussian_22_water_hf_pdz_esp.cube'... mode     3
Reading 'data/gaussian_23_water_hf_pdz_esp.cube'... mode     3
Reading 'data/gaussian_24_water_hf_pdz_esp.cube'... mode     3
Reading 'data/gaussian_25_water_hf_pdz_esp.cube'... mode     3
Reading 'data/gaussian_26_water_hf_pdz_esp.cube'... mode     3
Reading 'data/gaussian_27_water_hf_pdz_esp.cube'... mode     3
Reading 'data/gaussian_28_water_hf_pdz_esp.cube'... mode     3
Reading 'data/gaussian_29_water_hf_pdz_esp.cube'... mode     3
Reading 'data/gaussian_30_water_hf_pdz_esp.cube'... mode     3
Reading 'data/gaussian_31_water_hf_pdz_esp.cube'... mode     3
Reading 'data/gaussian_32_water_hf_pdz_esp.cube'... mode     3
Reading 'data/gaussian_33_water_hf_pdz_esp.cube'... mode     3
Reading 'data/gaussian_34_water_hf_pdz_esp.cube'... mode     3
Reading 'data/gaussian_35_water_hf_pdz_esp.cube'... mode     3
Reading 'data/gaussian_36_water_hf_pdz_esp.cube'... mode     3
Reading 'data/gaussian_37_water_hf_pdz_esp.cube'... mode     3
Reading 'data/gaussian_38_water_hf_pdz_esp.cube'... mode     3
Reading 'data/gaussian_39_water_hf_pdz_esp.cube'... mode     3
Reading 'data/gaussian_40_water_hf_pdz_esp.cube'... mode     3
Reading 'data/gaussian_41_water_hf_pdz_esp.cube'... mode     3
Reading 'data/gaussian_42_water_hf_pdz_esp.cube'... mode     3
Reading 'data/gaussian_43_water_hf_pdz_esp.cube'... mode     3
Reading 'data/gaussian_44_water_hf_pdz_esp.cube'... mode     3
Reading 'data/gaussian_45_water_hf_pdz_esp.cube'... mode     3
Reading 'data/gaussian_46_water_hf_pdz_esp.cube'... mode     3
Reading 'data/gaussian_47_water_hf_pdz_esp.cube'... mode     3
Reading 'data/gaussian_48_water_hf_pdz_esp.cube'... mode     3
Reading 'data/gaussian_49_water_hf_pdz_esp.cube'... mode     3
Reading 'data/gaussian_50_water_hf_pdz_esp.cube'... mode     3
Reading 'data/gaussian_51_water_hf_pdz_esp.cube'... mode     3
Reading 'data/gaussian_52_water_hf_pdz_esp.cube'... mode     3
Reading 'data/gaussian_53_water_hf_pdz_esp.cube'... mode     3
Reading 'data/gaussian_54_water_hf_pdz_esp.cube'... mode     3
Reading 'data/gaussian_55_water_hf_pdz_esp.cube'... mode     3
Reading 'data/gaussian_56_water_hf_pdz_esp.cube'... mode     3
Reading 'data/gaussian_57_water_hf_pdz_esp.cube'... mode     3
Reading 'data/gaussian_58_water_hf_pdz_esp.cube'... mode     3
Reading 'data/gaussian_59_water_hf_pdz_esp.cube'... mode     3
Reading 'data/gaussian_60_water_hf_pdz_esp.cube'... mode     3
Reading 'data/gaussian_61_water_hf_pdz_esp.cube'... mode     3
Reading 'data/gaussian_62_water_hf_pdz_esp.cube'... mode     3
Reading 'data/gaussian_63_water_hf_pdz_esp.cube'... mode     3
Reading 'data/gaussian_64_water_hf_pdz_esp.cube'... mode     3
Reading 'data/gaussian_65_water_hf_pdz_esp.cube'... mode     3
Reading 'data/gaussian_66_water_hf_pdz_esp.cube'... mode     3
Reading 'data/gaussian_67_water_hf_pdz_esp.cube'... mode     3
Reading 'data/gaussian_68_water_hf_pdz_esp.cube'... mode     3
Reading 'data/gaussian_69_water_hf_pdz_esp.cube'... mode     3
Reading 'data/gaussian_70_water_hf_pdz_esp.cube'... mode     3
Reading 'data/gaussian_71_water_hf_pdz_esp.cube'... mode     3
Reading 'data/gaussian_72_water_hf_pdz_esp.cube'... mode     3
Reading 'data/gaussian_73_water_hf_pdz_esp.cube'... mode     3
Reading 'data/gaussian_74_water_hf_pdz_esp.cube'... mode     3
Reading 'data/gaussian_75_water_hf_pdz_esp.cube'... mode     3
Reading 'data/gaussian_76_water_hf_pdz_esp.cube'... mode     3
Reading 'data/gaussian_77_water_hf_pdz_esp.cube'... mode     3
Reading 'data/gaussian_78_water_hf_pdz_esp.cube'... mode     3
Reading 'data/gaussian_79_water_hf_pdz_esp.cube'... mode     3
Reading 'data/gaussian_80_water_hf_pdz_esp.cube'... mode     3
Reading 'data/gaussian_81_water_hf_pdz_esp.cube'... mode     3
Reading 'data/gaussian_82_water_hf_pdz_esp.cube'... mode     3
Reading 'data/gaussian_83_water_hf_pdz_esp.cube'... mode     3
Reading 'data/gaussian_84_water_hf_pdz_esp.cube'... mode     3
Reading 'data/gaussian_85_water_hf_pdz_esp.cube'... mode     3
Reading 'data/gaussian_86_water_hf_pdz_esp.cube'... mode     3
Reading 'data/gaussian_87_water_hf_pdz_esp.cube'... mode     3
Reading 'data/gaussian_88_water_hf_pdz_esp.cube'... mode     3
Reading 'data/gaussian_89_water_hf_pdz_esp.cube'... mode     3
Reading 'data/gaussian_90_water_hf_pdz_esp.cube'... mode     3
Reading 'data/gaussian_91_water_hf_pdz_esp.cube'... mode     3
Reading 'data/gaussian_92_water_hf_pdz_esp.cube'... mode     3
Reading 'data/gaussian_93_water_hf_pdz_esp.cube'... mode     3
Reading 'data/gaussian_94_water_hf_pdz_esp.cube'... mode     3
Reading 'data/gaussian_95_water_hf_pdz_esp.cube'... mode     3
Reading 'data/gaussian_96_water_hf_pdz_esp.cube'... mode     3
Reading 'data/gaussian_97_water_hf_pdz_esp.cube'... mode     3
Reading 'data/gaussian_98_water_hf_pdz_esp.cube'... mode     3
Reading 'data/gaussian_99_water_hf_pdz_esp.cube'... mode     3
Reading 'data/gaussian_100_water_hf_pdz_esp.cube'... mode     3
Reading 'data/gaussian_101_water_hf_pdz_esp.cube'... mode     3
Reading 'data/gaussian_102_water_hf_pdz_esp.cube'... mode     3
Reading 'data/gaussian_103_water_hf_pdz_esp.cube'... mode     3
Reading 'data/gaussian_104_water_hf_pdz_esp.cube'... mode     3
Reading 'data/gaussian_105_water_hf_pdz_esp.cube'... mode     3
Reading 'data/gaussian_106_water_hf_pdz_esp.cube'... mode     3
Reading 'data/gaussian_107_water_hf_pdz_esp.cube'... mode     3
Reading 'data/gaussian_108_water_hf_pdz_esp.cube'... mode     3
Reading 'data/gaussian_109_water_hf_pdz_esp.cube'... mode     3
Reading 'data/gaussian_110_water_hf_pdz_esp.cube'... mode     3
Reading 'data/gaussian_111_water_hf_pdz_esp.cube'... mode     3
Reading 'data/gaussian_112_water_hf_pdz_esp.cube'... mode     3
Reading 'data/gaussian_113_water_hf_pdz_esp.cube'... mode     3
Reading 'data/gaussian_114_water_hf_pdz_esp.cube'... mode     3
Reading 'data/gaussian_115_water_hf_pdz_esp.cube'... mode     3
Reading 'data/gaussian_116_water_hf_pdz_esp.cube'... mode     3
Reading 'data/gaussian_117_water_hf_pdz_esp.cube'... mode     3
Reading 'data/gaussian_118_water_hf_pdz_esp.cube'... mode     3
Reading 'data/gaussian_119_water_hf_pdz_esp.cube'... mode     3
Reading 'data/gaussian_120_water_hf_pdz_esp.cube'... mode     3
Reading 'data/gaussian_121_water_hf_pdz_esp.cube'... mode     3
Reading 'data/gaussian_122_water_hf_pdz_esp.cube'... mode     3
Reading 'data/gaussian_123_water_hf_pdz_esp.cube'... mode     3
Reading 'data/gaussian_124_water_hf_pdz_esp.cube'... mode     3
Reading 'data/gaussian_125_water_hf_pdz_esp.cube'... mode     3
Reading 'data/gaussian_126_water_hf_pdz_esp.cube'... mode     3
Reading 'data/gaussian_127_water_hf_pdz_esp.cube'... mode     3
Reading 'data/gaussian_128_water_hf_pdz_esp.cube'... mode     3
Reading 'data/gaussian_129_water_hf_pdz_esp.cube'... mode     3
Reading 'data/gaussian_130_water_hf_pdz_esp.cube'... mode     3
Reading 'data/gaussian_131_water_hf_pdz_esp.cube'... mode     3
Reading 'data/gaussian_132_water_hf_pdz_esp.cube'... mode     3
Reading 'data/gaussian_133_water_hf_pdz_esp.cube'... mode     3
Reading 'data/gaussian_134_water_hf_pdz_esp.cube'... mode     3
Reading 'data/gaussian_135_water_hf_pdz_esp.cube'... mode     3
Reading 'data/gaussian_136_water_hf_pdz_esp.cube'... mode     3
Reading 'data/gaussian_137_water_hf_pdz_esp.cube'... mode     3
Reading 'data/gaussian_138_water_hf_pdz_esp.cube'... mode     3
Reading 'data/gaussian_139_water_hf_pdz_esp.cube'... mode     3
Reading 'data/gaussian_140_water_hf_pdz_esp.cube'... mode     3
Reading 'data/gaussian_141_water_hf_pdz_esp.cube'... mode     3
Reading 'data/gaussian_142_water_hf_pdz_esp.cube'... mode     3
Reading 'data/gaussian_143_water_hf_pdz_esp.cube'... mode     3
Reading 'data/gaussian_144_water_hf_pdz_esp.cube'... mode     3
Reading 'data/gaussian_145_water_hf_pdz_esp.cube'... mode     3
Reading 'data/gaussian_146_water_hf_pdz_esp.cube'... mode     3
Reading 'data/gaussian_147_water_hf_pdz_esp.cube'... mode     3
Reading 'data/gaussian_148_water_hf_pdz_esp.cube'... mode     3
Reading 'data/gaussian_149_water_hf_pdz_esp.cube'... mode     3
Reading 'data/gaussian_150_water_hf_pdz_esp.cube'... mode     3
Reading 'data/gaussian_151_water_hf_pdz_esp.cube'... mode     3
Reading 'data/gaussian_152_water_hf_pdz_esp.cube'... mode     3
Reading 'data/gaussian_153_water_hf_pdz_esp.cube'... mode     3
Reading 'data/gaussian_154_water_hf_pdz_esp.cube'... mode     3
Reading 'data/gaussian_155_water_hf_pdz_esp.cube'... mode     3
Reading 'data/gaussian_156_water_hf_pdz_esp.cube'... mode     3
Reading 'data/gaussian_157_water_hf_pdz_esp.cube'... mode     3
Reading 'data/gaussian_158_water_hf_pdz_esp.cube'... mode     3
Reading 'data/gaussian_159_water_hf_pdz_esp.cube'... mode     3
Reading 'data/gaussian_160_water_hf_pdz_esp.cube'... mode     3
Reading 'data/gaussian_161_water_hf_pdz_esp.cube'... mode     3
Reading 'data/gaussian_162_water_hf_pdz_esp.cube'... mode     3
Reading 'data/gaussian_163_water_hf_pdz_esp.cube'... mode     3
Reading 'data/gaussian_164_water_hf_pdz_esp.cube'... mode     3
Reading 'data/gaussian_165_water_hf_pdz_esp.cube'... mode     3
Reading 'data/gaussian_166_water_hf_pdz_esp.cube'... mode     3
Reading 'data/gaussian_167_water_hf_pdz_esp.cube'... mode     3
Reading 'data/gaussian_168_water_hf_pdz_esp.cube'... mode     3
Reading 'data/gaussian_169_water_hf_pdz_esp.cube'... mode     3
Reading 'data/gaussian_170_water_hf_pdz_esp.cube'... mode     3
Reading 'data/gaussian_171_water_hf_pdz_esp.cube'... mode     3
Reading 'data/gaussian_172_water_hf_pdz_esp.cube'... mode     3
Reading 'data/gaussian_173_water_hf_pdz_esp.cube'... mode     3
Reading 'data/gaussian_174_water_hf_pdz_esp.cube'... mode     3
Reading 'data/gaussian_175_water_hf_pdz_esp.cube'... mode     3
Reading 'data/gaussian_176_water_hf_pdz_esp.cube'... mode     3
Reading 'data/gaussian_177_water_hf_pdz_esp.cube'... mode     3
Reading 'data/gaussian_178_water_hf_pdz_esp.cube'... mode     3
Reading 'data/gaussian_179_water_hf_pdz_esp.cube'... mode     3
Reading 'source/water.dcm'...
Start computing local axis systems ...
Reading 'data/gaussian_0_water_hf_pdz_esp.cube'... mode     4
Reading 'data/gaussian_1_water_hf_pdz_esp.cube'... mode     4
Reading 'data/gaussian_2_water_hf_pdz_esp.cube'... mode     4
Reading 'data/gaussian_3_water_hf_pdz_esp.cube'... mode     4
Reading 'data/gaussian_4_water_hf_pdz_esp.cube'... mode     4
Reading 'data/gaussian_5_water_hf_pdz_esp.cube'... mode     4
Reading 'data/gaussian_6_water_hf_pdz_esp.cube'... mode     4
Reading 'data/gaussian_7_water_hf_pdz_esp.cube'... mode     4
Reading 'data/gaussian_8_water_hf_pdz_esp.cube'... mode     4
Reading 'data/gaussian_9_water_hf_pdz_esp.cube'... mode     4
Reading 'data/gaussian_10_water_hf_pdz_esp.cube'... mode     4
Reading 'data/gaussian_11_water_hf_pdz_esp.cube'... mode     4
Reading 'data/gaussian_12_water_hf_pdz_esp.cube'... mode     4
Reading 'data/gaussian_13_water_hf_pdz_esp.cube'... mode     4
Reading 'data/gaussian_14_water_hf_pdz_esp.cube'... mode     4
Reading 'data/gaussian_15_water_hf_pdz_esp.cube'... mode     4
Reading 'data/gaussian_16_water_hf_pdz_esp.cube'... mode     4
Reading 'data/gaussian_17_water_hf_pdz_esp.cube'... mode     4
Reading 'data/gaussian_18_water_hf_pdz_esp.cube'... mode     4
Reading 'data/gaussian_19_water_hf_pdz_esp.cube'... mode     4
Reading 'data/gaussian_20_water_hf_pdz_esp.cube'... mode     4
Reading 'data/gaussian_21_water_hf_pdz_esp.cube'... mode     4
Reading 'data/gaussian_22_water_hf_pdz_esp.cube'... mode     4
Reading 'data/gaussian_23_water_hf_pdz_esp.cube'... mode     4
Reading 'data/gaussian_24_water_hf_pdz_esp.cube'... mode     4
Reading 'data/gaussian_25_water_hf_pdz_esp.cube'... mode     4
Reading 'data/gaussian_26_water_hf_pdz_esp.cube'... mode     4
Reading 'data/gaussian_27_water_hf_pdz_esp.cube'... mode     4
Reading 'data/gaussian_28_water_hf_pdz_esp.cube'... mode     4
Reading 'data/gaussian_29_water_hf_pdz_esp.cube'... mode     4
Reading 'data/gaussian_30_water_hf_pdz_esp.cube'... mode     4
Reading 'data/gaussian_31_water_hf_pdz_esp.cube'... mode     4
Reading 'data/gaussian_32_water_hf_pdz_esp.cube'... mode     4
Reading 'data/gaussian_33_water_hf_pdz_esp.cube'... mode     4
Reading 'data/gaussian_34_water_hf_pdz_esp.cube'... mode     4
Reading 'data/gaussian_35_water_hf_pdz_esp.cube'... mode     4
Reading 'data/gaussian_36_water_hf_pdz_esp.cube'... mode     4
Reading 'data/gaussian_37_water_hf_pdz_esp.cube'... mode     4
Reading 'data/gaussian_38_water_hf_pdz_esp.cube'... mode     4
Reading 'data/gaussian_39_water_hf_pdz_esp.cube'... mode     4
Reading 'data/gaussian_40_water_hf_pdz_esp.cube'... mode     4
Reading 'data/gaussian_41_water_hf_pdz_esp.cube'... mode     4
Reading 'data/gaussian_42_water_hf_pdz_esp.cube'... mode     4
Reading 'data/gaussian_43_water_hf_pdz_esp.cube'... mode     4
Reading 'data/gaussian_44_water_hf_pdz_esp.cube'... mode     4
Reading 'data/gaussian_45_water_hf_pdz_esp.cube'... mode     4
Reading 'data/gaussian_46_water_hf_pdz_esp.cube'... mode     4
Reading 'data/gaussian_47_water_hf_pdz_esp.cube'... mode     4
Reading 'data/gaussian_48_water_hf_pdz_esp.cube'... mode     4
Reading 'data/gaussian_49_water_hf_pdz_esp.cube'... mode     4
Reading 'data/gaussian_50_water_hf_pdz_esp.cube'... mode     4
Reading 'data/gaussian_51_water_hf_pdz_esp.cube'... mode     4
Reading 'data/gaussian_52_water_hf_pdz_esp.cube'... mode     4
Reading 'data/gaussian_53_water_hf_pdz_esp.cube'... mode     4
Reading 'data/gaussian_54_water_hf_pdz_esp.cube'... mode     4
Reading 'data/gaussian_55_water_hf_pdz_esp.cube'... mode     4
Reading 'data/gaussian_56_water_hf_pdz_esp.cube'... mode     4
Reading 'data/gaussian_57_water_hf_pdz_esp.cube'... mode     4
Reading 'data/gaussian_58_water_hf_pdz_esp.cube'... mode     4
Reading 'data/gaussian_59_water_hf_pdz_esp.cube'... mode     4
Reading 'data/gaussian_60_water_hf_pdz_esp.cube'... mode     4
Reading 'data/gaussian_61_water_hf_pdz_esp.cube'... mode     4
Reading 'data/gaussian_62_water_hf_pdz_esp.cube'... mode     4
Reading 'data/gaussian_63_water_hf_pdz_esp.cube'... mode     4
Reading 'data/gaussian_64_water_hf_pdz_esp.cube'... mode     4
Reading 'data/gaussian_65_water_hf_pdz_esp.cube'... mode     4
Reading 'data/gaussian_66_water_hf_pdz_esp.cube'... mode     4
Reading 'data/gaussian_67_water_hf_pdz_esp.cube'... mode     4
Reading 'data/gaussian_68_water_hf_pdz_esp.cube'... mode     4
Reading 'data/gaussian_69_water_hf_pdz_esp.cube'... mode     4
Reading 'data/gaussian_70_water_hf_pdz_esp.cube'... mode     4
Reading 'data/gaussian_71_water_hf_pdz_esp.cube'... mode     4
Reading 'data/gaussian_72_water_hf_pdz_esp.cube'... mode     4
Reading 'data/gaussian_73_water_hf_pdz_esp.cube'... mode     4
Reading 'data/gaussian_74_water_hf_pdz_esp.cube'... mode     4
Reading 'data/gaussian_75_water_hf_pdz_esp.cube'... mode     4
Reading 'data/gaussian_76_water_hf_pdz_esp.cube'... mode     4
Reading 'data/gaussian_77_water_hf_pdz_esp.cube'... mode     4
Reading 'data/gaussian_78_water_hf_pdz_esp.cube'... mode     4
Reading 'data/gaussian_79_water_hf_pdz_esp.cube'... mode     4
Reading 'data/gaussian_80_water_hf_pdz_esp.cube'... mode     4
Reading 'data/gaussian_81_water_hf_pdz_esp.cube'... mode     4
Reading 'data/gaussian_82_water_hf_pdz_esp.cube'... mode     4
Reading 'data/gaussian_83_water_hf_pdz_esp.cube'... mode     4
Reading 'data/gaussian_84_water_hf_pdz_esp.cube'... mode     4
Reading 'data/gaussian_85_water_hf_pdz_esp.cube'... mode     4
Reading 'data/gaussian_86_water_hf_pdz_esp.cube'... mode     4
Reading 'data/gaussian_87_water_hf_pdz_esp.cube'... mode     4
Reading 'data/gaussian_88_water_hf_pdz_esp.cube'... mode     4
Reading 'data/gaussian_89_water_hf_pdz_esp.cube'... mode     4
Reading 'data/gaussian_90_water_hf_pdz_esp.cube'... mode     4
Reading 'data/gaussian_91_water_hf_pdz_esp.cube'... mode     4
Reading 'data/gaussian_92_water_hf_pdz_esp.cube'... mode     4
Reading 'data/gaussian_93_water_hf_pdz_esp.cube'... mode     4
Reading 'data/gaussian_94_water_hf_pdz_esp.cube'... mode     4
Reading 'data/gaussian_95_water_hf_pdz_esp.cube'... mode     4
Reading 'data/gaussian_96_water_hf_pdz_esp.cube'... mode     4
Reading 'data/gaussian_97_water_hf_pdz_esp.cube'... mode     4
Reading 'data/gaussian_98_water_hf_pdz_esp.cube'... mode     4
Reading 'data/gaussian_99_water_hf_pdz_esp.cube'... mode     4
Reading 'data/gaussian_100_water_hf_pdz_esp.cube'... mode     4
Reading 'data/gaussian_101_water_hf_pdz_esp.cube'... mode     4
system_label
--------------
type(str):
  Label tag of your system for file identification.
  Each written file includes this label.
Your input:  water_hf_pdz

system_file_coord
-------------------
type(str):
  Path to a cartesian 'xyz' or z-matrix 'zmat' file.
Your input:  source/water.xyz

system_file_type
------------------
type(str): ('xyz', 'zmat'), default 'xyz'
  Type identifier of your coordinate file as
  cartesian 'xyz' or z-matrix 'zmat' file.
Your input:  xyz

system_total_charge
---------------------
type(int), optional: default '0'
  Total charge of your system.
  Only integer charges are possible.
Your input:  0

system_spin_multiplicity
--------------------------
type(int), optional: default '1'
  Spin multiplicity of your system.
  The multiplicity is related to your total spin S by:
    multiplicity = 2*S + 1
Your input:  1

scan_dofs
-----------
type(list), optional: default 'None'
  List defining the degrees of freedom to scan over.
  In case of 'xyz' coordination file format, the list
  must contain sublists of atom indices. The length of the
  sublist defines the type 'bond', 'angle', 'dihedral'.
  To match the parameter value, only the respectively last
  atom in the list is moved.
    Example:
      scan_dofs = [
          [0, 1],        # <- Bond between atom 0 and 1
          [1, 0, 2],     # <- Angle between atoms 1<-0->2
          [2, 0, 1, 3]   # <- Dihedral angle
      ]
  In case of 'zmat' coordination file format, the list
  must contain sublists of the respective variable label
  in the zmat file and the type definition.
    Example:
      Z-matrix file:
        O
        O 1 dOO
        H 1 dHO1 2 aHOO1
        H 2 dHO2 1 aHOO2 3 dihHOOH

        dOO     = 1.2
        dHO1    = 1.0
        dHO2    = 1.0
        aHOO1   = 60.0
        aHOO2   = 60.0
        dihHOOH = 180.0
      ----
      scan_dofs = [
          ['dOO', 'bond'],
          ['aHOO1', 'angle'],
          ['dihHOOH', 'dihdral'],
      ]
  If scan_dofs is not defined or as None, only the system
  conformation in the coordinate file is evaluated.
Your input:  [[0, 1], [0, 2], [1, 0, 2]]

scan_steps
------------
type(list), optional: default 'None'
  List defining the grid steps for the degrees of freedom
  defined in 'scan_dofs'. Bonds are given in Angstrom and
  angular parameter in degree.
    Example (see example coordinates in 'scan_dofs'):
      scan_steps = [
          [0.9, 1.0, 1.1],    # <- Bond distances
          [50, 60, 70, 80],   # <- Angles
          [0., 90., 180.]     # <- Dihedral angles
      ]
  If scan_steps is not defined or as None, only the system
  conformation in the coordinate file is evaluated.
Your input:  [[0.909, 0.959, 1.009], [0.909, 0.959, 1.009], array([ 84.45,  86.45,  88.45,  90.45,  92.45,  94.45,  96.45,  98.45,
       100.45, 102.45, 104.45, 106.45, 108.45, 110.45, 112.45, 114.45,
       116.45, 118.45, 120.45, 122.45])]

scan_constrained_opt
----------------------
type(bool), optional: default 'False'
  Whether if perform constrained optimization for each
  grid point in the scan or just single point.
Your input:  False

scan_write_esp_cube
---------------------
type(bool), optional: default 'True'
  Write a cube file with the electrostatic potential.

scan_write_dens_cube
----------------------
type(bool), optional: default 'True'
  Write a cube file with the electron density.

scan_qm_program
-----------------
type(str), optional: default 'Gaussian'
  QM calculation program for evaluating potential,
  electron density and ESP.
Your input:  Gaussian

scan_qm_method
----------------
type(str), optional: default 'HF'
  QM method, see documentation for available methods with
  the respective QM program.
Your input:  HF

scan_qm_basis_set
-------------------
type(str), optional: default 'cc-pVDZ'
  QM atom centred basis set, see documentation for
  available basis set in the respective QM program.
Your input:  6-31g*

scan_parallel_tasks
---------------------
type(int), optional: default '1'
  Number of parallel QM calculations on your machine.
Your input:  10

scan_cpus_per_task
--------------------
type(int), optional: default '1'
  Number of available CPUs per task.
Your input:  4

scan_memory_per_task
----------------------
type(int), optional: default '1000'
  Amount of requested memory per single CPU in MB.
  In general, declared memory available in the QM programm
  is usually just 90% of the total memory declared in the
  bash script file.
Your input:  1600

scan_overwrite
----------------
type(bool), optional: default 'False'
  Whether to recompute the system at grid points even if 
  all output files are given and viable (successful run).
Your input:  False

scan_time_check_tasks
-----------------------
type(int), optional: default '60'
  Time delay in seconds to check the status of the tasks
  and submit next ones.
Your input:  10

1.5092567490554156
1.5092567490554156
[1.17643113 1.04956748 0.93820079 0.85218545 0.80092635 0.79194431
 0.82608364 0.90248731 1.00818429 1.1351834  1.2763159  1.43000435
 1.593987   1.76081123 1.93130693 2.10455901 2.27753364 2.44937755
 2.62073215 2.79153076 1.59782822 1.43707161 1.28319454 1.14320031
 1.01860963 0.91642713 0.85014895 0.82290136 0.84371384 0.91003472
 1.01449824 1.14200634 1.28802194 1.4477767  1.61489822 1.78761748
 1.9635327  2.14218542 2.32176736 2.50058992 2.2195457  2.05266905
 1.88755579 1.73045407 1.58312125 1.44647062 1.3271098  1.22912914
 1.16073951 1.12810453 1.13258562 1.17458207 1.25126326 1.35575675
 1.48095462 1.62494211 1.77943362 1.94344912 2.112845   2.28670874
 1.52263047 1.36091422 1.20737012 1.06584796 0.94412365 0.85011647
 0.7932127  0.77955485 0.81541265 0.89474224 1.01012282 1.1482117
 1.30255447 1.46742598 1.63839874 1.81302047 1.99128469 2.17122684
 2.35071783 2.53053521 1.86859093 1.67805815 1.48888895 1.30034739
 1.11636039 0.93675994 0.77072025 0.62799546 0.52880386 0.50006265
 0.55491907 0.6730491  0.82824672 1.0039376  1.18939161 1.38058359
 1.57570893 1.77271801 1.96982644 2.16581545 2.42627669 2.22659741
 2.02890484 1.83154572 1.6363506  1.44351167 1.25547568 1.07758654
 0.91524465 0.77683141 0.68159571 0.64944929 0.68803532 0.78844627
 0.93095582 1.09936076 1.28185399 1.47268937 1.66968521 1.86906607
 2.1080836  1.94379766 1.78322211 1.6321608  1.49026101 1.36319979
 1.25599969 1.1707126  1.11886211 1.10516098 1.12894598 1.1909426
 1.28236223 1.39683587 1.53149255 1.68134543 1.8399902  2.00771311
 2.17933327 2.35510809 2.37439168 2.17855051 1.98074441 1.78634799
 1.59288389 1.40226686 1.21847137 1.04456714 0.88712676 0.76108103
 0.67963965 0.66323685 0.71548075 0.82485241 0.97251746 1.14230153
 1.32652979 1.51732212 1.71216754 1.91128758 2.83428713 2.62401386
 2.41125963 2.19753248 1.98261283 1.76795304 1.55248969 1.33826555
 1.12650564 0.91973893 0.7226753  0.54989639 0.43159659 0.41810048
 0.51746608 0.68239469 0.87592127 1.08441621 1.29900834 1.51425329]
0 (0.909, 0.909, 84.45) 1.176431126463422
1 (0.909, 0.909, 86.45) 1.0495674756558084
2 (0.909, 0.909, 88.45) 0.938200793765284
3 (0.909, 0.909, 90.45) 0.8521854464950772
4 (0.909, 0.909, 92.45) 0.8009263501793095
5 (0.909, 0.909, 94.45) 0.791944306642072
6 (0.909, 0.909, 96.45) 0.8260836431265749
7 (0.909, 0.909, 98.45) 0.9024873113944358
8 (0.909, 0.909, 100.45) 1.0081842940503893
9 (0.909, 0.909, 102.45) 1.1351833987074644
10 (0.909, 0.909, 104.45) 1.2763158978326055
11 (0.909, 0.909, 106.45) 1.430004354453067
12 (0.909, 0.909, 108.45) 1.5939869954790824
13 (0.909, 0.909, 110.45) 1.760811227705692
14 (0.909, 0.909, 112.45) 1.9313069272753096
15 (0.909, 0.909, 114.45) 2.104559013579066
16 (0.909, 0.909, 116.45) 2.277533640972524
17 (0.909, 0.909, 118.45) 2.4493775481350215
18 (0.909, 0.909, 120.45) 2.620732148515608
19 (0.909, 0.909, 122.45) 2.791530764959595
20 (0.909, 0.959, 84.45) 1.5978282246649897
21 (0.909, 0.959, 86.45) 1.4370716130559826
22 (0.909, 0.959, 88.45) 1.2831945357165895
23 (0.909, 0.959, 90.45) 1.1432003092299916
24 (0.909, 0.959, 92.45) 1.018609629734891
25 (0.909, 0.959, 94.45) 0.9164271337616707
26 (0.909, 0.959, 96.45) 0.8501489504206161
27 (0.909, 0.959, 98.45) 0.8229013590188983
28 (0.909, 0.959, 100.45) 0.8437138367521021
29 (0.909, 0.959, 102.45) 0.9100347156116925
30 (0.909, 0.959, 104.45) 1.0144982424135758
31 (0.909, 0.959, 106.45) 1.1420063416427906
32 (0.909, 0.959, 108.45) 1.2880219391698569
33 (0.909, 0.959, 110.45) 1.4477766971287003
34 (0.909, 0.959, 112.45) 1.6148982220491601
35 (0.909, 0.959, 114.45) 1.7876174789173793
36 (0.909, 0.959, 116.45) 1.9635326957543893
37 (0.909, 0.959, 118.45) 2.1421854199178956
38 (0.909, 0.959, 120.45) 2.3217673621003367
39 (0.909, 0.959, 122.45) 2.50058991728467
40 (0.909, 1.009, 84.45) 2.219545698480976
41 (0.909, 1.009, 86.45) 2.0526690495057944
42 (0.909, 1.009, 88.45) 1.8875557882630156
43 (0.909, 1.009, 90.45) 1.7304540707233824
44 (0.909, 1.009, 92.45) 1.5831212454334052
45 (0.909, 1.009, 94.45) 1.4464706219221908
46 (0.909, 1.009, 96.45) 1.3271098029335588
47 (0.909, 1.009, 98.45) 1.2291291379126672
48 (0.909, 1.009, 100.45) 1.1607395068029627
49 (0.909, 1.009, 102.45) 1.1281045268449075
50 (0.909, 1.009, 104.45) 1.1325856156451177
51 (0.909, 1.009, 106.45) 1.174582069498509
52 (0.909, 1.009, 108.45) 1.2512632613767318
53 (0.909, 1.009, 110.45) 1.3557567549903393
54 (0.909, 1.009, 112.45) 1.4809546156612894
55 (0.909, 1.009, 114.45) 1.624942106605425
56 (0.909, 1.009, 116.45) 1.7794336214373794
57 (0.909, 1.009, 118.45) 1.9434491162080247
58 (0.909, 1.009, 120.45) 2.1128450007812747
59 (0.909, 1.009, 122.45) 2.286708739712086
60 (0.959, 0.909, 84.45) 1.5226304660571441
61 (0.959, 0.909, 86.45) 1.3609142218006527
62 (0.959, 0.909, 88.45) 1.20737011754194
63 (0.959, 0.909, 90.45) 1.0658479631449393
64 (0.959, 0.909, 92.45) 0.9441236460348225
65 (0.959, 0.909, 94.45) 0.8501164675796812
66 (0.959, 0.909, 96.45) 0.7932127002460175
67 (0.959, 0.909, 98.45) 0.7795548544228698
68 (0.959, 0.909, 100.45) 0.8154126498265285
69 (0.959, 0.909, 102.45) 0.894742236705988
70 (0.959, 0.909, 104.45) 1.010122817175371
71 (0.959, 0.909, 106.45) 1.1482117002105325
72 (0.959, 0.909, 108.45) 1.3025544744264057
73 (0.959, 0.909, 110.45) 1.4674259775206155
74 (0.959, 0.909, 112.45) 1.638398739845935
75 (0.959, 0.909, 114.45) 1.8130204655443032
76 (0.959, 0.909, 116.45) 1.991284686772128
77 (0.959, 0.909, 118.45) 2.171226838980875
78 (0.959, 0.909, 120.45) 2.350717827471244
79 (0.959, 0.909, 122.45) 2.530535214973382
80 (0.959, 0.959, 84.45) 1.8685909253517254
81 (0.959, 0.959, 86.45) 1.6780581517987252
82 (0.959, 0.959, 88.45) 1.48888895255141
83 (0.959, 0.959, 90.45) 1.3003473890040171
84 (0.959, 0.959, 92.45) 1.1163603875416372
85 (0.959, 0.959, 94.45) 0.9367599431098278
86 (0.959, 0.959, 96.45) 0.7707202474817922
87 (0.959, 0.959, 98.45) 0.627995459108325
88 (0.959, 0.959, 100.45) 0.5288038552258906
89 (0.959, 0.959, 102.45) 0.5000626488770652
90 (0.959, 0.959, 104.45) 0.5549190670983118
91 (0.959, 0.959, 106.45) 0.6730490989545831
92 (0.959, 0.959, 108.45) 0.8282467155680832
93 (0.959, 0.959, 110.45) 1.003937597481724
94 (0.959, 0.959, 112.45) 1.1893916087714336
95 (0.959, 0.959, 114.45) 1.3805835907303559
96 (0.959, 0.959, 116.45) 1.5757089254635932
97 (0.959, 0.959, 118.45) 1.7727180067400887
98 (0.959, 0.959, 120.45) 1.9698264393037621
99 (0.959, 0.959, 122.45) 2.1658154521813633
100 (0.959, 1.009, 84.45) 2.426276689422272
101 (0.959, 1.009, 86.45) 2.226597411687315
102 (0.959, 1.009, 88.45) 2.0289048366182114
103 (0.959, 1.009, 90.45) 1.8315457172294656
104 (0.959, 1.009, 92.45) 1.6363506029843053
105 (0.959, 1.009, 94.45) 1.4435116712689327
106 (0.959, 1.009, 96.45) 1.2554756769365507
107 (0.959, 1.009, 98.45) 1.0775865400429918
108 (0.959, 1.009, 100.45) 0.9152446531044598
109 (0.959, 1.009, 102.45) 0.7768314094868869
110 (0.959, 1.009, 104.45) 0.6815957092778464
111 (0.959, 1.009, 106.45) 0.649449292039211
112 (0.959, 1.009, 108.45) 0.6880353203952052
113 (0.959, 1.009, 110.45) 0.7884462670564005
114 (0.959, 1.009, 112.45) 0.9309558154896785
115 (0.959, 1.009, 114.45) 1.0993607593096444
116 (0.959, 1.009, 116.45) 1.2818539926485795
117 (0.959, 1.009, 118.45) 1.472689367350472
118 (0.959, 1.009, 120.45) 1.6696852076747208
119 (0.959, 1.009, 122.45) 1.8690660672074344
120 (1.009, 0.909, 84.45) 2.1080836030352956
121 (1.009, 0.909, 86.45) 1.9437976622766566
122 (1.009, 0.909, 88.45) 1.7832221060888989
123 (1.009, 0.909, 90.45) 1.632160802368189
124 (1.009, 0.909, 92.45) 1.4902610096278965
125 (1.009, 0.909, 94.45) 1.3631997853358213
126 (1.009, 0.909, 96.45) 1.2559996934677213
127 (1.009, 0.909, 98.45) 1.1707126000166828
128 (1.009, 0.909, 100.45) 1.1188621065565785
129 (1.009, 0.909, 102.45) 1.1051609844644672
130 (1.009, 0.909, 104.45) 1.1289459757690217
131 (1.009, 0.909, 106.45) 1.1909425970887173
132 (1.009, 0.909, 108.45) 1.2823622262896681
133 (1.009, 0.909, 110.45) 1.396835872714592
134 (1.009, 0.909, 112.45) 1.531492548890874
135 (1.009, 0.909, 114.45) 1.6813454299704398
136 (1.009, 0.909, 116.45) 1.8399901987527498
137 (1.009, 0.909, 118.45) 2.007713105806798
138 (1.009, 0.909, 120.45) 2.1793332651682182
139 (1.009, 0.909, 122.45) 2.3551080921367915
140 (1.009, 0.959, 84.45) 2.3743916761843633
141 (1.009, 0.959, 86.45) 2.178550505344389
142 (1.009, 0.959, 88.45) 1.9807444148480344
143 (1.009, 0.959, 90.45) 1.7863479935160906
144 (1.009, 0.959, 92.45) 1.59288388814325
145 (1.009, 0.959, 94.45) 1.402266861550271
146 (1.009, 0.959, 96.45) 1.2184713748656666
147 (1.009, 0.959, 98.45) 1.0445671415333826
148 (1.009, 0.959, 100.45) 0.8871267551823779
149 (1.009, 0.959, 102.45) 0.7610810338298178
150 (1.009, 0.959, 104.45) 0.6796396464736859
151 (1.009, 0.959, 106.45) 0.6632368482212558
152 (1.009, 0.959, 108.45) 0.7154807477637162
153 (1.009, 0.959, 110.45) 0.8248524143517735
154 (1.009, 0.959, 112.45) 0.9725174563237873
155 (1.009, 0.959, 114.45) 1.142301530209057
156 (1.009, 0.959, 116.45) 1.3265297904381113
157 (1.009, 0.959, 118.45) 1.517322118471187
158 (1.009, 0.959, 120.45) 1.712167539839456
159 (1.009, 0.959, 122.45) 1.9112875755697873
160 (1.009, 1.009, 84.45) 2.834287127070008
161 (1.009, 1.009, 86.45) 2.6240138581057058
162 (1.009, 1.009, 88.45) 2.411259631031921
163 (1.009, 1.009, 90.45) 2.197532475156517
164 (1.009, 1.009, 92.45) 1.9826128315251788
165 (1.009, 1.009, 94.45) 1.7679530390768234
166 (1.009, 1.009, 96.45) 1.5524896875142542
167 (1.009, 1.009, 98.45) 1.3382655504242003
168 (1.009, 1.009, 100.45) 1.126505643205692
169 (1.009, 1.009, 102.45) 0.9197389331522499
170 (1.009, 1.009, 104.45) 0.7226752992944856
171 (1.009, 1.009, 106.45) 0.5498963931403791
172 (1.009, 1.009, 108.45) 0.4315965869128199
173 (1.009, 1.009, 110.45) 0.41810047965665864
174 (1.009, 1.009, 112.45) 0.5174660829133115
175 (1.009, 1.009, 114.45) 0.6823946881659712
176 (1.009, 1.009, 116.45) 0.875921274013614
177 (1.009, 1.009, 118.45) 1.084416214989485
178 (1.009, 1.009, 120.45) 1.299008338490998
179 (1.009, 1.009, 122.45) 1.5142532902224384
Reading 'data/gaussian_102_water_hf_pdz_esp.cube'... mode     4
Reading 'data/gaussian_103_water_hf_pdz_esp.cube'... mode     4
Reading 'data/gaussian_104_water_hf_pdz_esp.cube'... mode     4
Reading 'data/gaussian_105_water_hf_pdz_esp.cube'... mode     4
Reading 'data/gaussian_106_water_hf_pdz_esp.cube'... mode     4
Reading 'data/gaussian_107_water_hf_pdz_esp.cube'... mode     4
Reading 'data/gaussian_108_water_hf_pdz_esp.cube'... mode     4
Reading 'data/gaussian_109_water_hf_pdz_esp.cube'... mode     4
Reading 'data/gaussian_110_water_hf_pdz_esp.cube'... mode     4
Reading 'data/gaussian_111_water_hf_pdz_esp.cube'... mode     4
Reading 'data/gaussian_112_water_hf_pdz_esp.cube'... mode     4
Reading 'data/gaussian_113_water_hf_pdz_esp.cube'... mode     4
Reading 'data/gaussian_114_water_hf_pdz_esp.cube'... mode     4
Reading 'data/gaussian_115_water_hf_pdz_esp.cube'... mode     4
Reading 'data/gaussian_116_water_hf_pdz_esp.cube'... mode     4
Reading 'data/gaussian_117_water_hf_pdz_esp.cube'... mode     4
Reading 'data/gaussian_118_water_hf_pdz_esp.cube'... mode     4
Reading 'data/gaussian_119_water_hf_pdz_esp.cube'... mode     4
Reading 'data/gaussian_120_water_hf_pdz_esp.cube'... mode     4
Reading 'data/gaussian_121_water_hf_pdz_esp.cube'... mode     4
Reading 'data/gaussian_122_water_hf_pdz_esp.cube'... mode     4
Reading 'data/gaussian_123_water_hf_pdz_esp.cube'... mode     4
Reading 'data/gaussian_124_water_hf_pdz_esp.cube'... mode     4
Reading 'data/gaussian_125_water_hf_pdz_esp.cube'... mode     4
Reading 'data/gaussian_126_water_hf_pdz_esp.cube'... mode     4
Reading 'data/gaussian_127_water_hf_pdz_esp.cube'... mode     4
Reading 'data/gaussian_128_water_hf_pdz_esp.cube'... mode     4
Reading 'data/gaussian_129_water_hf_pdz_esp.cube'... mode     4
Reading 'data/gaussian_130_water_hf_pdz_esp.cube'... mode     4
Reading 'data/gaussian_131_water_hf_pdz_esp.cube'... mode     4
Reading 'data/gaussian_132_water_hf_pdz_esp.cube'... mode     4
Reading 'data/gaussian_133_water_hf_pdz_esp.cube'... mode     4
Reading 'data/gaussian_134_water_hf_pdz_esp.cube'... mode     4
Reading 'data/gaussian_135_water_hf_pdz_esp.cube'... mode     4
Reading 'data/gaussian_136_water_hf_pdz_esp.cube'... mode     4
Reading 'data/gaussian_137_water_hf_pdz_esp.cube'... mode     4
Reading 'data/gaussian_138_water_hf_pdz_esp.cube'... mode     4
Reading 'data/gaussian_139_water_hf_pdz_esp.cube'... mode     4
Reading 'data/gaussian_140_water_hf_pdz_esp.cube'... mode     4
Reading 'data/gaussian_141_water_hf_pdz_esp.cube'... mode     4
Reading 'data/gaussian_142_water_hf_pdz_esp.cube'... mode     4
Reading 'data/gaussian_143_water_hf_pdz_esp.cube'... mode     4
Reading 'data/gaussian_144_water_hf_pdz_esp.cube'... mode     4
Reading 'data/gaussian_145_water_hf_pdz_esp.cube'... mode     4
Reading 'data/gaussian_146_water_hf_pdz_esp.cube'... mode     4
Reading 'data/gaussian_147_water_hf_pdz_esp.cube'... mode     4
Reading 'data/gaussian_148_water_hf_pdz_esp.cube'... mode     4
Reading 'data/gaussian_149_water_hf_pdz_esp.cube'... mode     4
Reading 'data/gaussian_150_water_hf_pdz_esp.cube'... mode     4
Reading 'data/gaussian_151_water_hf_pdz_esp.cube'... mode     4
Reading 'data/gaussian_152_water_hf_pdz_esp.cube'... mode     4
Reading 'data/gaussian_153_water_hf_pdz_esp.cube'... mode     4
Reading 'data/gaussian_154_water_hf_pdz_esp.cube'... mode     4
Reading 'data/gaussian_155_water_hf_pdz_esp.cube'... mode     4
Reading 'data/gaussian_156_water_hf_pdz_esp.cube'... mode     4
Reading 'data/gaussian_157_water_hf_pdz_esp.cube'... mode     4
Reading 'data/gaussian_158_water_hf_pdz_esp.cube'... mode     4
Reading 'data/gaussian_159_water_hf_pdz_esp.cube'... mode     4
Reading 'data/gaussian_160_water_hf_pdz_esp.cube'... mode     4
Reading 'data/gaussian_161_water_hf_pdz_esp.cube'... mode     4
Reading 'data/gaussian_162_water_hf_pdz_esp.cube'... mode     4
Reading 'data/gaussian_163_water_hf_pdz_esp.cube'... mode     4
Reading 'data/gaussian_164_water_hf_pdz_esp.cube'... mode     4
Reading 'data/gaussian_165_water_hf_pdz_esp.cube'... mode     4
Reading 'data/gaussian_166_water_hf_pdz_esp.cube'... mode     4
Reading 'data/gaussian_167_water_hf_pdz_esp.cube'... mode     4
Reading 'data/gaussian_168_water_hf_pdz_esp.cube'... mode     4
Reading 'data/gaussian_169_water_hf_pdz_esp.cube'... mode     4
Reading 'data/gaussian_170_water_hf_pdz_esp.cube'... mode     4
Reading 'data/gaussian_171_water_hf_pdz_esp.cube'... mode     4
Reading 'data/gaussian_172_water_hf_pdz_esp.cube'... mode     4
Reading 'data/gaussian_173_water_hf_pdz_esp.cube'... mode     4
Reading 'data/gaussian_174_water_hf_pdz_esp.cube'... mode     4
Reading 'data/gaussian_175_water_hf_pdz_esp.cube'... mode     4
Reading 'data/gaussian_176_water_hf_pdz_esp.cube'... mode     4
Reading 'data/gaussian_177_water_hf_pdz_esp.cube'... mode     4
Reading 'data/gaussian_178_water_hf_pdz_esp.cube'... mode     4
Reading 'data/gaussian_179_water_hf_pdz_esp.cube'... mode     4
