Reading 'data/gaussian_0_water_hf_adz_esp.cube'... just atom number 
Reading 'data/gaussian_0_water_hf_adz_esp.cube'... mode     1
Reading 'data/gaussian_1_water_hf_adz_esp.cube'... mode     1
Reading 'data/gaussian_2_water_hf_adz_esp.cube'... mode     1
Reading 'data/gaussian_3_water_hf_adz_esp.cube'... mode     1
Reading 'data/gaussian_4_water_hf_adz_esp.cube'... mode     1
Reading 'data/gaussian_5_water_hf_adz_esp.cube'... mode     1
Reading 'data/gaussian_6_water_hf_adz_esp.cube'... mode     1
Reading 'data/gaussian_7_water_hf_adz_esp.cube'... mode     1
Reading 'data/gaussian_8_water_hf_adz_esp.cube'... mode     1
Reading 'data/gaussian_9_water_hf_adz_esp.cube'... mode     1
Reading 'data/gaussian_10_water_hf_adz_esp.cube'... mode     1
Reading 'data/gaussian_11_water_hf_adz_esp.cube'... mode     1
Reading 'data/gaussian_12_water_hf_adz_esp.cube'... mode     1
Reading 'data/gaussian_13_water_hf_adz_esp.cube'... mode     1
Reading 'data/gaussian_14_water_hf_adz_esp.cube'... mode     1
Reading 'data/gaussian_15_water_hf_adz_esp.cube'... mode     1
Reading 'data/gaussian_16_water_hf_adz_esp.cube'... mode     1
Reading 'data/gaussian_17_water_hf_adz_esp.cube'... mode     1
Reading 'data/gaussian_18_water_hf_adz_esp.cube'... mode     1
Reading 'data/gaussian_19_water_hf_adz_esp.cube'... mode     1
Reading 'data/gaussian_20_water_hf_adz_esp.cube'... mode     1
Reading 'data/gaussian_21_water_hf_adz_esp.cube'... mode     1
Reading 'data/gaussian_22_water_hf_adz_esp.cube'... mode     1
Reading 'data/gaussian_23_water_hf_adz_esp.cube'... mode     1
Reading 'data/gaussian_24_water_hf_adz_esp.cube'... mode     1
Reading 'data/gaussian_25_water_hf_adz_esp.cube'... mode     1
Reading 'data/gaussian_26_water_hf_adz_esp.cube'... mode     1
Reading 'data/gaussian_27_water_hf_adz_esp.cube'... mode     1
Reading 'data/gaussian_28_water_hf_adz_esp.cube'... mode     1
Reading 'data/gaussian_29_water_hf_adz_esp.cube'... mode     1
Reading 'data/gaussian_30_water_hf_adz_esp.cube'... mode     1
Reading 'data/gaussian_31_water_hf_adz_esp.cube'... mode     1
Reading 'data/gaussian_32_water_hf_adz_esp.cube'... mode     1
Reading 'data/gaussian_33_water_hf_adz_esp.cube'... mode     1
Reading 'data/gaussian_34_water_hf_adz_esp.cube'... mode     1
Reading 'data/gaussian_35_water_hf_adz_esp.cube'... mode     1
Reading 'data/gaussian_36_water_hf_adz_esp.cube'... mode     1
Reading 'data/gaussian_37_water_hf_adz_esp.cube'... mode     1
Reading 'data/gaussian_38_water_hf_adz_esp.cube'... mode     1
Reading 'data/gaussian_39_water_hf_adz_esp.cube'... mode     1
Reading 'data/gaussian_40_water_hf_adz_esp.cube'... mode     1
Reading 'data/gaussian_41_water_hf_adz_esp.cube'... mode     1
Reading 'data/gaussian_42_water_hf_adz_esp.cube'... mode     1
Reading 'data/gaussian_43_water_hf_adz_esp.cube'... mode     1
Reading 'data/gaussian_44_water_hf_adz_esp.cube'... mode     1
Reading 'data/gaussian_45_water_hf_adz_esp.cube'... mode     1
Reading 'data/gaussian_46_water_hf_adz_esp.cube'... mode     1
Reading 'data/gaussian_47_water_hf_adz_esp.cube'... mode     1
Reading 'data/gaussian_48_water_hf_adz_esp.cube'... mode     1
Reading 'data/gaussian_49_water_hf_adz_esp.cube'... mode     1
Reading 'data/gaussian_50_water_hf_adz_esp.cube'... mode     1
Reading 'data/gaussian_51_water_hf_adz_esp.cube'... mode     1
Reading 'data/gaussian_52_water_hf_adz_esp.cube'... mode     1
Reading 'data/gaussian_53_water_hf_adz_esp.cube'... mode     1
Reading 'data/gaussian_54_water_hf_adz_esp.cube'... mode     1
Reading 'data/gaussian_55_water_hf_adz_esp.cube'... mode     1
Reading 'data/gaussian_56_water_hf_adz_esp.cube'... mode     1
Reading 'data/gaussian_57_water_hf_adz_esp.cube'... mode     1
Reading 'data/gaussian_58_water_hf_adz_esp.cube'... mode     1
Reading 'data/gaussian_59_water_hf_adz_esp.cube'... mode     1
Reading 'data/gaussian_60_water_hf_adz_esp.cube'... mode     1
Reading 'data/gaussian_61_water_hf_adz_esp.cube'... mode     1
Reading 'data/gaussian_62_water_hf_adz_esp.cube'... mode     1
Reading 'data/gaussian_63_water_hf_adz_esp.cube'... mode     1
Reading 'data/gaussian_64_water_hf_adz_esp.cube'... mode     1
Reading 'data/gaussian_65_water_hf_adz_esp.cube'... mode     1
Reading 'data/gaussian_66_water_hf_adz_esp.cube'... mode     1
Reading 'data/gaussian_67_water_hf_adz_esp.cube'... mode     1
Reading 'data/gaussian_68_water_hf_adz_esp.cube'... mode     1
Reading 'data/gaussian_69_water_hf_adz_esp.cube'... mode     1
Reading 'data/gaussian_70_water_hf_adz_esp.cube'... mode     1
Reading 'data/gaussian_71_water_hf_adz_esp.cube'... mode     1
Reading 'data/gaussian_72_water_hf_adz_esp.cube'... mode     1
Reading 'data/gaussian_73_water_hf_adz_esp.cube'... mode     1
Reading 'data/gaussian_74_water_hf_adz_esp.cube'... mode     1
Reading 'data/gaussian_75_water_hf_adz_esp.cube'... mode     1
Reading 'data/gaussian_76_water_hf_adz_esp.cube'... mode     1
Reading 'data/gaussian_77_water_hf_adz_esp.cube'... mode     1
Reading 'data/gaussian_78_water_hf_adz_esp.cube'... mode     1
Reading 'data/gaussian_79_water_hf_adz_esp.cube'... mode     1
Reading 'data/gaussian_80_water_hf_adz_esp.cube'... mode     1
Reading 'data/gaussian_81_water_hf_adz_esp.cube'... mode     1
Reading 'data/gaussian_82_water_hf_adz_esp.cube'... mode     1
Reading 'data/gaussian_83_water_hf_adz_esp.cube'... mode     1
Reading 'data/gaussian_84_water_hf_adz_esp.cube'... mode     1
Reading 'data/gaussian_85_water_hf_adz_esp.cube'... mode     1
Reading 'data/gaussian_86_water_hf_adz_esp.cube'... mode     1
Reading 'data/gaussian_87_water_hf_adz_esp.cube'... mode     1
Reading 'data/gaussian_88_water_hf_adz_esp.cube'... mode     1
Reading 'data/gaussian_89_water_hf_adz_esp.cube'... mode     1
Reading 'data/gaussian_90_water_hf_adz_esp.cube'... mode     1
Reading 'data/gaussian_91_water_hf_adz_esp.cube'... mode     1
Reading 'data/gaussian_92_water_hf_adz_esp.cube'... mode     1
Reading 'data/gaussian_93_water_hf_adz_esp.cube'... mode     1
Reading 'data/gaussian_94_water_hf_adz_esp.cube'... mode     1
Reading 'data/gaussian_95_water_hf_adz_esp.cube'... mode     1
Reading 'data/gaussian_96_water_hf_adz_esp.cube'... mode     1
Reading 'data/gaussian_97_water_hf_adz_esp.cube'... mode     1
Reading 'data/gaussian_98_water_hf_adz_esp.cube'... mode     1
Reading 'data/gaussian_99_water_hf_adz_esp.cube'... mode     1
Reading 'data/gaussian_100_water_hf_adz_esp.cube'... mode     1
Reading 'data/gaussian_101_water_hf_adz_esp.cube'... mode     1
Reading 'data/gaussian_102_water_hf_adz_esp.cube'... mode     1
Reading 'data/gaussian_103_water_hf_adz_esp.cube'... mode     1
Reading 'data/gaussian_104_water_hf_adz_esp.cube'... mode     1
Reading 'data/gaussian_105_water_hf_adz_esp.cube'... mode     1
Reading 'data/gaussian_106_water_hf_adz_esp.cube'... mode     1
Reading 'data/gaussian_107_water_hf_adz_esp.cube'... mode     1
Reading 'data/gaussian_108_water_hf_adz_esp.cube'... mode     1
Reading 'data/gaussian_109_water_hf_adz_esp.cube'... mode     1
Reading 'data/gaussian_110_water_hf_adz_esp.cube'... mode     1
Reading 'data/gaussian_111_water_hf_adz_esp.cube'... mode     1
Reading 'data/gaussian_112_water_hf_adz_esp.cube'... mode     1
Reading 'data/gaussian_113_water_hf_adz_esp.cube'... mode     1
Reading 'data/gaussian_114_water_hf_adz_esp.cube'... mode     1
Reading 'data/gaussian_115_water_hf_adz_esp.cube'... mode     1
Reading 'data/gaussian_116_water_hf_adz_esp.cube'... mode     1
Reading 'data/gaussian_117_water_hf_adz_esp.cube'... mode     1
Reading 'data/gaussian_118_water_hf_adz_esp.cube'... mode     1
Reading 'data/gaussian_119_water_hf_adz_esp.cube'... mode     1
Reading 'data/gaussian_120_water_hf_adz_esp.cube'... mode     1
Reading 'data/gaussian_121_water_hf_adz_esp.cube'... mode     1
Reading 'data/gaussian_122_water_hf_adz_esp.cube'... mode     1
Reading 'data/gaussian_123_water_hf_adz_esp.cube'... mode     1
Reading 'data/gaussian_124_water_hf_adz_esp.cube'... mode     1
Reading 'data/gaussian_125_water_hf_adz_esp.cube'... mode     1
Reading 'data/gaussian_126_water_hf_adz_esp.cube'... mode     1
Reading 'data/gaussian_127_water_hf_adz_esp.cube'... mode     1
Reading 'data/gaussian_128_water_hf_adz_esp.cube'... mode     1
Reading 'data/gaussian_129_water_hf_adz_esp.cube'... mode     1
Reading 'data/gaussian_130_water_hf_adz_esp.cube'... mode     1
Reading 'data/gaussian_131_water_hf_adz_esp.cube'... mode     1
Reading 'data/gaussian_132_water_hf_adz_esp.cube'... mode     1
Reading 'data/gaussian_133_water_hf_adz_esp.cube'... mode     1
Reading 'data/gaussian_134_water_hf_adz_esp.cube'... mode     1
Reading 'data/gaussian_135_water_hf_adz_esp.cube'... mode     1
Reading 'data/gaussian_136_water_hf_adz_esp.cube'... mode     1
Reading 'data/gaussian_137_water_hf_adz_esp.cube'... mode     1
Reading 'data/gaussian_138_water_hf_adz_esp.cube'... mode     1
Reading 'data/gaussian_139_water_hf_adz_esp.cube'... mode     1
Reading 'data/gaussian_140_water_hf_adz_esp.cube'... mode     1
Reading 'data/gaussian_141_water_hf_adz_esp.cube'... mode     1
Reading 'data/gaussian_142_water_hf_adz_esp.cube'... mode     1
Reading 'data/gaussian_143_water_hf_adz_esp.cube'... mode     1
Reading 'data/gaussian_144_water_hf_adz_esp.cube'... mode     1
Reading 'data/gaussian_145_water_hf_adz_esp.cube'... mode     1
Reading 'data/gaussian_146_water_hf_adz_esp.cube'... mode     1
Reading 'data/gaussian_147_water_hf_adz_esp.cube'... mode     1
Reading 'data/gaussian_148_water_hf_adz_esp.cube'... mode     1
Reading 'data/gaussian_149_water_hf_adz_esp.cube'... mode     1
Reading 'data/gaussian_150_water_hf_adz_esp.cube'... mode     1
Reading 'data/gaussian_151_water_hf_adz_esp.cube'... mode     1
Reading 'data/gaussian_152_water_hf_adz_esp.cube'... mode     1
Reading 'data/gaussian_153_water_hf_adz_esp.cube'... mode     1
Reading 'data/gaussian_154_water_hf_adz_esp.cube'... mode     1
Reading 'data/gaussian_155_water_hf_adz_esp.cube'... mode     1
Reading 'data/gaussian_156_water_hf_adz_esp.cube'... mode     1
Reading 'data/gaussian_157_water_hf_adz_esp.cube'... mode     1
Reading 'data/gaussian_158_water_hf_adz_esp.cube'... mode     1
Reading 'data/gaussian_159_water_hf_adz_esp.cube'... mode     1
Reading 'data/gaussian_160_water_hf_adz_esp.cube'... mode     1
Reading 'data/gaussian_161_water_hf_adz_esp.cube'... mode     1
Reading 'data/gaussian_162_water_hf_adz_esp.cube'... mode     1
Reading 'data/gaussian_163_water_hf_adz_esp.cube'... mode     1
Reading 'data/gaussian_164_water_hf_adz_esp.cube'... mode     1
Reading 'data/gaussian_165_water_hf_adz_esp.cube'... mode     1
Reading 'data/gaussian_166_water_hf_adz_esp.cube'... mode     1
Reading 'data/gaussian_167_water_hf_adz_esp.cube'... mode     1
Reading 'data/gaussian_168_water_hf_adz_esp.cube'... mode     1
Reading 'data/gaussian_169_water_hf_adz_esp.cube'... mode     1
Reading 'data/gaussian_170_water_hf_adz_esp.cube'... mode     1
Reading 'data/gaussian_171_water_hf_adz_esp.cube'... mode     1
Reading 'data/gaussian_172_water_hf_adz_esp.cube'... mode     1
Reading 'data/gaussian_173_water_hf_adz_esp.cube'... mode     1
Reading 'data/gaussian_174_water_hf_adz_esp.cube'... mode     1
Reading 'data/gaussian_175_water_hf_adz_esp.cube'... mode     1
Reading 'data/gaussian_176_water_hf_adz_esp.cube'... mode     1
Reading 'data/gaussian_177_water_hf_adz_esp.cube'... mode     1
Reading 'data/gaussian_178_water_hf_adz_esp.cube'... mode     1
Reading 'data/gaussian_179_water_hf_adz_esp.cube'... mode     1
Reading 'data/gaussian_0_water_hf_adz_esp.cube'... mode     2
Reading 'data/gaussian_1_water_hf_adz_esp.cube'... mode     2
Reading 'data/gaussian_2_water_hf_adz_esp.cube'... mode     2
Reading 'data/gaussian_3_water_hf_adz_esp.cube'... mode     2
Reading 'data/gaussian_4_water_hf_adz_esp.cube'... mode     2
Reading 'data/gaussian_5_water_hf_adz_esp.cube'... mode     2
Reading 'data/gaussian_6_water_hf_adz_esp.cube'... mode     2
Reading 'data/gaussian_7_water_hf_adz_esp.cube'... mode     2
Reading 'data/gaussian_8_water_hf_adz_esp.cube'... mode     2
Reading 'data/gaussian_9_water_hf_adz_esp.cube'... mode     2
Reading 'data/gaussian_10_water_hf_adz_esp.cube'... mode     2
Reading 'data/gaussian_11_water_hf_adz_esp.cube'... mode     2
Reading 'data/gaussian_12_water_hf_adz_esp.cube'... mode     2
Reading 'data/gaussian_13_water_hf_adz_esp.cube'... mode     2
Reading 'data/gaussian_14_water_hf_adz_esp.cube'... mode     2
Reading 'data/gaussian_15_water_hf_adz_esp.cube'... mode     2
Reading 'data/gaussian_16_water_hf_adz_esp.cube'... mode     2
Reading 'data/gaussian_17_water_hf_adz_esp.cube'... mode     2
Reading 'data/gaussian_18_water_hf_adz_esp.cube'... mode     2
Reading 'data/gaussian_19_water_hf_adz_esp.cube'... mode     2
Reading 'data/gaussian_20_water_hf_adz_esp.cube'... mode     2
Reading 'data/gaussian_21_water_hf_adz_esp.cube'... mode     2
Reading 'data/gaussian_22_water_hf_adz_esp.cube'... mode     2
Reading 'data/gaussian_23_water_hf_adz_esp.cube'... mode     2
Reading 'data/gaussian_24_water_hf_adz_esp.cube'... mode     2
Reading 'data/gaussian_25_water_hf_adz_esp.cube'... mode     2
Reading 'data/gaussian_26_water_hf_adz_esp.cube'... mode     2
Reading 'data/gaussian_27_water_hf_adz_esp.cube'... mode     2
Reading 'data/gaussian_28_water_hf_adz_esp.cube'... mode     2
Reading 'data/gaussian_29_water_hf_adz_esp.cube'... mode     2
Reading 'data/gaussian_30_water_hf_adz_esp.cube'... mode     2
Reading 'data/gaussian_31_water_hf_adz_esp.cube'... mode     2
Reading 'data/gaussian_32_water_hf_adz_esp.cube'... mode     2
Reading 'data/gaussian_33_water_hf_adz_esp.cube'... mode     2
Reading 'data/gaussian_34_water_hf_adz_esp.cube'... mode     2
Reading 'data/gaussian_35_water_hf_adz_esp.cube'... mode     2
Reading 'data/gaussian_36_water_hf_adz_esp.cube'... mode     2
Reading 'data/gaussian_37_water_hf_adz_esp.cube'... mode     2
Reading 'data/gaussian_38_water_hf_adz_esp.cube'... mode     2
Reading 'data/gaussian_39_water_hf_adz_esp.cube'... mode     2
Reading 'data/gaussian_40_water_hf_adz_esp.cube'... mode     2
Reading 'data/gaussian_41_water_hf_adz_esp.cube'... mode     2
Reading 'data/gaussian_42_water_hf_adz_esp.cube'... mode     2
Reading 'data/gaussian_43_water_hf_adz_esp.cube'... mode     2
Reading 'data/gaussian_44_water_hf_adz_esp.cube'... mode     2
Reading 'data/gaussian_45_water_hf_adz_esp.cube'... mode     2
Reading 'data/gaussian_46_water_hf_adz_esp.cube'... mode     2
Reading 'data/gaussian_47_water_hf_adz_esp.cube'... mode     2
Reading 'data/gaussian_48_water_hf_adz_esp.cube'... mode     2
Reading 'data/gaussian_49_water_hf_adz_esp.cube'... mode     2
Reading 'data/gaussian_50_water_hf_adz_esp.cube'... mode     2
Reading 'data/gaussian_51_water_hf_adz_esp.cube'... mode     2
Reading 'data/gaussian_52_water_hf_adz_esp.cube'... mode     2
Reading 'data/gaussian_53_water_hf_adz_esp.cube'... mode     2
Reading 'data/gaussian_54_water_hf_adz_esp.cube'... mode     2
Reading 'data/gaussian_55_water_hf_adz_esp.cube'... mode     2
Reading 'data/gaussian_56_water_hf_adz_esp.cube'... mode     2
Reading 'data/gaussian_57_water_hf_adz_esp.cube'... mode     2
Reading 'data/gaussian_58_water_hf_adz_esp.cube'... mode     2
Reading 'data/gaussian_59_water_hf_adz_esp.cube'... mode     2
Reading 'data/gaussian_60_water_hf_adz_esp.cube'... mode     2
Reading 'data/gaussian_61_water_hf_adz_esp.cube'... mode     2
Reading 'data/gaussian_62_water_hf_adz_esp.cube'... mode     2
Reading 'data/gaussian_63_water_hf_adz_esp.cube'... mode     2
Reading 'data/gaussian_64_water_hf_adz_esp.cube'... mode     2
Reading 'data/gaussian_65_water_hf_adz_esp.cube'... mode     2
Reading 'data/gaussian_66_water_hf_adz_esp.cube'... mode     2
Reading 'data/gaussian_67_water_hf_adz_esp.cube'... mode     2
Reading 'data/gaussian_68_water_hf_adz_esp.cube'... mode     2
Reading 'data/gaussian_69_water_hf_adz_esp.cube'... mode     2
Reading 'data/gaussian_70_water_hf_adz_esp.cube'... mode     2
Reading 'data/gaussian_71_water_hf_adz_esp.cube'... mode     2
Reading 'data/gaussian_72_water_hf_adz_esp.cube'... mode     2
Reading 'data/gaussian_73_water_hf_adz_esp.cube'... mode     2
Reading 'data/gaussian_74_water_hf_adz_esp.cube'... mode     2
Reading 'data/gaussian_75_water_hf_adz_esp.cube'... mode     2
Reading 'data/gaussian_76_water_hf_adz_esp.cube'... mode     2
Reading 'data/gaussian_77_water_hf_adz_esp.cube'... mode     2
Reading 'data/gaussian_78_water_hf_adz_esp.cube'... mode     2
Reading 'data/gaussian_79_water_hf_adz_esp.cube'... mode     2
Reading 'data/gaussian_80_water_hf_adz_esp.cube'... mode     2
Reading 'data/gaussian_81_water_hf_adz_esp.cube'... mode     2
Reading 'data/gaussian_82_water_hf_adz_esp.cube'... mode     2
Reading 'data/gaussian_83_water_hf_adz_esp.cube'... mode     2
Reading 'data/gaussian_84_water_hf_adz_esp.cube'... mode     2
Reading 'data/gaussian_85_water_hf_adz_esp.cube'... mode     2
Reading 'data/gaussian_86_water_hf_adz_esp.cube'... mode     2
Reading 'data/gaussian_87_water_hf_adz_esp.cube'... mode     2
Reading 'data/gaussian_88_water_hf_adz_esp.cube'... mode     2
Reading 'data/gaussian_89_water_hf_adz_esp.cube'... mode     2
Reading 'data/gaussian_90_water_hf_adz_esp.cube'... mode     2
Reading 'data/gaussian_91_water_hf_adz_esp.cube'... mode     2
Reading 'data/gaussian_92_water_hf_adz_esp.cube'... mode     2
Reading 'data/gaussian_93_water_hf_adz_esp.cube'... mode     2
Reading 'data/gaussian_94_water_hf_adz_esp.cube'... mode     2
Reading 'data/gaussian_95_water_hf_adz_esp.cube'... mode     2
Reading 'data/gaussian_96_water_hf_adz_esp.cube'... mode     2
Reading 'data/gaussian_97_water_hf_adz_esp.cube'... mode     2
Reading 'data/gaussian_98_water_hf_adz_esp.cube'... mode     2
Reading 'data/gaussian_99_water_hf_adz_esp.cube'... mode     2
Reading 'data/gaussian_100_water_hf_adz_esp.cube'... mode     2
Reading 'data/gaussian_101_water_hf_adz_esp.cube'... mode     2
Reading 'data/gaussian_102_water_hf_adz_esp.cube'... mode     2
Reading 'data/gaussian_103_water_hf_adz_esp.cube'... mode     2
Reading 'data/gaussian_104_water_hf_adz_esp.cube'... mode     2
Reading 'data/gaussian_105_water_hf_adz_esp.cube'... mode     2
Reading 'data/gaussian_106_water_hf_adz_esp.cube'... mode     2
Reading 'data/gaussian_107_water_hf_adz_esp.cube'... mode     2
Reading 'data/gaussian_108_water_hf_adz_esp.cube'... mode     2
Reading 'data/gaussian_109_water_hf_adz_esp.cube'... mode     2
Reading 'data/gaussian_110_water_hf_adz_esp.cube'... mode     2
Reading 'data/gaussian_111_water_hf_adz_esp.cube'... mode     2
Reading 'data/gaussian_112_water_hf_adz_esp.cube'... mode     2
Reading 'data/gaussian_113_water_hf_adz_esp.cube'... mode     2
Reading 'data/gaussian_114_water_hf_adz_esp.cube'... mode     2
Reading 'data/gaussian_115_water_hf_adz_esp.cube'... mode     2
Reading 'data/gaussian_116_water_hf_adz_esp.cube'... mode     2
Reading 'data/gaussian_117_water_hf_adz_esp.cube'... mode     2
Reading 'data/gaussian_118_water_hf_adz_esp.cube'... mode     2
Reading 'data/gaussian_119_water_hf_adz_esp.cube'... mode     2
Reading 'data/gaussian_120_water_hf_adz_esp.cube'... mode     2
Reading 'data/gaussian_121_water_hf_adz_esp.cube'... mode     2
Reading 'data/gaussian_122_water_hf_adz_esp.cube'... mode     2
Reading 'data/gaussian_123_water_hf_adz_esp.cube'... mode     2
Reading 'data/gaussian_124_water_hf_adz_esp.cube'... mode     2
Reading 'data/gaussian_125_water_hf_adz_esp.cube'... mode     2
Reading 'data/gaussian_126_water_hf_adz_esp.cube'... mode     2
Reading 'data/gaussian_127_water_hf_adz_esp.cube'... mode     2
Reading 'data/gaussian_128_water_hf_adz_esp.cube'... mode     2
Reading 'data/gaussian_129_water_hf_adz_esp.cube'... mode     2
Reading 'data/gaussian_130_water_hf_adz_esp.cube'... mode     2
Reading 'data/gaussian_131_water_hf_adz_esp.cube'... mode     2
Reading 'data/gaussian_132_water_hf_adz_esp.cube'... mode     2
Reading 'data/gaussian_133_water_hf_adz_esp.cube'... mode     2
Reading 'data/gaussian_134_water_hf_adz_esp.cube'... mode     2
Reading 'data/gaussian_135_water_hf_adz_esp.cube'... mode     2
Reading 'data/gaussian_136_water_hf_adz_esp.cube'... mode     2
Reading 'data/gaussian_137_water_hf_adz_esp.cube'... mode     2
Reading 'data/gaussian_138_water_hf_adz_esp.cube'... mode     2
Reading 'data/gaussian_139_water_hf_adz_esp.cube'... mode     2
Reading 'data/gaussian_140_water_hf_adz_esp.cube'... mode     2
Reading 'data/gaussian_141_water_hf_adz_esp.cube'... mode     2
Reading 'data/gaussian_142_water_hf_adz_esp.cube'... mode     2
Reading 'data/gaussian_143_water_hf_adz_esp.cube'... mode     2
Reading 'data/gaussian_144_water_hf_adz_esp.cube'... mode     2
Reading 'data/gaussian_145_water_hf_adz_esp.cube'... mode     2
Reading 'data/gaussian_146_water_hf_adz_esp.cube'... mode     2
Reading 'data/gaussian_147_water_hf_adz_esp.cube'... mode     2
Reading 'data/gaussian_148_water_hf_adz_esp.cube'... mode     2
Reading 'data/gaussian_149_water_hf_adz_esp.cube'... mode     2
Reading 'data/gaussian_150_water_hf_adz_esp.cube'... mode     2
Reading 'data/gaussian_151_water_hf_adz_esp.cube'... mode     2
Reading 'data/gaussian_152_water_hf_adz_esp.cube'... mode     2
Reading 'data/gaussian_153_water_hf_adz_esp.cube'... mode     2
Reading 'data/gaussian_154_water_hf_adz_esp.cube'... mode     2
Reading 'data/gaussian_155_water_hf_adz_esp.cube'... mode     2
Reading 'data/gaussian_156_water_hf_adz_esp.cube'... mode     2
Reading 'data/gaussian_157_water_hf_adz_esp.cube'... mode     2
Reading 'data/gaussian_158_water_hf_adz_esp.cube'... mode     2
Reading 'data/gaussian_159_water_hf_adz_esp.cube'... mode     2
Reading 'data/gaussian_160_water_hf_adz_esp.cube'... mode     2
Reading 'data/gaussian_161_water_hf_adz_esp.cube'... mode     2
Reading 'data/gaussian_162_water_hf_adz_esp.cube'... mode     2
Reading 'data/gaussian_163_water_hf_adz_esp.cube'... mode     2
Reading 'data/gaussian_164_water_hf_adz_esp.cube'... mode     2
Reading 'data/gaussian_165_water_hf_adz_esp.cube'... mode     2
Reading 'data/gaussian_166_water_hf_adz_esp.cube'... mode     2
Reading 'data/gaussian_167_water_hf_adz_esp.cube'... mode     2
Reading 'data/gaussian_168_water_hf_adz_esp.cube'... mode     2
Reading 'data/gaussian_169_water_hf_adz_esp.cube'... mode     2
Reading 'data/gaussian_170_water_hf_adz_esp.cube'... mode     2
Reading 'data/gaussian_171_water_hf_adz_esp.cube'... mode     2
Reading 'data/gaussian_172_water_hf_adz_esp.cube'... mode     2
Reading 'data/gaussian_173_water_hf_adz_esp.cube'... mode     2
Reading 'data/gaussian_174_water_hf_adz_esp.cube'... mode     2
Reading 'data/gaussian_175_water_hf_adz_esp.cube'... mode     2
Reading 'data/gaussian_176_water_hf_adz_esp.cube'... mode     2
Reading 'data/gaussian_177_water_hf_adz_esp.cube'... mode     2
Reading 'data/gaussian_178_water_hf_adz_esp.cube'... mode     2
Reading 'data/gaussian_179_water_hf_adz_esp.cube'... mode     2
Reading 'data/gaussian_0_water_hf_adz_esp.cube'... mode     3
Reading 'data/gaussian_1_water_hf_adz_esp.cube'... mode     3
Reading 'data/gaussian_2_water_hf_adz_esp.cube'... mode     3
Reading 'data/gaussian_3_water_hf_adz_esp.cube'... mode     3
Reading 'data/gaussian_4_water_hf_adz_esp.cube'... mode     3
Reading 'data/gaussian_5_water_hf_adz_esp.cube'... mode     3
Reading 'data/gaussian_6_water_hf_adz_esp.cube'... mode     3
Reading 'data/gaussian_7_water_hf_adz_esp.cube'... mode     3
Reading 'data/gaussian_8_water_hf_adz_esp.cube'... mode     3
Reading 'data/gaussian_9_water_hf_adz_esp.cube'... mode     3
Reading 'data/gaussian_10_water_hf_adz_esp.cube'... mode     3
Reading 'data/gaussian_11_water_hf_adz_esp.cube'... mode     3
Reading 'data/gaussian_12_water_hf_adz_esp.cube'... mode     3
Reading 'data/gaussian_13_water_hf_adz_esp.cube'... mode     3
Reading 'data/gaussian_14_water_hf_adz_esp.cube'... mode     3
Reading 'data/gaussian_15_water_hf_adz_esp.cube'... mode     3
Reading 'data/gaussian_16_water_hf_adz_esp.cube'... mode     3
Reading 'data/gaussian_17_water_hf_adz_esp.cube'... mode     3
Reading 'data/gaussian_18_water_hf_adz_esp.cube'... mode     3
Reading 'data/gaussian_19_water_hf_adz_esp.cube'... mode     3
Reading 'data/gaussian_20_water_hf_adz_esp.cube'... mode     3
Reading 'data/gaussian_21_water_hf_adz_esp.cube'... mode     3
Reading 'data/gaussian_22_water_hf_adz_esp.cube'... mode     3
Reading 'data/gaussian_23_water_hf_adz_esp.cube'... mode     3
Reading 'data/gaussian_24_water_hf_adz_esp.cube'... mode     3
Reading 'data/gaussian_25_water_hf_adz_esp.cube'... mode     3
Reading 'data/gaussian_26_water_hf_adz_esp.cube'... mode     3
Reading 'data/gaussian_27_water_hf_adz_esp.cube'... mode     3
Reading 'data/gaussian_28_water_hf_adz_esp.cube'... mode     3
Reading 'data/gaussian_29_water_hf_adz_esp.cube'... mode     3
Reading 'data/gaussian_30_water_hf_adz_esp.cube'... mode     3
Reading 'data/gaussian_31_water_hf_adz_esp.cube'... mode     3
Reading 'data/gaussian_32_water_hf_adz_esp.cube'... mode     3
Reading 'data/gaussian_33_water_hf_adz_esp.cube'... mode     3
Reading 'data/gaussian_34_water_hf_adz_esp.cube'... mode     3
Reading 'data/gaussian_35_water_hf_adz_esp.cube'... mode     3
Reading 'data/gaussian_36_water_hf_adz_esp.cube'... mode     3
Reading 'data/gaussian_37_water_hf_adz_esp.cube'... mode     3
Reading 'data/gaussian_38_water_hf_adz_esp.cube'... mode     3
Reading 'data/gaussian_39_water_hf_adz_esp.cube'... mode     3
Reading 'data/gaussian_40_water_hf_adz_esp.cube'... mode     3
Reading 'data/gaussian_41_water_hf_adz_esp.cube'... mode     3
Reading 'data/gaussian_42_water_hf_adz_esp.cube'... mode     3
Reading 'data/gaussian_43_water_hf_adz_esp.cube'... mode     3
Reading 'data/gaussian_44_water_hf_adz_esp.cube'... mode     3
Reading 'data/gaussian_45_water_hf_adz_esp.cube'... mode     3
Reading 'data/gaussian_46_water_hf_adz_esp.cube'... mode     3
Reading 'data/gaussian_47_water_hf_adz_esp.cube'... mode     3
Reading 'data/gaussian_48_water_hf_adz_esp.cube'... mode     3
Reading 'data/gaussian_49_water_hf_adz_esp.cube'... mode     3
Reading 'data/gaussian_50_water_hf_adz_esp.cube'... mode     3
Reading 'data/gaussian_51_water_hf_adz_esp.cube'... mode     3
Reading 'data/gaussian_52_water_hf_adz_esp.cube'... mode     3
Reading 'data/gaussian_53_water_hf_adz_esp.cube'... mode     3
Reading 'data/gaussian_54_water_hf_adz_esp.cube'... mode     3
Reading 'data/gaussian_55_water_hf_adz_esp.cube'... mode     3
Reading 'data/gaussian_56_water_hf_adz_esp.cube'... mode     3
Reading 'data/gaussian_57_water_hf_adz_esp.cube'... mode     3
Reading 'data/gaussian_58_water_hf_adz_esp.cube'... mode     3
Reading 'data/gaussian_59_water_hf_adz_esp.cube'... mode     3
Reading 'data/gaussian_60_water_hf_adz_esp.cube'... mode     3
Reading 'data/gaussian_61_water_hf_adz_esp.cube'... mode     3
Reading 'data/gaussian_62_water_hf_adz_esp.cube'... mode     3
Reading 'data/gaussian_63_water_hf_adz_esp.cube'... mode     3
Reading 'data/gaussian_64_water_hf_adz_esp.cube'... mode     3
Reading 'data/gaussian_65_water_hf_adz_esp.cube'... mode     3
Reading 'data/gaussian_66_water_hf_adz_esp.cube'... mode     3
Reading 'data/gaussian_67_water_hf_adz_esp.cube'... mode     3
Reading 'data/gaussian_68_water_hf_adz_esp.cube'... mode     3
Reading 'data/gaussian_69_water_hf_adz_esp.cube'... mode     3
Reading 'data/gaussian_70_water_hf_adz_esp.cube'... mode     3
Reading 'data/gaussian_71_water_hf_adz_esp.cube'... mode     3
Reading 'data/gaussian_72_water_hf_adz_esp.cube'... mode     3
Reading 'data/gaussian_73_water_hf_adz_esp.cube'... mode     3
Reading 'data/gaussian_74_water_hf_adz_esp.cube'... mode     3
Reading 'data/gaussian_75_water_hf_adz_esp.cube'... mode     3
Reading 'data/gaussian_76_water_hf_adz_esp.cube'... mode     3
Reading 'data/gaussian_77_water_hf_adz_esp.cube'... mode     3
Reading 'data/gaussian_78_water_hf_adz_esp.cube'... mode     3
Reading 'data/gaussian_79_water_hf_adz_esp.cube'... mode     3
Reading 'data/gaussian_80_water_hf_adz_esp.cube'... mode     3
Reading 'data/gaussian_81_water_hf_adz_esp.cube'... mode     3
Reading 'data/gaussian_82_water_hf_adz_esp.cube'... mode     3
Reading 'data/gaussian_83_water_hf_adz_esp.cube'... mode     3
Reading 'data/gaussian_84_water_hf_adz_esp.cube'... mode     3
Reading 'data/gaussian_85_water_hf_adz_esp.cube'... mode     3
Reading 'data/gaussian_86_water_hf_adz_esp.cube'... mode     3
Reading 'data/gaussian_87_water_hf_adz_esp.cube'... mode     3
Reading 'data/gaussian_88_water_hf_adz_esp.cube'... mode     3
Reading 'data/gaussian_89_water_hf_adz_esp.cube'... mode     3
Reading 'data/gaussian_90_water_hf_adz_esp.cube'... mode     3
Reading 'data/gaussian_91_water_hf_adz_esp.cube'... mode     3
Reading 'data/gaussian_92_water_hf_adz_esp.cube'... mode     3
Reading 'data/gaussian_93_water_hf_adz_esp.cube'... mode     3
Reading 'data/gaussian_94_water_hf_adz_esp.cube'... mode     3
Reading 'data/gaussian_95_water_hf_adz_esp.cube'... mode     3
Reading 'data/gaussian_96_water_hf_adz_esp.cube'... mode     3
Reading 'data/gaussian_97_water_hf_adz_esp.cube'... mode     3
Reading 'data/gaussian_98_water_hf_adz_esp.cube'... mode     3
Reading 'data/gaussian_99_water_hf_adz_esp.cube'... mode     3
Reading 'data/gaussian_100_water_hf_adz_esp.cube'... mode     3
Reading 'data/gaussian_101_water_hf_adz_esp.cube'... mode     3
Reading 'data/gaussian_102_water_hf_adz_esp.cube'... mode     3
Reading 'data/gaussian_103_water_hf_adz_esp.cube'... mode     3
Reading 'data/gaussian_104_water_hf_adz_esp.cube'... mode     3
Reading 'data/gaussian_105_water_hf_adz_esp.cube'... mode     3
Reading 'data/gaussian_106_water_hf_adz_esp.cube'... mode     3
Reading 'data/gaussian_107_water_hf_adz_esp.cube'... mode     3
Reading 'data/gaussian_108_water_hf_adz_esp.cube'... mode     3
Reading 'data/gaussian_109_water_hf_adz_esp.cube'... mode     3
Reading 'data/gaussian_110_water_hf_adz_esp.cube'... mode     3
Reading 'data/gaussian_111_water_hf_adz_esp.cube'... mode     3
Reading 'data/gaussian_112_water_hf_adz_esp.cube'... mode     3
Reading 'data/gaussian_113_water_hf_adz_esp.cube'... mode     3
Reading 'data/gaussian_114_water_hf_adz_esp.cube'... mode     3
Reading 'data/gaussian_115_water_hf_adz_esp.cube'... mode     3
Reading 'data/gaussian_116_water_hf_adz_esp.cube'... mode     3
Reading 'data/gaussian_117_water_hf_adz_esp.cube'... mode     3
Reading 'data/gaussian_118_water_hf_adz_esp.cube'... mode     3
Reading 'data/gaussian_119_water_hf_adz_esp.cube'... mode     3
Reading 'data/gaussian_120_water_hf_adz_esp.cube'... mode     3
Reading 'data/gaussian_121_water_hf_adz_esp.cube'... mode     3
Reading 'data/gaussian_122_water_hf_adz_esp.cube'... mode     3
Reading 'data/gaussian_123_water_hf_adz_esp.cube'... mode     3
Reading 'data/gaussian_124_water_hf_adz_esp.cube'... mode     3
Reading 'data/gaussian_125_water_hf_adz_esp.cube'... mode     3
Reading 'data/gaussian_126_water_hf_adz_esp.cube'... mode     3
Reading 'data/gaussian_127_water_hf_adz_esp.cube'... mode     3
Reading 'data/gaussian_128_water_hf_adz_esp.cube'... mode     3
Reading 'data/gaussian_129_water_hf_adz_esp.cube'... mode     3
Reading 'data/gaussian_130_water_hf_adz_esp.cube'... mode     3
Reading 'data/gaussian_131_water_hf_adz_esp.cube'... mode     3
Reading 'data/gaussian_132_water_hf_adz_esp.cube'... mode     3
Reading 'data/gaussian_133_water_hf_adz_esp.cube'... mode     3
Reading 'data/gaussian_134_water_hf_adz_esp.cube'... mode     3
Reading 'data/gaussian_135_water_hf_adz_esp.cube'... mode     3
Reading 'data/gaussian_136_water_hf_adz_esp.cube'... mode     3
Reading 'data/gaussian_137_water_hf_adz_esp.cube'... mode     3
Reading 'data/gaussian_138_water_hf_adz_esp.cube'... mode     3
Reading 'data/gaussian_139_water_hf_adz_esp.cube'... mode     3
Reading 'data/gaussian_140_water_hf_adz_esp.cube'... mode     3
Reading 'data/gaussian_141_water_hf_adz_esp.cube'... mode     3
Reading 'data/gaussian_142_water_hf_adz_esp.cube'... mode     3
Reading 'data/gaussian_143_water_hf_adz_esp.cube'... mode     3
Reading 'data/gaussian_144_water_hf_adz_esp.cube'... mode     3
Reading 'data/gaussian_145_water_hf_adz_esp.cube'... mode     3
Reading 'data/gaussian_146_water_hf_adz_esp.cube'... mode     3
Reading 'data/gaussian_147_water_hf_adz_esp.cube'... mode     3
Reading 'data/gaussian_148_water_hf_adz_esp.cube'... mode     3
Reading 'data/gaussian_149_water_hf_adz_esp.cube'... mode     3
Reading 'data/gaussian_150_water_hf_adz_esp.cube'... mode     3
Reading 'data/gaussian_151_water_hf_adz_esp.cube'... mode     3
Reading 'data/gaussian_152_water_hf_adz_esp.cube'... mode     3
Reading 'data/gaussian_153_water_hf_adz_esp.cube'... mode     3
Reading 'data/gaussian_154_water_hf_adz_esp.cube'... mode     3
Reading 'data/gaussian_155_water_hf_adz_esp.cube'... mode     3
Reading 'data/gaussian_156_water_hf_adz_esp.cube'... mode     3
Reading 'data/gaussian_157_water_hf_adz_esp.cube'... mode     3
Reading 'data/gaussian_158_water_hf_adz_esp.cube'... mode     3
Reading 'data/gaussian_159_water_hf_adz_esp.cube'... mode     3
Reading 'data/gaussian_160_water_hf_adz_esp.cube'... mode     3
Reading 'data/gaussian_161_water_hf_adz_esp.cube'... mode     3
Reading 'data/gaussian_162_water_hf_adz_esp.cube'... mode     3
Reading 'data/gaussian_163_water_hf_adz_esp.cube'... mode     3
Reading 'data/gaussian_164_water_hf_adz_esp.cube'... mode     3
Reading 'data/gaussian_165_water_hf_adz_esp.cube'... mode     3
Reading 'data/gaussian_166_water_hf_adz_esp.cube'... mode     3
Reading 'data/gaussian_167_water_hf_adz_esp.cube'... mode     3
Reading 'data/gaussian_168_water_hf_adz_esp.cube'... mode     3
Reading 'data/gaussian_169_water_hf_adz_esp.cube'... mode     3
Reading 'data/gaussian_170_water_hf_adz_esp.cube'... mode     3
Reading 'data/gaussian_171_water_hf_adz_esp.cube'... mode     3
Reading 'data/gaussian_172_water_hf_adz_esp.cube'... mode     3
Reading 'data/gaussian_173_water_hf_adz_esp.cube'... mode     3
Reading 'data/gaussian_174_water_hf_adz_esp.cube'... mode     3
Reading 'data/gaussian_175_water_hf_adz_esp.cube'... mode     3
Reading 'data/gaussian_176_water_hf_adz_esp.cube'... mode     3
Reading 'data/gaussian_177_water_hf_adz_esp.cube'... mode     3
Reading 'data/gaussian_178_water_hf_adz_esp.cube'... mode     3
Reading 'data/gaussian_179_water_hf_adz_esp.cube'... mode     3
Reading 'source/water_pc.dcm'...
Start computing local axis systems ...
Reading 'data/gaussian_0_water_hf_adz_esp.cube'... mode     4
Reading 'data/gaussian_1_water_hf_adz_esp.cube'... mode     4
Reading 'data/gaussian_2_water_hf_adz_esp.cube'... mode     4
Reading 'data/gaussian_3_water_hf_adz_esp.cube'... mode     4
Reading 'data/gaussian_4_water_hf_adz_esp.cube'... mode     4
Reading 'data/gaussian_5_water_hf_adz_esp.cube'... mode     4
Reading 'data/gaussian_6_water_hf_adz_esp.cube'... mode     4
Reading 'data/gaussian_7_water_hf_adz_esp.cube'... mode     4
Reading 'data/gaussian_8_water_hf_adz_esp.cube'... mode     4
Reading 'data/gaussian_9_water_hf_adz_esp.cube'... mode     4
Reading 'data/gaussian_10_water_hf_adz_esp.cube'... mode     4
Reading 'data/gaussian_11_water_hf_adz_esp.cube'... mode     4
Reading 'data/gaussian_12_water_hf_adz_esp.cube'... mode     4
Reading 'data/gaussian_13_water_hf_adz_esp.cube'... mode     4
Reading 'data/gaussian_14_water_hf_adz_esp.cube'... mode     4
Reading 'data/gaussian_15_water_hf_adz_esp.cube'... mode     4
Reading 'data/gaussian_16_water_hf_adz_esp.cube'... mode     4
Reading 'data/gaussian_17_water_hf_adz_esp.cube'... mode     4
Reading 'data/gaussian_18_water_hf_adz_esp.cube'... mode     4
Reading 'data/gaussian_19_water_hf_adz_esp.cube'... mode     4
Reading 'data/gaussian_20_water_hf_adz_esp.cube'... mode     4
Reading 'data/gaussian_21_water_hf_adz_esp.cube'... mode     4
Reading 'data/gaussian_22_water_hf_adz_esp.cube'... mode     4
Reading 'data/gaussian_23_water_hf_adz_esp.cube'... mode     4
Reading 'data/gaussian_24_water_hf_adz_esp.cube'... mode     4
Reading 'data/gaussian_25_water_hf_adz_esp.cube'... mode     4
Reading 'data/gaussian_26_water_hf_adz_esp.cube'... mode     4
Reading 'data/gaussian_27_water_hf_adz_esp.cube'... mode     4
Reading 'data/gaussian_28_water_hf_adz_esp.cube'... mode     4
Reading 'data/gaussian_29_water_hf_adz_esp.cube'... mode     4
Reading 'data/gaussian_30_water_hf_adz_esp.cube'... mode     4
Reading 'data/gaussian_31_water_hf_adz_esp.cube'... mode     4
Reading 'data/gaussian_32_water_hf_adz_esp.cube'... mode     4
Reading 'data/gaussian_33_water_hf_adz_esp.cube'... mode     4
Reading 'data/gaussian_34_water_hf_adz_esp.cube'... mode     4
Reading 'data/gaussian_35_water_hf_adz_esp.cube'... mode     4
Reading 'data/gaussian_36_water_hf_adz_esp.cube'... mode     4
Reading 'data/gaussian_37_water_hf_adz_esp.cube'... mode     4
Reading 'data/gaussian_38_water_hf_adz_esp.cube'... mode     4
Reading 'data/gaussian_39_water_hf_adz_esp.cube'... mode     4
Reading 'data/gaussian_40_water_hf_adz_esp.cube'... mode     4
Reading 'data/gaussian_41_water_hf_adz_esp.cube'... mode     4
Reading 'data/gaussian_42_water_hf_adz_esp.cube'... mode     4
Reading 'data/gaussian_43_water_hf_adz_esp.cube'... mode     4
Reading 'data/gaussian_44_water_hf_adz_esp.cube'... mode     4
Reading 'data/gaussian_45_water_hf_adz_esp.cube'... mode     4
Reading 'data/gaussian_46_water_hf_adz_esp.cube'... mode     4
Reading 'data/gaussian_47_water_hf_adz_esp.cube'... mode     4
Reading 'data/gaussian_48_water_hf_adz_esp.cube'... mode     4
Reading 'data/gaussian_49_water_hf_adz_esp.cube'... mode     4
Reading 'data/gaussian_50_water_hf_adz_esp.cube'... mode     4
Reading 'data/gaussian_51_water_hf_adz_esp.cube'... mode     4
Reading 'data/gaussian_52_water_hf_adz_esp.cube'... mode     4
Reading 'data/gaussian_53_water_hf_adz_esp.cube'... mode     4
Reading 'data/gaussian_54_water_hf_adz_esp.cube'... mode     4
Reading 'data/gaussian_55_water_hf_adz_esp.cube'... mode     4
Reading 'data/gaussian_56_water_hf_adz_esp.cube'... mode     4
Reading 'data/gaussian_57_water_hf_adz_esp.cube'... mode     4
Reading 'data/gaussian_58_water_hf_adz_esp.cube'... mode     4
Reading 'data/gaussian_59_water_hf_adz_esp.cube'... mode     4
Reading 'data/gaussian_60_water_hf_adz_esp.cube'... mode     4
Reading 'data/gaussian_61_water_hf_adz_esp.cube'... mode     4
Reading 'data/gaussian_62_water_hf_adz_esp.cube'... mode     4
Reading 'data/gaussian_63_water_hf_adz_esp.cube'... mode     4
Reading 'data/gaussian_64_water_hf_adz_esp.cube'... mode     4
Reading 'data/gaussian_65_water_hf_adz_esp.cube'... mode     4
Reading 'data/gaussian_66_water_hf_adz_esp.cube'... mode     4
Reading 'data/gaussian_67_water_hf_adz_esp.cube'... mode     4
Reading 'data/gaussian_68_water_hf_adz_esp.cube'... mode     4
Reading 'data/gaussian_69_water_hf_adz_esp.cube'... mode     4
Reading 'data/gaussian_70_water_hf_adz_esp.cube'... mode     4
Reading 'data/gaussian_71_water_hf_adz_esp.cube'... mode     4
Reading 'data/gaussian_72_water_hf_adz_esp.cube'... mode     4
Reading 'data/gaussian_73_water_hf_adz_esp.cube'... mode     4
Reading 'data/gaussian_74_water_hf_adz_esp.cube'... mode     4
Reading 'data/gaussian_75_water_hf_adz_esp.cube'... mode     4
Reading 'data/gaussian_76_water_hf_adz_esp.cube'... mode     4
Reading 'data/gaussian_77_water_hf_adz_esp.cube'... mode     4
Reading 'data/gaussian_78_water_hf_adz_esp.cube'... mode     4
Reading 'data/gaussian_79_water_hf_adz_esp.cube'... mode     4
Reading 'data/gaussian_80_water_hf_adz_esp.cube'... mode     4
Reading 'data/gaussian_81_water_hf_adz_esp.cube'... mode     4
Reading 'data/gaussian_82_water_hf_adz_esp.cube'... mode     4
Reading 'data/gaussian_83_water_hf_adz_esp.cube'... mode     4
Reading 'data/gaussian_84_water_hf_adz_esp.cube'... mode     4
Reading 'data/gaussian_85_water_hf_adz_esp.cube'... mode     4
Reading 'data/gaussian_86_water_hf_adz_esp.cube'... mode     4
Reading 'data/gaussian_87_water_hf_adz_esp.cube'... mode     4
Reading 'data/gaussian_88_water_hf_adz_esp.cube'... mode     4
Reading 'data/gaussian_89_water_hf_adz_esp.cube'... mode     4
Reading 'data/gaussian_90_water_hf_adz_esp.cube'... mode     4
Reading 'data/gaussian_91_water_hf_adz_esp.cube'... mode     4
Reading 'data/gaussian_92_water_hf_adz_esp.cube'... mode     4
Reading 'data/gaussian_93_water_hf_adz_esp.cube'... mode     4
Reading 'data/gaussian_94_water_hf_adz_esp.cube'... mode     4
Reading 'data/gaussian_95_water_hf_adz_esp.cube'... mode     4
Reading 'data/gaussian_96_water_hf_adz_esp.cube'... mode     4
Reading 'data/gaussian_97_water_hf_adz_esp.cube'... mode     4
Reading 'data/gaussian_98_water_hf_adz_esp.cube'... mode     4
Reading 'data/gaussian_99_water_hf_adz_esp.cube'... mode     4
Reading 'data/gaussian_100_water_hf_adz_esp.cube'... mode     4
Reading 'data/gaussian_101_water_hf_adz_esp.cube'... mode     4
system_label
--------------
type(str):
  Label tag of your system for file identification.
  Each written file includes this label.
Your input:  water_hf_adz

system_file_coord
-------------------
type(str):
  Path to a cartesian 'xyz' or z-matrix 'zmat' file.
Your input:  source/water.xyz

system_file_type
------------------
type(str): ('xyz', 'zmat'), default 'xyz'
  Type identifier of your coordinate file as
  cartesian 'xyz' or z-matrix 'zmat' file.
Your input:  xyz

system_total_charge
---------------------
type(int), optional: default '0'
  Total charge of your system.
  Only integer charges are possible.
Your input:  0

system_spin_multiplicity
--------------------------
type(int), optional: default '1'
  Spin multiplicity of your system.
  The multiplicity is related to your total spin S by:
    multiplicity = 2*S + 1
Your input:  1

scan_dofs
-----------
type(list), optional: default 'None'
  List defining the degrees of freedom to scan over.
  In case of 'xyz' coordination file format, the list
  must contain sublists of atom indices. The length of the
  sublist defines the type 'bond', 'angle', 'dihedral'.
  To match the parameter value, only the respectively last
  atom in the list is moved.
    Example:
      scan_dofs = [
          [0, 1],        # <- Bond between atom 0 and 1
          [1, 0, 2],     # <- Angle between atoms 1<-0->2
          [2, 0, 1, 3]   # <- Dihedral angle
      ]
  In case of 'zmat' coordination file format, the list
  must contain sublists of the respective variable label
  in the zmat file and the type definition.
    Example:
      Z-matrix file:
        O
        O 1 dOO
        H 1 dHO1 2 aHOO1
        H 2 dHO2 1 aHOO2 3 dihHOOH

        dOO     = 1.2
        dHO1    = 1.0
        dHO2    = 1.0
        aHOO1   = 60.0
        aHOO2   = 60.0
        dihHOOH = 180.0
      ----
      scan_dofs = [
          ['dOO', 'bond'],
          ['aHOO1', 'angle'],
          ['dihHOOH', 'dihdral'],
      ]
  If scan_dofs is not defined or as None, only the system
  conformation in the coordinate file is evaluated.
Your input:  [[0, 1], [0, 2], [1, 0, 2]]

scan_steps
------------
type(list), optional: default 'None'
  List defining the grid steps for the degrees of freedom
  defined in 'scan_dofs'. Bonds are given in Angstrom and
  angular parameter in degree.
    Example (see example coordinates in 'scan_dofs'):
      scan_steps = [
          [0.9, 1.0, 1.1],    # <- Bond distances
          [50, 60, 70, 80],   # <- Angles
          [0., 90., 180.]     # <- Dihedral angles
      ]
  If scan_steps is not defined or as None, only the system
  conformation in the coordinate file is evaluated.
Your input:  [[0.909, 0.959, 1.009], [0.909, 0.959, 1.009], array([ 84.45,  86.45,  88.45,  90.45,  92.45,  94.45,  96.45,  98.45,
       100.45, 102.45, 104.45, 106.45, 108.45, 110.45, 112.45, 114.45,
       116.45, 118.45, 120.45, 122.45])]

scan_constrained_opt
----------------------
type(bool), optional: default 'False'
  Whether if perform constrained optimization for each
  grid point in the scan or just single point.
Your input:  False

scan_write_esp_cube
---------------------
type(bool), optional: default 'True'
  Write a cube file with the electrostatic potential.

scan_write_dens_cube
----------------------
type(bool), optional: default 'True'
  Write a cube file with the electron density.

scan_qm_program
-----------------
type(str), optional: default 'Gaussian'
  QM calculation program for evaluating potential,
  electron density and ESP.
Your input:  Gaussian

scan_qm_method
----------------
type(str), optional: default 'HF'
  QM method, see documentation for available methods with
  the respective QM program.
Your input:  HF

scan_qm_basis_set
-------------------
type(str), optional: default 'cc-pVDZ'
  QM atom centred basis set, see documentation for
  available basis set in the respective QM program.
Your input:  aug-cc-pVDZ

scan_parallel_tasks
---------------------
type(int), optional: default '1'
  Number of parallel QM calculations on your machine.
Your input:  10

scan_cpus_per_task
--------------------
type(int), optional: default '1'
  Number of available CPUs per task.
Your input:  4

scan_memory_per_task
----------------------
type(int), optional: default '1000'
  Amount of requested memory per single CPU in MB.
  In general, declared memory available in the QM programm
  is usually just 90% of the total memory declared in the
  bash script file.
Your input:  1600

scan_overwrite
----------------
type(bool), optional: default 'False'
  Whether to recompute the system at grid points even if 
  all output files are given and viable (successful run).
Your input:  False

scan_time_check_tasks
-----------------------
type(int), optional: default '60'
  Time delay in seconds to check the status of the tasks
  and submit next ones.
Your input:  10

56.00944513732562
56.00944513732562
[55.99270731 55.99648275 56.00199681 56.01848967 56.03033975 56.0473834
 56.06227864 56.07458354 56.09389244 56.11538016 56.13807613 56.1579828
 56.18925771 56.21708953 56.25258758 56.27626412 56.30941905 56.34399975
 56.37830254 56.41686744 55.90846605 55.91645003 55.92191425 55.93801862
 55.9539204  55.9648824  55.97899508 55.99092337 56.01731306 56.04064094
 56.07106874 56.09856261 56.12625573 56.15645723 56.18839934 56.21912988
 56.25070883 56.28602421 56.31947886 56.36052233 55.81988669 55.82658202
 55.83333885 55.84608581 55.86043291 55.87178567 55.89209268 55.9150319
 55.93515034 55.962666   55.99389874 56.0221864  56.05977129 56.09500833
 56.12955213 56.16470295 56.2003549  56.23991733 56.27855649 56.30222438
 55.90087478 55.90903158 55.91998023 55.9281542  55.9443908  55.95904461
 55.97906295 55.99600054 56.01687803 56.0376231  56.06545149 56.09240339
 56.12635232 56.14342468 56.17603755 56.21209227 56.25384192 56.29013484
 56.3269053  56.35953573 55.81474652 55.82023382 55.83414863 55.84996319
 55.86264434 55.86963457 55.89302943 55.91631398 55.94186212 55.9669176
 55.98786642 56.01058896 56.04264404 56.07586312 56.11118675 56.15161516
 56.18840239 56.22482225 56.2643831  56.30223441 55.72031557 55.72558745
 55.73905519 55.75150041 55.7714952  55.78592488 55.80731486 55.83057467
 55.85559081 55.87624835 55.9068722  55.94030339 55.97997777 56.01976252
 56.05692336 56.09181244 56.12771043 56.16798527 56.2170379  56.25975983
 55.82082298 55.82647205 55.83529926 55.84626821 55.85747726 55.87986917
 55.90260399 55.91685594 55.94286315 55.96708269 55.99784437 56.0235402
 56.05952437 56.09128212 56.1302163  56.16718668 56.20490554 56.23812149
 56.27842648 56.31689958 55.72622185 55.73766458 55.74424874 55.75615128
 55.77388021 55.79200219 55.81573075 55.84157134 55.86105371 55.88861471
 55.91786268 55.94692032 55.97674985 56.01224649 56.0553134  56.09746294
 56.13639134 56.17641822 56.21177982 56.25474403 55.62809717 55.64111204
 55.64871937 55.66688819 55.67914868 55.70240452 55.72298437 55.74585732
 55.77797649 55.80896961 55.83967102 55.87500961 55.91443355 55.95168534
 55.98812926 56.02717072 56.06936856 56.11709009 56.16310481 56.20717366]
0 (0.909, 0.909, 84.45) 55.99270730982944
1 (0.909, 0.909, 86.45) 55.99648274759546
2 (0.909, 0.909, 88.45) 56.001996806319376
3 (0.909, 0.909, 90.45) 56.01848966712725
4 (0.909, 0.909, 92.45) 56.03033975405924
5 (0.909, 0.909, 94.45) 56.04738339659623
6 (0.909, 0.909, 96.45) 56.06227864053859
7 (0.909, 0.909, 98.45) 56.074583536017215
8 (0.909, 0.909, 100.45) 56.093892438662266
9 (0.909, 0.909, 102.45) 56.1153801628133
10 (0.909, 0.909, 104.45) 56.138076129502686
11 (0.909, 0.909, 106.45) 56.157982801631896
12 (0.909, 0.909, 108.45) 56.189257709030834
13 (0.909, 0.909, 110.45) 56.2170895274533
14 (0.909, 0.909, 112.45) 56.25258758362821
15 (0.909, 0.909, 114.45) 56.27626412490393
16 (0.909, 0.909, 116.45) 56.30941904580155
17 (0.909, 0.909, 118.45) 56.343999749784835
18 (0.909, 0.909, 120.45) 56.37830254384426
19 (0.909, 0.909, 122.45) 56.41686744337773
20 (0.909, 0.959, 84.45) 55.90846605135772
21 (0.909, 0.959, 86.45) 55.91645003002522
22 (0.909, 0.959, 88.45) 55.92191425181498
23 (0.909, 0.959, 90.45) 55.938018624048944
24 (0.909, 0.959, 92.45) 55.95392040170953
25 (0.909, 0.959, 94.45) 55.964882395067896
26 (0.909, 0.959, 96.45) 55.97899508309407
27 (0.909, 0.959, 98.45) 55.99092337243158
28 (0.909, 0.959, 100.45) 56.017313058806145
29 (0.909, 0.959, 102.45) 56.04064094422892
30 (0.909, 0.959, 104.45) 56.07106873840958
31 (0.909, 0.959, 106.45) 56.0985626135614
32 (0.909, 0.959, 108.45) 56.126255730560885
33 (0.909, 0.959, 110.45) 56.156457231309425
34 (0.909, 0.959, 112.45) 56.18839934317486
35 (0.909, 0.959, 114.45) 56.219129880066134
36 (0.909, 0.959, 116.45) 56.2507088325798
37 (0.909, 0.959, 118.45) 56.28602420965101
38 (0.909, 0.959, 120.45) 56.319478855965336
39 (0.909, 0.959, 122.45) 56.36052232821219
40 (0.909, 1.009, 84.45) 55.81988669284303
41 (0.909, 1.009, 86.45) 55.826582024219924
42 (0.909, 1.009, 88.45) 55.833338845463786
43 (0.909, 1.009, 90.45) 55.846085806441494
44 (0.909, 1.009, 92.45) 55.86043291432708
45 (0.909, 1.009, 94.45) 55.8717856662252
46 (0.909, 1.009, 96.45) 55.89209267969051
47 (0.909, 1.009, 98.45) 55.91503189675627
48 (0.909, 1.009, 100.45) 55.935150339031686
49 (0.909, 1.009, 102.45) 55.962666004640354
50 (0.909, 1.009, 104.45) 55.993898740282
51 (0.909, 1.009, 106.45) 56.022186404140484
52 (0.909, 1.009, 108.45) 56.0597712917217
53 (0.909, 1.009, 110.45) 56.09500832851057
54 (0.909, 1.009, 112.45) 56.12955212697448
55 (0.909, 1.009, 114.45) 56.16470294608094
56 (0.909, 1.009, 116.45) 56.20035489864355
57 (0.909, 1.009, 118.45) 56.239917328139285
58 (0.909, 1.009, 120.45) 56.278556492264755
59 (0.909, 1.009, 122.45) 56.302224382727424
60 (0.959, 0.909, 84.45) 55.90087478247456
61 (0.959, 0.909, 86.45) 55.90903157818474
62 (0.959, 0.909, 88.45) 55.91998022877516
63 (0.959, 0.909, 90.45) 55.92815419700918
64 (0.959, 0.909, 92.45) 55.944390798409806
65 (0.959, 0.909, 94.45) 55.959044613607404
66 (0.959, 0.909, 96.45) 55.979062947761015
67 (0.959, 0.909, 98.45) 55.99600053510761
68 (0.959, 0.909, 100.45) 56.016878034423584
69 (0.959, 0.909, 102.45) 56.03762310057981
70 (0.959, 0.909, 104.45) 56.06545148799307
71 (0.959, 0.909, 106.45) 56.092403391071294
72 (0.959, 0.909, 108.45) 56.12635232396267
73 (0.959, 0.909, 110.45) 56.14342467524083
74 (0.959, 0.909, 112.45) 56.17603754848052
75 (0.959, 0.909, 114.45) 56.212092273216705
76 (0.959, 0.909, 116.45) 56.253841919408536
77 (0.959, 0.909, 118.45) 56.290134840947104
78 (0.959, 0.909, 120.45) 56.32690530195699
79 (0.959, 0.909, 122.45) 56.35953572550038
80 (0.959, 0.959, 84.45) 55.81474652206376
81 (0.959, 0.959, 86.45) 55.820233818958336
82 (0.959, 0.959, 88.45) 55.8341486325473
83 (0.959, 0.959, 90.45) 55.849963188407
84 (0.959, 0.959, 92.45) 55.86264434424344
85 (0.959, 0.959, 94.45) 55.869634569572995
86 (0.959, 0.959, 96.45) 55.893029426957334
87 (0.959, 0.959, 98.45) 55.91631398246401
88 (0.959, 0.959, 100.45) 55.94186212027696
89 (0.959, 0.959, 102.45) 55.96691760304881
90 (0.959, 0.959, 104.45) 55.98786642265869
91 (0.959, 0.959, 106.45) 56.01058896054624
92 (0.959, 0.959, 108.45) 56.04264403560145
93 (0.959, 0.959, 110.45) 56.07586311718193
94 (0.959, 0.959, 112.45) 56.11118674697711
95 (0.959, 0.959, 114.45) 56.15161515952085
96 (0.959, 0.959, 116.45) 56.18840238709495
97 (0.959, 0.959, 118.45) 56.22482225495634
98 (0.959, 0.959, 120.45) 56.26438309904231
99 (0.959, 0.959, 122.45) 56.30223441392039
100 (0.959, 1.009, 84.45) 55.72031557491392
101 (0.959, 1.009, 86.45) 55.725587445745276
102 (0.959, 1.009, 88.45) 55.73905518710023
103 (0.959, 1.009, 90.45) 55.751500408134085
104 (0.959, 1.009, 92.45) 55.771495204147946
105 (0.959, 1.009, 94.45) 55.785924880049656
106 (0.959, 1.009, 96.45) 55.807314858480865
107 (0.959, 1.009, 98.45) 55.830574674981904
108 (0.959, 1.009, 100.45) 55.855590807346395
109 (0.959, 1.009, 102.45) 55.87624834924019
110 (0.959, 1.009, 104.45) 55.906872204666755
111 (0.959, 1.009, 106.45) 55.9403033926879
112 (0.959, 1.009, 108.45) 55.979977772913045
113 (0.959, 1.009, 110.45) 56.0197625158403
114 (0.959, 1.009, 112.45) 56.056923358569655
115 (0.959, 1.009, 114.45) 56.09181244210478
116 (0.959, 1.009, 116.45) 56.12771043037543
117 (0.959, 1.009, 118.45) 56.167985269409414
118 (0.959, 1.009, 120.45) 56.217037903188086
119 (0.959, 1.009, 122.45) 56.25975983065719
120 (1.009, 0.909, 84.45) 55.82082298381469
121 (1.009, 0.909, 86.45) 55.826472048142215
122 (1.009, 0.909, 88.45) 55.83529926000966
123 (1.009, 0.909, 90.45) 55.84626821149089
124 (1.009, 0.909, 92.45) 55.85747725569051
125 (1.009, 0.909, 94.45) 55.879869170171105
126 (1.009, 0.909, 96.45) 55.902603994193996
127 (1.009, 0.909, 98.45) 55.91685593955159
128 (1.009, 0.909, 100.45) 55.94286314676771
129 (1.009, 0.909, 102.45) 55.967082687770315
130 (1.009, 0.909, 104.45) 55.99784436613502
131 (1.009, 0.909, 106.45) 56.02354020385687
132 (1.009, 0.909, 108.45) 56.059524371155206
133 (1.009, 0.909, 110.45) 56.091282117881
134 (1.009, 0.909, 112.45) 56.130216299909684
135 (1.009, 0.909, 114.45) 56.167186679992454
136 (1.009, 0.909, 116.45) 56.20490554343655
137 (1.009, 0.909, 118.45) 56.23812149407641
138 (1.009, 0.909, 120.45) 56.27842648279486
139 (1.009, 0.909, 122.45) 56.31689957949131
140 (1.009, 0.959, 84.45) 55.72622184560631
141 (1.009, 0.959, 86.45) 55.7376645811381
142 (1.009, 0.959, 88.45) 55.74424874130771
143 (1.009, 0.959, 90.45) 55.75615127574523
144 (1.009, 0.959, 92.45) 55.77388020874127
145 (1.009, 0.959, 94.45) 55.792002188347176
146 (1.009, 0.959, 96.45) 55.81573074881332
147 (1.009, 0.959, 98.45) 55.84157134016375
148 (1.009, 0.959, 100.45) 55.861053711706305
149 (1.009, 0.959, 102.45) 55.888614714604316
150 (1.009, 0.959, 104.45) 55.91786267794529
151 (1.009, 0.959, 106.45) 55.9469203225365
152 (1.009, 0.959, 108.45) 55.97674985171423
153 (1.009, 0.959, 110.45) 56.01224649056896
154 (1.009, 0.959, 112.45) 56.055313397478834
155 (1.009, 0.959, 114.45) 56.09746293615942
156 (1.009, 0.959, 116.45) 56.13639133932915
157 (1.009, 0.959, 118.45) 56.17641821711342
158 (1.009, 0.959, 120.45) 56.211779819811106
159 (1.009, 0.959, 122.45) 56.2547440290456
160 (1.009, 1.009, 84.45) 55.628097165614435
161 (1.009, 1.009, 86.45) 55.64111203739513
162 (1.009, 1.009, 88.45) 55.648719374265106
163 (1.009, 1.009, 90.45) 55.66688818812675
164 (1.009, 1.009, 92.45) 55.6791486802297
165 (1.009, 1.009, 94.45) 55.70240452334222
166 (1.009, 1.009, 96.45) 55.72298437142568
167 (1.009, 1.009, 98.45) 55.745857323440895
168 (1.009, 1.009, 100.45) 55.77797649418882
169 (1.009, 1.009, 102.45) 55.80896961387351
170 (1.009, 1.009, 104.45) 55.83967101522972
171 (1.009, 1.009, 106.45) 55.87500961071424
172 (1.009, 1.009, 108.45) 55.91443354835303
173 (1.009, 1.009, 110.45) 55.951685338004005
174 (1.009, 1.009, 112.45) 55.98812926469672
175 (1.009, 1.009, 114.45) 56.027170719089796
176 (1.009, 1.009, 116.45) 56.06936856471019
177 (1.009, 1.009, 118.45) 56.117090093721494
178 (1.009, 1.009, 120.45) 56.16310481136503
179 (1.009, 1.009, 122.45) 56.20717366162195
3.1363181306433585 3.1474975718673965
[3.3693765  2.62163815 3.63283764 2.81193214 3.92010688 3.0241922
 3.63126574 2.81081108 3.88195501 2.99595996 4.15774899 3.20417918
 3.9188035  3.02489372 4.15716755 3.20642369 4.4202335  3.40987859] 2.292738876833171 4.420233500696662
3.136317502650365 3.147496942356624
[3.36937585 2.62163744 3.63283701 2.81193147 3.92010626 3.02419155
 3.63126511 2.8108104  3.88195439 2.99595931 4.15774839 3.20417855
 3.91880288 3.02489307 4.15716695 3.20642306 4.42023291 3.40987799] 2.2927382232023743 4.420232911636046
3.1363172210792016 3.1474966607620787
[3.36937566 2.62163701 3.63283686 2.8119311  3.92010616 3.02419124
 3.63126496 2.81081003 3.88195428 2.995959   4.15774832 3.20417829
 3.91880278 3.02489276 4.15716688 3.2064228  4.42023288 3.40987777] 2.2927376025757797 4.420232875350296
161.80520961882482 162.3156806841353
[179.00976613 153.46840653 182.81858497 157.22094535 186.54917448
 160.77454105 182.8899092  157.10045937 186.43592612 160.64946262
 190.31416965 164.17755883 186.52836598 160.7598215  190.28284997
 164.14859839 194.08976929 167.58894111] 128.04276641382768 194.08976929076684
31.31100762862071 31.407164587509854
[34.26705313 30.06620908 34.81438418 30.6392726  35.3403496  31.16822357
 34.82989066 30.61432555 35.32727659 31.14969474 35.88625577 31.67580344
 35.33606776 31.16486143 35.88038844 31.66821972 36.42733793 32.17663257]Reading 'data/gaussian_102_water_hf_adz_esp.cube'... mode     4
Reading 'data/gaussian_103_water_hf_adz_esp.cube'... mode     4
Reading 'data/gaussian_104_water_hf_adz_esp.cube'... mode     4
Reading 'data/gaussian_105_water_hf_adz_esp.cube'... mode     4
Reading 'data/gaussian_106_water_hf_adz_esp.cube'... mode     4
Reading 'data/gaussian_107_water_hf_adz_esp.cube'... mode     4
Reading 'data/gaussian_108_water_hf_adz_esp.cube'... mode     4
Reading 'data/gaussian_109_water_hf_adz_esp.cube'... mode     4
Reading 'data/gaussian_110_water_hf_adz_esp.cube'... mode     4
Reading 'data/gaussian_111_water_hf_adz_esp.cube'... mode     4
Reading 'data/gaussian_112_water_hf_adz_esp.cube'... mode     4
Reading 'data/gaussian_113_water_hf_adz_esp.cube'... mode     4
Reading 'data/gaussian_114_water_hf_adz_esp.cube'... mode     4
Reading 'data/gaussian_115_water_hf_adz_esp.cube'... mode     4
Reading 'data/gaussian_116_water_hf_adz_esp.cube'... mode     4
Reading 'data/gaussian_117_water_hf_adz_esp.cube'... mode     4
Reading 'data/gaussian_118_water_hf_adz_esp.cube'... mode     4
Reading 'data/gaussian_119_water_hf_adz_esp.cube'... mode     4
Reading 'data/gaussian_120_water_hf_adz_esp.cube'... mode     4
Reading 'data/gaussian_121_water_hf_adz_esp.cube'... mode     4
Reading 'data/gaussian_122_water_hf_adz_esp.cube'... mode     4
Reading 'data/gaussian_123_water_hf_adz_esp.cube'... mode     4
Reading 'data/gaussian_124_water_hf_adz_esp.cube'... mode     4
Reading 'data/gaussian_125_water_hf_adz_esp.cube'... mode     4
Reading 'data/gaussian_126_water_hf_adz_esp.cube'... mode     4
Reading 'data/gaussian_127_water_hf_adz_esp.cube'... mode     4
Reading 'data/gaussian_128_water_hf_adz_esp.cube'... mode     4
Reading 'data/gaussian_129_water_hf_adz_esp.cube'... mode     4
Reading 'data/gaussian_130_water_hf_adz_esp.cube'... mode     4
Reading 'data/gaussian_131_water_hf_adz_esp.cube'... mode     4
Reading 'data/gaussian_132_water_hf_adz_esp.cube'... mode     4
Reading 'data/gaussian_133_water_hf_adz_esp.cube'... mode     4
Reading 'data/gaussian_134_water_hf_adz_esp.cube'... mode     4
Reading 'data/gaussian_135_water_hf_adz_esp.cube'... mode     4
Reading 'data/gaussian_136_water_hf_adz_esp.cube'... mode     4
Reading 'data/gaussian_137_water_hf_adz_esp.cube'... mode     4
Reading 'data/gaussian_138_water_hf_adz_esp.cube'... mode     4
Reading 'data/gaussian_139_water_hf_adz_esp.cube'... mode     4
Reading 'data/gaussian_140_water_hf_adz_esp.cube'... mode     4
Reading 'data/gaussian_141_water_hf_adz_esp.cube'... mode     4
Reading 'data/gaussian_142_water_hf_adz_esp.cube'... mode     4
Reading 'data/gaussian_143_water_hf_adz_esp.cube'... mode     4
Reading 'data/gaussian_144_water_hf_adz_esp.cube'... mode     4
Reading 'data/gaussian_145_water_hf_adz_esp.cube'... mode     4
Reading 'data/gaussian_146_water_hf_adz_esp.cube'... mode     4
Reading 'data/gaussian_147_water_hf_adz_esp.cube'... mode     4
Reading 'data/gaussian_148_water_hf_adz_esp.cube'... mode     4
Reading 'data/gaussian_149_water_hf_adz_esp.cube'... mode     4
Reading 'data/gaussian_150_water_hf_adz_esp.cube'... mode     4
Reading 'data/gaussian_151_water_hf_adz_esp.cube'... mode     4
Reading 'data/gaussian_152_water_hf_adz_esp.cube'... mode     4
Reading 'data/gaussian_153_water_hf_adz_esp.cube'... mode     4
Reading 'data/gaussian_154_water_hf_adz_esp.cube'... mode     4
Reading 'data/gaussian_155_water_hf_adz_esp.cube'... mode     4
Reading 'data/gaussian_156_water_hf_adz_esp.cube'... mode     4
Reading 'data/gaussian_157_water_hf_adz_esp.cube'... mode     4
Reading 'data/gaussian_158_water_hf_adz_esp.cube'... mode     4
Reading 'data/gaussian_159_water_hf_adz_esp.cube'... mode     4
Reading 'data/gaussian_160_water_hf_adz_esp.cube'... mode     4
Reading 'data/gaussian_161_water_hf_adz_esp.cube'... mode     4
Reading 'data/gaussian_162_water_hf_adz_esp.cube'... mode     4
Reading 'data/gaussian_163_water_hf_adz_esp.cube'... mode     4
Reading 'data/gaussian_164_water_hf_adz_esp.cube'... mode     4
Reading 'data/gaussian_165_water_hf_adz_esp.cube'... mode     4
Reading 'data/gaussian_166_water_hf_adz_esp.cube'... mode     4
Reading 'data/gaussian_167_water_hf_adz_esp.cube'... mode     4
Reading 'data/gaussian_168_water_hf_adz_esp.cube'... mode     4
Reading 'data/gaussian_169_water_hf_adz_esp.cube'... mode     4
Reading 'data/gaussian_170_water_hf_adz_esp.cube'... mode     4
Reading 'data/gaussian_171_water_hf_adz_esp.cube'... mode     4
Reading 'data/gaussian_172_water_hf_adz_esp.cube'... mode     4
Reading 'data/gaussian_173_water_hf_adz_esp.cube'... mode     4
Reading 'data/gaussian_174_water_hf_adz_esp.cube'... mode     4
Reading 'data/gaussian_175_water_hf_adz_esp.cube'... mode     4
Reading 'data/gaussian_176_water_hf_adz_esp.cube'... mode     4
Reading 'data/gaussian_177_water_hf_adz_esp.cube'... mode     4
Reading 'data/gaussian_178_water_hf_adz_esp.cube'... mode     4
Reading 'data/gaussian_179_water_hf_adz_esp.cube'... mode     4
Reading 'data/gaussian_0_water_hf_adz_esp.cube'... mode     4
Reading 'data/gaussian_1_water_hf_adz_esp.cube'... mode     4
Reading 'data/gaussian_2_water_hf_adz_esp.cube'... mode     4
Reading 'data/gaussian_3_water_hf_adz_esp.cube'... mode     4
Reading 'data/gaussian_4_water_hf_adz_esp.cube'... mode     4
Reading 'data/gaussian_5_water_hf_adz_esp.cube'... mode     4
Reading 'data/gaussian_6_water_hf_adz_esp.cube'... mode     4
Reading 'data/gaussian_7_water_hf_adz_esp.cube'... mode     4
Reading 'data/gaussian_8_water_hf_adz_esp.cube'... mode     4
Reading 'data/gaussian_9_water_hf_adz_esp.cube'... mode     4
Reading 'data/gaussian_10_water_hf_adz_esp.cube'... mode     4
Reading 'data/gaussian_11_water_hf_adz_esp.cube'... mode     4
Reading 'data/gaussian_12_water_hf_adz_esp.cube'... mode     4
Reading 'data/gaussian_13_water_hf_adz_esp.cube'... mode     4
Reading 'data/gaussian_14_water_hf_adz_esp.cube'... mode     4
Reading 'data/gaussian_15_water_hf_adz_esp.cube'... mode     4
Reading 'data/gaussian_16_water_hf_adz_esp.cube'... mode     4
Reading 'data/gaussian_17_water_hf_adz_esp.cube'... mode     4
Reading 'data/gaussian_18_water_hf_adz_esp.cube'... mode     4
Reading 'data/gaussian_19_water_hf_adz_esp.cube'... mode     4
Reading 'data/gaussian_20_water_hf_adz_esp.cube'... mode     4
Reading 'data/gaussian_21_water_hf_adz_esp.cube'... mode     4
Reading 'data/gaussian_22_water_hf_adz_esp.cube'... mode     4
Reading 'data/gaussian_23_water_hf_adz_esp.cube'... mode     4
Reading 'data/gaussian_24_water_hf_adz_esp.cube'... mode     4
Reading 'data/gaussian_25_water_hf_adz_esp.cube'... mode     4
Reading 'data/gaussian_26_water_hf_adz_esp.cube'... mode     4
Reading 'data/gaussian_27_water_hf_adz_esp.cube'... mode     4
Reading 'data/gaussian_28_water_hf_adz_esp.cube'... mode     4
Reading 'data/gaussian_29_water_hf_adz_esp.cube'... mode     4
Reading 'data/gaussian_30_water_hf_adz_esp.cube'... mode     4
Reading 'data/gaussian_31_water_hf_adz_esp.cube'... mode     4
Reading 'data/gaussian_32_water_hf_adz_esp.cube'... mode     4
Reading 'data/gaussian_33_water_hf_adz_esp.cube'... mode     4
Reading 'data/gaussian_34_water_hf_adz_esp.cube'... mode     4
Reading 'data/gaussian_35_water_hf_adz_esp.cube'... mode     4
Reading 'data/gaussian_36_water_hf_adz_esp.cube'... mode     4
Reading 'data/gaussian_37_water_hf_adz_esp.cube'... mode     4
Reading 'data/gaussian_38_water_hf_adz_esp.cube'... mode     4
Reading 'data/gaussian_39_water_hf_adz_esp.cube'... mode     4
Reading 'data/gaussian_40_water_hf_adz_esp.cube'... mode     4
Reading 'data/gaussian_41_water_hf_adz_esp.cube'... mode     4
Reading 'data/gaussian_42_water_hf_adz_esp.cube'... mode     4
Reading 'data/gaussian_43_water_hf_adz_esp.cube'... mode     4
Reading 'data/gaussian_44_water_hf_adz_esp.cube'... mode     4
Reading 'data/gaussian_45_water_hf_adz_esp.cube'... mode     4
Reading 'data/gaussian_46_water_hf_adz_esp.cube'... mode     4
Reading 'data/gaussian_47_water_hf_adz_esp.cube'... mode     4
Reading 'data/gaussian_48_water_hf_adz_esp.cube'... mode     4
Reading 'data/gaussian_49_water_hf_adz_esp.cube'... mode     4
Reading 'data/gaussian_50_water_hf_adz_esp.cube'... mode     4
Reading 'data/gaussian_51_water_hf_adz_esp.cube'... mode     4
Reading 'data/gaussian_52_water_hf_adz_esp.cube'... mode     4
Reading 'data/gaussian_53_water_hf_adz_esp.cube'... mode     4
Reading 'data/gaussian_54_water_hf_adz_esp.cube'... mode     4
Reading 'data/gaussian_55_water_hf_adz_esp.cube'... mode     4
Reading 'data/gaussian_56_water_hf_adz_esp.cube'... mode     4
Reading 'data/gaussian_57_water_hf_adz_esp.cube'... mode     4
Reading 'data/gaussian_58_water_hf_adz_esp.cube'... mode     4
Reading 'data/gaussian_59_water_hf_adz_esp.cube'... mode     4
Reading 'data/gaussian_60_water_hf_adz_esp.cube'... mode     4
Reading 'data/gaussian_61_water_hf_adz_esp.cube'... mode     4
Reading 'data/gaussian_62_water_hf_adz_esp.cube'... mode     4
Reading 'data/gaussian_63_water_hf_adz_esp.cube'... mode     4
Reading 'data/gaussian_64_water_hf_adz_esp.cube'... mode     4
Reading 'data/gaussian_65_water_hf_adz_esp.cube'... mode     4
Reading 'data/gaussian_66_water_hf_adz_esp.cube'... mode     4
Reading 'data/gaussian_67_water_hf_adz_esp.cube'... mode     4
Reading 'data/gaussian_68_water_hf_adz_esp.cube'... mode     4
Reading 'data/gaussian_69_water_hf_adz_esp.cube'... mode     4
Reading 'data/gaussian_70_water_hf_adz_esp.cube'... mode     4
Reading 'data/gaussian_71_water_hf_adz_esp.cube'... mode     4
Reading 'data/gaussian_72_water_hf_adz_esp.cube'... mode     4
Reading 'data/gaussian_73_water_hf_adz_esp.cube'... mode     4
Reading 'data/gaussian_74_water_hf_adz_esp.cube'... mode     4
Reading 'data/gaussian_75_water_hf_adz_esp.cube'... mode     4
Reading 'data/gaussian_76_water_hf_adz_esp.cube'... mode     4
Reading 'data/gaussian_77_water_hf_adz_esp.cube'... mode     4
Reading 'data/gaussian_78_water_hf_adz_esp.cube'... mode     4
Reading 'data/gaussian_79_water_hf_adz_esp.cube'... mode     4
Reading 'data/gaussian_80_water_hf_adz_esp.cube'... mode     4
Reading 'data/gaussian_81_water_hf_adz_esp.cube'... mode     4
Reading 'data/gaussian_82_water_hf_adz_esp.cube'... mode     4
Reading 'data/gaussian_83_water_hf_adz_esp.cube'... mode     4
Reading 'data/gaussian_84_water_hf_adz_esp.cube'... mode     4
Reading 'data/gaussian_85_water_hf_adz_esp.cube'... mode     4
Reading 'data/gaussian_86_water_hf_adz_esp.cube'... mode     4
Reading 'data/gaussian_87_water_hf_adz_esp.cube'... mode     4
Reading 'data/gaussian_88_water_hf_adz_esp.cube'... mode     4
Reading 'data/gaussian_89_water_hf_adz_esp.cube'... mode     4
Reading 'data/gaussian_90_water_hf_adz_esp.cube'... mode     4
Reading 'data/gaussian_91_water_hf_adz_esp.cube'... mode     4
Reading 'data/gaussian_92_water_hf_adz_esp.cube'... mode     4
Reading 'data/gaussian_93_water_hf_adz_esp.cube'... mode     4
Reading 'data/gaussian_94_water_hf_adz_esp.cube'... mode     4
Reading 'data/gaussian_95_water_hf_adz_esp.cube'... mode     4
Reading 'data/gaussian_96_water_hf_adz_esp.cube'... mode     4
Reading 'data/gaussian_97_water_hf_adz_esp.cube'... mode     4
Reading 'data/gaussian_98_water_hf_adz_esp.cube'... mode     4
Reading 'data/gaussian_99_water_hf_adz_esp.cube'... mode     4
Reading 'data/gaussian_100_water_hf_adz_esp.cube'... mode     4
Reading 'data/gaussian_101_water_hf_adz_esp.cube'... mode     4
Reading 'data/gaussian_102_water_hf_adz_esp.cube'... mode     4
Reading 'data/gaussian_103_water_hf_adz_esp.cube'... mode     4
Reading 'data/gaussian_104_water_hf_adz_esp.cube'... mode     4
Reading 'data/gaussian_105_water_hf_adz_esp.cube'... mode     4
Reading 'data/gaussian_106_water_hf_adz_esp.cube'... mode     4
Reading 'data/gaussian_107_water_hf_adz_esp.cube'... mode     4
Reading 'data/gaussian_108_water_hf_adz_esp.cube'... mode     4
Reading 'data/gaussian_109_water_hf_adz_esp.cube'... mode     4
Reading 'data/gaussian_110_water_hf_adz_esp.cube'... mode     4
Reading 'data/gaussian_111_water_hf_adz_esp.cube'... mode     4
Reading 'data/gaussian_112_water_hf_adz_esp.cube'... mode     4
Reading 'data/gaussian_113_water_hf_adz_esp.cube'... mode     4
Reading 'data/gaussian_114_water_hf_adz_esp.cube'... mode     4
Reading 'data/gaussian_115_water_hf_adz_esp.cube'... mode     4
Reading 'data/gaussian_116_water_hf_adz_esp.cube'... mode     4
Reading 'data/gaussian_117_water_hf_adz_esp.cube'... mode     4
Reading 'data/gaussian_118_water_hf_adz_esp.cube'... mode     4
Reading 'data/gaussian_119_water_hf_adz_esp.cube'... mode     4
Reading 'data/gaussian_120_water_hf_adz_esp.cube'... mode     4
Reading 'data/gaussian_121_water_hf_adz_esp.cube'... mode     4
Reading 'data/gaussian_122_water_hf_adz_esp.cube'... mode     4
Reading 'data/gaussian_123_water_hf_adz_esp.cube'... mode     4
Reading 'data/gaussian_124_water_hf_adz_esp.cube'... mode     4
Reading 'data/gaussian_125_water_hf_adz_esp.cube'... mode     4
Reading 'data/gaussian_126_water_hf_adz_esp.cube'... mode     4
Reading 'data/gaussian_127_water_hf_adz_esp.cube'... mode     4
Reading 'data/gaussian_128_water_hf_adz_esp.cube'... mode     4
Reading 'data/gaussian_129_water_hf_adz_esp.cube'... mode     4
Reading 'data/gaussian_130_water_hf_adz_esp.cube'... mode     4
Reading 'data/gaussian_131_water_hf_adz_esp.cube'... mode     4
Reading 'data/gaussian_132_water_hf_adz_esp.cube'... mode     4
Reading 'data/gaussian_133_water_hf_adz_esp.cube'... mode     4
Reading 'data/gaussian_134_water_hf_adz_esp.cube'... mode     4
Reading 'data/gaussian_135_water_hf_adz_esp.cube'... mode     4
Reading 'data/gaussian_136_water_hf_adz_esp.cube'... mode     4
Reading 'data/gaussian_137_water_hf_adz_esp.cube'... mode     4
Reading 'data/gaussian_138_water_hf_adz_esp.cube'... mode     4
Reading 'data/gaussian_139_water_hf_adz_esp.cube'... mode     4
Reading 'data/gaussian_140_water_hf_adz_esp.cube'... mode     4
Reading 'data/gaussian_141_water_hf_adz_esp.cube'... mode     4
Reading 'data/gaussian_142_water_hf_adz_esp.cube'... mode     4
Reading 'data/gaussian_143_water_hf_adz_esp.cube'... mode     4
Reading 'data/gaussian_144_water_hf_adz_esp.cube'... mode     4
Reading 'data/gaussian_145_water_hf_adz_esp.cube'... mode     4
Reading 'data/gaussian_146_water_hf_adz_esp.cube'... mode     4
Reading 'data/gaussian_147_water_hf_adz_esp.cube'... mode     4
Reading 'data/gaussian_148_water_hf_adz_esp.cube'... mode     4
Reading 'data/gaussian_149_water_hf_adz_esp.cube'... mode     4
Reading 'data/gaussian_150_water_hf_adz_esp.cube'... mode     4
Reading 'data/gaussian_151_water_hf_adz_esp.cube'... mode     4
Reading 'data/gaussian_152_water_hf_adz_esp.cube'... mode     4
Reading 'data/gaussian_153_water_hf_adz_esp.cube'... mode     4
Reading 'data/gaussian_154_water_hf_adz_esp.cube'... mode     4
Reading 'data/gaussian_155_water_hf_adz_esp.cube'... mode     4
Reading 'data/gaussian_156_water_hf_adz_esp.cube'... mode     4
Reading 'data/gaussian_157_water_hf_adz_esp.cube'... mode     4
Reading 'data/gaussian_158_water_hf_adz_esp.cube'... mode     4
Reading 'data/gaussian_159_water_hf_adz_esp.cube'... mode     4
Reading 'data/gaussian_160_water_hf_adz_esp.cube'... mode     4
Reading 'data/gaussian_161_water_hf_adz_esp.cube'... mode     4
Reading 'data/gaussian_162_water_hf_adz_esp.cube'... mode     4
Reading 'data/gaussian_163_water_hf_adz_esp.cube'... mode     4
Reading 'data/gaussian_164_water_hf_adz_esp.cube'... mode     4
Reading 'data/gaussian_165_water_hf_adz_esp.cube'... mode     4
Reading 'data/gaussian_166_water_hf_adz_esp.cube'... mode     4
Reading 'data/gaussian_167_water_hf_adz_esp.cube'... mode     4
Reading 'data/gaussian_168_water_hf_adz_esp.cube'... mode     4
Reading 'data/gaussian_169_water_hf_adz_esp.cube'... mode     4
Reading 'data/gaussian_170_water_hf_adz_esp.cube'... mode     4
Reading 'data/gaussian_171_water_hf_adz_esp.cube'... mode     4
Reading 'data/gaussian_172_water_hf_adz_esp.cube'... mode     4
Reading 'data/gaussian_173_water_hf_adz_esp.cube'... mode     4
Reading 'data/gaussian_174_water_hf_adz_esp.cube'... mode     4
Reading 'data/gaussian_175_water_hf_adz_esp.cube'... mode     4
Reading 'data/gaussian_176_water_hf_adz_esp.cube'... mode     4
Reading 'data/gaussian_177_water_hf_adz_esp.cube'... mode     4
 25.963379338070073 36.42733793380799
5.745038098408177 5.759917920827797
[5.75434006 5.83251724 5.67501683 5.79623995 5.59490677 5.75272553
 5.67891341 5.79012994 5.58685192 5.74631211 5.51114562 5.70168585
 5.59326493 5.75185668 5.51036234 5.69893691 5.42825934 5.64746018] 5.428259338893455 6.019105722390952
2.3736837250984237 2.379666086144572
[1.99873822 2.28182096 2.07041344 2.28452702 2.18989771 2.3145016
 2.06928226 2.28220244 2.14169251 2.28857228 2.26063671 2.3237934
 2.18774938 2.31485437 2.26049155 2.32452519 2.37466839 2.36222956] 1.9987382232555768 2.8389745716210992
2.37368317362949 2.379665532769344
[1.99873745 2.28182039 2.07041268 2.28452645 2.18989696 2.31450103
 2.0692815  2.28220187 2.14169176 2.28857171 2.26063598 2.32379283
 2.18774864 2.3148538  2.26049082 2.32452462 2.37466767 2.362229  ] 1.9987374513804512 2.8389742328127516
2.373682553606477 2.379664911278074
[1.9987367  2.28181965 2.070412   2.28452575 2.18989637 2.31450038
 2.06928082 2.28220117 2.14169115 2.28857105 2.26063545 2.32379221
 2.18774805 2.31485315 2.26049029 2.324524   2.37466721 2.36222844] 1.9987367004239773 2.838973676257901
2.2343404303755574 2.240360085436822
[1.88403347 2.05421794 2.00928457 2.08989718 2.18031707 2.15680643
 2.00783602 2.08842561 2.13019107 2.12829685 2.29590697 2.20009449
 2.17893392 2.15758257 2.29590992 2.20125738 2.45296634 2.2759637 ] 1.8745286242128196 2.650977767228797
2.2343404356477703 2.2403600903174543
[1.88403336 2.05421796 2.00928444 2.0898972  2.18031693 2.15680644
 2.00783589 2.08842563 2.13019092 2.12829686 2.2959068  2.20009449
 2.17893377 2.15758258 2.29590976 2.20125738 2.45296616 2.27596369] 1.8745285333273587 2.6509779307458556
2.234340444366177 2.2403600994095085
[1.88403339 2.05421788 2.00928451 2.08989715 2.18031704 2.15680643
 2.00783596 2.08842559 2.13019103 2.12829685 2.29590695 2.20009452
 2.17893389 2.15758257 2.29590991 2.20125741 2.45296634 2.27596376] 1.8745285314625706 2.6509779413665955
2.2358345883400497 2.2417197668303497
[1.86102926 2.07625685 1.97431888 2.10366018 2.13472113 2.16173244
 1.97292645 2.10213519 2.08432459 2.1336708  2.240388   2.1967747
 2.13331182 2.16247979 2.24042181 2.19782332 2.38861769 2.26399413] 1.8580508337383614 2.680605852562484
2.2342923479540273 2.2402908039595855
[1.88019949 2.05727715 2.00368326 2.0916954  2.17315662 2.15726836
 2.00224246 2.09021599 2.12298382 2.12882292 2.28728507 2.19931105
 2.17176948 2.15804031 2.28729269 2.20045704 2.44304997 2.27388244] 1.8721074333318413 2.655275429001098
2.234292354991649 2.2402908106115365
[1.88019938 2.05727718 2.00368313 2.09169542 2.17315647 2.15726836
 2.00224233 2.09021601 2.12298367 2.12882293 2.28728491 2.19931105
 2.17176934 2.15804032 2.28729253 2.20045704 2.4430498  2.27388243] 1.872107344385747 2.6552755937103045
2.2342923620289294 2.240290818015799
[1.8801994  2.0572771  2.0036832  2.09169537 2.17315658 2.15726836
 2.0022424  2.09021596 2.12298378 2.12882292 2.28728506 2.19931107
 2.17176945 2.15804031 2.28729268 2.20045707 2.44304998 2.2738825 ] 1.872107339781032 2.6552756036002743
     fun: 2.2342923479540273
     jac: array([0.47228679, 0.94455069])
 message: 'Optimization terminated successfully'
    nfev: 16
     nit: 4
    njev: 4
  status: 0
 success: True
       x: array([-0.7226968,  0.3613484])
[1.8801994  1.87324549 1.87210734 1.8773191  1.88738258 1.90331311
 1.92337877 1.9495372  1.98105677 2.01676226 2.0572771  2.10230318
 2.15332363 2.20808631 2.26646254 2.3293629  2.39166992 2.45959114
 2.52592414 2.59572394 2.0036832  1.98826016 1.97789581 1.97381964
 1.97418545 1.9802609  1.99188098 2.00561728 2.02940336 2.05945992
 2.09169537 2.12833497 2.17244928 2.22492457 2.28201608 2.3408632
 2.40048684 2.46754765 2.53091098 2.60613904 2.17315658 2.14877062
 2.12801898 2.11309943 2.10368092 2.09779953 2.09577871 2.10326433
 2.11332836 2.13357631 2.15726836 2.18860647 2.22866253 2.27124553
 2.31613411 2.37306902 2.42864708 2.49427133 2.5621789  2.63277002
 2.0022424  1.98743039 1.97719387 1.97193722 1.97072708 1.9772963
 1.98875847 2.00561164 2.0283252  2.05416409 2.09021596 2.13250935
 2.18027365 2.22445089 2.27811676 2.338783   2.39996851 2.46714982
 2.53316002 2.60643357 2.12298378 2.09928763 2.08146911 2.06704789
 2.05881038 2.05455451 2.05726335 2.06670623 2.08130804 2.10155008
 2.12882292 2.16124539 2.20236952 2.24878868 2.30159943 2.35298334
 2.40965671 2.4719747  2.54257584 2.61306779 2.28728506 2.25501987
 2.22780408 2.20443235 2.18583465 2.17261245 2.16527222 2.16423556
 2.1722041  2.18060586 2.19931107 2.22724041 2.25962447 2.29868879
 2.34021104 2.39125614 2.44676643 2.50406751 2.57033719 2.63534812
 2.17176945 2.14652081 2.12565881 2.10920923 2.0981588  2.09480673
 2.09495338 2.0999446  2.11317364 2.13275763 2.15804031 2.18990898
 2.2246481  2.26751841 2.31324946 2.36890632 2.42632036 2.49154703
 2.55931276 2.62785925 2.28729268 2.25431108 2.22556255 2.20269301
 2.18411238 2.17112549 2.16631529 2.16327063 2.16750387 2.18117587
 2.20045707 2.22583519 2.25727332 2.29077131 2.33611019 2.38635248
 2.44341031 2.50604833 2.56512055 2.63603731 2.44304998 2.4029265
 2.36735702 2.33575741 2.30849401 2.28864549 2.27174411 2.26266107
 2.25984054 2.26425947 2.2738825  2.2923484  2.31703287 2.3511965
 2.38744908 2.43059893 2.47602884 2.53399489 2.59548878 2.6552756 ]
[ 0.          0.          0.          0.36134841  0.          0.
  0.         -0.7226968   0.          0.          0.          0.36134841]
Reading 'data/gaussian_178_water_hf_adz_esp.cube'... mode     4
Reading 'data/gaussian_179_water_hf_adz_esp.cube'... mode     4
