Reading 'data/gaussian_0_water_pbe0_adz_esp.cube'... just atom number 
Reading 'data/gaussian_0_water_pbe0_adz_esp.cube'... mode     1
Reading 'data/gaussian_1_water_pbe0_adz_esp.cube'... mode     1
Reading 'data/gaussian_2_water_pbe0_adz_esp.cube'... mode     1
Reading 'data/gaussian_3_water_pbe0_adz_esp.cube'... mode     1
Reading 'data/gaussian_4_water_pbe0_adz_esp.cube'... mode     1
Reading 'data/gaussian_5_water_pbe0_adz_esp.cube'... mode     1
Reading 'data/gaussian_6_water_pbe0_adz_esp.cube'... mode     1
Reading 'data/gaussian_7_water_pbe0_adz_esp.cube'... mode     1
Reading 'data/gaussian_8_water_pbe0_adz_esp.cube'... mode     1
Reading 'data/gaussian_9_water_pbe0_adz_esp.cube'... mode     1
Reading 'data/gaussian_10_water_pbe0_adz_esp.cube'... mode     1
Reading 'data/gaussian_11_water_pbe0_adz_esp.cube'... mode     1
Reading 'data/gaussian_12_water_pbe0_adz_esp.cube'... mode     1
Reading 'data/gaussian_13_water_pbe0_adz_esp.cube'... mode     1
Reading 'data/gaussian_14_water_pbe0_adz_esp.cube'... mode     1
Reading 'data/gaussian_15_water_pbe0_adz_esp.cube'... mode     1
Reading 'data/gaussian_16_water_pbe0_adz_esp.cube'... mode     1
Reading 'data/gaussian_17_water_pbe0_adz_esp.cube'... mode     1
Reading 'data/gaussian_18_water_pbe0_adz_esp.cube'... mode     1
Reading 'data/gaussian_19_water_pbe0_adz_esp.cube'... mode     1
Reading 'data/gaussian_20_water_pbe0_adz_esp.cube'... mode     1
Reading 'data/gaussian_21_water_pbe0_adz_esp.cube'... mode     1
Reading 'data/gaussian_22_water_pbe0_adz_esp.cube'... mode     1
Reading 'data/gaussian_23_water_pbe0_adz_esp.cube'... mode     1
Reading 'data/gaussian_24_water_pbe0_adz_esp.cube'... mode     1
Reading 'data/gaussian_25_water_pbe0_adz_esp.cube'... mode     1
Reading 'data/gaussian_26_water_pbe0_adz_esp.cube'... mode     1
Reading 'data/gaussian_27_water_pbe0_adz_esp.cube'... mode     1
Reading 'data/gaussian_28_water_pbe0_adz_esp.cube'... mode     1
Reading 'data/gaussian_29_water_pbe0_adz_esp.cube'... mode     1
Reading 'data/gaussian_30_water_pbe0_adz_esp.cube'... mode     1
Reading 'data/gaussian_31_water_pbe0_adz_esp.cube'... mode     1
Reading 'data/gaussian_32_water_pbe0_adz_esp.cube'... mode     1
Reading 'data/gaussian_33_water_pbe0_adz_esp.cube'... mode     1
Reading 'data/gaussian_34_water_pbe0_adz_esp.cube'... mode     1
Reading 'data/gaussian_35_water_pbe0_adz_esp.cube'... mode     1
Reading 'data/gaussian_36_water_pbe0_adz_esp.cube'... mode     1
Reading 'data/gaussian_37_water_pbe0_adz_esp.cube'... mode     1
Reading 'data/gaussian_38_water_pbe0_adz_esp.cube'... mode     1
Reading 'data/gaussian_39_water_pbe0_adz_esp.cube'... mode     1
Reading 'data/gaussian_40_water_pbe0_adz_esp.cube'... mode     1
Reading 'data/gaussian_41_water_pbe0_adz_esp.cube'... mode     1
Reading 'data/gaussian_42_water_pbe0_adz_esp.cube'... mode     1
Reading 'data/gaussian_43_water_pbe0_adz_esp.cube'... mode     1
Reading 'data/gaussian_44_water_pbe0_adz_esp.cube'... mode     1
Reading 'data/gaussian_45_water_pbe0_adz_esp.cube'... mode     1
Reading 'data/gaussian_46_water_pbe0_adz_esp.cube'... mode     1
Reading 'data/gaussian_47_water_pbe0_adz_esp.cube'... mode     1
Reading 'data/gaussian_48_water_pbe0_adz_esp.cube'... mode     1
Reading 'data/gaussian_49_water_pbe0_adz_esp.cube'... mode     1
Reading 'data/gaussian_50_water_pbe0_adz_esp.cube'... mode     1
Reading 'data/gaussian_51_water_pbe0_adz_esp.cube'... mode     1
Reading 'data/gaussian_52_water_pbe0_adz_esp.cube'... mode     1
Reading 'data/gaussian_53_water_pbe0_adz_esp.cube'... mode     1
Reading 'data/gaussian_54_water_pbe0_adz_esp.cube'... mode     1
Reading 'data/gaussian_55_water_pbe0_adz_esp.cube'... mode     1
Reading 'data/gaussian_56_water_pbe0_adz_esp.cube'... mode     1
Reading 'data/gaussian_57_water_pbe0_adz_esp.cube'... mode     1
Reading 'data/gaussian_58_water_pbe0_adz_esp.cube'... mode     1
Reading 'data/gaussian_59_water_pbe0_adz_esp.cube'... mode     1
Reading 'data/gaussian_60_water_pbe0_adz_esp.cube'... mode     1
Reading 'data/gaussian_61_water_pbe0_adz_esp.cube'... mode     1
Reading 'data/gaussian_62_water_pbe0_adz_esp.cube'... mode     1
Reading 'data/gaussian_63_water_pbe0_adz_esp.cube'... mode     1
Reading 'data/gaussian_64_water_pbe0_adz_esp.cube'... mode     1
Reading 'data/gaussian_65_water_pbe0_adz_esp.cube'... mode     1
Reading 'data/gaussian_66_water_pbe0_adz_esp.cube'... mode     1
Reading 'data/gaussian_67_water_pbe0_adz_esp.cube'... mode     1
Reading 'data/gaussian_68_water_pbe0_adz_esp.cube'... mode     1
Reading 'data/gaussian_69_water_pbe0_adz_esp.cube'... mode     1
Reading 'data/gaussian_70_water_pbe0_adz_esp.cube'... mode     1
Reading 'data/gaussian_71_water_pbe0_adz_esp.cube'... mode     1
Reading 'data/gaussian_72_water_pbe0_adz_esp.cube'... mode     1
Reading 'data/gaussian_73_water_pbe0_adz_esp.cube'... mode     1
Reading 'data/gaussian_74_water_pbe0_adz_esp.cube'... mode     1
Reading 'data/gaussian_75_water_pbe0_adz_esp.cube'... mode     1
Reading 'data/gaussian_76_water_pbe0_adz_esp.cube'... mode     1
Reading 'data/gaussian_77_water_pbe0_adz_esp.cube'... mode     1
Reading 'data/gaussian_78_water_pbe0_adz_esp.cube'... mode     1
Reading 'data/gaussian_79_water_pbe0_adz_esp.cube'... mode     1
Reading 'data/gaussian_80_water_pbe0_adz_esp.cube'... mode     1
Reading 'data/gaussian_81_water_pbe0_adz_esp.cube'... mode     1
Reading 'data/gaussian_82_water_pbe0_adz_esp.cube'... mode     1
Reading 'data/gaussian_83_water_pbe0_adz_esp.cube'... mode     1
Reading 'data/gaussian_84_water_pbe0_adz_esp.cube'... mode     1
Reading 'data/gaussian_85_water_pbe0_adz_esp.cube'... mode     1
Reading 'data/gaussian_86_water_pbe0_adz_esp.cube'... mode     1
Reading 'data/gaussian_87_water_pbe0_adz_esp.cube'... mode     1
Reading 'data/gaussian_88_water_pbe0_adz_esp.cube'... mode     1
Reading 'data/gaussian_89_water_pbe0_adz_esp.cube'... mode     1
Reading 'data/gaussian_90_water_pbe0_adz_esp.cube'... mode     1
Reading 'data/gaussian_91_water_pbe0_adz_esp.cube'... mode     1
Reading 'data/gaussian_92_water_pbe0_adz_esp.cube'... mode     1
Reading 'data/gaussian_93_water_pbe0_adz_esp.cube'... mode     1
Reading 'data/gaussian_94_water_pbe0_adz_esp.cube'... mode     1
Reading 'data/gaussian_95_water_pbe0_adz_esp.cube'... mode     1
Reading 'data/gaussian_96_water_pbe0_adz_esp.cube'... mode     1
Reading 'data/gaussian_97_water_pbe0_adz_esp.cube'... mode     1
Reading 'data/gaussian_98_water_pbe0_adz_esp.cube'... mode     1
Reading 'data/gaussian_99_water_pbe0_adz_esp.cube'... mode     1
Reading 'data/gaussian_100_water_pbe0_adz_esp.cube'... mode     1
Reading 'data/gaussian_101_water_pbe0_adz_esp.cube'... mode     1
Reading 'data/gaussian_102_water_pbe0_adz_esp.cube'... mode     1
Reading 'data/gaussian_103_water_pbe0_adz_esp.cube'... mode     1
Reading 'data/gaussian_104_water_pbe0_adz_esp.cube'... mode     1
Reading 'data/gaussian_105_water_pbe0_adz_esp.cube'... mode     1
Reading 'data/gaussian_106_water_pbe0_adz_esp.cube'... mode     1
Reading 'data/gaussian_107_water_pbe0_adz_esp.cube'... mode     1
Reading 'data/gaussian_108_water_pbe0_adz_esp.cube'... mode     1
Reading 'data/gaussian_109_water_pbe0_adz_esp.cube'... mode     1
Reading 'data/gaussian_110_water_pbe0_adz_esp.cube'... mode     1
Reading 'data/gaussian_111_water_pbe0_adz_esp.cube'... mode     1
Reading 'data/gaussian_112_water_pbe0_adz_esp.cube'... mode     1
Reading 'data/gaussian_113_water_pbe0_adz_esp.cube'... mode     1
Reading 'data/gaussian_114_water_pbe0_adz_esp.cube'... mode     1
Reading 'data/gaussian_115_water_pbe0_adz_esp.cube'... mode     1
Reading 'data/gaussian_116_water_pbe0_adz_esp.cube'... mode     1
Reading 'data/gaussian_117_water_pbe0_adz_esp.cube'... mode     1
Reading 'data/gaussian_118_water_pbe0_adz_esp.cube'... mode     1
Reading 'data/gaussian_119_water_pbe0_adz_esp.cube'... mode     1
Reading 'data/gaussian_120_water_pbe0_adz_esp.cube'... mode     1
Reading 'data/gaussian_121_water_pbe0_adz_esp.cube'... mode     1
Reading 'data/gaussian_122_water_pbe0_adz_esp.cube'... mode     1
Reading 'data/gaussian_123_water_pbe0_adz_esp.cube'... mode     1
Reading 'data/gaussian_124_water_pbe0_adz_esp.cube'... mode     1
Reading 'data/gaussian_125_water_pbe0_adz_esp.cube'... mode     1
Reading 'data/gaussian_126_water_pbe0_adz_esp.cube'... mode     1
Reading 'data/gaussian_127_water_pbe0_adz_esp.cube'... mode     1
Reading 'data/gaussian_128_water_pbe0_adz_esp.cube'... mode     1
Reading 'data/gaussian_129_water_pbe0_adz_esp.cube'... mode     1
Reading 'data/gaussian_130_water_pbe0_adz_esp.cube'... mode     1
Reading 'data/gaussian_131_water_pbe0_adz_esp.cube'... mode     1
Reading 'data/gaussian_132_water_pbe0_adz_esp.cube'... mode     1
Reading 'data/gaussian_133_water_pbe0_adz_esp.cube'... mode     1
Reading 'data/gaussian_134_water_pbe0_adz_esp.cube'... mode     1
Reading 'data/gaussian_135_water_pbe0_adz_esp.cube'... mode     1
Reading 'data/gaussian_136_water_pbe0_adz_esp.cube'... mode     1
Reading 'data/gaussian_137_water_pbe0_adz_esp.cube'... mode     1
Reading 'data/gaussian_138_water_pbe0_adz_esp.cube'... mode     1
Reading 'data/gaussian_139_water_pbe0_adz_esp.cube'... mode     1
Reading 'data/gaussian_140_water_pbe0_adz_esp.cube'... mode     1
Reading 'data/gaussian_141_water_pbe0_adz_esp.cube'... mode     1
Reading 'data/gaussian_142_water_pbe0_adz_esp.cube'... mode     1
Reading 'data/gaussian_143_water_pbe0_adz_esp.cube'... mode     1
Reading 'data/gaussian_144_water_pbe0_adz_esp.cube'... mode     1
Reading 'data/gaussian_145_water_pbe0_adz_esp.cube'... mode     1
Reading 'data/gaussian_146_water_pbe0_adz_esp.cube'... mode     1
Reading 'data/gaussian_147_water_pbe0_adz_esp.cube'... mode     1
Reading 'data/gaussian_148_water_pbe0_adz_esp.cube'... mode     1
Reading 'data/gaussian_149_water_pbe0_adz_esp.cube'... mode     1
Reading 'data/gaussian_150_water_pbe0_adz_esp.cube'... mode     1
Reading 'data/gaussian_151_water_pbe0_adz_esp.cube'... mode     1
Reading 'data/gaussian_152_water_pbe0_adz_esp.cube'... mode     1
Reading 'data/gaussian_153_water_pbe0_adz_esp.cube'... mode     1
Reading 'data/gaussian_154_water_pbe0_adz_esp.cube'... mode     1
Reading 'data/gaussian_155_water_pbe0_adz_esp.cube'... mode     1
Reading 'data/gaussian_156_water_pbe0_adz_esp.cube'... mode     1
Reading 'data/gaussian_157_water_pbe0_adz_esp.cube'... mode     1
Reading 'data/gaussian_158_water_pbe0_adz_esp.cube'... mode     1
Reading 'data/gaussian_159_water_pbe0_adz_esp.cube'... mode     1
Reading 'data/gaussian_160_water_pbe0_adz_esp.cube'... mode     1
Reading 'data/gaussian_161_water_pbe0_adz_esp.cube'... mode     1
Reading 'data/gaussian_162_water_pbe0_adz_esp.cube'... mode     1
Reading 'data/gaussian_163_water_pbe0_adz_esp.cube'... mode     1
Reading 'data/gaussian_164_water_pbe0_adz_esp.cube'... mode     1
Reading 'data/gaussian_165_water_pbe0_adz_esp.cube'... mode     1
Reading 'data/gaussian_166_water_pbe0_adz_esp.cube'... mode     1
Reading 'data/gaussian_167_water_pbe0_adz_esp.cube'... mode     1
Reading 'data/gaussian_168_water_pbe0_adz_esp.cube'... mode     1
Reading 'data/gaussian_169_water_pbe0_adz_esp.cube'... mode     1
Reading 'data/gaussian_170_water_pbe0_adz_esp.cube'... mode     1
Reading 'data/gaussian_171_water_pbe0_adz_esp.cube'... mode     1
Reading 'data/gaussian_172_water_pbe0_adz_esp.cube'... mode     1
Reading 'data/gaussian_173_water_pbe0_adz_esp.cube'... mode     1
Reading 'data/gaussian_174_water_pbe0_adz_esp.cube'... mode     1
Reading 'data/gaussian_175_water_pbe0_adz_esp.cube'... mode     1
Reading 'data/gaussian_176_water_pbe0_adz_esp.cube'... mode     1
Reading 'data/gaussian_177_water_pbe0_adz_esp.cube'... mode     1
Reading 'data/gaussian_178_water_pbe0_adz_esp.cube'... mode     1
Reading 'data/gaussian_179_water_pbe0_adz_esp.cube'... mode     1
Reading 'data/gaussian_0_water_pbe0_adz_esp.cube'... mode     2
Reading 'data/gaussian_1_water_pbe0_adz_esp.cube'... mode     2
Reading 'data/gaussian_2_water_pbe0_adz_esp.cube'... mode     2
Reading 'data/gaussian_3_water_pbe0_adz_esp.cube'... mode     2
Reading 'data/gaussian_4_water_pbe0_adz_esp.cube'... mode     2
Reading 'data/gaussian_5_water_pbe0_adz_esp.cube'... mode     2
Reading 'data/gaussian_6_water_pbe0_adz_esp.cube'... mode     2
Reading 'data/gaussian_7_water_pbe0_adz_esp.cube'... mode     2
Reading 'data/gaussian_8_water_pbe0_adz_esp.cube'... mode     2
Reading 'data/gaussian_9_water_pbe0_adz_esp.cube'... mode     2
Reading 'data/gaussian_10_water_pbe0_adz_esp.cube'... mode     2
Reading 'data/gaussian_11_water_pbe0_adz_esp.cube'... mode     2
Reading 'data/gaussian_12_water_pbe0_adz_esp.cube'... mode     2
Reading 'data/gaussian_13_water_pbe0_adz_esp.cube'... mode     2
Reading 'data/gaussian_14_water_pbe0_adz_esp.cube'... mode     2
Reading 'data/gaussian_15_water_pbe0_adz_esp.cube'... mode     2
Reading 'data/gaussian_16_water_pbe0_adz_esp.cube'... mode     2
Reading 'data/gaussian_17_water_pbe0_adz_esp.cube'... mode     2
Reading 'data/gaussian_18_water_pbe0_adz_esp.cube'... mode     2
Reading 'data/gaussian_19_water_pbe0_adz_esp.cube'... mode     2
Reading 'data/gaussian_20_water_pbe0_adz_esp.cube'... mode     2
Reading 'data/gaussian_21_water_pbe0_adz_esp.cube'... mode     2
Reading 'data/gaussian_22_water_pbe0_adz_esp.cube'... mode     2
Reading 'data/gaussian_23_water_pbe0_adz_esp.cube'... mode     2
Reading 'data/gaussian_24_water_pbe0_adz_esp.cube'... mode     2
Reading 'data/gaussian_25_water_pbe0_adz_esp.cube'... mode     2
Reading 'data/gaussian_26_water_pbe0_adz_esp.cube'... mode     2
Reading 'data/gaussian_27_water_pbe0_adz_esp.cube'... mode     2
Reading 'data/gaussian_28_water_pbe0_adz_esp.cube'... mode     2
Reading 'data/gaussian_29_water_pbe0_adz_esp.cube'... mode     2
Reading 'data/gaussian_30_water_pbe0_adz_esp.cube'... mode     2
Reading 'data/gaussian_31_water_pbe0_adz_esp.cube'... mode     2
Reading 'data/gaussian_32_water_pbe0_adz_esp.cube'... mode     2
Reading 'data/gaussian_33_water_pbe0_adz_esp.cube'... mode     2
Reading 'data/gaussian_34_water_pbe0_adz_esp.cube'... mode     2
Reading 'data/gaussian_35_water_pbe0_adz_esp.cube'... mode     2
Reading 'data/gaussian_36_water_pbe0_adz_esp.cube'... mode     2
Reading 'data/gaussian_37_water_pbe0_adz_esp.cube'... mode     2
Reading 'data/gaussian_38_water_pbe0_adz_esp.cube'... mode     2
Reading 'data/gaussian_39_water_pbe0_adz_esp.cube'... mode     2
Reading 'data/gaussian_40_water_pbe0_adz_esp.cube'... mode     2
Reading 'data/gaussian_41_water_pbe0_adz_esp.cube'... mode     2
Reading 'data/gaussian_42_water_pbe0_adz_esp.cube'... mode     2
Reading 'data/gaussian_43_water_pbe0_adz_esp.cube'... mode     2
Reading 'data/gaussian_44_water_pbe0_adz_esp.cube'... mode     2
Reading 'data/gaussian_45_water_pbe0_adz_esp.cube'... mode     2
Reading 'data/gaussian_46_water_pbe0_adz_esp.cube'... mode     2
Reading 'data/gaussian_47_water_pbe0_adz_esp.cube'... mode     2
Reading 'data/gaussian_48_water_pbe0_adz_esp.cube'... mode     2
Reading 'data/gaussian_49_water_pbe0_adz_esp.cube'... mode     2
Reading 'data/gaussian_50_water_pbe0_adz_esp.cube'... mode     2
Reading 'data/gaussian_51_water_pbe0_adz_esp.cube'... mode     2
Reading 'data/gaussian_52_water_pbe0_adz_esp.cube'... mode     2
Reading 'data/gaussian_53_water_pbe0_adz_esp.cube'... mode     2
Reading 'data/gaussian_54_water_pbe0_adz_esp.cube'... mode     2
Reading 'data/gaussian_55_water_pbe0_adz_esp.cube'... mode     2
Reading 'data/gaussian_56_water_pbe0_adz_esp.cube'... mode     2
Reading 'data/gaussian_57_water_pbe0_adz_esp.cube'... mode     2
Reading 'data/gaussian_58_water_pbe0_adz_esp.cube'... mode     2
Reading 'data/gaussian_59_water_pbe0_adz_esp.cube'... mode     2
Reading 'data/gaussian_60_water_pbe0_adz_esp.cube'... mode     2
Reading 'data/gaussian_61_water_pbe0_adz_esp.cube'... mode     2
Reading 'data/gaussian_62_water_pbe0_adz_esp.cube'... mode     2
Reading 'data/gaussian_63_water_pbe0_adz_esp.cube'... mode     2
Reading 'data/gaussian_64_water_pbe0_adz_esp.cube'... mode     2
Reading 'data/gaussian_65_water_pbe0_adz_esp.cube'... mode     2
Reading 'data/gaussian_66_water_pbe0_adz_esp.cube'... mode     2
Reading 'data/gaussian_67_water_pbe0_adz_esp.cube'... mode     2
Reading 'data/gaussian_68_water_pbe0_adz_esp.cube'... mode     2
Reading 'data/gaussian_69_water_pbe0_adz_esp.cube'... mode     2
Reading 'data/gaussian_70_water_pbe0_adz_esp.cube'... mode     2
Reading 'data/gaussian_71_water_pbe0_adz_esp.cube'... mode     2
Reading 'data/gaussian_72_water_pbe0_adz_esp.cube'... mode     2
Reading 'data/gaussian_73_water_pbe0_adz_esp.cube'... mode     2
Reading 'data/gaussian_74_water_pbe0_adz_esp.cube'... mode     2
Reading 'data/gaussian_75_water_pbe0_adz_esp.cube'... mode     2
Reading 'data/gaussian_76_water_pbe0_adz_esp.cube'... mode     2
Reading 'data/gaussian_77_water_pbe0_adz_esp.cube'... mode     2
Reading 'data/gaussian_78_water_pbe0_adz_esp.cube'... mode     2
Reading 'data/gaussian_79_water_pbe0_adz_esp.cube'... mode     2
Reading 'data/gaussian_80_water_pbe0_adz_esp.cube'... mode     2
Reading 'data/gaussian_81_water_pbe0_adz_esp.cube'... mode     2
Reading 'data/gaussian_82_water_pbe0_adz_esp.cube'... mode     2
Reading 'data/gaussian_83_water_pbe0_adz_esp.cube'... mode     2
Reading 'data/gaussian_84_water_pbe0_adz_esp.cube'... mode     2
Reading 'data/gaussian_85_water_pbe0_adz_esp.cube'... mode     2
Reading 'data/gaussian_86_water_pbe0_adz_esp.cube'... mode     2
Reading 'data/gaussian_87_water_pbe0_adz_esp.cube'... mode     2
Reading 'data/gaussian_88_water_pbe0_adz_esp.cube'... mode     2
Reading 'data/gaussian_89_water_pbe0_adz_esp.cube'... mode     2
Reading 'data/gaussian_90_water_pbe0_adz_esp.cube'... mode     2
Reading 'data/gaussian_91_water_pbe0_adz_esp.cube'... mode     2
Reading 'data/gaussian_92_water_pbe0_adz_esp.cube'... mode     2
Reading 'data/gaussian_93_water_pbe0_adz_esp.cube'... mode     2
Reading 'data/gaussian_94_water_pbe0_adz_esp.cube'... mode     2
Reading 'data/gaussian_95_water_pbe0_adz_esp.cube'... mode     2
Reading 'data/gaussian_96_water_pbe0_adz_esp.cube'... mode     2
Reading 'data/gaussian_97_water_pbe0_adz_esp.cube'... mode     2
Reading 'data/gaussian_98_water_pbe0_adz_esp.cube'... mode     2
Reading 'data/gaussian_99_water_pbe0_adz_esp.cube'... mode     2
Reading 'data/gaussian_100_water_pbe0_adz_esp.cube'... mode     2
Reading 'data/gaussian_101_water_pbe0_adz_esp.cube'... mode     2
Reading 'data/gaussian_102_water_pbe0_adz_esp.cube'... mode     2
Reading 'data/gaussian_103_water_pbe0_adz_esp.cube'... mode     2
Reading 'data/gaussian_104_water_pbe0_adz_esp.cube'... mode     2
Reading 'data/gaussian_105_water_pbe0_adz_esp.cube'... mode     2
Reading 'data/gaussian_106_water_pbe0_adz_esp.cube'... mode     2
Reading 'data/gaussian_107_water_pbe0_adz_esp.cube'... mode     2
Reading 'data/gaussian_108_water_pbe0_adz_esp.cube'... mode     2
Reading 'data/gaussian_109_water_pbe0_adz_esp.cube'... mode     2
Reading 'data/gaussian_110_water_pbe0_adz_esp.cube'... mode     2
Reading 'data/gaussian_111_water_pbe0_adz_esp.cube'... mode     2
Reading 'data/gaussian_112_water_pbe0_adz_esp.cube'... mode     2
Reading 'data/gaussian_113_water_pbe0_adz_esp.cube'... mode     2
Reading 'data/gaussian_114_water_pbe0_adz_esp.cube'... mode     2
Reading 'data/gaussian_115_water_pbe0_adz_esp.cube'... mode     2
Reading 'data/gaussian_116_water_pbe0_adz_esp.cube'... mode     2
Reading 'data/gaussian_117_water_pbe0_adz_esp.cube'... mode     2
Reading 'data/gaussian_118_water_pbe0_adz_esp.cube'... mode     2
Reading 'data/gaussian_119_water_pbe0_adz_esp.cube'... mode     2
Reading 'data/gaussian_120_water_pbe0_adz_esp.cube'... mode     2
Reading 'data/gaussian_121_water_pbe0_adz_esp.cube'... mode     2
Reading 'data/gaussian_122_water_pbe0_adz_esp.cube'... mode     2
Reading 'data/gaussian_123_water_pbe0_adz_esp.cube'... mode     2
Reading 'data/gaussian_124_water_pbe0_adz_esp.cube'... mode     2
Reading 'data/gaussian_125_water_pbe0_adz_esp.cube'... mode     2
Reading 'data/gaussian_126_water_pbe0_adz_esp.cube'... mode     2
Reading 'data/gaussian_127_water_pbe0_adz_esp.cube'... mode     2
Reading 'data/gaussian_128_water_pbe0_adz_esp.cube'... mode     2
Reading 'data/gaussian_129_water_pbe0_adz_esp.cube'... mode     2
Reading 'data/gaussian_130_water_pbe0_adz_esp.cube'... mode     2
Reading 'data/gaussian_131_water_pbe0_adz_esp.cube'... mode     2
Reading 'data/gaussian_132_water_pbe0_adz_esp.cube'... mode     2
Reading 'data/gaussian_133_water_pbe0_adz_esp.cube'... mode     2
Reading 'data/gaussian_134_water_pbe0_adz_esp.cube'... mode     2
Reading 'data/gaussian_135_water_pbe0_adz_esp.cube'... mode     2
Reading 'data/gaussian_136_water_pbe0_adz_esp.cube'... mode     2
Reading 'data/gaussian_137_water_pbe0_adz_esp.cube'... mode     2
Reading 'data/gaussian_138_water_pbe0_adz_esp.cube'... mode     2
Reading 'data/gaussian_139_water_pbe0_adz_esp.cube'... mode     2
Reading 'data/gaussian_140_water_pbe0_adz_esp.cube'... mode     2
Reading 'data/gaussian_141_water_pbe0_adz_esp.cube'... mode     2
Reading 'data/gaussian_142_water_pbe0_adz_esp.cube'... mode     2
Reading 'data/gaussian_143_water_pbe0_adz_esp.cube'... mode     2
Reading 'data/gaussian_144_water_pbe0_adz_esp.cube'... mode     2
Reading 'data/gaussian_145_water_pbe0_adz_esp.cube'... mode     2
Reading 'data/gaussian_146_water_pbe0_adz_esp.cube'... mode     2
Reading 'data/gaussian_147_water_pbe0_adz_esp.cube'... mode     2
Reading 'data/gaussian_148_water_pbe0_adz_esp.cube'... mode     2
Reading 'data/gaussian_149_water_pbe0_adz_esp.cube'... mode     2
Reading 'data/gaussian_150_water_pbe0_adz_esp.cube'... mode     2
Reading 'data/gaussian_151_water_pbe0_adz_esp.cube'... mode     2
Reading 'data/gaussian_152_water_pbe0_adz_esp.cube'... mode     2
Reading 'data/gaussian_153_water_pbe0_adz_esp.cube'... mode     2
Reading 'data/gaussian_154_water_pbe0_adz_esp.cube'... mode     2
Reading 'data/gaussian_155_water_pbe0_adz_esp.cube'... mode     2
Reading 'data/gaussian_156_water_pbe0_adz_esp.cube'... mode     2
Reading 'data/gaussian_157_water_pbe0_adz_esp.cube'... mode     2
Reading 'data/gaussian_158_water_pbe0_adz_esp.cube'... mode     2
Reading 'data/gaussian_159_water_pbe0_adz_esp.cube'... mode     2
Reading 'data/gaussian_160_water_pbe0_adz_esp.cube'... mode     2
Reading 'data/gaussian_161_water_pbe0_adz_esp.cube'... mode     2
Reading 'data/gaussian_162_water_pbe0_adz_esp.cube'... mode     2
Reading 'data/gaussian_163_water_pbe0_adz_esp.cube'... mode     2
Reading 'data/gaussian_164_water_pbe0_adz_esp.cube'... mode     2
Reading 'data/gaussian_165_water_pbe0_adz_esp.cube'... mode     2
Reading 'data/gaussian_166_water_pbe0_adz_esp.cube'... mode     2
Reading 'data/gaussian_167_water_pbe0_adz_esp.cube'... mode     2
Reading 'data/gaussian_168_water_pbe0_adz_esp.cube'... mode     2
Reading 'data/gaussian_169_water_pbe0_adz_esp.cube'... mode     2
Reading 'data/gaussian_170_water_pbe0_adz_esp.cube'... mode     2
Reading 'data/gaussian_171_water_pbe0_adz_esp.cube'... mode     2
Reading 'data/gaussian_172_water_pbe0_adz_esp.cube'... mode     2
Reading 'data/gaussian_173_water_pbe0_adz_esp.cube'... mode     2
Reading 'data/gaussian_174_water_pbe0_adz_esp.cube'... mode     2
Reading 'data/gaussian_175_water_pbe0_adz_esp.cube'... mode     2
Reading 'data/gaussian_176_water_pbe0_adz_esp.cube'... mode     2
Reading 'data/gaussian_177_water_pbe0_adz_esp.cube'... mode     2
Reading 'data/gaussian_178_water_pbe0_adz_esp.cube'... mode     2
Reading 'data/gaussian_179_water_pbe0_adz_esp.cube'... mode     2
Reading 'data/gaussian_0_water_pbe0_adz_esp.cube'... mode     3
Reading 'data/gaussian_1_water_pbe0_adz_esp.cube'... mode     3
Reading 'data/gaussian_2_water_pbe0_adz_esp.cube'... mode     3
Reading 'data/gaussian_3_water_pbe0_adz_esp.cube'... mode     3
Reading 'data/gaussian_4_water_pbe0_adz_esp.cube'... mode     3
Reading 'data/gaussian_5_water_pbe0_adz_esp.cube'... mode     3
Reading 'data/gaussian_6_water_pbe0_adz_esp.cube'... mode     3
Reading 'data/gaussian_7_water_pbe0_adz_esp.cube'... mode     3
Reading 'data/gaussian_8_water_pbe0_adz_esp.cube'... mode     3
Reading 'data/gaussian_9_water_pbe0_adz_esp.cube'... mode     3
Reading 'data/gaussian_10_water_pbe0_adz_esp.cube'... mode     3
Reading 'data/gaussian_11_water_pbe0_adz_esp.cube'... mode     3
Reading 'data/gaussian_12_water_pbe0_adz_esp.cube'... mode     3
Reading 'data/gaussian_13_water_pbe0_adz_esp.cube'... mode     3
Reading 'data/gaussian_14_water_pbe0_adz_esp.cube'... mode     3
Reading 'data/gaussian_15_water_pbe0_adz_esp.cube'... mode     3
Reading 'data/gaussian_16_water_pbe0_adz_esp.cube'... mode     3
Reading 'data/gaussian_17_water_pbe0_adz_esp.cube'... mode     3
Reading 'data/gaussian_18_water_pbe0_adz_esp.cube'... mode     3
Reading 'data/gaussian_19_water_pbe0_adz_esp.cube'... mode     3
Reading 'data/gaussian_20_water_pbe0_adz_esp.cube'... mode     3
Reading 'data/gaussian_21_water_pbe0_adz_esp.cube'... mode     3
Reading 'data/gaussian_22_water_pbe0_adz_esp.cube'... mode     3
Reading 'data/gaussian_23_water_pbe0_adz_esp.cube'... mode     3
Reading 'data/gaussian_24_water_pbe0_adz_esp.cube'... mode     3
Reading 'data/gaussian_25_water_pbe0_adz_esp.cube'... mode     3
Reading 'data/gaussian_26_water_pbe0_adz_esp.cube'... mode     3
Reading 'data/gaussian_27_water_pbe0_adz_esp.cube'... mode     3
Reading 'data/gaussian_28_water_pbe0_adz_esp.cube'... mode     3
Reading 'data/gaussian_29_water_pbe0_adz_esp.cube'... mode     3
Reading 'data/gaussian_30_water_pbe0_adz_esp.cube'... mode     3
Reading 'data/gaussian_31_water_pbe0_adz_esp.cube'... mode     3
Reading 'data/gaussian_32_water_pbe0_adz_esp.cube'... mode     3
Reading 'data/gaussian_33_water_pbe0_adz_esp.cube'... mode     3
Reading 'data/gaussian_34_water_pbe0_adz_esp.cube'... mode     3
Reading 'data/gaussian_35_water_pbe0_adz_esp.cube'... mode     3
Reading 'data/gaussian_36_water_pbe0_adz_esp.cube'... mode     3
Reading 'data/gaussian_37_water_pbe0_adz_esp.cube'... mode     3
Reading 'data/gaussian_38_water_pbe0_adz_esp.cube'... mode     3
Reading 'data/gaussian_39_water_pbe0_adz_esp.cube'... mode     3
Reading 'data/gaussian_40_water_pbe0_adz_esp.cube'... mode     3
Reading 'data/gaussian_41_water_pbe0_adz_esp.cube'... mode     3
Reading 'data/gaussian_42_water_pbe0_adz_esp.cube'... mode     3
Reading 'data/gaussian_43_water_pbe0_adz_esp.cube'... mode     3
Reading 'data/gaussian_44_water_pbe0_adz_esp.cube'... mode     3
Reading 'data/gaussian_45_water_pbe0_adz_esp.cube'... mode     3
Reading 'data/gaussian_46_water_pbe0_adz_esp.cube'... mode     3
Reading 'data/gaussian_47_water_pbe0_adz_esp.cube'... mode     3
Reading 'data/gaussian_48_water_pbe0_adz_esp.cube'... mode     3
Reading 'data/gaussian_49_water_pbe0_adz_esp.cube'... mode     3
Reading 'data/gaussian_50_water_pbe0_adz_esp.cube'... mode     3
Reading 'data/gaussian_51_water_pbe0_adz_esp.cube'... mode     3
Reading 'data/gaussian_52_water_pbe0_adz_esp.cube'... mode     3
Reading 'data/gaussian_53_water_pbe0_adz_esp.cube'... mode     3
Reading 'data/gaussian_54_water_pbe0_adz_esp.cube'... mode     3
Reading 'data/gaussian_55_water_pbe0_adz_esp.cube'... mode     3
Reading 'data/gaussian_56_water_pbe0_adz_esp.cube'... mode     3
Reading 'data/gaussian_57_water_pbe0_adz_esp.cube'... mode     3
Reading 'data/gaussian_58_water_pbe0_adz_esp.cube'... mode     3
Reading 'data/gaussian_59_water_pbe0_adz_esp.cube'... mode     3
Reading 'data/gaussian_60_water_pbe0_adz_esp.cube'... mode     3
Reading 'data/gaussian_61_water_pbe0_adz_esp.cube'... mode     3
Reading 'data/gaussian_62_water_pbe0_adz_esp.cube'... mode     3
Reading 'data/gaussian_63_water_pbe0_adz_esp.cube'... mode     3
Reading 'data/gaussian_64_water_pbe0_adz_esp.cube'... mode     3
Reading 'data/gaussian_65_water_pbe0_adz_esp.cube'... mode     3
Reading 'data/gaussian_66_water_pbe0_adz_esp.cube'... mode     3
Reading 'data/gaussian_67_water_pbe0_adz_esp.cube'... mode     3
Reading 'data/gaussian_68_water_pbe0_adz_esp.cube'... mode     3
Reading 'data/gaussian_69_water_pbe0_adz_esp.cube'... mode     3
Reading 'data/gaussian_70_water_pbe0_adz_esp.cube'... mode     3
Reading 'data/gaussian_71_water_pbe0_adz_esp.cube'... mode     3
Reading 'data/gaussian_72_water_pbe0_adz_esp.cube'... mode     3
Reading 'data/gaussian_73_water_pbe0_adz_esp.cube'... mode     3
Reading 'data/gaussian_74_water_pbe0_adz_esp.cube'... mode     3
Reading 'data/gaussian_75_water_pbe0_adz_esp.cube'... mode     3
Reading 'data/gaussian_76_water_pbe0_adz_esp.cube'... mode     3
Reading 'data/gaussian_77_water_pbe0_adz_esp.cube'... mode     3
Reading 'data/gaussian_78_water_pbe0_adz_esp.cube'... mode     3
Reading 'data/gaussian_79_water_pbe0_adz_esp.cube'... mode     3
Reading 'data/gaussian_80_water_pbe0_adz_esp.cube'... mode     3
Reading 'data/gaussian_81_water_pbe0_adz_esp.cube'... mode     3
Reading 'data/gaussian_82_water_pbe0_adz_esp.cube'... mode     3
Reading 'data/gaussian_83_water_pbe0_adz_esp.cube'... mode     3
Reading 'data/gaussian_84_water_pbe0_adz_esp.cube'... mode     3
Reading 'data/gaussian_85_water_pbe0_adz_esp.cube'... mode     3
Reading 'data/gaussian_86_water_pbe0_adz_esp.cube'... mode     3
Reading 'data/gaussian_87_water_pbe0_adz_esp.cube'... mode     3
Reading 'data/gaussian_88_water_pbe0_adz_esp.cube'... mode     3
Reading 'data/gaussian_89_water_pbe0_adz_esp.cube'... mode     3
Reading 'data/gaussian_90_water_pbe0_adz_esp.cube'... mode     3
Reading 'data/gaussian_91_water_pbe0_adz_esp.cube'... mode     3
Reading 'data/gaussian_92_water_pbe0_adz_esp.cube'... mode     3
Reading 'data/gaussian_93_water_pbe0_adz_esp.cube'... mode     3
Reading 'data/gaussian_94_water_pbe0_adz_esp.cube'... mode     3
Reading 'data/gaussian_95_water_pbe0_adz_esp.cube'... mode     3
Reading 'data/gaussian_96_water_pbe0_adz_esp.cube'... mode     3
Reading 'data/gaussian_97_water_pbe0_adz_esp.cube'... mode     3
Reading 'data/gaussian_98_water_pbe0_adz_esp.cube'... mode     3
Reading 'data/gaussian_99_water_pbe0_adz_esp.cube'... mode     3
Reading 'data/gaussian_100_water_pbe0_adz_esp.cube'... mode     3
Reading 'data/gaussian_101_water_pbe0_adz_esp.cube'... mode     3
Reading 'data/gaussian_102_water_pbe0_adz_esp.cube'... mode     3
Reading 'data/gaussian_103_water_pbe0_adz_esp.cube'... mode     3
Reading 'data/gaussian_104_water_pbe0_adz_esp.cube'... mode     3
Reading 'data/gaussian_105_water_pbe0_adz_esp.cube'... mode     3
Reading 'data/gaussian_106_water_pbe0_adz_esp.cube'... mode     3
Reading 'data/gaussian_107_water_pbe0_adz_esp.cube'... mode     3
Reading 'data/gaussian_108_water_pbe0_adz_esp.cube'... mode     3
Reading 'data/gaussian_109_water_pbe0_adz_esp.cube'... mode     3
Reading 'data/gaussian_110_water_pbe0_adz_esp.cube'... mode     3
Reading 'data/gaussian_111_water_pbe0_adz_esp.cube'... mode     3
Reading 'data/gaussian_112_water_pbe0_adz_esp.cube'... mode     3
Reading 'data/gaussian_113_water_pbe0_adz_esp.cube'... mode     3
Reading 'data/gaussian_114_water_pbe0_adz_esp.cube'... mode     3
Reading 'data/gaussian_115_water_pbe0_adz_esp.cube'... mode     3
Reading 'data/gaussian_116_water_pbe0_adz_esp.cube'... mode     3
Reading 'data/gaussian_117_water_pbe0_adz_esp.cube'... mode     3
Reading 'data/gaussian_118_water_pbe0_adz_esp.cube'... mode     3
Reading 'data/gaussian_119_water_pbe0_adz_esp.cube'... mode     3
Reading 'data/gaussian_120_water_pbe0_adz_esp.cube'... mode     3
Reading 'data/gaussian_121_water_pbe0_adz_esp.cube'... mode     3
Reading 'data/gaussian_122_water_pbe0_adz_esp.cube'... mode     3
Reading 'data/gaussian_123_water_pbe0_adz_esp.cube'... mode     3
Reading 'data/gaussian_124_water_pbe0_adz_esp.cube'... mode     3
Reading 'data/gaussian_125_water_pbe0_adz_esp.cube'... mode     3
Reading 'data/gaussian_126_water_pbe0_adz_esp.cube'... mode     3
Reading 'data/gaussian_127_water_pbe0_adz_esp.cube'... mode     3
Reading 'data/gaussian_128_water_pbe0_adz_esp.cube'... mode     3
Reading 'data/gaussian_129_water_pbe0_adz_esp.cube'... mode     3
Reading 'data/gaussian_130_water_pbe0_adz_esp.cube'... mode     3
Reading 'data/gaussian_131_water_pbe0_adz_esp.cube'... mode     3
Reading 'data/gaussian_132_water_pbe0_adz_esp.cube'... mode     3
Reading 'data/gaussian_133_water_pbe0_adz_esp.cube'... mode     3
Reading 'data/gaussian_134_water_pbe0_adz_esp.cube'... mode     3
Reading 'data/gaussian_135_water_pbe0_adz_esp.cube'... mode     3
Reading 'data/gaussian_136_water_pbe0_adz_esp.cube'... mode     3
Reading 'data/gaussian_137_water_pbe0_adz_esp.cube'... mode     3
Reading 'data/gaussian_138_water_pbe0_adz_esp.cube'... mode     3
Reading 'data/gaussian_139_water_pbe0_adz_esp.cube'... mode     3
Reading 'data/gaussian_140_water_pbe0_adz_esp.cube'... mode     3
Reading 'data/gaussian_141_water_pbe0_adz_esp.cube'... mode     3
Reading 'data/gaussian_142_water_pbe0_adz_esp.cube'... mode     3
Reading 'data/gaussian_143_water_pbe0_adz_esp.cube'... mode     3
Reading 'data/gaussian_144_water_pbe0_adz_esp.cube'... mode     3
Reading 'data/gaussian_145_water_pbe0_adz_esp.cube'... mode     3
Reading 'data/gaussian_146_water_pbe0_adz_esp.cube'... mode     3
Reading 'data/gaussian_147_water_pbe0_adz_esp.cube'... mode     3
Reading 'data/gaussian_148_water_pbe0_adz_esp.cube'... mode     3
Reading 'data/gaussian_149_water_pbe0_adz_esp.cube'... mode     3
Reading 'data/gaussian_150_water_pbe0_adz_esp.cube'... mode     3
Reading 'data/gaussian_151_water_pbe0_adz_esp.cube'... mode     3
Reading 'data/gaussian_152_water_pbe0_adz_esp.cube'... mode     3
Reading 'data/gaussian_153_water_pbe0_adz_esp.cube'... mode     3
Reading 'data/gaussian_154_water_pbe0_adz_esp.cube'... mode     3
Reading 'data/gaussian_155_water_pbe0_adz_esp.cube'... mode     3
Reading 'data/gaussian_156_water_pbe0_adz_esp.cube'... mode     3
Reading 'data/gaussian_157_water_pbe0_adz_esp.cube'... mode     3
Reading 'data/gaussian_158_water_pbe0_adz_esp.cube'... mode     3
Reading 'data/gaussian_159_water_pbe0_adz_esp.cube'... mode     3
Reading 'data/gaussian_160_water_pbe0_adz_esp.cube'... mode     3
Reading 'data/gaussian_161_water_pbe0_adz_esp.cube'... mode     3
Reading 'data/gaussian_162_water_pbe0_adz_esp.cube'... mode     3
Reading 'data/gaussian_163_water_pbe0_adz_esp.cube'... mode     3
Reading 'data/gaussian_164_water_pbe0_adz_esp.cube'... mode     3
Reading 'data/gaussian_165_water_pbe0_adz_esp.cube'... mode     3
Reading 'data/gaussian_166_water_pbe0_adz_esp.cube'... mode     3
Reading 'data/gaussian_167_water_pbe0_adz_esp.cube'... mode     3
Reading 'data/gaussian_168_water_pbe0_adz_esp.cube'... mode     3
Reading 'data/gaussian_169_water_pbe0_adz_esp.cube'... mode     3
Reading 'data/gaussian_170_water_pbe0_adz_esp.cube'... mode     3
Reading 'data/gaussian_171_water_pbe0_adz_esp.cube'... mode     3
Reading 'data/gaussian_172_water_pbe0_adz_esp.cube'... mode     3
Reading 'data/gaussian_173_water_pbe0_adz_esp.cube'... mode     3
Reading 'data/gaussian_174_water_pbe0_adz_esp.cube'... mode     3
Reading 'data/gaussian_175_water_pbe0_adz_esp.cube'... mode     3
Reading 'data/gaussian_176_water_pbe0_adz_esp.cube'... mode     3
Reading 'data/gaussian_177_water_pbe0_adz_esp.cube'... mode     3
Reading 'data/gaussian_178_water_pbe0_adz_esp.cube'... mode     3
Reading 'data/gaussian_179_water_pbe0_adz_esp.cube'... mode     3
Reading 'source/water_pc.dcm'...
Start computing local axis systems ...
Reading 'data/gaussian_0_water_pbe0_adz_esp.cube'... mode     4
Reading 'data/gaussian_1_water_pbe0_adz_esp.cube'... mode     4
Reading 'data/gaussian_2_water_pbe0_adz_esp.cube'... mode     4
Reading 'data/gaussian_3_water_pbe0_adz_esp.cube'... mode     4
Reading 'data/gaussian_4_water_pbe0_adz_esp.cube'... mode     4
Reading 'data/gaussian_5_water_pbe0_adz_esp.cube'... mode     4
Reading 'data/gaussian_6_water_pbe0_adz_esp.cube'... mode     4
Reading 'data/gaussian_7_water_pbe0_adz_esp.cube'... mode     4
Reading 'data/gaussian_8_water_pbe0_adz_esp.cube'... mode     4
Reading 'data/gaussian_9_water_pbe0_adz_esp.cube'... mode     4
Reading 'data/gaussian_10_water_pbe0_adz_esp.cube'... mode     4
Reading 'data/gaussian_11_water_pbe0_adz_esp.cube'... mode     4
Reading 'data/gaussian_12_water_pbe0_adz_esp.cube'... mode     4
Reading 'data/gaussian_13_water_pbe0_adz_esp.cube'... mode     4
Reading 'data/gaussian_14_water_pbe0_adz_esp.cube'... mode     4
Reading 'data/gaussian_15_water_pbe0_adz_esp.cube'... mode     4
Reading 'data/gaussian_16_water_pbe0_adz_esp.cube'... mode     4
Reading 'data/gaussian_17_water_pbe0_adz_esp.cube'... mode     4
Reading 'data/gaussian_18_water_pbe0_adz_esp.cube'... mode     4
Reading 'data/gaussian_19_water_pbe0_adz_esp.cube'... mode     4
Reading 'data/gaussian_20_water_pbe0_adz_esp.cube'... mode     4
Reading 'data/gaussian_21_water_pbe0_adz_esp.cube'... mode     4
Reading 'data/gaussian_22_water_pbe0_adz_esp.cube'... mode     4
Reading 'data/gaussian_23_water_pbe0_adz_esp.cube'... mode     4
Reading 'data/gaussian_24_water_pbe0_adz_esp.cube'... mode     4
Reading 'data/gaussian_25_water_pbe0_adz_esp.cube'... mode     4
Reading 'data/gaussian_26_water_pbe0_adz_esp.cube'... mode     4
Reading 'data/gaussian_27_water_pbe0_adz_esp.cube'... mode     4
Reading 'data/gaussian_28_water_pbe0_adz_esp.cube'... mode     4
Reading 'data/gaussian_29_water_pbe0_adz_esp.cube'... mode     4
Reading 'data/gaussian_30_water_pbe0_adz_esp.cube'... mode     4
Reading 'data/gaussian_31_water_pbe0_adz_esp.cube'... mode     4
Reading 'data/gaussian_32_water_pbe0_adz_esp.cube'... mode     4
Reading 'data/gaussian_33_water_pbe0_adz_esp.cube'... mode     4
Reading 'data/gaussian_34_water_pbe0_adz_esp.cube'... mode     4
Reading 'data/gaussian_35_water_pbe0_adz_esp.cube'... mode     4
Reading 'data/gaussian_36_water_pbe0_adz_esp.cube'... mode     4
Reading 'data/gaussian_37_water_pbe0_adz_esp.cube'... mode     4
Reading 'data/gaussian_38_water_pbe0_adz_esp.cube'... mode     4
Reading 'data/gaussian_39_water_pbe0_adz_esp.cube'... mode     4
Reading 'data/gaussian_40_water_pbe0_adz_esp.cube'... mode     4
Reading 'data/gaussian_41_water_pbe0_adz_esp.cube'... mode     4
Reading 'data/gaussian_42_water_pbe0_adz_esp.cube'... mode     4
Reading 'data/gaussian_43_water_pbe0_adz_esp.cube'... mode     4
Reading 'data/gaussian_44_water_pbe0_adz_esp.cube'... mode     4
Reading 'data/gaussian_45_water_pbe0_adz_esp.cube'... mode     4
Reading 'data/gaussian_46_water_pbe0_adz_esp.cube'... mode     4
Reading 'data/gaussian_47_water_pbe0_adz_esp.cube'... mode     4
Reading 'data/gaussian_48_water_pbe0_adz_esp.cube'... mode     4
Reading 'data/gaussian_49_water_pbe0_adz_esp.cube'... mode     4
Reading 'data/gaussian_50_water_pbe0_adz_esp.cube'... mode     4
Reading 'data/gaussian_51_water_pbe0_adz_esp.cube'... mode     4
Reading 'data/gaussian_52_water_pbe0_adz_esp.cube'... mode     4
Reading 'data/gaussian_53_water_pbe0_adz_esp.cube'... mode     4
Reading 'data/gaussian_54_water_pbe0_adz_esp.cube'... mode     4
Reading 'data/gaussian_55_water_pbe0_adz_esp.cube'... mode     4
Reading 'data/gaussian_56_water_pbe0_adz_esp.cube'... mode     4
Reading 'data/gaussian_57_water_pbe0_adz_esp.cube'... mode     4
Reading 'data/gaussian_58_water_pbe0_adz_esp.cube'... mode     4
Reading 'data/gaussian_59_water_pbe0_adz_esp.cube'... mode     4
Reading 'data/gaussian_60_water_pbe0_adz_esp.cube'... mode     4
Reading 'data/gaussian_61_water_pbe0_adz_esp.cube'... mode     4
Reading 'data/gaussian_62_water_pbe0_adz_esp.cube'... mode     4
Reading 'data/gaussian_63_water_pbe0_adz_esp.cube'... mode     4
Reading 'data/gaussian_64_water_pbe0_adz_esp.cube'... mode     4
Reading 'data/gaussian_65_water_pbe0_adz_esp.cube'... mode     4
Reading 'data/gaussian_66_water_pbe0_adz_esp.cube'... mode     4
Reading 'data/gaussian_67_water_pbe0_adz_esp.cube'... mode     4
Reading 'data/gaussian_68_water_pbe0_adz_esp.cube'... mode     4
Reading 'data/gaussian_69_water_pbe0_adz_esp.cube'... mode     4
Reading 'data/gaussian_70_water_pbe0_adz_esp.cube'... mode     4
Reading 'data/gaussian_71_water_pbe0_adz_esp.cube'... mode     4
Reading 'data/gaussian_72_water_pbe0_adz_esp.cube'... mode     4
Reading 'data/gaussian_73_water_pbe0_adz_esp.cube'... mode     4
Reading 'data/gaussian_74_water_pbe0_adz_esp.cube'... mode     4
Reading 'data/gaussian_75_water_pbe0_adz_esp.cube'... mode     4
Reading 'data/gaussian_76_water_pbe0_adz_esp.cube'... mode     4
Reading 'data/gaussian_77_water_pbe0_adz_esp.cube'... mode     4
Reading 'data/gaussian_78_water_pbe0_adz_esp.cube'... mode     4
Reading 'data/gaussian_79_water_pbe0_adz_esp.cube'... mode     4
Reading 'data/gaussian_80_water_pbe0_adz_esp.cube'... mode     4
Reading 'data/gaussian_81_water_pbe0_adz_esp.cube'... mode     4
system_label
--------------
type(str):
  Label tag of your system for file identification.
  Each written file includes this label.
Your input:  water_pbe0_adz

system_file_coord
-------------------
type(str):
  Path to a cartesian 'xyz' or z-matrix 'zmat' file.
Your input:  source/water.xyz

system_file_type
------------------
type(str): ('xyz', 'zmat'), default 'xyz'
  Type identifier of your coordinate file as
  cartesian 'xyz' or z-matrix 'zmat' file.
Your input:  xyz

system_total_charge
---------------------
type(int), optional: default '0'
  Total charge of your system.
  Only integer charges are possible.
Your input:  0

system_spin_multiplicity
--------------------------
type(int), optional: default '1'
  Spin multiplicity of your system.
  The multiplicity is related to your total spin S by:
    multiplicity = 2*S + 1
Your input:  1

scan_dofs
-----------
type(list), optional: default 'None'
  List defining the degrees of freedom to scan over.
  In case of 'xyz' coordination file format, the list
  must contain sublists of atom indices. The length of the
  sublist defines the type 'bond', 'angle', 'dihedral'.
  To match the parameter value, only the respectively last
  atom in the list is moved.
    Example:
      scan_dofs = [
          [0, 1],        # <- Bond between atom 0 and 1
          [1, 0, 2],     # <- Angle between atoms 1<-0->2
          [2, 0, 1, 3]   # <- Dihedral angle
      ]
  In case of 'zmat' coordination file format, the list
  must contain sublists of the respective variable label
  in the zmat file and the type definition.
    Example:
      Z-matrix file:
        O
        O 1 dOO
        H 1 dHO1 2 aHOO1
        H 2 dHO2 1 aHOO2 3 dihHOOH

        dOO     = 1.2
        dHO1    = 1.0
        dHO2    = 1.0
        aHOO1   = 60.0
        aHOO2   = 60.0
        dihHOOH = 180.0
      ----
      scan_dofs = [
          ['dOO', 'bond'],
          ['aHOO1', 'angle'],
          ['dihHOOH', 'dihdral'],
      ]
  If scan_dofs is not defined or as None, only the system
  conformation in the coordinate file is evaluated.
Your input:  [[0, 1], [0, 2], [1, 0, 2]]

scan_steps
------------
type(list), optional: default 'None'
  List defining the grid steps for the degrees of freedom
  defined in 'scan_dofs'. Bonds are given in Angstrom and
  angular parameter in degree.
    Example (see example coordinates in 'scan_dofs'):
      scan_steps = [
          [0.9, 1.0, 1.1],    # <- Bond distances
          [50, 60, 70, 80],   # <- Angles
          [0., 90., 180.]     # <- Dihedral angles
      ]
  If scan_steps is not defined or as None, only the system
  conformation in the coordinate file is evaluated.
Your input:  [[0.909, 0.959, 1.009], [0.909, 0.959, 1.009], array([ 84.45,  86.45,  88.45,  90.45,  92.45,  94.45,  96.45,  98.45,
       100.45, 102.45, 104.45, 106.45, 108.45, 110.45, 112.45, 114.45,
       116.45, 118.45, 120.45, 122.45])]

scan_constrained_opt
----------------------
type(bool), optional: default 'False'
  Whether if perform constrained optimization for each
  grid point in the scan or just single point.
Your input:  False

scan_write_esp_cube
---------------------
type(bool), optional: default 'True'
  Write a cube file with the electrostatic potential.

scan_write_dens_cube
----------------------
type(bool), optional: default 'True'
  Write a cube file with the electron density.

scan_qm_program
-----------------
type(str), optional: default 'Gaussian'
  QM calculation program for evaluating potential,
  electron density and ESP.
Your input:  Gaussian

scan_qm_method
----------------
type(str), optional: default 'HF'
  QM method, see documentation for available methods with
  the respective QM program.
Your input:  PBE1PBE

scan_qm_basis_set
-------------------
type(str), optional: default 'cc-pVDZ'
  QM atom centred basis set, see documentation for
  available basis set in the respective QM program.
Your input:  aug-cc-pVDZ

scan_parallel_tasks
---------------------
type(int), optional: default '1'
  Number of parallel QM calculations on your machine.
Your input:  10

scan_cpus_per_task
--------------------
type(int), optional: default '1'
  Number of available CPUs per task.
Your input:  4

scan_memory_per_task
----------------------
type(int), optional: default '1000'
  Amount of requested memory per single CPU in MB.
  In general, declared memory available in the QM programm
  is usually just 90% of the total memory declared in the
  bash script file.
Your input:  1600

scan_overwrite
----------------
type(bool), optional: default 'False'
  Whether to recompute the system at grid points even if 
  all output files are given and viable (successful run).
Your input:  False

scan_time_check_tasks
-----------------------
type(int), optional: default '60'
  Time delay in seconds to check the status of the tasks
  and submit next ones.
Your input:  10

54.1852500495591
54.1852500495591
[54.30761441 54.32361705 54.318589   54.31736253 54.32573891 54.33262494
 54.33525473 54.34704784 54.35522545 54.35823351 54.35276469 54.35322391
 54.38191381 54.3961611  54.41661421 54.43947573 54.45575049 54.46761797
 54.47705931 54.49714137 54.20686575 54.20473195 54.20280879 54.21753522
 54.23251125 54.24973867 54.25267085 54.24830002 54.24802756 54.25389121
 54.28237855 54.28984125 54.30099563 54.3182362  54.33085413 54.34758384
 54.35414631 54.37160876 54.39473265 54.41501771 54.09851729 54.09726832
 54.10367164 54.11096652 54.10435835 54.11230293 54.12008256 54.12191564
 54.14218895 54.16131222 54.178021   54.20123085 54.22064446 54.22679745
 54.23976547 54.25631199 54.26973435 54.2853902  54.30897745 54.318309
 54.20729989 54.19379948 54.19701326 54.20523857 54.2147642  54.22810502
 54.24739422 54.24730818 54.24271943 54.24613683 54.26108724 54.28105061
 54.30425356 54.31630879 54.33010954 54.33848126 54.35459446 54.36979061
 54.38196982 54.40434332 54.08471459 54.09896088 54.11567869 54.12775098
 54.14004977 54.13294237 54.13956439 54.1509237  54.16048496 54.17142139
 54.18474917 54.18891991 54.19862888 54.21882535 54.22891514 54.24301787
 54.26629754 54.28734403 54.31046499 54.31876774 53.99385777 53.99615179
 54.00162149 53.99996449 54.00479092 54.01443787 54.03260232 54.04469727
 54.06265513 54.07792361 54.08142624 54.09376774 54.11010931 54.12572372
 54.14211406 54.16878973 54.18190916 54.18451736 54.21272994 54.2346834
 54.09468665 54.09494651 54.09525042 54.10008367 54.11304341 54.1102471
 54.11564115 54.1175599  54.13888649 54.16125096 54.17824109 54.2013929
 54.21352407 54.22082425 54.23973461 54.2546674  54.26630689 54.27801203
 54.29443001 54.31156205 53.99290423 54.00514066 54.01293743 53.99810717
 54.00855604 54.02096314 54.03399077 54.05735258 54.05980096 54.07412877
 54.0895583  54.10503416 54.11326534 54.12372664 54.14802644 54.16510829
 54.18080248 54.19251986 54.20123402 54.22421924 53.89269054 53.88313774
 53.86731222 53.89795216 53.90377949 53.92419678 53.93705547 53.95623886
 53.97144689 53.98095289 53.99415782 54.00553429 54.01508433 54.03938054
 54.05269491 54.05748944 54.07444352 54.09969724 54.13581234 54.14913015]
0 (0.909, 0.909, 84.45) 54.30761441219312
1 (0.909, 0.909, 86.45) 54.32361705293925
2 (0.909, 0.909, 88.45) 54.31858900242834
3 (0.909, 0.909, 90.45) 54.317362530658514
4 (0.909, 0.909, 92.45) 54.325738914063514
5 (0.909, 0.909, 94.45) 54.33262493780183
6 (0.909, 0.909, 96.45) 54.33525472641938
7 (0.909, 0.909, 98.45) 54.34704783748121
8 (0.909, 0.909, 100.45) 54.35522544802553
9 (0.909, 0.909, 102.45) 54.35823350833676
10 (0.909, 0.909, 104.45) 54.35276469412678
11 (0.909, 0.909, 106.45) 54.35322391043275
12 (0.909, 0.909, 108.45) 54.38191381009669
13 (0.909, 0.909, 110.45) 54.39616109922892
14 (0.909, 0.909, 112.45) 54.416614214857155
15 (0.909, 0.909, 114.45) 54.4394757251204
16 (0.909, 0.909, 116.45) 54.455750486301945
17 (0.909, 0.909, 118.45) 54.46761797000077
18 (0.909, 0.909, 120.45) 54.47705930780898
19 (0.909, 0.909, 122.45) 54.49714136832774
20 (0.909, 0.959, 84.45) 54.20686575002991
21 (0.909, 0.959, 86.45) 54.204731947509494
22 (0.909, 0.959, 88.45) 54.20280879089773
23 (0.909, 0.959, 90.45) 54.217535223031405
24 (0.909, 0.959, 92.45) 54.23251125267926
25 (0.909, 0.959, 94.45) 54.249738667914926
26 (0.909, 0.959, 96.45) 54.252670851885256
27 (0.909, 0.959, 98.45) 54.24830001694888
28 (0.909, 0.959, 100.45) 54.24802756129679
29 (0.909, 0.959, 102.45) 54.253891211539326
30 (0.909, 0.959, 104.45) 54.28237854717576
31 (0.909, 0.959, 106.45) 54.28984124575959
32 (0.909, 0.959, 108.45) 54.300995629765
33 (0.909, 0.959, 110.45) 54.318236201759284
34 (0.909, 0.959, 112.45) 54.33085413245356
35 (0.909, 0.959, 114.45) 54.34758383547196
36 (0.909, 0.959, 116.45) 54.354146310740006
37 (0.909, 0.959, 118.45) 54.371608757337256
38 (0.909, 0.959, 120.45) 54.39473265155202
39 (0.909, 0.959, 122.45) 54.41501770523692
40 (0.909, 1.009, 84.45) 54.09851728916335
41 (0.909, 1.009, 86.45) 54.09726832168275
42 (0.909, 1.009, 88.45) 54.10367163592116
43 (0.909, 1.009, 90.45) 54.110966518986764
44 (0.909, 1.009, 92.45) 54.104358347754136
45 (0.909, 1.009, 94.45) 54.11230293443303
46 (0.909, 1.009, 96.45) 54.12008255508489
47 (0.909, 1.009, 98.45) 54.121915642969235
48 (0.909, 1.009, 100.45) 54.14218895398874
49 (0.909, 1.009, 102.45) 54.161312216817144
50 (0.909, 1.009, 104.45) 54.17802099774946
51 (0.909, 1.009, 106.45) 54.20123084912645
52 (0.909, 1.009, 108.45) 54.22064445595315
53 (0.909, 1.009, 110.45) 54.226797447246234
54 (0.909, 1.009, 112.45) 54.23976547012345
55 (0.909, 1.009, 114.45) 54.256311988137675
56 (0.909, 1.009, 116.45) 54.26973434809323
57 (0.909, 1.009, 118.45) 54.28539020114446
58 (0.909, 1.009, 120.45) 54.30897744703911
59 (0.909, 1.009, 122.45) 54.31830899663063
60 (0.959, 0.909, 84.45) 54.20729988529756
61 (0.959, 0.909, 86.45) 54.19379948484651
62 (0.959, 0.909, 88.45) 54.19701326137745
63 (0.959, 0.909, 90.45) 54.205238573129996
64 (0.959, 0.909, 92.45) 54.21476419860329
65 (0.959, 0.909, 94.45) 54.2281050197828
66 (0.959, 0.909, 96.45) 54.247394217930875
67 (0.959, 0.909, 98.45) 54.2473081750579
68 (0.959, 0.909, 100.45) 54.242719434945435
69 (0.959, 0.909, 102.45) 54.246136829168385
70 (0.959, 0.909, 104.45) 54.26108724468111
71 (0.959, 0.909, 106.45) 54.281050605922886
72 (0.959, 0.909, 108.45) 54.30425355857805
73 (0.959, 0.909, 110.45) 54.316308785877844
74 (0.959, 0.909, 112.45) 54.33010953698826
75 (0.959, 0.909, 114.45) 54.33848125925717
76 (0.959, 0.909, 116.45) 54.354594457019154
77 (0.959, 0.909, 118.45) 54.3697906099455
78 (0.959, 0.909, 120.45) 54.38196981735058
79 (0.959, 0.909, 122.45) 54.40434332027294
80 (0.959, 0.959, 84.45) 54.08471459473995
81 (0.959, 0.959, 86.45) 54.098960876576236
82 (0.959, 0.959, 88.45) 54.115678694868315
83 (0.959, 0.959, 90.45) 54.12775098218928
84 (0.959, 0.959, 92.45) 54.140049765712966
85 (0.959, 0.959, 94.45) 54.13294236705766
86 (0.959, 0.959, 96.45) 54.13956438713885
87 (0.959, 0.959, 98.45) 54.150923704447685
88 (0.959, 0.959, 100.45) 54.16048496449899
89 (0.959, 0.959, 102.45) 54.17142138739242
90 (0.959, 0.959, 104.45) 54.184749171366676
91 (0.959, 0.959, 106.45) 54.18891990675676
92 (0.959, 0.959, 108.45) 54.19862888283023
93 (0.959, 0.959, 110.45) 54.218825345285026
94 (0.959, 0.959, 112.45) 54.228915144236
95 (0.959, 0.959, 114.45) 54.24301787022883
96 (0.959, 0.959, 116.45) 54.26629753580466
97 (0.959, 0.959, 118.45) 54.287344034599265
98 (0.959, 0.959, 120.45) 54.31046499275318
99 (0.959, 0.959, 122.45) 54.31876773864796
100 (0.959, 1.009, 84.45) 53.993857767444176
101 (0.959, 1.009, 86.45) 53.99615179498182
102 (0.959, 1.009, 88.45) 54.001621494995135
103 (0.959, 1.009, 90.45) 53.99996448690907
104 (0.959, 1.009, 92.45) 54.004790919453704
105 (0.959, 1.009, 94.45) 54.0144378712041
106 (0.959, 1.009, 96.45) 54.0326023195584
107 (0.959, 1.009, 98.45) 54.044697267842594
108 (0.959, 1.009, 100.45) 54.062655133692836
109 (0.959, 1.009, 102.45) 54.07792360514043
110 (0.959, 1.009, 104.45) 54.08142624255195
111 (0.959, 1.009, 106.45) 54.09376774398653
112 (0.959, 1.009, 108.45) 54.110109311137556
113 (0.959, 1.009, 110.45) 54.12572372158629
114 (0.959, 1.009, 112.45) 54.14211405785665
115 (0.959, 1.009, 114.45) 54.16878972829946
116 (0.959, 1.009, 116.45) 54.18190916291985
117 (0.959, 1.009, 118.45) 54.18451735635982
118 (0.959, 1.009, 120.45) 54.21272993533354
119 (0.959, 1.009, 122.45) 54.2346834013291
120 (1.009, 0.909, 84.45) 54.09468665429719
121 (1.009, 0.909, 86.45) 54.09494651005565
122 (1.009, 0.909, 88.45) 54.09525041623478
123 (1.009, 0.909, 90.45) 54.1000836730154
124 (1.009, 0.909, 92.45) 54.11304340627478
125 (1.009, 0.909, 94.45) 54.11024710292115
126 (1.009, 0.909, 96.45) 54.11564114971509
127 (1.009, 0.909, 98.45) 54.11755989614924
128 (1.009, 0.909, 100.45) 54.1388864889283
129 (1.009, 0.909, 102.45) 54.16125095574665
130 (1.009, 0.909, 104.45) 54.1782410930294
131 (1.009, 0.909, 106.45) 54.20139289512708
132 (1.009, 0.909, 108.45) 54.213524067559185
133 (1.009, 0.909, 110.45) 54.220824252593374
134 (1.009, 0.909, 112.45) 54.23973461253477
135 (1.009, 0.909, 114.45) 54.25466740432306
136 (1.009, 0.909, 116.45) 54.266306893147295
137 (1.009, 0.909, 118.45) 54.27801202884902
138 (1.009, 0.909, 120.45) 54.29443001376072
139 (1.009, 0.909, 122.45) 54.31156204679443
140 (1.009, 0.959, 84.45) 53.99290423248091
141 (1.009, 0.959, 86.45) 54.00514065620712
142 (1.009, 0.959, 88.45) 54.01293742883671
143 (1.009, 0.959, 90.45) 53.99810717254373
144 (1.009, 0.959, 92.45) 54.00855603991393
145 (1.009, 0.959, 94.45) 54.02096314369895
146 (1.009, 0.959, 96.45) 54.033990768805076
147 (1.009, 0.959, 98.45) 54.05735257672861
148 (1.009, 0.959, 100.45) 54.05980095615742
149 (1.009, 0.959, 102.45) 54.0741287714809
150 (1.009, 0.959, 104.45) 54.08955830155142
151 (1.009, 0.959, 106.45) 54.10503415744112
152 (1.009, 0.959, 108.45) 54.113265342960915
153 (1.009, 0.959, 110.45) 54.12372664068228
154 (1.009, 0.959, 112.45) 54.14802644415503
155 (1.009, 0.959, 114.45) 54.16510828546711
156 (1.009, 0.959, 116.45) 54.18080247754083
157 (1.009, 0.959, 118.45) 54.19251985730714
158 (1.009, 0.959, 120.45) 54.20123401857752
159 (1.009, 0.959, 122.45) 54.224219240708564
160 (1.009, 1.009, 84.45) 53.89269053554398
161 (1.009, 1.009, 86.45) 53.88313774340154
162 (1.009, 1.009, 88.45) 53.86731222420555
163 (1.009, 1.009, 90.45) 53.8979521566102
164 (1.009, 1.009, 92.45) 53.90377948590543
165 (1.009, 1.009, 94.45) 53.92419677991641
166 (1.009, 1.009, 96.45) 53.93705546755869
167 (1.009, 1.009, 98.45) 53.95623885568168
168 (1.009, 1.009, 100.45) 53.97144688500113
169 (1.009, 1.009, 102.45) 53.98095288812744
170 (1.009, 1.009, 104.45) 53.99415781750944
171 (1.009, 1.009, 106.45) 54.005534286857035
172 (1.009, 1.009, 108.45) 54.01508433478934
173 (1.009, 1.009, 110.45) 54.03938053544622
174 (1.009, 1.009, 112.45) 54.052694905606565
175 (1.009, 1.009, 114.45) 54.057489438681834
176 (1.009, 1.009, 116.45) 54.07444351546133
177 (1.009, 1.009, 118.45) 54.09969724488289
178 (1.009, 1.009, 120.45) 54.13581234429432
179 (1.009, 1.009, 122.45) 54.149130152792345
3.808241039706716 3.8171341950190865
[4.16338989 3.16473233 4.48351528 3.41242252 4.8193287  3.67682538
 4.48221497 3.41122461 4.79175746 3.65427606 5.11987212 3.91602311
 4.81815128 3.67751963 5.11918263 3.91847007 5.4382661  4.17719269] 2.5054785802965376 5.4382661006424655
3.8082404171446806 3.81713357132371
[4.16338927 3.16473164 4.48351467 3.41242185 4.81932811 3.67682474
 4.48221437 3.41122394 4.79175686 3.65427542 5.11987154 3.91602248
 4.81815069 3.67751899 5.11918204 3.91846945 5.43826553 4.17719209] 2.5054778504940773 5.438265529723528
3.8082401941443633 3.8171333482258807
[4.16338915 3.16473129 4.48351459 3.41242156 4.81932805 3.67682449
 4.48221428 3.41122365 4.79175681 3.65427517 5.11987151 3.91602228
 4.81815063 3.67751875 5.11918202 3.91846924 5.43826553 4.17719192] 2.5054772488550068 5.438265533781962
186.29168137209356 186.70223839393492
[206.00122079 176.51424462 210.38873073 180.83620698 214.69255733
 184.93145306 210.47061326 180.69734117 214.55205008 184.78159907
 219.02238799 188.84400128 214.66860895 184.91463528 218.98623417
 188.81130058 223.37068217 192.77004346] 147.10555496982707 223.3706821745615
38.950394232404335 39.03502488963074
[42.73478081 37.31540929 43.44377947 38.05100155 44.1328071  38.73438581
 43.46265911 38.02000204 44.10611621 38.7051644  44.83253292 39.38142682
 44.12755185 38.73038546 44.82511102 39.37284323 45.53289766 40.02466548]Reading 'data/gaussian_82_water_pbe0_adz_esp.cube'... mode     4
Reading 'data/gaussian_83_water_pbe0_adz_esp.cube'... mode     4
Reading 'data/gaussian_84_water_pbe0_adz_esp.cube'... mode     4
Reading 'data/gaussian_85_water_pbe0_adz_esp.cube'... mode     4
Reading 'data/gaussian_86_water_pbe0_adz_esp.cube'... mode     4
Reading 'data/gaussian_87_water_pbe0_adz_esp.cube'... mode     4
Reading 'data/gaussian_88_water_pbe0_adz_esp.cube'... mode     4
Reading 'data/gaussian_89_water_pbe0_adz_esp.cube'... mode     4
Reading 'data/gaussian_90_water_pbe0_adz_esp.cube'... mode     4
Reading 'data/gaussian_91_water_pbe0_adz_esp.cube'... mode     4
Reading 'data/gaussian_92_water_pbe0_adz_esp.cube'... mode     4
Reading 'data/gaussian_93_water_pbe0_adz_esp.cube'... mode     4
Reading 'data/gaussian_94_water_pbe0_adz_esp.cube'... mode     4
Reading 'data/gaussian_95_water_pbe0_adz_esp.cube'... mode     4
Reading 'data/gaussian_96_water_pbe0_adz_esp.cube'... mode     4
Reading 'data/gaussian_97_water_pbe0_adz_esp.cube'... mode     4
Reading 'data/gaussian_98_water_pbe0_adz_esp.cube'... mode     4
Reading 'data/gaussian_99_water_pbe0_adz_esp.cube'... mode     4
Reading 'data/gaussian_100_water_pbe0_adz_esp.cube'... mode     4
Reading 'data/gaussian_101_water_pbe0_adz_esp.cube'... mode     4
Reading 'data/gaussian_102_water_pbe0_adz_esp.cube'... mode     4
Reading 'data/gaussian_103_water_pbe0_adz_esp.cube'... mode     4
Reading 'data/gaussian_104_water_pbe0_adz_esp.cube'... mode     4
Reading 'data/gaussian_105_water_pbe0_adz_esp.cube'... mode     4
Reading 'data/gaussian_106_water_pbe0_adz_esp.cube'... mode     4
Reading 'data/gaussian_107_water_pbe0_adz_esp.cube'... mode     4
Reading 'data/gaussian_108_water_pbe0_adz_esp.cube'... mode     4
Reading 'data/gaussian_109_water_pbe0_adz_esp.cube'... mode     4
Reading 'data/gaussian_110_water_pbe0_adz_esp.cube'... mode     4
Reading 'data/gaussian_111_water_pbe0_adz_esp.cube'... mode     4
Reading 'data/gaussian_112_water_pbe0_adz_esp.cube'... mode     4
Reading 'data/gaussian_113_water_pbe0_adz_esp.cube'... mode     4
Reading 'data/gaussian_114_water_pbe0_adz_esp.cube'... mode     4
Reading 'data/gaussian_115_water_pbe0_adz_esp.cube'... mode     4
Reading 'data/gaussian_116_water_pbe0_adz_esp.cube'... mode     4
Reading 'data/gaussian_117_water_pbe0_adz_esp.cube'... mode     4
Reading 'data/gaussian_118_water_pbe0_adz_esp.cube'... mode     4
Reading 'data/gaussian_119_water_pbe0_adz_esp.cube'... mode     4
Reading 'data/gaussian_120_water_pbe0_adz_esp.cube'... mode     4
Reading 'data/gaussian_121_water_pbe0_adz_esp.cube'... mode     4
Reading 'data/gaussian_122_water_pbe0_adz_esp.cube'... mode     4
Reading 'data/gaussian_123_water_pbe0_adz_esp.cube'... mode     4
Reading 'data/gaussian_124_water_pbe0_adz_esp.cube'... mode     4
Reading 'data/gaussian_125_water_pbe0_adz_esp.cube'... mode     4
Reading 'data/gaussian_126_water_pbe0_adz_esp.cube'... mode     4
Reading 'data/gaussian_127_water_pbe0_adz_esp.cube'... mode     4
Reading 'data/gaussian_128_water_pbe0_adz_esp.cube'... mode     4
Reading 'data/gaussian_129_water_pbe0_adz_esp.cube'... mode     4
Reading 'data/gaussian_130_water_pbe0_adz_esp.cube'... mode     4
Reading 'data/gaussian_131_water_pbe0_adz_esp.cube'... mode     4
Reading 'data/gaussian_132_water_pbe0_adz_esp.cube'... mode     4
Reading 'data/gaussian_133_water_pbe0_adz_esp.cube'... mode     4
Reading 'data/gaussian_134_water_pbe0_adz_esp.cube'... mode     4
Reading 'data/gaussian_135_water_pbe0_adz_esp.cube'... mode     4
Reading 'data/gaussian_136_water_pbe0_adz_esp.cube'... mode     4
Reading 'data/gaussian_137_water_pbe0_adz_esp.cube'... mode     4
Reading 'data/gaussian_138_water_pbe0_adz_esp.cube'... mode     4
Reading 'data/gaussian_139_water_pbe0_adz_esp.cube'... mode     4
Reading 'data/gaussian_140_water_pbe0_adz_esp.cube'... mode     4
Reading 'data/gaussian_141_water_pbe0_adz_esp.cube'... mode     4
Reading 'data/gaussian_142_water_pbe0_adz_esp.cube'... mode     4
Reading 'data/gaussian_143_water_pbe0_adz_esp.cube'... mode     4
Reading 'data/gaussian_144_water_pbe0_adz_esp.cube'... mode     4
Reading 'data/gaussian_145_water_pbe0_adz_esp.cube'... mode     4
Reading 'data/gaussian_146_water_pbe0_adz_esp.cube'... mode     4
Reading 'data/gaussian_147_water_pbe0_adz_esp.cube'... mode     4
Reading 'data/gaussian_148_water_pbe0_adz_esp.cube'... mode     4
Reading 'data/gaussian_149_water_pbe0_adz_esp.cube'... mode     4
Reading 'data/gaussian_150_water_pbe0_adz_esp.cube'... mode     4
Reading 'data/gaussian_151_water_pbe0_adz_esp.cube'... mode     4
Reading 'data/gaussian_152_water_pbe0_adz_esp.cube'... mode     4
Reading 'data/gaussian_153_water_pbe0_adz_esp.cube'... mode     4
Reading 'data/gaussian_154_water_pbe0_adz_esp.cube'... mode     4
Reading 'data/gaussian_155_water_pbe0_adz_esp.cube'... mode     4
Reading 'data/gaussian_156_water_pbe0_adz_esp.cube'... mode     4
Reading 'data/gaussian_157_water_pbe0_adz_esp.cube'... mode     4
Reading 'data/gaussian_158_water_pbe0_adz_esp.cube'... mode     4
Reading 'data/gaussian_159_water_pbe0_adz_esp.cube'... mode     4
Reading 'data/gaussian_160_water_pbe0_adz_esp.cube'... mode     4
Reading 'data/gaussian_161_water_pbe0_adz_esp.cube'... mode     4
Reading 'data/gaussian_162_water_pbe0_adz_esp.cube'... mode     4
Reading 'data/gaussian_163_water_pbe0_adz_esp.cube'... mode     4
Reading 'data/gaussian_164_water_pbe0_adz_esp.cube'... mode     4
Reading 'data/gaussian_165_water_pbe0_adz_esp.cube'... mode     4
Reading 'data/gaussian_166_water_pbe0_adz_esp.cube'... mode     4
Reading 'data/gaussian_167_water_pbe0_adz_esp.cube'... mode     4
Reading 'data/gaussian_168_water_pbe0_adz_esp.cube'... mode     4
Reading 'data/gaussian_169_water_pbe0_adz_esp.cube'... mode     4
Reading 'data/gaussian_170_water_pbe0_adz_esp.cube'... mode     4
Reading 'data/gaussian_171_water_pbe0_adz_esp.cube'... mode     4
Reading 'data/gaussian_172_water_pbe0_adz_esp.cube'... mode     4
Reading 'data/gaussian_173_water_pbe0_adz_esp.cube'... mode     4
Reading 'data/gaussian_174_water_pbe0_adz_esp.cube'... mode     4
Reading 'data/gaussian_175_water_pbe0_adz_esp.cube'... mode     4
Reading 'data/gaussian_176_water_pbe0_adz_esp.cube'... mode     4
Reading 'data/gaussian_177_water_pbe0_adz_esp.cube'... mode     4
Reading 'data/gaussian_178_water_pbe0_adz_esp.cube'... mode     4
Reading 'data/gaussian_179_water_pbe0_adz_esp.cube'... mode     4
Reading 'data/gaussian_0_water_pbe0_adz_esp.cube'... mode     4
Reading 'data/gaussian_1_water_pbe0_adz_esp.cube'... mode     4
Reading 'data/gaussian_2_water_pbe0_adz_esp.cube'... mode     4
Reading 'data/gaussian_3_water_pbe0_adz_esp.cube'... mode     4
Reading 'data/gaussian_4_water_pbe0_adz_esp.cube'... mode     4
Reading 'data/gaussian_5_water_pbe0_adz_esp.cube'... mode     4
Reading 'data/gaussian_6_water_pbe0_adz_esp.cube'... mode     4
Reading 'data/gaussian_7_water_pbe0_adz_esp.cube'... mode     4
Reading 'data/gaussian_8_water_pbe0_adz_esp.cube'... mode     4
Reading 'data/gaussian_9_water_pbe0_adz_esp.cube'... mode     4
Reading 'data/gaussian_10_water_pbe0_adz_esp.cube'... mode     4
Reading 'data/gaussian_11_water_pbe0_adz_esp.cube'... mode     4
Reading 'data/gaussian_12_water_pbe0_adz_esp.cube'... mode     4
Reading 'data/gaussian_13_water_pbe0_adz_esp.cube'... mode     4
Reading 'data/gaussian_14_water_pbe0_adz_esp.cube'... mode     4
Reading 'data/gaussian_15_water_pbe0_adz_esp.cube'... mode     4
Reading 'data/gaussian_16_water_pbe0_adz_esp.cube'... mode     4
Reading 'data/gaussian_17_water_pbe0_adz_esp.cube'... mode     4
Reading 'data/gaussian_18_water_pbe0_adz_esp.cube'... mode     4
Reading 'data/gaussian_19_water_pbe0_adz_esp.cube'... mode     4
Reading 'data/gaussian_20_water_pbe0_adz_esp.cube'... mode     4
Reading 'data/gaussian_21_water_pbe0_adz_esp.cube'... mode     4
Reading 'data/gaussian_22_water_pbe0_adz_esp.cube'... mode     4
Reading 'data/gaussian_23_water_pbe0_adz_esp.cube'... mode     4
Reading 'data/gaussian_24_water_pbe0_adz_esp.cube'... mode     4
Reading 'data/gaussian_25_water_pbe0_adz_esp.cube'... mode     4
Reading 'data/gaussian_26_water_pbe0_adz_esp.cube'... mode     4
Reading 'data/gaussian_27_water_pbe0_adz_esp.cube'... mode     4
Reading 'data/gaussian_28_water_pbe0_adz_esp.cube'... mode     4
Reading 'data/gaussian_29_water_pbe0_adz_esp.cube'... mode     4
Reading 'data/gaussian_30_water_pbe0_adz_esp.cube'... mode     4
Reading 'data/gaussian_31_water_pbe0_adz_esp.cube'... mode     4
Reading 'data/gaussian_32_water_pbe0_adz_esp.cube'... mode     4
Reading 'data/gaussian_33_water_pbe0_adz_esp.cube'... mode     4
Reading 'data/gaussian_34_water_pbe0_adz_esp.cube'... mode     4
Reading 'data/gaussian_35_water_pbe0_adz_esp.cube'... mode     4
Reading 'data/gaussian_36_water_pbe0_adz_esp.cube'... mode     4
Reading 'data/gaussian_37_water_pbe0_adz_esp.cube'... mode     4
Reading 'data/gaussian_38_water_pbe0_adz_esp.cube'... mode     4
Reading 'data/gaussian_39_water_pbe0_adz_esp.cube'... mode     4
Reading 'data/gaussian_40_water_pbe0_adz_esp.cube'... mode     4
Reading 'data/gaussian_41_water_pbe0_adz_esp.cube'... mode     4
Reading 'data/gaussian_42_water_pbe0_adz_esp.cube'... mode     4
Reading 'data/gaussian_43_water_pbe0_adz_esp.cube'... mode     4
Reading 'data/gaussian_44_water_pbe0_adz_esp.cube'... mode     4
Reading 'data/gaussian_45_water_pbe0_adz_esp.cube'... mode     4
Reading 'data/gaussian_46_water_pbe0_adz_esp.cube'... mode     4
Reading 'data/gaussian_47_water_pbe0_adz_esp.cube'... mode     4
Reading 'data/gaussian_48_water_pbe0_adz_esp.cube'... mode     4
Reading 'data/gaussian_49_water_pbe0_adz_esp.cube'... mode     4
Reading 'data/gaussian_50_water_pbe0_adz_esp.cube'... mode     4
Reading 'data/gaussian_51_water_pbe0_adz_esp.cube'... mode     4
Reading 'data/gaussian_52_water_pbe0_adz_esp.cube'... mode     4
Reading 'data/gaussian_53_water_pbe0_adz_esp.cube'... mode     4
Reading 'data/gaussian_54_water_pbe0_adz_esp.cube'... mode     4
Reading 'data/gaussian_55_water_pbe0_adz_esp.cube'... mode     4
Reading 'data/gaussian_56_water_pbe0_adz_esp.cube'... mode     4
Reading 'data/gaussian_57_water_pbe0_adz_esp.cube'... mode     4
Reading 'data/gaussian_58_water_pbe0_adz_esp.cube'... mode     4
Reading 'data/gaussian_59_water_pbe0_adz_esp.cube'... mode     4
Reading 'data/gaussian_60_water_pbe0_adz_esp.cube'... mode     4
Reading 'data/gaussian_61_water_pbe0_adz_esp.cube'... mode     4
Reading 'data/gaussian_62_water_pbe0_adz_esp.cube'... mode     4
Reading 'data/gaussian_63_water_pbe0_adz_esp.cube'... mode     4
Reading 'data/gaussian_64_water_pbe0_adz_esp.cube'... mode     4
Reading 'data/gaussian_65_water_pbe0_adz_esp.cube'... mode     4
Reading 'data/gaussian_66_water_pbe0_adz_esp.cube'... mode     4
Reading 'data/gaussian_67_water_pbe0_adz_esp.cube'... mode     4
Reading 'data/gaussian_68_water_pbe0_adz_esp.cube'... mode     4
Reading 'data/gaussian_69_water_pbe0_adz_esp.cube'... mode     4
Reading 'data/gaussian_70_water_pbe0_adz_esp.cube'... mode     4
Reading 'data/gaussian_71_water_pbe0_adz_esp.cube'... mode     4
Reading 'data/gaussian_72_water_pbe0_adz_esp.cube'... mode     4
Reading 'data/gaussian_73_water_pbe0_adz_esp.cube'... mode     4
Reading 'data/gaussian_74_water_pbe0_adz_esp.cube'... mode     4
Reading 'data/gaussian_75_water_pbe0_adz_esp.cube'... mode     4
Reading 'data/gaussian_76_water_pbe0_adz_esp.cube'... mode     4
Reading 'data/gaussian_77_water_pbe0_adz_esp.cube'... mode     4
Reading 'data/gaussian_78_water_pbe0_adz_esp.cube'... mode     4
Reading 'data/gaussian_79_water_pbe0_adz_esp.cube'... mode     4
Reading 'data/gaussian_80_water_pbe0_adz_esp.cube'... mode     4
Reading 'data/gaussian_81_water_pbe0_adz_esp.cube'... mode     4
Reading 'data/gaussian_82_water_pbe0_adz_esp.cube'... mode     4
Reading 'data/gaussian_83_water_pbe0_adz_esp.cube'... mode     4
Reading 'data/gaussian_84_water_pbe0_adz_esp.cube'... mode     4
Reading 'data/gaussian_85_water_pbe0_adz_esp.cube'... mode     4
Reading 'data/gaussian_86_water_pbe0_adz_esp.cube'... mode     4
Reading 'data/gaussian_87_water_pbe0_adz_esp.cube'... mode     4
Reading 'data/gaussian_88_water_pbe0_adz_esp.cube'... mode     4
Reading 'data/gaussian_89_water_pbe0_adz_esp.cube'... mode     4
Reading 'data/gaussian_90_water_pbe0_adz_esp.cube'... mode     4
Reading 'data/gaussian_91_water_pbe0_adz_esp.cube'... mode     4
Reading 'data/gaussian_92_water_pbe0_adz_esp.cube'... mode     4
Reading 'data/gaussian_93_water_pbe0_adz_esp.cube'... mode     4
Reading 'data/gaussian_94_water_pbe0_adz_esp.cube'... mode     4
Reading 'data/gaussian_95_water_pbe0_adz_esp.cube'... mode     4
Reading 'data/gaussian_96_water_pbe0_adz_esp.cube'... mode     4
Reading 'data/gaussian_97_water_pbe0_adz_esp.cube'... mode     4
Reading 'data/gaussian_98_water_pbe0_adz_esp.cube'... mode     4
Reading 'data/gaussian_99_water_pbe0_adz_esp.cube'... mode     4
Reading 'data/gaussian_100_water_pbe0_adz_esp.cube'... mode     4
Reading 'data/gaussian_101_water_pbe0_adz_esp.cube'... mode     4
Reading 'data/gaussian_102_water_pbe0_adz_esp.cube'... mode     4
Reading 'data/gaussian_103_water_pbe0_adz_esp.cube'... mode     4
Reading 'data/gaussian_104_water_pbe0_adz_esp.cube'... mode     4
Reading 'data/gaussian_105_water_pbe0_adz_esp.cube'... mode     4
Reading 'data/gaussian_106_water_pbe0_adz_esp.cube'... mode     4
Reading 'data/gaussian_107_water_pbe0_adz_esp.cube'... mode     4
Reading 'data/gaussian_108_water_pbe0_adz_esp.cube'... mode     4
Reading 'data/gaussian_109_water_pbe0_adz_esp.cube'... mode     4
Reading 'data/gaussian_110_water_pbe0_adz_esp.cube'... mode     4
Reading 'data/gaussian_111_water_pbe0_adz_esp.cube'... mode     4
Reading 'data/gaussian_112_water_pbe0_adz_esp.cube'... mode     4
Reading 'data/gaussian_113_water_pbe0_adz_esp.cube'... mode     4
Reading 'data/gaussian_114_water_pbe0_adz_esp.cube'... mode     4
Reading 'data/gaussian_115_water_pbe0_adz_esp.cube'... mode     4
Reading 'data/gaussian_116_water_pbe0_adz_esp.cube'... mode     4
Reading 'data/gaussian_117_water_pbe0_adz_esp.cube'... mode     4
Reading 'data/gaussian_118_water_pbe0_adz_esp.cube'... mode     4
Reading 'data/gaussian_119_water_pbe0_adz_esp.cube'... mode     4
Reading 'data/gaussian_120_water_pbe0_adz_esp.cube'... mode     4
Reading 'data/gaussian_121_water_pbe0_adz_esp.cube'... mode     4
Reading 'data/gaussian_122_water_pbe0_adz_esp.cube'... mode     4
Reading 'data/gaussian_123_water_pbe0_adz_esp.cube'... mode     4
Reading 'data/gaussian_124_water_pbe0_adz_esp.cube'... mode     4
Reading 'data/gaussian_125_water_pbe0_adz_esp.cube'... mode     4
Reading 'data/gaussian_126_water_pbe0_adz_esp.cube'... mode     4
Reading 'data/gaussian_127_water_pbe0_adz_esp.cube'... mode     4
Reading 'data/gaussian_128_water_pbe0_adz_esp.cube'... mode     4
Reading 'data/gaussian_129_water_pbe0_adz_esp.cube'... mode     4
Reading 'data/gaussian_130_water_pbe0_adz_esp.cube'... mode     4
Reading 'data/gaussian_131_water_pbe0_adz_esp.cube'... mode     4
Reading 'data/gaussian_132_water_pbe0_adz_esp.cube'... mode     4
Reading 'data/gaussian_133_water_pbe0_adz_esp.cube'... mode     4
Reading 'data/gaussian_134_water_pbe0_adz_esp.cube'... mode     4
Reading 'data/gaussian_135_water_pbe0_adz_esp.cube'... mode     4
Reading 'data/gaussian_136_water_pbe0_adz_esp.cube'... mode     4
Reading 'data/gaussian_137_water_pbe0_adz_esp.cube'... mode     4
Reading 'data/gaussian_138_water_pbe0_adz_esp.cube'... mode     4
Reading 'data/gaussian_139_water_pbe0_adz_esp.cube'... mode     4
Reading 'data/gaussian_140_water_pbe0_adz_esp.cube'... mode     4
Reading 'data/gaussian_141_water_pbe0_adz_esp.cube'... mode     4
Reading 'data/gaussian_142_water_pbe0_adz_esp.cube'... mode     4
Reading 'data/gaussian_143_water_pbe0_adz_esp.cube'... mode     4
Reading 'data/gaussian_144_water_pbe0_adz_esp.cube'... mode     4
Reading 'data/gaussian_145_water_pbe0_adz_esp.cube'... mode     4
Reading 'data/gaussian_146_water_pbe0_adz_esp.cube'... mode     4
Reading 'data/gaussian_147_water_pbe0_adz_esp.cube'... mode     4
Reading 'data/gaussian_148_water_pbe0_adz_esp.cube'... mode     4
Reading 'data/gaussian_149_water_pbe0_adz_esp.cube'... mode     4
Reading 'data/gaussian_150_water_pbe0_adz_esp.cube'... mode     4
 31.953531745553242 45.53289765980044
7.455438556186435 7.470226008281367
[7.70247913 7.51775614 7.63387574 7.49721609 7.56523673 7.46642658
 7.63879965 7.48931436 7.55277504 7.45668339 7.48954687 7.42221483
 7.56353782 7.46539666 7.48835031 7.41941398 7.41656757 7.37521286] 7.37254950246033 7.70247912793366
2.5117754198747138 2.516096865846453
[2.10469966 2.45464961 2.16174531 2.44375744 2.2692524  2.46072151
 2.16089341 2.44086993 2.22495241 2.43572583 2.33914944 2.4605719
 2.26711662 2.46112485 2.33902945 2.46178156 2.45472298 2.49216025] 2.1046996630279367 3.0050775802067275
2.511774845590045 2.5160962901302395
[2.10469888 2.45464903 2.16174452 2.44375685 2.26925163 2.46072092
 2.16089262 2.44086935 2.22495163 2.43572524 2.33914867 2.46057131
 2.26711585 2.46112427 2.33902868 2.46178096 2.45472222 2.49215966] 2.104698877967742 3.0050771966133345
2.5117741751882985 2.516095618342591
[2.10469806 2.45464826 2.16174377 2.44375611 2.26925097 2.46072022
 2.16089187 2.44086861 2.22495095 2.43572453 2.33914807 2.46057064
 2.26711519 2.46112356 2.33902808 2.4617803  2.4547217  2.49215904] 2.10469805819515 3.0050765614391346
2.3293762595345853 2.3336137303616464
[1.97847021 2.13138847 2.12453256 2.1732232  2.3158429  2.24926178
 2.12310666 2.17151052 2.27148531 2.22156637 2.46221612 2.30637846
 2.31448932 2.25013674 2.46220197 2.30812066 2.64858859 2.39958323] 1.9670835204215784 2.6838747315275913
2.3293761785017066 2.3336136489394406
[1.97847002 2.13138841 2.12453234 2.17322313 2.31584268 2.2492617
 2.12310644 2.17151045 2.27148508 2.22156629 2.46221588 2.30637837
 2.31448909 2.25013666 2.46220173 2.30812057 2.64858834 2.39958312] 1.9670833438615687 2.683874805110466
2.3293761210693336 2.3336135915170737
[1.97846997 2.13138825 2.12453235 2.17322302 2.31584273 2.24926163
 2.12310645 2.17151034 2.27148513 2.22156622 2.46221597 2.30637833
 2.31448914 2.25013659 2.46220182 2.30812053 2.64858847 2.39958313] 1.967083267965506 2.6838747476062097
2.3352979704188406 2.3393578689882464
[1.91812061 2.20523236 2.02397035 2.22003421 2.18019095 2.26729803
 2.02273633 2.21810893 2.13416209 2.24030138 2.29321409 2.29630192
 2.17875983 2.2680898  2.29328227 2.29773943 2.4506901  2.36060873] 1.9181206122256704 2.777098268224771
2.3270268577341184 2.3311908742428984
[1.95124774 2.1530944  2.08380172 2.18520146 2.2635295  2.25106094
 2.08243185 2.18341704 2.21851826 2.22356211 2.39883127 2.29828622
 2.26214822 2.2519093  2.39884644 2.29992754 2.57570542 2.38147492] 1.9478269432610253 2.711356057220525
2.3270267887237415 2.331190804868008
[1.95124755 2.15309435 2.08380151 2.18520141 2.26352928 2.25106088
 2.08243165 2.18341699 2.21851804 2.22356205 2.39883104 2.29828615
 2.262148   2.25190924 2.39884621 2.29992746 2.57570518 2.38147483] 1.9478267675733842 2.7113561402264152
2.327026719705255 2.331190735823197
[1.95124749 2.15309418 2.0838015  2.18520128 2.26352932 2.25106079
 2.08243164 2.18341686 2.21851807 2.22356196 2.39883111 2.2982861
 2.26214804 2.25190915 2.39884629 2.29992741 2.57570529 2.38147482] 1.9478266862476836 2.7113560783240143
     fun: 2.3270268577341184
     jac: array([-4.631208  , -9.26296023])
 message: 'Optimization terminated successfully'
    nfev: 16
     nit: 4
    njev: 4
  status: 0
 success: True
       x: array([-0.67597213,  0.33798606])
[1.95124749 1.94782669 1.95020746 1.95908014 1.97246761 1.99138734
 2.01387092 2.0419742  2.07524234 2.11204289 2.15309418 2.19811831
 2.24906202 2.30314736 2.36036113 2.42202295 2.4823144  2.54791244
 2.61127176 2.67808241 2.0838015  2.07058439 2.06249816 2.06076515
 2.06311857 2.07082562 2.08403247 2.09804516 2.12263834 2.15328549
 2.18520128 2.22081776 2.26394034 2.31549748 2.37128646 2.42787323
 2.48452359 2.54908889 2.60864915 2.68118455 2.26352932 2.24052461
 2.22048959 2.20684221 2.19862871 2.19307075 2.19107673 2.19891451
 2.20820599 2.22833656 2.25106079 2.28089595 2.31977549 2.36008795
 2.40187013 2.45627203 2.50812832 2.57062333 2.63481387 2.70135646
 2.08243164 2.06993669 2.06186782 2.05858338 2.05880552 2.06747401
 2.08046523 2.09824482 2.12167566 2.14716881 2.18341686 2.22568211
 2.27289329 2.31495144 2.36682487 2.4254625  2.48381687 2.54830657
 2.61099827 2.68124498 2.21851807 2.19562361 2.17863925 2.16471584
 2.15720102 2.15278675 2.1553372  2.16452117 2.17842108 2.19760422
 2.22356196 2.25411537 2.29342723 2.3373917  2.38774182 2.43557345
 2.48841411 2.54691388 2.6139727  2.68028985 2.39883111 2.36597824
 2.33894718 2.31500373 2.29548179 2.28114474 2.27221679 2.26986832
 2.27667722 2.28201023 2.2982861  2.32370227 2.3527102  2.38835099
 2.42555802 2.47241559 2.52329017 2.57534993 2.63703488 2.69672758
 2.26214804 2.23804044 2.21804296 2.20250274 2.19209891 2.19008745
 2.1905768  2.19544963 2.2084156  2.22748021 2.25190915 2.28279139
 2.31555064 2.35604889 2.39865537 2.45161734 2.50555301 2.56755032
 2.63154612 2.69589175 2.39884629 2.36579116 2.33615796 2.31322589
 2.29344127 2.27950918 2.27398484 2.26874091 2.27131424 2.28319625
 2.29992741 2.32228937 2.35022273 2.37950111 2.42113008 2.46693621
 2.51949591 2.57767133 2.6310781  2.69735041 2.57570529 2.53456587
 2.49757107 2.46416744 2.43484804 2.41289104 2.39336548 2.38154121
 2.37547734 2.37632023 2.38147482 2.39576822 2.41595808 2.44500034
 2.47521303 2.51265294 2.55163106 2.60349936 2.65831525 2.71135608]
[ 0.          0.          0.          0.33798608  0.          0.
  0.         -0.67597213  0.          0.          0.          0.33798608]
Reading 'data/gaussian_151_water_pbe0_adz_esp.cube'... mode     4
Reading 'data/gaussian_152_water_pbe0_adz_esp.cube'... mode     4
Reading 'data/gaussian_153_water_pbe0_adz_esp.cube'... mode     4
Reading 'data/gaussian_154_water_pbe0_adz_esp.cube'... mode     4
Reading 'data/gaussian_155_water_pbe0_adz_esp.cube'... mode     4
Reading 'data/gaussian_156_water_pbe0_adz_esp.cube'... mode     4
Reading 'data/gaussian_157_water_pbe0_adz_esp.cube'... mode     4
Reading 'data/gaussian_158_water_pbe0_adz_esp.cube'... mode     4
Reading 'data/gaussian_159_water_pbe0_adz_esp.cube'... mode     4
Reading 'data/gaussian_160_water_pbe0_adz_esp.cube'... mode     4
Reading 'data/gaussian_161_water_pbe0_adz_esp.cube'... mode     4
Reading 'data/gaussian_162_water_pbe0_adz_esp.cube'... mode     4
Reading 'data/gaussian_163_water_pbe0_adz_esp.cube'... mode     4
Reading 'data/gaussian_164_water_pbe0_adz_esp.cube'... mode     4
Reading 'data/gaussian_165_water_pbe0_adz_esp.cube'... mode     4
Reading 'data/gaussian_166_water_pbe0_adz_esp.cube'... mode     4
Reading 'data/gaussian_167_water_pbe0_adz_esp.cube'... mode     4
Reading 'data/gaussian_168_water_pbe0_adz_esp.cube'... mode     4
Reading 'data/gaussian_169_water_pbe0_adz_esp.cube'... mode     4
Reading 'data/gaussian_170_water_pbe0_adz_esp.cube'... mode     4
Reading 'data/gaussian_171_water_pbe0_adz_esp.cube'... mode     4
Reading 'data/gaussian_172_water_pbe0_adz_esp.cube'... mode     4
Reading 'data/gaussian_173_water_pbe0_adz_esp.cube'... mode     4
Reading 'data/gaussian_174_water_pbe0_adz_esp.cube'... mode     4
Reading 'data/gaussian_175_water_pbe0_adz_esp.cube'... mode     4
Reading 'data/gaussian_176_water_pbe0_adz_esp.cube'... mode     4
Reading 'data/gaussian_177_water_pbe0_adz_esp.cube'... mode     4
Reading 'data/gaussian_178_water_pbe0_adz_esp.cube'... mode     4
Reading 'data/gaussian_179_water_pbe0_adz_esp.cube'... mode     4
