Reading 'data/gaussian_0_water_pbe0_dz_esp.cube'... just atom number 
Reading 'data/gaussian_0_water_pbe0_dz_esp.cube'... mode     1
Reading 'data/gaussian_1_water_pbe0_dz_esp.cube'... mode     1
Reading 'data/gaussian_2_water_pbe0_dz_esp.cube'... mode     1
Reading 'data/gaussian_3_water_pbe0_dz_esp.cube'... mode     1
Reading 'data/gaussian_4_water_pbe0_dz_esp.cube'... mode     1
Reading 'data/gaussian_5_water_pbe0_dz_esp.cube'... mode     1
Reading 'data/gaussian_6_water_pbe0_dz_esp.cube'... mode     1
Reading 'data/gaussian_7_water_pbe0_dz_esp.cube'... mode     1
Reading 'data/gaussian_8_water_pbe0_dz_esp.cube'... mode     1
Reading 'data/gaussian_9_water_pbe0_dz_esp.cube'... mode     1
Reading 'data/gaussian_10_water_pbe0_dz_esp.cube'... mode     1
Reading 'data/gaussian_11_water_pbe0_dz_esp.cube'... mode     1
Reading 'data/gaussian_12_water_pbe0_dz_esp.cube'... mode     1
Reading 'data/gaussian_13_water_pbe0_dz_esp.cube'... mode     1
Reading 'data/gaussian_14_water_pbe0_dz_esp.cube'... mode     1
Reading 'data/gaussian_15_water_pbe0_dz_esp.cube'... mode     1
Reading 'data/gaussian_16_water_pbe0_dz_esp.cube'... mode     1
Reading 'data/gaussian_17_water_pbe0_dz_esp.cube'... mode     1
Reading 'data/gaussian_18_water_pbe0_dz_esp.cube'... mode     1
Reading 'data/gaussian_19_water_pbe0_dz_esp.cube'... mode     1
Reading 'data/gaussian_20_water_pbe0_dz_esp.cube'... mode     1
Reading 'data/gaussian_21_water_pbe0_dz_esp.cube'... mode     1
Reading 'data/gaussian_22_water_pbe0_dz_esp.cube'... mode     1
Reading 'data/gaussian_23_water_pbe0_dz_esp.cube'... mode     1
Reading 'data/gaussian_24_water_pbe0_dz_esp.cube'... mode     1
Reading 'data/gaussian_25_water_pbe0_dz_esp.cube'... mode     1
Reading 'data/gaussian_26_water_pbe0_dz_esp.cube'... mode     1
Reading 'data/gaussian_27_water_pbe0_dz_esp.cube'... mode     1
Reading 'data/gaussian_28_water_pbe0_dz_esp.cube'... mode     1
Reading 'data/gaussian_29_water_pbe0_dz_esp.cube'... mode     1
Reading 'data/gaussian_30_water_pbe0_dz_esp.cube'... mode     1
Reading 'data/gaussian_31_water_pbe0_dz_esp.cube'... mode     1
Reading 'data/gaussian_32_water_pbe0_dz_esp.cube'... mode     1
Reading 'data/gaussian_33_water_pbe0_dz_esp.cube'... mode     1
Reading 'data/gaussian_34_water_pbe0_dz_esp.cube'... mode     1
Reading 'data/gaussian_35_water_pbe0_dz_esp.cube'... mode     1
Reading 'data/gaussian_36_water_pbe0_dz_esp.cube'... mode     1
Reading 'data/gaussian_37_water_pbe0_dz_esp.cube'... mode     1
Reading 'data/gaussian_38_water_pbe0_dz_esp.cube'... mode     1
Reading 'data/gaussian_39_water_pbe0_dz_esp.cube'... mode     1
Reading 'data/gaussian_40_water_pbe0_dz_esp.cube'... mode     1
Reading 'data/gaussian_41_water_pbe0_dz_esp.cube'... mode     1
Reading 'data/gaussian_42_water_pbe0_dz_esp.cube'... mode     1
Reading 'data/gaussian_43_water_pbe0_dz_esp.cube'... mode     1
Reading 'data/gaussian_44_water_pbe0_dz_esp.cube'... mode     1
Reading 'data/gaussian_45_water_pbe0_dz_esp.cube'... mode     1
Reading 'data/gaussian_46_water_pbe0_dz_esp.cube'... mode     1
Reading 'data/gaussian_47_water_pbe0_dz_esp.cube'... mode     1
Reading 'data/gaussian_48_water_pbe0_dz_esp.cube'... mode     1
Reading 'data/gaussian_49_water_pbe0_dz_esp.cube'... mode     1
Reading 'data/gaussian_50_water_pbe0_dz_esp.cube'... mode     1
Reading 'data/gaussian_51_water_pbe0_dz_esp.cube'... mode     1
Reading 'data/gaussian_52_water_pbe0_dz_esp.cube'... mode     1
Reading 'data/gaussian_53_water_pbe0_dz_esp.cube'... mode     1
Reading 'data/gaussian_54_water_pbe0_dz_esp.cube'... mode     1
Reading 'data/gaussian_55_water_pbe0_dz_esp.cube'... mode     1
Reading 'data/gaussian_56_water_pbe0_dz_esp.cube'... mode     1
Reading 'data/gaussian_57_water_pbe0_dz_esp.cube'... mode     1
Reading 'data/gaussian_58_water_pbe0_dz_esp.cube'... mode     1
Reading 'data/gaussian_59_water_pbe0_dz_esp.cube'... mode     1
Reading 'data/gaussian_60_water_pbe0_dz_esp.cube'... mode     1
Reading 'data/gaussian_61_water_pbe0_dz_esp.cube'... mode     1
Reading 'data/gaussian_62_water_pbe0_dz_esp.cube'... mode     1
Reading 'data/gaussian_63_water_pbe0_dz_esp.cube'... mode     1
Reading 'data/gaussian_64_water_pbe0_dz_esp.cube'... mode     1
Reading 'data/gaussian_65_water_pbe0_dz_esp.cube'... mode     1
Reading 'data/gaussian_66_water_pbe0_dz_esp.cube'... mode     1
Reading 'data/gaussian_67_water_pbe0_dz_esp.cube'... mode     1
Reading 'data/gaussian_68_water_pbe0_dz_esp.cube'... mode     1
Reading 'data/gaussian_69_water_pbe0_dz_esp.cube'... mode     1
Reading 'data/gaussian_70_water_pbe0_dz_esp.cube'... mode     1
Reading 'data/gaussian_71_water_pbe0_dz_esp.cube'... mode     1
Reading 'data/gaussian_72_water_pbe0_dz_esp.cube'... mode     1
Reading 'data/gaussian_73_water_pbe0_dz_esp.cube'... mode     1
Reading 'data/gaussian_74_water_pbe0_dz_esp.cube'... mode     1
Reading 'data/gaussian_75_water_pbe0_dz_esp.cube'... mode     1
Reading 'data/gaussian_76_water_pbe0_dz_esp.cube'... mode     1
Reading 'data/gaussian_77_water_pbe0_dz_esp.cube'... mode     1
Reading 'data/gaussian_78_water_pbe0_dz_esp.cube'... mode     1
Reading 'data/gaussian_79_water_pbe0_dz_esp.cube'... mode     1
Reading 'data/gaussian_80_water_pbe0_dz_esp.cube'... mode     1
Reading 'data/gaussian_81_water_pbe0_dz_esp.cube'... mode     1
Reading 'data/gaussian_82_water_pbe0_dz_esp.cube'... mode     1
Reading 'data/gaussian_83_water_pbe0_dz_esp.cube'... mode     1
Reading 'data/gaussian_84_water_pbe0_dz_esp.cube'... mode     1
Reading 'data/gaussian_85_water_pbe0_dz_esp.cube'... mode     1
Reading 'data/gaussian_86_water_pbe0_dz_esp.cube'... mode     1
Reading 'data/gaussian_87_water_pbe0_dz_esp.cube'... mode     1
Reading 'data/gaussian_88_water_pbe0_dz_esp.cube'... mode     1
Reading 'data/gaussian_89_water_pbe0_dz_esp.cube'... mode     1
Reading 'data/gaussian_90_water_pbe0_dz_esp.cube'... mode     1
Reading 'data/gaussian_91_water_pbe0_dz_esp.cube'... mode     1
Reading 'data/gaussian_92_water_pbe0_dz_esp.cube'... mode     1
Reading 'data/gaussian_93_water_pbe0_dz_esp.cube'... mode     1
Reading 'data/gaussian_94_water_pbe0_dz_esp.cube'... mode     1
Reading 'data/gaussian_95_water_pbe0_dz_esp.cube'... mode     1
Reading 'data/gaussian_96_water_pbe0_dz_esp.cube'... mode     1
Reading 'data/gaussian_97_water_pbe0_dz_esp.cube'... mode     1
Reading 'data/gaussian_98_water_pbe0_dz_esp.cube'... mode     1
Reading 'data/gaussian_99_water_pbe0_dz_esp.cube'... mode     1
Reading 'data/gaussian_100_water_pbe0_dz_esp.cube'... mode     1
Reading 'data/gaussian_101_water_pbe0_dz_esp.cube'... mode     1
Reading 'data/gaussian_102_water_pbe0_dz_esp.cube'... mode     1
Reading 'data/gaussian_103_water_pbe0_dz_esp.cube'... mode     1
Reading 'data/gaussian_104_water_pbe0_dz_esp.cube'... mode     1
Reading 'data/gaussian_105_water_pbe0_dz_esp.cube'... mode     1
Reading 'data/gaussian_106_water_pbe0_dz_esp.cube'... mode     1
Reading 'data/gaussian_107_water_pbe0_dz_esp.cube'... mode     1
Reading 'data/gaussian_108_water_pbe0_dz_esp.cube'... mode     1
Reading 'data/gaussian_109_water_pbe0_dz_esp.cube'... mode     1
Reading 'data/gaussian_110_water_pbe0_dz_esp.cube'... mode     1
Reading 'data/gaussian_111_water_pbe0_dz_esp.cube'... mode     1
Reading 'data/gaussian_112_water_pbe0_dz_esp.cube'... mode     1
Reading 'data/gaussian_113_water_pbe0_dz_esp.cube'... mode     1
Reading 'data/gaussian_114_water_pbe0_dz_esp.cube'... mode     1
Reading 'data/gaussian_115_water_pbe0_dz_esp.cube'... mode     1
Reading 'data/gaussian_116_water_pbe0_dz_esp.cube'... mode     1
Reading 'data/gaussian_117_water_pbe0_dz_esp.cube'... mode     1
Reading 'data/gaussian_118_water_pbe0_dz_esp.cube'... mode     1
Reading 'data/gaussian_119_water_pbe0_dz_esp.cube'... mode     1
Reading 'data/gaussian_120_water_pbe0_dz_esp.cube'... mode     1
Reading 'data/gaussian_121_water_pbe0_dz_esp.cube'... mode     1
Reading 'data/gaussian_122_water_pbe0_dz_esp.cube'... mode     1
Reading 'data/gaussian_123_water_pbe0_dz_esp.cube'... mode     1
Reading 'data/gaussian_124_water_pbe0_dz_esp.cube'... mode     1
Reading 'data/gaussian_125_water_pbe0_dz_esp.cube'... mode     1
Reading 'data/gaussian_126_water_pbe0_dz_esp.cube'... mode     1
Reading 'data/gaussian_127_water_pbe0_dz_esp.cube'... mode     1
Reading 'data/gaussian_128_water_pbe0_dz_esp.cube'... mode     1
Reading 'data/gaussian_129_water_pbe0_dz_esp.cube'... mode     1
Reading 'data/gaussian_130_water_pbe0_dz_esp.cube'... mode     1
Reading 'data/gaussian_131_water_pbe0_dz_esp.cube'... mode     1
Reading 'data/gaussian_132_water_pbe0_dz_esp.cube'... mode     1
Reading 'data/gaussian_133_water_pbe0_dz_esp.cube'... mode     1
Reading 'data/gaussian_134_water_pbe0_dz_esp.cube'... mode     1
Reading 'data/gaussian_135_water_pbe0_dz_esp.cube'... mode     1
Reading 'data/gaussian_136_water_pbe0_dz_esp.cube'... mode     1
Reading 'data/gaussian_137_water_pbe0_dz_esp.cube'... mode     1
Reading 'data/gaussian_138_water_pbe0_dz_esp.cube'... mode     1
Reading 'data/gaussian_139_water_pbe0_dz_esp.cube'... mode     1
Reading 'data/gaussian_140_water_pbe0_dz_esp.cube'... mode     1
Reading 'data/gaussian_141_water_pbe0_dz_esp.cube'... mode     1
Reading 'data/gaussian_142_water_pbe0_dz_esp.cube'... mode     1
Reading 'data/gaussian_143_water_pbe0_dz_esp.cube'... mode     1
Reading 'data/gaussian_144_water_pbe0_dz_esp.cube'... mode     1
Reading 'data/gaussian_145_water_pbe0_dz_esp.cube'... mode     1
Reading 'data/gaussian_146_water_pbe0_dz_esp.cube'... mode     1
Reading 'data/gaussian_147_water_pbe0_dz_esp.cube'... mode     1
Reading 'data/gaussian_148_water_pbe0_dz_esp.cube'... mode     1
Reading 'data/gaussian_149_water_pbe0_dz_esp.cube'... mode     1
Reading 'data/gaussian_150_water_pbe0_dz_esp.cube'... mode     1
Reading 'data/gaussian_151_water_pbe0_dz_esp.cube'... mode     1
Reading 'data/gaussian_152_water_pbe0_dz_esp.cube'... mode     1
Reading 'data/gaussian_153_water_pbe0_dz_esp.cube'... mode     1
Reading 'data/gaussian_154_water_pbe0_dz_esp.cube'... mode     1
Reading 'data/gaussian_155_water_pbe0_dz_esp.cube'... mode     1
Reading 'data/gaussian_156_water_pbe0_dz_esp.cube'... mode     1
Reading 'data/gaussian_157_water_pbe0_dz_esp.cube'... mode     1
Reading 'data/gaussian_158_water_pbe0_dz_esp.cube'... mode     1
Reading 'data/gaussian_159_water_pbe0_dz_esp.cube'... mode     1
Reading 'data/gaussian_160_water_pbe0_dz_esp.cube'... mode     1
Reading 'data/gaussian_161_water_pbe0_dz_esp.cube'... mode     1
Reading 'data/gaussian_162_water_pbe0_dz_esp.cube'... mode     1
Reading 'data/gaussian_163_water_pbe0_dz_esp.cube'... mode     1
Reading 'data/gaussian_164_water_pbe0_dz_esp.cube'... mode     1
Reading 'data/gaussian_165_water_pbe0_dz_esp.cube'... mode     1
Reading 'data/gaussian_166_water_pbe0_dz_esp.cube'... mode     1
Reading 'data/gaussian_167_water_pbe0_dz_esp.cube'... mode     1
Reading 'data/gaussian_168_water_pbe0_dz_esp.cube'... mode     1
Reading 'data/gaussian_169_water_pbe0_dz_esp.cube'... mode     1
Reading 'data/gaussian_170_water_pbe0_dz_esp.cube'... mode     1
Reading 'data/gaussian_171_water_pbe0_dz_esp.cube'... mode     1
Reading 'data/gaussian_172_water_pbe0_dz_esp.cube'... mode     1
Reading 'data/gaussian_173_water_pbe0_dz_esp.cube'... mode     1
Reading 'data/gaussian_174_water_pbe0_dz_esp.cube'... mode     1
Reading 'data/gaussian_175_water_pbe0_dz_esp.cube'... mode     1
Reading 'data/gaussian_176_water_pbe0_dz_esp.cube'... mode     1
Reading 'data/gaussian_177_water_pbe0_dz_esp.cube'... mode     1
Reading 'data/gaussian_178_water_pbe0_dz_esp.cube'... mode     1
Reading 'data/gaussian_179_water_pbe0_dz_esp.cube'... mode     1
Reading 'data/gaussian_0_water_pbe0_dz_esp.cube'... mode     2
Reading 'data/gaussian_1_water_pbe0_dz_esp.cube'... mode     2
Reading 'data/gaussian_2_water_pbe0_dz_esp.cube'... mode     2
Reading 'data/gaussian_3_water_pbe0_dz_esp.cube'... mode     2
Reading 'data/gaussian_4_water_pbe0_dz_esp.cube'... mode     2
Reading 'data/gaussian_5_water_pbe0_dz_esp.cube'... mode     2
Reading 'data/gaussian_6_water_pbe0_dz_esp.cube'... mode     2
Reading 'data/gaussian_7_water_pbe0_dz_esp.cube'... mode     2
Reading 'data/gaussian_8_water_pbe0_dz_esp.cube'... mode     2
Reading 'data/gaussian_9_water_pbe0_dz_esp.cube'... mode     2
Reading 'data/gaussian_10_water_pbe0_dz_esp.cube'... mode     2
Reading 'data/gaussian_11_water_pbe0_dz_esp.cube'... mode     2
Reading 'data/gaussian_12_water_pbe0_dz_esp.cube'... mode     2
Reading 'data/gaussian_13_water_pbe0_dz_esp.cube'... mode     2
Reading 'data/gaussian_14_water_pbe0_dz_esp.cube'... mode     2
Reading 'data/gaussian_15_water_pbe0_dz_esp.cube'... mode     2
Reading 'data/gaussian_16_water_pbe0_dz_esp.cube'... mode     2
Reading 'data/gaussian_17_water_pbe0_dz_esp.cube'... mode     2
Reading 'data/gaussian_18_water_pbe0_dz_esp.cube'... mode     2
Reading 'data/gaussian_19_water_pbe0_dz_esp.cube'... mode     2
Reading 'data/gaussian_20_water_pbe0_dz_esp.cube'... mode     2
Reading 'data/gaussian_21_water_pbe0_dz_esp.cube'... mode     2
Reading 'data/gaussian_22_water_pbe0_dz_esp.cube'... mode     2
Reading 'data/gaussian_23_water_pbe0_dz_esp.cube'... mode     2
Reading 'data/gaussian_24_water_pbe0_dz_esp.cube'... mode     2
Reading 'data/gaussian_25_water_pbe0_dz_esp.cube'... mode     2
Reading 'data/gaussian_26_water_pbe0_dz_esp.cube'... mode     2
Reading 'data/gaussian_27_water_pbe0_dz_esp.cube'... mode     2
Reading 'data/gaussian_28_water_pbe0_dz_esp.cube'... mode     2
Reading 'data/gaussian_29_water_pbe0_dz_esp.cube'... mode     2
Reading 'data/gaussian_30_water_pbe0_dz_esp.cube'... mode     2
Reading 'data/gaussian_31_water_pbe0_dz_esp.cube'... mode     2
Reading 'data/gaussian_32_water_pbe0_dz_esp.cube'... mode     2
Reading 'data/gaussian_33_water_pbe0_dz_esp.cube'... mode     2
Reading 'data/gaussian_34_water_pbe0_dz_esp.cube'... mode     2
Reading 'data/gaussian_35_water_pbe0_dz_esp.cube'... mode     2
Reading 'data/gaussian_36_water_pbe0_dz_esp.cube'... mode     2
Reading 'data/gaussian_37_water_pbe0_dz_esp.cube'... mode     2
Reading 'data/gaussian_38_water_pbe0_dz_esp.cube'... mode     2
Reading 'data/gaussian_39_water_pbe0_dz_esp.cube'... mode     2
Reading 'data/gaussian_40_water_pbe0_dz_esp.cube'... mode     2
Reading 'data/gaussian_41_water_pbe0_dz_esp.cube'... mode     2
Reading 'data/gaussian_42_water_pbe0_dz_esp.cube'... mode     2
Reading 'data/gaussian_43_water_pbe0_dz_esp.cube'... mode     2
Reading 'data/gaussian_44_water_pbe0_dz_esp.cube'... mode     2
Reading 'data/gaussian_45_water_pbe0_dz_esp.cube'... mode     2
Reading 'data/gaussian_46_water_pbe0_dz_esp.cube'... mode     2
Reading 'data/gaussian_47_water_pbe0_dz_esp.cube'... mode     2
Reading 'data/gaussian_48_water_pbe0_dz_esp.cube'... mode     2
Reading 'data/gaussian_49_water_pbe0_dz_esp.cube'... mode     2
Reading 'data/gaussian_50_water_pbe0_dz_esp.cube'... mode     2
Reading 'data/gaussian_51_water_pbe0_dz_esp.cube'... mode     2
Reading 'data/gaussian_52_water_pbe0_dz_esp.cube'... mode     2
Reading 'data/gaussian_53_water_pbe0_dz_esp.cube'... mode     2
Reading 'data/gaussian_54_water_pbe0_dz_esp.cube'... mode     2
Reading 'data/gaussian_55_water_pbe0_dz_esp.cube'... mode     2
Reading 'data/gaussian_56_water_pbe0_dz_esp.cube'... mode     2
Reading 'data/gaussian_57_water_pbe0_dz_esp.cube'... mode     2
Reading 'data/gaussian_58_water_pbe0_dz_esp.cube'... mode     2
Reading 'data/gaussian_59_water_pbe0_dz_esp.cube'... mode     2
Reading 'data/gaussian_60_water_pbe0_dz_esp.cube'... mode     2
Reading 'data/gaussian_61_water_pbe0_dz_esp.cube'... mode     2
Reading 'data/gaussian_62_water_pbe0_dz_esp.cube'... mode     2
Reading 'data/gaussian_63_water_pbe0_dz_esp.cube'... mode     2
Reading 'data/gaussian_64_water_pbe0_dz_esp.cube'... mode     2
Reading 'data/gaussian_65_water_pbe0_dz_esp.cube'... mode     2
Reading 'data/gaussian_66_water_pbe0_dz_esp.cube'... mode     2
Reading 'data/gaussian_67_water_pbe0_dz_esp.cube'... mode     2
Reading 'data/gaussian_68_water_pbe0_dz_esp.cube'... mode     2
Reading 'data/gaussian_69_water_pbe0_dz_esp.cube'... mode     2
Reading 'data/gaussian_70_water_pbe0_dz_esp.cube'... mode     2
Reading 'data/gaussian_71_water_pbe0_dz_esp.cube'... mode     2
Reading 'data/gaussian_72_water_pbe0_dz_esp.cube'... mode     2
Reading 'data/gaussian_73_water_pbe0_dz_esp.cube'... mode     2
Reading 'data/gaussian_74_water_pbe0_dz_esp.cube'... mode     2
Reading 'data/gaussian_75_water_pbe0_dz_esp.cube'... mode     2
Reading 'data/gaussian_76_water_pbe0_dz_esp.cube'... mode     2
Reading 'data/gaussian_77_water_pbe0_dz_esp.cube'... mode     2
Reading 'data/gaussian_78_water_pbe0_dz_esp.cube'... mode     2
Reading 'data/gaussian_79_water_pbe0_dz_esp.cube'... mode     2
Reading 'data/gaussian_80_water_pbe0_dz_esp.cube'... mode     2
Reading 'data/gaussian_81_water_pbe0_dz_esp.cube'... mode     2
Reading 'data/gaussian_82_water_pbe0_dz_esp.cube'... mode     2
Reading 'data/gaussian_83_water_pbe0_dz_esp.cube'... mode     2
Reading 'data/gaussian_84_water_pbe0_dz_esp.cube'... mode     2
Reading 'data/gaussian_85_water_pbe0_dz_esp.cube'... mode     2
Reading 'data/gaussian_86_water_pbe0_dz_esp.cube'... mode     2
Reading 'data/gaussian_87_water_pbe0_dz_esp.cube'... mode     2
Reading 'data/gaussian_88_water_pbe0_dz_esp.cube'... mode     2
Reading 'data/gaussian_89_water_pbe0_dz_esp.cube'... mode     2
Reading 'data/gaussian_90_water_pbe0_dz_esp.cube'... mode     2
Reading 'data/gaussian_91_water_pbe0_dz_esp.cube'... mode     2
Reading 'data/gaussian_92_water_pbe0_dz_esp.cube'... mode     2
Reading 'data/gaussian_93_water_pbe0_dz_esp.cube'... mode     2
Reading 'data/gaussian_94_water_pbe0_dz_esp.cube'... mode     2
Reading 'data/gaussian_95_water_pbe0_dz_esp.cube'... mode     2
Reading 'data/gaussian_96_water_pbe0_dz_esp.cube'... mode     2
Reading 'data/gaussian_97_water_pbe0_dz_esp.cube'... mode     2
Reading 'data/gaussian_98_water_pbe0_dz_esp.cube'... mode     2
Reading 'data/gaussian_99_water_pbe0_dz_esp.cube'... mode     2
Reading 'data/gaussian_100_water_pbe0_dz_esp.cube'... mode     2
Reading 'data/gaussian_101_water_pbe0_dz_esp.cube'... mode     2
Reading 'data/gaussian_102_water_pbe0_dz_esp.cube'... mode     2
Reading 'data/gaussian_103_water_pbe0_dz_esp.cube'... mode     2
Reading 'data/gaussian_104_water_pbe0_dz_esp.cube'... mode     2
Reading 'data/gaussian_105_water_pbe0_dz_esp.cube'... mode     2
Reading 'data/gaussian_106_water_pbe0_dz_esp.cube'... mode     2
Reading 'data/gaussian_107_water_pbe0_dz_esp.cube'... mode     2
Reading 'data/gaussian_108_water_pbe0_dz_esp.cube'... mode     2
Reading 'data/gaussian_109_water_pbe0_dz_esp.cube'... mode     2
Reading 'data/gaussian_110_water_pbe0_dz_esp.cube'... mode     2
Reading 'data/gaussian_111_water_pbe0_dz_esp.cube'... mode     2
Reading 'data/gaussian_112_water_pbe0_dz_esp.cube'... mode     2
Reading 'data/gaussian_113_water_pbe0_dz_esp.cube'... mode     2
Reading 'data/gaussian_114_water_pbe0_dz_esp.cube'... mode     2
Reading 'data/gaussian_115_water_pbe0_dz_esp.cube'... mode     2
Reading 'data/gaussian_116_water_pbe0_dz_esp.cube'... mode     2
Reading 'data/gaussian_117_water_pbe0_dz_esp.cube'... mode     2
Reading 'data/gaussian_118_water_pbe0_dz_esp.cube'... mode     2
Reading 'data/gaussian_119_water_pbe0_dz_esp.cube'... mode     2
Reading 'data/gaussian_120_water_pbe0_dz_esp.cube'... mode     2
Reading 'data/gaussian_121_water_pbe0_dz_esp.cube'... mode     2
Reading 'data/gaussian_122_water_pbe0_dz_esp.cube'... mode     2
Reading 'data/gaussian_123_water_pbe0_dz_esp.cube'... mode     2
Reading 'data/gaussian_124_water_pbe0_dz_esp.cube'... mode     2
Reading 'data/gaussian_125_water_pbe0_dz_esp.cube'... mode     2
Reading 'data/gaussian_126_water_pbe0_dz_esp.cube'... mode     2
Reading 'data/gaussian_127_water_pbe0_dz_esp.cube'... mode     2
Reading 'data/gaussian_128_water_pbe0_dz_esp.cube'... mode     2
Reading 'data/gaussian_129_water_pbe0_dz_esp.cube'... mode     2
Reading 'data/gaussian_130_water_pbe0_dz_esp.cube'... mode     2
Reading 'data/gaussian_131_water_pbe0_dz_esp.cube'... mode     2
Reading 'data/gaussian_132_water_pbe0_dz_esp.cube'... mode     2
Reading 'data/gaussian_133_water_pbe0_dz_esp.cube'... mode     2
Reading 'data/gaussian_134_water_pbe0_dz_esp.cube'... mode     2
Reading 'data/gaussian_135_water_pbe0_dz_esp.cube'... mode     2
Reading 'data/gaussian_136_water_pbe0_dz_esp.cube'... mode     2
Reading 'data/gaussian_137_water_pbe0_dz_esp.cube'... mode     2
Reading 'data/gaussian_138_water_pbe0_dz_esp.cube'... mode     2
Reading 'data/gaussian_139_water_pbe0_dz_esp.cube'... mode     2
Reading 'data/gaussian_140_water_pbe0_dz_esp.cube'... mode     2
Reading 'data/gaussian_141_water_pbe0_dz_esp.cube'... mode     2
Reading 'data/gaussian_142_water_pbe0_dz_esp.cube'... mode     2
Reading 'data/gaussian_143_water_pbe0_dz_esp.cube'... mode     2
Reading 'data/gaussian_144_water_pbe0_dz_esp.cube'... mode     2
Reading 'data/gaussian_145_water_pbe0_dz_esp.cube'... mode     2
Reading 'data/gaussian_146_water_pbe0_dz_esp.cube'... mode     2
Reading 'data/gaussian_147_water_pbe0_dz_esp.cube'... mode     2
Reading 'data/gaussian_148_water_pbe0_dz_esp.cube'... mode     2
Reading 'data/gaussian_149_water_pbe0_dz_esp.cube'... mode     2
Reading 'data/gaussian_150_water_pbe0_dz_esp.cube'... mode     2
Reading 'data/gaussian_151_water_pbe0_dz_esp.cube'... mode     2
Reading 'data/gaussian_152_water_pbe0_dz_esp.cube'... mode     2
Reading 'data/gaussian_153_water_pbe0_dz_esp.cube'... mode     2
Reading 'data/gaussian_154_water_pbe0_dz_esp.cube'... mode     2
Reading 'data/gaussian_155_water_pbe0_dz_esp.cube'... mode     2
Reading 'data/gaussian_156_water_pbe0_dz_esp.cube'... mode     2
Reading 'data/gaussian_157_water_pbe0_dz_esp.cube'... mode     2
Reading 'data/gaussian_158_water_pbe0_dz_esp.cube'... mode     2
Reading 'data/gaussian_159_water_pbe0_dz_esp.cube'... mode     2
Reading 'data/gaussian_160_water_pbe0_dz_esp.cube'... mode     2
Reading 'data/gaussian_161_water_pbe0_dz_esp.cube'... mode     2
Reading 'data/gaussian_162_water_pbe0_dz_esp.cube'... mode     2
Reading 'data/gaussian_163_water_pbe0_dz_esp.cube'... mode     2
Reading 'data/gaussian_164_water_pbe0_dz_esp.cube'... mode     2
Reading 'data/gaussian_165_water_pbe0_dz_esp.cube'... mode     2
Reading 'data/gaussian_166_water_pbe0_dz_esp.cube'... mode     2
Reading 'data/gaussian_167_water_pbe0_dz_esp.cube'... mode     2
Reading 'data/gaussian_168_water_pbe0_dz_esp.cube'... mode     2
Reading 'data/gaussian_169_water_pbe0_dz_esp.cube'... mode     2
Reading 'data/gaussian_170_water_pbe0_dz_esp.cube'... mode     2
Reading 'data/gaussian_171_water_pbe0_dz_esp.cube'... mode     2
Reading 'data/gaussian_172_water_pbe0_dz_esp.cube'... mode     2
Reading 'data/gaussian_173_water_pbe0_dz_esp.cube'... mode     2
Reading 'data/gaussian_174_water_pbe0_dz_esp.cube'... mode     2
Reading 'data/gaussian_175_water_pbe0_dz_esp.cube'... mode     2
Reading 'data/gaussian_176_water_pbe0_dz_esp.cube'... mode     2
Reading 'data/gaussian_177_water_pbe0_dz_esp.cube'... mode     2
Reading 'data/gaussian_178_water_pbe0_dz_esp.cube'... mode     2
Reading 'data/gaussian_179_water_pbe0_dz_esp.cube'... mode     2
Reading 'data/gaussian_0_water_pbe0_dz_esp.cube'... mode     3
Reading 'data/gaussian_1_water_pbe0_dz_esp.cube'... mode     3
Reading 'data/gaussian_2_water_pbe0_dz_esp.cube'... mode     3
Reading 'data/gaussian_3_water_pbe0_dz_esp.cube'... mode     3
Reading 'data/gaussian_4_water_pbe0_dz_esp.cube'... mode     3
Reading 'data/gaussian_5_water_pbe0_dz_esp.cube'... mode     3
Reading 'data/gaussian_6_water_pbe0_dz_esp.cube'... mode     3
Reading 'data/gaussian_7_water_pbe0_dz_esp.cube'... mode     3
Reading 'data/gaussian_8_water_pbe0_dz_esp.cube'... mode     3
Reading 'data/gaussian_9_water_pbe0_dz_esp.cube'... mode     3
Reading 'data/gaussian_10_water_pbe0_dz_esp.cube'... mode     3
Reading 'data/gaussian_11_water_pbe0_dz_esp.cube'... mode     3
Reading 'data/gaussian_12_water_pbe0_dz_esp.cube'... mode     3
Reading 'data/gaussian_13_water_pbe0_dz_esp.cube'... mode     3
Reading 'data/gaussian_14_water_pbe0_dz_esp.cube'... mode     3
Reading 'data/gaussian_15_water_pbe0_dz_esp.cube'... mode     3
Reading 'data/gaussian_16_water_pbe0_dz_esp.cube'... mode     3
Reading 'data/gaussian_17_water_pbe0_dz_esp.cube'... mode     3
Reading 'data/gaussian_18_water_pbe0_dz_esp.cube'... mode     3
Reading 'data/gaussian_19_water_pbe0_dz_esp.cube'... mode     3
Reading 'data/gaussian_20_water_pbe0_dz_esp.cube'... mode     3
Reading 'data/gaussian_21_water_pbe0_dz_esp.cube'... mode     3
Reading 'data/gaussian_22_water_pbe0_dz_esp.cube'... mode     3
Reading 'data/gaussian_23_water_pbe0_dz_esp.cube'... mode     3
Reading 'data/gaussian_24_water_pbe0_dz_esp.cube'... mode     3
Reading 'data/gaussian_25_water_pbe0_dz_esp.cube'... mode     3
Reading 'data/gaussian_26_water_pbe0_dz_esp.cube'... mode     3
Reading 'data/gaussian_27_water_pbe0_dz_esp.cube'... mode     3
Reading 'data/gaussian_28_water_pbe0_dz_esp.cube'... mode     3
Reading 'data/gaussian_29_water_pbe0_dz_esp.cube'... mode     3
Reading 'data/gaussian_30_water_pbe0_dz_esp.cube'... mode     3
Reading 'data/gaussian_31_water_pbe0_dz_esp.cube'... mode     3
Reading 'data/gaussian_32_water_pbe0_dz_esp.cube'... mode     3
Reading 'data/gaussian_33_water_pbe0_dz_esp.cube'... mode     3
Reading 'data/gaussian_34_water_pbe0_dz_esp.cube'... mode     3
Reading 'data/gaussian_35_water_pbe0_dz_esp.cube'... mode     3
Reading 'data/gaussian_36_water_pbe0_dz_esp.cube'... mode     3
Reading 'data/gaussian_37_water_pbe0_dz_esp.cube'... mode     3
Reading 'data/gaussian_38_water_pbe0_dz_esp.cube'... mode     3
Reading 'data/gaussian_39_water_pbe0_dz_esp.cube'... mode     3
Reading 'data/gaussian_40_water_pbe0_dz_esp.cube'... mode     3
Reading 'data/gaussian_41_water_pbe0_dz_esp.cube'... mode     3
Reading 'data/gaussian_42_water_pbe0_dz_esp.cube'... mode     3
Reading 'data/gaussian_43_water_pbe0_dz_esp.cube'... mode     3
Reading 'data/gaussian_44_water_pbe0_dz_esp.cube'... mode     3
Reading 'data/gaussian_45_water_pbe0_dz_esp.cube'... mode     3
Reading 'data/gaussian_46_water_pbe0_dz_esp.cube'... mode     3
Reading 'data/gaussian_47_water_pbe0_dz_esp.cube'... mode     3
Reading 'data/gaussian_48_water_pbe0_dz_esp.cube'... mode     3
Reading 'data/gaussian_49_water_pbe0_dz_esp.cube'... mode     3
Reading 'data/gaussian_50_water_pbe0_dz_esp.cube'... mode     3
Reading 'data/gaussian_51_water_pbe0_dz_esp.cube'... mode     3
Reading 'data/gaussian_52_water_pbe0_dz_esp.cube'... mode     3
Reading 'data/gaussian_53_water_pbe0_dz_esp.cube'... mode     3
Reading 'data/gaussian_54_water_pbe0_dz_esp.cube'... mode     3
Reading 'data/gaussian_55_water_pbe0_dz_esp.cube'... mode     3
Reading 'data/gaussian_56_water_pbe0_dz_esp.cube'... mode     3
Reading 'data/gaussian_57_water_pbe0_dz_esp.cube'... mode     3
Reading 'data/gaussian_58_water_pbe0_dz_esp.cube'... mode     3
Reading 'data/gaussian_59_water_pbe0_dz_esp.cube'... mode     3
Reading 'data/gaussian_60_water_pbe0_dz_esp.cube'... mode     3
Reading 'data/gaussian_61_water_pbe0_dz_esp.cube'... mode     3
Reading 'data/gaussian_62_water_pbe0_dz_esp.cube'... mode     3
Reading 'data/gaussian_63_water_pbe0_dz_esp.cube'... mode     3
Reading 'data/gaussian_64_water_pbe0_dz_esp.cube'... mode     3
Reading 'data/gaussian_65_water_pbe0_dz_esp.cube'... mode     3
Reading 'data/gaussian_66_water_pbe0_dz_esp.cube'... mode     3
Reading 'data/gaussian_67_water_pbe0_dz_esp.cube'... mode     3
Reading 'data/gaussian_68_water_pbe0_dz_esp.cube'... mode     3
Reading 'data/gaussian_69_water_pbe0_dz_esp.cube'... mode     3
Reading 'data/gaussian_70_water_pbe0_dz_esp.cube'... mode     3
Reading 'data/gaussian_71_water_pbe0_dz_esp.cube'... mode     3
Reading 'data/gaussian_72_water_pbe0_dz_esp.cube'... mode     3
Reading 'data/gaussian_73_water_pbe0_dz_esp.cube'... mode     3
Reading 'data/gaussian_74_water_pbe0_dz_esp.cube'... mode     3
Reading 'data/gaussian_75_water_pbe0_dz_esp.cube'... mode     3
Reading 'data/gaussian_76_water_pbe0_dz_esp.cube'... mode     3
Reading 'data/gaussian_77_water_pbe0_dz_esp.cube'... mode     3
Reading 'data/gaussian_78_water_pbe0_dz_esp.cube'... mode     3
Reading 'data/gaussian_79_water_pbe0_dz_esp.cube'... mode     3
Reading 'data/gaussian_80_water_pbe0_dz_esp.cube'... mode     3
Reading 'data/gaussian_81_water_pbe0_dz_esp.cube'... mode     3
Reading 'data/gaussian_82_water_pbe0_dz_esp.cube'... mode     3
Reading 'data/gaussian_83_water_pbe0_dz_esp.cube'... mode     3
Reading 'data/gaussian_84_water_pbe0_dz_esp.cube'... mode     3
Reading 'data/gaussian_85_water_pbe0_dz_esp.cube'... mode     3
Reading 'data/gaussian_86_water_pbe0_dz_esp.cube'... mode     3
Reading 'data/gaussian_87_water_pbe0_dz_esp.cube'... mode     3
Reading 'data/gaussian_88_water_pbe0_dz_esp.cube'... mode     3
Reading 'data/gaussian_89_water_pbe0_dz_esp.cube'... mode     3
Reading 'data/gaussian_90_water_pbe0_dz_esp.cube'... mode     3
Reading 'data/gaussian_91_water_pbe0_dz_esp.cube'... mode     3
Reading 'data/gaussian_92_water_pbe0_dz_esp.cube'... mode     3
Reading 'data/gaussian_93_water_pbe0_dz_esp.cube'... mode     3
Reading 'data/gaussian_94_water_pbe0_dz_esp.cube'... mode     3
Reading 'data/gaussian_95_water_pbe0_dz_esp.cube'... mode     3
Reading 'data/gaussian_96_water_pbe0_dz_esp.cube'... mode     3
Reading 'data/gaussian_97_water_pbe0_dz_esp.cube'... mode     3
Reading 'data/gaussian_98_water_pbe0_dz_esp.cube'... mode     3
Reading 'data/gaussian_99_water_pbe0_dz_esp.cube'... mode     3
Reading 'data/gaussian_100_water_pbe0_dz_esp.cube'... mode     3
Reading 'data/gaussian_101_water_pbe0_dz_esp.cube'... mode     3
Reading 'data/gaussian_102_water_pbe0_dz_esp.cube'... mode     3
Reading 'data/gaussian_103_water_pbe0_dz_esp.cube'... mode     3
Reading 'data/gaussian_104_water_pbe0_dz_esp.cube'... mode     3
Reading 'data/gaussian_105_water_pbe0_dz_esp.cube'... mode     3
Reading 'data/gaussian_106_water_pbe0_dz_esp.cube'... mode     3
Reading 'data/gaussian_107_water_pbe0_dz_esp.cube'... mode     3
Reading 'data/gaussian_108_water_pbe0_dz_esp.cube'... mode     3
Reading 'data/gaussian_109_water_pbe0_dz_esp.cube'... mode     3
Reading 'data/gaussian_110_water_pbe0_dz_esp.cube'... mode     3
Reading 'data/gaussian_111_water_pbe0_dz_esp.cube'... mode     3
Reading 'data/gaussian_112_water_pbe0_dz_esp.cube'... mode     3
Reading 'data/gaussian_113_water_pbe0_dz_esp.cube'... mode     3
Reading 'data/gaussian_114_water_pbe0_dz_esp.cube'... mode     3
Reading 'data/gaussian_115_water_pbe0_dz_esp.cube'... mode     3
Reading 'data/gaussian_116_water_pbe0_dz_esp.cube'... mode     3
Reading 'data/gaussian_117_water_pbe0_dz_esp.cube'... mode     3
Reading 'data/gaussian_118_water_pbe0_dz_esp.cube'... mode     3
Reading 'data/gaussian_119_water_pbe0_dz_esp.cube'... mode     3
Reading 'data/gaussian_120_water_pbe0_dz_esp.cube'... mode     3
Reading 'data/gaussian_121_water_pbe0_dz_esp.cube'... mode     3
Reading 'data/gaussian_122_water_pbe0_dz_esp.cube'... mode     3
Reading 'data/gaussian_123_water_pbe0_dz_esp.cube'... mode     3
Reading 'data/gaussian_124_water_pbe0_dz_esp.cube'... mode     3
Reading 'data/gaussian_125_water_pbe0_dz_esp.cube'... mode     3
Reading 'data/gaussian_126_water_pbe0_dz_esp.cube'... mode     3
Reading 'data/gaussian_127_water_pbe0_dz_esp.cube'... mode     3
Reading 'data/gaussian_128_water_pbe0_dz_esp.cube'... mode     3
Reading 'data/gaussian_129_water_pbe0_dz_esp.cube'... mode     3
Reading 'data/gaussian_130_water_pbe0_dz_esp.cube'... mode     3
Reading 'data/gaussian_131_water_pbe0_dz_esp.cube'... mode     3
Reading 'data/gaussian_132_water_pbe0_dz_esp.cube'... mode     3
Reading 'data/gaussian_133_water_pbe0_dz_esp.cube'... mode     3
Reading 'data/gaussian_134_water_pbe0_dz_esp.cube'... mode     3
Reading 'data/gaussian_135_water_pbe0_dz_esp.cube'... mode     3
Reading 'data/gaussian_136_water_pbe0_dz_esp.cube'... mode     3
Reading 'data/gaussian_137_water_pbe0_dz_esp.cube'... mode     3
Reading 'data/gaussian_138_water_pbe0_dz_esp.cube'... mode     3
Reading 'data/gaussian_139_water_pbe0_dz_esp.cube'... mode     3
Reading 'data/gaussian_140_water_pbe0_dz_esp.cube'... mode     3
Reading 'data/gaussian_141_water_pbe0_dz_esp.cube'... mode     3
Reading 'data/gaussian_142_water_pbe0_dz_esp.cube'... mode     3
Reading 'data/gaussian_143_water_pbe0_dz_esp.cube'... mode     3
Reading 'data/gaussian_144_water_pbe0_dz_esp.cube'... mode     3
Reading 'data/gaussian_145_water_pbe0_dz_esp.cube'... mode     3
Reading 'data/gaussian_146_water_pbe0_dz_esp.cube'... mode     3
Reading 'data/gaussian_147_water_pbe0_dz_esp.cube'... mode     3
Reading 'data/gaussian_148_water_pbe0_dz_esp.cube'... mode     3
Reading 'data/gaussian_149_water_pbe0_dz_esp.cube'... mode     3
Reading 'data/gaussian_150_water_pbe0_dz_esp.cube'... mode     3
Reading 'data/gaussian_151_water_pbe0_dz_esp.cube'... mode     3
Reading 'data/gaussian_152_water_pbe0_dz_esp.cube'... mode     3
Reading 'data/gaussian_153_water_pbe0_dz_esp.cube'... mode     3
Reading 'data/gaussian_154_water_pbe0_dz_esp.cube'... mode     3
Reading 'data/gaussian_155_water_pbe0_dz_esp.cube'... mode     3
Reading 'data/gaussian_156_water_pbe0_dz_esp.cube'... mode     3
Reading 'data/gaussian_157_water_pbe0_dz_esp.cube'... mode     3
Reading 'data/gaussian_158_water_pbe0_dz_esp.cube'... mode     3
Reading 'data/gaussian_159_water_pbe0_dz_esp.cube'... mode     3
Reading 'data/gaussian_160_water_pbe0_dz_esp.cube'... mode     3
Reading 'data/gaussian_161_water_pbe0_dz_esp.cube'... mode     3
Reading 'data/gaussian_162_water_pbe0_dz_esp.cube'... mode     3
Reading 'data/gaussian_163_water_pbe0_dz_esp.cube'... mode     3
Reading 'data/gaussian_164_water_pbe0_dz_esp.cube'... mode     3
Reading 'data/gaussian_165_water_pbe0_dz_esp.cube'... mode     3
Reading 'data/gaussian_166_water_pbe0_dz_esp.cube'... mode     3
Reading 'data/gaussian_167_water_pbe0_dz_esp.cube'... mode     3
Reading 'data/gaussian_168_water_pbe0_dz_esp.cube'... mode     3
Reading 'data/gaussian_169_water_pbe0_dz_esp.cube'... mode     3
Reading 'data/gaussian_170_water_pbe0_dz_esp.cube'... mode     3
Reading 'data/gaussian_171_water_pbe0_dz_esp.cube'... mode     3
Reading 'data/gaussian_172_water_pbe0_dz_esp.cube'... mode     3
Reading 'data/gaussian_173_water_pbe0_dz_esp.cube'... mode     3
Reading 'data/gaussian_174_water_pbe0_dz_esp.cube'... mode     3
Reading 'data/gaussian_175_water_pbe0_dz_esp.cube'... mode     3
Reading 'data/gaussian_176_water_pbe0_dz_esp.cube'... mode     3
Reading 'data/gaussian_177_water_pbe0_dz_esp.cube'... mode     3
Reading 'data/gaussian_178_water_pbe0_dz_esp.cube'... mode     3
Reading 'data/gaussian_179_water_pbe0_dz_esp.cube'... mode     3
Reading 'source/water.dcm'...
Start computing local axis systems ...
Reading 'data/gaussian_0_water_pbe0_dz_esp.cube'... mode     4
Reading 'data/gaussian_1_water_pbe0_dz_esp.cube'... mode     4
Reading 'data/gaussian_2_water_pbe0_dz_esp.cube'... mode     4
Reading 'data/gaussian_3_water_pbe0_dz_esp.cube'... mode     4
Reading 'data/gaussian_4_water_pbe0_dz_esp.cube'... mode     4
Reading 'data/gaussian_5_water_pbe0_dz_esp.cube'... mode     4
Reading 'data/gaussian_6_water_pbe0_dz_esp.cube'... mode     4
Reading 'data/gaussian_7_water_pbe0_dz_esp.cube'... mode     4
Reading 'data/gaussian_8_water_pbe0_dz_esp.cube'... mode     4
Reading 'data/gaussian_9_water_pbe0_dz_esp.cube'... mode     4
Reading 'data/gaussian_10_water_pbe0_dz_esp.cube'... mode     4
Reading 'data/gaussian_11_water_pbe0_dz_esp.cube'... mode     4
Reading 'data/gaussian_12_water_pbe0_dz_esp.cube'... mode     4
Reading 'data/gaussian_13_water_pbe0_dz_esp.cube'... mode     4
Reading 'data/gaussian_14_water_pbe0_dz_esp.cube'... mode     4
Reading 'data/gaussian_15_water_pbe0_dz_esp.cube'... mode     4
Reading 'data/gaussian_16_water_pbe0_dz_esp.cube'... mode     4
Reading 'data/gaussian_17_water_pbe0_dz_esp.cube'... mode     4
Reading 'data/gaussian_18_water_pbe0_dz_esp.cube'... mode     4
Reading 'data/gaussian_19_water_pbe0_dz_esp.cube'... mode     4
Reading 'data/gaussian_20_water_pbe0_dz_esp.cube'... mode     4
Reading 'data/gaussian_21_water_pbe0_dz_esp.cube'... mode     4
Reading 'data/gaussian_22_water_pbe0_dz_esp.cube'... mode     4
Reading 'data/gaussian_23_water_pbe0_dz_esp.cube'... mode     4
Reading 'data/gaussian_24_water_pbe0_dz_esp.cube'... mode     4
Reading 'data/gaussian_25_water_pbe0_dz_esp.cube'... mode     4
Reading 'data/gaussian_26_water_pbe0_dz_esp.cube'... mode     4
Reading 'data/gaussian_27_water_pbe0_dz_esp.cube'... mode     4
Reading 'data/gaussian_28_water_pbe0_dz_esp.cube'... mode     4
Reading 'data/gaussian_29_water_pbe0_dz_esp.cube'... mode     4
Reading 'data/gaussian_30_water_pbe0_dz_esp.cube'... mode     4
Reading 'data/gaussian_31_water_pbe0_dz_esp.cube'... mode     4
Reading 'data/gaussian_32_water_pbe0_dz_esp.cube'... mode     4
Reading 'data/gaussian_33_water_pbe0_dz_esp.cube'... mode     4
Reading 'data/gaussian_34_water_pbe0_dz_esp.cube'... mode     4
Reading 'data/gaussian_35_water_pbe0_dz_esp.cube'... mode     4
Reading 'data/gaussian_36_water_pbe0_dz_esp.cube'... mode     4
Reading 'data/gaussian_37_water_pbe0_dz_esp.cube'... mode     4
Reading 'data/gaussian_38_water_pbe0_dz_esp.cube'... mode     4
Reading 'data/gaussian_39_water_pbe0_dz_esp.cube'... mode     4
Reading 'data/gaussian_40_water_pbe0_dz_esp.cube'... mode     4
Reading 'data/gaussian_41_water_pbe0_dz_esp.cube'... mode     4
Reading 'data/gaussian_42_water_pbe0_dz_esp.cube'... mode     4
Reading 'data/gaussian_43_water_pbe0_dz_esp.cube'... mode     4
Reading 'data/gaussian_44_water_pbe0_dz_esp.cube'... mode     4
Reading 'data/gaussian_45_water_pbe0_dz_esp.cube'... mode     4
Reading 'data/gaussian_46_water_pbe0_dz_esp.cube'... mode     4
Reading 'data/gaussian_47_water_pbe0_dz_esp.cube'... mode     4
Reading 'data/gaussian_48_water_pbe0_dz_esp.cube'... mode     4
Reading 'data/gaussian_49_water_pbe0_dz_esp.cube'... mode     4
Reading 'data/gaussian_50_water_pbe0_dz_esp.cube'... mode     4
Reading 'data/gaussian_51_water_pbe0_dz_esp.cube'... mode     4
Reading 'data/gaussian_52_water_pbe0_dz_esp.cube'... mode     4
Reading 'data/gaussian_53_water_pbe0_dz_esp.cube'... mode     4
Reading 'data/gaussian_54_water_pbe0_dz_esp.cube'... mode     4
Reading 'data/gaussian_55_water_pbe0_dz_esp.cube'... mode     4
Reading 'data/gaussian_56_water_pbe0_dz_esp.cube'... mode     4
Reading 'data/gaussian_57_water_pbe0_dz_esp.cube'... mode     4
Reading 'data/gaussian_58_water_pbe0_dz_esp.cube'... mode     4
Reading 'data/gaussian_59_water_pbe0_dz_esp.cube'... mode     4
Reading 'data/gaussian_60_water_pbe0_dz_esp.cube'... mode     4
Reading 'data/gaussian_61_water_pbe0_dz_esp.cube'... mode     4
Reading 'data/gaussian_62_water_pbe0_dz_esp.cube'... mode     4
Reading 'data/gaussian_63_water_pbe0_dz_esp.cube'... mode     4
Reading 'data/gaussian_64_water_pbe0_dz_esp.cube'... mode     4
Reading 'data/gaussian_65_water_pbe0_dz_esp.cube'... mode     4
Reading 'data/gaussian_66_water_pbe0_dz_esp.cube'... mode     4
Reading 'data/gaussian_67_water_pbe0_dz_esp.cube'... mode     4
Reading 'data/gaussian_68_water_pbe0_dz_esp.cube'... mode     4
Reading 'data/gaussian_69_water_pbe0_dz_esp.cube'... mode     4
Reading 'data/gaussian_70_water_pbe0_dz_esp.cube'... mode     4
Reading 'data/gaussian_71_water_pbe0_dz_esp.cube'... mode     4
Reading 'data/gaussian_72_water_pbe0_dz_esp.cube'... mode     4
Reading 'data/gaussian_73_water_pbe0_dz_esp.cube'... mode     4
Reading 'data/gaussian_74_water_pbe0_dz_esp.cube'... mode     4
Reading 'data/gaussian_75_water_pbe0_dz_esp.cube'... mode     4
Reading 'data/gaussian_76_water_pbe0_dz_esp.cube'... mode     4
Reading 'data/gaussian_77_water_pbe0_dz_esp.cube'... mode     4
Reading 'data/gaussian_78_water_pbe0_dz_esp.cube'... mode     4
Reading 'data/gaussian_79_water_pbe0_dz_esp.cube'... mode     4
Reading 'data/gaussian_80_water_pbe0_dz_esp.cube'... mode     4
Reading 'data/gaussian_81_water_pbe0_dz_esp.cube'... mode     4
Reading 'data/gaussian_82_water_pbe0_dz_esp.cube'... mode     4
Reading 'data/gaussian_83_water_pbe0_dz_esp.cube'... mode     4
Reading 'data/gaussian_84_water_pbe0_dz_esp.cube'... mode     4
Reading 'data/gaussian_85_water_pbe0_dz_esp.cube'... mode     4
Reading 'data/gaussian_86_water_pbe0_dz_esp.cube'... mode     4
Reading 'data/gaussian_87_water_pbe0_dz_esp.cube'... mode     4
Reading 'data/gaussian_88_water_pbe0_dz_esp.cube'... mode     4
Reading 'data/gaussian_89_water_pbe0_dz_esp.cube'... mode     4
Reading 'data/gaussian_90_water_pbe0_dz_esp.cube'... mode     4
Reading 'data/gaussian_91_water_pbe0_dz_esp.cube'... mode     4
system_label
--------------
type(str):
  Label tag of your system for file identification.
  Each written file includes this label.
Your input:  water_pbe0_dz

system_file_coord
-------------------
type(str):
  Path to a cartesian 'xyz' or z-matrix 'zmat' file.
Your input:  source/water.xyz

system_file_type
------------------
type(str): ('xyz', 'zmat'), default 'xyz'
  Type identifier of your coordinate file as
  cartesian 'xyz' or z-matrix 'zmat' file.
Your input:  xyz

system_total_charge
---------------------
type(int), optional: default '0'
  Total charge of your system.
  Only integer charges are possible.
Your input:  0

system_spin_multiplicity
--------------------------
type(int), optional: default '1'
  Spin multiplicity of your system.
  The multiplicity is related to your total spin S by:
    multiplicity = 2*S + 1
Your input:  1

scan_dofs
-----------
type(list), optional: default 'None'
  List defining the degrees of freedom to scan over.
  In case of 'xyz' coordination file format, the list
  must contain sublists of atom indices. The length of the
  sublist defines the type 'bond', 'angle', 'dihedral'.
  To match the parameter value, only the respectively last
  atom in the list is moved.
    Example:
      scan_dofs = [
          [0, 1],        # <- Bond between atom 0 and 1
          [1, 0, 2],     # <- Angle between atoms 1<-0->2
          [2, 0, 1, 3]   # <- Dihedral angle
      ]
  In case of 'zmat' coordination file format, the list
  must contain sublists of the respective variable label
  in the zmat file and the type definition.
    Example:
      Z-matrix file:
        O
        O 1 dOO
        H 1 dHO1 2 aHOO1
        H 2 dHO2 1 aHOO2 3 dihHOOH

        dOO     = 1.2
        dHO1    = 1.0
        dHO2    = 1.0
        aHOO1   = 60.0
        aHOO2   = 60.0
        dihHOOH = 180.0
      ----
      scan_dofs = [
          ['dOO', 'bond'],
          ['aHOO1', 'angle'],
          ['dihHOOH', 'dihdral'],
      ]
  If scan_dofs is not defined or as None, only the system
  conformation in the coordinate file is evaluated.
Your input:  [[0, 1], [0, 2], [1, 0, 2]]

scan_steps
------------
type(list), optional: default 'None'
  List defining the grid steps for the degrees of freedom
  defined in 'scan_dofs'. Bonds are given in Angstrom and
  angular parameter in degree.
    Example (see example coordinates in 'scan_dofs'):
      scan_steps = [
          [0.9, 1.0, 1.1],    # <- Bond distances
          [50, 60, 70, 80],   # <- Angles
          [0., 90., 180.]     # <- Dihedral angles
      ]
  If scan_steps is not defined or as None, only the system
  conformation in the coordinate file is evaluated.
Your input:  [[0.909, 0.959, 1.009], [0.909, 0.959, 1.009], array([ 84.45,  86.45,  88.45,  90.45,  92.45,  94.45,  96.45,  98.45,
       100.45, 102.45, 104.45, 106.45, 108.45, 110.45, 112.45, 114.45,
       116.45, 118.45, 120.45, 122.45])]

scan_constrained_opt
----------------------
type(bool), optional: default 'False'
  Whether if perform constrained optimization for each
  grid point in the scan or just single point.
Your input:  False

scan_write_esp_cube
---------------------
type(bool), optional: default 'True'
  Write a cube file with the electrostatic potential.

scan_write_dens_cube
----------------------
type(bool), optional: default 'True'
  Write a cube file with the electron density.

scan_qm_program
-----------------
type(str), optional: default 'Gaussian'
  QM calculation program for evaluating potential,
  electron density and ESP.
Your input:  Gaussian

scan_qm_method
----------------
type(str), optional: default 'HF'
  QM method, see documentation for available methods with
  the respective QM program.
Your input:  PBE1PBE

scan_qm_basis_set
-------------------
type(str), optional: default 'cc-pVDZ'
  QM atom centred basis set, see documentation for
  available basis set in the respective QM program.
Your input:  aug-cc-pVDZ

scan_parallel_tasks
---------------------
type(int), optional: default '1'
  Number of parallel QM calculations on your machine.
Your input:  10

scan_cpus_per_task
--------------------
type(int), optional: default '1'
  Number of available CPUs per task.
Your input:  4

scan_memory_per_task
----------------------
type(int), optional: default '1000'
  Amount of requested memory per single CPU in MB.
  In general, declared memory available in the QM programm
  is usually just 90% of the total memory declared in the
  bash script file.
Your input:  1600

scan_overwrite
----------------
type(bool), optional: default 'False'
  Whether to recompute the system at grid points even if 
  all output files are given and viable (successful run).
Your input:  False

scan_time_check_tasks
-----------------------
type(int), optional: default '60'
  Time delay in seconds to check the status of the tasks
  and submit next ones.
Your input:  10

2.507755243074539
2.507755243074539
[2.90833482 2.71318067 2.51680198 2.31966082 2.12210794 1.9250782
 1.72924442 1.53594978 1.3465526  1.16419601 0.99303562 0.84043255
 0.71936377 0.64715406 0.64096958 0.70323299 0.81516956 0.96069782
 1.12344695 1.29762671 3.5072555  3.30628204 3.10384262 2.90093321
 2.69747102 2.49395714 2.290872   2.0896552  1.89114695 1.69639687
 1.50844803 1.32929502 1.1643599  1.02326177 0.91495027 0.85094215
 0.84048921 0.89035771 0.98245487 1.11294459 4.1452366  3.94060814
 3.73489668 3.52816796 3.32076916 3.11383445 2.90809839 2.70332213
 2.50097646 2.30133637 2.10636835 1.91884454 1.74119445 1.57595329
 1.4283402  1.30756443 1.21546749 1.1660965  1.16042419 1.19873164
 3.47562131 3.27562766 3.07485989 2.87358613 2.67233393 2.47097845
 2.27105403 2.07294005 1.87801775 1.68823982 1.50557183 1.33454799
 1.18008215 1.04928385 0.95240939 0.9023326  0.90272291 0.95658457
 1.05121315 1.18059414 4.01801258 3.80903361 3.59822564 3.38649349
 3.17359049 2.96001915 2.74657709 2.53344074 2.32131906 2.11092427
 1.90377171 1.70156388 1.50711392 1.32483794 1.16009192 1.02088215
 0.91943413 0.86916278 0.87987655 0.94509673 4.61109979 4.39566656
 4.17789458 3.95935491 3.74061948 3.52091365 3.3010571  3.08015251
 2.85939985 2.64103919 2.42332224 2.20937509 2.00090421 1.799187
 1.60720248 1.4308104  1.27518574 1.14884915 1.0632991  1.02737685
 4.09211849 3.88982294 3.68720799 3.48444718 3.28155482 3.07817869
 2.87735469 2.67808729 2.48179028 2.28980022 2.10401702 1.9262193
 1.75941917 1.60863988 1.47761552 1.37366484 1.30118005 1.26847287
 1.27590523 1.32223254 4.58717618 4.37311314 4.15844342 3.94086449
 3.72388183 3.5061088  3.28693765 3.07002128 2.85204108 2.6357128
 2.42245609 2.21284497 2.00930379 1.8134381  1.62949601 1.46140224
 1.31676696 1.20140777 1.12515643 1.09836405 5.13768191 4.91467389
 4.68983656 4.46625015 4.23951588 4.01185264 3.78321974 3.55405704
 3.32434812 3.09460929 2.86694687 2.64036041 2.41651278 2.19840662
 1.98650392 1.78258675 1.5925779  1.42073274 1.27553584 1.16357805]
0 (0.909, 0.909, 84.45) 2.9083348248145335
1 (0.909, 0.909, 86.45) 2.7131806689942692
2 (0.909, 0.909, 88.45) 2.5168019755506017
3 (0.909, 0.909, 90.45) 2.319660818097896
4 (0.909, 0.909, 92.45) 2.1221079401526493
5 (0.909, 0.909, 94.45) 1.9250782029620228
6 (0.909, 0.909, 96.45) 1.7292444242288918
7 (0.909, 0.909, 98.45) 1.5359497770660206
8 (0.909, 0.909, 100.45) 1.3465525952420978
9 (0.909, 0.909, 102.45) 1.1641960138193617
10 (0.909, 0.909, 104.45) 0.9930356227128113
11 (0.909, 0.909, 106.45) 0.8404325536978131
12 (0.909, 0.909, 108.45) 0.7193637672562929
13 (0.909, 0.909, 110.45) 0.6471540550251211
14 (0.909, 0.909, 112.45) 0.6409695769459796
15 (0.909, 0.909, 114.45) 0.7032329911624517
16 (0.909, 0.909, 116.45) 0.8151695616230736
17 (0.909, 0.909, 118.45) 0.9606978233741225
18 (0.909, 0.909, 120.45) 1.1234469467489483
19 (0.909, 0.909, 122.45) 1.2976267146807523
20 (0.909, 0.959, 84.45) 3.5072554975635413
21 (0.909, 0.959, 86.45) 3.306282043946618
22 (0.909, 0.959, 88.45) 3.1038426206753575
23 (0.909, 0.959, 90.45) 2.900933209029085
24 (0.909, 0.959, 92.45) 2.6974710200082823
25 (0.909, 0.959, 94.45) 2.493957143213355
26 (0.909, 0.959, 96.45) 2.2908720026529314
27 (0.909, 0.959, 98.45) 2.0896552039771725
28 (0.909, 0.959, 100.45) 1.8911469519114685
29 (0.909, 0.959, 102.45) 1.696396869280268
30 (0.909, 0.959, 104.45) 1.5084480282566946
31 (0.909, 0.959, 106.45) 1.3292950153804177
32 (0.909, 0.959, 108.45) 1.164359903086191
33 (0.909, 0.959, 110.45) 1.0232617695657857
34 (0.909, 0.959, 112.45) 0.9149502721267234
35 (0.909, 0.959, 114.45) 0.8509421530088206
36 (0.909, 0.959, 116.45) 0.8404892134249579
37 (0.909, 0.959, 118.45) 0.8903577122528379
38 (0.909, 0.959, 120.45) 0.9824548702197484
39 (0.909, 0.959, 122.45) 1.1129445943860317
40 (0.909, 1.009, 84.45) 4.145236603604283
41 (0.909, 1.009, 86.45) 3.9406081437641487
42 (0.909, 1.009, 88.45) 3.734896684865423
43 (0.909, 1.009, 90.45) 3.528167957704648
44 (0.909, 1.009, 92.45) 3.3207691645980497
45 (0.909, 1.009, 94.45) 3.113834451694559
46 (0.909, 1.009, 96.45) 2.908098389801695
47 (0.909, 1.009, 98.45) 2.7033221277072843
48 (0.909, 1.009, 100.45) 2.500976461428651
49 (0.909, 1.009, 102.45) 2.3013363724670883
50 (0.909, 1.009, 104.45) 2.106368350133167
51 (0.909, 1.009, 106.45) 1.9188445405180699
52 (0.909, 1.009, 108.45) 1.7411944474251846
53 (0.909, 1.009, 110.45) 1.5759532928036946
54 (0.909, 1.009, 112.45) 1.428340198026358
55 (0.909, 1.009, 114.45) 1.3075644290710169
56 (0.909, 1.009, 116.45) 1.2154674901601854
57 (0.909, 1.009, 118.45) 1.1660965036326256
58 (0.909, 1.009, 120.45) 1.1604241924409269
59 (0.909, 1.009, 122.45) 1.198731636723606
60 (0.959, 0.909, 84.45) 3.4756213130374647
61 (0.959, 0.909, 86.45) 3.2756276586314574
62 (0.959, 0.909, 88.45) 3.0748598909123066
63 (0.959, 0.909, 90.45) 2.873586128062263
64 (0.959, 0.909, 92.45) 2.6723339319662185
65 (0.959, 0.909, 94.45) 2.4709784480983106
66 (0.959, 0.909, 96.45) 2.271054030652282
67 (0.959, 0.909, 98.45) 2.0729400482897558
68 (0.959, 0.909, 100.45) 1.878017753674563
69 (0.959, 0.909, 102.45) 1.6882398150687754
70 (0.959, 0.909, 104.45) 1.5055718268458447
71 (0.959, 0.909, 106.45) 1.3345479923920505
72 (0.959, 0.909, 108.45) 1.1800821482201138
73 (0.959, 0.909, 110.45) 1.0492838480065667
74 (0.959, 0.909, 112.45) 0.9524093906788682
75 (0.959, 0.909, 114.45) 0.902332603939209
76 (0.959, 0.909, 116.45) 0.9027229144286266
77 (0.959, 0.909, 118.45) 0.9565845710103659
78 (0.959, 0.909, 120.45) 1.0512131486489615
79 (0.959, 0.909, 122.45) 1.1805941393115233
80 (0.959, 0.959, 84.45) 4.018012583968403
81 (0.959, 0.959, 86.45) 3.8090336108749794
82 (0.959, 0.959, 88.45) 3.598225642697129
83 (0.959, 0.959, 90.45) 3.3864934919876424
84 (0.959, 0.959, 92.45) 3.1735904862954842
85 (0.959, 0.959, 94.45) 2.9600191500373074
86 (0.959, 0.959, 96.45) 2.746577089864308
87 (0.959, 0.959, 98.45) 2.533440737640098
88 (0.959, 0.959, 100.45) 2.321319060853306
89 (0.959, 0.959, 102.45) 2.110924271523692
90 (0.959, 0.959, 104.45) 1.9037717073134772
91 (0.959, 0.959, 106.45) 1.7015638815555096
92 (0.959, 0.959, 108.45) 1.5071139174804102
93 (0.959, 0.959, 110.45) 1.324837937666386
94 (0.959, 0.959, 112.45) 1.1600919157066387
95 (0.959, 0.959, 114.45) 1.0208821467851878
96 (0.959, 0.959, 116.45) 0.9194341339203768
97 (0.959, 0.959, 118.45) 0.869162783272371
98 (0.959, 0.959, 120.45) 0.8798765534041111
99 (0.959, 0.959, 122.45) 0.9450967337308418
100 (0.959, 1.009, 84.45) 4.611099789507676
101 (0.959, 1.009, 86.45) 4.39566656462272
102 (0.959, 1.009, 88.45) 4.177894581441306
103 (0.959, 1.009, 90.45) 3.9593549079715404
104 (0.959, 1.009, 92.45) 3.74061948203977
105 (0.959, 1.009, 94.45) 3.5209136532528293
106 (0.959, 1.009, 96.45) 3.3010571044621306
107 (0.959, 1.009, 98.45) 3.0801525119298256
108 (0.959, 1.009, 100.45) 2.8593998527196463
109 (0.959, 1.009, 102.45) 2.6410391925451817
110 (0.959, 1.009, 104.45) 2.42332224485719
111 (0.959, 1.009, 106.45) 2.2093750935837764
112 (0.959, 1.009, 108.45) 2.0009042096458165
113 (0.959, 1.009, 110.45) 1.7991869983933118
114 (0.959, 1.009, 112.45) 1.6072024788227441
115 (0.959, 1.009, 114.45) 1.4308104011777105
116 (0.959, 1.009, 116.45) 1.2751857378787628
117 (0.959, 1.009, 118.45) 1.1488491469776003
118 (0.959, 1.009, 120.45) 1.0632991016009274
119 (0.959, 1.009, 122.45) 1.0273768453298318
120 (1.009, 0.909, 84.45) 4.092118485223361
121 (1.009, 0.909, 86.45) 3.8898229412305407
122 (1.009, 0.909, 88.45) 3.687207986981013
123 (1.009, 0.909, 90.45) 3.4844471768206815
124 (1.009, 0.909, 92.45) 3.2815548174771427
125 (1.009, 0.909, 94.45) 3.078178692022579
126 (1.009, 0.909, 96.45) 2.8773546883690386
127 (1.009, 0.909, 98.45) 2.678087291828183
128 (1.009, 0.909, 100.45) 2.481790280469637
129 (1.009, 0.909, 102.45) 2.2898002230921684
130 (1.009, 0.909, 104.45) 2.104017017568793
131 (1.009, 0.909, 106.45) 1.9262193011669804
132 (1.009, 0.909, 108.45) 1.7594191731689675
133 (1.009, 0.909, 110.45) 1.6086398798028452
134 (1.009, 0.909, 112.45) 1.4776155222127136
135 (1.009, 0.909, 114.45) 1.3736648371209585
136 (1.009, 0.909, 116.45) 1.3011800528583737
137 (1.009, 0.909, 118.45) 1.2684728699976457
138 (1.009, 0.909, 120.45) 1.2759052338143657
139 (1.009, 0.909, 122.45) 1.322232540432847
140 (1.009, 0.959, 84.45) 4.587176176056731
141 (1.009, 0.959, 86.45) 4.373113143427356
142 (1.009, 0.959, 88.45) 4.15844341729611
143 (1.009, 0.959, 90.45) 3.9408644898277507
144 (1.009, 0.959, 92.45) 3.7238818312838773
145 (1.009, 0.959, 94.45) 3.5061087982930594
146 (1.009, 0.959, 96.45) 3.2869376480294643
147 (1.009, 0.959, 98.45) 3.070021284749493
148 (1.009, 0.959, 100.45) 2.852041082636953
149 (1.009, 0.959, 102.45) 2.6357128000912713
150 (1.009, 0.959, 104.45) 2.4224560881462396
151 (1.009, 0.959, 106.45) 2.2128449659840315
152 (1.009, 0.959, 108.45) 2.009303787937014
153 (1.009, 0.959, 110.45) 1.8134381028981397
154 (1.009, 0.959, 112.45) 1.62949601422276
155 (1.009, 0.959, 114.45) 1.4614022430901936
156 (1.009, 0.959, 116.45) 1.3167669626292196
157 (1.009, 0.959, 118.45) 1.2014077728573676
158 (1.009, 0.959, 120.45) 1.1251564340185036
159 (1.009, 0.959, 122.45) 1.098364045188967
160 (1.009, 1.009, 84.45) 5.137681905952947
161 (1.009, 1.009, 86.45) 4.914673888468044
162 (1.009, 1.009, 88.45) 4.689836556317277
163 (1.009, 1.009, 90.45) 4.466250150229002
164 (1.009, 1.009, 92.45) 4.239515884626061
165 (1.009, 1.009, 94.45) 4.011852643473593
166 (1.009, 1.009, 96.45) 3.7832197446417997
167 (1.009, 1.009, 98.45) 3.554057042854021
168 (1.009, 1.009, 100.45) 3.324348118853004
169 (1.009, 1.009, 102.45) 3.094609293538683
170 (1.009, 1.009, 104.45) 2.866946866338118
171 (1.009, 1.009, 106.45) 2.640360411140604
172 (1.009, 1.009, 108.45) 2.4165127824502335
173 (1.009, 1.009, 110.45) 2.198406624783043
174 (1.009, 1.009, 112.45) 1.9865039178637645
175 (1.009, 1.009, 114.45) 1.7825867530374373
176 (1.009, 1.009, 116.45) 1.5925778968639257
177 (1.009, 1.009, 118.45) 1.4207327414161897
178 (1.009, 1.009, 120.45) 1.2755358433218522
179 (1.009, 1.009, 122.45) 1.163578049157247
Reading 'data/gaussian_92_water_pbe0_dz_esp.cube'... mode     4
Reading 'data/gaussian_93_water_pbe0_dz_esp.cube'... mode     4
Reading 'data/gaussian_94_water_pbe0_dz_esp.cube'... mode     4
Reading 'data/gaussian_95_water_pbe0_dz_esp.cube'... mode     4
Reading 'data/gaussian_96_water_pbe0_dz_esp.cube'... mode     4
Reading 'data/gaussian_97_water_pbe0_dz_esp.cube'... mode     4
Reading 'data/gaussian_98_water_pbe0_dz_esp.cube'... mode     4
Reading 'data/gaussian_99_water_pbe0_dz_esp.cube'... mode     4
Reading 'data/gaussian_100_water_pbe0_dz_esp.cube'... mode     4
Reading 'data/gaussian_101_water_pbe0_dz_esp.cube'... mode     4
Reading 'data/gaussian_102_water_pbe0_dz_esp.cube'... mode     4
Reading 'data/gaussian_103_water_pbe0_dz_esp.cube'... mode     4
Reading 'data/gaussian_104_water_pbe0_dz_esp.cube'... mode     4
Reading 'data/gaussian_105_water_pbe0_dz_esp.cube'... mode     4
Reading 'data/gaussian_106_water_pbe0_dz_esp.cube'... mode     4
Reading 'data/gaussian_107_water_pbe0_dz_esp.cube'... mode     4
Reading 'data/gaussian_108_water_pbe0_dz_esp.cube'... mode     4
Reading 'data/gaussian_109_water_pbe0_dz_esp.cube'... mode     4
Reading 'data/gaussian_110_water_pbe0_dz_esp.cube'... mode     4
Reading 'data/gaussian_111_water_pbe0_dz_esp.cube'... mode     4
Reading 'data/gaussian_112_water_pbe0_dz_esp.cube'... mode     4
Reading 'data/gaussian_113_water_pbe0_dz_esp.cube'... mode     4
Reading 'data/gaussian_114_water_pbe0_dz_esp.cube'... mode     4
Reading 'data/gaussian_115_water_pbe0_dz_esp.cube'... mode     4
Reading 'data/gaussian_116_water_pbe0_dz_esp.cube'... mode     4
Reading 'data/gaussian_117_water_pbe0_dz_esp.cube'... mode     4
Reading 'data/gaussian_118_water_pbe0_dz_esp.cube'... mode     4
Reading 'data/gaussian_119_water_pbe0_dz_esp.cube'... mode     4
Reading 'data/gaussian_120_water_pbe0_dz_esp.cube'... mode     4
Reading 'data/gaussian_121_water_pbe0_dz_esp.cube'... mode     4
Reading 'data/gaussian_122_water_pbe0_dz_esp.cube'... mode     4
Reading 'data/gaussian_123_water_pbe0_dz_esp.cube'... mode     4
Reading 'data/gaussian_124_water_pbe0_dz_esp.cube'... mode     4
Reading 'data/gaussian_125_water_pbe0_dz_esp.cube'... mode     4
Reading 'data/gaussian_126_water_pbe0_dz_esp.cube'... mode     4
Reading 'data/gaussian_127_water_pbe0_dz_esp.cube'... mode     4
Reading 'data/gaussian_128_water_pbe0_dz_esp.cube'... mode     4
Reading 'data/gaussian_129_water_pbe0_dz_esp.cube'... mode     4
Reading 'data/gaussian_130_water_pbe0_dz_esp.cube'... mode     4
Reading 'data/gaussian_131_water_pbe0_dz_esp.cube'... mode     4
Reading 'data/gaussian_132_water_pbe0_dz_esp.cube'... mode     4
Reading 'data/gaussian_133_water_pbe0_dz_esp.cube'... mode     4
Reading 'data/gaussian_134_water_pbe0_dz_esp.cube'... mode     4
Reading 'data/gaussian_135_water_pbe0_dz_esp.cube'... mode     4
Reading 'data/gaussian_136_water_pbe0_dz_esp.cube'... mode     4
Reading 'data/gaussian_137_water_pbe0_dz_esp.cube'... mode     4
Reading 'data/gaussian_138_water_pbe0_dz_esp.cube'... mode     4
Reading 'data/gaussian_139_water_pbe0_dz_esp.cube'... mode     4
Reading 'data/gaussian_140_water_pbe0_dz_esp.cube'... mode     4
Reading 'data/gaussian_141_water_pbe0_dz_esp.cube'... mode     4
Reading 'data/gaussian_142_water_pbe0_dz_esp.cube'... mode     4
Reading 'data/gaussian_143_water_pbe0_dz_esp.cube'... mode     4
Reading 'data/gaussian_144_water_pbe0_dz_esp.cube'... mode     4
Reading 'data/gaussian_145_water_pbe0_dz_esp.cube'... mode     4
Reading 'data/gaussian_146_water_pbe0_dz_esp.cube'... mode     4
Reading 'data/gaussian_147_water_pbe0_dz_esp.cube'... mode     4
Reading 'data/gaussian_148_water_pbe0_dz_esp.cube'... mode     4
Reading 'data/gaussian_149_water_pbe0_dz_esp.cube'... mode     4
Reading 'data/gaussian_150_water_pbe0_dz_esp.cube'... mode     4
Reading 'data/gaussian_151_water_pbe0_dz_esp.cube'... mode     4
Reading 'data/gaussian_152_water_pbe0_dz_esp.cube'... mode     4
Reading 'data/gaussian_153_water_pbe0_dz_esp.cube'... mode     4
Reading 'data/gaussian_154_water_pbe0_dz_esp.cube'... mode     4
Reading 'data/gaussian_155_water_pbe0_dz_esp.cube'... mode     4
Reading 'data/gaussian_156_water_pbe0_dz_esp.cube'... mode     4
Reading 'data/gaussian_157_water_pbe0_dz_esp.cube'... mode     4
Reading 'data/gaussian_158_water_pbe0_dz_esp.cube'... mode     4
Reading 'data/gaussian_159_water_pbe0_dz_esp.cube'... mode     4
Reading 'data/gaussian_160_water_pbe0_dz_esp.cube'... mode     4
Reading 'data/gaussian_161_water_pbe0_dz_esp.cube'... mode     4
Reading 'data/gaussian_162_water_pbe0_dz_esp.cube'... mode     4
Reading 'data/gaussian_163_water_pbe0_dz_esp.cube'... mode     4
Reading 'data/gaussian_164_water_pbe0_dz_esp.cube'... mode     4
Reading 'data/gaussian_165_water_pbe0_dz_esp.cube'... mode     4
Reading 'data/gaussian_166_water_pbe0_dz_esp.cube'... mode     4
Reading 'data/gaussian_167_water_pbe0_dz_esp.cube'... mode     4
Reading 'data/gaussian_168_water_pbe0_dz_esp.cube'... mode     4
Reading 'data/gaussian_169_water_pbe0_dz_esp.cube'... mode     4
Reading 'data/gaussian_170_water_pbe0_dz_esp.cube'... mode     4
Reading 'data/gaussian_171_water_pbe0_dz_esp.cube'... mode     4
Reading 'data/gaussian_172_water_pbe0_dz_esp.cube'... mode     4
Reading 'data/gaussian_173_water_pbe0_dz_esp.cube'... mode     4
Reading 'data/gaussian_174_water_pbe0_dz_esp.cube'... mode     4
Reading 'data/gaussian_175_water_pbe0_dz_esp.cube'... mode     4
Reading 'data/gaussian_176_water_pbe0_dz_esp.cube'... mode     4
Reading 'data/gaussian_177_water_pbe0_dz_esp.cube'... mode     4
Reading 'data/gaussian_178_water_pbe0_dz_esp.cube'... mode     4
Reading 'data/gaussian_179_water_pbe0_dz_esp.cube'... mode     4
